[2022-01-03 12:31:44,440] {taskinstance.py:1035} INFO - Dependencies all met for <TaskInstance: example_branch_dop_operator_v3.condition scheduled__2022-01-03T12:30:00+00:00 [queued]>
[2022-01-03 12:31:44,529] {taskinstance.py:1035} INFO - Dependencies all met for <TaskInstance: example_branch_dop_operator_v3.condition scheduled__2022-01-03T12:30:00+00:00 [queued]>
[2022-01-03 12:31:44,529] {taskinstance.py:1241} INFO - 
--------------------------------------------------------------------------------
[2022-01-03 12:31:44,530] {taskinstance.py:1242} INFO - Starting attempt 1 of 1
[2022-01-03 12:31:44,530] {taskinstance.py:1243} INFO - 
--------------------------------------------------------------------------------
[2022-01-03 12:31:44,632] {taskinstance.py:1262} INFO - Executing <Task(BranchPythonOperator): condition> on 2022-01-03 12:30:00+00:00
[2022-01-03 12:31:44,650] {standard_task_runner.py:52} INFO - Started process 244 to run task
[2022-01-03 12:31:44,711] {standard_task_runner.py:76} INFO - Running: ['***', 'tasks', 'run', 'example_branch_dop_operator_v3', 'condition', 'scheduled__2022-01-03T12:30:00+00:00', '--job-id', '9', '--raw', '--subdir', '/home/***/.local/lib/python3.7/site-packages/***/example_dags/example_branch_python_dop_operator_3.py', '--cfg-path', '/tmp/tmpov2cxwwb', '--error-file', '/tmp/tmphzmt263c']
[2022-01-03 12:31:44,711] {standard_task_runner.py:77} INFO - Job 9: Subtask condition
[2022-01-03 12:31:45,087] {logging_mixin.py:109} INFO - Running <TaskInstance: example_branch_dop_operator_v3.condition scheduled__2022-01-03T12:30:00+00:00 [running]> on host f0e2f0048c5a
[2022-01-03 12:31:45,327] {taskinstance.py:1429} INFO - Exporting the following env vars:
AIRFLOW_CTX_DAG_OWNER=***
AIRFLOW_CTX_DAG_ID=example_branch_dop_operator_v3
AIRFLOW_CTX_TASK_ID=condition
AIRFLOW_CTX_EXECUTION_DATE=2022-01-03T12:30:00+00:00
AIRFLOW_CTX_DAG_RUN_ID=scheduled__2022-01-03T12:30:00+00:00
[2022-01-03 12:31:45,331] {warnings.py:110} WARNING - /home/***/.local/lib/python3.7/site-packages/***/models/taskinstance.py:1941: DeprecationWarning: Accessing 'execution_date' from the template is deprecated and will be removed in a future version. Please use 'logical_date' or 'data_interval_start' instead.
  warnings.warn(message, DeprecationWarning)

[2022-01-03 12:31:45,331] {logging_mixin.py:109} INFO - ------------- exec dttm = 2022-01-03T12:30:00+00:00 and minute = 30
[2022-01-03 12:31:45,331] {python.py:152} INFO - Done. Returned value was: dummy_task_1
[2022-01-03 12:31:45,331] {skipmixin.py:143} INFO - Following branch dummy_task_1
[2022-01-03 12:31:45,332] {skipmixin.py:174} INFO - Skipping tasks ['dummy_task_2']
[2022-01-03 12:31:45,531] {taskinstance.py:1280} INFO - Marking task as SUCCESS. dag_id=example_branch_dop_operator_v3, task_id=condition, execution_date=20220103T123000, start_date=20220103T123144, end_date=20220103T123145
[2022-01-03 12:31:45,688] {local_task_job.py:154} INFO - Task exited with return code 0
[2022-01-03 12:31:45,950] {local_task_job.py:264} INFO - 0 downstream tasks scheduled from follow-on schedule check
