[2022-01-03 12:31:39,985] {taskinstance.py:1035} INFO - Dependencies all met for <TaskInstance: example_branch_datetime_operator_2.datetime_branch scheduled__2022-01-02T00:00:00+00:00 [queued]>
[2022-01-03 12:31:40,190] {taskinstance.py:1035} INFO - Dependencies all met for <TaskInstance: example_branch_datetime_operator_2.datetime_branch scheduled__2022-01-02T00:00:00+00:00 [queued]>
[2022-01-03 12:31:40,190] {taskinstance.py:1241} INFO - 
--------------------------------------------------------------------------------
[2022-01-03 12:31:40,190] {taskinstance.py:1242} INFO - Starting attempt 1 of 1
[2022-01-03 12:31:40,191] {taskinstance.py:1243} INFO - 
--------------------------------------------------------------------------------
[2022-01-03 12:31:40,522] {taskinstance.py:1262} INFO - Executing <Task(BranchDateTimeOperator): datetime_branch> on 2022-01-02 00:00:00+00:00
[2022-01-03 12:31:40,596] {standard_task_runner.py:52} INFO - Started process 230 to run task
[2022-01-03 12:31:40,625] {standard_task_runner.py:76} INFO - Running: ['***', 'tasks', 'run', 'example_branch_datetime_operator_2', 'datetime_branch', 'scheduled__2022-01-02T00:00:00+00:00', '--job-id', '3', '--raw', '--subdir', '/home/***/.local/lib/python3.7/site-packages/***/example_dags/example_branch_datetime_operator.py', '--cfg-path', '/tmp/tmpkfntc1hs', '--error-file', '/tmp/tmpseoaqly_']
[2022-01-03 12:31:40,625] {standard_task_runner.py:77} INFO - Job 3: Subtask datetime_branch
[2022-01-03 12:31:40,859] {logging_mixin.py:109} INFO - Running <TaskInstance: example_branch_datetime_operator_2.datetime_branch scheduled__2022-01-02T00:00:00+00:00 [running]> on host f0e2f0048c5a
[2022-01-03 12:31:41,069] {taskinstance.py:1429} INFO - Exporting the following env vars:
AIRFLOW_CTX_DAG_OWNER=***
AIRFLOW_CTX_DAG_ID=example_branch_datetime_operator_2
AIRFLOW_CTX_TASK_ID=datetime_branch
AIRFLOW_CTX_EXECUTION_DATE=2022-01-02T00:00:00+00:00
AIRFLOW_CTX_DAG_RUN_ID=scheduled__2022-01-02T00:00:00+00:00
[2022-01-03 12:31:41,070] {skipmixin.py:143} INFO - Following branch ['date_outside_range']
[2022-01-03 12:31:41,078] {skipmixin.py:174} INFO - Skipping tasks ['date_in_range']
[2022-01-03 12:31:41,763] {taskinstance.py:1280} INFO - Marking task as SUCCESS. dag_id=example_branch_datetime_operator_2, task_id=datetime_branch, execution_date=20220102T000000, start_date=20220103T123139, end_date=20220103T123141
[2022-01-03 12:31:41,974] {local_task_job.py:154} INFO - Task exited with return code 0
[2022-01-03 12:31:42,094] {local_task_job.py:264} INFO - 1 downstream tasks scheduled from follow-on schedule check
