[2021-12-11 14:31:55,808] {taskinstance.py:1035} INFO - Dependencies all met for <TaskInstance: example_bash_operator.runme_1 manual__2021-12-11T14:31:53.319439+00:00 [queued]>
[2021-12-11 14:31:55,825] {taskinstance.py:1035} INFO - Dependencies all met for <TaskInstance: example_bash_operator.runme_1 manual__2021-12-11T14:31:53.319439+00:00 [queued]>
[2021-12-11 14:31:55,826] {taskinstance.py:1241} INFO - 
--------------------------------------------------------------------------------
[2021-12-11 14:31:55,826] {taskinstance.py:1242} INFO - Starting attempt 1 of 1
[2021-12-11 14:31:55,826] {taskinstance.py:1243} INFO - 
--------------------------------------------------------------------------------
[2021-12-11 14:31:55,870] {taskinstance.py:1262} INFO - Executing <Task(BashOperator): runme_1> on 2021-12-11 14:31:53.319439+00:00
[2021-12-11 14:31:55,878] {standard_task_runner.py:52} INFO - Started process 668 to run task
[2021-12-11 14:31:55,882] {standard_task_runner.py:76} INFO - Running: ['***', 'tasks', 'run', 'example_bash_operator', 'runme_1', 'manual__2021-12-11T14:31:53.319439+00:00', '--job-id', '12', '--raw', '--subdir', '/home/***/.local/lib/python3.7/site-packages/***/example_dags/example_bash_operator.py', '--cfg-path', '/tmp/tmpheqb8g4z', '--error-file', '/tmp/tmp2158bbfb']
[2021-12-11 14:31:55,883] {standard_task_runner.py:77} INFO - Job 12: Subtask runme_1
[2021-12-11 14:31:56,036] {logging_mixin.py:109} INFO - Running <TaskInstance: example_bash_operator.runme_1 manual__2021-12-11T14:31:53.319439+00:00 [running]> on host 89fe04f591d1
[2021-12-11 14:31:56,149] {taskinstance.py:1429} INFO - Exporting the following env vars:
AIRFLOW_CTX_DAG_OWNER=***
AIRFLOW_CTX_DAG_ID=example_bash_operator
AIRFLOW_CTX_TASK_ID=runme_1
AIRFLOW_CTX_EXECUTION_DATE=2021-12-11T14:31:53.319439+00:00
AIRFLOW_CTX_DAG_RUN_ID=manual__2021-12-11T14:31:53.319439+00:00
[2021-12-11 14:31:56,151] {subprocess.py:62} INFO - Tmp dir root location: 
 /tmp
[2021-12-11 14:31:56,152] {subprocess.py:74} INFO - Running command: ['bash', '-c', 'echo "example_bash_operator__runme_1__20211211" && sleep 1']
[2021-12-11 14:31:56,172] {subprocess.py:85} INFO - Output:
[2021-12-11 14:31:56,173] {subprocess.py:89} INFO - example_bash_operator__runme_1__20211211
[2021-12-11 14:31:57,176] {subprocess.py:93} INFO - Command exited with return code 0
[2021-12-11 14:31:57,211] {taskinstance.py:1280} INFO - Marking task as SUCCESS. dag_id=example_bash_operator, task_id=runme_1, execution_date=20211211T143153, start_date=20211211T143155, end_date=20211211T143157
[2021-12-11 14:31:57,246] {local_task_job.py:154} INFO - Task exited with return code 0
[2021-12-11 14:31:57,294] {local_task_job.py:264} INFO - 0 downstream tasks scheduled from follow-on schedule check
