[2022-01-03 12:31:44,495] {taskinstance.py:1035} INFO - Dependencies all met for <TaskInstance: example_branch_operator.branching scheduled__2022-01-02T00:00:00+00:00 [queued]>
[2022-01-03 12:31:44,560] {taskinstance.py:1035} INFO - Dependencies all met for <TaskInstance: example_branch_operator.branching scheduled__2022-01-02T00:00:00+00:00 [queued]>
[2022-01-03 12:31:44,560] {taskinstance.py:1241} INFO - 
--------------------------------------------------------------------------------
[2022-01-03 12:31:44,560] {taskinstance.py:1242} INFO - Starting attempt 1 of 1
[2022-01-03 12:31:44,561] {taskinstance.py:1243} INFO - 
--------------------------------------------------------------------------------
[2022-01-03 12:31:44,617] {taskinstance.py:1262} INFO - Executing <Task(BranchPythonOperator): branching> on 2022-01-02 00:00:00+00:00
[2022-01-03 12:31:44,623] {standard_task_runner.py:52} INFO - Started process 243 to run task
[2022-01-03 12:31:44,656] {standard_task_runner.py:76} INFO - Running: ['***', 'tasks', 'run', 'example_branch_operator', 'branching', 'scheduled__2022-01-02T00:00:00+00:00', '--job-id', '10', '--raw', '--subdir', '/home/***/.local/lib/python3.7/site-packages/***/example_dags/example_branch_operator.py', '--cfg-path', '/tmp/tmpmtl86hnx', '--error-file', '/tmp/tmpui8wm0_d']
[2022-01-03 12:31:44,658] {standard_task_runner.py:77} INFO - Job 10: Subtask branching
[2022-01-03 12:31:44,862] {logging_mixin.py:109} INFO - Running <TaskInstance: example_branch_operator.branching scheduled__2022-01-02T00:00:00+00:00 [running]> on host f0e2f0048c5a
[2022-01-03 12:31:45,315] {taskinstance.py:1429} INFO - Exporting the following env vars:
AIRFLOW_CTX_DAG_OWNER=***
AIRFLOW_CTX_DAG_ID=example_branch_operator
AIRFLOW_CTX_TASK_ID=branching
AIRFLOW_CTX_EXECUTION_DATE=2022-01-02T00:00:00+00:00
AIRFLOW_CTX_DAG_RUN_ID=scheduled__2022-01-02T00:00:00+00:00
[2022-01-03 12:31:45,316] {python.py:152} INFO - Done. Returned value was: branch_c
[2022-01-03 12:31:45,316] {skipmixin.py:143} INFO - Following branch branch_c
[2022-01-03 12:31:45,317] {skipmixin.py:174} INFO - Skipping tasks ['branch_d', 'branch_b', 'branch_a']
[2022-01-03 12:31:45,477] {taskinstance.py:1280} INFO - Marking task as SUCCESS. dag_id=example_branch_operator, task_id=branching, execution_date=20220102T000000, start_date=20220103T123144, end_date=20220103T123145
[2022-01-03 12:31:45,631] {local_task_job.py:154} INFO - Task exited with return code 0
[2022-01-03 12:31:46,051] {local_task_job.py:264} INFO - 1 downstream tasks scheduled from follow-on schedule check
