[2021-12-12 00:00:01,245] {taskinstance.py:1035} INFO - Dependencies all met for <TaskInstance: example_bash_operator.runme_0 scheduled__2021-12-11T00:00:00+00:00 [queued]>
[2021-12-12 00:00:01,254] {taskinstance.py:1035} INFO - Dependencies all met for <TaskInstance: example_bash_operator.runme_0 scheduled__2021-12-11T00:00:00+00:00 [queued]>
[2021-12-12 00:00:01,254] {taskinstance.py:1241} INFO - 
--------------------------------------------------------------------------------
[2021-12-12 00:00:01,255] {taskinstance.py:1242} INFO - Starting attempt 1 of 1
[2021-12-12 00:00:01,255] {taskinstance.py:1243} INFO - 
--------------------------------------------------------------------------------
[2021-12-12 00:00:01,264] {taskinstance.py:1262} INFO - Executing <Task(BashOperator): runme_0> on 2021-12-11 00:00:00+00:00
[2021-12-12 00:00:01,268] {standard_task_runner.py:52} INFO - Started process 14163 to run task
[2021-12-12 00:00:01,270] {standard_task_runner.py:76} INFO - Running: ['***', 'tasks', 'run', 'example_bash_operator', 'runme_0', 'scheduled__2021-12-11T00:00:00+00:00', '--job-id', '19', '--raw', '--subdir', '/home/***/.local/lib/python3.7/site-packages/***/example_dags/example_bash_operator.py', '--cfg-path', '/tmp/tmpl5g295az', '--error-file', '/tmp/tmpmi8xxqwb']
[2021-12-12 00:00:01,271] {standard_task_runner.py:77} INFO - Job 19: Subtask runme_0
[2021-12-12 00:00:01,312] {logging_mixin.py:109} INFO - Running <TaskInstance: example_bash_operator.runme_0 scheduled__2021-12-11T00:00:00+00:00 [running]> on host 89fe04f591d1
[2021-12-12 00:00:01,360] {taskinstance.py:1429} INFO - Exporting the following env vars:
AIRFLOW_CTX_DAG_OWNER=***
AIRFLOW_CTX_DAG_ID=example_bash_operator
AIRFLOW_CTX_TASK_ID=runme_0
AIRFLOW_CTX_EXECUTION_DATE=2021-12-11T00:00:00+00:00
AIRFLOW_CTX_DAG_RUN_ID=scheduled__2021-12-11T00:00:00+00:00
[2021-12-12 00:00:01,361] {subprocess.py:62} INFO - Tmp dir root location: 
 /tmp
[2021-12-12 00:00:01,362] {subprocess.py:74} INFO - Running command: ['bash', '-c', 'echo "example_bash_operator__runme_0__20211211" && sleep 1']
[2021-12-12 00:00:01,383] {subprocess.py:85} INFO - Output:
[2021-12-12 00:00:01,386] {subprocess.py:89} INFO - example_bash_operator__runme_0__20211211
[2021-12-12 00:00:02,387] {subprocess.py:93} INFO - Command exited with return code 0
[2021-12-12 00:00:02,406] {taskinstance.py:1280} INFO - Marking task as SUCCESS. dag_id=example_bash_operator, task_id=runme_0, execution_date=20211211T000000, start_date=20211212T000001, end_date=20211212T000002
[2021-12-12 00:00:02,445] {local_task_job.py:154} INFO - Task exited with return code 0
[2021-12-12 00:00:02,493] {local_task_job.py:264} INFO - 0 downstream tasks scheduled from follow-on schedule check
