[2021-12-11 14:31:57,742] {taskinstance.py:1035} INFO - Dependencies all met for <TaskInstance: example_bash_operator.run_after_loop scheduled__2021-12-10T00:00:00+00:00 [queued]>
[2021-12-11 14:31:57,754] {taskinstance.py:1035} INFO - Dependencies all met for <TaskInstance: example_bash_operator.run_after_loop scheduled__2021-12-10T00:00:00+00:00 [queued]>
[2021-12-11 14:31:57,754] {taskinstance.py:1241} INFO - 
--------------------------------------------------------------------------------
[2021-12-11 14:31:57,754] {taskinstance.py:1242} INFO - Starting attempt 1 of 1
[2021-12-11 14:31:57,754] {taskinstance.py:1243} INFO - 
--------------------------------------------------------------------------------
[2021-12-11 14:31:57,766] {taskinstance.py:1262} INFO - Executing <Task(BashOperator): run_after_loop> on 2021-12-10 00:00:00+00:00
[2021-12-11 14:31:57,770] {standard_task_runner.py:52} INFO - Started process 682 to run task
[2021-12-11 14:31:57,773] {standard_task_runner.py:76} INFO - Running: ['***', 'tasks', 'run', 'example_bash_operator', 'run_after_loop', 'scheduled__2021-12-10T00:00:00+00:00', '--job-id', '13', '--raw', '--subdir', '/home/***/.local/lib/python3.7/site-packages/***/example_dags/example_bash_operator.py', '--cfg-path', '/tmp/tmpt4kmy6ht', '--error-file', '/tmp/tmpma48gf21']
[2021-12-11 14:31:57,773] {standard_task_runner.py:77} INFO - Job 13: Subtask run_after_loop
[2021-12-11 14:31:57,812] {logging_mixin.py:109} INFO - Running <TaskInstance: example_bash_operator.run_after_loop scheduled__2021-12-10T00:00:00+00:00 [running]> on host 89fe04f591d1
[2021-12-11 14:31:57,864] {taskinstance.py:1429} INFO - Exporting the following env vars:
AIRFLOW_CTX_DAG_OWNER=***
AIRFLOW_CTX_DAG_ID=example_bash_operator
AIRFLOW_CTX_TASK_ID=run_after_loop
AIRFLOW_CTX_EXECUTION_DATE=2021-12-10T00:00:00+00:00
AIRFLOW_CTX_DAG_RUN_ID=scheduled__2021-12-10T00:00:00+00:00
[2021-12-11 14:31:57,865] {subprocess.py:62} INFO - Tmp dir root location: 
 /tmp
[2021-12-11 14:31:57,866] {subprocess.py:74} INFO - Running command: ['bash', '-c', 'echo 1']
[2021-12-11 14:31:57,876] {subprocess.py:85} INFO - Output:
[2021-12-11 14:31:57,877] {subprocess.py:89} INFO - 1
[2021-12-11 14:31:57,878] {subprocess.py:93} INFO - Command exited with return code 0
[2021-12-11 14:31:57,904] {taskinstance.py:1280} INFO - Marking task as SUCCESS. dag_id=example_bash_operator, task_id=run_after_loop, execution_date=20211210T000000, start_date=20211211T143157, end_date=20211211T143157
[2021-12-11 14:31:57,945] {local_task_job.py:154} INFO - Task exited with return code 0
[2021-12-11 14:31:57,974] {local_task_job.py:264} INFO - 0 downstream tasks scheduled from follow-on schedule check
