[2022-01-03 12:31:43,276] {taskinstance.py:1035} INFO - Dependencies all met for <TaskInstance: example_bash_operator.this_will_skip scheduled__2022-01-02T00:00:00+00:00 [queued]>
[2022-01-03 12:31:43,414] {taskinstance.py:1035} INFO - Dependencies all met for <TaskInstance: example_bash_operator.this_will_skip scheduled__2022-01-02T00:00:00+00:00 [queued]>
[2022-01-03 12:31:43,414] {taskinstance.py:1241} INFO - 
--------------------------------------------------------------------------------
[2022-01-03 12:31:43,415] {taskinstance.py:1242} INFO - Starting attempt 1 of 1
[2022-01-03 12:31:43,415] {taskinstance.py:1243} INFO - 
--------------------------------------------------------------------------------
[2022-01-03 12:31:43,518] {taskinstance.py:1262} INFO - Executing <Task(BashOperator): this_will_skip> on 2022-01-02 00:00:00+00:00
[2022-01-03 12:31:43,530] {standard_task_runner.py:52} INFO - Started process 238 to run task
[2022-01-03 12:31:43,598] {standard_task_runner.py:76} INFO - Running: ['***', 'tasks', 'run', 'example_bash_operator', 'this_will_skip', 'scheduled__2022-01-02T00:00:00+00:00', '--job-id', '7', '--raw', '--subdir', '/home/***/.local/lib/python3.7/site-packages/***/example_dags/example_bash_operator.py', '--cfg-path', '/tmp/tmpd0wguduk', '--error-file', '/tmp/tmpu9xqd233']
[2022-01-03 12:31:43,599] {standard_task_runner.py:77} INFO - Job 7: Subtask this_will_skip
[2022-01-03 12:31:43,812] {logging_mixin.py:109} INFO - Running <TaskInstance: example_bash_operator.this_will_skip scheduled__2022-01-02T00:00:00+00:00 [running]> on host f0e2f0048c5a
[2022-01-03 12:31:44,049] {taskinstance.py:1429} INFO - Exporting the following env vars:
AIRFLOW_CTX_DAG_OWNER=***
AIRFLOW_CTX_DAG_ID=example_bash_operator
AIRFLOW_CTX_TASK_ID=this_will_skip
AIRFLOW_CTX_EXECUTION_DATE=2022-01-02T00:00:00+00:00
AIRFLOW_CTX_DAG_RUN_ID=scheduled__2022-01-02T00:00:00+00:00
[2022-01-03 12:31:44,050] {subprocess.py:62} INFO - Tmp dir root location: 
 /tmp
[2022-01-03 12:31:44,051] {subprocess.py:74} INFO - Running command: ['bash', '-c', 'echo "hello world"; exit 99;']
[2022-01-03 12:31:44,082] {subprocess.py:85} INFO - Output:
[2022-01-03 12:31:44,092] {subprocess.py:89} INFO - hello world
[2022-01-03 12:31:44,093] {subprocess.py:93} INFO - Command exited with return code 99
[2022-01-03 12:31:44,094] {taskinstance.py:1359} INFO - Bash command returned exit code 99. Skipping.
[2022-01-03 12:31:44,130] {taskinstance.py:1280} INFO - Marking task as SKIPPED. dag_id=example_bash_operator, task_id=this_will_skip, execution_date=20220102T000000, start_date=20220103T123143, end_date=20220103T123144
[2022-01-03 12:31:44,300] {local_task_job.py:154} INFO - Task exited with return code 0
[2022-01-03 12:31:44,403] {local_task_job.py:264} INFO - 0 downstream tasks scheduled from follow-on schedule check
