[2022-01-03 12:31:42,910] {taskinstance.py:1035} INFO - Dependencies all met for <TaskInstance: example_bash_operator.runme_2 scheduled__2022-01-02T00:00:00+00:00 [queued]>
[2022-01-03 12:31:42,936] {taskinstance.py:1035} INFO - Dependencies all met for <TaskInstance: example_bash_operator.runme_2 scheduled__2022-01-02T00:00:00+00:00 [queued]>
[2022-01-03 12:31:42,936] {taskinstance.py:1241} INFO - 
--------------------------------------------------------------------------------
[2022-01-03 12:31:42,936] {taskinstance.py:1242} INFO - Starting attempt 1 of 1
[2022-01-03 12:31:42,937] {taskinstance.py:1243} INFO - 
--------------------------------------------------------------------------------
[2022-01-03 12:31:43,007] {taskinstance.py:1262} INFO - Executing <Task(BashOperator): runme_2> on 2022-01-02 00:00:00+00:00
[2022-01-03 12:31:43,012] {standard_task_runner.py:52} INFO - Started process 235 to run task
[2022-01-03 12:31:43,059] {standard_task_runner.py:76} INFO - Running: ['***', 'tasks', 'run', 'example_bash_operator', 'runme_2', 'scheduled__2022-01-02T00:00:00+00:00', '--job-id', '5', '--raw', '--subdir', '/home/***/.local/lib/python3.7/site-packages/***/example_dags/example_bash_operator.py', '--cfg-path', '/tmp/tmp605qsksi', '--error-file', '/tmp/tmpsfl75cty']
[2022-01-03 12:31:43,063] {standard_task_runner.py:77} INFO - Job 5: Subtask runme_2
[2022-01-03 12:31:43,239] {logging_mixin.py:109} INFO - Running <TaskInstance: example_bash_operator.runme_2 scheduled__2022-01-02T00:00:00+00:00 [running]> on host f0e2f0048c5a
[2022-01-03 12:31:43,477] {taskinstance.py:1429} INFO - Exporting the following env vars:
AIRFLOW_CTX_DAG_OWNER=***
AIRFLOW_CTX_DAG_ID=example_bash_operator
AIRFLOW_CTX_TASK_ID=runme_2
AIRFLOW_CTX_EXECUTION_DATE=2022-01-02T00:00:00+00:00
AIRFLOW_CTX_DAG_RUN_ID=scheduled__2022-01-02T00:00:00+00:00
[2022-01-03 12:31:43,478] {subprocess.py:62} INFO - Tmp dir root location: 
 /tmp
[2022-01-03 12:31:43,478] {subprocess.py:74} INFO - Running command: ['bash', '-c', 'echo "example_bash_operator__runme_2__20220102" && sleep 1']
[2022-01-03 12:31:43,527] {subprocess.py:85} INFO - Output:
[2022-01-03 12:31:43,540] {subprocess.py:89} INFO - example_bash_operator__runme_2__20220102
[2022-01-03 12:31:44,544] {subprocess.py:93} INFO - Command exited with return code 0
[2022-01-03 12:31:44,641] {taskinstance.py:1280} INFO - Marking task as SUCCESS. dag_id=example_bash_operator, task_id=runme_2, execution_date=20220102T000000, start_date=20220103T123142, end_date=20220103T123144
[2022-01-03 12:31:44,704] {local_task_job.py:154} INFO - Task exited with return code 0
[2022-01-03 12:31:44,963] {local_task_job.py:264} INFO - 0 downstream tasks scheduled from follow-on schedule check
