[2022-01-03 12:31:46,956] {taskinstance.py:1035} INFO - Dependencies all met for <TaskInstance: example_bash_operator.run_after_loop scheduled__2022-01-02T00:00:00+00:00 [queued]>
[2022-01-03 12:31:46,990] {taskinstance.py:1035} INFO - Dependencies all met for <TaskInstance: example_bash_operator.run_after_loop scheduled__2022-01-02T00:00:00+00:00 [queued]>
[2022-01-03 12:31:46,990] {taskinstance.py:1241} INFO - 
--------------------------------------------------------------------------------
[2022-01-03 12:31:46,990] {taskinstance.py:1242} INFO - Starting attempt 1 of 1
[2022-01-03 12:31:46,990] {taskinstance.py:1243} INFO - 
--------------------------------------------------------------------------------
[2022-01-03 12:31:47,013] {taskinstance.py:1262} INFO - Executing <Task(BashOperator): run_after_loop> on 2022-01-02 00:00:00+00:00
[2022-01-03 12:31:47,021] {standard_task_runner.py:52} INFO - Started process 246 to run task
[2022-01-03 12:31:47,026] {standard_task_runner.py:76} INFO - Running: ['***', 'tasks', 'run', 'example_bash_operator', 'run_after_loop', 'scheduled__2022-01-02T00:00:00+00:00', '--job-id', '11', '--raw', '--subdir', '/home/***/.local/lib/python3.7/site-packages/***/example_dags/example_bash_operator.py', '--cfg-path', '/tmp/tmpnm4mdc35', '--error-file', '/tmp/tmpt2ax98be']
[2022-01-03 12:31:47,030] {standard_task_runner.py:77} INFO - Job 11: Subtask run_after_loop
[2022-01-03 12:31:47,163] {logging_mixin.py:109} INFO - Running <TaskInstance: example_bash_operator.run_after_loop scheduled__2022-01-02T00:00:00+00:00 [running]> on host f0e2f0048c5a
[2022-01-03 12:31:47,318] {taskinstance.py:1429} INFO - Exporting the following env vars:
AIRFLOW_CTX_DAG_OWNER=***
AIRFLOW_CTX_DAG_ID=example_bash_operator
AIRFLOW_CTX_TASK_ID=run_after_loop
AIRFLOW_CTX_EXECUTION_DATE=2022-01-02T00:00:00+00:00
AIRFLOW_CTX_DAG_RUN_ID=scheduled__2022-01-02T00:00:00+00:00
[2022-01-03 12:31:47,319] {subprocess.py:62} INFO - Tmp dir root location: 
 /tmp
[2022-01-03 12:31:47,320] {subprocess.py:74} INFO - Running command: ['bash', '-c', 'echo 1']
[2022-01-03 12:31:47,335] {subprocess.py:85} INFO - Output:
[2022-01-03 12:31:47,339] {subprocess.py:89} INFO - 1
[2022-01-03 12:31:47,342] {subprocess.py:93} INFO - Command exited with return code 0
[2022-01-03 12:31:47,397] {taskinstance.py:1280} INFO - Marking task as SUCCESS. dag_id=example_bash_operator, task_id=run_after_loop, execution_date=20220102T000000, start_date=20220103T123146, end_date=20220103T123147
[2022-01-03 12:31:47,458] {local_task_job.py:154} INFO - Task exited with return code 0
[2022-01-03 12:31:47,535] {local_task_job.py:264} INFO - 0 downstream tasks scheduled from follow-on schedule check
