[2022-01-03 12:27:58,662] {processor.py:163} INFO - Started process (PID=107) to work on /home/airflow/.local/lib/python3.7/site-packages/airflow/example_dags/example_skip_dag.py
[2022-01-03 12:27:58,664] {processor.py:625} INFO - Processing file /home/airflow/.local/lib/python3.7/site-packages/airflow/example_dags/example_skip_dag.py for tasks to queue
[2022-01-03 12:27:58,665] {logging_mixin.py:109} INFO - [2022-01-03 12:27:58,665] {dagbag.py:500} INFO - Filling up the DagBag from /home/airflow/.local/lib/python3.7/site-packages/airflow/example_dags/example_skip_dag.py
[2022-01-03 12:27:58,734] {processor.py:637} INFO - DAG(s) dict_keys(['example_skip_dag']) retrieved from /home/airflow/.local/lib/python3.7/site-packages/airflow/example_dags/example_skip_dag.py
[2022-01-03 12:28:01,894] {logging_mixin.py:109} INFO - [2022-01-03 12:28:01,894] {providers_manager.py:156} WARNING - Exception when importing 'airflow.providers.google.leveldb.hooks.leveldb.LevelDBHook' from 'apache-airflow-providers-google' package: No module named 'plyvel'
[2022-01-03 12:28:02,836] {logging_mixin.py:109} INFO - [2022-01-03 12:28:02,835] {providers_manager.py:156} WARNING - Exception when importing 'airflow.providers.google.leveldb.hooks.leveldb.LevelDBHook' from 'apache-airflow-providers-google' package: No module named 'plyvel'
[2022-01-03 12:28:02,879] {logging_mixin.py:109} INFO - [2022-01-03 12:28:02,879] {manager.py:496} INFO - Created Permission View: can read on DAG:example_skip_dag
[2022-01-03 12:28:02,903] {logging_mixin.py:109} INFO - [2022-01-03 12:28:02,903] {manager.py:496} INFO - Created Permission View: can edit on DAG:example_skip_dag
[2022-01-03 12:28:02,904] {logging_mixin.py:109} INFO - [2022-01-03 12:28:02,903] {dag.py:2396} INFO - Sync 1 DAGs
[2022-01-03 12:28:02,921] {logging_mixin.py:109} INFO - [2022-01-03 12:28:02,920] {dag.py:2415} INFO - Creating ORM DAG for example_skip_dag
[2022-01-03 12:28:02,941] {logging_mixin.py:109} INFO - [2022-01-03 12:28:02,941] {dag.py:2928} INFO - Setting next_dagrun for example_skip_dag to 2022-01-02T12:28:02.940859+00:00
[2022-01-03 12:28:02,973] {processor.py:171} INFO - Processing /home/airflow/.local/lib/python3.7/site-packages/airflow/example_dags/example_skip_dag.py took 4.315 seconds
[2022-01-03 12:28:59,548] {processor.py:163} INFO - Started process (PID=270) to work on /home/airflow/.local/lib/python3.7/site-packages/airflow/example_dags/example_skip_dag.py
[2022-01-03 12:28:59,550] {processor.py:625} INFO - Processing file /home/airflow/.local/lib/python3.7/site-packages/airflow/example_dags/example_skip_dag.py for tasks to queue
[2022-01-03 12:28:59,550] {logging_mixin.py:109} INFO - [2022-01-03 12:28:59,550] {dagbag.py:500} INFO - Filling up the DagBag from /home/airflow/.local/lib/python3.7/site-packages/airflow/example_dags/example_skip_dag.py
[2022-01-03 12:28:59,617] {processor.py:637} INFO - DAG(s) dict_keys(['example_skip_dag']) retrieved from /home/airflow/.local/lib/python3.7/site-packages/airflow/example_dags/example_skip_dag.py
[2022-01-03 12:28:59,686] {logging_mixin.py:109} INFO - [2022-01-03 12:28:59,686] {dag.py:2396} INFO - Sync 1 DAGs
[2022-01-03 12:28:59,777] {logging_mixin.py:109} INFO - [2022-01-03 12:28:59,777] {dag.py:2928} INFO - Setting next_dagrun for example_skip_dag to 2022-01-02T12:28:59.777286+00:00
[2022-01-03 12:28:59,810] {processor.py:171} INFO - Processing /home/airflow/.local/lib/python3.7/site-packages/airflow/example_dags/example_skip_dag.py took 0.266 seconds
[2022-01-03 12:29:29,877] {processor.py:163} INFO - Started process (PID=320) to work on /home/airflow/.local/lib/python3.7/site-packages/airflow/example_dags/example_skip_dag.py
[2022-01-03 12:29:29,879] {processor.py:625} INFO - Processing file /home/airflow/.local/lib/python3.7/site-packages/airflow/example_dags/example_skip_dag.py for tasks to queue
[2022-01-03 12:29:29,880] {logging_mixin.py:109} INFO - [2022-01-03 12:29:29,880] {dagbag.py:500} INFO - Filling up the DagBag from /home/airflow/.local/lib/python3.7/site-packages/airflow/example_dags/example_skip_dag.py
[2022-01-03 12:29:29,969] {processor.py:637} INFO - DAG(s) dict_keys(['example_skip_dag']) retrieved from /home/airflow/.local/lib/python3.7/site-packages/airflow/example_dags/example_skip_dag.py
[2022-01-03 12:29:30,002] {logging_mixin.py:109} INFO - [2022-01-03 12:29:30,002] {dag.py:2396} INFO - Sync 1 DAGs
[2022-01-03 12:29:30,047] {logging_mixin.py:109} INFO - [2022-01-03 12:29:30,047] {dag.py:2928} INFO - Setting next_dagrun for example_skip_dag to 2022-01-02T12:29:30.047111+00:00
[2022-01-03 12:29:30,078] {processor.py:171} INFO - Processing /home/airflow/.local/lib/python3.7/site-packages/airflow/example_dags/example_skip_dag.py took 0.206 seconds
[2022-01-03 12:30:00,613] {processor.py:163} INFO - Started process (PID=372) to work on /home/airflow/.local/lib/python3.7/site-packages/airflow/example_dags/example_skip_dag.py
[2022-01-03 12:30:00,615] {processor.py:625} INFO - Processing file /home/airflow/.local/lib/python3.7/site-packages/airflow/example_dags/example_skip_dag.py for tasks to queue
[2022-01-03 12:30:00,616] {logging_mixin.py:109} INFO - [2022-01-03 12:30:00,615] {dagbag.py:500} INFO - Filling up the DagBag from /home/airflow/.local/lib/python3.7/site-packages/airflow/example_dags/example_skip_dag.py
[2022-01-03 12:30:00,677] {processor.py:637} INFO - DAG(s) dict_keys(['example_skip_dag']) retrieved from /home/airflow/.local/lib/python3.7/site-packages/airflow/example_dags/example_skip_dag.py
[2022-01-03 12:30:00,704] {logging_mixin.py:109} INFO - [2022-01-03 12:30:00,703] {dag.py:2396} INFO - Sync 1 DAGs
[2022-01-03 12:30:00,738] {logging_mixin.py:109} INFO - [2022-01-03 12:30:00,738] {dag.py:2928} INFO - Setting next_dagrun for example_skip_dag to 2022-01-02T12:30:00.737818+00:00
[2022-01-03 12:30:00,754] {processor.py:171} INFO - Processing /home/airflow/.local/lib/python3.7/site-packages/airflow/example_dags/example_skip_dag.py took 0.145 seconds
[2022-01-03 12:30:31,389] {processor.py:163} INFO - Started process (PID=425) to work on /home/airflow/.local/lib/python3.7/site-packages/airflow/example_dags/example_skip_dag.py
[2022-01-03 12:30:31,391] {processor.py:625} INFO - Processing file /home/airflow/.local/lib/python3.7/site-packages/airflow/example_dags/example_skip_dag.py for tasks to queue
[2022-01-03 12:30:31,391] {logging_mixin.py:109} INFO - [2022-01-03 12:30:31,391] {dagbag.py:500} INFO - Filling up the DagBag from /home/airflow/.local/lib/python3.7/site-packages/airflow/example_dags/example_skip_dag.py
[2022-01-03 12:30:31,436] {processor.py:637} INFO - DAG(s) dict_keys(['example_skip_dag']) retrieved from /home/airflow/.local/lib/python3.7/site-packages/airflow/example_dags/example_skip_dag.py
[2022-01-03 12:30:31,450] {logging_mixin.py:109} INFO - [2022-01-03 12:30:31,450] {dag.py:2396} INFO - Sync 1 DAGs
[2022-01-03 12:30:31,475] {logging_mixin.py:109} INFO - [2022-01-03 12:30:31,475] {dag.py:2928} INFO - Setting next_dagrun for example_skip_dag to 2022-01-02T12:30:31.475434+00:00
[2022-01-03 12:30:31,488] {processor.py:171} INFO - Processing /home/airflow/.local/lib/python3.7/site-packages/airflow/example_dags/example_skip_dag.py took 0.107 seconds
[2022-01-03 12:31:02,653] {processor.py:163} INFO - Started process (PID=476) to work on /home/airflow/.local/lib/python3.7/site-packages/airflow/example_dags/example_skip_dag.py
[2022-01-03 12:31:02,659] {processor.py:625} INFO - Processing file /home/airflow/.local/lib/python3.7/site-packages/airflow/example_dags/example_skip_dag.py for tasks to queue
[2022-01-03 12:31:02,660] {logging_mixin.py:109} INFO - [2022-01-03 12:31:02,660] {dagbag.py:500} INFO - Filling up the DagBag from /home/airflow/.local/lib/python3.7/site-packages/airflow/example_dags/example_skip_dag.py
[2022-01-03 12:31:02,856] {processor.py:637} INFO - DAG(s) dict_keys(['example_skip_dag']) retrieved from /home/airflow/.local/lib/python3.7/site-packages/airflow/example_dags/example_skip_dag.py
[2022-01-03 12:31:02,962] {logging_mixin.py:109} INFO - [2022-01-03 12:31:02,962] {dag.py:2396} INFO - Sync 1 DAGs
[2022-01-03 12:31:03,094] {logging_mixin.py:109} INFO - [2022-01-03 12:31:03,093] {dag.py:2928} INFO - Setting next_dagrun for example_skip_dag to 2022-01-02T12:31:03.090121+00:00
[2022-01-03 12:31:03,194] {processor.py:171} INFO - Processing /home/airflow/.local/lib/python3.7/site-packages/airflow/example_dags/example_skip_dag.py took 0.554 seconds
[2022-01-03 12:31:33,831] {processor.py:163} INFO - Started process (PID=527) to work on /home/airflow/.local/lib/python3.7/site-packages/airflow/example_dags/example_skip_dag.py
[2022-01-03 12:31:33,839] {processor.py:625} INFO - Processing file /home/airflow/.local/lib/python3.7/site-packages/airflow/example_dags/example_skip_dag.py for tasks to queue
[2022-01-03 12:31:33,840] {logging_mixin.py:109} INFO - [2022-01-03 12:31:33,840] {dagbag.py:500} INFO - Filling up the DagBag from /home/airflow/.local/lib/python3.7/site-packages/airflow/example_dags/example_skip_dag.py
[2022-01-03 12:31:34,054] {processor.py:637} INFO - DAG(s) dict_keys(['example_skip_dag']) retrieved from /home/airflow/.local/lib/python3.7/site-packages/airflow/example_dags/example_skip_dag.py
[2022-01-03 12:31:34,102] {logging_mixin.py:109} INFO - [2022-01-03 12:31:34,101] {dag.py:2396} INFO - Sync 1 DAGs
[2022-01-03 12:31:34,172] {logging_mixin.py:109} INFO - [2022-01-03 12:31:34,172] {dag.py:2928} INFO - Setting next_dagrun for example_skip_dag to 2022-01-02T12:31:34.172417+00:00
[2022-01-03 12:31:34,238] {processor.py:171} INFO - Processing /home/airflow/.local/lib/python3.7/site-packages/airflow/example_dags/example_skip_dag.py took 0.418 seconds
[2022-01-03 12:32:05,135] {processor.py:163} INFO - Started process (PID=576) to work on /home/airflow/.local/lib/python3.7/site-packages/airflow/example_dags/example_skip_dag.py
[2022-01-03 12:32:05,144] {processor.py:625} INFO - Processing file /home/airflow/.local/lib/python3.7/site-packages/airflow/example_dags/example_skip_dag.py for tasks to queue
[2022-01-03 12:32:05,145] {logging_mixin.py:109} INFO - [2022-01-03 12:32:05,145] {dagbag.py:500} INFO - Filling up the DagBag from /home/airflow/.local/lib/python3.7/site-packages/airflow/example_dags/example_skip_dag.py
[2022-01-03 12:32:05,195] {processor.py:637} INFO - DAG(s) dict_keys(['example_skip_dag']) retrieved from /home/airflow/.local/lib/python3.7/site-packages/airflow/example_dags/example_skip_dag.py
[2022-01-03 12:32:05,216] {logging_mixin.py:109} INFO - [2022-01-03 12:32:05,215] {dag.py:2396} INFO - Sync 1 DAGs
[2022-01-03 12:32:05,252] {logging_mixin.py:109} INFO - [2022-01-03 12:32:05,252] {dag.py:2928} INFO - Setting next_dagrun for example_skip_dag to 2022-01-02T12:32:05.252406+00:00
[2022-01-03 12:32:05,273] {processor.py:171} INFO - Processing /home/airflow/.local/lib/python3.7/site-packages/airflow/example_dags/example_skip_dag.py took 0.141 seconds
[2022-01-03 13:13:42,851] {processor.py:163} INFO - Started process (PID=55) to work on /home/airflow/.local/lib/python3.7/site-packages/airflow/example_dags/example_skip_dag.py
[2022-01-03 13:13:42,867] {processor.py:625} INFO - Processing file /home/airflow/.local/lib/python3.7/site-packages/airflow/example_dags/example_skip_dag.py for tasks to queue
[2022-01-03 13:13:42,868] {logging_mixin.py:109} INFO - [2022-01-03 13:13:42,868] {dagbag.py:500} INFO - Filling up the DagBag from /home/airflow/.local/lib/python3.7/site-packages/airflow/example_dags/example_skip_dag.py
[2022-01-03 13:13:42,996] {processor.py:637} INFO - DAG(s) dict_keys(['example_skip_dag']) retrieved from /home/airflow/.local/lib/python3.7/site-packages/airflow/example_dags/example_skip_dag.py
[2022-01-03 13:13:43,034] {logging_mixin.py:109} INFO - [2022-01-03 13:13:43,034] {dag.py:2396} INFO - Sync 1 DAGs
[2022-01-03 13:13:43,083] {logging_mixin.py:109} INFO - [2022-01-03 13:13:43,083] {dag.py:2928} INFO - Setting next_dagrun for example_skip_dag to 2022-01-02T13:13:43.082982+00:00
[2022-01-03 13:13:43,114] {processor.py:171} INFO - Processing /home/airflow/.local/lib/python3.7/site-packages/airflow/example_dags/example_skip_dag.py took 0.272 seconds
[2022-01-03 13:14:13,901] {processor.py:163} INFO - Started process (PID=102) to work on /home/airflow/.local/lib/python3.7/site-packages/airflow/example_dags/example_skip_dag.py
[2022-01-03 13:14:13,903] {processor.py:625} INFO - Processing file /home/airflow/.local/lib/python3.7/site-packages/airflow/example_dags/example_skip_dag.py for tasks to queue
[2022-01-03 13:14:13,904] {logging_mixin.py:109} INFO - [2022-01-03 13:14:13,904] {dagbag.py:500} INFO - Filling up the DagBag from /home/airflow/.local/lib/python3.7/site-packages/airflow/example_dags/example_skip_dag.py
[2022-01-03 13:14:13,933] {processor.py:637} INFO - DAG(s) dict_keys(['example_skip_dag']) retrieved from /home/airflow/.local/lib/python3.7/site-packages/airflow/example_dags/example_skip_dag.py
[2022-01-03 13:14:13,945] {logging_mixin.py:109} INFO - [2022-01-03 13:14:13,945] {dag.py:2396} INFO - Sync 1 DAGs
[2022-01-03 13:14:13,963] {logging_mixin.py:109} INFO - [2022-01-03 13:14:13,963] {dag.py:2928} INFO - Setting next_dagrun for example_skip_dag to 2022-01-02T13:14:13.963396+00:00
[2022-01-03 13:14:13,974] {processor.py:171} INFO - Processing /home/airflow/.local/lib/python3.7/site-packages/airflow/example_dags/example_skip_dag.py took 0.078 seconds
[2022-01-03 13:14:44,441] {processor.py:163} INFO - Started process (PID=167) to work on /home/airflow/.local/lib/python3.7/site-packages/airflow/example_dags/example_skip_dag.py
[2022-01-03 13:14:44,446] {processor.py:625} INFO - Processing file /home/airflow/.local/lib/python3.7/site-packages/airflow/example_dags/example_skip_dag.py for tasks to queue
[2022-01-03 13:14:44,447] {logging_mixin.py:109} INFO - [2022-01-03 13:14:44,447] {dagbag.py:500} INFO - Filling up the DagBag from /home/airflow/.local/lib/python3.7/site-packages/airflow/example_dags/example_skip_dag.py
[2022-01-03 13:14:44,561] {processor.py:637} INFO - DAG(s) dict_keys(['example_skip_dag']) retrieved from /home/airflow/.local/lib/python3.7/site-packages/airflow/example_dags/example_skip_dag.py
[2022-01-03 13:14:44,579] {logging_mixin.py:109} INFO - [2022-01-03 13:14:44,578] {dag.py:2396} INFO - Sync 1 DAGs
[2022-01-03 13:14:44,613] {logging_mixin.py:109} INFO - [2022-01-03 13:14:44,612] {dag.py:2928} INFO - Setting next_dagrun for example_skip_dag to 2022-01-02T13:14:44.612474+00:00
[2022-01-03 13:14:44,650] {processor.py:171} INFO - Processing /home/airflow/.local/lib/python3.7/site-packages/airflow/example_dags/example_skip_dag.py took 0.223 seconds
[2022-01-03 13:15:14,723] {processor.py:163} INFO - Started process (PID=219) to work on /home/airflow/.local/lib/python3.7/site-packages/airflow/example_dags/example_skip_dag.py
[2022-01-03 13:15:14,724] {processor.py:625} INFO - Processing file /home/airflow/.local/lib/python3.7/site-packages/airflow/example_dags/example_skip_dag.py for tasks to queue
[2022-01-03 13:15:14,725] {logging_mixin.py:109} INFO - [2022-01-03 13:15:14,725] {dagbag.py:500} INFO - Filling up the DagBag from /home/airflow/.local/lib/python3.7/site-packages/airflow/example_dags/example_skip_dag.py
[2022-01-03 13:15:14,758] {processor.py:637} INFO - DAG(s) dict_keys(['example_skip_dag']) retrieved from /home/airflow/.local/lib/python3.7/site-packages/airflow/example_dags/example_skip_dag.py
[2022-01-03 13:15:14,774] {logging_mixin.py:109} INFO - [2022-01-03 13:15:14,774] {dag.py:2396} INFO - Sync 1 DAGs
[2022-01-03 13:15:14,804] {logging_mixin.py:109} INFO - [2022-01-03 13:15:14,804] {dag.py:2928} INFO - Setting next_dagrun for example_skip_dag to 2022-01-02T13:15:14.804364+00:00
[2022-01-03 13:15:14,821] {processor.py:171} INFO - Processing /home/airflow/.local/lib/python3.7/site-packages/airflow/example_dags/example_skip_dag.py took 0.101 seconds
[2022-01-03 13:15:45,749] {processor.py:163} INFO - Started process (PID=275) to work on /home/airflow/.local/lib/python3.7/site-packages/airflow/example_dags/example_skip_dag.py
[2022-01-03 13:15:45,752] {processor.py:625} INFO - Processing file /home/airflow/.local/lib/python3.7/site-packages/airflow/example_dags/example_skip_dag.py for tasks to queue
[2022-01-03 13:15:45,753] {logging_mixin.py:109} INFO - [2022-01-03 13:15:45,752] {dagbag.py:500} INFO - Filling up the DagBag from /home/airflow/.local/lib/python3.7/site-packages/airflow/example_dags/example_skip_dag.py
[2022-01-03 13:15:45,824] {processor.py:637} INFO - DAG(s) dict_keys(['example_skip_dag']) retrieved from /home/airflow/.local/lib/python3.7/site-packages/airflow/example_dags/example_skip_dag.py
[2022-01-03 13:15:45,848] {logging_mixin.py:109} INFO - [2022-01-03 13:15:45,848] {dag.py:2396} INFO - Sync 1 DAGs
[2022-01-03 13:15:45,884] {logging_mixin.py:109} INFO - [2022-01-03 13:15:45,883] {dag.py:2928} INFO - Setting next_dagrun for example_skip_dag to 2022-01-02T13:15:45.883577+00:00
[2022-01-03 13:15:45,914] {processor.py:171} INFO - Processing /home/airflow/.local/lib/python3.7/site-packages/airflow/example_dags/example_skip_dag.py took 0.171 seconds
[2022-01-03 13:16:16,350] {processor.py:163} INFO - Started process (PID=342) to work on /home/airflow/.local/lib/python3.7/site-packages/airflow/example_dags/example_skip_dag.py
[2022-01-03 13:16:16,351] {processor.py:625} INFO - Processing file /home/airflow/.local/lib/python3.7/site-packages/airflow/example_dags/example_skip_dag.py for tasks to queue
[2022-01-03 13:16:16,352] {logging_mixin.py:109} INFO - [2022-01-03 13:16:16,352] {dagbag.py:500} INFO - Filling up the DagBag from /home/airflow/.local/lib/python3.7/site-packages/airflow/example_dags/example_skip_dag.py
[2022-01-03 13:16:16,409] {processor.py:637} INFO - DAG(s) dict_keys(['example_skip_dag']) retrieved from /home/airflow/.local/lib/python3.7/site-packages/airflow/example_dags/example_skip_dag.py
[2022-01-03 13:16:16,435] {logging_mixin.py:109} INFO - [2022-01-03 13:16:16,435] {dag.py:2396} INFO - Sync 1 DAGs
[2022-01-03 13:16:16,468] {logging_mixin.py:109} INFO - [2022-01-03 13:16:16,468] {dag.py:2928} INFO - Setting next_dagrun for example_skip_dag to 2022-01-02T13:16:16.468060+00:00
[2022-01-03 13:16:16,484] {processor.py:171} INFO - Processing /home/airflow/.local/lib/python3.7/site-packages/airflow/example_dags/example_skip_dag.py took 0.138 seconds
[2022-01-03 13:16:46,630] {processor.py:163} INFO - Started process (PID=392) to work on /home/airflow/.local/lib/python3.7/site-packages/airflow/example_dags/example_skip_dag.py
[2022-01-03 13:16:46,631] {processor.py:625} INFO - Processing file /home/airflow/.local/lib/python3.7/site-packages/airflow/example_dags/example_skip_dag.py for tasks to queue
[2022-01-03 13:16:46,632] {logging_mixin.py:109} INFO - [2022-01-03 13:16:46,632] {dagbag.py:500} INFO - Filling up the DagBag from /home/airflow/.local/lib/python3.7/site-packages/airflow/example_dags/example_skip_dag.py
[2022-01-03 13:16:46,693] {processor.py:637} INFO - DAG(s) dict_keys(['example_skip_dag']) retrieved from /home/airflow/.local/lib/python3.7/site-packages/airflow/example_dags/example_skip_dag.py
[2022-01-03 13:16:46,745] {logging_mixin.py:109} INFO - [2022-01-03 13:16:46,745] {dag.py:2396} INFO - Sync 1 DAGs
[2022-01-03 13:16:46,772] {logging_mixin.py:109} INFO - [2022-01-03 13:16:46,771] {dag.py:2928} INFO - Setting next_dagrun for example_skip_dag to 2022-01-02T13:16:46.771591+00:00
[2022-01-03 13:16:46,786] {processor.py:171} INFO - Processing /home/airflow/.local/lib/python3.7/site-packages/airflow/example_dags/example_skip_dag.py took 0.162 seconds
[2022-01-03 13:17:16,909] {processor.py:163} INFO - Started process (PID=443) to work on /home/airflow/.local/lib/python3.7/site-packages/airflow/example_dags/example_skip_dag.py
[2022-01-03 13:17:16,910] {processor.py:625} INFO - Processing file /home/airflow/.local/lib/python3.7/site-packages/airflow/example_dags/example_skip_dag.py for tasks to queue
[2022-01-03 13:17:16,911] {logging_mixin.py:109} INFO - [2022-01-03 13:17:16,911] {dagbag.py:500} INFO - Filling up the DagBag from /home/airflow/.local/lib/python3.7/site-packages/airflow/example_dags/example_skip_dag.py
[2022-01-03 13:17:16,938] {processor.py:637} INFO - DAG(s) dict_keys(['example_skip_dag']) retrieved from /home/airflow/.local/lib/python3.7/site-packages/airflow/example_dags/example_skip_dag.py
[2022-01-03 13:17:16,952] {logging_mixin.py:109} INFO - [2022-01-03 13:17:16,952] {dag.py:2396} INFO - Sync 1 DAGs
[2022-01-03 13:17:16,969] {logging_mixin.py:109} INFO - [2022-01-03 13:17:16,969] {dag.py:2928} INFO - Setting next_dagrun for example_skip_dag to 2022-01-02T13:17:16.969396+00:00
[2022-01-03 13:17:16,979] {processor.py:171} INFO - Processing /home/airflow/.local/lib/python3.7/site-packages/airflow/example_dags/example_skip_dag.py took 0.073 seconds
[2022-01-03 13:17:48,007] {processor.py:163} INFO - Started process (PID=496) to work on /home/airflow/.local/lib/python3.7/site-packages/airflow/example_dags/example_skip_dag.py
[2022-01-03 13:17:48,009] {processor.py:625} INFO - Processing file /home/airflow/.local/lib/python3.7/site-packages/airflow/example_dags/example_skip_dag.py for tasks to queue
[2022-01-03 13:17:48,010] {logging_mixin.py:109} INFO - [2022-01-03 13:17:48,010] {dagbag.py:500} INFO - Filling up the DagBag from /home/airflow/.local/lib/python3.7/site-packages/airflow/example_dags/example_skip_dag.py
[2022-01-03 13:17:48,040] {processor.py:637} INFO - DAG(s) dict_keys(['example_skip_dag']) retrieved from /home/airflow/.local/lib/python3.7/site-packages/airflow/example_dags/example_skip_dag.py
[2022-01-03 13:17:48,059] {logging_mixin.py:109} INFO - [2022-01-03 13:17:48,059] {dag.py:2396} INFO - Sync 1 DAGs
[2022-01-03 13:17:48,088] {logging_mixin.py:109} INFO - [2022-01-03 13:17:48,088] {dag.py:2928} INFO - Setting next_dagrun for example_skip_dag to 2022-01-02T13:17:48.088244+00:00
[2022-01-03 13:17:48,104] {processor.py:171} INFO - Processing /home/airflow/.local/lib/python3.7/site-packages/airflow/example_dags/example_skip_dag.py took 0.100 seconds
[2022-01-03 13:18:18,389] {processor.py:163} INFO - Started process (PID=547) to work on /home/airflow/.local/lib/python3.7/site-packages/airflow/example_dags/example_skip_dag.py
[2022-01-03 13:18:18,391] {processor.py:625} INFO - Processing file /home/airflow/.local/lib/python3.7/site-packages/airflow/example_dags/example_skip_dag.py for tasks to queue
[2022-01-03 13:18:18,391] {logging_mixin.py:109} INFO - [2022-01-03 13:18:18,391] {dagbag.py:500} INFO - Filling up the DagBag from /home/airflow/.local/lib/python3.7/site-packages/airflow/example_dags/example_skip_dag.py
[2022-01-03 13:18:18,432] {processor.py:637} INFO - DAG(s) dict_keys(['example_skip_dag']) retrieved from /home/airflow/.local/lib/python3.7/site-packages/airflow/example_dags/example_skip_dag.py
[2022-01-03 13:18:18,447] {logging_mixin.py:109} INFO - [2022-01-03 13:18:18,447] {dag.py:2396} INFO - Sync 1 DAGs
[2022-01-03 13:18:18,468] {logging_mixin.py:109} INFO - [2022-01-03 13:18:18,468] {dag.py:2928} INFO - Setting next_dagrun for example_skip_dag to 2022-01-02T13:18:18.468442+00:00
[2022-01-03 13:18:18,480] {processor.py:171} INFO - Processing /home/airflow/.local/lib/python3.7/site-packages/airflow/example_dags/example_skip_dag.py took 0.094 seconds
[2022-01-03 13:18:48,742] {processor.py:163} INFO - Started process (PID=599) to work on /home/airflow/.local/lib/python3.7/site-packages/airflow/example_dags/example_skip_dag.py
[2022-01-03 13:18:48,744] {processor.py:625} INFO - Processing file /home/airflow/.local/lib/python3.7/site-packages/airflow/example_dags/example_skip_dag.py for tasks to queue
[2022-01-03 13:18:48,745] {logging_mixin.py:109} INFO - [2022-01-03 13:18:48,745] {dagbag.py:500} INFO - Filling up the DagBag from /home/airflow/.local/lib/python3.7/site-packages/airflow/example_dags/example_skip_dag.py
[2022-01-03 13:18:48,785] {processor.py:637} INFO - DAG(s) dict_keys(['example_skip_dag']) retrieved from /home/airflow/.local/lib/python3.7/site-packages/airflow/example_dags/example_skip_dag.py
[2022-01-03 13:18:48,797] {logging_mixin.py:109} INFO - [2022-01-03 13:18:48,797] {dag.py:2396} INFO - Sync 1 DAGs
[2022-01-03 13:18:48,816] {logging_mixin.py:109} INFO - [2022-01-03 13:18:48,816] {dag.py:2928} INFO - Setting next_dagrun for example_skip_dag to 2022-01-02T13:18:48.815777+00:00
[2022-01-03 13:18:48,829] {processor.py:171} INFO - Processing /home/airflow/.local/lib/python3.7/site-packages/airflow/example_dags/example_skip_dag.py took 0.092 seconds
[2022-01-03 13:19:19,479] {processor.py:163} INFO - Started process (PID=659) to work on /home/airflow/.local/lib/python3.7/site-packages/airflow/example_dags/example_skip_dag.py
[2022-01-03 13:19:19,480] {processor.py:625} INFO - Processing file /home/airflow/.local/lib/python3.7/site-packages/airflow/example_dags/example_skip_dag.py for tasks to queue
[2022-01-03 13:19:19,481] {logging_mixin.py:109} INFO - [2022-01-03 13:19:19,481] {dagbag.py:500} INFO - Filling up the DagBag from /home/airflow/.local/lib/python3.7/site-packages/airflow/example_dags/example_skip_dag.py
[2022-01-03 13:19:19,520] {processor.py:637} INFO - DAG(s) dict_keys(['example_skip_dag']) retrieved from /home/airflow/.local/lib/python3.7/site-packages/airflow/example_dags/example_skip_dag.py
[2022-01-03 13:19:19,537] {logging_mixin.py:109} INFO - [2022-01-03 13:19:19,537] {dag.py:2396} INFO - Sync 1 DAGs
[2022-01-03 13:19:19,563] {logging_mixin.py:109} INFO - [2022-01-03 13:19:19,563] {dag.py:2928} INFO - Setting next_dagrun for example_skip_dag to 2022-01-02T13:19:19.563376+00:00
[2022-01-03 13:19:19,576] {processor.py:171} INFO - Processing /home/airflow/.local/lib/python3.7/site-packages/airflow/example_dags/example_skip_dag.py took 0.101 seconds
[2022-01-03 13:19:50,165] {processor.py:163} INFO - Started process (PID=709) to work on /home/airflow/.local/lib/python3.7/site-packages/airflow/example_dags/example_skip_dag.py
[2022-01-03 13:19:50,169] {processor.py:625} INFO - Processing file /home/airflow/.local/lib/python3.7/site-packages/airflow/example_dags/example_skip_dag.py for tasks to queue
[2022-01-03 13:19:50,169] {logging_mixin.py:109} INFO - [2022-01-03 13:19:50,169] {dagbag.py:500} INFO - Filling up the DagBag from /home/airflow/.local/lib/python3.7/site-packages/airflow/example_dags/example_skip_dag.py
[2022-01-03 13:19:50,255] {processor.py:637} INFO - DAG(s) dict_keys(['example_skip_dag']) retrieved from /home/airflow/.local/lib/python3.7/site-packages/airflow/example_dags/example_skip_dag.py
[2022-01-03 13:19:50,272] {logging_mixin.py:109} INFO - [2022-01-03 13:19:50,272] {dag.py:2396} INFO - Sync 1 DAGs
[2022-01-03 13:19:50,300] {logging_mixin.py:109} INFO - [2022-01-03 13:19:50,300] {dag.py:2928} INFO - Setting next_dagrun for example_skip_dag to 2022-01-02T13:19:50.299938+00:00
[2022-01-03 13:19:50,320] {processor.py:171} INFO - Processing /home/airflow/.local/lib/python3.7/site-packages/airflow/example_dags/example_skip_dag.py took 0.165 seconds
[2022-01-03 13:20:21,000] {processor.py:163} INFO - Started process (PID=763) to work on /home/airflow/.local/lib/python3.7/site-packages/airflow/example_dags/example_skip_dag.py
[2022-01-03 13:20:21,001] {processor.py:625} INFO - Processing file /home/airflow/.local/lib/python3.7/site-packages/airflow/example_dags/example_skip_dag.py for tasks to queue
[2022-01-03 13:20:21,002] {logging_mixin.py:109} INFO - [2022-01-03 13:20:21,002] {dagbag.py:500} INFO - Filling up the DagBag from /home/airflow/.local/lib/python3.7/site-packages/airflow/example_dags/example_skip_dag.py
[2022-01-03 13:20:21,041] {processor.py:637} INFO - DAG(s) dict_keys(['example_skip_dag']) retrieved from /home/airflow/.local/lib/python3.7/site-packages/airflow/example_dags/example_skip_dag.py
[2022-01-03 13:20:21,056] {logging_mixin.py:109} INFO - [2022-01-03 13:20:21,056] {dag.py:2396} INFO - Sync 1 DAGs
[2022-01-03 13:20:21,079] {logging_mixin.py:109} INFO - [2022-01-03 13:20:21,079] {dag.py:2928} INFO - Setting next_dagrun for example_skip_dag to 2022-01-02T13:20:21.078781+00:00
[2022-01-03 13:20:21,109] {processor.py:171} INFO - Processing /home/airflow/.local/lib/python3.7/site-packages/airflow/example_dags/example_skip_dag.py took 0.113 seconds
[2022-01-03 13:20:51,331] {processor.py:163} INFO - Started process (PID=814) to work on /home/airflow/.local/lib/python3.7/site-packages/airflow/example_dags/example_skip_dag.py
[2022-01-03 13:20:51,333] {processor.py:625} INFO - Processing file /home/airflow/.local/lib/python3.7/site-packages/airflow/example_dags/example_skip_dag.py for tasks to queue
[2022-01-03 13:20:51,334] {logging_mixin.py:109} INFO - [2022-01-03 13:20:51,334] {dagbag.py:500} INFO - Filling up the DagBag from /home/airflow/.local/lib/python3.7/site-packages/airflow/example_dags/example_skip_dag.py
[2022-01-03 13:20:51,389] {processor.py:637} INFO - DAG(s) dict_keys(['example_skip_dag']) retrieved from /home/airflow/.local/lib/python3.7/site-packages/airflow/example_dags/example_skip_dag.py
[2022-01-03 13:20:51,402] {logging_mixin.py:109} INFO - [2022-01-03 13:20:51,402] {dag.py:2396} INFO - Sync 1 DAGs
[2022-01-03 13:20:51,435] {logging_mixin.py:109} INFO - [2022-01-03 13:20:51,434] {dag.py:2928} INFO - Setting next_dagrun for example_skip_dag to 2022-01-02T13:20:51.434490+00:00
[2022-01-03 13:20:51,448] {processor.py:171} INFO - Processing /home/airflow/.local/lib/python3.7/site-packages/airflow/example_dags/example_skip_dag.py took 0.121 seconds
[2022-01-03 13:21:22,299] {processor.py:163} INFO - Started process (PID=864) to work on /home/airflow/.local/lib/python3.7/site-packages/airflow/example_dags/example_skip_dag.py
[2022-01-03 13:21:22,301] {processor.py:625} INFO - Processing file /home/airflow/.local/lib/python3.7/site-packages/airflow/example_dags/example_skip_dag.py for tasks to queue
[2022-01-03 13:21:22,301] {logging_mixin.py:109} INFO - [2022-01-03 13:21:22,301] {dagbag.py:500} INFO - Filling up the DagBag from /home/airflow/.local/lib/python3.7/site-packages/airflow/example_dags/example_skip_dag.py
[2022-01-03 13:21:22,348] {processor.py:637} INFO - DAG(s) dict_keys(['example_skip_dag']) retrieved from /home/airflow/.local/lib/python3.7/site-packages/airflow/example_dags/example_skip_dag.py
[2022-01-03 13:21:22,368] {logging_mixin.py:109} INFO - [2022-01-03 13:21:22,368] {dag.py:2396} INFO - Sync 1 DAGs
[2022-01-03 13:21:22,402] {logging_mixin.py:109} INFO - [2022-01-03 13:21:22,402] {dag.py:2928} INFO - Setting next_dagrun for example_skip_dag to 2022-01-02T13:21:22.402423+00:00
[2022-01-03 13:21:22,415] {processor.py:171} INFO - Processing /home/airflow/.local/lib/python3.7/site-packages/airflow/example_dags/example_skip_dag.py took 0.120 seconds
[2022-01-03 13:21:53,207] {processor.py:163} INFO - Started process (PID=915) to work on /home/airflow/.local/lib/python3.7/site-packages/airflow/example_dags/example_skip_dag.py
[2022-01-03 13:21:53,208] {processor.py:625} INFO - Processing file /home/airflow/.local/lib/python3.7/site-packages/airflow/example_dags/example_skip_dag.py for tasks to queue
[2022-01-03 13:21:53,209] {logging_mixin.py:109} INFO - [2022-01-03 13:21:53,209] {dagbag.py:500} INFO - Filling up the DagBag from /home/airflow/.local/lib/python3.7/site-packages/airflow/example_dags/example_skip_dag.py
[2022-01-03 13:21:53,246] {processor.py:637} INFO - DAG(s) dict_keys(['example_skip_dag']) retrieved from /home/airflow/.local/lib/python3.7/site-packages/airflow/example_dags/example_skip_dag.py
[2022-01-03 13:21:53,262] {logging_mixin.py:109} INFO - [2022-01-03 13:21:53,262] {dag.py:2396} INFO - Sync 1 DAGs
[2022-01-03 13:21:53,287] {logging_mixin.py:109} INFO - [2022-01-03 13:21:53,287] {dag.py:2928} INFO - Setting next_dagrun for example_skip_dag to 2022-01-02T13:21:53.286754+00:00
[2022-01-03 13:21:53,301] {processor.py:171} INFO - Processing /home/airflow/.local/lib/python3.7/site-packages/airflow/example_dags/example_skip_dag.py took 0.098 seconds
[2022-01-03 13:22:23,873] {processor.py:163} INFO - Started process (PID=977) to work on /home/airflow/.local/lib/python3.7/site-packages/airflow/example_dags/example_skip_dag.py
[2022-01-03 13:22:23,874] {processor.py:625} INFO - Processing file /home/airflow/.local/lib/python3.7/site-packages/airflow/example_dags/example_skip_dag.py for tasks to queue
[2022-01-03 13:22:23,875] {logging_mixin.py:109} INFO - [2022-01-03 13:22:23,875] {dagbag.py:500} INFO - Filling up the DagBag from /home/airflow/.local/lib/python3.7/site-packages/airflow/example_dags/example_skip_dag.py
[2022-01-03 13:22:23,910] {processor.py:637} INFO - DAG(s) dict_keys(['example_skip_dag']) retrieved from /home/airflow/.local/lib/python3.7/site-packages/airflow/example_dags/example_skip_dag.py
[2022-01-03 13:22:23,928] {logging_mixin.py:109} INFO - [2022-01-03 13:22:23,928] {dag.py:2396} INFO - Sync 1 DAGs
[2022-01-03 13:22:23,953] {logging_mixin.py:109} INFO - [2022-01-03 13:22:23,953] {dag.py:2928} INFO - Setting next_dagrun for example_skip_dag to 2022-01-02T13:22:23.953295+00:00
[2022-01-03 13:22:23,966] {processor.py:171} INFO - Processing /home/airflow/.local/lib/python3.7/site-packages/airflow/example_dags/example_skip_dag.py took 0.096 seconds
[2022-01-03 13:22:54,974] {processor.py:163} INFO - Started process (PID=1030) to work on /home/airflow/.local/lib/python3.7/site-packages/airflow/example_dags/example_skip_dag.py
[2022-01-03 13:22:54,975] {processor.py:625} INFO - Processing file /home/airflow/.local/lib/python3.7/site-packages/airflow/example_dags/example_skip_dag.py for tasks to queue
[2022-01-03 13:22:54,976] {logging_mixin.py:109} INFO - [2022-01-03 13:22:54,976] {dagbag.py:500} INFO - Filling up the DagBag from /home/airflow/.local/lib/python3.7/site-packages/airflow/example_dags/example_skip_dag.py
[2022-01-03 13:22:55,052] {processor.py:637} INFO - DAG(s) dict_keys(['example_skip_dag']) retrieved from /home/airflow/.local/lib/python3.7/site-packages/airflow/example_dags/example_skip_dag.py
[2022-01-03 13:22:55,084] {logging_mixin.py:109} INFO - [2022-01-03 13:22:55,084] {dag.py:2396} INFO - Sync 1 DAGs
[2022-01-03 13:22:55,110] {logging_mixin.py:109} INFO - [2022-01-03 13:22:55,110] {dag.py:2928} INFO - Setting next_dagrun for example_skip_dag to 2022-01-02T13:22:55.109661+00:00
[2022-01-03 13:22:55,131] {processor.py:171} INFO - Processing /home/airflow/.local/lib/python3.7/site-packages/airflow/example_dags/example_skip_dag.py took 0.160 seconds
[2022-01-03 13:23:26,082] {processor.py:163} INFO - Started process (PID=1082) to work on /home/airflow/.local/lib/python3.7/site-packages/airflow/example_dags/example_skip_dag.py
[2022-01-03 13:23:26,085] {processor.py:625} INFO - Processing file /home/airflow/.local/lib/python3.7/site-packages/airflow/example_dags/example_skip_dag.py for tasks to queue
[2022-01-03 13:23:26,087] {logging_mixin.py:109} INFO - [2022-01-03 13:23:26,086] {dagbag.py:500} INFO - Filling up the DagBag from /home/airflow/.local/lib/python3.7/site-packages/airflow/example_dags/example_skip_dag.py
[2022-01-03 13:23:26,124] {processor.py:637} INFO - DAG(s) dict_keys(['example_skip_dag']) retrieved from /home/airflow/.local/lib/python3.7/site-packages/airflow/example_dags/example_skip_dag.py
[2022-01-03 13:23:26,141] {logging_mixin.py:109} INFO - [2022-01-03 13:23:26,141] {dag.py:2396} INFO - Sync 1 DAGs
[2022-01-03 13:23:26,161] {logging_mixin.py:109} INFO - [2022-01-03 13:23:26,161] {dag.py:2928} INFO - Setting next_dagrun for example_skip_dag to 2022-01-02T13:23:26.161168+00:00
[2022-01-03 13:23:26,176] {processor.py:171} INFO - Processing /home/airflow/.local/lib/python3.7/site-packages/airflow/example_dags/example_skip_dag.py took 0.105 seconds
[2022-01-03 13:23:56,382] {processor.py:163} INFO - Started process (PID=1132) to work on /home/airflow/.local/lib/python3.7/site-packages/airflow/example_dags/example_skip_dag.py
[2022-01-03 13:23:56,384] {processor.py:625} INFO - Processing file /home/airflow/.local/lib/python3.7/site-packages/airflow/example_dags/example_skip_dag.py for tasks to queue
[2022-01-03 13:23:56,386] {logging_mixin.py:109} INFO - [2022-01-03 13:23:56,386] {dagbag.py:500} INFO - Filling up the DagBag from /home/airflow/.local/lib/python3.7/site-packages/airflow/example_dags/example_skip_dag.py
[2022-01-03 13:23:56,427] {processor.py:637} INFO - DAG(s) dict_keys(['example_skip_dag']) retrieved from /home/airflow/.local/lib/python3.7/site-packages/airflow/example_dags/example_skip_dag.py
[2022-01-03 13:23:56,441] {logging_mixin.py:109} INFO - [2022-01-03 13:23:56,441] {dag.py:2396} INFO - Sync 1 DAGs
[2022-01-03 13:23:56,468] {logging_mixin.py:109} INFO - [2022-01-03 13:23:56,467] {dag.py:2928} INFO - Setting next_dagrun for example_skip_dag to 2022-01-02T13:23:56.467524+00:00
[2022-01-03 13:23:56,483] {processor.py:171} INFO - Processing /home/airflow/.local/lib/python3.7/site-packages/airflow/example_dags/example_skip_dag.py took 0.106 seconds
[2022-01-03 13:24:27,047] {processor.py:163} INFO - Started process (PID=1184) to work on /home/airflow/.local/lib/python3.7/site-packages/airflow/example_dags/example_skip_dag.py
[2022-01-03 13:24:27,049] {processor.py:625} INFO - Processing file /home/airflow/.local/lib/python3.7/site-packages/airflow/example_dags/example_skip_dag.py for tasks to queue
[2022-01-03 13:24:27,050] {logging_mixin.py:109} INFO - [2022-01-03 13:24:27,050] {dagbag.py:500} INFO - Filling up the DagBag from /home/airflow/.local/lib/python3.7/site-packages/airflow/example_dags/example_skip_dag.py
[2022-01-03 13:24:27,082] {processor.py:637} INFO - DAG(s) dict_keys(['example_skip_dag']) retrieved from /home/airflow/.local/lib/python3.7/site-packages/airflow/example_dags/example_skip_dag.py
[2022-01-03 13:24:27,095] {logging_mixin.py:109} INFO - [2022-01-03 13:24:27,095] {dag.py:2396} INFO - Sync 1 DAGs
[2022-01-03 13:24:27,113] {logging_mixin.py:109} INFO - [2022-01-03 13:24:27,113] {dag.py:2928} INFO - Setting next_dagrun for example_skip_dag to 2022-01-02T13:24:27.112875+00:00
[2022-01-03 13:24:27,125] {processor.py:171} INFO - Processing /home/airflow/.local/lib/python3.7/site-packages/airflow/example_dags/example_skip_dag.py took 0.083 seconds
[2022-01-03 13:24:57,548] {processor.py:163} INFO - Started process (PID=1244) to work on /home/airflow/.local/lib/python3.7/site-packages/airflow/example_dags/example_skip_dag.py
[2022-01-03 13:24:57,555] {processor.py:625} INFO - Processing file /home/airflow/.local/lib/python3.7/site-packages/airflow/example_dags/example_skip_dag.py for tasks to queue
[2022-01-03 13:24:57,555] {logging_mixin.py:109} INFO - [2022-01-03 13:24:57,555] {dagbag.py:500} INFO - Filling up the DagBag from /home/airflow/.local/lib/python3.7/site-packages/airflow/example_dags/example_skip_dag.py
[2022-01-03 13:24:57,584] {processor.py:637} INFO - DAG(s) dict_keys(['example_skip_dag']) retrieved from /home/airflow/.local/lib/python3.7/site-packages/airflow/example_dags/example_skip_dag.py
[2022-01-03 13:24:57,601] {logging_mixin.py:109} INFO - [2022-01-03 13:24:57,601] {dag.py:2396} INFO - Sync 1 DAGs
[2022-01-03 13:24:57,626] {logging_mixin.py:109} INFO - [2022-01-03 13:24:57,626] {dag.py:2928} INFO - Setting next_dagrun for example_skip_dag to 2022-01-02T13:24:57.625777+00:00
[2022-01-03 13:24:57,638] {processor.py:171} INFO - Processing /home/airflow/.local/lib/python3.7/site-packages/airflow/example_dags/example_skip_dag.py took 0.093 seconds
[2022-01-03 13:25:27,676] {processor.py:163} INFO - Started process (PID=1295) to work on /home/airflow/.local/lib/python3.7/site-packages/airflow/example_dags/example_skip_dag.py
[2022-01-03 13:25:27,677] {processor.py:625} INFO - Processing file /home/airflow/.local/lib/python3.7/site-packages/airflow/example_dags/example_skip_dag.py for tasks to queue
[2022-01-03 13:25:27,678] {logging_mixin.py:109} INFO - [2022-01-03 13:25:27,678] {dagbag.py:500} INFO - Filling up the DagBag from /home/airflow/.local/lib/python3.7/site-packages/airflow/example_dags/example_skip_dag.py
[2022-01-03 13:25:27,706] {processor.py:637} INFO - DAG(s) dict_keys(['example_skip_dag']) retrieved from /home/airflow/.local/lib/python3.7/site-packages/airflow/example_dags/example_skip_dag.py
[2022-01-03 13:25:27,721] {logging_mixin.py:109} INFO - [2022-01-03 13:25:27,721] {dag.py:2396} INFO - Sync 1 DAGs
[2022-01-03 13:25:27,744] {logging_mixin.py:109} INFO - [2022-01-03 13:25:27,744] {dag.py:2928} INFO - Setting next_dagrun for example_skip_dag to 2022-01-02T13:25:27.744243+00:00
[2022-01-03 13:25:27,759] {processor.py:171} INFO - Processing /home/airflow/.local/lib/python3.7/site-packages/airflow/example_dags/example_skip_dag.py took 0.086 seconds
[2022-01-03 13:25:58,105] {processor.py:163} INFO - Started process (PID=1353) to work on /home/airflow/.local/lib/python3.7/site-packages/airflow/example_dags/example_skip_dag.py
[2022-01-03 13:25:58,110] {processor.py:625} INFO - Processing file /home/airflow/.local/lib/python3.7/site-packages/airflow/example_dags/example_skip_dag.py for tasks to queue
[2022-01-03 13:25:58,113] {logging_mixin.py:109} INFO - [2022-01-03 13:25:58,112] {dagbag.py:500} INFO - Filling up the DagBag from /home/airflow/.local/lib/python3.7/site-packages/airflow/example_dags/example_skip_dag.py
[2022-01-03 13:25:58,175] {processor.py:637} INFO - DAG(s) dict_keys(['example_skip_dag']) retrieved from /home/airflow/.local/lib/python3.7/site-packages/airflow/example_dags/example_skip_dag.py
[2022-01-03 13:25:58,199] {logging_mixin.py:109} INFO - [2022-01-03 13:25:58,199] {dag.py:2396} INFO - Sync 1 DAGs
[2022-01-03 13:25:58,228] {logging_mixin.py:109} INFO - [2022-01-03 13:25:58,226] {dag.py:2928} INFO - Setting next_dagrun for example_skip_dag to 2022-01-02T13:25:58.226414+00:00
[2022-01-03 13:25:58,241] {processor.py:171} INFO - Processing /home/airflow/.local/lib/python3.7/site-packages/airflow/example_dags/example_skip_dag.py took 0.149 seconds
[2022-01-03 13:26:29,014] {processor.py:163} INFO - Started process (PID=1403) to work on /home/airflow/.local/lib/python3.7/site-packages/airflow/example_dags/example_skip_dag.py
[2022-01-03 13:26:29,015] {processor.py:625} INFO - Processing file /home/airflow/.local/lib/python3.7/site-packages/airflow/example_dags/example_skip_dag.py for tasks to queue
[2022-01-03 13:26:29,017] {logging_mixin.py:109} INFO - [2022-01-03 13:26:29,016] {dagbag.py:500} INFO - Filling up the DagBag from /home/airflow/.local/lib/python3.7/site-packages/airflow/example_dags/example_skip_dag.py
[2022-01-03 13:26:29,062] {processor.py:637} INFO - DAG(s) dict_keys(['example_skip_dag']) retrieved from /home/airflow/.local/lib/python3.7/site-packages/airflow/example_dags/example_skip_dag.py
[2022-01-03 13:26:29,078] {logging_mixin.py:109} INFO - [2022-01-03 13:26:29,078] {dag.py:2396} INFO - Sync 1 DAGs
[2022-01-03 13:26:29,113] {logging_mixin.py:109} INFO - [2022-01-03 13:26:29,113] {dag.py:2928} INFO - Setting next_dagrun for example_skip_dag to 2022-01-02T13:26:29.112526+00:00
[2022-01-03 13:26:29,131] {processor.py:171} INFO - Processing /home/airflow/.local/lib/python3.7/site-packages/airflow/example_dags/example_skip_dag.py took 0.121 seconds
[2022-01-03 13:26:59,294] {processor.py:163} INFO - Started process (PID=1463) to work on /home/airflow/.local/lib/python3.7/site-packages/airflow/example_dags/example_skip_dag.py
[2022-01-03 13:26:59,296] {processor.py:625} INFO - Processing file /home/airflow/.local/lib/python3.7/site-packages/airflow/example_dags/example_skip_dag.py for tasks to queue
[2022-01-03 13:26:59,297] {logging_mixin.py:109} INFO - [2022-01-03 13:26:59,297] {dagbag.py:500} INFO - Filling up the DagBag from /home/airflow/.local/lib/python3.7/site-packages/airflow/example_dags/example_skip_dag.py
[2022-01-03 13:26:59,431] {processor.py:637} INFO - DAG(s) dict_keys(['example_skip_dag']) retrieved from /home/airflow/.local/lib/python3.7/site-packages/airflow/example_dags/example_skip_dag.py
[2022-01-03 13:26:59,501] {logging_mixin.py:109} INFO - [2022-01-03 13:26:59,501] {dag.py:2396} INFO - Sync 1 DAGs
[2022-01-03 13:26:59,595] {logging_mixin.py:109} INFO - [2022-01-03 13:26:59,595] {dag.py:2928} INFO - Setting next_dagrun for example_skip_dag to 2022-01-02T13:26:59.594980+00:00
[2022-01-03 13:26:59,645] {processor.py:171} INFO - Processing /home/airflow/.local/lib/python3.7/site-packages/airflow/example_dags/example_skip_dag.py took 0.356 seconds
[2022-01-03 13:27:29,893] {processor.py:163} INFO - Started process (PID=1514) to work on /home/airflow/.local/lib/python3.7/site-packages/airflow/example_dags/example_skip_dag.py
[2022-01-03 13:27:29,907] {processor.py:625} INFO - Processing file /home/airflow/.local/lib/python3.7/site-packages/airflow/example_dags/example_skip_dag.py for tasks to queue
[2022-01-03 13:27:29,908] {logging_mixin.py:109} INFO - [2022-01-03 13:27:29,908] {dagbag.py:500} INFO - Filling up the DagBag from /home/airflow/.local/lib/python3.7/site-packages/airflow/example_dags/example_skip_dag.py
[2022-01-03 13:27:29,984] {processor.py:637} INFO - DAG(s) dict_keys(['example_skip_dag']) retrieved from /home/airflow/.local/lib/python3.7/site-packages/airflow/example_dags/example_skip_dag.py
[2022-01-03 13:27:30,003] {logging_mixin.py:109} INFO - [2022-01-03 13:27:30,003] {dag.py:2396} INFO - Sync 1 DAGs
[2022-01-03 13:27:30,027] {logging_mixin.py:109} INFO - [2022-01-03 13:27:30,026] {dag.py:2928} INFO - Setting next_dagrun for example_skip_dag to 2022-01-02T13:27:30.026593+00:00
[2022-01-03 13:27:30,049] {processor.py:171} INFO - Processing /home/airflow/.local/lib/python3.7/site-packages/airflow/example_dags/example_skip_dag.py took 0.159 seconds
[2022-01-03 13:28:01,050] {processor.py:163} INFO - Started process (PID=1565) to work on /home/airflow/.local/lib/python3.7/site-packages/airflow/example_dags/example_skip_dag.py
[2022-01-03 13:28:01,058] {processor.py:625} INFO - Processing file /home/airflow/.local/lib/python3.7/site-packages/airflow/example_dags/example_skip_dag.py for tasks to queue
[2022-01-03 13:28:01,059] {logging_mixin.py:109} INFO - [2022-01-03 13:28:01,059] {dagbag.py:500} INFO - Filling up the DagBag from /home/airflow/.local/lib/python3.7/site-packages/airflow/example_dags/example_skip_dag.py
[2022-01-03 13:28:01,114] {processor.py:637} INFO - DAG(s) dict_keys(['example_skip_dag']) retrieved from /home/airflow/.local/lib/python3.7/site-packages/airflow/example_dags/example_skip_dag.py
[2022-01-03 13:28:01,139] {logging_mixin.py:109} INFO - [2022-01-03 13:28:01,139] {dag.py:2396} INFO - Sync 1 DAGs
[2022-01-03 13:28:01,165] {logging_mixin.py:109} INFO - [2022-01-03 13:28:01,165] {dag.py:2928} INFO - Setting next_dagrun for example_skip_dag to 2022-01-02T13:28:01.165225+00:00
[2022-01-03 13:28:01,188] {processor.py:171} INFO - Processing /home/airflow/.local/lib/python3.7/site-packages/airflow/example_dags/example_skip_dag.py took 0.143 seconds
[2022-01-03 13:28:31,242] {processor.py:163} INFO - Started process (PID=1619) to work on /home/airflow/.local/lib/python3.7/site-packages/airflow/example_dags/example_skip_dag.py
[2022-01-03 13:28:31,243] {processor.py:625} INFO - Processing file /home/airflow/.local/lib/python3.7/site-packages/airflow/example_dags/example_skip_dag.py for tasks to queue
[2022-01-03 13:28:31,246] {logging_mixin.py:109} INFO - [2022-01-03 13:28:31,246] {dagbag.py:500} INFO - Filling up the DagBag from /home/airflow/.local/lib/python3.7/site-packages/airflow/example_dags/example_skip_dag.py
[2022-01-03 13:28:31,293] {processor.py:637} INFO - DAG(s) dict_keys(['example_skip_dag']) retrieved from /home/airflow/.local/lib/python3.7/site-packages/airflow/example_dags/example_skip_dag.py
[2022-01-03 13:28:31,312] {logging_mixin.py:109} INFO - [2022-01-03 13:28:31,311] {dag.py:2396} INFO - Sync 1 DAGs
[2022-01-03 13:28:31,351] {logging_mixin.py:109} INFO - [2022-01-03 13:28:31,351] {dag.py:2928} INFO - Setting next_dagrun for example_skip_dag to 2022-01-02T13:28:31.350989+00:00
[2022-01-03 13:28:31,396] {processor.py:171} INFO - Processing /home/airflow/.local/lib/python3.7/site-packages/airflow/example_dags/example_skip_dag.py took 0.158 seconds
[2022-01-03 13:29:01,965] {processor.py:163} INFO - Started process (PID=1672) to work on /home/airflow/.local/lib/python3.7/site-packages/airflow/example_dags/example_skip_dag.py
[2022-01-03 13:29:01,971] {processor.py:625} INFO - Processing file /home/airflow/.local/lib/python3.7/site-packages/airflow/example_dags/example_skip_dag.py for tasks to queue
[2022-01-03 13:29:01,971] {logging_mixin.py:109} INFO - [2022-01-03 13:29:01,971] {dagbag.py:500} INFO - Filling up the DagBag from /home/airflow/.local/lib/python3.7/site-packages/airflow/example_dags/example_skip_dag.py
[2022-01-03 13:29:02,053] {processor.py:637} INFO - DAG(s) dict_keys(['example_skip_dag']) retrieved from /home/airflow/.local/lib/python3.7/site-packages/airflow/example_dags/example_skip_dag.py
[2022-01-03 13:29:02,090] {logging_mixin.py:109} INFO - [2022-01-03 13:29:02,090] {dag.py:2396} INFO - Sync 1 DAGs
[2022-01-03 13:29:02,116] {logging_mixin.py:109} INFO - [2022-01-03 13:29:02,116] {dag.py:2928} INFO - Setting next_dagrun for example_skip_dag to 2022-01-02T13:29:02.115898+00:00
[2022-01-03 13:29:02,147] {processor.py:171} INFO - Processing /home/airflow/.local/lib/python3.7/site-packages/airflow/example_dags/example_skip_dag.py took 0.186 seconds
[2022-01-03 13:29:32,734] {processor.py:163} INFO - Started process (PID=1724) to work on /home/airflow/.local/lib/python3.7/site-packages/airflow/example_dags/example_skip_dag.py
[2022-01-03 13:29:32,735] {processor.py:625} INFO - Processing file /home/airflow/.local/lib/python3.7/site-packages/airflow/example_dags/example_skip_dag.py for tasks to queue
[2022-01-03 13:29:32,735] {logging_mixin.py:109} INFO - [2022-01-03 13:29:32,735] {dagbag.py:500} INFO - Filling up the DagBag from /home/airflow/.local/lib/python3.7/site-packages/airflow/example_dags/example_skip_dag.py
[2022-01-03 13:29:32,770] {processor.py:637} INFO - DAG(s) dict_keys(['example_skip_dag']) retrieved from /home/airflow/.local/lib/python3.7/site-packages/airflow/example_dags/example_skip_dag.py
[2022-01-03 13:29:32,783] {logging_mixin.py:109} INFO - [2022-01-03 13:29:32,783] {dag.py:2396} INFO - Sync 1 DAGs
[2022-01-03 13:29:32,806] {logging_mixin.py:109} INFO - [2022-01-03 13:29:32,806] {dag.py:2928} INFO - Setting next_dagrun for example_skip_dag to 2022-01-02T13:29:32.805923+00:00
[2022-01-03 13:29:32,817] {processor.py:171} INFO - Processing /home/airflow/.local/lib/python3.7/site-packages/airflow/example_dags/example_skip_dag.py took 0.087 seconds
[2022-01-03 13:30:03,749] {processor.py:163} INFO - Started process (PID=1783) to work on /home/airflow/.local/lib/python3.7/site-packages/airflow/example_dags/example_skip_dag.py
[2022-01-03 13:30:03,750] {processor.py:625} INFO - Processing file /home/airflow/.local/lib/python3.7/site-packages/airflow/example_dags/example_skip_dag.py for tasks to queue
[2022-01-03 13:30:03,751] {logging_mixin.py:109} INFO - [2022-01-03 13:30:03,751] {dagbag.py:500} INFO - Filling up the DagBag from /home/airflow/.local/lib/python3.7/site-packages/airflow/example_dags/example_skip_dag.py
[2022-01-03 13:30:03,784] {processor.py:637} INFO - DAG(s) dict_keys(['example_skip_dag']) retrieved from /home/airflow/.local/lib/python3.7/site-packages/airflow/example_dags/example_skip_dag.py
[2022-01-03 13:30:03,801] {logging_mixin.py:109} INFO - [2022-01-03 13:30:03,801] {dag.py:2396} INFO - Sync 1 DAGs
[2022-01-03 13:30:03,826] {logging_mixin.py:109} INFO - [2022-01-03 13:30:03,826] {dag.py:2928} INFO - Setting next_dagrun for example_skip_dag to 2022-01-02T13:30:03.824025+00:00
[2022-01-03 13:30:03,841] {processor.py:171} INFO - Processing /home/airflow/.local/lib/python3.7/site-packages/airflow/example_dags/example_skip_dag.py took 0.096 seconds
[2022-01-03 13:30:34,797] {processor.py:163} INFO - Started process (PID=1838) to work on /home/airflow/.local/lib/python3.7/site-packages/airflow/example_dags/example_skip_dag.py
[2022-01-03 13:30:34,799] {processor.py:625} INFO - Processing file /home/airflow/.local/lib/python3.7/site-packages/airflow/example_dags/example_skip_dag.py for tasks to queue
[2022-01-03 13:30:34,800] {logging_mixin.py:109} INFO - [2022-01-03 13:30:34,799] {dagbag.py:500} INFO - Filling up the DagBag from /home/airflow/.local/lib/python3.7/site-packages/airflow/example_dags/example_skip_dag.py
[2022-01-03 13:30:34,838] {processor.py:637} INFO - DAG(s) dict_keys(['example_skip_dag']) retrieved from /home/airflow/.local/lib/python3.7/site-packages/airflow/example_dags/example_skip_dag.py
[2022-01-03 13:30:34,855] {logging_mixin.py:109} INFO - [2022-01-03 13:30:34,855] {dag.py:2396} INFO - Sync 1 DAGs
[2022-01-03 13:30:34,879] {logging_mixin.py:109} INFO - [2022-01-03 13:30:34,879] {dag.py:2928} INFO - Setting next_dagrun for example_skip_dag to 2022-01-02T13:30:34.879222+00:00
[2022-01-03 13:30:34,892] {processor.py:171} INFO - Processing /home/airflow/.local/lib/python3.7/site-packages/airflow/example_dags/example_skip_dag.py took 0.099 seconds
[2022-01-03 13:31:05,491] {processor.py:163} INFO - Started process (PID=1891) to work on /home/airflow/.local/lib/python3.7/site-packages/airflow/example_dags/example_skip_dag.py
[2022-01-03 13:31:05,493] {processor.py:625} INFO - Processing file /home/airflow/.local/lib/python3.7/site-packages/airflow/example_dags/example_skip_dag.py for tasks to queue
[2022-01-03 13:31:05,493] {logging_mixin.py:109} INFO - [2022-01-03 13:31:05,493] {dagbag.py:500} INFO - Filling up the DagBag from /home/airflow/.local/lib/python3.7/site-packages/airflow/example_dags/example_skip_dag.py
[2022-01-03 13:31:05,524] {processor.py:637} INFO - DAG(s) dict_keys(['example_skip_dag']) retrieved from /home/airflow/.local/lib/python3.7/site-packages/airflow/example_dags/example_skip_dag.py
[2022-01-03 13:31:05,537] {logging_mixin.py:109} INFO - [2022-01-03 13:31:05,537] {dag.py:2396} INFO - Sync 1 DAGs
[2022-01-03 13:31:05,558] {logging_mixin.py:109} INFO - [2022-01-03 13:31:05,557] {dag.py:2928} INFO - Setting next_dagrun for example_skip_dag to 2022-01-02T13:31:05.557502+00:00
[2022-01-03 13:31:05,572] {processor.py:171} INFO - Processing /home/airflow/.local/lib/python3.7/site-packages/airflow/example_dags/example_skip_dag.py took 0.085 seconds
[2022-01-03 13:31:35,716] {processor.py:163} INFO - Started process (PID=1942) to work on /home/airflow/.local/lib/python3.7/site-packages/airflow/example_dags/example_skip_dag.py
[2022-01-03 13:31:35,717] {processor.py:625} INFO - Processing file /home/airflow/.local/lib/python3.7/site-packages/airflow/example_dags/example_skip_dag.py for tasks to queue
[2022-01-03 13:31:35,719] {logging_mixin.py:109} INFO - [2022-01-03 13:31:35,719] {dagbag.py:500} INFO - Filling up the DagBag from /home/airflow/.local/lib/python3.7/site-packages/airflow/example_dags/example_skip_dag.py
[2022-01-03 13:31:35,760] {processor.py:637} INFO - DAG(s) dict_keys(['example_skip_dag']) retrieved from /home/airflow/.local/lib/python3.7/site-packages/airflow/example_dags/example_skip_dag.py
[2022-01-03 13:31:35,780] {logging_mixin.py:109} INFO - [2022-01-03 13:31:35,780] {dag.py:2396} INFO - Sync 1 DAGs
[2022-01-03 13:31:35,805] {logging_mixin.py:109} INFO - [2022-01-03 13:31:35,805] {dag.py:2928} INFO - Setting next_dagrun for example_skip_dag to 2022-01-02T13:31:35.804957+00:00
[2022-01-03 13:31:35,824] {processor.py:171} INFO - Processing /home/airflow/.local/lib/python3.7/site-packages/airflow/example_dags/example_skip_dag.py took 0.112 seconds
[2022-01-03 13:37:44,922] {processor.py:163} INFO - Started process (PID=98) to work on /home/airflow/.local/lib/python3.7/site-packages/airflow/example_dags/example_skip_dag.py
[2022-01-03 13:37:44,925] {processor.py:625} INFO - Processing file /home/airflow/.local/lib/python3.7/site-packages/airflow/example_dags/example_skip_dag.py for tasks to queue
[2022-01-03 13:37:44,926] {logging_mixin.py:109} INFO - [2022-01-03 13:37:44,926] {dagbag.py:500} INFO - Filling up the DagBag from /home/airflow/.local/lib/python3.7/site-packages/airflow/example_dags/example_skip_dag.py
[2022-01-03 13:37:45,016] {processor.py:637} INFO - DAG(s) dict_keys(['example_skip_dag']) retrieved from /home/airflow/.local/lib/python3.7/site-packages/airflow/example_dags/example_skip_dag.py
[2022-01-03 13:37:50,388] {logging_mixin.py:109} INFO - [2022-01-03 13:37:50,387] {providers_manager.py:156} WARNING - Exception when importing 'airflow.providers.google.leveldb.hooks.leveldb.LevelDBHook' from 'apache-airflow-providers-google' package: No module named 'plyvel'
[2022-01-03 13:37:51,593] {logging_mixin.py:109} INFO - [2022-01-03 13:37:51,593] {providers_manager.py:156} WARNING - Exception when importing 'airflow.providers.google.leveldb.hooks.leveldb.LevelDBHook' from 'apache-airflow-providers-google' package: No module named 'plyvel'
[2022-01-03 13:37:51,640] {logging_mixin.py:109} INFO - [2022-01-03 13:37:51,640] {manager.py:496} INFO - Created Permission View: can edit on DAG:example_skip_dag
[2022-01-03 13:37:51,663] {logging_mixin.py:109} INFO - [2022-01-03 13:37:51,663] {manager.py:496} INFO - Created Permission View: can read on DAG:example_skip_dag
[2022-01-03 13:37:51,663] {logging_mixin.py:109} INFO - [2022-01-03 13:37:51,663] {dag.py:2396} INFO - Sync 1 DAGs
[2022-01-03 13:37:51,687] {logging_mixin.py:109} INFO - [2022-01-03 13:37:51,687] {dag.py:2415} INFO - Creating ORM DAG for example_skip_dag
[2022-01-03 13:37:51,710] {logging_mixin.py:109} INFO - [2022-01-03 13:37:51,709] {dag.py:2928} INFO - Setting next_dagrun for example_skip_dag to 2022-01-02T13:37:51.709615+00:00
[2022-01-03 13:37:51,740] {processor.py:171} INFO - Processing /home/airflow/.local/lib/python3.7/site-packages/airflow/example_dags/example_skip_dag.py took 6.841 seconds
[2022-01-03 13:38:34,260] {processor.py:163} INFO - Started process (PID=259) to work on /home/airflow/.local/lib/python3.7/site-packages/airflow/example_dags/example_skip_dag.py
[2022-01-03 13:38:34,263] {processor.py:625} INFO - Processing file /home/airflow/.local/lib/python3.7/site-packages/airflow/example_dags/example_skip_dag.py for tasks to queue
[2022-01-03 13:38:34,264] {logging_mixin.py:109} INFO - [2022-01-03 13:38:34,264] {dagbag.py:500} INFO - Filling up the DagBag from /home/airflow/.local/lib/python3.7/site-packages/airflow/example_dags/example_skip_dag.py
[2022-01-03 13:38:34,310] {processor.py:637} INFO - DAG(s) dict_keys(['example_skip_dag']) retrieved from /home/airflow/.local/lib/python3.7/site-packages/airflow/example_dags/example_skip_dag.py
[2022-01-03 13:38:34,331] {logging_mixin.py:109} INFO - [2022-01-03 13:38:34,330] {dag.py:2396} INFO - Sync 1 DAGs
[2022-01-03 13:38:34,367] {logging_mixin.py:109} INFO - [2022-01-03 13:38:34,367] {dag.py:2928} INFO - Setting next_dagrun for example_skip_dag to 2022-01-02T13:38:34.366687+00:00
[2022-01-03 13:38:34,382] {processor.py:171} INFO - Processing /home/airflow/.local/lib/python3.7/site-packages/airflow/example_dags/example_skip_dag.py took 0.126 seconds
[2022-01-03 13:39:04,885] {processor.py:163} INFO - Started process (PID=308) to work on /home/airflow/.local/lib/python3.7/site-packages/airflow/example_dags/example_skip_dag.py
[2022-01-03 13:39:04,897] {processor.py:625} INFO - Processing file /home/airflow/.local/lib/python3.7/site-packages/airflow/example_dags/example_skip_dag.py for tasks to queue
[2022-01-03 13:39:04,897] {logging_mixin.py:109} INFO - [2022-01-03 13:39:04,897] {dagbag.py:500} INFO - Filling up the DagBag from /home/airflow/.local/lib/python3.7/site-packages/airflow/example_dags/example_skip_dag.py
[2022-01-03 13:39:05,099] {processor.py:637} INFO - DAG(s) dict_keys(['example_skip_dag']) retrieved from /home/airflow/.local/lib/python3.7/site-packages/airflow/example_dags/example_skip_dag.py
[2022-01-03 13:39:05,212] {logging_mixin.py:109} INFO - [2022-01-03 13:39:05,212] {dag.py:2396} INFO - Sync 1 DAGs
[2022-01-03 13:39:05,346] {logging_mixin.py:109} INFO - [2022-01-03 13:39:05,344] {dag.py:2928} INFO - Setting next_dagrun for example_skip_dag to 2022-01-02T13:39:05.344370+00:00
[2022-01-03 13:39:05,458] {processor.py:171} INFO - Processing /home/airflow/.local/lib/python3.7/site-packages/airflow/example_dags/example_skip_dag.py took 0.587 seconds
[2022-01-03 13:42:41,686] {processor.py:163} INFO - Started process (PID=98) to work on /home/airflow/.local/lib/python3.7/site-packages/airflow/example_dags/example_skip_dag.py
[2022-01-03 13:42:41,689] {processor.py:625} INFO - Processing file /home/airflow/.local/lib/python3.7/site-packages/airflow/example_dags/example_skip_dag.py for tasks to queue
[2022-01-03 13:42:41,691] {logging_mixin.py:109} INFO - [2022-01-03 13:42:41,691] {dagbag.py:500} INFO - Filling up the DagBag from /home/airflow/.local/lib/python3.7/site-packages/airflow/example_dags/example_skip_dag.py
[2022-01-03 13:42:41,790] {processor.py:637} INFO - DAG(s) dict_keys(['example_skip_dag']) retrieved from /home/airflow/.local/lib/python3.7/site-packages/airflow/example_dags/example_skip_dag.py
[2022-01-03 13:42:45,800] {logging_mixin.py:109} INFO - [2022-01-03 13:42:45,800] {providers_manager.py:156} WARNING - Exception when importing 'airflow.providers.google.leveldb.hooks.leveldb.LevelDBHook' from 'apache-airflow-providers-google' package: No module named 'plyvel'
[2022-01-03 13:42:46,615] {logging_mixin.py:109} INFO - [2022-01-03 13:42:46,615] {providers_manager.py:156} WARNING - Exception when importing 'airflow.providers.google.leveldb.hooks.leveldb.LevelDBHook' from 'apache-airflow-providers-google' package: No module named 'plyvel'
[2022-01-03 13:42:46,644] {logging_mixin.py:109} INFO - [2022-01-03 13:42:46,644] {manager.py:496} INFO - Created Permission View: can read on DAG:example_skip_dag
[2022-01-03 13:42:46,658] {logging_mixin.py:109} INFO - [2022-01-03 13:42:46,657] {manager.py:496} INFO - Created Permission View: can edit on DAG:example_skip_dag
[2022-01-03 13:42:46,658] {logging_mixin.py:109} INFO - [2022-01-03 13:42:46,658] {dag.py:2396} INFO - Sync 1 DAGs
[2022-01-03 13:42:46,674] {logging_mixin.py:109} INFO - [2022-01-03 13:42:46,673] {dag.py:2415} INFO - Creating ORM DAG for example_skip_dag
[2022-01-03 13:42:46,684] {logging_mixin.py:109} INFO - [2022-01-03 13:42:46,684] {dag.py:2928} INFO - Setting next_dagrun for example_skip_dag to 2022-01-02T13:42:46.684152+00:00
[2022-01-03 13:42:46,699] {processor.py:171} INFO - Processing /home/airflow/.local/lib/python3.7/site-packages/airflow/example_dags/example_skip_dag.py took 5.017 seconds
[2022-01-03 13:43:27,449] {processor.py:163} INFO - Started process (PID=247) to work on /home/airflow/.local/lib/python3.7/site-packages/airflow/example_dags/example_skip_dag.py
[2022-01-03 13:43:27,450] {processor.py:625} INFO - Processing file /home/airflow/.local/lib/python3.7/site-packages/airflow/example_dags/example_skip_dag.py for tasks to queue
[2022-01-03 13:43:27,451] {logging_mixin.py:109} INFO - [2022-01-03 13:43:27,451] {dagbag.py:500} INFO - Filling up the DagBag from /home/airflow/.local/lib/python3.7/site-packages/airflow/example_dags/example_skip_dag.py
[2022-01-03 13:43:27,495] {processor.py:637} INFO - DAG(s) dict_keys(['example_skip_dag']) retrieved from /home/airflow/.local/lib/python3.7/site-packages/airflow/example_dags/example_skip_dag.py
[2022-01-03 13:43:27,514] {logging_mixin.py:109} INFO - [2022-01-03 13:43:27,514] {dag.py:2396} INFO - Sync 1 DAGs
[2022-01-03 13:43:27,541] {logging_mixin.py:109} INFO - [2022-01-03 13:43:27,541] {dag.py:2928} INFO - Setting next_dagrun for example_skip_dag to 2022-01-02T13:43:27.541169+00:00
[2022-01-03 13:43:27,555] {processor.py:171} INFO - Processing /home/airflow/.local/lib/python3.7/site-packages/airflow/example_dags/example_skip_dag.py took 0.110 seconds
[2022-01-03 13:43:58,517] {processor.py:163} INFO - Started process (PID=307) to work on /home/airflow/.local/lib/python3.7/site-packages/airflow/example_dags/example_skip_dag.py
[2022-01-03 13:43:58,518] {processor.py:625} INFO - Processing file /home/airflow/.local/lib/python3.7/site-packages/airflow/example_dags/example_skip_dag.py for tasks to queue
[2022-01-03 13:43:58,519] {logging_mixin.py:109} INFO - [2022-01-03 13:43:58,519] {dagbag.py:500} INFO - Filling up the DagBag from /home/airflow/.local/lib/python3.7/site-packages/airflow/example_dags/example_skip_dag.py
[2022-01-03 13:43:58,573] {processor.py:637} INFO - DAG(s) dict_keys(['example_skip_dag']) retrieved from /home/airflow/.local/lib/python3.7/site-packages/airflow/example_dags/example_skip_dag.py
[2022-01-03 13:43:58,590] {logging_mixin.py:109} INFO - [2022-01-03 13:43:58,590] {dag.py:2396} INFO - Sync 1 DAGs
[2022-01-03 13:43:58,631] {logging_mixin.py:109} INFO - [2022-01-03 13:43:58,631] {dag.py:2928} INFO - Setting next_dagrun for example_skip_dag to 2022-01-02T13:43:58.630801+00:00
[2022-01-03 13:43:58,658] {processor.py:171} INFO - Processing /home/airflow/.local/lib/python3.7/site-packages/airflow/example_dags/example_skip_dag.py took 0.144 seconds
[2022-01-03 13:44:29,047] {processor.py:163} INFO - Started process (PID=357) to work on /home/airflow/.local/lib/python3.7/site-packages/airflow/example_dags/example_skip_dag.py
[2022-01-03 13:44:29,048] {processor.py:625} INFO - Processing file /home/airflow/.local/lib/python3.7/site-packages/airflow/example_dags/example_skip_dag.py for tasks to queue
[2022-01-03 13:44:29,049] {logging_mixin.py:109} INFO - [2022-01-03 13:44:29,049] {dagbag.py:500} INFO - Filling up the DagBag from /home/airflow/.local/lib/python3.7/site-packages/airflow/example_dags/example_skip_dag.py
[2022-01-03 13:44:29,080] {processor.py:637} INFO - DAG(s) dict_keys(['example_skip_dag']) retrieved from /home/airflow/.local/lib/python3.7/site-packages/airflow/example_dags/example_skip_dag.py
[2022-01-03 13:44:29,097] {logging_mixin.py:109} INFO - [2022-01-03 13:44:29,097] {dag.py:2396} INFO - Sync 1 DAGs
[2022-01-03 13:44:29,131] {logging_mixin.py:109} INFO - [2022-01-03 13:44:29,131] {dag.py:2928} INFO - Setting next_dagrun for example_skip_dag to 2022-01-02T13:44:29.131435+00:00
[2022-01-03 13:44:29,145] {processor.py:171} INFO - Processing /home/airflow/.local/lib/python3.7/site-packages/airflow/example_dags/example_skip_dag.py took 0.101 seconds
[2022-01-03 13:44:59,570] {processor.py:163} INFO - Started process (PID=407) to work on /home/airflow/.local/lib/python3.7/site-packages/airflow/example_dags/example_skip_dag.py
[2022-01-03 13:44:59,571] {processor.py:625} INFO - Processing file /home/airflow/.local/lib/python3.7/site-packages/airflow/example_dags/example_skip_dag.py for tasks to queue
[2022-01-03 13:44:59,572] {logging_mixin.py:109} INFO - [2022-01-03 13:44:59,571] {dagbag.py:500} INFO - Filling up the DagBag from /home/airflow/.local/lib/python3.7/site-packages/airflow/example_dags/example_skip_dag.py
[2022-01-03 13:44:59,601] {processor.py:637} INFO - DAG(s) dict_keys(['example_skip_dag']) retrieved from /home/airflow/.local/lib/python3.7/site-packages/airflow/example_dags/example_skip_dag.py
[2022-01-03 13:44:59,614] {logging_mixin.py:109} INFO - [2022-01-03 13:44:59,614] {dag.py:2396} INFO - Sync 1 DAGs
[2022-01-03 13:44:59,638] {logging_mixin.py:109} INFO - [2022-01-03 13:44:59,637] {dag.py:2928} INFO - Setting next_dagrun for example_skip_dag to 2022-01-02T13:44:59.637509+00:00
[2022-01-03 13:44:59,656] {processor.py:171} INFO - Processing /home/airflow/.local/lib/python3.7/site-packages/airflow/example_dags/example_skip_dag.py took 0.090 seconds
[2022-01-03 13:45:30,083] {processor.py:163} INFO - Started process (PID=459) to work on /home/airflow/.local/lib/python3.7/site-packages/airflow/example_dags/example_skip_dag.py
[2022-01-03 13:45:30,084] {processor.py:625} INFO - Processing file /home/airflow/.local/lib/python3.7/site-packages/airflow/example_dags/example_skip_dag.py for tasks to queue
[2022-01-03 13:45:30,085] {logging_mixin.py:109} INFO - [2022-01-03 13:45:30,085] {dagbag.py:500} INFO - Filling up the DagBag from /home/airflow/.local/lib/python3.7/site-packages/airflow/example_dags/example_skip_dag.py
[2022-01-03 13:45:30,123] {processor.py:637} INFO - DAG(s) dict_keys(['example_skip_dag']) retrieved from /home/airflow/.local/lib/python3.7/site-packages/airflow/example_dags/example_skip_dag.py
[2022-01-03 13:45:30,139] {logging_mixin.py:109} INFO - [2022-01-03 13:45:30,139] {dag.py:2396} INFO - Sync 1 DAGs
[2022-01-03 13:45:30,159] {logging_mixin.py:109} INFO - [2022-01-03 13:45:30,159] {dag.py:2928} INFO - Setting next_dagrun for example_skip_dag to 2022-01-02T13:45:30.159049+00:00
[2022-01-03 13:45:30,172] {processor.py:171} INFO - Processing /home/airflow/.local/lib/python3.7/site-packages/airflow/example_dags/example_skip_dag.py took 0.093 seconds
[2022-01-03 13:46:00,905] {processor.py:163} INFO - Started process (PID=522) to work on /home/airflow/.local/lib/python3.7/site-packages/airflow/example_dags/example_skip_dag.py
[2022-01-03 13:46:00,914] {processor.py:625} INFO - Processing file /home/airflow/.local/lib/python3.7/site-packages/airflow/example_dags/example_skip_dag.py for tasks to queue
[2022-01-03 13:46:00,917] {logging_mixin.py:109} INFO - [2022-01-03 13:46:00,917] {dagbag.py:500} INFO - Filling up the DagBag from /home/airflow/.local/lib/python3.7/site-packages/airflow/example_dags/example_skip_dag.py
[2022-01-03 13:46:00,993] {processor.py:637} INFO - DAG(s) dict_keys(['example_skip_dag']) retrieved from /home/airflow/.local/lib/python3.7/site-packages/airflow/example_dags/example_skip_dag.py
[2022-01-03 13:46:01,042] {logging_mixin.py:109} INFO - [2022-01-03 13:46:01,042] {dag.py:2396} INFO - Sync 1 DAGs
[2022-01-03 13:46:01,149] {logging_mixin.py:109} INFO - [2022-01-03 13:46:01,149] {dag.py:2928} INFO - Setting next_dagrun for example_skip_dag to 2022-01-02T13:46:01.148721+00:00
[2022-01-03 13:46:01,221] {processor.py:171} INFO - Processing /home/airflow/.local/lib/python3.7/site-packages/airflow/example_dags/example_skip_dag.py took 0.319 seconds
[2022-01-03 13:46:32,064] {processor.py:163} INFO - Started process (PID=573) to work on /home/airflow/.local/lib/python3.7/site-packages/airflow/example_dags/example_skip_dag.py
[2022-01-03 13:46:32,066] {processor.py:625} INFO - Processing file /home/airflow/.local/lib/python3.7/site-packages/airflow/example_dags/example_skip_dag.py for tasks to queue
[2022-01-03 13:46:32,066] {logging_mixin.py:109} INFO - [2022-01-03 13:46:32,066] {dagbag.py:500} INFO - Filling up the DagBag from /home/airflow/.local/lib/python3.7/site-packages/airflow/example_dags/example_skip_dag.py
[2022-01-03 13:46:32,093] {processor.py:637} INFO - DAG(s) dict_keys(['example_skip_dag']) retrieved from /home/airflow/.local/lib/python3.7/site-packages/airflow/example_dags/example_skip_dag.py
[2022-01-03 13:46:32,111] {logging_mixin.py:109} INFO - [2022-01-03 13:46:32,111] {dag.py:2396} INFO - Sync 1 DAGs
[2022-01-03 13:46:32,138] {logging_mixin.py:109} INFO - [2022-01-03 13:46:32,138] {dag.py:2928} INFO - Setting next_dagrun for example_skip_dag to 2022-01-02T13:46:32.137847+00:00
[2022-01-03 13:46:32,148] {processor.py:171} INFO - Processing /home/airflow/.local/lib/python3.7/site-packages/airflow/example_dags/example_skip_dag.py took 0.087 seconds
