[2022-01-03 12:27:13,304] {processor.py:163} INFO - Started process (PID=58) to work on /home/airflow/.local/lib/python3.7/site-packages/airflow/example_dags/example_latest_only_with_trigger.py
[2022-01-03 12:27:13,326] {processor.py:625} INFO - Processing file /home/airflow/.local/lib/python3.7/site-packages/airflow/example_dags/example_latest_only_with_trigger.py for tasks to queue
[2022-01-03 12:27:13,334] {logging_mixin.py:109} INFO - [2022-01-03 12:27:13,334] {dagbag.py:500} INFO - Filling up the DagBag from /home/airflow/.local/lib/python3.7/site-packages/airflow/example_dags/example_latest_only_with_trigger.py
[2022-01-03 12:27:13,673] {processor.py:637} INFO - DAG(s) dict_keys(['latest_only_with_trigger']) retrieved from /home/airflow/.local/lib/python3.7/site-packages/airflow/example_dags/example_latest_only_with_trigger.py
[2022-01-03 12:27:28,329] {logging_mixin.py:109} INFO - [2022-01-03 12:27:28,329] {providers_manager.py:156} WARNING - Exception when importing 'airflow.providers.google.leveldb.hooks.leveldb.LevelDBHook' from 'apache-airflow-providers-google' package: No module named 'plyvel'
[2022-01-03 12:27:38,804] {logging_mixin.py:109} INFO - [2022-01-03 12:27:38,804] {providers_manager.py:156} WARNING - Exception when importing 'airflow.providers.google.leveldb.hooks.leveldb.LevelDBHook' from 'apache-airflow-providers-google' package: No module named 'plyvel'
[2022-01-03 12:27:38,991] {logging_mixin.py:109} INFO - [2022-01-03 12:27:38,991] {manager.py:496} INFO - Created Permission View: can read on DAG:latest_only_with_trigger
[2022-01-03 12:27:39,057] {logging_mixin.py:109} INFO - [2022-01-03 12:27:39,056] {manager.py:496} INFO - Created Permission View: can edit on DAG:latest_only_with_trigger
[2022-01-03 12:27:39,057] {logging_mixin.py:109} INFO - [2022-01-03 12:27:39,057] {dag.py:2396} INFO - Sync 1 DAGs
[2022-01-03 12:27:39,142] {logging_mixin.py:109} INFO - [2022-01-03 12:27:39,141] {dag.py:2415} INFO - Creating ORM DAG for latest_only_with_trigger
[2022-01-03 12:27:39,273] {logging_mixin.py:109} INFO - [2022-01-03 12:27:39,273] {dag.py:2928} INFO - Setting next_dagrun for latest_only_with_trigger to 2022-01-03T08:27:39.273197+00:00
[2022-01-03 12:27:39,415] {processor.py:171} INFO - Processing /home/airflow/.local/lib/python3.7/site-packages/airflow/example_dags/example_latest_only_with_trigger.py took 26.138 seconds
[2022-01-03 12:28:58,455] {processor.py:163} INFO - Started process (PID=265) to work on /home/airflow/.local/lib/python3.7/site-packages/airflow/example_dags/example_latest_only_with_trigger.py
[2022-01-03 12:28:58,459] {processor.py:625} INFO - Processing file /home/airflow/.local/lib/python3.7/site-packages/airflow/example_dags/example_latest_only_with_trigger.py for tasks to queue
[2022-01-03 12:28:58,460] {logging_mixin.py:109} INFO - [2022-01-03 12:28:58,460] {dagbag.py:500} INFO - Filling up the DagBag from /home/airflow/.local/lib/python3.7/site-packages/airflow/example_dags/example_latest_only_with_trigger.py
[2022-01-03 12:28:58,552] {processor.py:637} INFO - DAG(s) dict_keys(['latest_only_with_trigger']) retrieved from /home/airflow/.local/lib/python3.7/site-packages/airflow/example_dags/example_latest_only_with_trigger.py
[2022-01-03 12:28:58,571] {logging_mixin.py:109} INFO - [2022-01-03 12:28:58,571] {dag.py:2396} INFO - Sync 1 DAGs
[2022-01-03 12:28:58,601] {logging_mixin.py:109} INFO - [2022-01-03 12:28:58,600] {dag.py:2928} INFO - Setting next_dagrun for latest_only_with_trigger to 2022-01-03T08:28:58.600570+00:00
[2022-01-03 12:28:58,623] {processor.py:171} INFO - Processing /home/airflow/.local/lib/python3.7/site-packages/airflow/example_dags/example_latest_only_with_trigger.py took 0.194 seconds
[2022-01-03 12:29:29,448] {processor.py:163} INFO - Started process (PID=315) to work on /home/airflow/.local/lib/python3.7/site-packages/airflow/example_dags/example_latest_only_with_trigger.py
[2022-01-03 12:29:29,450] {processor.py:625} INFO - Processing file /home/airflow/.local/lib/python3.7/site-packages/airflow/example_dags/example_latest_only_with_trigger.py for tasks to queue
[2022-01-03 12:29:29,451] {logging_mixin.py:109} INFO - [2022-01-03 12:29:29,451] {dagbag.py:500} INFO - Filling up the DagBag from /home/airflow/.local/lib/python3.7/site-packages/airflow/example_dags/example_latest_only_with_trigger.py
[2022-01-03 12:29:29,501] {processor.py:637} INFO - DAG(s) dict_keys(['latest_only_with_trigger']) retrieved from /home/airflow/.local/lib/python3.7/site-packages/airflow/example_dags/example_latest_only_with_trigger.py
[2022-01-03 12:29:29,516] {logging_mixin.py:109} INFO - [2022-01-03 12:29:29,515] {dag.py:2396} INFO - Sync 1 DAGs
[2022-01-03 12:29:29,547] {logging_mixin.py:109} INFO - [2022-01-03 12:29:29,547] {dag.py:2928} INFO - Setting next_dagrun for latest_only_with_trigger to 2022-01-03T08:29:29.547194+00:00
[2022-01-03 12:29:29,561] {processor.py:171} INFO - Processing /home/airflow/.local/lib/python3.7/site-packages/airflow/example_dags/example_latest_only_with_trigger.py took 0.118 seconds
[2022-01-03 12:30:00,296] {processor.py:163} INFO - Started process (PID=367) to work on /home/airflow/.local/lib/python3.7/site-packages/airflow/example_dags/example_latest_only_with_trigger.py
[2022-01-03 12:30:00,298] {processor.py:625} INFO - Processing file /home/airflow/.local/lib/python3.7/site-packages/airflow/example_dags/example_latest_only_with_trigger.py for tasks to queue
[2022-01-03 12:30:00,299] {logging_mixin.py:109} INFO - [2022-01-03 12:30:00,298] {dagbag.py:500} INFO - Filling up the DagBag from /home/airflow/.local/lib/python3.7/site-packages/airflow/example_dags/example_latest_only_with_trigger.py
[2022-01-03 12:30:00,350] {processor.py:637} INFO - DAG(s) dict_keys(['latest_only_with_trigger']) retrieved from /home/airflow/.local/lib/python3.7/site-packages/airflow/example_dags/example_latest_only_with_trigger.py
[2022-01-03 12:30:00,368] {logging_mixin.py:109} INFO - [2022-01-03 12:30:00,368] {dag.py:2396} INFO - Sync 1 DAGs
[2022-01-03 12:30:00,406] {logging_mixin.py:109} INFO - [2022-01-03 12:30:00,406] {dag.py:2928} INFO - Setting next_dagrun for latest_only_with_trigger to 2022-01-03T08:30:00.406078+00:00
[2022-01-03 12:30:00,423] {processor.py:171} INFO - Processing /home/airflow/.local/lib/python3.7/site-packages/airflow/example_dags/example_latest_only_with_trigger.py took 0.131 seconds
[2022-01-03 12:30:30,681] {processor.py:163} INFO - Started process (PID=420) to work on /home/airflow/.local/lib/python3.7/site-packages/airflow/example_dags/example_latest_only_with_trigger.py
[2022-01-03 12:30:30,696] {processor.py:625} INFO - Processing file /home/airflow/.local/lib/python3.7/site-packages/airflow/example_dags/example_latest_only_with_trigger.py for tasks to queue
[2022-01-03 12:30:30,696] {logging_mixin.py:109} INFO - [2022-01-03 12:30:30,696] {dagbag.py:500} INFO - Filling up the DagBag from /home/airflow/.local/lib/python3.7/site-packages/airflow/example_dags/example_latest_only_with_trigger.py
[2022-01-03 12:30:30,838] {processor.py:637} INFO - DAG(s) dict_keys(['latest_only_with_trigger']) retrieved from /home/airflow/.local/lib/python3.7/site-packages/airflow/example_dags/example_latest_only_with_trigger.py
[2022-01-03 12:30:30,896] {logging_mixin.py:109} INFO - [2022-01-03 12:30:30,896] {dag.py:2396} INFO - Sync 1 DAGs
[2022-01-03 12:30:31,055] {logging_mixin.py:109} INFO - [2022-01-03 12:30:31,055] {dag.py:2928} INFO - Setting next_dagrun for latest_only_with_trigger to 2022-01-03T08:30:31.054764+00:00
[2022-01-03 12:30:31,129] {processor.py:171} INFO - Processing /home/airflow/.local/lib/python3.7/site-packages/airflow/example_dags/example_latest_only_with_trigger.py took 0.452 seconds
[2022-01-03 12:31:01,370] {processor.py:163} INFO - Started process (PID=472) to work on /home/airflow/.local/lib/python3.7/site-packages/airflow/example_dags/example_latest_only_with_trigger.py
[2022-01-03 12:31:01,399] {processor.py:625} INFO - Processing file /home/airflow/.local/lib/python3.7/site-packages/airflow/example_dags/example_latest_only_with_trigger.py for tasks to queue
[2022-01-03 12:31:01,400] {logging_mixin.py:109} INFO - [2022-01-03 12:31:01,399] {dagbag.py:500} INFO - Filling up the DagBag from /home/airflow/.local/lib/python3.7/site-packages/airflow/example_dags/example_latest_only_with_trigger.py
[2022-01-03 12:31:01,573] {processor.py:637} INFO - DAG(s) dict_keys(['latest_only_with_trigger']) retrieved from /home/airflow/.local/lib/python3.7/site-packages/airflow/example_dags/example_latest_only_with_trigger.py
[2022-01-03 12:31:01,676] {logging_mixin.py:109} INFO - [2022-01-03 12:31:01,676] {dag.py:2396} INFO - Sync 1 DAGs
[2022-01-03 12:31:01,811] {logging_mixin.py:109} INFO - [2022-01-03 12:31:01,811] {dag.py:2928} INFO - Setting next_dagrun for latest_only_with_trigger to 2022-01-03T08:31:01.811010+00:00
[2022-01-03 12:31:01,883] {processor.py:171} INFO - Processing /home/airflow/.local/lib/python3.7/site-packages/airflow/example_dags/example_latest_only_with_trigger.py took 0.545 seconds
[2022-01-03 12:31:31,949] {processor.py:163} INFO - Started process (PID=511) to work on /home/airflow/.local/lib/python3.7/site-packages/airflow/example_dags/example_latest_only_with_trigger.py
[2022-01-03 12:31:31,951] {processor.py:625} INFO - Processing file /home/airflow/.local/lib/python3.7/site-packages/airflow/example_dags/example_latest_only_with_trigger.py for tasks to queue
[2022-01-03 12:31:31,952] {logging_mixin.py:109} INFO - [2022-01-03 12:31:31,952] {dagbag.py:500} INFO - Filling up the DagBag from /home/airflow/.local/lib/python3.7/site-packages/airflow/example_dags/example_latest_only_with_trigger.py
[2022-01-03 12:31:32,044] {processor.py:637} INFO - DAG(s) dict_keys(['latest_only_with_trigger']) retrieved from /home/airflow/.local/lib/python3.7/site-packages/airflow/example_dags/example_latest_only_with_trigger.py
[2022-01-03 12:31:32,061] {logging_mixin.py:109} INFO - [2022-01-03 12:31:32,060] {dag.py:2396} INFO - Sync 1 DAGs
[2022-01-03 12:31:32,103] {logging_mixin.py:109} INFO - [2022-01-03 12:31:32,103] {dag.py:2928} INFO - Setting next_dagrun for latest_only_with_trigger to 2022-01-03T08:31:32.102858+00:00
[2022-01-03 12:31:32,135] {processor.py:171} INFO - Processing /home/airflow/.local/lib/python3.7/site-packages/airflow/example_dags/example_latest_only_with_trigger.py took 0.189 seconds
[2022-01-03 12:32:02,235] {processor.py:163} INFO - Started process (PID=569) to work on /home/airflow/.local/lib/python3.7/site-packages/airflow/example_dags/example_latest_only_with_trigger.py
[2022-01-03 12:32:02,237] {processor.py:625} INFO - Processing file /home/airflow/.local/lib/python3.7/site-packages/airflow/example_dags/example_latest_only_with_trigger.py for tasks to queue
[2022-01-03 12:32:02,238] {logging_mixin.py:109} INFO - [2022-01-03 12:32:02,237] {dagbag.py:500} INFO - Filling up the DagBag from /home/airflow/.local/lib/python3.7/site-packages/airflow/example_dags/example_latest_only_with_trigger.py
[2022-01-03 12:32:02,283] {processor.py:637} INFO - DAG(s) dict_keys(['latest_only_with_trigger']) retrieved from /home/airflow/.local/lib/python3.7/site-packages/airflow/example_dags/example_latest_only_with_trigger.py
[2022-01-03 12:32:02,302] {logging_mixin.py:109} INFO - [2022-01-03 12:32:02,302] {dag.py:2396} INFO - Sync 1 DAGs
[2022-01-03 12:32:02,332] {logging_mixin.py:109} INFO - [2022-01-03 12:32:02,332] {dag.py:2928} INFO - Setting next_dagrun for latest_only_with_trigger to 2022-01-03T08:32:02.331612+00:00
[2022-01-03 12:32:02,346] {processor.py:171} INFO - Processing /home/airflow/.local/lib/python3.7/site-packages/airflow/example_dags/example_latest_only_with_trigger.py took 0.115 seconds
[2022-01-03 13:13:41,829] {processor.py:163} INFO - Started process (PID=50) to work on /home/airflow/.local/lib/python3.7/site-packages/airflow/example_dags/example_latest_only_with_trigger.py
[2022-01-03 13:13:41,839] {processor.py:625} INFO - Processing file /home/airflow/.local/lib/python3.7/site-packages/airflow/example_dags/example_latest_only_with_trigger.py for tasks to queue
[2022-01-03 13:13:41,841] {logging_mixin.py:109} INFO - [2022-01-03 13:13:41,841] {dagbag.py:500} INFO - Filling up the DagBag from /home/airflow/.local/lib/python3.7/site-packages/airflow/example_dags/example_latest_only_with_trigger.py
[2022-01-03 13:13:42,044] {processor.py:637} INFO - DAG(s) dict_keys(['latest_only_with_trigger']) retrieved from /home/airflow/.local/lib/python3.7/site-packages/airflow/example_dags/example_latest_only_with_trigger.py
[2022-01-03 13:13:42,094] {logging_mixin.py:109} INFO - [2022-01-03 13:13:42,094] {dag.py:2396} INFO - Sync 1 DAGs
[2022-01-03 13:13:42,162] {logging_mixin.py:109} INFO - [2022-01-03 13:13:42,162] {dag.py:2928} INFO - Setting next_dagrun for latest_only_with_trigger to 2022-01-03T09:13:42.161673+00:00
[2022-01-03 13:13:42,203] {processor.py:171} INFO - Processing /home/airflow/.local/lib/python3.7/site-packages/airflow/example_dags/example_latest_only_with_trigger.py took 0.394 seconds
[2022-01-03 13:14:12,656] {processor.py:163} INFO - Started process (PID=97) to work on /home/airflow/.local/lib/python3.7/site-packages/airflow/example_dags/example_latest_only_with_trigger.py
[2022-01-03 13:14:12,658] {processor.py:625} INFO - Processing file /home/airflow/.local/lib/python3.7/site-packages/airflow/example_dags/example_latest_only_with_trigger.py for tasks to queue
[2022-01-03 13:14:12,658] {logging_mixin.py:109} INFO - [2022-01-03 13:14:12,658] {dagbag.py:500} INFO - Filling up the DagBag from /home/airflow/.local/lib/python3.7/site-packages/airflow/example_dags/example_latest_only_with_trigger.py
[2022-01-03 13:14:12,693] {processor.py:637} INFO - DAG(s) dict_keys(['latest_only_with_trigger']) retrieved from /home/airflow/.local/lib/python3.7/site-packages/airflow/example_dags/example_latest_only_with_trigger.py
[2022-01-03 13:14:12,708] {logging_mixin.py:109} INFO - [2022-01-03 13:14:12,708] {dag.py:2396} INFO - Sync 1 DAGs
[2022-01-03 13:14:12,730] {logging_mixin.py:109} INFO - [2022-01-03 13:14:12,729] {dag.py:2928} INFO - Setting next_dagrun for latest_only_with_trigger to 2022-01-03T09:14:12.729705+00:00
[2022-01-03 13:14:12,743] {processor.py:171} INFO - Processing /home/airflow/.local/lib/python3.7/site-packages/airflow/example_dags/example_latest_only_with_trigger.py took 0.093 seconds
[2022-01-03 13:14:43,158] {processor.py:163} INFO - Started process (PID=162) to work on /home/airflow/.local/lib/python3.7/site-packages/airflow/example_dags/example_latest_only_with_trigger.py
[2022-01-03 13:14:43,160] {processor.py:625} INFO - Processing file /home/airflow/.local/lib/python3.7/site-packages/airflow/example_dags/example_latest_only_with_trigger.py for tasks to queue
[2022-01-03 13:14:43,161] {logging_mixin.py:109} INFO - [2022-01-03 13:14:43,161] {dagbag.py:500} INFO - Filling up the DagBag from /home/airflow/.local/lib/python3.7/site-packages/airflow/example_dags/example_latest_only_with_trigger.py
[2022-01-03 13:14:43,197] {processor.py:637} INFO - DAG(s) dict_keys(['latest_only_with_trigger']) retrieved from /home/airflow/.local/lib/python3.7/site-packages/airflow/example_dags/example_latest_only_with_trigger.py
[2022-01-03 13:14:43,215] {logging_mixin.py:109} INFO - [2022-01-03 13:14:43,215] {dag.py:2396} INFO - Sync 1 DAGs
[2022-01-03 13:14:43,244] {logging_mixin.py:109} INFO - [2022-01-03 13:14:43,244] {dag.py:2928} INFO - Setting next_dagrun for latest_only_with_trigger to 2022-01-03T09:14:43.244347+00:00
[2022-01-03 13:14:43,258] {processor.py:171} INFO - Processing /home/airflow/.local/lib/python3.7/site-packages/airflow/example_dags/example_latest_only_with_trigger.py took 0.108 seconds
[2022-01-03 13:15:13,332] {processor.py:163} INFO - Started process (PID=214) to work on /home/airflow/.local/lib/python3.7/site-packages/airflow/example_dags/example_latest_only_with_trigger.py
[2022-01-03 13:15:13,334] {processor.py:625} INFO - Processing file /home/airflow/.local/lib/python3.7/site-packages/airflow/example_dags/example_latest_only_with_trigger.py for tasks to queue
[2022-01-03 13:15:13,335] {logging_mixin.py:109} INFO - [2022-01-03 13:15:13,334] {dagbag.py:500} INFO - Filling up the DagBag from /home/airflow/.local/lib/python3.7/site-packages/airflow/example_dags/example_latest_only_with_trigger.py
[2022-01-03 13:15:13,373] {processor.py:637} INFO - DAG(s) dict_keys(['latest_only_with_trigger']) retrieved from /home/airflow/.local/lib/python3.7/site-packages/airflow/example_dags/example_latest_only_with_trigger.py
[2022-01-03 13:15:13,392] {logging_mixin.py:109} INFO - [2022-01-03 13:15:13,392] {dag.py:2396} INFO - Sync 1 DAGs
[2022-01-03 13:15:13,410] {logging_mixin.py:109} INFO - [2022-01-03 13:15:13,410] {dag.py:2928} INFO - Setting next_dagrun for latest_only_with_trigger to 2022-01-03T09:15:13.410562+00:00
[2022-01-03 13:15:13,425] {processor.py:171} INFO - Processing /home/airflow/.local/lib/python3.7/site-packages/airflow/example_dags/example_latest_only_with_trigger.py took 0.098 seconds
[2022-01-03 13:15:44,358] {processor.py:163} INFO - Started process (PID=270) to work on /home/airflow/.local/lib/python3.7/site-packages/airflow/example_dags/example_latest_only_with_trigger.py
[2022-01-03 13:15:44,360] {processor.py:625} INFO - Processing file /home/airflow/.local/lib/python3.7/site-packages/airflow/example_dags/example_latest_only_with_trigger.py for tasks to queue
[2022-01-03 13:15:44,360] {logging_mixin.py:109} INFO - [2022-01-03 13:15:44,360] {dagbag.py:500} INFO - Filling up the DagBag from /home/airflow/.local/lib/python3.7/site-packages/airflow/example_dags/example_latest_only_with_trigger.py
[2022-01-03 13:15:44,420] {processor.py:637} INFO - DAG(s) dict_keys(['latest_only_with_trigger']) retrieved from /home/airflow/.local/lib/python3.7/site-packages/airflow/example_dags/example_latest_only_with_trigger.py
[2022-01-03 13:15:44,438] {logging_mixin.py:109} INFO - [2022-01-03 13:15:44,438] {dag.py:2396} INFO - Sync 1 DAGs
[2022-01-03 13:15:44,469] {logging_mixin.py:109} INFO - [2022-01-03 13:15:44,469] {dag.py:2928} INFO - Setting next_dagrun for latest_only_with_trigger to 2022-01-03T09:15:44.468808+00:00
[2022-01-03 13:15:44,483] {processor.py:171} INFO - Processing /home/airflow/.local/lib/python3.7/site-packages/airflow/example_dags/example_latest_only_with_trigger.py took 0.138 seconds
[2022-01-03 13:16:14,996] {processor.py:163} INFO - Started process (PID=324) to work on /home/airflow/.local/lib/python3.7/site-packages/airflow/example_dags/example_latest_only_with_trigger.py
[2022-01-03 13:16:14,997] {processor.py:625} INFO - Processing file /home/airflow/.local/lib/python3.7/site-packages/airflow/example_dags/example_latest_only_with_trigger.py for tasks to queue
[2022-01-03 13:16:14,998] {logging_mixin.py:109} INFO - [2022-01-03 13:16:14,998] {dagbag.py:500} INFO - Filling up the DagBag from /home/airflow/.local/lib/python3.7/site-packages/airflow/example_dags/example_latest_only_with_trigger.py
[2022-01-03 13:16:15,051] {processor.py:637} INFO - DAG(s) dict_keys(['latest_only_with_trigger']) retrieved from /home/airflow/.local/lib/python3.7/site-packages/airflow/example_dags/example_latest_only_with_trigger.py
[2022-01-03 13:16:15,078] {logging_mixin.py:109} INFO - [2022-01-03 13:16:15,078] {dag.py:2396} INFO - Sync 1 DAGs
[2022-01-03 13:16:15,109] {logging_mixin.py:109} INFO - [2022-01-03 13:16:15,109] {dag.py:2928} INFO - Setting next_dagrun for latest_only_with_trigger to 2022-01-03T09:16:15.109301+00:00
[2022-01-03 13:16:15,132] {processor.py:171} INFO - Processing /home/airflow/.local/lib/python3.7/site-packages/airflow/example_dags/example_latest_only_with_trigger.py took 0.146 seconds
[2022-01-03 13:16:46,019] {processor.py:163} INFO - Started process (PID=387) to work on /home/airflow/.local/lib/python3.7/site-packages/airflow/example_dags/example_latest_only_with_trigger.py
[2022-01-03 13:16:46,025] {processor.py:625} INFO - Processing file /home/airflow/.local/lib/python3.7/site-packages/airflow/example_dags/example_latest_only_with_trigger.py for tasks to queue
[2022-01-03 13:16:46,028] {logging_mixin.py:109} INFO - [2022-01-03 13:16:46,028] {dagbag.py:500} INFO - Filling up the DagBag from /home/airflow/.local/lib/python3.7/site-packages/airflow/example_dags/example_latest_only_with_trigger.py
[2022-01-03 13:16:46,094] {processor.py:637} INFO - DAG(s) dict_keys(['latest_only_with_trigger']) retrieved from /home/airflow/.local/lib/python3.7/site-packages/airflow/example_dags/example_latest_only_with_trigger.py
[2022-01-03 13:16:46,122] {logging_mixin.py:109} INFO - [2022-01-03 13:16:46,122] {dag.py:2396} INFO - Sync 1 DAGs
[2022-01-03 13:16:46,162] {logging_mixin.py:109} INFO - [2022-01-03 13:16:46,162] {dag.py:2928} INFO - Setting next_dagrun for latest_only_with_trigger to 2022-01-03T09:16:46.161878+00:00
[2022-01-03 13:16:46,181] {processor.py:171} INFO - Processing /home/airflow/.local/lib/python3.7/site-packages/airflow/example_dags/example_latest_only_with_trigger.py took 0.192 seconds
[2022-01-03 13:17:16,642] {processor.py:163} INFO - Started process (PID=438) to work on /home/airflow/.local/lib/python3.7/site-packages/airflow/example_dags/example_latest_only_with_trigger.py
[2022-01-03 13:17:16,643] {processor.py:625} INFO - Processing file /home/airflow/.local/lib/python3.7/site-packages/airflow/example_dags/example_latest_only_with_trigger.py for tasks to queue
[2022-01-03 13:17:16,644] {logging_mixin.py:109} INFO - [2022-01-03 13:17:16,644] {dagbag.py:500} INFO - Filling up the DagBag from /home/airflow/.local/lib/python3.7/site-packages/airflow/example_dags/example_latest_only_with_trigger.py
[2022-01-03 13:17:16,673] {processor.py:637} INFO - DAG(s) dict_keys(['latest_only_with_trigger']) retrieved from /home/airflow/.local/lib/python3.7/site-packages/airflow/example_dags/example_latest_only_with_trigger.py
[2022-01-03 13:17:16,684] {logging_mixin.py:109} INFO - [2022-01-03 13:17:16,684] {dag.py:2396} INFO - Sync 1 DAGs
[2022-01-03 13:17:16,706] {logging_mixin.py:109} INFO - [2022-01-03 13:17:16,706] {dag.py:2928} INFO - Setting next_dagrun for latest_only_with_trigger to 2022-01-03T09:17:16.705665+00:00
[2022-01-03 13:17:16,717] {processor.py:171} INFO - Processing /home/airflow/.local/lib/python3.7/site-packages/airflow/example_dags/example_latest_only_with_trigger.py took 0.078 seconds
[2022-01-03 13:17:47,601] {processor.py:163} INFO - Started process (PID=491) to work on /home/airflow/.local/lib/python3.7/site-packages/airflow/example_dags/example_latest_only_with_trigger.py
[2022-01-03 13:17:47,603] {processor.py:625} INFO - Processing file /home/airflow/.local/lib/python3.7/site-packages/airflow/example_dags/example_latest_only_with_trigger.py for tasks to queue
[2022-01-03 13:17:47,603] {logging_mixin.py:109} INFO - [2022-01-03 13:17:47,603] {dagbag.py:500} INFO - Filling up the DagBag from /home/airflow/.local/lib/python3.7/site-packages/airflow/example_dags/example_latest_only_with_trigger.py
[2022-01-03 13:17:47,636] {processor.py:637} INFO - DAG(s) dict_keys(['latest_only_with_trigger']) retrieved from /home/airflow/.local/lib/python3.7/site-packages/airflow/example_dags/example_latest_only_with_trigger.py
[2022-01-03 13:17:47,651] {logging_mixin.py:109} INFO - [2022-01-03 13:17:47,651] {dag.py:2396} INFO - Sync 1 DAGs
[2022-01-03 13:17:47,688] {logging_mixin.py:109} INFO - [2022-01-03 13:17:47,687] {dag.py:2928} INFO - Setting next_dagrun for latest_only_with_trigger to 2022-01-03T09:17:47.687477+00:00
[2022-01-03 13:17:47,714] {processor.py:171} INFO - Processing /home/airflow/.local/lib/python3.7/site-packages/airflow/example_dags/example_latest_only_with_trigger.py took 0.116 seconds
[2022-01-03 13:18:17,996] {processor.py:163} INFO - Started process (PID=542) to work on /home/airflow/.local/lib/python3.7/site-packages/airflow/example_dags/example_latest_only_with_trigger.py
[2022-01-03 13:18:17,998] {processor.py:625} INFO - Processing file /home/airflow/.local/lib/python3.7/site-packages/airflow/example_dags/example_latest_only_with_trigger.py for tasks to queue
[2022-01-03 13:18:17,999] {logging_mixin.py:109} INFO - [2022-01-03 13:18:17,998] {dagbag.py:500} INFO - Filling up the DagBag from /home/airflow/.local/lib/python3.7/site-packages/airflow/example_dags/example_latest_only_with_trigger.py
[2022-01-03 13:18:18,054] {processor.py:637} INFO - DAG(s) dict_keys(['latest_only_with_trigger']) retrieved from /home/airflow/.local/lib/python3.7/site-packages/airflow/example_dags/example_latest_only_with_trigger.py
[2022-01-03 13:18:18,074] {logging_mixin.py:109} INFO - [2022-01-03 13:18:18,074] {dag.py:2396} INFO - Sync 1 DAGs
[2022-01-03 13:18:18,112] {logging_mixin.py:109} INFO - [2022-01-03 13:18:18,112] {dag.py:2928} INFO - Setting next_dagrun for latest_only_with_trigger to 2022-01-03T09:18:18.112463+00:00
[2022-01-03 13:18:18,130] {processor.py:171} INFO - Processing /home/airflow/.local/lib/python3.7/site-packages/airflow/example_dags/example_latest_only_with_trigger.py took 0.137 seconds
[2022-01-03 13:18:48,417] {processor.py:163} INFO - Started process (PID=594) to work on /home/airflow/.local/lib/python3.7/site-packages/airflow/example_dags/example_latest_only_with_trigger.py
[2022-01-03 13:18:48,419] {processor.py:625} INFO - Processing file /home/airflow/.local/lib/python3.7/site-packages/airflow/example_dags/example_latest_only_with_trigger.py for tasks to queue
[2022-01-03 13:18:48,420] {logging_mixin.py:109} INFO - [2022-01-03 13:18:48,420] {dagbag.py:500} INFO - Filling up the DagBag from /home/airflow/.local/lib/python3.7/site-packages/airflow/example_dags/example_latest_only_with_trigger.py
[2022-01-03 13:18:48,461] {processor.py:637} INFO - DAG(s) dict_keys(['latest_only_with_trigger']) retrieved from /home/airflow/.local/lib/python3.7/site-packages/airflow/example_dags/example_latest_only_with_trigger.py
[2022-01-03 13:18:48,478] {logging_mixin.py:109} INFO - [2022-01-03 13:18:48,478] {dag.py:2396} INFO - Sync 1 DAGs
[2022-01-03 13:18:48,501] {logging_mixin.py:109} INFO - [2022-01-03 13:18:48,501] {dag.py:2928} INFO - Setting next_dagrun for latest_only_with_trigger to 2022-01-03T09:18:48.500673+00:00
[2022-01-03 13:18:48,515] {processor.py:171} INFO - Processing /home/airflow/.local/lib/python3.7/site-packages/airflow/example_dags/example_latest_only_with_trigger.py took 0.103 seconds
[2022-01-03 13:19:19,139] {processor.py:163} INFO - Started process (PID=654) to work on /home/airflow/.local/lib/python3.7/site-packages/airflow/example_dags/example_latest_only_with_trigger.py
[2022-01-03 13:19:19,140] {processor.py:625} INFO - Processing file /home/airflow/.local/lib/python3.7/site-packages/airflow/example_dags/example_latest_only_with_trigger.py for tasks to queue
[2022-01-03 13:19:19,141] {logging_mixin.py:109} INFO - [2022-01-03 13:19:19,141] {dagbag.py:500} INFO - Filling up the DagBag from /home/airflow/.local/lib/python3.7/site-packages/airflow/example_dags/example_latest_only_with_trigger.py
[2022-01-03 13:19:19,176] {processor.py:637} INFO - DAG(s) dict_keys(['latest_only_with_trigger']) retrieved from /home/airflow/.local/lib/python3.7/site-packages/airflow/example_dags/example_latest_only_with_trigger.py
[2022-01-03 13:19:19,190] {logging_mixin.py:109} INFO - [2022-01-03 13:19:19,190] {dag.py:2396} INFO - Sync 1 DAGs
[2022-01-03 13:19:19,215] {logging_mixin.py:109} INFO - [2022-01-03 13:19:19,214] {dag.py:2928} INFO - Setting next_dagrun for latest_only_with_trigger to 2022-01-03T09:19:19.214667+00:00
[2022-01-03 13:19:19,229] {processor.py:171} INFO - Processing /home/airflow/.local/lib/python3.7/site-packages/airflow/example_dags/example_latest_only_with_trigger.py took 0.094 seconds
[2022-01-03 13:19:49,680] {processor.py:163} INFO - Started process (PID=704) to work on /home/airflow/.local/lib/python3.7/site-packages/airflow/example_dags/example_latest_only_with_trigger.py
[2022-01-03 13:19:49,685] {processor.py:625} INFO - Processing file /home/airflow/.local/lib/python3.7/site-packages/airflow/example_dags/example_latest_only_with_trigger.py for tasks to queue
[2022-01-03 13:19:49,688] {logging_mixin.py:109} INFO - [2022-01-03 13:19:49,687] {dagbag.py:500} INFO - Filling up the DagBag from /home/airflow/.local/lib/python3.7/site-packages/airflow/example_dags/example_latest_only_with_trigger.py
[2022-01-03 13:19:49,740] {processor.py:637} INFO - DAG(s) dict_keys(['latest_only_with_trigger']) retrieved from /home/airflow/.local/lib/python3.7/site-packages/airflow/example_dags/example_latest_only_with_trigger.py
[2022-01-03 13:19:49,759] {logging_mixin.py:109} INFO - [2022-01-03 13:19:49,758] {dag.py:2396} INFO - Sync 1 DAGs
[2022-01-03 13:19:49,787] {logging_mixin.py:109} INFO - [2022-01-03 13:19:49,787] {dag.py:2928} INFO - Setting next_dagrun for latest_only_with_trigger to 2022-01-03T09:19:49.786937+00:00
[2022-01-03 13:19:49,803] {processor.py:171} INFO - Processing /home/airflow/.local/lib/python3.7/site-packages/airflow/example_dags/example_latest_only_with_trigger.py took 0.128 seconds
[2022-01-03 13:20:20,642] {processor.py:163} INFO - Started process (PID=758) to work on /home/airflow/.local/lib/python3.7/site-packages/airflow/example_dags/example_latest_only_with_trigger.py
[2022-01-03 13:20:20,644] {processor.py:625} INFO - Processing file /home/airflow/.local/lib/python3.7/site-packages/airflow/example_dags/example_latest_only_with_trigger.py for tasks to queue
[2022-01-03 13:20:20,645] {logging_mixin.py:109} INFO - [2022-01-03 13:20:20,644] {dagbag.py:500} INFO - Filling up the DagBag from /home/airflow/.local/lib/python3.7/site-packages/airflow/example_dags/example_latest_only_with_trigger.py
[2022-01-03 13:20:20,683] {processor.py:637} INFO - DAG(s) dict_keys(['latest_only_with_trigger']) retrieved from /home/airflow/.local/lib/python3.7/site-packages/airflow/example_dags/example_latest_only_with_trigger.py
[2022-01-03 13:20:20,704] {logging_mixin.py:109} INFO - [2022-01-03 13:20:20,704] {dag.py:2396} INFO - Sync 1 DAGs
[2022-01-03 13:20:20,725] {logging_mixin.py:109} INFO - [2022-01-03 13:20:20,725] {dag.py:2928} INFO - Setting next_dagrun for latest_only_with_trigger to 2022-01-03T09:20:20.725256+00:00
[2022-01-03 13:20:20,740] {processor.py:171} INFO - Processing /home/airflow/.local/lib/python3.7/site-packages/airflow/example_dags/example_latest_only_with_trigger.py took 0.102 seconds
[2022-01-03 13:20:50,970] {processor.py:163} INFO - Started process (PID=809) to work on /home/airflow/.local/lib/python3.7/site-packages/airflow/example_dags/example_latest_only_with_trigger.py
[2022-01-03 13:20:50,972] {processor.py:625} INFO - Processing file /home/airflow/.local/lib/python3.7/site-packages/airflow/example_dags/example_latest_only_with_trigger.py for tasks to queue
[2022-01-03 13:20:50,973] {logging_mixin.py:109} INFO - [2022-01-03 13:20:50,973] {dagbag.py:500} INFO - Filling up the DagBag from /home/airflow/.local/lib/python3.7/site-packages/airflow/example_dags/example_latest_only_with_trigger.py
[2022-01-03 13:20:51,015] {processor.py:637} INFO - DAG(s) dict_keys(['latest_only_with_trigger']) retrieved from /home/airflow/.local/lib/python3.7/site-packages/airflow/example_dags/example_latest_only_with_trigger.py
[2022-01-03 13:20:51,031] {logging_mixin.py:109} INFO - [2022-01-03 13:20:51,031] {dag.py:2396} INFO - Sync 1 DAGs
[2022-01-03 13:20:51,059] {logging_mixin.py:109} INFO - [2022-01-03 13:20:51,059] {dag.py:2928} INFO - Setting next_dagrun for latest_only_with_trigger to 2022-01-03T09:20:51.058785+00:00
[2022-01-03 13:20:51,076] {processor.py:171} INFO - Processing /home/airflow/.local/lib/python3.7/site-packages/airflow/example_dags/example_latest_only_with_trigger.py took 0.110 seconds
[2022-01-03 13:21:21,923] {processor.py:163} INFO - Started process (PID=859) to work on /home/airflow/.local/lib/python3.7/site-packages/airflow/example_dags/example_latest_only_with_trigger.py
[2022-01-03 13:21:21,925] {processor.py:625} INFO - Processing file /home/airflow/.local/lib/python3.7/site-packages/airflow/example_dags/example_latest_only_with_trigger.py for tasks to queue
[2022-01-03 13:21:21,925] {logging_mixin.py:109} INFO - [2022-01-03 13:21:21,925] {dagbag.py:500} INFO - Filling up the DagBag from /home/airflow/.local/lib/python3.7/site-packages/airflow/example_dags/example_latest_only_with_trigger.py
[2022-01-03 13:21:21,964] {processor.py:637} INFO - DAG(s) dict_keys(['latest_only_with_trigger']) retrieved from /home/airflow/.local/lib/python3.7/site-packages/airflow/example_dags/example_latest_only_with_trigger.py
[2022-01-03 13:21:21,976] {logging_mixin.py:109} INFO - [2022-01-03 13:21:21,976] {dag.py:2396} INFO - Sync 1 DAGs
[2022-01-03 13:21:22,004] {logging_mixin.py:109} INFO - [2022-01-03 13:21:22,004] {dag.py:2928} INFO - Setting next_dagrun for latest_only_with_trigger to 2022-01-03T09:21:22.003727+00:00
[2022-01-03 13:21:22,015] {processor.py:171} INFO - Processing /home/airflow/.local/lib/python3.7/site-packages/airflow/example_dags/example_latest_only_with_trigger.py took 0.095 seconds
[2022-01-03 13:21:52,837] {processor.py:163} INFO - Started process (PID=910) to work on /home/airflow/.local/lib/python3.7/site-packages/airflow/example_dags/example_latest_only_with_trigger.py
[2022-01-03 13:21:52,841] {processor.py:625} INFO - Processing file /home/airflow/.local/lib/python3.7/site-packages/airflow/example_dags/example_latest_only_with_trigger.py for tasks to queue
[2022-01-03 13:21:52,844] {logging_mixin.py:109} INFO - [2022-01-03 13:21:52,843] {dagbag.py:500} INFO - Filling up the DagBag from /home/airflow/.local/lib/python3.7/site-packages/airflow/example_dags/example_latest_only_with_trigger.py
[2022-01-03 13:21:52,896] {processor.py:637} INFO - DAG(s) dict_keys(['latest_only_with_trigger']) retrieved from /home/airflow/.local/lib/python3.7/site-packages/airflow/example_dags/example_latest_only_with_trigger.py
[2022-01-03 13:21:52,912] {logging_mixin.py:109} INFO - [2022-01-03 13:21:52,912] {dag.py:2396} INFO - Sync 1 DAGs
[2022-01-03 13:21:52,939] {logging_mixin.py:109} INFO - [2022-01-03 13:21:52,939] {dag.py:2928} INFO - Setting next_dagrun for latest_only_with_trigger to 2022-01-03T09:21:52.938684+00:00
[2022-01-03 13:21:52,954] {processor.py:171} INFO - Processing /home/airflow/.local/lib/python3.7/site-packages/airflow/example_dags/example_latest_only_with_trigger.py took 0.128 seconds
[2022-01-03 13:22:23,526] {processor.py:163} INFO - Started process (PID=972) to work on /home/airflow/.local/lib/python3.7/site-packages/airflow/example_dags/example_latest_only_with_trigger.py
[2022-01-03 13:22:23,527] {processor.py:625} INFO - Processing file /home/airflow/.local/lib/python3.7/site-packages/airflow/example_dags/example_latest_only_with_trigger.py for tasks to queue
[2022-01-03 13:22:23,528] {logging_mixin.py:109} INFO - [2022-01-03 13:22:23,528] {dagbag.py:500} INFO - Filling up the DagBag from /home/airflow/.local/lib/python3.7/site-packages/airflow/example_dags/example_latest_only_with_trigger.py
[2022-01-03 13:22:23,565] {processor.py:637} INFO - DAG(s) dict_keys(['latest_only_with_trigger']) retrieved from /home/airflow/.local/lib/python3.7/site-packages/airflow/example_dags/example_latest_only_with_trigger.py
[2022-01-03 13:22:23,578] {logging_mixin.py:109} INFO - [2022-01-03 13:22:23,578] {dag.py:2396} INFO - Sync 1 DAGs
[2022-01-03 13:22:23,607] {logging_mixin.py:109} INFO - [2022-01-03 13:22:23,607] {dag.py:2928} INFO - Setting next_dagrun for latest_only_with_trigger to 2022-01-03T09:22:23.606607+00:00
[2022-01-03 13:22:23,626] {processor.py:171} INFO - Processing /home/airflow/.local/lib/python3.7/site-packages/airflow/example_dags/example_latest_only_with_trigger.py took 0.104 seconds
[2022-01-03 13:22:54,442] {processor.py:163} INFO - Started process (PID=1025) to work on /home/airflow/.local/lib/python3.7/site-packages/airflow/example_dags/example_latest_only_with_trigger.py
[2022-01-03 13:22:54,447] {processor.py:625} INFO - Processing file /home/airflow/.local/lib/python3.7/site-packages/airflow/example_dags/example_latest_only_with_trigger.py for tasks to queue
[2022-01-03 13:22:54,451] {logging_mixin.py:109} INFO - [2022-01-03 13:22:54,450] {dagbag.py:500} INFO - Filling up the DagBag from /home/airflow/.local/lib/python3.7/site-packages/airflow/example_dags/example_latest_only_with_trigger.py
[2022-01-03 13:22:54,499] {processor.py:637} INFO - DAG(s) dict_keys(['latest_only_with_trigger']) retrieved from /home/airflow/.local/lib/python3.7/site-packages/airflow/example_dags/example_latest_only_with_trigger.py
[2022-01-03 13:22:54,515] {logging_mixin.py:109} INFO - [2022-01-03 13:22:54,515] {dag.py:2396} INFO - Sync 1 DAGs
[2022-01-03 13:22:54,535] {logging_mixin.py:109} INFO - [2022-01-03 13:22:54,535] {dag.py:2928} INFO - Setting next_dagrun for latest_only_with_trigger to 2022-01-03T09:22:54.534969+00:00
[2022-01-03 13:22:54,547] {processor.py:171} INFO - Processing /home/airflow/.local/lib/python3.7/site-packages/airflow/example_dags/example_latest_only_with_trigger.py took 0.118 seconds
[2022-01-03 13:23:24,657] {processor.py:163} INFO - Started process (PID=1077) to work on /home/airflow/.local/lib/python3.7/site-packages/airflow/example_dags/example_latest_only_with_trigger.py
[2022-01-03 13:23:24,659] {processor.py:625} INFO - Processing file /home/airflow/.local/lib/python3.7/site-packages/airflow/example_dags/example_latest_only_with_trigger.py for tasks to queue
[2022-01-03 13:23:24,660] {logging_mixin.py:109} INFO - [2022-01-03 13:23:24,660] {dagbag.py:500} INFO - Filling up the DagBag from /home/airflow/.local/lib/python3.7/site-packages/airflow/example_dags/example_latest_only_with_trigger.py
[2022-01-03 13:23:24,723] {processor.py:637} INFO - DAG(s) dict_keys(['latest_only_with_trigger']) retrieved from /home/airflow/.local/lib/python3.7/site-packages/airflow/example_dags/example_latest_only_with_trigger.py
[2022-01-03 13:23:24,738] {logging_mixin.py:109} INFO - [2022-01-03 13:23:24,737] {dag.py:2396} INFO - Sync 1 DAGs
[2022-01-03 13:23:24,760] {logging_mixin.py:109} INFO - [2022-01-03 13:23:24,760] {dag.py:2928} INFO - Setting next_dagrun for latest_only_with_trigger to 2022-01-03T09:23:24.760451+00:00
[2022-01-03 13:23:24,772] {processor.py:171} INFO - Processing /home/airflow/.local/lib/python3.7/site-packages/airflow/example_dags/example_latest_only_with_trigger.py took 0.122 seconds
[2022-01-03 13:23:54,950] {processor.py:163} INFO - Started process (PID=1127) to work on /home/airflow/.local/lib/python3.7/site-packages/airflow/example_dags/example_latest_only_with_trigger.py
[2022-01-03 13:23:54,953] {processor.py:625} INFO - Processing file /home/airflow/.local/lib/python3.7/site-packages/airflow/example_dags/example_latest_only_with_trigger.py for tasks to queue
[2022-01-03 13:23:54,954] {logging_mixin.py:109} INFO - [2022-01-03 13:23:54,954] {dagbag.py:500} INFO - Filling up the DagBag from /home/airflow/.local/lib/python3.7/site-packages/airflow/example_dags/example_latest_only_with_trigger.py
[2022-01-03 13:23:55,025] {processor.py:637} INFO - DAG(s) dict_keys(['latest_only_with_trigger']) retrieved from /home/airflow/.local/lib/python3.7/site-packages/airflow/example_dags/example_latest_only_with_trigger.py
[2022-01-03 13:23:55,062] {logging_mixin.py:109} INFO - [2022-01-03 13:23:55,062] {dag.py:2396} INFO - Sync 1 DAGs
[2022-01-03 13:23:55,111] {logging_mixin.py:109} INFO - [2022-01-03 13:23:55,111] {dag.py:2928} INFO - Setting next_dagrun for latest_only_with_trigger to 2022-01-03T09:23:55.110915+00:00
[2022-01-03 13:23:55,132] {processor.py:171} INFO - Processing /home/airflow/.local/lib/python3.7/site-packages/airflow/example_dags/example_latest_only_with_trigger.py took 0.186 seconds
[2022-01-03 13:24:25,705] {processor.py:163} INFO - Started process (PID=1179) to work on /home/airflow/.local/lib/python3.7/site-packages/airflow/example_dags/example_latest_only_with_trigger.py
[2022-01-03 13:24:25,708] {processor.py:625} INFO - Processing file /home/airflow/.local/lib/python3.7/site-packages/airflow/example_dags/example_latest_only_with_trigger.py for tasks to queue
[2022-01-03 13:24:25,711] {logging_mixin.py:109} INFO - [2022-01-03 13:24:25,710] {dagbag.py:500} INFO - Filling up the DagBag from /home/airflow/.local/lib/python3.7/site-packages/airflow/example_dags/example_latest_only_with_trigger.py
[2022-01-03 13:24:25,767] {processor.py:637} INFO - DAG(s) dict_keys(['latest_only_with_trigger']) retrieved from /home/airflow/.local/lib/python3.7/site-packages/airflow/example_dags/example_latest_only_with_trigger.py
[2022-01-03 13:24:25,781] {logging_mixin.py:109} INFO - [2022-01-03 13:24:25,781] {dag.py:2396} INFO - Sync 1 DAGs
[2022-01-03 13:24:25,801] {logging_mixin.py:109} INFO - [2022-01-03 13:24:25,801] {dag.py:2928} INFO - Setting next_dagrun for latest_only_with_trigger to 2022-01-03T09:24:25.800753+00:00
[2022-01-03 13:24:25,813] {processor.py:171} INFO - Processing /home/airflow/.local/lib/python3.7/site-packages/airflow/example_dags/example_latest_only_with_trigger.py took 0.121 seconds
[2022-01-03 13:24:56,220] {processor.py:163} INFO - Started process (PID=1239) to work on /home/airflow/.local/lib/python3.7/site-packages/airflow/example_dags/example_latest_only_with_trigger.py
[2022-01-03 13:24:56,222] {processor.py:625} INFO - Processing file /home/airflow/.local/lib/python3.7/site-packages/airflow/example_dags/example_latest_only_with_trigger.py for tasks to queue
[2022-01-03 13:24:56,222] {logging_mixin.py:109} INFO - [2022-01-03 13:24:56,222] {dagbag.py:500} INFO - Filling up the DagBag from /home/airflow/.local/lib/python3.7/site-packages/airflow/example_dags/example_latest_only_with_trigger.py
[2022-01-03 13:24:56,256] {processor.py:637} INFO - DAG(s) dict_keys(['latest_only_with_trigger']) retrieved from /home/airflow/.local/lib/python3.7/site-packages/airflow/example_dags/example_latest_only_with_trigger.py
[2022-01-03 13:24:56,271] {logging_mixin.py:109} INFO - [2022-01-03 13:24:56,271] {dag.py:2396} INFO - Sync 1 DAGs
[2022-01-03 13:24:56,290] {logging_mixin.py:109} INFO - [2022-01-03 13:24:56,290] {dag.py:2928} INFO - Setting next_dagrun for latest_only_with_trigger to 2022-01-03T09:24:56.290039+00:00
[2022-01-03 13:24:56,312] {processor.py:171} INFO - Processing /home/airflow/.local/lib/python3.7/site-packages/airflow/example_dags/example_latest_only_with_trigger.py took 0.096 seconds
[2022-01-03 13:25:26,401] {processor.py:163} INFO - Started process (PID=1290) to work on /home/airflow/.local/lib/python3.7/site-packages/airflow/example_dags/example_latest_only_with_trigger.py
[2022-01-03 13:25:26,402] {processor.py:625} INFO - Processing file /home/airflow/.local/lib/python3.7/site-packages/airflow/example_dags/example_latest_only_with_trigger.py for tasks to queue
[2022-01-03 13:25:26,403] {logging_mixin.py:109} INFO - [2022-01-03 13:25:26,403] {dagbag.py:500} INFO - Filling up the DagBag from /home/airflow/.local/lib/python3.7/site-packages/airflow/example_dags/example_latest_only_with_trigger.py
[2022-01-03 13:25:26,428] {processor.py:637} INFO - DAG(s) dict_keys(['latest_only_with_trigger']) retrieved from /home/airflow/.local/lib/python3.7/site-packages/airflow/example_dags/example_latest_only_with_trigger.py
[2022-01-03 13:25:26,439] {logging_mixin.py:109} INFO - [2022-01-03 13:25:26,438] {dag.py:2396} INFO - Sync 1 DAGs
[2022-01-03 13:25:26,456] {logging_mixin.py:109} INFO - [2022-01-03 13:25:26,456] {dag.py:2928} INFO - Setting next_dagrun for latest_only_with_trigger to 2022-01-03T09:25:26.455802+00:00
[2022-01-03 13:25:26,466] {processor.py:171} INFO - Processing /home/airflow/.local/lib/python3.7/site-packages/airflow/example_dags/example_latest_only_with_trigger.py took 0.068 seconds
[2022-01-03 13:25:56,736] {processor.py:163} INFO - Started process (PID=1348) to work on /home/airflow/.local/lib/python3.7/site-packages/airflow/example_dags/example_latest_only_with_trigger.py
[2022-01-03 13:25:56,737] {processor.py:625} INFO - Processing file /home/airflow/.local/lib/python3.7/site-packages/airflow/example_dags/example_latest_only_with_trigger.py for tasks to queue
[2022-01-03 13:25:56,738] {logging_mixin.py:109} INFO - [2022-01-03 13:25:56,738] {dagbag.py:500} INFO - Filling up the DagBag from /home/airflow/.local/lib/python3.7/site-packages/airflow/example_dags/example_latest_only_with_trigger.py
[2022-01-03 13:25:56,775] {processor.py:637} INFO - DAG(s) dict_keys(['latest_only_with_trigger']) retrieved from /home/airflow/.local/lib/python3.7/site-packages/airflow/example_dags/example_latest_only_with_trigger.py
[2022-01-03 13:25:56,799] {logging_mixin.py:109} INFO - [2022-01-03 13:25:56,799] {dag.py:2396} INFO - Sync 1 DAGs
[2022-01-03 13:25:56,824] {logging_mixin.py:109} INFO - [2022-01-03 13:25:56,823] {dag.py:2928} INFO - Setting next_dagrun for latest_only_with_trigger to 2022-01-03T09:25:56.823151+00:00
[2022-01-03 13:25:56,839] {processor.py:171} INFO - Processing /home/airflow/.local/lib/python3.7/site-packages/airflow/example_dags/example_latest_only_with_trigger.py took 0.109 seconds
[2022-01-03 13:26:27,651] {processor.py:163} INFO - Started process (PID=1398) to work on /home/airflow/.local/lib/python3.7/site-packages/airflow/example_dags/example_latest_only_with_trigger.py
[2022-01-03 13:26:27,652] {processor.py:625} INFO - Processing file /home/airflow/.local/lib/python3.7/site-packages/airflow/example_dags/example_latest_only_with_trigger.py for tasks to queue
[2022-01-03 13:26:27,653] {logging_mixin.py:109} INFO - [2022-01-03 13:26:27,653] {dagbag.py:500} INFO - Filling up the DagBag from /home/airflow/.local/lib/python3.7/site-packages/airflow/example_dags/example_latest_only_with_trigger.py
[2022-01-03 13:26:27,686] {processor.py:637} INFO - DAG(s) dict_keys(['latest_only_with_trigger']) retrieved from /home/airflow/.local/lib/python3.7/site-packages/airflow/example_dags/example_latest_only_with_trigger.py
[2022-01-03 13:26:27,703] {logging_mixin.py:109} INFO - [2022-01-03 13:26:27,703] {dag.py:2396} INFO - Sync 1 DAGs
[2022-01-03 13:26:27,730] {logging_mixin.py:109} INFO - [2022-01-03 13:26:27,730] {dag.py:2928} INFO - Setting next_dagrun for latest_only_with_trigger to 2022-01-03T09:26:27.729755+00:00
[2022-01-03 13:26:27,749] {processor.py:171} INFO - Processing /home/airflow/.local/lib/python3.7/site-packages/airflow/example_dags/example_latest_only_with_trigger.py took 0.103 seconds
[2022-01-03 13:26:57,943] {processor.py:163} INFO - Started process (PID=1449) to work on /home/airflow/.local/lib/python3.7/site-packages/airflow/example_dags/example_latest_only_with_trigger.py
[2022-01-03 13:26:57,958] {processor.py:625} INFO - Processing file /home/airflow/.local/lib/python3.7/site-packages/airflow/example_dags/example_latest_only_with_trigger.py for tasks to queue
[2022-01-03 13:26:57,959] {logging_mixin.py:109} INFO - [2022-01-03 13:26:57,958] {dagbag.py:500} INFO - Filling up the DagBag from /home/airflow/.local/lib/python3.7/site-packages/airflow/example_dags/example_latest_only_with_trigger.py
[2022-01-03 13:26:58,191] {processor.py:637} INFO - DAG(s) dict_keys(['latest_only_with_trigger']) retrieved from /home/airflow/.local/lib/python3.7/site-packages/airflow/example_dags/example_latest_only_with_trigger.py
[2022-01-03 13:26:58,317] {logging_mixin.py:109} INFO - [2022-01-03 13:26:58,317] {dag.py:2396} INFO - Sync 1 DAGs
[2022-01-03 13:26:58,457] {logging_mixin.py:109} INFO - [2022-01-03 13:26:58,457] {dag.py:2928} INFO - Setting next_dagrun for latest_only_with_trigger to 2022-01-03T09:26:58.456758+00:00
[2022-01-03 13:26:58,531] {processor.py:171} INFO - Processing /home/airflow/.local/lib/python3.7/site-packages/airflow/example_dags/example_latest_only_with_trigger.py took 0.620 seconds
[2022-01-03 13:27:29,403] {processor.py:163} INFO - Started process (PID=1509) to work on /home/airflow/.local/lib/python3.7/site-packages/airflow/example_dags/example_latest_only_with_trigger.py
[2022-01-03 13:27:29,409] {processor.py:625} INFO - Processing file /home/airflow/.local/lib/python3.7/site-packages/airflow/example_dags/example_latest_only_with_trigger.py for tasks to queue
[2022-01-03 13:27:29,410] {logging_mixin.py:109} INFO - [2022-01-03 13:27:29,410] {dagbag.py:500} INFO - Filling up the DagBag from /home/airflow/.local/lib/python3.7/site-packages/airflow/example_dags/example_latest_only_with_trigger.py
[2022-01-03 13:27:29,446] {processor.py:637} INFO - DAG(s) dict_keys(['latest_only_with_trigger']) retrieved from /home/airflow/.local/lib/python3.7/site-packages/airflow/example_dags/example_latest_only_with_trigger.py
[2022-01-03 13:27:29,462] {logging_mixin.py:109} INFO - [2022-01-03 13:27:29,461] {dag.py:2396} INFO - Sync 1 DAGs
[2022-01-03 13:27:29,485] {logging_mixin.py:109} INFO - [2022-01-03 13:27:29,485] {dag.py:2928} INFO - Setting next_dagrun for latest_only_with_trigger to 2022-01-03T09:27:29.485345+00:00
[2022-01-03 13:27:29,512] {processor.py:171} INFO - Processing /home/airflow/.local/lib/python3.7/site-packages/airflow/example_dags/example_latest_only_with_trigger.py took 0.113 seconds
[2022-01-03 13:28:00,411] {processor.py:163} INFO - Started process (PID=1560) to work on /home/airflow/.local/lib/python3.7/site-packages/airflow/example_dags/example_latest_only_with_trigger.py
[2022-01-03 13:28:00,422] {processor.py:625} INFO - Processing file /home/airflow/.local/lib/python3.7/site-packages/airflow/example_dags/example_latest_only_with_trigger.py for tasks to queue
[2022-01-03 13:28:00,423] {logging_mixin.py:109} INFO - [2022-01-03 13:28:00,423] {dagbag.py:500} INFO - Filling up the DagBag from /home/airflow/.local/lib/python3.7/site-packages/airflow/example_dags/example_latest_only_with_trigger.py
[2022-01-03 13:28:00,537] {processor.py:637} INFO - DAG(s) dict_keys(['latest_only_with_trigger']) retrieved from /home/airflow/.local/lib/python3.7/site-packages/airflow/example_dags/example_latest_only_with_trigger.py
[2022-01-03 13:28:00,581] {logging_mixin.py:109} INFO - [2022-01-03 13:28:00,581] {dag.py:2396} INFO - Sync 1 DAGs
[2022-01-03 13:28:00,649] {logging_mixin.py:109} INFO - [2022-01-03 13:28:00,648] {dag.py:2928} INFO - Setting next_dagrun for latest_only_with_trigger to 2022-01-03T09:28:00.648521+00:00
[2022-01-03 13:28:00,665] {processor.py:171} INFO - Processing /home/airflow/.local/lib/python3.7/site-packages/airflow/example_dags/example_latest_only_with_trigger.py took 0.258 seconds
[2022-01-03 13:28:30,721] {processor.py:163} INFO - Started process (PID=1615) to work on /home/airflow/.local/lib/python3.7/site-packages/airflow/example_dags/example_latest_only_with_trigger.py
[2022-01-03 13:28:30,728] {processor.py:625} INFO - Processing file /home/airflow/.local/lib/python3.7/site-packages/airflow/example_dags/example_latest_only_with_trigger.py for tasks to queue
[2022-01-03 13:28:30,729] {logging_mixin.py:109} INFO - [2022-01-03 13:28:30,729] {dagbag.py:500} INFO - Filling up the DagBag from /home/airflow/.local/lib/python3.7/site-packages/airflow/example_dags/example_latest_only_with_trigger.py
[2022-01-03 13:28:30,798] {processor.py:637} INFO - DAG(s) dict_keys(['latest_only_with_trigger']) retrieved from /home/airflow/.local/lib/python3.7/site-packages/airflow/example_dags/example_latest_only_with_trigger.py
[2022-01-03 13:28:30,837] {logging_mixin.py:109} INFO - [2022-01-03 13:28:30,836] {dag.py:2396} INFO - Sync 1 DAGs
[2022-01-03 13:28:30,892] {logging_mixin.py:109} INFO - [2022-01-03 13:28:30,892] {dag.py:2928} INFO - Setting next_dagrun for latest_only_with_trigger to 2022-01-03T09:28:30.891970+00:00
[2022-01-03 13:28:30,922] {processor.py:171} INFO - Processing /home/airflow/.local/lib/python3.7/site-packages/airflow/example_dags/example_latest_only_with_trigger.py took 0.205 seconds
[2022-01-03 13:29:01,690] {processor.py:163} INFO - Started process (PID=1668) to work on /home/airflow/.local/lib/python3.7/site-packages/airflow/example_dags/example_latest_only_with_trigger.py
[2022-01-03 13:29:01,691] {processor.py:625} INFO - Processing file /home/airflow/.local/lib/python3.7/site-packages/airflow/example_dags/example_latest_only_with_trigger.py for tasks to queue
[2022-01-03 13:29:01,692] {logging_mixin.py:109} INFO - [2022-01-03 13:29:01,692] {dagbag.py:500} INFO - Filling up the DagBag from /home/airflow/.local/lib/python3.7/site-packages/airflow/example_dags/example_latest_only_with_trigger.py
[2022-01-03 13:29:01,719] {processor.py:637} INFO - DAG(s) dict_keys(['latest_only_with_trigger']) retrieved from /home/airflow/.local/lib/python3.7/site-packages/airflow/example_dags/example_latest_only_with_trigger.py
[2022-01-03 13:29:01,736] {logging_mixin.py:109} INFO - [2022-01-03 13:29:01,736] {dag.py:2396} INFO - Sync 1 DAGs
[2022-01-03 13:29:01,760] {logging_mixin.py:109} INFO - [2022-01-03 13:29:01,760] {dag.py:2928} INFO - Setting next_dagrun for latest_only_with_trigger to 2022-01-03T09:29:01.760476+00:00
[2022-01-03 13:29:01,774] {processor.py:171} INFO - Processing /home/airflow/.local/lib/python3.7/site-packages/airflow/example_dags/example_latest_only_with_trigger.py took 0.087 seconds
[2022-01-03 13:29:32,461] {processor.py:163} INFO - Started process (PID=1719) to work on /home/airflow/.local/lib/python3.7/site-packages/airflow/example_dags/example_latest_only_with_trigger.py
[2022-01-03 13:29:32,466] {processor.py:625} INFO - Processing file /home/airflow/.local/lib/python3.7/site-packages/airflow/example_dags/example_latest_only_with_trigger.py for tasks to queue
[2022-01-03 13:29:32,468] {logging_mixin.py:109} INFO - [2022-01-03 13:29:32,468] {dagbag.py:500} INFO - Filling up the DagBag from /home/airflow/.local/lib/python3.7/site-packages/airflow/example_dags/example_latest_only_with_trigger.py
[2022-01-03 13:29:32,542] {processor.py:637} INFO - DAG(s) dict_keys(['latest_only_with_trigger']) retrieved from /home/airflow/.local/lib/python3.7/site-packages/airflow/example_dags/example_latest_only_with_trigger.py
[2022-01-03 13:29:32,557] {logging_mixin.py:109} INFO - [2022-01-03 13:29:32,557] {dag.py:2396} INFO - Sync 1 DAGs
[2022-01-03 13:29:32,576] {logging_mixin.py:109} INFO - [2022-01-03 13:29:32,576] {dag.py:2928} INFO - Setting next_dagrun for latest_only_with_trigger to 2022-01-03T09:29:32.576250+00:00
[2022-01-03 13:29:32,590] {processor.py:171} INFO - Processing /home/airflow/.local/lib/python3.7/site-packages/airflow/example_dags/example_latest_only_with_trigger.py took 0.137 seconds
[2022-01-03 13:30:03,519] {processor.py:163} INFO - Started process (PID=1778) to work on /home/airflow/.local/lib/python3.7/site-packages/airflow/example_dags/example_latest_only_with_trigger.py
[2022-01-03 13:30:03,521] {processor.py:625} INFO - Processing file /home/airflow/.local/lib/python3.7/site-packages/airflow/example_dags/example_latest_only_with_trigger.py for tasks to queue
[2022-01-03 13:30:03,522] {logging_mixin.py:109} INFO - [2022-01-03 13:30:03,521] {dagbag.py:500} INFO - Filling up the DagBag from /home/airflow/.local/lib/python3.7/site-packages/airflow/example_dags/example_latest_only_with_trigger.py
[2022-01-03 13:30:03,562] {processor.py:637} INFO - DAG(s) dict_keys(['latest_only_with_trigger']) retrieved from /home/airflow/.local/lib/python3.7/site-packages/airflow/example_dags/example_latest_only_with_trigger.py
[2022-01-03 13:30:03,578] {logging_mixin.py:109} INFO - [2022-01-03 13:30:03,578] {dag.py:2396} INFO - Sync 1 DAGs
[2022-01-03 13:30:03,602] {logging_mixin.py:109} INFO - [2022-01-03 13:30:03,602] {dag.py:2928} INFO - Setting next_dagrun for latest_only_with_trigger to 2022-01-03T09:30:03.601823+00:00
[2022-01-03 13:30:03,614] {processor.py:171} INFO - Processing /home/airflow/.local/lib/python3.7/site-packages/airflow/example_dags/example_latest_only_with_trigger.py took 0.102 seconds
[2022-01-03 13:30:34,531] {processor.py:163} INFO - Started process (PID=1833) to work on /home/airflow/.local/lib/python3.7/site-packages/airflow/example_dags/example_latest_only_with_trigger.py
[2022-01-03 13:30:34,533] {processor.py:625} INFO - Processing file /home/airflow/.local/lib/python3.7/site-packages/airflow/example_dags/example_latest_only_with_trigger.py for tasks to queue
[2022-01-03 13:30:34,533] {logging_mixin.py:109} INFO - [2022-01-03 13:30:34,533] {dagbag.py:500} INFO - Filling up the DagBag from /home/airflow/.local/lib/python3.7/site-packages/airflow/example_dags/example_latest_only_with_trigger.py
[2022-01-03 13:30:34,587] {processor.py:637} INFO - DAG(s) dict_keys(['latest_only_with_trigger']) retrieved from /home/airflow/.local/lib/python3.7/site-packages/airflow/example_dags/example_latest_only_with_trigger.py
[2022-01-03 13:30:34,609] {logging_mixin.py:109} INFO - [2022-01-03 13:30:34,609] {dag.py:2396} INFO - Sync 1 DAGs
[2022-01-03 13:30:34,644] {logging_mixin.py:109} INFO - [2022-01-03 13:30:34,644] {dag.py:2928} INFO - Setting next_dagrun for latest_only_with_trigger to 2022-01-03T09:30:34.643654+00:00
[2022-01-03 13:30:34,660] {processor.py:171} INFO - Processing /home/airflow/.local/lib/python3.7/site-packages/airflow/example_dags/example_latest_only_with_trigger.py took 0.132 seconds
[2022-01-03 13:31:05,210] {processor.py:163} INFO - Started process (PID=1886) to work on /home/airflow/.local/lib/python3.7/site-packages/airflow/example_dags/example_latest_only_with_trigger.py
[2022-01-03 13:31:05,214] {processor.py:625} INFO - Processing file /home/airflow/.local/lib/python3.7/site-packages/airflow/example_dags/example_latest_only_with_trigger.py for tasks to queue
[2022-01-03 13:31:05,219] {logging_mixin.py:109} INFO - [2022-01-03 13:31:05,216] {dagbag.py:500} INFO - Filling up the DagBag from /home/airflow/.local/lib/python3.7/site-packages/airflow/example_dags/example_latest_only_with_trigger.py
[2022-01-03 13:31:05,292] {processor.py:637} INFO - DAG(s) dict_keys(['latest_only_with_trigger']) retrieved from /home/airflow/.local/lib/python3.7/site-packages/airflow/example_dags/example_latest_only_with_trigger.py
[2022-01-03 13:31:05,307] {logging_mixin.py:109} INFO - [2022-01-03 13:31:05,307] {dag.py:2396} INFO - Sync 1 DAGs
[2022-01-03 13:31:05,331] {logging_mixin.py:109} INFO - [2022-01-03 13:31:05,331] {dag.py:2928} INFO - Setting next_dagrun for latest_only_with_trigger to 2022-01-03T09:31:05.331472+00:00
[2022-01-03 13:31:05,345] {processor.py:171} INFO - Processing /home/airflow/.local/lib/python3.7/site-packages/airflow/example_dags/example_latest_only_with_trigger.py took 0.147 seconds
[2022-01-03 13:31:35,443] {processor.py:163} INFO - Started process (PID=1937) to work on /home/airflow/.local/lib/python3.7/site-packages/airflow/example_dags/example_latest_only_with_trigger.py
[2022-01-03 13:31:35,444] {processor.py:625} INFO - Processing file /home/airflow/.local/lib/python3.7/site-packages/airflow/example_dags/example_latest_only_with_trigger.py for tasks to queue
[2022-01-03 13:31:35,445] {logging_mixin.py:109} INFO - [2022-01-03 13:31:35,445] {dagbag.py:500} INFO - Filling up the DagBag from /home/airflow/.local/lib/python3.7/site-packages/airflow/example_dags/example_latest_only_with_trigger.py
[2022-01-03 13:31:35,480] {processor.py:637} INFO - DAG(s) dict_keys(['latest_only_with_trigger']) retrieved from /home/airflow/.local/lib/python3.7/site-packages/airflow/example_dags/example_latest_only_with_trigger.py
[2022-01-03 13:31:35,497] {logging_mixin.py:109} INFO - [2022-01-03 13:31:35,497] {dag.py:2396} INFO - Sync 1 DAGs
[2022-01-03 13:31:35,522] {logging_mixin.py:109} INFO - [2022-01-03 13:31:35,522] {dag.py:2928} INFO - Setting next_dagrun for latest_only_with_trigger to 2022-01-03T09:31:35.522007+00:00
[2022-01-03 13:31:35,537] {processor.py:171} INFO - Processing /home/airflow/.local/lib/python3.7/site-packages/airflow/example_dags/example_latest_only_with_trigger.py took 0.099 seconds
[2022-01-03 13:37:12,116] {processor.py:163} INFO - Started process (PID=50) to work on /home/airflow/.local/lib/python3.7/site-packages/airflow/example_dags/example_latest_only_with_trigger.py
[2022-01-03 13:37:12,125] {processor.py:625} INFO - Processing file /home/airflow/.local/lib/python3.7/site-packages/airflow/example_dags/example_latest_only_with_trigger.py for tasks to queue
[2022-01-03 13:37:12,126] {logging_mixin.py:109} INFO - [2022-01-03 13:37:12,125] {dagbag.py:500} INFO - Filling up the DagBag from /home/airflow/.local/lib/python3.7/site-packages/airflow/example_dags/example_latest_only_with_trigger.py
[2022-01-03 13:37:12,199] {processor.py:637} INFO - DAG(s) dict_keys(['latest_only_with_trigger']) retrieved from /home/airflow/.local/lib/python3.7/site-packages/airflow/example_dags/example_latest_only_with_trigger.py
[2022-01-03 13:37:21,200] {logging_mixin.py:109} INFO - [2022-01-03 13:37:21,200] {providers_manager.py:156} WARNING - Exception when importing 'airflow.providers.google.leveldb.hooks.leveldb.LevelDBHook' from 'apache-airflow-providers-google' package: No module named 'plyvel'
[2022-01-03 13:37:28,771] {logging_mixin.py:109} INFO - [2022-01-03 13:37:28,770] {providers_manager.py:156} WARNING - Exception when importing 'airflow.providers.google.leveldb.hooks.leveldb.LevelDBHook' from 'apache-airflow-providers-google' package: No module named 'plyvel'
[2022-01-03 13:37:28,822] {logging_mixin.py:109} INFO - [2022-01-03 13:37:28,822] {manager.py:496} INFO - Created Permission View: can edit on DAG:latest_only_with_trigger
[2022-01-03 13:37:28,851] {logging_mixin.py:109} INFO - [2022-01-03 13:37:28,851] {manager.py:496} INFO - Created Permission View: can read on DAG:latest_only_with_trigger
[2022-01-03 13:37:28,852] {logging_mixin.py:109} INFO - [2022-01-03 13:37:28,851] {dag.py:2396} INFO - Sync 1 DAGs
[2022-01-03 13:37:28,877] {logging_mixin.py:109} INFO - [2022-01-03 13:37:28,877] {dag.py:2415} INFO - Creating ORM DAG for latest_only_with_trigger
[2022-01-03 13:37:28,907] {logging_mixin.py:109} INFO - [2022-01-03 13:37:28,907] {dag.py:2928} INFO - Setting next_dagrun for latest_only_with_trigger to 2022-01-03T09:37:28.906776+00:00
[2022-01-03 13:37:28,956] {processor.py:171} INFO - Processing /home/airflow/.local/lib/python3.7/site-packages/airflow/example_dags/example_latest_only_with_trigger.py took 16.855 seconds
[2022-01-03 13:38:33,053] {processor.py:163} INFO - Started process (PID=254) to work on /home/airflow/.local/lib/python3.7/site-packages/airflow/example_dags/example_latest_only_with_trigger.py
[2022-01-03 13:38:33,055] {processor.py:625} INFO - Processing file /home/airflow/.local/lib/python3.7/site-packages/airflow/example_dags/example_latest_only_with_trigger.py for tasks to queue
[2022-01-03 13:38:33,056] {logging_mixin.py:109} INFO - [2022-01-03 13:38:33,056] {dagbag.py:500} INFO - Filling up the DagBag from /home/airflow/.local/lib/python3.7/site-packages/airflow/example_dags/example_latest_only_with_trigger.py
[2022-01-03 13:38:33,115] {processor.py:637} INFO - DAG(s) dict_keys(['latest_only_with_trigger']) retrieved from /home/airflow/.local/lib/python3.7/site-packages/airflow/example_dags/example_latest_only_with_trigger.py
[2022-01-03 13:38:33,137] {logging_mixin.py:109} INFO - [2022-01-03 13:38:33,137] {dag.py:2396} INFO - Sync 1 DAGs
[2022-01-03 13:38:33,195] {logging_mixin.py:109} INFO - [2022-01-03 13:38:33,195] {dag.py:2928} INFO - Setting next_dagrun for latest_only_with_trigger to 2022-01-03T09:38:33.194595+00:00
[2022-01-03 13:38:33,225] {processor.py:171} INFO - Processing /home/airflow/.local/lib/python3.7/site-packages/airflow/example_dags/example_latest_only_with_trigger.py took 0.180 seconds
[2022-01-03 13:39:03,653] {processor.py:163} INFO - Started process (PID=300) to work on /home/airflow/.local/lib/python3.7/site-packages/airflow/example_dags/example_latest_only_with_trigger.py
[2022-01-03 13:39:03,654] {processor.py:625} INFO - Processing file /home/airflow/.local/lib/python3.7/site-packages/airflow/example_dags/example_latest_only_with_trigger.py for tasks to queue
[2022-01-03 13:39:03,655] {logging_mixin.py:109} INFO - [2022-01-03 13:39:03,655] {dagbag.py:500} INFO - Filling up the DagBag from /home/airflow/.local/lib/python3.7/site-packages/airflow/example_dags/example_latest_only_with_trigger.py
[2022-01-03 13:39:03,702] {processor.py:637} INFO - DAG(s) dict_keys(['latest_only_with_trigger']) retrieved from /home/airflow/.local/lib/python3.7/site-packages/airflow/example_dags/example_latest_only_with_trigger.py
[2022-01-03 13:39:03,718] {logging_mixin.py:109} INFO - [2022-01-03 13:39:03,718] {dag.py:2396} INFO - Sync 1 DAGs
[2022-01-03 13:39:03,744] {logging_mixin.py:109} INFO - [2022-01-03 13:39:03,744] {dag.py:2928} INFO - Setting next_dagrun for latest_only_with_trigger to 2022-01-03T09:39:03.743598+00:00
[2022-01-03 13:39:03,758] {processor.py:171} INFO - Processing /home/airflow/.local/lib/python3.7/site-packages/airflow/example_dags/example_latest_only_with_trigger.py took 0.109 seconds
[2022-01-03 13:42:07,864] {processor.py:163} INFO - Started process (PID=51) to work on /home/airflow/.local/lib/python3.7/site-packages/airflow/example_dags/example_latest_only_with_trigger.py
[2022-01-03 13:42:07,881] {processor.py:625} INFO - Processing file /home/airflow/.local/lib/python3.7/site-packages/airflow/example_dags/example_latest_only_with_trigger.py for tasks to queue
[2022-01-03 13:42:07,891] {logging_mixin.py:109} INFO - [2022-01-03 13:42:07,891] {dagbag.py:500} INFO - Filling up the DagBag from /home/airflow/.local/lib/python3.7/site-packages/airflow/example_dags/example_latest_only_with_trigger.py
[2022-01-03 13:42:07,955] {processor.py:637} INFO - DAG(s) dict_keys(['latest_only_with_trigger']) retrieved from /home/airflow/.local/lib/python3.7/site-packages/airflow/example_dags/example_latest_only_with_trigger.py
[2022-01-03 13:42:18,095] {logging_mixin.py:109} INFO - [2022-01-03 13:42:18,095] {providers_manager.py:156} WARNING - Exception when importing 'airflow.providers.google.leveldb.hooks.leveldb.LevelDBHook' from 'apache-airflow-providers-google' package: No module named 'plyvel'
[2022-01-03 13:42:23,060] {logging_mixin.py:109} INFO - [2022-01-03 13:42:23,060] {providers_manager.py:156} WARNING - Exception when importing 'airflow.providers.google.leveldb.hooks.leveldb.LevelDBHook' from 'apache-airflow-providers-google' package: No module named 'plyvel'
[2022-01-03 13:42:23,117] {logging_mixin.py:109} INFO - [2022-01-03 13:42:23,116] {manager.py:496} INFO - Created Permission View: can read on DAG:latest_only_with_trigger
[2022-01-03 13:42:23,171] {logging_mixin.py:109} INFO - [2022-01-03 13:42:23,171] {manager.py:496} INFO - Created Permission View: can edit on DAG:latest_only_with_trigger
[2022-01-03 13:42:23,172] {logging_mixin.py:109} INFO - [2022-01-03 13:42:23,171] {dag.py:2396} INFO - Sync 1 DAGs
[2022-01-03 13:42:23,219] {logging_mixin.py:109} INFO - [2022-01-03 13:42:23,218] {dag.py:2415} INFO - Creating ORM DAG for latest_only_with_trigger
[2022-01-03 13:42:23,255] {logging_mixin.py:109} INFO - [2022-01-03 13:42:23,255] {dag.py:2928} INFO - Setting next_dagrun for latest_only_with_trigger to 2022-01-03T09:42:23.254953+00:00
[2022-01-03 13:42:23,326] {processor.py:171} INFO - Processing /home/airflow/.local/lib/python3.7/site-packages/airflow/example_dags/example_latest_only_with_trigger.py took 15.465 seconds
[2022-01-03 13:43:26,830] {processor.py:163} INFO - Started process (PID=242) to work on /home/airflow/.local/lib/python3.7/site-packages/airflow/example_dags/example_latest_only_with_trigger.py
[2022-01-03 13:43:26,832] {processor.py:625} INFO - Processing file /home/airflow/.local/lib/python3.7/site-packages/airflow/example_dags/example_latest_only_with_trigger.py for tasks to queue
[2022-01-03 13:43:26,833] {logging_mixin.py:109} INFO - [2022-01-03 13:43:26,833] {dagbag.py:500} INFO - Filling up the DagBag from /home/airflow/.local/lib/python3.7/site-packages/airflow/example_dags/example_latest_only_with_trigger.py
[2022-01-03 13:43:26,873] {processor.py:637} INFO - DAG(s) dict_keys(['latest_only_with_trigger']) retrieved from /home/airflow/.local/lib/python3.7/site-packages/airflow/example_dags/example_latest_only_with_trigger.py
[2022-01-03 13:43:26,891] {logging_mixin.py:109} INFO - [2022-01-03 13:43:26,891] {dag.py:2396} INFO - Sync 1 DAGs
[2022-01-03 13:43:26,927] {logging_mixin.py:109} INFO - [2022-01-03 13:43:26,927] {dag.py:2928} INFO - Setting next_dagrun for latest_only_with_trigger to 2022-01-03T09:43:26.927377+00:00
[2022-01-03 13:43:26,942] {processor.py:171} INFO - Processing /home/airflow/.local/lib/python3.7/site-packages/airflow/example_dags/example_latest_only_with_trigger.py took 0.116 seconds
[2022-01-03 13:43:56,967] {processor.py:163} INFO - Started process (PID=302) to work on /home/airflow/.local/lib/python3.7/site-packages/airflow/example_dags/example_latest_only_with_trigger.py
[2022-01-03 13:43:56,969] {processor.py:625} INFO - Processing file /home/airflow/.local/lib/python3.7/site-packages/airflow/example_dags/example_latest_only_with_trigger.py for tasks to queue
[2022-01-03 13:43:56,969] {logging_mixin.py:109} INFO - [2022-01-03 13:43:56,969] {dagbag.py:500} INFO - Filling up the DagBag from /home/airflow/.local/lib/python3.7/site-packages/airflow/example_dags/example_latest_only_with_trigger.py
[2022-01-03 13:43:56,999] {processor.py:637} INFO - DAG(s) dict_keys(['latest_only_with_trigger']) retrieved from /home/airflow/.local/lib/python3.7/site-packages/airflow/example_dags/example_latest_only_with_trigger.py
[2022-01-03 13:43:57,010] {logging_mixin.py:109} INFO - [2022-01-03 13:43:57,010] {dag.py:2396} INFO - Sync 1 DAGs
[2022-01-03 13:43:57,032] {logging_mixin.py:109} INFO - [2022-01-03 13:43:57,031] {dag.py:2928} INFO - Setting next_dagrun for latest_only_with_trigger to 2022-01-03T09:43:57.031524+00:00
[2022-01-03 13:43:57,043] {processor.py:171} INFO - Processing /home/airflow/.local/lib/python3.7/site-packages/airflow/example_dags/example_latest_only_with_trigger.py took 0.079 seconds
[2022-01-03 13:44:27,453] {processor.py:163} INFO - Started process (PID=348) to work on /home/airflow/.local/lib/python3.7/site-packages/airflow/example_dags/example_latest_only_with_trigger.py
[2022-01-03 13:44:27,455] {processor.py:625} INFO - Processing file /home/airflow/.local/lib/python3.7/site-packages/airflow/example_dags/example_latest_only_with_trigger.py for tasks to queue
[2022-01-03 13:44:27,456] {logging_mixin.py:109} INFO - [2022-01-03 13:44:27,456] {dagbag.py:500} INFO - Filling up the DagBag from /home/airflow/.local/lib/python3.7/site-packages/airflow/example_dags/example_latest_only_with_trigger.py
[2022-01-03 13:44:27,493] {processor.py:637} INFO - DAG(s) dict_keys(['latest_only_with_trigger']) retrieved from /home/airflow/.local/lib/python3.7/site-packages/airflow/example_dags/example_latest_only_with_trigger.py
[2022-01-03 13:44:27,511] {logging_mixin.py:109} INFO - [2022-01-03 13:44:27,511] {dag.py:2396} INFO - Sync 1 DAGs
[2022-01-03 13:44:27,535] {logging_mixin.py:109} INFO - [2022-01-03 13:44:27,534] {dag.py:2928} INFO - Setting next_dagrun for latest_only_with_trigger to 2022-01-03T09:44:27.534474+00:00
[2022-01-03 13:44:27,547] {processor.py:171} INFO - Processing /home/airflow/.local/lib/python3.7/site-packages/airflow/example_dags/example_latest_only_with_trigger.py took 0.097 seconds
[2022-01-03 13:44:58,110] {processor.py:163} INFO - Started process (PID=398) to work on /home/airflow/.local/lib/python3.7/site-packages/airflow/example_dags/example_latest_only_with_trigger.py
[2022-01-03 13:44:58,113] {processor.py:625} INFO - Processing file /home/airflow/.local/lib/python3.7/site-packages/airflow/example_dags/example_latest_only_with_trigger.py for tasks to queue
[2022-01-03 13:44:58,115] {logging_mixin.py:109} INFO - [2022-01-03 13:44:58,115] {dagbag.py:500} INFO - Filling up the DagBag from /home/airflow/.local/lib/python3.7/site-packages/airflow/example_dags/example_latest_only_with_trigger.py
[2022-01-03 13:44:58,204] {processor.py:637} INFO - DAG(s) dict_keys(['latest_only_with_trigger']) retrieved from /home/airflow/.local/lib/python3.7/site-packages/airflow/example_dags/example_latest_only_with_trigger.py
[2022-01-03 13:44:58,217] {logging_mixin.py:109} INFO - [2022-01-03 13:44:58,217] {dag.py:2396} INFO - Sync 1 DAGs
[2022-01-03 13:44:58,236] {logging_mixin.py:109} INFO - [2022-01-03 13:44:58,236] {dag.py:2928} INFO - Setting next_dagrun for latest_only_with_trigger to 2022-01-03T09:44:58.236393+00:00
[2022-01-03 13:44:58,246] {processor.py:171} INFO - Processing /home/airflow/.local/lib/python3.7/site-packages/airflow/example_dags/example_latest_only_with_trigger.py took 0.145 seconds
[2022-01-03 13:45:28,345] {processor.py:163} INFO - Started process (PID=450) to work on /home/airflow/.local/lib/python3.7/site-packages/airflow/example_dags/example_latest_only_with_trigger.py
[2022-01-03 13:45:28,347] {processor.py:625} INFO - Processing file /home/airflow/.local/lib/python3.7/site-packages/airflow/example_dags/example_latest_only_with_trigger.py for tasks to queue
[2022-01-03 13:45:28,348] {logging_mixin.py:109} INFO - [2022-01-03 13:45:28,348] {dagbag.py:500} INFO - Filling up the DagBag from /home/airflow/.local/lib/python3.7/site-packages/airflow/example_dags/example_latest_only_with_trigger.py
[2022-01-03 13:45:28,376] {processor.py:637} INFO - DAG(s) dict_keys(['latest_only_with_trigger']) retrieved from /home/airflow/.local/lib/python3.7/site-packages/airflow/example_dags/example_latest_only_with_trigger.py
[2022-01-03 13:45:28,390] {logging_mixin.py:109} INFO - [2022-01-03 13:45:28,390] {dag.py:2396} INFO - Sync 1 DAGs
[2022-01-03 13:45:28,411] {logging_mixin.py:109} INFO - [2022-01-03 13:45:28,411] {dag.py:2928} INFO - Setting next_dagrun for latest_only_with_trigger to 2022-01-03T09:45:28.410669+00:00
[2022-01-03 13:45:28,421] {processor.py:171} INFO - Processing /home/airflow/.local/lib/python3.7/site-packages/airflow/example_dags/example_latest_only_with_trigger.py took 0.079 seconds
[2022-01-03 13:45:58,829] {processor.py:163} INFO - Started process (PID=510) to work on /home/airflow/.local/lib/python3.7/site-packages/airflow/example_dags/example_latest_only_with_trigger.py
[2022-01-03 13:45:58,836] {processor.py:625} INFO - Processing file /home/airflow/.local/lib/python3.7/site-packages/airflow/example_dags/example_latest_only_with_trigger.py for tasks to queue
[2022-01-03 13:45:58,838] {logging_mixin.py:109} INFO - [2022-01-03 13:45:58,838] {dagbag.py:500} INFO - Filling up the DagBag from /home/airflow/.local/lib/python3.7/site-packages/airflow/example_dags/example_latest_only_with_trigger.py
[2022-01-03 13:45:58,925] {processor.py:637} INFO - DAG(s) dict_keys(['latest_only_with_trigger']) retrieved from /home/airflow/.local/lib/python3.7/site-packages/airflow/example_dags/example_latest_only_with_trigger.py
[2022-01-03 13:45:58,943] {logging_mixin.py:109} INFO - [2022-01-03 13:45:58,943] {dag.py:2396} INFO - Sync 1 DAGs
[2022-01-03 13:45:58,972] {logging_mixin.py:109} INFO - [2022-01-03 13:45:58,972] {dag.py:2928} INFO - Setting next_dagrun for latest_only_with_trigger to 2022-01-03T09:45:58.971720+00:00
[2022-01-03 13:45:58,991] {processor.py:171} INFO - Processing /home/airflow/.local/lib/python3.7/site-packages/airflow/example_dags/example_latest_only_with_trigger.py took 0.165 seconds
[2022-01-03 13:46:29,218] {processor.py:163} INFO - Started process (PID=564) to work on /home/airflow/.local/lib/python3.7/site-packages/airflow/example_dags/example_latest_only_with_trigger.py
[2022-01-03 13:46:29,223] {processor.py:625} INFO - Processing file /home/airflow/.local/lib/python3.7/site-packages/airflow/example_dags/example_latest_only_with_trigger.py for tasks to queue
[2022-01-03 13:46:29,224] {logging_mixin.py:109} INFO - [2022-01-03 13:46:29,224] {dagbag.py:500} INFO - Filling up the DagBag from /home/airflow/.local/lib/python3.7/site-packages/airflow/example_dags/example_latest_only_with_trigger.py
[2022-01-03 13:46:29,271] {processor.py:637} INFO - DAG(s) dict_keys(['latest_only_with_trigger']) retrieved from /home/airflow/.local/lib/python3.7/site-packages/airflow/example_dags/example_latest_only_with_trigger.py
[2022-01-03 13:46:29,289] {logging_mixin.py:109} INFO - [2022-01-03 13:46:29,289] {dag.py:2396} INFO - Sync 1 DAGs
[2022-01-03 13:46:29,314] {logging_mixin.py:109} INFO - [2022-01-03 13:46:29,313] {dag.py:2928} INFO - Setting next_dagrun for latest_only_with_trigger to 2022-01-03T09:46:29.313558+00:00
[2022-01-03 13:46:29,330] {processor.py:171} INFO - Processing /home/airflow/.local/lib/python3.7/site-packages/airflow/example_dags/example_latest_only_with_trigger.py took 0.116 seconds
