[2022-01-03 12:28:28,099] {processor.py:163} INFO - Started process (PID=174) to work on /home/airflow/.local/lib/python3.7/site-packages/airflow/example_dags/example_dag_decorator.py
[2022-01-03 12:28:28,100] {processor.py:625} INFO - Processing file /home/airflow/.local/lib/python3.7/site-packages/airflow/example_dags/example_dag_decorator.py for tasks to queue
[2022-01-03 12:28:28,102] {logging_mixin.py:109} INFO - [2022-01-03 12:28:28,102] {dagbag.py:500} INFO - Filling up the DagBag from /home/airflow/.local/lib/python3.7/site-packages/airflow/example_dags/example_dag_decorator.py
[2022-01-03 12:28:28,301] {processor.py:637} INFO - DAG(s) dict_keys(['example_dag_decorator']) retrieved from /home/airflow/.local/lib/python3.7/site-packages/airflow/example_dags/example_dag_decorator.py
[2022-01-03 12:28:32,579] {logging_mixin.py:109} INFO - [2022-01-03 12:28:32,579] {providers_manager.py:156} WARNING - Exception when importing 'airflow.providers.google.leveldb.hooks.leveldb.LevelDBHook' from 'apache-airflow-providers-google' package: No module named 'plyvel'
[2022-01-03 12:28:34,131] {logging_mixin.py:109} INFO - [2022-01-03 12:28:34,131] {providers_manager.py:156} WARNING - Exception when importing 'airflow.providers.google.leveldb.hooks.leveldb.LevelDBHook' from 'apache-airflow-providers-google' package: No module named 'plyvel'
[2022-01-03 12:28:34,187] {logging_mixin.py:109} INFO - [2022-01-03 12:28:34,187] {manager.py:496} INFO - Created Permission View: can read on DAG:example_dag_decorator
[2022-01-03 12:28:34,212] {logging_mixin.py:109} INFO - [2022-01-03 12:28:34,212] {manager.py:496} INFO - Created Permission View: can edit on DAG:example_dag_decorator
[2022-01-03 12:28:34,213] {logging_mixin.py:109} INFO - [2022-01-03 12:28:34,212] {dag.py:2396} INFO - Sync 1 DAGs
[2022-01-03 12:28:34,228] {logging_mixin.py:109} INFO - [2022-01-03 12:28:34,227] {dag.py:2415} INFO - Creating ORM DAG for example_dag_decorator
[2022-01-03 12:28:34,248] {logging_mixin.py:109} INFO - [2022-01-03 12:28:34,248] {dag.py:2928} INFO - Setting next_dagrun for example_dag_decorator to None
[2022-01-03 12:28:34,293] {processor.py:171} INFO - Processing /home/airflow/.local/lib/python3.7/site-packages/airflow/example_dags/example_dag_decorator.py took 6.218 seconds
[2022-01-03 12:29:04,380] {processor.py:163} INFO - Started process (PID=291) to work on /home/airflow/.local/lib/python3.7/site-packages/airflow/example_dags/example_dag_decorator.py
[2022-01-03 12:29:04,383] {processor.py:625} INFO - Processing file /home/airflow/.local/lib/python3.7/site-packages/airflow/example_dags/example_dag_decorator.py for tasks to queue
[2022-01-03 12:29:04,384] {logging_mixin.py:109} INFO - [2022-01-03 12:29:04,384] {dagbag.py:500} INFO - Filling up the DagBag from /home/airflow/.local/lib/python3.7/site-packages/airflow/example_dags/example_dag_decorator.py
[2022-01-03 12:29:04,465] {processor.py:637} INFO - DAG(s) dict_keys(['example_dag_decorator']) retrieved from /home/airflow/.local/lib/python3.7/site-packages/airflow/example_dags/example_dag_decorator.py
[2022-01-03 12:29:05,514] {logging_mixin.py:109} INFO - [2022-01-03 12:29:05,514] {dag.py:2396} INFO - Sync 1 DAGs
[2022-01-03 12:29:05,564] {logging_mixin.py:109} INFO - [2022-01-03 12:29:05,564] {dag.py:2928} INFO - Setting next_dagrun for example_dag_decorator to None
[2022-01-03 12:29:05,603] {processor.py:171} INFO - Processing /home/airflow/.local/lib/python3.7/site-packages/airflow/example_dags/example_dag_decorator.py took 1.228 seconds
[2022-01-03 12:29:36,065] {processor.py:163} INFO - Started process (PID=342) to work on /home/airflow/.local/lib/python3.7/site-packages/airflow/example_dags/example_dag_decorator.py
[2022-01-03 12:29:36,066] {processor.py:625} INFO - Processing file /home/airflow/.local/lib/python3.7/site-packages/airflow/example_dags/example_dag_decorator.py for tasks to queue
[2022-01-03 12:29:36,067] {logging_mixin.py:109} INFO - [2022-01-03 12:29:36,067] {dagbag.py:500} INFO - Filling up the DagBag from /home/airflow/.local/lib/python3.7/site-packages/airflow/example_dags/example_dag_decorator.py
[2022-01-03 12:29:36,142] {processor.py:637} INFO - DAG(s) dict_keys(['example_dag_decorator']) retrieved from /home/airflow/.local/lib/python3.7/site-packages/airflow/example_dags/example_dag_decorator.py
[2022-01-03 12:29:36,825] {logging_mixin.py:109} INFO - [2022-01-03 12:29:36,825] {dag.py:2396} INFO - Sync 1 DAGs
[2022-01-03 12:29:36,885] {logging_mixin.py:109} INFO - [2022-01-03 12:29:36,885] {dag.py:2928} INFO - Setting next_dagrun for example_dag_decorator to None
[2022-01-03 12:29:36,942] {processor.py:171} INFO - Processing /home/airflow/.local/lib/python3.7/site-packages/airflow/example_dags/example_dag_decorator.py took 0.883 seconds
[2022-01-03 12:30:07,636] {processor.py:163} INFO - Started process (PID=394) to work on /home/airflow/.local/lib/python3.7/site-packages/airflow/example_dags/example_dag_decorator.py
[2022-01-03 12:30:07,651] {processor.py:625} INFO - Processing file /home/airflow/.local/lib/python3.7/site-packages/airflow/example_dags/example_dag_decorator.py for tasks to queue
[2022-01-03 12:30:07,655] {logging_mixin.py:109} INFO - [2022-01-03 12:30:07,655] {dagbag.py:500} INFO - Filling up the DagBag from /home/airflow/.local/lib/python3.7/site-packages/airflow/example_dags/example_dag_decorator.py
[2022-01-03 12:30:07,950] {processor.py:637} INFO - DAG(s) dict_keys(['example_dag_decorator']) retrieved from /home/airflow/.local/lib/python3.7/site-packages/airflow/example_dags/example_dag_decorator.py
[2022-01-03 12:30:08,869] {logging_mixin.py:109} INFO - [2022-01-03 12:30:08,868] {dag.py:2396} INFO - Sync 1 DAGs
[2022-01-03 12:30:08,926] {logging_mixin.py:109} INFO - [2022-01-03 12:30:08,926] {dag.py:2928} INFO - Setting next_dagrun for example_dag_decorator to None
[2022-01-03 12:30:08,993] {processor.py:171} INFO - Processing /home/airflow/.local/lib/python3.7/site-packages/airflow/example_dags/example_dag_decorator.py took 1.374 seconds
[2022-01-03 12:30:39,820] {processor.py:163} INFO - Started process (PID=438) to work on /home/airflow/.local/lib/python3.7/site-packages/airflow/example_dags/example_dag_decorator.py
[2022-01-03 12:30:39,822] {processor.py:625} INFO - Processing file /home/airflow/.local/lib/python3.7/site-packages/airflow/example_dags/example_dag_decorator.py for tasks to queue
[2022-01-03 12:30:39,823] {logging_mixin.py:109} INFO - [2022-01-03 12:30:39,823] {dagbag.py:500} INFO - Filling up the DagBag from /home/airflow/.local/lib/python3.7/site-packages/airflow/example_dags/example_dag_decorator.py
[2022-01-03 12:30:39,873] {processor.py:637} INFO - DAG(s) dict_keys(['example_dag_decorator']) retrieved from /home/airflow/.local/lib/python3.7/site-packages/airflow/example_dags/example_dag_decorator.py
[2022-01-03 12:30:40,358] {logging_mixin.py:109} INFO - [2022-01-03 12:30:40,358] {dag.py:2396} INFO - Sync 1 DAGs
[2022-01-03 12:30:40,377] {logging_mixin.py:109} INFO - [2022-01-03 12:30:40,377] {dag.py:2928} INFO - Setting next_dagrun for example_dag_decorator to None
[2022-01-03 12:30:40,389] {processor.py:171} INFO - Processing /home/airflow/.local/lib/python3.7/site-packages/airflow/example_dags/example_dag_decorator.py took 0.572 seconds
[2022-01-03 12:31:10,746] {processor.py:163} INFO - Started process (PID=489) to work on /home/airflow/.local/lib/python3.7/site-packages/airflow/example_dags/example_dag_decorator.py
[2022-01-03 12:31:10,748] {processor.py:625} INFO - Processing file /home/airflow/.local/lib/python3.7/site-packages/airflow/example_dags/example_dag_decorator.py for tasks to queue
[2022-01-03 12:31:10,748] {logging_mixin.py:109} INFO - [2022-01-03 12:31:10,748] {dagbag.py:500} INFO - Filling up the DagBag from /home/airflow/.local/lib/python3.7/site-packages/airflow/example_dags/example_dag_decorator.py
[2022-01-03 12:31:10,796] {processor.py:637} INFO - DAG(s) dict_keys(['example_dag_decorator']) retrieved from /home/airflow/.local/lib/python3.7/site-packages/airflow/example_dags/example_dag_decorator.py
[2022-01-03 12:31:11,211] {logging_mixin.py:109} INFO - [2022-01-03 12:31:11,211] {dag.py:2396} INFO - Sync 1 DAGs
[2022-01-03 12:31:11,230] {logging_mixin.py:109} INFO - [2022-01-03 12:31:11,230] {dag.py:2928} INFO - Setting next_dagrun for example_dag_decorator to None
[2022-01-03 12:31:11,244] {processor.py:171} INFO - Processing /home/airflow/.local/lib/python3.7/site-packages/airflow/example_dags/example_dag_decorator.py took 0.501 seconds
[2022-01-03 12:31:41,547] {processor.py:163} INFO - Started process (PID=547) to work on /home/airflow/.local/lib/python3.7/site-packages/airflow/example_dags/example_dag_decorator.py
[2022-01-03 12:31:41,552] {processor.py:625} INFO - Processing file /home/airflow/.local/lib/python3.7/site-packages/airflow/example_dags/example_dag_decorator.py for tasks to queue
[2022-01-03 12:31:41,552] {logging_mixin.py:109} INFO - [2022-01-03 12:31:41,552] {dagbag.py:500} INFO - Filling up the DagBag from /home/airflow/.local/lib/python3.7/site-packages/airflow/example_dags/example_dag_decorator.py
[2022-01-03 12:31:41,836] {processor.py:637} INFO - DAG(s) dict_keys(['example_dag_decorator']) retrieved from /home/airflow/.local/lib/python3.7/site-packages/airflow/example_dags/example_dag_decorator.py
[2022-01-03 12:31:42,990] {logging_mixin.py:109} INFO - [2022-01-03 12:31:42,982] {dag.py:2396} INFO - Sync 1 DAGs
[2022-01-03 12:31:43,060] {logging_mixin.py:109} INFO - [2022-01-03 12:31:43,059] {dag.py:2928} INFO - Setting next_dagrun for example_dag_decorator to None
[2022-01-03 12:31:43,120] {processor.py:171} INFO - Processing /home/airflow/.local/lib/python3.7/site-packages/airflow/example_dags/example_dag_decorator.py took 1.594 seconds
[2022-01-03 12:32:13,601] {processor.py:163} INFO - Started process (PID=599) to work on /home/airflow/.local/lib/python3.7/site-packages/airflow/example_dags/example_dag_decorator.py
[2022-01-03 12:32:13,607] {processor.py:625} INFO - Processing file /home/airflow/.local/lib/python3.7/site-packages/airflow/example_dags/example_dag_decorator.py for tasks to queue
[2022-01-03 12:32:13,608] {logging_mixin.py:109} INFO - [2022-01-03 12:32:13,607] {dagbag.py:500} INFO - Filling up the DagBag from /home/airflow/.local/lib/python3.7/site-packages/airflow/example_dags/example_dag_decorator.py
[2022-01-03 12:32:13,691] {processor.py:637} INFO - DAG(s) dict_keys(['example_dag_decorator']) retrieved from /home/airflow/.local/lib/python3.7/site-packages/airflow/example_dags/example_dag_decorator.py
[2022-01-03 12:32:14,147] {logging_mixin.py:109} INFO - [2022-01-03 12:32:14,147] {dag.py:2396} INFO - Sync 1 DAGs
[2022-01-03 12:32:14,167] {logging_mixin.py:109} INFO - [2022-01-03 12:32:14,167] {dag.py:2928} INFO - Setting next_dagrun for example_dag_decorator to None
[2022-01-03 12:32:14,186] {processor.py:171} INFO - Processing /home/airflow/.local/lib/python3.7/site-packages/airflow/example_dags/example_dag_decorator.py took 0.590 seconds
[2022-01-03 13:13:46,883] {processor.py:163} INFO - Started process (PID=67) to work on /home/airflow/.local/lib/python3.7/site-packages/airflow/example_dags/example_dag_decorator.py
[2022-01-03 13:13:46,886] {processor.py:625} INFO - Processing file /home/airflow/.local/lib/python3.7/site-packages/airflow/example_dags/example_dag_decorator.py for tasks to queue
[2022-01-03 13:13:46,887] {logging_mixin.py:109} INFO - [2022-01-03 13:13:46,887] {dagbag.py:500} INFO - Filling up the DagBag from /home/airflow/.local/lib/python3.7/site-packages/airflow/example_dags/example_dag_decorator.py
[2022-01-03 13:13:46,978] {processor.py:637} INFO - DAG(s) dict_keys(['example_dag_decorator']) retrieved from /home/airflow/.local/lib/python3.7/site-packages/airflow/example_dags/example_dag_decorator.py
[2022-01-03 13:13:47,577] {logging_mixin.py:109} INFO - [2022-01-03 13:13:47,577] {dag.py:2396} INFO - Sync 1 DAGs
[2022-01-03 13:13:47,632] {logging_mixin.py:109} INFO - [2022-01-03 13:13:47,632] {dag.py:2928} INFO - Setting next_dagrun for example_dag_decorator to None
[2022-01-03 13:13:47,656] {processor.py:171} INFO - Processing /home/airflow/.local/lib/python3.7/site-packages/airflow/example_dags/example_dag_decorator.py took 0.783 seconds
[2022-01-03 13:14:17,752] {processor.py:163} INFO - Started process (PID=125) to work on /home/airflow/.local/lib/python3.7/site-packages/airflow/example_dags/example_dag_decorator.py
[2022-01-03 13:14:17,753] {processor.py:625} INFO - Processing file /home/airflow/.local/lib/python3.7/site-packages/airflow/example_dags/example_dag_decorator.py for tasks to queue
[2022-01-03 13:14:17,754] {logging_mixin.py:109} INFO - [2022-01-03 13:14:17,754] {dagbag.py:500} INFO - Filling up the DagBag from /home/airflow/.local/lib/python3.7/site-packages/airflow/example_dags/example_dag_decorator.py
[2022-01-03 13:14:17,802] {processor.py:637} INFO - DAG(s) dict_keys(['example_dag_decorator']) retrieved from /home/airflow/.local/lib/python3.7/site-packages/airflow/example_dags/example_dag_decorator.py
[2022-01-03 13:14:18,223] {logging_mixin.py:109} INFO - [2022-01-03 13:14:18,223] {dag.py:2396} INFO - Sync 1 DAGs
[2022-01-03 13:14:18,327] {logging_mixin.py:109} INFO - [2022-01-03 13:14:18,326] {dag.py:2928} INFO - Setting next_dagrun for example_dag_decorator to None
[2022-01-03 13:14:18,402] {processor.py:171} INFO - Processing /home/airflow/.local/lib/python3.7/site-packages/airflow/example_dags/example_dag_decorator.py took 0.654 seconds
[2022-01-03 13:14:48,584] {processor.py:163} INFO - Started process (PID=179) to work on /home/airflow/.local/lib/python3.7/site-packages/airflow/example_dags/example_dag_decorator.py
[2022-01-03 13:14:48,587] {processor.py:625} INFO - Processing file /home/airflow/.local/lib/python3.7/site-packages/airflow/example_dags/example_dag_decorator.py for tasks to queue
[2022-01-03 13:14:48,588] {logging_mixin.py:109} INFO - [2022-01-03 13:14:48,588] {dagbag.py:500} INFO - Filling up the DagBag from /home/airflow/.local/lib/python3.7/site-packages/airflow/example_dags/example_dag_decorator.py
[2022-01-03 13:14:48,652] {processor.py:637} INFO - DAG(s) dict_keys(['example_dag_decorator']) retrieved from /home/airflow/.local/lib/python3.7/site-packages/airflow/example_dags/example_dag_decorator.py
[2022-01-03 13:14:49,110] {logging_mixin.py:109} INFO - [2022-01-03 13:14:49,110] {dag.py:2396} INFO - Sync 1 DAGs
[2022-01-03 13:14:49,135] {logging_mixin.py:109} INFO - [2022-01-03 13:14:49,135] {dag.py:2928} INFO - Setting next_dagrun for example_dag_decorator to None
[2022-01-03 13:14:49,161] {processor.py:171} INFO - Processing /home/airflow/.local/lib/python3.7/site-packages/airflow/example_dags/example_dag_decorator.py took 0.580 seconds
[2022-01-03 13:15:19,610] {processor.py:163} INFO - Started process (PID=231) to work on /home/airflow/.local/lib/python3.7/site-packages/airflow/example_dags/example_dag_decorator.py
[2022-01-03 13:15:19,612] {processor.py:625} INFO - Processing file /home/airflow/.local/lib/python3.7/site-packages/airflow/example_dags/example_dag_decorator.py for tasks to queue
[2022-01-03 13:15:19,612] {logging_mixin.py:109} INFO - [2022-01-03 13:15:19,612] {dagbag.py:500} INFO - Filling up the DagBag from /home/airflow/.local/lib/python3.7/site-packages/airflow/example_dags/example_dag_decorator.py
[2022-01-03 13:15:19,665] {processor.py:637} INFO - DAG(s) dict_keys(['example_dag_decorator']) retrieved from /home/airflow/.local/lib/python3.7/site-packages/airflow/example_dags/example_dag_decorator.py
[2022-01-03 13:15:20,130] {logging_mixin.py:109} INFO - [2022-01-03 13:15:20,129] {dag.py:2396} INFO - Sync 1 DAGs
[2022-01-03 13:15:20,161] {logging_mixin.py:109} INFO - [2022-01-03 13:15:20,161] {dag.py:2928} INFO - Setting next_dagrun for example_dag_decorator to None
[2022-01-03 13:15:20,184] {processor.py:171} INFO - Processing /home/airflow/.local/lib/python3.7/site-packages/airflow/example_dags/example_dag_decorator.py took 0.577 seconds
[2022-01-03 13:15:50,642] {processor.py:163} INFO - Started process (PID=298) to work on /home/airflow/.local/lib/python3.7/site-packages/airflow/example_dags/example_dag_decorator.py
[2022-01-03 13:15:50,645] {processor.py:625} INFO - Processing file /home/airflow/.local/lib/python3.7/site-packages/airflow/example_dags/example_dag_decorator.py for tasks to queue
[2022-01-03 13:15:50,646] {logging_mixin.py:109} INFO - [2022-01-03 13:15:50,646] {dagbag.py:500} INFO - Filling up the DagBag from /home/airflow/.local/lib/python3.7/site-packages/airflow/example_dags/example_dag_decorator.py
[2022-01-03 13:15:50,706] {processor.py:637} INFO - DAG(s) dict_keys(['example_dag_decorator']) retrieved from /home/airflow/.local/lib/python3.7/site-packages/airflow/example_dags/example_dag_decorator.py
[2022-01-03 13:15:51,150] {logging_mixin.py:109} INFO - [2022-01-03 13:15:51,149] {dag.py:2396} INFO - Sync 1 DAGs
[2022-01-03 13:15:51,172] {logging_mixin.py:109} INFO - [2022-01-03 13:15:51,172] {dag.py:2928} INFO - Setting next_dagrun for example_dag_decorator to None
[2022-01-03 13:15:51,196] {processor.py:171} INFO - Processing /home/airflow/.local/lib/python3.7/site-packages/airflow/example_dags/example_dag_decorator.py took 0.558 seconds
[2022-01-03 13:16:21,248] {processor.py:163} INFO - Started process (PID=353) to work on /home/airflow/.local/lib/python3.7/site-packages/airflow/example_dags/example_dag_decorator.py
[2022-01-03 13:16:21,250] {processor.py:625} INFO - Processing file /home/airflow/.local/lib/python3.7/site-packages/airflow/example_dags/example_dag_decorator.py for tasks to queue
[2022-01-03 13:16:21,250] {logging_mixin.py:109} INFO - [2022-01-03 13:16:21,250] {dagbag.py:500} INFO - Filling up the DagBag from /home/airflow/.local/lib/python3.7/site-packages/airflow/example_dags/example_dag_decorator.py
[2022-01-03 13:16:21,288] {processor.py:637} INFO - DAG(s) dict_keys(['example_dag_decorator']) retrieved from /home/airflow/.local/lib/python3.7/site-packages/airflow/example_dags/example_dag_decorator.py
[2022-01-03 13:16:21,632] {logging_mixin.py:109} INFO - [2022-01-03 13:16:21,632] {dag.py:2396} INFO - Sync 1 DAGs
[2022-01-03 13:16:21,650] {logging_mixin.py:109} INFO - [2022-01-03 13:16:21,650] {dag.py:2928} INFO - Setting next_dagrun for example_dag_decorator to None
[2022-01-03 13:16:21,663] {processor.py:171} INFO - Processing /home/airflow/.local/lib/python3.7/site-packages/airflow/example_dags/example_dag_decorator.py took 0.420 seconds
[2022-01-03 13:16:52,447] {processor.py:163} INFO - Started process (PID=404) to work on /home/airflow/.local/lib/python3.7/site-packages/airflow/example_dags/example_dag_decorator.py
[2022-01-03 13:16:52,450] {processor.py:625} INFO - Processing file /home/airflow/.local/lib/python3.7/site-packages/airflow/example_dags/example_dag_decorator.py for tasks to queue
[2022-01-03 13:16:52,452] {logging_mixin.py:109} INFO - [2022-01-03 13:16:52,451] {dagbag.py:500} INFO - Filling up the DagBag from /home/airflow/.local/lib/python3.7/site-packages/airflow/example_dags/example_dag_decorator.py
[2022-01-03 13:16:52,513] {processor.py:637} INFO - DAG(s) dict_keys(['example_dag_decorator']) retrieved from /home/airflow/.local/lib/python3.7/site-packages/airflow/example_dags/example_dag_decorator.py
[2022-01-03 13:16:52,844] {logging_mixin.py:109} INFO - [2022-01-03 13:16:52,844] {dag.py:2396} INFO - Sync 1 DAGs
[2022-01-03 13:16:52,861] {logging_mixin.py:109} INFO - [2022-01-03 13:16:52,860] {dag.py:2928} INFO - Setting next_dagrun for example_dag_decorator to None
[2022-01-03 13:16:52,876] {processor.py:171} INFO - Processing /home/airflow/.local/lib/python3.7/site-packages/airflow/example_dags/example_dag_decorator.py took 0.438 seconds
[2022-01-03 13:17:23,062] {processor.py:163} INFO - Started process (PID=455) to work on /home/airflow/.local/lib/python3.7/site-packages/airflow/example_dags/example_dag_decorator.py
[2022-01-03 13:17:23,064] {processor.py:625} INFO - Processing file /home/airflow/.local/lib/python3.7/site-packages/airflow/example_dags/example_dag_decorator.py for tasks to queue
[2022-01-03 13:17:23,064] {logging_mixin.py:109} INFO - [2022-01-03 13:17:23,064] {dagbag.py:500} INFO - Filling up the DagBag from /home/airflow/.local/lib/python3.7/site-packages/airflow/example_dags/example_dag_decorator.py
[2022-01-03 13:17:23,187] {processor.py:637} INFO - DAG(s) dict_keys(['example_dag_decorator']) retrieved from /home/airflow/.local/lib/python3.7/site-packages/airflow/example_dags/example_dag_decorator.py
[2022-01-03 13:17:23,221] {logging_mixin.py:109} INFO - [2022-01-03 13:17:23,220] {dag.py:2396} INFO - Sync 1 DAGs
[2022-01-03 13:17:23,265] {logging_mixin.py:109} INFO - [2022-01-03 13:17:23,265] {dag.py:2928} INFO - Setting next_dagrun for example_dag_decorator to None
[2022-01-03 13:17:23,280] {processor.py:171} INFO - Processing /home/airflow/.local/lib/python3.7/site-packages/airflow/example_dags/example_dag_decorator.py took 0.226 seconds
[2022-01-03 13:17:53,637] {processor.py:163} INFO - Started process (PID=507) to work on /home/airflow/.local/lib/python3.7/site-packages/airflow/example_dags/example_dag_decorator.py
[2022-01-03 13:17:53,646] {processor.py:625} INFO - Processing file /home/airflow/.local/lib/python3.7/site-packages/airflow/example_dags/example_dag_decorator.py for tasks to queue
[2022-01-03 13:17:53,649] {logging_mixin.py:109} INFO - [2022-01-03 13:17:53,648] {dagbag.py:500} INFO - Filling up the DagBag from /home/airflow/.local/lib/python3.7/site-packages/airflow/example_dags/example_dag_decorator.py
[2022-01-03 13:17:53,746] {processor.py:637} INFO - DAG(s) dict_keys(['example_dag_decorator']) retrieved from /home/airflow/.local/lib/python3.7/site-packages/airflow/example_dags/example_dag_decorator.py
[2022-01-03 13:17:54,188] {logging_mixin.py:109} INFO - [2022-01-03 13:17:54,187] {dag.py:2396} INFO - Sync 1 DAGs
[2022-01-03 13:17:54,210] {logging_mixin.py:109} INFO - [2022-01-03 13:17:54,210] {dag.py:2928} INFO - Setting next_dagrun for example_dag_decorator to None
[2022-01-03 13:17:54,221] {processor.py:171} INFO - Processing /home/airflow/.local/lib/python3.7/site-packages/airflow/example_dags/example_dag_decorator.py took 0.592 seconds
[2022-01-03 13:18:24,391] {processor.py:163} INFO - Started process (PID=568) to work on /home/airflow/.local/lib/python3.7/site-packages/airflow/example_dags/example_dag_decorator.py
[2022-01-03 13:18:24,392] {processor.py:625} INFO - Processing file /home/airflow/.local/lib/python3.7/site-packages/airflow/example_dags/example_dag_decorator.py for tasks to queue
[2022-01-03 13:18:24,393] {logging_mixin.py:109} INFO - [2022-01-03 13:18:24,393] {dagbag.py:500} INFO - Filling up the DagBag from /home/airflow/.local/lib/python3.7/site-packages/airflow/example_dags/example_dag_decorator.py
[2022-01-03 13:18:24,501] {processor.py:637} INFO - DAG(s) dict_keys(['example_dag_decorator']) retrieved from /home/airflow/.local/lib/python3.7/site-packages/airflow/example_dags/example_dag_decorator.py
[2022-01-03 13:18:26,134] {logging_mixin.py:109} INFO - [2022-01-03 13:18:26,134] {dag.py:2396} INFO - Sync 1 DAGs
[2022-01-03 13:18:26,208] {logging_mixin.py:109} INFO - [2022-01-03 13:18:26,208] {dag.py:2928} INFO - Setting next_dagrun for example_dag_decorator to None
[2022-01-03 13:18:26,276] {processor.py:171} INFO - Processing /home/airflow/.local/lib/python3.7/site-packages/airflow/example_dags/example_dag_decorator.py took 1.889 seconds
[2022-01-03 13:18:56,749] {processor.py:163} INFO - Started process (PID=623) to work on /home/airflow/.local/lib/python3.7/site-packages/airflow/example_dags/example_dag_decorator.py
[2022-01-03 13:18:56,751] {processor.py:625} INFO - Processing file /home/airflow/.local/lib/python3.7/site-packages/airflow/example_dags/example_dag_decorator.py for tasks to queue
[2022-01-03 13:18:56,752] {logging_mixin.py:109} INFO - [2022-01-03 13:18:56,752] {dagbag.py:500} INFO - Filling up the DagBag from /home/airflow/.local/lib/python3.7/site-packages/airflow/example_dags/example_dag_decorator.py
[2022-01-03 13:18:56,798] {processor.py:637} INFO - DAG(s) dict_keys(['example_dag_decorator']) retrieved from /home/airflow/.local/lib/python3.7/site-packages/airflow/example_dags/example_dag_decorator.py
[2022-01-03 13:18:57,178] {logging_mixin.py:109} INFO - [2022-01-03 13:18:57,178] {dag.py:2396} INFO - Sync 1 DAGs
[2022-01-03 13:18:57,243] {logging_mixin.py:109} INFO - [2022-01-03 13:18:57,243] {dag.py:2928} INFO - Setting next_dagrun for example_dag_decorator to None
[2022-01-03 13:18:57,275] {processor.py:171} INFO - Processing /home/airflow/.local/lib/python3.7/site-packages/airflow/example_dags/example_dag_decorator.py took 0.530 seconds
[2022-01-03 13:19:27,354] {processor.py:163} INFO - Started process (PID=674) to work on /home/airflow/.local/lib/python3.7/site-packages/airflow/example_dags/example_dag_decorator.py
[2022-01-03 13:19:27,356] {processor.py:625} INFO - Processing file /home/airflow/.local/lib/python3.7/site-packages/airflow/example_dags/example_dag_decorator.py for tasks to queue
[2022-01-03 13:19:27,357] {logging_mixin.py:109} INFO - [2022-01-03 13:19:27,357] {dagbag.py:500} INFO - Filling up the DagBag from /home/airflow/.local/lib/python3.7/site-packages/airflow/example_dags/example_dag_decorator.py
[2022-01-03 13:19:27,413] {processor.py:637} INFO - DAG(s) dict_keys(['example_dag_decorator']) retrieved from /home/airflow/.local/lib/python3.7/site-packages/airflow/example_dags/example_dag_decorator.py
[2022-01-03 13:19:28,007] {logging_mixin.py:109} INFO - [2022-01-03 13:19:28,006] {dag.py:2396} INFO - Sync 1 DAGs
[2022-01-03 13:19:28,045] {logging_mixin.py:109} INFO - [2022-01-03 13:19:28,045] {dag.py:2928} INFO - Setting next_dagrun for example_dag_decorator to None
[2022-01-03 13:19:28,093] {processor.py:171} INFO - Processing /home/airflow/.local/lib/python3.7/site-packages/airflow/example_dags/example_dag_decorator.py took 0.744 seconds
[2022-01-03 13:19:58,259] {processor.py:163} INFO - Started process (PID=724) to work on /home/airflow/.local/lib/python3.7/site-packages/airflow/example_dags/example_dag_decorator.py
[2022-01-03 13:19:58,261] {processor.py:625} INFO - Processing file /home/airflow/.local/lib/python3.7/site-packages/airflow/example_dags/example_dag_decorator.py for tasks to queue
[2022-01-03 13:19:58,262] {logging_mixin.py:109} INFO - [2022-01-03 13:19:58,262] {dagbag.py:500} INFO - Filling up the DagBag from /home/airflow/.local/lib/python3.7/site-packages/airflow/example_dags/example_dag_decorator.py
[2022-01-03 13:19:58,342] {processor.py:637} INFO - DAG(s) dict_keys(['example_dag_decorator']) retrieved from /home/airflow/.local/lib/python3.7/site-packages/airflow/example_dags/example_dag_decorator.py
[2022-01-03 13:19:58,872] {logging_mixin.py:109} INFO - [2022-01-03 13:19:58,872] {dag.py:2396} INFO - Sync 1 DAGs
[2022-01-03 13:19:58,895] {logging_mixin.py:109} INFO - [2022-01-03 13:19:58,895] {dag.py:2928} INFO - Setting next_dagrun for example_dag_decorator to None
[2022-01-03 13:19:58,913] {processor.py:171} INFO - Processing /home/airflow/.local/lib/python3.7/site-packages/airflow/example_dags/example_dag_decorator.py took 0.658 seconds
[2022-01-03 13:20:29,463] {processor.py:163} INFO - Started process (PID=778) to work on /home/airflow/.local/lib/python3.7/site-packages/airflow/example_dags/example_dag_decorator.py
[2022-01-03 13:20:29,471] {processor.py:625} INFO - Processing file /home/airflow/.local/lib/python3.7/site-packages/airflow/example_dags/example_dag_decorator.py for tasks to queue
[2022-01-03 13:20:29,472] {logging_mixin.py:109} INFO - [2022-01-03 13:20:29,472] {dagbag.py:500} INFO - Filling up the DagBag from /home/airflow/.local/lib/python3.7/site-packages/airflow/example_dags/example_dag_decorator.py
[2022-01-03 13:20:29,546] {processor.py:637} INFO - DAG(s) dict_keys(['example_dag_decorator']) retrieved from /home/airflow/.local/lib/python3.7/site-packages/airflow/example_dags/example_dag_decorator.py
[2022-01-03 13:20:30,051] {logging_mixin.py:109} INFO - [2022-01-03 13:20:30,051] {dag.py:2396} INFO - Sync 1 DAGs
[2022-01-03 13:20:30,074] {logging_mixin.py:109} INFO - [2022-01-03 13:20:30,074] {dag.py:2928} INFO - Setting next_dagrun for example_dag_decorator to None
[2022-01-03 13:20:30,097] {processor.py:171} INFO - Processing /home/airflow/.local/lib/python3.7/site-packages/airflow/example_dags/example_dag_decorator.py took 0.638 seconds
[2022-01-03 13:21:00,956] {processor.py:163} INFO - Started process (PID=840) to work on /home/airflow/.local/lib/python3.7/site-packages/airflow/example_dags/example_dag_decorator.py
[2022-01-03 13:21:00,957] {processor.py:625} INFO - Processing file /home/airflow/.local/lib/python3.7/site-packages/airflow/example_dags/example_dag_decorator.py for tasks to queue
[2022-01-03 13:21:00,958] {logging_mixin.py:109} INFO - [2022-01-03 13:21:00,958] {dagbag.py:500} INFO - Filling up the DagBag from /home/airflow/.local/lib/python3.7/site-packages/airflow/example_dags/example_dag_decorator.py
[2022-01-03 13:21:01,036] {processor.py:637} INFO - DAG(s) dict_keys(['example_dag_decorator']) retrieved from /home/airflow/.local/lib/python3.7/site-packages/airflow/example_dags/example_dag_decorator.py
[2022-01-03 13:21:01,495] {logging_mixin.py:109} INFO - [2022-01-03 13:21:01,495] {dag.py:2396} INFO - Sync 1 DAGs
[2022-01-03 13:21:01,518] {logging_mixin.py:109} INFO - [2022-01-03 13:21:01,518] {dag.py:2928} INFO - Setting next_dagrun for example_dag_decorator to None
[2022-01-03 13:21:01,543] {processor.py:171} INFO - Processing /home/airflow/.local/lib/python3.7/site-packages/airflow/example_dags/example_dag_decorator.py took 0.591 seconds
[2022-01-03 13:21:31,734] {processor.py:163} INFO - Started process (PID=891) to work on /home/airflow/.local/lib/python3.7/site-packages/airflow/example_dags/example_dag_decorator.py
[2022-01-03 13:21:31,736] {processor.py:625} INFO - Processing file /home/airflow/.local/lib/python3.7/site-packages/airflow/example_dags/example_dag_decorator.py for tasks to queue
[2022-01-03 13:21:31,740] {logging_mixin.py:109} INFO - [2022-01-03 13:21:31,739] {dagbag.py:500} INFO - Filling up the DagBag from /home/airflow/.local/lib/python3.7/site-packages/airflow/example_dags/example_dag_decorator.py
[2022-01-03 13:21:31,812] {processor.py:637} INFO - DAG(s) dict_keys(['example_dag_decorator']) retrieved from /home/airflow/.local/lib/python3.7/site-packages/airflow/example_dags/example_dag_decorator.py
[2022-01-03 13:21:32,223] {logging_mixin.py:109} INFO - [2022-01-03 13:21:32,223] {dag.py:2396} INFO - Sync 1 DAGs
[2022-01-03 13:21:32,244] {logging_mixin.py:109} INFO - [2022-01-03 13:21:32,244] {dag.py:2928} INFO - Setting next_dagrun for example_dag_decorator to None
[2022-01-03 13:21:32,259] {processor.py:171} INFO - Processing /home/airflow/.local/lib/python3.7/site-packages/airflow/example_dags/example_dag_decorator.py took 0.529 seconds
[2022-01-03 13:22:02,681] {processor.py:163} INFO - Started process (PID=942) to work on /home/airflow/.local/lib/python3.7/site-packages/airflow/example_dags/example_dag_decorator.py
[2022-01-03 13:22:02,682] {processor.py:625} INFO - Processing file /home/airflow/.local/lib/python3.7/site-packages/airflow/example_dags/example_dag_decorator.py for tasks to queue
[2022-01-03 13:22:02,683] {logging_mixin.py:109} INFO - [2022-01-03 13:22:02,683] {dagbag.py:500} INFO - Filling up the DagBag from /home/airflow/.local/lib/python3.7/site-packages/airflow/example_dags/example_dag_decorator.py
[2022-01-03 13:22:02,749] {processor.py:637} INFO - DAG(s) dict_keys(['example_dag_decorator']) retrieved from /home/airflow/.local/lib/python3.7/site-packages/airflow/example_dags/example_dag_decorator.py
[2022-01-03 13:22:03,486] {logging_mixin.py:109} INFO - [2022-01-03 13:22:03,486] {dag.py:2396} INFO - Sync 1 DAGs
[2022-01-03 13:22:03,525] {logging_mixin.py:109} INFO - [2022-01-03 13:22:03,525] {dag.py:2928} INFO - Setting next_dagrun for example_dag_decorator to None
[2022-01-03 13:22:03,571] {processor.py:171} INFO - Processing /home/airflow/.local/lib/python3.7/site-packages/airflow/example_dags/example_dag_decorator.py took 0.895 seconds
[2022-01-03 13:22:34,040] {processor.py:163} INFO - Started process (PID=995) to work on /home/airflow/.local/lib/python3.7/site-packages/airflow/example_dags/example_dag_decorator.py
[2022-01-03 13:22:34,047] {processor.py:625} INFO - Processing file /home/airflow/.local/lib/python3.7/site-packages/airflow/example_dags/example_dag_decorator.py for tasks to queue
[2022-01-03 13:22:34,048] {logging_mixin.py:109} INFO - [2022-01-03 13:22:34,048] {dagbag.py:500} INFO - Filling up the DagBag from /home/airflow/.local/lib/python3.7/site-packages/airflow/example_dags/example_dag_decorator.py
[2022-01-03 13:22:34,113] {processor.py:637} INFO - DAG(s) dict_keys(['example_dag_decorator']) retrieved from /home/airflow/.local/lib/python3.7/site-packages/airflow/example_dags/example_dag_decorator.py
[2022-01-03 13:22:34,738] {logging_mixin.py:109} INFO - [2022-01-03 13:22:34,737] {dag.py:2396} INFO - Sync 1 DAGs
[2022-01-03 13:22:34,784] {logging_mixin.py:109} INFO - [2022-01-03 13:22:34,784] {dag.py:2928} INFO - Setting next_dagrun for example_dag_decorator to None
[2022-01-03 13:22:34,820] {processor.py:171} INFO - Processing /home/airflow/.local/lib/python3.7/site-packages/airflow/example_dags/example_dag_decorator.py took 0.793 seconds
[2022-01-03 13:23:05,116] {processor.py:163} INFO - Started process (PID=1057) to work on /home/airflow/.local/lib/python3.7/site-packages/airflow/example_dags/example_dag_decorator.py
[2022-01-03 13:23:05,118] {processor.py:625} INFO - Processing file /home/airflow/.local/lib/python3.7/site-packages/airflow/example_dags/example_dag_decorator.py for tasks to queue
[2022-01-03 13:23:05,119] {logging_mixin.py:109} INFO - [2022-01-03 13:23:05,118] {dagbag.py:500} INFO - Filling up the DagBag from /home/airflow/.local/lib/python3.7/site-packages/airflow/example_dags/example_dag_decorator.py
[2022-01-03 13:23:05,193] {processor.py:637} INFO - DAG(s) dict_keys(['example_dag_decorator']) retrieved from /home/airflow/.local/lib/python3.7/site-packages/airflow/example_dags/example_dag_decorator.py
[2022-01-03 13:23:05,916] {logging_mixin.py:109} INFO - [2022-01-03 13:23:05,916] {dag.py:2396} INFO - Sync 1 DAGs
[2022-01-03 13:23:05,944] {logging_mixin.py:109} INFO - [2022-01-03 13:23:05,944] {dag.py:2928} INFO - Setting next_dagrun for example_dag_decorator to None
[2022-01-03 13:23:05,965] {processor.py:171} INFO - Processing /home/airflow/.local/lib/python3.7/site-packages/airflow/example_dags/example_dag_decorator.py took 0.854 seconds
[2022-01-03 13:23:36,507] {processor.py:163} INFO - Started process (PID=1108) to work on /home/airflow/.local/lib/python3.7/site-packages/airflow/example_dags/example_dag_decorator.py
[2022-01-03 13:23:36,510] {processor.py:625} INFO - Processing file /home/airflow/.local/lib/python3.7/site-packages/airflow/example_dags/example_dag_decorator.py for tasks to queue
[2022-01-03 13:23:36,511] {logging_mixin.py:109} INFO - [2022-01-03 13:23:36,511] {dagbag.py:500} INFO - Filling up the DagBag from /home/airflow/.local/lib/python3.7/site-packages/airflow/example_dags/example_dag_decorator.py
[2022-01-03 13:23:36,570] {processor.py:637} INFO - DAG(s) dict_keys(['example_dag_decorator']) retrieved from /home/airflow/.local/lib/python3.7/site-packages/airflow/example_dags/example_dag_decorator.py
[2022-01-03 13:23:37,190] {logging_mixin.py:109} INFO - [2022-01-03 13:23:37,190] {dag.py:2396} INFO - Sync 1 DAGs
[2022-01-03 13:23:37,257] {logging_mixin.py:109} INFO - [2022-01-03 13:23:37,256] {dag.py:2928} INFO - Setting next_dagrun for example_dag_decorator to None
[2022-01-03 13:23:37,294] {processor.py:171} INFO - Processing /home/airflow/.local/lib/python3.7/site-packages/airflow/example_dags/example_dag_decorator.py took 0.792 seconds
[2022-01-03 13:24:07,787] {processor.py:163} INFO - Started process (PID=1160) to work on /home/airflow/.local/lib/python3.7/site-packages/airflow/example_dags/example_dag_decorator.py
[2022-01-03 13:24:07,789] {processor.py:625} INFO - Processing file /home/airflow/.local/lib/python3.7/site-packages/airflow/example_dags/example_dag_decorator.py for tasks to queue
[2022-01-03 13:24:07,790] {logging_mixin.py:109} INFO - [2022-01-03 13:24:07,790] {dagbag.py:500} INFO - Filling up the DagBag from /home/airflow/.local/lib/python3.7/site-packages/airflow/example_dags/example_dag_decorator.py
[2022-01-03 13:24:07,868] {processor.py:637} INFO - DAG(s) dict_keys(['example_dag_decorator']) retrieved from /home/airflow/.local/lib/python3.7/site-packages/airflow/example_dags/example_dag_decorator.py
[2022-01-03 13:24:08,285] {logging_mixin.py:109} INFO - [2022-01-03 13:24:08,285] {dag.py:2396} INFO - Sync 1 DAGs
[2022-01-03 13:24:08,306] {logging_mixin.py:109} INFO - [2022-01-03 13:24:08,306] {dag.py:2928} INFO - Setting next_dagrun for example_dag_decorator to None
[2022-01-03 13:24:08,321] {processor.py:171} INFO - Processing /home/airflow/.local/lib/python3.7/site-packages/airflow/example_dags/example_dag_decorator.py took 0.540 seconds
[2022-01-03 13:24:39,290] {processor.py:163} INFO - Started process (PID=1212) to work on /home/airflow/.local/lib/python3.7/site-packages/airflow/example_dags/example_dag_decorator.py
[2022-01-03 13:24:39,293] {processor.py:625} INFO - Processing file /home/airflow/.local/lib/python3.7/site-packages/airflow/example_dags/example_dag_decorator.py for tasks to queue
[2022-01-03 13:24:39,294] {logging_mixin.py:109} INFO - [2022-01-03 13:24:39,294] {dagbag.py:500} INFO - Filling up the DagBag from /home/airflow/.local/lib/python3.7/site-packages/airflow/example_dags/example_dag_decorator.py
[2022-01-03 13:24:39,336] {processor.py:637} INFO - DAG(s) dict_keys(['example_dag_decorator']) retrieved from /home/airflow/.local/lib/python3.7/site-packages/airflow/example_dags/example_dag_decorator.py
[2022-01-03 13:24:39,747] {logging_mixin.py:109} INFO - [2022-01-03 13:24:39,747] {dag.py:2396} INFO - Sync 1 DAGs
[2022-01-03 13:24:39,763] {logging_mixin.py:109} INFO - [2022-01-03 13:24:39,763] {dag.py:2928} INFO - Setting next_dagrun for example_dag_decorator to None
[2022-01-03 13:24:39,779] {processor.py:171} INFO - Processing /home/airflow/.local/lib/python3.7/site-packages/airflow/example_dags/example_dag_decorator.py took 0.494 seconds
[2022-01-03 13:25:10,475] {processor.py:163} INFO - Started process (PID=1271) to work on /home/airflow/.local/lib/python3.7/site-packages/airflow/example_dags/example_dag_decorator.py
[2022-01-03 13:25:10,477] {processor.py:625} INFO - Processing file /home/airflow/.local/lib/python3.7/site-packages/airflow/example_dags/example_dag_decorator.py for tasks to queue
[2022-01-03 13:25:10,478] {logging_mixin.py:109} INFO - [2022-01-03 13:25:10,478] {dagbag.py:500} INFO - Filling up the DagBag from /home/airflow/.local/lib/python3.7/site-packages/airflow/example_dags/example_dag_decorator.py
[2022-01-03 13:25:10,531] {processor.py:637} INFO - DAG(s) dict_keys(['example_dag_decorator']) retrieved from /home/airflow/.local/lib/python3.7/site-packages/airflow/example_dags/example_dag_decorator.py
[2022-01-03 13:25:10,967] {logging_mixin.py:109} INFO - [2022-01-03 13:25:10,967] {dag.py:2396} INFO - Sync 1 DAGs
[2022-01-03 13:25:10,984] {logging_mixin.py:109} INFO - [2022-01-03 13:25:10,984] {dag.py:2928} INFO - Setting next_dagrun for example_dag_decorator to None
[2022-01-03 13:25:10,996] {processor.py:171} INFO - Processing /home/airflow/.local/lib/python3.7/site-packages/airflow/example_dags/example_dag_decorator.py took 0.524 seconds
[2022-01-03 13:25:41,601] {processor.py:163} INFO - Started process (PID=1328) to work on /home/airflow/.local/lib/python3.7/site-packages/airflow/example_dags/example_dag_decorator.py
[2022-01-03 13:25:41,603] {processor.py:625} INFO - Processing file /home/airflow/.local/lib/python3.7/site-packages/airflow/example_dags/example_dag_decorator.py for tasks to queue
[2022-01-03 13:25:41,605] {logging_mixin.py:109} INFO - [2022-01-03 13:25:41,604] {dagbag.py:500} INFO - Filling up the DagBag from /home/airflow/.local/lib/python3.7/site-packages/airflow/example_dags/example_dag_decorator.py
[2022-01-03 13:25:41,674] {processor.py:637} INFO - DAG(s) dict_keys(['example_dag_decorator']) retrieved from /home/airflow/.local/lib/python3.7/site-packages/airflow/example_dags/example_dag_decorator.py
[2022-01-03 13:25:42,038] {logging_mixin.py:109} INFO - [2022-01-03 13:25:42,038] {dag.py:2396} INFO - Sync 1 DAGs
[2022-01-03 13:25:42,061] {logging_mixin.py:109} INFO - [2022-01-03 13:25:42,061] {dag.py:2928} INFO - Setting next_dagrun for example_dag_decorator to None
[2022-01-03 13:25:42,076] {processor.py:171} INFO - Processing /home/airflow/.local/lib/python3.7/site-packages/airflow/example_dags/example_dag_decorator.py took 0.479 seconds
[2022-01-03 13:26:12,410] {processor.py:163} INFO - Started process (PID=1380) to work on /home/airflow/.local/lib/python3.7/site-packages/airflow/example_dags/example_dag_decorator.py
[2022-01-03 13:26:12,415] {processor.py:625} INFO - Processing file /home/airflow/.local/lib/python3.7/site-packages/airflow/example_dags/example_dag_decorator.py for tasks to queue
[2022-01-03 13:26:12,416] {logging_mixin.py:109} INFO - [2022-01-03 13:26:12,416] {dagbag.py:500} INFO - Filling up the DagBag from /home/airflow/.local/lib/python3.7/site-packages/airflow/example_dags/example_dag_decorator.py
[2022-01-03 13:26:12,513] {processor.py:637} INFO - DAG(s) dict_keys(['example_dag_decorator']) retrieved from /home/airflow/.local/lib/python3.7/site-packages/airflow/example_dags/example_dag_decorator.py
[2022-01-03 13:26:13,036] {logging_mixin.py:109} INFO - [2022-01-03 13:26:13,036] {dag.py:2396} INFO - Sync 1 DAGs
[2022-01-03 13:26:13,060] {logging_mixin.py:109} INFO - [2022-01-03 13:26:13,059] {dag.py:2928} INFO - Setting next_dagrun for example_dag_decorator to None
[2022-01-03 13:26:13,086] {processor.py:171} INFO - Processing /home/airflow/.local/lib/python3.7/site-packages/airflow/example_dags/example_dag_decorator.py took 0.683 seconds
[2022-01-03 13:26:43,153] {processor.py:163} INFO - Started process (PID=1429) to work on /home/airflow/.local/lib/python3.7/site-packages/airflow/example_dags/example_dag_decorator.py
[2022-01-03 13:26:43,154] {processor.py:625} INFO - Processing file /home/airflow/.local/lib/python3.7/site-packages/airflow/example_dags/example_dag_decorator.py for tasks to queue
[2022-01-03 13:26:43,155] {logging_mixin.py:109} INFO - [2022-01-03 13:26:43,155] {dagbag.py:500} INFO - Filling up the DagBag from /home/airflow/.local/lib/python3.7/site-packages/airflow/example_dags/example_dag_decorator.py
[2022-01-03 13:26:43,196] {processor.py:637} INFO - DAG(s) dict_keys(['example_dag_decorator']) retrieved from /home/airflow/.local/lib/python3.7/site-packages/airflow/example_dags/example_dag_decorator.py
[2022-01-03 13:26:43,701] {logging_mixin.py:109} INFO - [2022-01-03 13:26:43,701] {dag.py:2396} INFO - Sync 1 DAGs
[2022-01-03 13:26:43,762] {logging_mixin.py:109} INFO - [2022-01-03 13:26:43,761] {dag.py:2928} INFO - Setting next_dagrun for example_dag_decorator to None
[2022-01-03 13:26:43,806] {processor.py:171} INFO - Processing /home/airflow/.local/lib/python3.7/site-packages/airflow/example_dags/example_dag_decorator.py took 0.656 seconds
[2022-01-03 13:27:14,839] {processor.py:163} INFO - Started process (PID=1487) to work on /home/airflow/.local/lib/python3.7/site-packages/airflow/example_dags/example_dag_decorator.py
[2022-01-03 13:27:14,840] {processor.py:625} INFO - Processing file /home/airflow/.local/lib/python3.7/site-packages/airflow/example_dags/example_dag_decorator.py for tasks to queue
[2022-01-03 13:27:14,841] {logging_mixin.py:109} INFO - [2022-01-03 13:27:14,841] {dagbag.py:500} INFO - Filling up the DagBag from /home/airflow/.local/lib/python3.7/site-packages/airflow/example_dags/example_dag_decorator.py
[2022-01-03 13:27:14,940] {processor.py:637} INFO - DAG(s) dict_keys(['example_dag_decorator']) retrieved from /home/airflow/.local/lib/python3.7/site-packages/airflow/example_dags/example_dag_decorator.py
[2022-01-03 13:27:15,421] {logging_mixin.py:109} INFO - [2022-01-03 13:27:15,421] {dag.py:2396} INFO - Sync 1 DAGs
[2022-01-03 13:27:15,445] {logging_mixin.py:109} INFO - [2022-01-03 13:27:15,445] {dag.py:2928} INFO - Setting next_dagrun for example_dag_decorator to None
[2022-01-03 13:27:15,468] {processor.py:171} INFO - Processing /home/airflow/.local/lib/python3.7/site-packages/airflow/example_dags/example_dag_decorator.py took 0.645 seconds
[2022-01-03 13:27:46,391] {processor.py:163} INFO - Started process (PID=1541) to work on /home/airflow/.local/lib/python3.7/site-packages/airflow/example_dags/example_dag_decorator.py
[2022-01-03 13:27:46,392] {processor.py:625} INFO - Processing file /home/airflow/.local/lib/python3.7/site-packages/airflow/example_dags/example_dag_decorator.py for tasks to queue
[2022-01-03 13:27:46,393] {logging_mixin.py:109} INFO - [2022-01-03 13:27:46,393] {dagbag.py:500} INFO - Filling up the DagBag from /home/airflow/.local/lib/python3.7/site-packages/airflow/example_dags/example_dag_decorator.py
[2022-01-03 13:27:46,439] {processor.py:637} INFO - DAG(s) dict_keys(['example_dag_decorator']) retrieved from /home/airflow/.local/lib/python3.7/site-packages/airflow/example_dags/example_dag_decorator.py
[2022-01-03 13:27:46,876] {logging_mixin.py:109} INFO - [2022-01-03 13:27:46,876] {dag.py:2396} INFO - Sync 1 DAGs
[2022-01-03 13:27:46,897] {logging_mixin.py:109} INFO - [2022-01-03 13:27:46,897] {dag.py:2928} INFO - Setting next_dagrun for example_dag_decorator to None
[2022-01-03 13:27:46,912] {processor.py:171} INFO - Processing /home/airflow/.local/lib/python3.7/site-packages/airflow/example_dags/example_dag_decorator.py took 0.525 seconds
[2022-01-03 13:28:17,454] {processor.py:163} INFO - Started process (PID=1595) to work on /home/airflow/.local/lib/python3.7/site-packages/airflow/example_dags/example_dag_decorator.py
[2022-01-03 13:28:17,455] {processor.py:625} INFO - Processing file /home/airflow/.local/lib/python3.7/site-packages/airflow/example_dags/example_dag_decorator.py for tasks to queue
[2022-01-03 13:28:17,456] {logging_mixin.py:109} INFO - [2022-01-03 13:28:17,456] {dagbag.py:500} INFO - Filling up the DagBag from /home/airflow/.local/lib/python3.7/site-packages/airflow/example_dags/example_dag_decorator.py
[2022-01-03 13:28:17,508] {processor.py:637} INFO - DAG(s) dict_keys(['example_dag_decorator']) retrieved from /home/airflow/.local/lib/python3.7/site-packages/airflow/example_dags/example_dag_decorator.py
[2022-01-03 13:28:18,107] {logging_mixin.py:109} INFO - [2022-01-03 13:28:18,106] {dag.py:2396} INFO - Sync 1 DAGs
[2022-01-03 13:28:18,146] {logging_mixin.py:109} INFO - [2022-01-03 13:28:18,146] {dag.py:2928} INFO - Setting next_dagrun for example_dag_decorator to None
[2022-01-03 13:28:18,174] {processor.py:171} INFO - Processing /home/airflow/.local/lib/python3.7/site-packages/airflow/example_dags/example_dag_decorator.py took 0.724 seconds
[2022-01-03 13:28:48,392] {processor.py:163} INFO - Started process (PID=1648) to work on /home/airflow/.local/lib/python3.7/site-packages/airflow/example_dags/example_dag_decorator.py
[2022-01-03 13:28:48,394] {processor.py:625} INFO - Processing file /home/airflow/.local/lib/python3.7/site-packages/airflow/example_dags/example_dag_decorator.py for tasks to queue
[2022-01-03 13:28:48,394] {logging_mixin.py:109} INFO - [2022-01-03 13:28:48,394] {dagbag.py:500} INFO - Filling up the DagBag from /home/airflow/.local/lib/python3.7/site-packages/airflow/example_dags/example_dag_decorator.py
[2022-01-03 13:28:48,435] {processor.py:637} INFO - DAG(s) dict_keys(['example_dag_decorator']) retrieved from /home/airflow/.local/lib/python3.7/site-packages/airflow/example_dags/example_dag_decorator.py
[2022-01-03 13:28:48,896] {logging_mixin.py:109} INFO - [2022-01-03 13:28:48,896] {dag.py:2396} INFO - Sync 1 DAGs
[2022-01-03 13:28:48,928] {logging_mixin.py:109} INFO - [2022-01-03 13:28:48,928] {dag.py:2928} INFO - Setting next_dagrun for example_dag_decorator to None
[2022-01-03 13:28:48,953] {processor.py:171} INFO - Processing /home/airflow/.local/lib/python3.7/site-packages/airflow/example_dags/example_dag_decorator.py took 0.565 seconds
[2022-01-03 13:29:19,725] {processor.py:163} INFO - Started process (PID=1700) to work on /home/airflow/.local/lib/python3.7/site-packages/airflow/example_dags/example_dag_decorator.py
[2022-01-03 13:29:19,729] {processor.py:625} INFO - Processing file /home/airflow/.local/lib/python3.7/site-packages/airflow/example_dags/example_dag_decorator.py for tasks to queue
[2022-01-03 13:29:19,731] {logging_mixin.py:109} INFO - [2022-01-03 13:29:19,730] {dagbag.py:500} INFO - Filling up the DagBag from /home/airflow/.local/lib/python3.7/site-packages/airflow/example_dags/example_dag_decorator.py
[2022-01-03 13:29:19,831] {processor.py:637} INFO - DAG(s) dict_keys(['example_dag_decorator']) retrieved from /home/airflow/.local/lib/python3.7/site-packages/airflow/example_dags/example_dag_decorator.py
[2022-01-03 13:29:20,318] {logging_mixin.py:109} INFO - [2022-01-03 13:29:20,318] {dag.py:2396} INFO - Sync 1 DAGs
[2022-01-03 13:29:20,338] {logging_mixin.py:109} INFO - [2022-01-03 13:29:20,338] {dag.py:2928} INFO - Setting next_dagrun for example_dag_decorator to None
[2022-01-03 13:29:20,352] {processor.py:171} INFO - Processing /home/airflow/.local/lib/python3.7/site-packages/airflow/example_dags/example_dag_decorator.py took 0.637 seconds
[2022-01-03 13:29:50,981] {processor.py:163} INFO - Started process (PID=1759) to work on /home/airflow/.local/lib/python3.7/site-packages/airflow/example_dags/example_dag_decorator.py
[2022-01-03 13:29:50,986] {processor.py:625} INFO - Processing file /home/airflow/.local/lib/python3.7/site-packages/airflow/example_dags/example_dag_decorator.py for tasks to queue
[2022-01-03 13:29:50,988] {logging_mixin.py:109} INFO - [2022-01-03 13:29:50,987] {dagbag.py:500} INFO - Filling up the DagBag from /home/airflow/.local/lib/python3.7/site-packages/airflow/example_dags/example_dag_decorator.py
[2022-01-03 13:29:51,062] {processor.py:637} INFO - DAG(s) dict_keys(['example_dag_decorator']) retrieved from /home/airflow/.local/lib/python3.7/site-packages/airflow/example_dags/example_dag_decorator.py
[2022-01-03 13:29:51,499] {logging_mixin.py:109} INFO - [2022-01-03 13:29:51,498] {dag.py:2396} INFO - Sync 1 DAGs
[2022-01-03 13:29:51,516] {logging_mixin.py:109} INFO - [2022-01-03 13:29:51,516] {dag.py:2928} INFO - Setting next_dagrun for example_dag_decorator to None
[2022-01-03 13:29:51,533] {processor.py:171} INFO - Processing /home/airflow/.local/lib/python3.7/site-packages/airflow/example_dags/example_dag_decorator.py took 0.562 seconds
[2022-01-03 13:30:21,908] {processor.py:163} INFO - Started process (PID=1811) to work on /home/airflow/.local/lib/python3.7/site-packages/airflow/example_dags/example_dag_decorator.py
[2022-01-03 13:30:21,909] {processor.py:625} INFO - Processing file /home/airflow/.local/lib/python3.7/site-packages/airflow/example_dags/example_dag_decorator.py for tasks to queue
[2022-01-03 13:30:21,910] {logging_mixin.py:109} INFO - [2022-01-03 13:30:21,910] {dagbag.py:500} INFO - Filling up the DagBag from /home/airflow/.local/lib/python3.7/site-packages/airflow/example_dags/example_dag_decorator.py
[2022-01-03 13:30:21,962] {processor.py:637} INFO - DAG(s) dict_keys(['example_dag_decorator']) retrieved from /home/airflow/.local/lib/python3.7/site-packages/airflow/example_dags/example_dag_decorator.py
[2022-01-03 13:30:22,778] {logging_mixin.py:109} INFO - [2022-01-03 13:30:22,778] {dag.py:2396} INFO - Sync 1 DAGs
[2022-01-03 13:30:22,810] {logging_mixin.py:109} INFO - [2022-01-03 13:30:22,810] {dag.py:2928} INFO - Setting next_dagrun for example_dag_decorator to None
[2022-01-03 13:30:22,857] {processor.py:171} INFO - Processing /home/airflow/.local/lib/python3.7/site-packages/airflow/example_dags/example_dag_decorator.py took 0.953 seconds
[2022-01-03 13:30:53,209] {processor.py:163} INFO - Started process (PID=1865) to work on /home/airflow/.local/lib/python3.7/site-packages/airflow/example_dags/example_dag_decorator.py
[2022-01-03 13:30:53,211] {processor.py:625} INFO - Processing file /home/airflow/.local/lib/python3.7/site-packages/airflow/example_dags/example_dag_decorator.py for tasks to queue
[2022-01-03 13:30:53,212] {logging_mixin.py:109} INFO - [2022-01-03 13:30:53,212] {dagbag.py:500} INFO - Filling up the DagBag from /home/airflow/.local/lib/python3.7/site-packages/airflow/example_dags/example_dag_decorator.py
[2022-01-03 13:30:53,261] {processor.py:637} INFO - DAG(s) dict_keys(['example_dag_decorator']) retrieved from /home/airflow/.local/lib/python3.7/site-packages/airflow/example_dags/example_dag_decorator.py
[2022-01-03 13:30:53,958] {logging_mixin.py:109} INFO - [2022-01-03 13:30:53,958] {dag.py:2396} INFO - Sync 1 DAGs
[2022-01-03 13:30:53,998] {logging_mixin.py:109} INFO - [2022-01-03 13:30:53,998] {dag.py:2928} INFO - Setting next_dagrun for example_dag_decorator to None
[2022-01-03 13:30:54,025] {processor.py:171} INFO - Processing /home/airflow/.local/lib/python3.7/site-packages/airflow/example_dags/example_dag_decorator.py took 0.820 seconds
[2022-01-03 13:31:24,240] {processor.py:163} INFO - Started process (PID=1927) to work on /home/airflow/.local/lib/python3.7/site-packages/airflow/example_dags/example_dag_decorator.py
[2022-01-03 13:31:24,242] {processor.py:625} INFO - Processing file /home/airflow/.local/lib/python3.7/site-packages/airflow/example_dags/example_dag_decorator.py for tasks to queue
[2022-01-03 13:31:24,243] {logging_mixin.py:109} INFO - [2022-01-03 13:31:24,243] {dagbag.py:500} INFO - Filling up the DagBag from /home/airflow/.local/lib/python3.7/site-packages/airflow/example_dags/example_dag_decorator.py
[2022-01-03 13:31:24,461] {processor.py:637} INFO - DAG(s) dict_keys(['example_dag_decorator']) retrieved from /home/airflow/.local/lib/python3.7/site-packages/airflow/example_dags/example_dag_decorator.py
[2022-01-03 13:31:25,140] {logging_mixin.py:109} INFO - [2022-01-03 13:31:25,140] {dag.py:2396} INFO - Sync 1 DAGs
[2022-01-03 13:31:25,223] {logging_mixin.py:109} INFO - [2022-01-03 13:31:25,223] {dag.py:2928} INFO - Setting next_dagrun for example_dag_decorator to None
[2022-01-03 13:31:25,256] {processor.py:171} INFO - Processing /home/airflow/.local/lib/python3.7/site-packages/airflow/example_dags/example_dag_decorator.py took 1.019 seconds
[2022-01-03 13:31:55,488] {processor.py:163} INFO - Started process (PID=1979) to work on /home/airflow/.local/lib/python3.7/site-packages/airflow/example_dags/example_dag_decorator.py
[2022-01-03 13:31:55,490] {processor.py:625} INFO - Processing file /home/airflow/.local/lib/python3.7/site-packages/airflow/example_dags/example_dag_decorator.py for tasks to queue
[2022-01-03 13:31:55,491] {logging_mixin.py:109} INFO - [2022-01-03 13:31:55,491] {dagbag.py:500} INFO - Filling up the DagBag from /home/airflow/.local/lib/python3.7/site-packages/airflow/example_dags/example_dag_decorator.py
[2022-01-03 13:31:55,554] {processor.py:637} INFO - DAG(s) dict_keys(['example_dag_decorator']) retrieved from /home/airflow/.local/lib/python3.7/site-packages/airflow/example_dags/example_dag_decorator.py
[2022-01-03 13:31:56,304] {logging_mixin.py:109} INFO - [2022-01-03 13:31:56,304] {dag.py:2396} INFO - Sync 1 DAGs
[2022-01-03 13:31:56,365] {logging_mixin.py:109} INFO - [2022-01-03 13:31:56,365] {dag.py:2928} INFO - Setting next_dagrun for example_dag_decorator to None
[2022-01-03 13:31:56,399] {processor.py:171} INFO - Processing /home/airflow/.local/lib/python3.7/site-packages/airflow/example_dags/example_dag_decorator.py took 0.915 seconds
[2022-01-03 13:38:10,235] {processor.py:163} INFO - Started process (PID=168) to work on /home/airflow/.local/lib/python3.7/site-packages/airflow/example_dags/example_dag_decorator.py
[2022-01-03 13:38:10,237] {processor.py:625} INFO - Processing file /home/airflow/.local/lib/python3.7/site-packages/airflow/example_dags/example_dag_decorator.py for tasks to queue
[2022-01-03 13:38:10,237] {logging_mixin.py:109} INFO - [2022-01-03 13:38:10,237] {dagbag.py:500} INFO - Filling up the DagBag from /home/airflow/.local/lib/python3.7/site-packages/airflow/example_dags/example_dag_decorator.py
[2022-01-03 13:38:10,304] {processor.py:637} INFO - DAG(s) dict_keys(['example_dag_decorator']) retrieved from /home/airflow/.local/lib/python3.7/site-packages/airflow/example_dags/example_dag_decorator.py
[2022-01-03 13:38:12,659] {logging_mixin.py:109} INFO - [2022-01-03 13:38:12,659] {providers_manager.py:156} WARNING - Exception when importing 'airflow.providers.google.leveldb.hooks.leveldb.LevelDBHook' from 'apache-airflow-providers-google' package: No module named 'plyvel'
[2022-01-03 13:38:13,265] {logging_mixin.py:109} INFO - [2022-01-03 13:38:13,265] {providers_manager.py:156} WARNING - Exception when importing 'airflow.providers.google.leveldb.hooks.leveldb.LevelDBHook' from 'apache-airflow-providers-google' package: No module named 'plyvel'
[2022-01-03 13:38:13,314] {logging_mixin.py:109} INFO - [2022-01-03 13:38:13,314] {manager.py:496} INFO - Created Permission View: can edit on DAG:example_dag_decorator
[2022-01-03 13:38:13,341] {logging_mixin.py:109} INFO - [2022-01-03 13:38:13,341] {manager.py:496} INFO - Created Permission View: can read on DAG:example_dag_decorator
[2022-01-03 13:38:13,342] {logging_mixin.py:109} INFO - [2022-01-03 13:38:13,341] {dag.py:2396} INFO - Sync 1 DAGs
[2022-01-03 13:38:13,360] {logging_mixin.py:109} INFO - [2022-01-03 13:38:13,360] {dag.py:2415} INFO - Creating ORM DAG for example_dag_decorator
[2022-01-03 13:38:13,381] {logging_mixin.py:109} INFO - [2022-01-03 13:38:13,381] {dag.py:2928} INFO - Setting next_dagrun for example_dag_decorator to None
[2022-01-03 13:38:13,403] {processor.py:171} INFO - Processing /home/airflow/.local/lib/python3.7/site-packages/airflow/example_dags/example_dag_decorator.py took 3.172 seconds
[2022-01-03 13:38:43,509] {processor.py:163} INFO - Started process (PID=271) to work on /home/airflow/.local/lib/python3.7/site-packages/airflow/example_dags/example_dag_decorator.py
[2022-01-03 13:38:43,513] {processor.py:625} INFO - Processing file /home/airflow/.local/lib/python3.7/site-packages/airflow/example_dags/example_dag_decorator.py for tasks to queue
[2022-01-03 13:38:43,515] {logging_mixin.py:109} INFO - [2022-01-03 13:38:43,515] {dagbag.py:500} INFO - Filling up the DagBag from /home/airflow/.local/lib/python3.7/site-packages/airflow/example_dags/example_dag_decorator.py
[2022-01-03 13:38:43,596] {processor.py:637} INFO - DAG(s) dict_keys(['example_dag_decorator']) retrieved from /home/airflow/.local/lib/python3.7/site-packages/airflow/example_dags/example_dag_decorator.py
[2022-01-03 13:38:44,118] {logging_mixin.py:109} INFO - [2022-01-03 13:38:44,118] {dag.py:2396} INFO - Sync 1 DAGs
[2022-01-03 13:38:44,150] {logging_mixin.py:109} INFO - [2022-01-03 13:38:44,150] {dag.py:2928} INFO - Setting next_dagrun for example_dag_decorator to None
[2022-01-03 13:38:44,167] {processor.py:171} INFO - Processing /home/airflow/.local/lib/python3.7/site-packages/airflow/example_dags/example_dag_decorator.py took 0.668 seconds
[2022-01-03 13:39:14,962] {processor.py:163} INFO - Started process (PID=321) to work on /home/airflow/.local/lib/python3.7/site-packages/airflow/example_dags/example_dag_decorator.py
[2022-01-03 13:39:14,965] {processor.py:625} INFO - Processing file /home/airflow/.local/lib/python3.7/site-packages/airflow/example_dags/example_dag_decorator.py for tasks to queue
[2022-01-03 13:39:14,967] {logging_mixin.py:109} INFO - [2022-01-03 13:39:14,966] {dagbag.py:500} INFO - Filling up the DagBag from /home/airflow/.local/lib/python3.7/site-packages/airflow/example_dags/example_dag_decorator.py
[2022-01-03 13:39:15,068] {processor.py:637} INFO - DAG(s) dict_keys(['example_dag_decorator']) retrieved from /home/airflow/.local/lib/python3.7/site-packages/airflow/example_dags/example_dag_decorator.py
[2022-01-03 13:39:15,442] {logging_mixin.py:109} INFO - [2022-01-03 13:39:15,442] {dag.py:2396} INFO - Sync 1 DAGs
[2022-01-03 13:39:15,474] {logging_mixin.py:109} INFO - [2022-01-03 13:39:15,474] {dag.py:2928} INFO - Setting next_dagrun for example_dag_decorator to None
[2022-01-03 13:39:15,511] {processor.py:171} INFO - Processing /home/airflow/.local/lib/python3.7/site-packages/airflow/example_dags/example_dag_decorator.py took 0.558 seconds
[2022-01-03 13:43:04,855] {processor.py:163} INFO - Started process (PID=167) to work on /home/airflow/.local/lib/python3.7/site-packages/airflow/example_dags/example_dag_decorator.py
[2022-01-03 13:43:04,862] {processor.py:625} INFO - Processing file /home/airflow/.local/lib/python3.7/site-packages/airflow/example_dags/example_dag_decorator.py for tasks to queue
[2022-01-03 13:43:04,863] {logging_mixin.py:109} INFO - [2022-01-03 13:43:04,862] {dagbag.py:500} INFO - Filling up the DagBag from /home/airflow/.local/lib/python3.7/site-packages/airflow/example_dags/example_dag_decorator.py
[2022-01-03 13:43:04,946] {processor.py:637} INFO - DAG(s) dict_keys(['example_dag_decorator']) retrieved from /home/airflow/.local/lib/python3.7/site-packages/airflow/example_dags/example_dag_decorator.py
[2022-01-03 13:43:06,915] {logging_mixin.py:109} INFO - [2022-01-03 13:43:06,914] {providers_manager.py:156} WARNING - Exception when importing 'airflow.providers.google.leveldb.hooks.leveldb.LevelDBHook' from 'apache-airflow-providers-google' package: No module named 'plyvel'
[2022-01-03 13:43:07,691] {logging_mixin.py:109} INFO - [2022-01-03 13:43:07,691] {providers_manager.py:156} WARNING - Exception when importing 'airflow.providers.google.leveldb.hooks.leveldb.LevelDBHook' from 'apache-airflow-providers-google' package: No module named 'plyvel'
[2022-01-03 13:43:07,738] {logging_mixin.py:109} INFO - [2022-01-03 13:43:07,738] {manager.py:496} INFO - Created Permission View: can read on DAG:example_dag_decorator
[2022-01-03 13:43:07,768] {logging_mixin.py:109} INFO - [2022-01-03 13:43:07,768] {manager.py:496} INFO - Created Permission View: can edit on DAG:example_dag_decorator
[2022-01-03 13:43:07,769] {logging_mixin.py:109} INFO - [2022-01-03 13:43:07,768] {dag.py:2396} INFO - Sync 1 DAGs
[2022-01-03 13:43:07,780] {logging_mixin.py:109} INFO - [2022-01-03 13:43:07,779] {dag.py:2415} INFO - Creating ORM DAG for example_dag_decorator
[2022-01-03 13:43:07,792] {logging_mixin.py:109} INFO - [2022-01-03 13:43:07,792] {dag.py:2928} INFO - Setting next_dagrun for example_dag_decorator to None
[2022-01-03 13:43:07,809] {processor.py:171} INFO - Processing /home/airflow/.local/lib/python3.7/site-packages/airflow/example_dags/example_dag_decorator.py took 2.963 seconds
[2022-01-03 13:43:38,001] {processor.py:163} INFO - Started process (PID=269) to work on /home/airflow/.local/lib/python3.7/site-packages/airflow/example_dags/example_dag_decorator.py
[2022-01-03 13:43:38,002] {processor.py:625} INFO - Processing file /home/airflow/.local/lib/python3.7/site-packages/airflow/example_dags/example_dag_decorator.py for tasks to queue
[2022-01-03 13:43:38,003] {logging_mixin.py:109} INFO - [2022-01-03 13:43:38,003] {dagbag.py:500} INFO - Filling up the DagBag from /home/airflow/.local/lib/python3.7/site-packages/airflow/example_dags/example_dag_decorator.py
[2022-01-03 13:43:38,042] {processor.py:637} INFO - DAG(s) dict_keys(['example_dag_decorator']) retrieved from /home/airflow/.local/lib/python3.7/site-packages/airflow/example_dags/example_dag_decorator.py
[2022-01-03 13:43:38,408] {logging_mixin.py:109} INFO - [2022-01-03 13:43:38,408] {dag.py:2396} INFO - Sync 1 DAGs
[2022-01-03 13:43:38,427] {logging_mixin.py:109} INFO - [2022-01-03 13:43:38,426] {dag.py:2928} INFO - Setting next_dagrun for example_dag_decorator to None
[2022-01-03 13:43:38,442] {processor.py:171} INFO - Processing /home/airflow/.local/lib/python3.7/site-packages/airflow/example_dags/example_dag_decorator.py took 0.445 seconds
[2022-01-03 13:44:09,262] {processor.py:163} INFO - Started process (PID=320) to work on /home/airflow/.local/lib/python3.7/site-packages/airflow/example_dags/example_dag_decorator.py
[2022-01-03 13:44:09,269] {processor.py:625} INFO - Processing file /home/airflow/.local/lib/python3.7/site-packages/airflow/example_dags/example_dag_decorator.py for tasks to queue
[2022-01-03 13:44:09,270] {logging_mixin.py:109} INFO - [2022-01-03 13:44:09,270] {dagbag.py:500} INFO - Filling up the DagBag from /home/airflow/.local/lib/python3.7/site-packages/airflow/example_dags/example_dag_decorator.py
[2022-01-03 13:44:09,306] {processor.py:637} INFO - DAG(s) dict_keys(['example_dag_decorator']) retrieved from /home/airflow/.local/lib/python3.7/site-packages/airflow/example_dags/example_dag_decorator.py
[2022-01-03 13:44:09,611] {logging_mixin.py:109} INFO - [2022-01-03 13:44:09,610] {dag.py:2396} INFO - Sync 1 DAGs
[2022-01-03 13:44:09,630] {logging_mixin.py:109} INFO - [2022-01-03 13:44:09,630] {dag.py:2928} INFO - Setting next_dagrun for example_dag_decorator to None
[2022-01-03 13:44:09,645] {processor.py:171} INFO - Processing /home/airflow/.local/lib/python3.7/site-packages/airflow/example_dags/example_dag_decorator.py took 0.390 seconds
[2022-01-03 13:44:39,855] {processor.py:163} INFO - Started process (PID=378) to work on /home/airflow/.local/lib/python3.7/site-packages/airflow/example_dags/example_dag_decorator.py
[2022-01-03 13:44:39,856] {processor.py:625} INFO - Processing file /home/airflow/.local/lib/python3.7/site-packages/airflow/example_dags/example_dag_decorator.py for tasks to queue
[2022-01-03 13:44:39,857] {logging_mixin.py:109} INFO - [2022-01-03 13:44:39,857] {dagbag.py:500} INFO - Filling up the DagBag from /home/airflow/.local/lib/python3.7/site-packages/airflow/example_dags/example_dag_decorator.py
[2022-01-03 13:44:39,906] {processor.py:637} INFO - DAG(s) dict_keys(['example_dag_decorator']) retrieved from /home/airflow/.local/lib/python3.7/site-packages/airflow/example_dags/example_dag_decorator.py
[2022-01-03 13:44:40,414] {logging_mixin.py:109} INFO - [2022-01-03 13:44:40,414] {dag.py:2396} INFO - Sync 1 DAGs
[2022-01-03 13:44:40,437] {logging_mixin.py:109} INFO - [2022-01-03 13:44:40,437] {dag.py:2928} INFO - Setting next_dagrun for example_dag_decorator to None
[2022-01-03 13:44:40,453] {processor.py:171} INFO - Processing /home/airflow/.local/lib/python3.7/site-packages/airflow/example_dags/example_dag_decorator.py took 0.602 seconds
[2022-01-03 13:45:10,486] {processor.py:163} INFO - Started process (PID=429) to work on /home/airflow/.local/lib/python3.7/site-packages/airflow/example_dags/example_dag_decorator.py
[2022-01-03 13:45:10,487] {processor.py:625} INFO - Processing file /home/airflow/.local/lib/python3.7/site-packages/airflow/example_dags/example_dag_decorator.py for tasks to queue
[2022-01-03 13:45:10,488] {logging_mixin.py:109} INFO - [2022-01-03 13:45:10,488] {dagbag.py:500} INFO - Filling up the DagBag from /home/airflow/.local/lib/python3.7/site-packages/airflow/example_dags/example_dag_decorator.py
[2022-01-03 13:45:10,530] {processor.py:637} INFO - DAG(s) dict_keys(['example_dag_decorator']) retrieved from /home/airflow/.local/lib/python3.7/site-packages/airflow/example_dags/example_dag_decorator.py
[2022-01-03 13:45:10,922] {logging_mixin.py:109} INFO - [2022-01-03 13:45:10,922] {dag.py:2396} INFO - Sync 1 DAGs
[2022-01-03 13:45:10,942] {logging_mixin.py:109} INFO - [2022-01-03 13:45:10,942] {dag.py:2928} INFO - Setting next_dagrun for example_dag_decorator to None
[2022-01-03 13:45:10,960] {processor.py:171} INFO - Processing /home/airflow/.local/lib/python3.7/site-packages/airflow/example_dags/example_dag_decorator.py took 0.478 seconds
[2022-01-03 13:45:41,961] {processor.py:163} INFO - Started process (PID=481) to work on /home/airflow/.local/lib/python3.7/site-packages/airflow/example_dags/example_dag_decorator.py
[2022-01-03 13:45:41,962] {processor.py:625} INFO - Processing file /home/airflow/.local/lib/python3.7/site-packages/airflow/example_dags/example_dag_decorator.py for tasks to queue
[2022-01-03 13:45:41,963] {logging_mixin.py:109} INFO - [2022-01-03 13:45:41,963] {dagbag.py:500} INFO - Filling up the DagBag from /home/airflow/.local/lib/python3.7/site-packages/airflow/example_dags/example_dag_decorator.py
[2022-01-03 13:45:42,004] {processor.py:637} INFO - DAG(s) dict_keys(['example_dag_decorator']) retrieved from /home/airflow/.local/lib/python3.7/site-packages/airflow/example_dags/example_dag_decorator.py
[2022-01-03 13:45:42,354] {logging_mixin.py:109} INFO - [2022-01-03 13:45:42,354] {dag.py:2396} INFO - Sync 1 DAGs
[2022-01-03 13:45:42,371] {logging_mixin.py:109} INFO - [2022-01-03 13:45:42,371] {dag.py:2928} INFO - Setting next_dagrun for example_dag_decorator to None
[2022-01-03 13:45:42,383] {processor.py:171} INFO - Processing /home/airflow/.local/lib/python3.7/site-packages/airflow/example_dags/example_dag_decorator.py took 0.425 seconds
[2022-01-03 13:46:12,540] {processor.py:163} INFO - Started process (PID=535) to work on /home/airflow/.local/lib/python3.7/site-packages/airflow/example_dags/example_dag_decorator.py
[2022-01-03 13:46:12,541] {processor.py:625} INFO - Processing file /home/airflow/.local/lib/python3.7/site-packages/airflow/example_dags/example_dag_decorator.py for tasks to queue
[2022-01-03 13:46:12,542] {logging_mixin.py:109} INFO - [2022-01-03 13:46:12,542] {dagbag.py:500} INFO - Filling up the DagBag from /home/airflow/.local/lib/python3.7/site-packages/airflow/example_dags/example_dag_decorator.py
[2022-01-03 13:46:12,577] {processor.py:637} INFO - DAG(s) dict_keys(['example_dag_decorator']) retrieved from /home/airflow/.local/lib/python3.7/site-packages/airflow/example_dags/example_dag_decorator.py
[2022-01-03 13:46:12,955] {logging_mixin.py:109} INFO - [2022-01-03 13:46:12,955] {dag.py:2396} INFO - Sync 1 DAGs
[2022-01-03 13:46:12,971] {logging_mixin.py:109} INFO - [2022-01-03 13:46:12,971] {dag.py:2928} INFO - Setting next_dagrun for example_dag_decorator to None
[2022-01-03 13:46:12,981] {processor.py:171} INFO - Processing /home/airflow/.local/lib/python3.7/site-packages/airflow/example_dags/example_dag_decorator.py took 0.444 seconds
