[2022-01-03 12:28:52,238] {processor.py:163} INFO - Started process (PID=247) to work on /home/airflow/.local/lib/python3.7/site-packages/airflow/example_dags/example_branch_day_of_week_operator.py
[2022-01-03 12:28:52,239] {processor.py:625} INFO - Processing file /home/airflow/.local/lib/python3.7/site-packages/airflow/example_dags/example_branch_day_of_week_operator.py for tasks to queue
[2022-01-03 12:28:52,240] {logging_mixin.py:109} INFO - [2022-01-03 12:28:52,240] {dagbag.py:500} INFO - Filling up the DagBag from /home/airflow/.local/lib/python3.7/site-packages/airflow/example_dags/example_branch_day_of_week_operator.py
[2022-01-03 12:28:52,390] {processor.py:637} INFO - DAG(s) dict_keys(['example_weekday_branch_operator']) retrieved from /home/airflow/.local/lib/python3.7/site-packages/airflow/example_dags/example_branch_day_of_week_operator.py
[2022-01-03 12:28:54,727] {logging_mixin.py:109} INFO - [2022-01-03 12:28:54,726] {providers_manager.py:156} WARNING - Exception when importing 'airflow.providers.google.leveldb.hooks.leveldb.LevelDBHook' from 'apache-airflow-providers-google' package: No module named 'plyvel'
[2022-01-03 12:28:55,490] {logging_mixin.py:109} INFO - [2022-01-03 12:28:55,490] {providers_manager.py:156} WARNING - Exception when importing 'airflow.providers.google.leveldb.hooks.leveldb.LevelDBHook' from 'apache-airflow-providers-google' package: No module named 'plyvel'
[2022-01-03 12:28:55,552] {logging_mixin.py:109} INFO - [2022-01-03 12:28:55,551] {manager.py:496} INFO - Created Permission View: can read on DAG:example_weekday_branch_operator
[2022-01-03 12:28:55,585] {logging_mixin.py:109} INFO - [2022-01-03 12:28:55,585] {manager.py:496} INFO - Created Permission View: can edit on DAG:example_weekday_branch_operator
[2022-01-03 12:28:55,586] {logging_mixin.py:109} INFO - [2022-01-03 12:28:55,585] {dag.py:2396} INFO - Sync 1 DAGs
[2022-01-03 12:28:55,599] {logging_mixin.py:109} INFO - [2022-01-03 12:28:55,599] {dag.py:2415} INFO - Creating ORM DAG for example_weekday_branch_operator
[2022-01-03 12:28:55,616] {logging_mixin.py:109} INFO - [2022-01-03 12:28:55,616] {dag.py:2928} INFO - Setting next_dagrun for example_weekday_branch_operator to 2022-01-02 00:00:00+00:00
[2022-01-03 12:28:55,641] {processor.py:171} INFO - Processing /home/airflow/.local/lib/python3.7/site-packages/airflow/example_dags/example_branch_day_of_week_operator.py took 3.426 seconds
[2022-01-03 12:29:26,247] {processor.py:163} INFO - Started process (PID=310) to work on /home/airflow/.local/lib/python3.7/site-packages/airflow/example_dags/example_branch_day_of_week_operator.py
[2022-01-03 12:29:26,252] {processor.py:625} INFO - Processing file /home/airflow/.local/lib/python3.7/site-packages/airflow/example_dags/example_branch_day_of_week_operator.py for tasks to queue
[2022-01-03 12:29:26,253] {logging_mixin.py:109} INFO - [2022-01-03 12:29:26,253] {dagbag.py:500} INFO - Filling up the DagBag from /home/airflow/.local/lib/python3.7/site-packages/airflow/example_dags/example_branch_day_of_week_operator.py
[2022-01-03 12:29:26,295] {processor.py:637} INFO - DAG(s) dict_keys(['example_weekday_branch_operator']) retrieved from /home/airflow/.local/lib/python3.7/site-packages/airflow/example_dags/example_branch_day_of_week_operator.py
[2022-01-03 12:29:26,313] {logging_mixin.py:109} INFO - [2022-01-03 12:29:26,313] {dag.py:2396} INFO - Sync 1 DAGs
[2022-01-03 12:29:26,361] {logging_mixin.py:109} INFO - [2022-01-03 12:29:26,361] {dag.py:2928} INFO - Setting next_dagrun for example_weekday_branch_operator to 2022-01-02 00:00:00+00:00
[2022-01-03 12:29:26,389] {processor.py:171} INFO - Processing /home/airflow/.local/lib/python3.7/site-packages/airflow/example_dags/example_branch_day_of_week_operator.py took 0.147 seconds
[2022-01-03 12:29:57,000] {processor.py:163} INFO - Started process (PID=362) to work on /home/airflow/.local/lib/python3.7/site-packages/airflow/example_dags/example_branch_day_of_week_operator.py
[2022-01-03 12:29:57,002] {processor.py:625} INFO - Processing file /home/airflow/.local/lib/python3.7/site-packages/airflow/example_dags/example_branch_day_of_week_operator.py for tasks to queue
[2022-01-03 12:29:57,002] {logging_mixin.py:109} INFO - [2022-01-03 12:29:57,002] {dagbag.py:500} INFO - Filling up the DagBag from /home/airflow/.local/lib/python3.7/site-packages/airflow/example_dags/example_branch_day_of_week_operator.py
[2022-01-03 12:29:57,047] {processor.py:637} INFO - DAG(s) dict_keys(['example_weekday_branch_operator']) retrieved from /home/airflow/.local/lib/python3.7/site-packages/airflow/example_dags/example_branch_day_of_week_operator.py
[2022-01-03 12:29:57,071] {logging_mixin.py:109} INFO - [2022-01-03 12:29:57,070] {dag.py:2396} INFO - Sync 1 DAGs
[2022-01-03 12:29:57,105] {logging_mixin.py:109} INFO - [2022-01-03 12:29:57,105] {dag.py:2928} INFO - Setting next_dagrun for example_weekday_branch_operator to 2022-01-02 00:00:00+00:00
[2022-01-03 12:29:57,118] {processor.py:171} INFO - Processing /home/airflow/.local/lib/python3.7/site-packages/airflow/example_dags/example_branch_day_of_week_operator.py took 0.123 seconds
[2022-01-03 12:30:27,622] {processor.py:163} INFO - Started process (PID=415) to work on /home/airflow/.local/lib/python3.7/site-packages/airflow/example_dags/example_branch_day_of_week_operator.py
[2022-01-03 12:30:27,625] {processor.py:625} INFO - Processing file /home/airflow/.local/lib/python3.7/site-packages/airflow/example_dags/example_branch_day_of_week_operator.py for tasks to queue
[2022-01-03 12:30:27,626] {logging_mixin.py:109} INFO - [2022-01-03 12:30:27,626] {dagbag.py:500} INFO - Filling up the DagBag from /home/airflow/.local/lib/python3.7/site-packages/airflow/example_dags/example_branch_day_of_week_operator.py
[2022-01-03 12:30:27,725] {processor.py:637} INFO - DAG(s) dict_keys(['example_weekday_branch_operator']) retrieved from /home/airflow/.local/lib/python3.7/site-packages/airflow/example_dags/example_branch_day_of_week_operator.py
[2022-01-03 12:30:27,741] {logging_mixin.py:109} INFO - [2022-01-03 12:30:27,741] {dag.py:2396} INFO - Sync 1 DAGs
[2022-01-03 12:30:27,781] {logging_mixin.py:109} INFO - [2022-01-03 12:30:27,781] {dag.py:2928} INFO - Setting next_dagrun for example_weekday_branch_operator to 2022-01-02 00:00:00+00:00
[2022-01-03 12:30:27,795] {processor.py:171} INFO - Processing /home/airflow/.local/lib/python3.7/site-packages/airflow/example_dags/example_branch_day_of_week_operator.py took 0.186 seconds
[2022-01-03 12:30:57,994] {processor.py:163} INFO - Started process (PID=466) to work on /home/airflow/.local/lib/python3.7/site-packages/airflow/example_dags/example_branch_day_of_week_operator.py
[2022-01-03 12:30:57,999] {processor.py:625} INFO - Processing file /home/airflow/.local/lib/python3.7/site-packages/airflow/example_dags/example_branch_day_of_week_operator.py for tasks to queue
[2022-01-03 12:30:58,001] {logging_mixin.py:109} INFO - [2022-01-03 12:30:58,001] {dagbag.py:500} INFO - Filling up the DagBag from /home/airflow/.local/lib/python3.7/site-packages/airflow/example_dags/example_branch_day_of_week_operator.py
[2022-01-03 12:30:58,077] {processor.py:637} INFO - DAG(s) dict_keys(['example_weekday_branch_operator']) retrieved from /home/airflow/.local/lib/python3.7/site-packages/airflow/example_dags/example_branch_day_of_week_operator.py
[2022-01-03 12:30:58,095] {logging_mixin.py:109} INFO - [2022-01-03 12:30:58,095] {dag.py:2396} INFO - Sync 1 DAGs
[2022-01-03 12:30:58,131] {logging_mixin.py:109} INFO - [2022-01-03 12:30:58,131] {dag.py:2928} INFO - Setting next_dagrun for example_weekday_branch_operator to 2022-01-02 00:00:00+00:00
[2022-01-03 12:30:58,173] {processor.py:171} INFO - Processing /home/airflow/.local/lib/python3.7/site-packages/airflow/example_dags/example_branch_day_of_week_operator.py took 0.184 seconds
[2022-01-03 12:31:28,826] {processor.py:163} INFO - Started process (PID=508) to work on /home/airflow/.local/lib/python3.7/site-packages/airflow/example_dags/example_branch_day_of_week_operator.py
[2022-01-03 12:31:28,827] {processor.py:625} INFO - Processing file /home/airflow/.local/lib/python3.7/site-packages/airflow/example_dags/example_branch_day_of_week_operator.py for tasks to queue
[2022-01-03 12:31:28,828] {logging_mixin.py:109} INFO - [2022-01-03 12:31:28,828] {dagbag.py:500} INFO - Filling up the DagBag from /home/airflow/.local/lib/python3.7/site-packages/airflow/example_dags/example_branch_day_of_week_operator.py
[2022-01-03 12:31:28,883] {processor.py:637} INFO - DAG(s) dict_keys(['example_weekday_branch_operator']) retrieved from /home/airflow/.local/lib/python3.7/site-packages/airflow/example_dags/example_branch_day_of_week_operator.py
[2022-01-03 12:31:28,900] {logging_mixin.py:109} INFO - [2022-01-03 12:31:28,900] {dag.py:2396} INFO - Sync 1 DAGs
[2022-01-03 12:31:28,930] {logging_mixin.py:109} INFO - [2022-01-03 12:31:28,930] {dag.py:2928} INFO - Setting next_dagrun for example_weekday_branch_operator to 2022-01-02 00:00:00+00:00
[2022-01-03 12:31:28,946] {processor.py:171} INFO - Processing /home/airflow/.local/lib/python3.7/site-packages/airflow/example_dags/example_branch_day_of_week_operator.py took 0.126 seconds
[2022-01-03 12:31:59,407] {processor.py:163} INFO - Started process (PID=566) to work on /home/airflow/.local/lib/python3.7/site-packages/airflow/example_dags/example_branch_day_of_week_operator.py
[2022-01-03 12:31:59,409] {processor.py:625} INFO - Processing file /home/airflow/.local/lib/python3.7/site-packages/airflow/example_dags/example_branch_day_of_week_operator.py for tasks to queue
[2022-01-03 12:31:59,410] {logging_mixin.py:109} INFO - [2022-01-03 12:31:59,409] {dagbag.py:500} INFO - Filling up the DagBag from /home/airflow/.local/lib/python3.7/site-packages/airflow/example_dags/example_branch_day_of_week_operator.py
[2022-01-03 12:31:59,462] {processor.py:637} INFO - DAG(s) dict_keys(['example_weekday_branch_operator']) retrieved from /home/airflow/.local/lib/python3.7/site-packages/airflow/example_dags/example_branch_day_of_week_operator.py
[2022-01-03 12:31:59,479] {logging_mixin.py:109} INFO - [2022-01-03 12:31:59,479] {dag.py:2396} INFO - Sync 1 DAGs
[2022-01-03 12:31:59,504] {logging_mixin.py:109} INFO - [2022-01-03 12:31:59,504] {dag.py:2928} INFO - Setting next_dagrun for example_weekday_branch_operator to 2022-01-02 00:00:00+00:00
[2022-01-03 12:31:59,519] {processor.py:171} INFO - Processing /home/airflow/.local/lib/python3.7/site-packages/airflow/example_dags/example_branch_day_of_week_operator.py took 0.119 seconds
[2022-01-03 12:32:29,850] {processor.py:163} INFO - Started process (PID=616) to work on /home/airflow/.local/lib/python3.7/site-packages/airflow/example_dags/example_branch_day_of_week_operator.py
[2022-01-03 12:32:29,854] {processor.py:625} INFO - Processing file /home/airflow/.local/lib/python3.7/site-packages/airflow/example_dags/example_branch_day_of_week_operator.py for tasks to queue
[2022-01-03 12:32:29,856] {logging_mixin.py:109} INFO - [2022-01-03 12:32:29,855] {dagbag.py:500} INFO - Filling up the DagBag from /home/airflow/.local/lib/python3.7/site-packages/airflow/example_dags/example_branch_day_of_week_operator.py
[2022-01-03 12:32:29,925] {processor.py:637} INFO - DAG(s) dict_keys(['example_weekday_branch_operator']) retrieved from /home/airflow/.local/lib/python3.7/site-packages/airflow/example_dags/example_branch_day_of_week_operator.py
[2022-01-03 12:32:29,941] {logging_mixin.py:109} INFO - [2022-01-03 12:32:29,941] {dag.py:2396} INFO - Sync 1 DAGs
[2022-01-03 12:32:29,969] {logging_mixin.py:109} INFO - [2022-01-03 12:32:29,969] {dag.py:2928} INFO - Setting next_dagrun for example_weekday_branch_operator to 2022-01-02 00:00:00+00:00
[2022-01-03 12:32:29,983] {processor.py:171} INFO - Processing /home/airflow/.local/lib/python3.7/site-packages/airflow/example_dags/example_branch_day_of_week_operator.py took 0.143 seconds
[2022-01-03 13:13:49,958] {processor.py:163} INFO - Started process (PID=77) to work on /home/airflow/.local/lib/python3.7/site-packages/airflow/example_dags/example_branch_day_of_week_operator.py
[2022-01-03 13:13:49,960] {processor.py:625} INFO - Processing file /home/airflow/.local/lib/python3.7/site-packages/airflow/example_dags/example_branch_day_of_week_operator.py for tasks to queue
[2022-01-03 13:13:49,960] {logging_mixin.py:109} INFO - [2022-01-03 13:13:49,960] {dagbag.py:500} INFO - Filling up the DagBag from /home/airflow/.local/lib/python3.7/site-packages/airflow/example_dags/example_branch_day_of_week_operator.py
[2022-01-03 13:13:49,989] {processor.py:637} INFO - DAG(s) dict_keys(['example_weekday_branch_operator']) retrieved from /home/airflow/.local/lib/python3.7/site-packages/airflow/example_dags/example_branch_day_of_week_operator.py
[2022-01-03 13:13:49,999] {logging_mixin.py:109} INFO - [2022-01-03 13:13:49,999] {dag.py:2396} INFO - Sync 1 DAGs
[2022-01-03 13:13:50,022] {logging_mixin.py:109} INFO - [2022-01-03 13:13:50,022] {dag.py:2928} INFO - Setting next_dagrun for example_weekday_branch_operator to 2022-01-02 00:00:00+00:00
[2022-01-03 13:13:50,039] {processor.py:171} INFO - Processing /home/airflow/.local/lib/python3.7/site-packages/airflow/example_dags/example_branch_day_of_week_operator.py took 0.083 seconds
[2022-01-03 13:14:20,760] {processor.py:163} INFO - Started process (PID=134) to work on /home/airflow/.local/lib/python3.7/site-packages/airflow/example_dags/example_branch_day_of_week_operator.py
[2022-01-03 13:14:20,761] {processor.py:625} INFO - Processing file /home/airflow/.local/lib/python3.7/site-packages/airflow/example_dags/example_branch_day_of_week_operator.py for tasks to queue
[2022-01-03 13:14:20,762] {logging_mixin.py:109} INFO - [2022-01-03 13:14:20,762] {dagbag.py:500} INFO - Filling up the DagBag from /home/airflow/.local/lib/python3.7/site-packages/airflow/example_dags/example_branch_day_of_week_operator.py
[2022-01-03 13:14:20,789] {processor.py:637} INFO - DAG(s) dict_keys(['example_weekday_branch_operator']) retrieved from /home/airflow/.local/lib/python3.7/site-packages/airflow/example_dags/example_branch_day_of_week_operator.py
[2022-01-03 13:14:20,800] {logging_mixin.py:109} INFO - [2022-01-03 13:14:20,800] {dag.py:2396} INFO - Sync 1 DAGs
[2022-01-03 13:14:20,823] {logging_mixin.py:109} INFO - [2022-01-03 13:14:20,823] {dag.py:2928} INFO - Setting next_dagrun for example_weekday_branch_operator to 2022-01-02 00:00:00+00:00
[2022-01-03 13:14:20,835] {processor.py:171} INFO - Processing /home/airflow/.local/lib/python3.7/site-packages/airflow/example_dags/example_branch_day_of_week_operator.py took 0.077 seconds
[2022-01-03 13:14:51,701] {processor.py:163} INFO - Started process (PID=188) to work on /home/airflow/.local/lib/python3.7/site-packages/airflow/example_dags/example_branch_day_of_week_operator.py
[2022-01-03 13:14:51,703] {processor.py:625} INFO - Processing file /home/airflow/.local/lib/python3.7/site-packages/airflow/example_dags/example_branch_day_of_week_operator.py for tasks to queue
[2022-01-03 13:14:51,704] {logging_mixin.py:109} INFO - [2022-01-03 13:14:51,704] {dagbag.py:500} INFO - Filling up the DagBag from /home/airflow/.local/lib/python3.7/site-packages/airflow/example_dags/example_branch_day_of_week_operator.py
[2022-01-03 13:14:51,744] {processor.py:637} INFO - DAG(s) dict_keys(['example_weekday_branch_operator']) retrieved from /home/airflow/.local/lib/python3.7/site-packages/airflow/example_dags/example_branch_day_of_week_operator.py
[2022-01-03 13:14:51,770] {logging_mixin.py:109} INFO - [2022-01-03 13:14:51,770] {dag.py:2396} INFO - Sync 1 DAGs
[2022-01-03 13:14:51,821] {logging_mixin.py:109} INFO - [2022-01-03 13:14:51,820] {dag.py:2928} INFO - Setting next_dagrun for example_weekday_branch_operator to 2022-01-02 00:00:00+00:00
[2022-01-03 13:14:51,833] {processor.py:171} INFO - Processing /home/airflow/.local/lib/python3.7/site-packages/airflow/example_dags/example_branch_day_of_week_operator.py took 0.137 seconds
[2022-01-03 13:15:22,709] {processor.py:163} INFO - Started process (PID=254) to work on /home/airflow/.local/lib/python3.7/site-packages/airflow/example_dags/example_branch_day_of_week_operator.py
[2022-01-03 13:15:22,710] {processor.py:625} INFO - Processing file /home/airflow/.local/lib/python3.7/site-packages/airflow/example_dags/example_branch_day_of_week_operator.py for tasks to queue
[2022-01-03 13:15:22,711] {logging_mixin.py:109} INFO - [2022-01-03 13:15:22,711] {dagbag.py:500} INFO - Filling up the DagBag from /home/airflow/.local/lib/python3.7/site-packages/airflow/example_dags/example_branch_day_of_week_operator.py
[2022-01-03 13:15:22,756] {processor.py:637} INFO - DAG(s) dict_keys(['example_weekday_branch_operator']) retrieved from /home/airflow/.local/lib/python3.7/site-packages/airflow/example_dags/example_branch_day_of_week_operator.py
[2022-01-03 13:15:22,770] {logging_mixin.py:109} INFO - [2022-01-03 13:15:22,770] {dag.py:2396} INFO - Sync 1 DAGs
[2022-01-03 13:15:22,803] {logging_mixin.py:109} INFO - [2022-01-03 13:15:22,803] {dag.py:2928} INFO - Setting next_dagrun for example_weekday_branch_operator to 2022-01-02 00:00:00+00:00
[2022-01-03 13:15:22,832] {processor.py:171} INFO - Processing /home/airflow/.local/lib/python3.7/site-packages/airflow/example_dags/example_branch_day_of_week_operator.py took 0.136 seconds
[2022-01-03 13:15:53,424] {processor.py:163} INFO - Started process (PID=307) to work on /home/airflow/.local/lib/python3.7/site-packages/airflow/example_dags/example_branch_day_of_week_operator.py
[2022-01-03 13:15:53,425] {processor.py:625} INFO - Processing file /home/airflow/.local/lib/python3.7/site-packages/airflow/example_dags/example_branch_day_of_week_operator.py for tasks to queue
[2022-01-03 13:15:53,426] {logging_mixin.py:109} INFO - [2022-01-03 13:15:53,426] {dagbag.py:500} INFO - Filling up the DagBag from /home/airflow/.local/lib/python3.7/site-packages/airflow/example_dags/example_branch_day_of_week_operator.py
[2022-01-03 13:15:53,468] {processor.py:637} INFO - DAG(s) dict_keys(['example_weekday_branch_operator']) retrieved from /home/airflow/.local/lib/python3.7/site-packages/airflow/example_dags/example_branch_day_of_week_operator.py
[2022-01-03 13:15:53,486] {logging_mixin.py:109} INFO - [2022-01-03 13:15:53,486] {dag.py:2396} INFO - Sync 1 DAGs
[2022-01-03 13:15:53,509] {logging_mixin.py:109} INFO - [2022-01-03 13:15:53,509] {dag.py:2928} INFO - Setting next_dagrun for example_weekday_branch_operator to 2022-01-02 00:00:00+00:00
[2022-01-03 13:15:53,520] {processor.py:171} INFO - Processing /home/airflow/.local/lib/python3.7/site-packages/airflow/example_dags/example_branch_day_of_week_operator.py took 0.099 seconds
[2022-01-03 13:16:23,959] {processor.py:163} INFO - Started process (PID=363) to work on /home/airflow/.local/lib/python3.7/site-packages/airflow/example_dags/example_branch_day_of_week_operator.py
[2022-01-03 13:16:23,962] {processor.py:625} INFO - Processing file /home/airflow/.local/lib/python3.7/site-packages/airflow/example_dags/example_branch_day_of_week_operator.py for tasks to queue
[2022-01-03 13:16:23,963] {logging_mixin.py:109} INFO - [2022-01-03 13:16:23,963] {dagbag.py:500} INFO - Filling up the DagBag from /home/airflow/.local/lib/python3.7/site-packages/airflow/example_dags/example_branch_day_of_week_operator.py
[2022-01-03 13:16:24,031] {processor.py:637} INFO - DAG(s) dict_keys(['example_weekday_branch_operator']) retrieved from /home/airflow/.local/lib/python3.7/site-packages/airflow/example_dags/example_branch_day_of_week_operator.py
[2022-01-03 13:16:24,044] {logging_mixin.py:109} INFO - [2022-01-03 13:16:24,044] {dag.py:2396} INFO - Sync 1 DAGs
[2022-01-03 13:16:24,071] {logging_mixin.py:109} INFO - [2022-01-03 13:16:24,071] {dag.py:2928} INFO - Setting next_dagrun for example_weekday_branch_operator to 2022-01-02 00:00:00+00:00
[2022-01-03 13:16:24,083] {processor.py:171} INFO - Processing /home/airflow/.local/lib/python3.7/site-packages/airflow/example_dags/example_branch_day_of_week_operator.py took 0.128 seconds
[2022-01-03 13:16:54,301] {processor.py:163} INFO - Started process (PID=412) to work on /home/airflow/.local/lib/python3.7/site-packages/airflow/example_dags/example_branch_day_of_week_operator.py
[2022-01-03 13:16:54,303] {processor.py:625} INFO - Processing file /home/airflow/.local/lib/python3.7/site-packages/airflow/example_dags/example_branch_day_of_week_operator.py for tasks to queue
[2022-01-03 13:16:54,304] {logging_mixin.py:109} INFO - [2022-01-03 13:16:54,304] {dagbag.py:500} INFO - Filling up the DagBag from /home/airflow/.local/lib/python3.7/site-packages/airflow/example_dags/example_branch_day_of_week_operator.py
[2022-01-03 13:16:54,339] {processor.py:637} INFO - DAG(s) dict_keys(['example_weekday_branch_operator']) retrieved from /home/airflow/.local/lib/python3.7/site-packages/airflow/example_dags/example_branch_day_of_week_operator.py
[2022-01-03 13:16:54,350] {logging_mixin.py:109} INFO - [2022-01-03 13:16:54,350] {dag.py:2396} INFO - Sync 1 DAGs
[2022-01-03 13:16:54,380] {logging_mixin.py:109} INFO - [2022-01-03 13:16:54,379] {dag.py:2928} INFO - Setting next_dagrun for example_weekday_branch_operator to 2022-01-02 00:00:00+00:00
[2022-01-03 13:16:54,394] {processor.py:171} INFO - Processing /home/airflow/.local/lib/python3.7/site-packages/airflow/example_dags/example_branch_day_of_week_operator.py took 0.097 seconds
[2022-01-03 13:17:24,538] {processor.py:163} INFO - Started process (PID=462) to work on /home/airflow/.local/lib/python3.7/site-packages/airflow/example_dags/example_branch_day_of_week_operator.py
[2022-01-03 13:17:24,539] {processor.py:625} INFO - Processing file /home/airflow/.local/lib/python3.7/site-packages/airflow/example_dags/example_branch_day_of_week_operator.py for tasks to queue
[2022-01-03 13:17:24,540] {logging_mixin.py:109} INFO - [2022-01-03 13:17:24,540] {dagbag.py:500} INFO - Filling up the DagBag from /home/airflow/.local/lib/python3.7/site-packages/airflow/example_dags/example_branch_day_of_week_operator.py
[2022-01-03 13:17:24,601] {processor.py:637} INFO - DAG(s) dict_keys(['example_weekday_branch_operator']) retrieved from /home/airflow/.local/lib/python3.7/site-packages/airflow/example_dags/example_branch_day_of_week_operator.py
[2022-01-03 13:17:24,617] {logging_mixin.py:109} INFO - [2022-01-03 13:17:24,616] {dag.py:2396} INFO - Sync 1 DAGs
[2022-01-03 13:17:24,649] {logging_mixin.py:109} INFO - [2022-01-03 13:17:24,649] {dag.py:2928} INFO - Setting next_dagrun for example_weekday_branch_operator to 2022-01-02 00:00:00+00:00
[2022-01-03 13:17:24,665] {processor.py:171} INFO - Processing /home/airflow/.local/lib/python3.7/site-packages/airflow/example_dags/example_branch_day_of_week_operator.py took 0.132 seconds
[2022-01-03 13:17:55,567] {processor.py:163} INFO - Started process (PID=524) to work on /home/airflow/.local/lib/python3.7/site-packages/airflow/example_dags/example_branch_day_of_week_operator.py
[2022-01-03 13:17:55,569] {processor.py:625} INFO - Processing file /home/airflow/.local/lib/python3.7/site-packages/airflow/example_dags/example_branch_day_of_week_operator.py for tasks to queue
[2022-01-03 13:17:55,570] {logging_mixin.py:109} INFO - [2022-01-03 13:17:55,569] {dagbag.py:500} INFO - Filling up the DagBag from /home/airflow/.local/lib/python3.7/site-packages/airflow/example_dags/example_branch_day_of_week_operator.py
[2022-01-03 13:17:55,607] {processor.py:637} INFO - DAG(s) dict_keys(['example_weekday_branch_operator']) retrieved from /home/airflow/.local/lib/python3.7/site-packages/airflow/example_dags/example_branch_day_of_week_operator.py
[2022-01-03 13:17:55,623] {logging_mixin.py:109} INFO - [2022-01-03 13:17:55,623] {dag.py:2396} INFO - Sync 1 DAGs
[2022-01-03 13:17:55,652] {logging_mixin.py:109} INFO - [2022-01-03 13:17:55,652] {dag.py:2928} INFO - Setting next_dagrun for example_weekday_branch_operator to 2022-01-02 00:00:00+00:00
[2022-01-03 13:17:55,665] {processor.py:171} INFO - Processing /home/airflow/.local/lib/python3.7/site-packages/airflow/example_dags/example_branch_day_of_week_operator.py took 0.102 seconds
[2022-01-03 13:18:27,521] {processor.py:163} INFO - Started process (PID=576) to work on /home/airflow/.local/lib/python3.7/site-packages/airflow/example_dags/example_branch_day_of_week_operator.py
[2022-01-03 13:18:27,522] {processor.py:625} INFO - Processing file /home/airflow/.local/lib/python3.7/site-packages/airflow/example_dags/example_branch_day_of_week_operator.py for tasks to queue
[2022-01-03 13:18:27,523] {logging_mixin.py:109} INFO - [2022-01-03 13:18:27,523] {dagbag.py:500} INFO - Filling up the DagBag from /home/airflow/.local/lib/python3.7/site-packages/airflow/example_dags/example_branch_day_of_week_operator.py
[2022-01-03 13:18:27,567] {processor.py:637} INFO - DAG(s) dict_keys(['example_weekday_branch_operator']) retrieved from /home/airflow/.local/lib/python3.7/site-packages/airflow/example_dags/example_branch_day_of_week_operator.py
[2022-01-03 13:18:27,582] {logging_mixin.py:109} INFO - [2022-01-03 13:18:27,582] {dag.py:2396} INFO - Sync 1 DAGs
[2022-01-03 13:18:27,615] {logging_mixin.py:109} INFO - [2022-01-03 13:18:27,615] {dag.py:2928} INFO - Setting next_dagrun for example_weekday_branch_operator to 2022-01-02 00:00:00+00:00
[2022-01-03 13:18:27,635] {processor.py:171} INFO - Processing /home/airflow/.local/lib/python3.7/site-packages/airflow/example_dags/example_branch_day_of_week_operator.py took 0.118 seconds
[2022-01-03 13:18:57,923] {processor.py:163} INFO - Started process (PID=627) to work on /home/airflow/.local/lib/python3.7/site-packages/airflow/example_dags/example_branch_day_of_week_operator.py
[2022-01-03 13:18:57,925] {processor.py:625} INFO - Processing file /home/airflow/.local/lib/python3.7/site-packages/airflow/example_dags/example_branch_day_of_week_operator.py for tasks to queue
[2022-01-03 13:18:57,925] {logging_mixin.py:109} INFO - [2022-01-03 13:18:57,925] {dagbag.py:500} INFO - Filling up the DagBag from /home/airflow/.local/lib/python3.7/site-packages/airflow/example_dags/example_branch_day_of_week_operator.py
[2022-01-03 13:18:57,958] {processor.py:637} INFO - DAG(s) dict_keys(['example_weekday_branch_operator']) retrieved from /home/airflow/.local/lib/python3.7/site-packages/airflow/example_dags/example_branch_day_of_week_operator.py
[2022-01-03 13:18:57,969] {logging_mixin.py:109} INFO - [2022-01-03 13:18:57,969] {dag.py:2396} INFO - Sync 1 DAGs
[2022-01-03 13:18:57,995] {logging_mixin.py:109} INFO - [2022-01-03 13:18:57,995] {dag.py:2928} INFO - Setting next_dagrun for example_weekday_branch_operator to 2022-01-02 00:00:00+00:00
[2022-01-03 13:18:58,007] {processor.py:171} INFO - Processing /home/airflow/.local/lib/python3.7/site-packages/airflow/example_dags/example_branch_day_of_week_operator.py took 0.087 seconds
[2022-01-03 13:19:28,336] {processor.py:163} INFO - Started process (PID=677) to work on /home/airflow/.local/lib/python3.7/site-packages/airflow/example_dags/example_branch_day_of_week_operator.py
[2022-01-03 13:19:28,338] {processor.py:625} INFO - Processing file /home/airflow/.local/lib/python3.7/site-packages/airflow/example_dags/example_branch_day_of_week_operator.py for tasks to queue
[2022-01-03 13:19:28,356] {logging_mixin.py:109} INFO - [2022-01-03 13:19:28,356] {dagbag.py:500} INFO - Filling up the DagBag from /home/airflow/.local/lib/python3.7/site-packages/airflow/example_dags/example_branch_day_of_week_operator.py
[2022-01-03 13:19:28,397] {processor.py:637} INFO - DAG(s) dict_keys(['example_weekday_branch_operator']) retrieved from /home/airflow/.local/lib/python3.7/site-packages/airflow/example_dags/example_branch_day_of_week_operator.py
[2022-01-03 13:19:28,413] {logging_mixin.py:109} INFO - [2022-01-03 13:19:28,413] {dag.py:2396} INFO - Sync 1 DAGs
[2022-01-03 13:19:28,447] {logging_mixin.py:109} INFO - [2022-01-03 13:19:28,446] {dag.py:2928} INFO - Setting next_dagrun for example_weekday_branch_operator to 2022-01-02 00:00:00+00:00
[2022-01-03 13:19:28,459] {processor.py:171} INFO - Processing /home/airflow/.local/lib/python3.7/site-packages/airflow/example_dags/example_branch_day_of_week_operator.py took 0.129 seconds
[2022-01-03 13:19:59,105] {processor.py:163} INFO - Started process (PID=727) to work on /home/airflow/.local/lib/python3.7/site-packages/airflow/example_dags/example_branch_day_of_week_operator.py
[2022-01-03 13:19:59,115] {processor.py:625} INFO - Processing file /home/airflow/.local/lib/python3.7/site-packages/airflow/example_dags/example_branch_day_of_week_operator.py for tasks to queue
[2022-01-03 13:19:59,116] {logging_mixin.py:109} INFO - [2022-01-03 13:19:59,116] {dagbag.py:500} INFO - Filling up the DagBag from /home/airflow/.local/lib/python3.7/site-packages/airflow/example_dags/example_branch_day_of_week_operator.py
[2022-01-03 13:19:59,248] {processor.py:637} INFO - DAG(s) dict_keys(['example_weekday_branch_operator']) retrieved from /home/airflow/.local/lib/python3.7/site-packages/airflow/example_dags/example_branch_day_of_week_operator.py
[2022-01-03 13:19:59,290] {logging_mixin.py:109} INFO - [2022-01-03 13:19:59,290] {dag.py:2396} INFO - Sync 1 DAGs
[2022-01-03 13:19:59,390] {logging_mixin.py:109} INFO - [2022-01-03 13:19:59,390] {dag.py:2928} INFO - Setting next_dagrun for example_weekday_branch_operator to 2022-01-02 00:00:00+00:00
[2022-01-03 13:19:59,427] {processor.py:171} INFO - Processing /home/airflow/.local/lib/python3.7/site-packages/airflow/example_dags/example_branch_day_of_week_operator.py took 0.326 seconds
[2022-01-03 13:20:29,605] {processor.py:163} INFO - Started process (PID=780) to work on /home/airflow/.local/lib/python3.7/site-packages/airflow/example_dags/example_branch_day_of_week_operator.py
[2022-01-03 13:20:29,606] {processor.py:625} INFO - Processing file /home/airflow/.local/lib/python3.7/site-packages/airflow/example_dags/example_branch_day_of_week_operator.py for tasks to queue
[2022-01-03 13:20:29,607] {logging_mixin.py:109} INFO - [2022-01-03 13:20:29,607] {dagbag.py:500} INFO - Filling up the DagBag from /home/airflow/.local/lib/python3.7/site-packages/airflow/example_dags/example_branch_day_of_week_operator.py
[2022-01-03 13:20:29,642] {processor.py:637} INFO - DAG(s) dict_keys(['example_weekday_branch_operator']) retrieved from /home/airflow/.local/lib/python3.7/site-packages/airflow/example_dags/example_branch_day_of_week_operator.py
[2022-01-03 13:20:29,656] {logging_mixin.py:109} INFO - [2022-01-03 13:20:29,655] {dag.py:2396} INFO - Sync 1 DAGs
[2022-01-03 13:20:29,685] {logging_mixin.py:109} INFO - [2022-01-03 13:20:29,685] {dag.py:2928} INFO - Setting next_dagrun for example_weekday_branch_operator to 2022-01-02 00:00:00+00:00
[2022-01-03 13:20:29,701] {processor.py:171} INFO - Processing /home/airflow/.local/lib/python3.7/site-packages/airflow/example_dags/example_branch_day_of_week_operator.py took 0.099 seconds
[2022-01-03 13:20:59,777] {processor.py:163} INFO - Started process (PID=830) to work on /home/airflow/.local/lib/python3.7/site-packages/airflow/example_dags/example_branch_day_of_week_operator.py
[2022-01-03 13:20:59,779] {processor.py:625} INFO - Processing file /home/airflow/.local/lib/python3.7/site-packages/airflow/example_dags/example_branch_day_of_week_operator.py for tasks to queue
[2022-01-03 13:20:59,779] {logging_mixin.py:109} INFO - [2022-01-03 13:20:59,779] {dagbag.py:500} INFO - Filling up the DagBag from /home/airflow/.local/lib/python3.7/site-packages/airflow/example_dags/example_branch_day_of_week_operator.py
[2022-01-03 13:20:59,830] {processor.py:637} INFO - DAG(s) dict_keys(['example_weekday_branch_operator']) retrieved from /home/airflow/.local/lib/python3.7/site-packages/airflow/example_dags/example_branch_day_of_week_operator.py
[2022-01-03 13:20:59,849] {logging_mixin.py:109} INFO - [2022-01-03 13:20:59,849] {dag.py:2396} INFO - Sync 1 DAGs
[2022-01-03 13:20:59,913] {logging_mixin.py:109} INFO - [2022-01-03 13:20:59,913] {dag.py:2928} INFO - Setting next_dagrun for example_weekday_branch_operator to 2022-01-02 00:00:00+00:00
[2022-01-03 13:20:59,942] {processor.py:171} INFO - Processing /home/airflow/.local/lib/python3.7/site-packages/airflow/example_dags/example_branch_day_of_week_operator.py took 0.168 seconds
[2022-01-03 13:21:30,368] {processor.py:163} INFO - Started process (PID=890) to work on /home/airflow/.local/lib/python3.7/site-packages/airflow/example_dags/example_branch_day_of_week_operator.py
[2022-01-03 13:21:30,370] {processor.py:625} INFO - Processing file /home/airflow/.local/lib/python3.7/site-packages/airflow/example_dags/example_branch_day_of_week_operator.py for tasks to queue
[2022-01-03 13:21:30,371] {logging_mixin.py:109} INFO - [2022-01-03 13:21:30,371] {dagbag.py:500} INFO - Filling up the DagBag from /home/airflow/.local/lib/python3.7/site-packages/airflow/example_dags/example_branch_day_of_week_operator.py
[2022-01-03 13:21:30,474] {processor.py:637} INFO - DAG(s) dict_keys(['example_weekday_branch_operator']) retrieved from /home/airflow/.local/lib/python3.7/site-packages/airflow/example_dags/example_branch_day_of_week_operator.py
[2022-01-03 13:21:30,502] {logging_mixin.py:109} INFO - [2022-01-03 13:21:30,502] {dag.py:2396} INFO - Sync 1 DAGs
[2022-01-03 13:21:30,622] {logging_mixin.py:109} INFO - [2022-01-03 13:21:30,614] {dag.py:2928} INFO - Setting next_dagrun for example_weekday_branch_operator to 2022-01-02 00:00:00+00:00
[2022-01-03 13:21:30,690] {processor.py:171} INFO - Processing /home/airflow/.local/lib/python3.7/site-packages/airflow/example_dags/example_branch_day_of_week_operator.py took 0.327 seconds
[2022-01-03 13:22:01,573] {processor.py:163} INFO - Started process (PID=941) to work on /home/airflow/.local/lib/python3.7/site-packages/airflow/example_dags/example_branch_day_of_week_operator.py
[2022-01-03 13:22:01,578] {processor.py:625} INFO - Processing file /home/airflow/.local/lib/python3.7/site-packages/airflow/example_dags/example_branch_day_of_week_operator.py for tasks to queue
[2022-01-03 13:22:01,579] {logging_mixin.py:109} INFO - [2022-01-03 13:22:01,578] {dagbag.py:500} INFO - Filling up the DagBag from /home/airflow/.local/lib/python3.7/site-packages/airflow/example_dags/example_branch_day_of_week_operator.py
[2022-01-03 13:22:01,673] {processor.py:637} INFO - DAG(s) dict_keys(['example_weekday_branch_operator']) retrieved from /home/airflow/.local/lib/python3.7/site-packages/airflow/example_dags/example_branch_day_of_week_operator.py
[2022-01-03 13:22:01,695] {logging_mixin.py:109} INFO - [2022-01-03 13:22:01,695] {dag.py:2396} INFO - Sync 1 DAGs
[2022-01-03 13:22:01,773] {logging_mixin.py:109} INFO - [2022-01-03 13:22:01,773] {dag.py:2928} INFO - Setting next_dagrun for example_weekday_branch_operator to 2022-01-02 00:00:00+00:00
[2022-01-03 13:22:01,788] {processor.py:171} INFO - Processing /home/airflow/.local/lib/python3.7/site-packages/airflow/example_dags/example_branch_day_of_week_operator.py took 0.219 seconds
[2022-01-03 13:22:31,882] {processor.py:163} INFO - Started process (PID=993) to work on /home/airflow/.local/lib/python3.7/site-packages/airflow/example_dags/example_branch_day_of_week_operator.py
[2022-01-03 13:22:31,883] {processor.py:625} INFO - Processing file /home/airflow/.local/lib/python3.7/site-packages/airflow/example_dags/example_branch_day_of_week_operator.py for tasks to queue
[2022-01-03 13:22:31,884] {logging_mixin.py:109} INFO - [2022-01-03 13:22:31,884] {dagbag.py:500} INFO - Filling up the DagBag from /home/airflow/.local/lib/python3.7/site-packages/airflow/example_dags/example_branch_day_of_week_operator.py
[2022-01-03 13:22:31,918] {processor.py:637} INFO - DAG(s) dict_keys(['example_weekday_branch_operator']) retrieved from /home/airflow/.local/lib/python3.7/site-packages/airflow/example_dags/example_branch_day_of_week_operator.py
[2022-01-03 13:22:31,932] {logging_mixin.py:109} INFO - [2022-01-03 13:22:31,931] {dag.py:2396} INFO - Sync 1 DAGs
[2022-01-03 13:22:31,956] {logging_mixin.py:109} INFO - [2022-01-03 13:22:31,956] {dag.py:2928} INFO - Setting next_dagrun for example_weekday_branch_operator to 2022-01-02 00:00:00+00:00
[2022-01-03 13:22:31,967] {processor.py:171} INFO - Processing /home/airflow/.local/lib/python3.7/site-packages/airflow/example_dags/example_branch_day_of_week_operator.py took 0.087 seconds
[2022-01-03 13:23:02,059] {processor.py:163} INFO - Started process (PID=1046) to work on /home/airflow/.local/lib/python3.7/site-packages/airflow/example_dags/example_branch_day_of_week_operator.py
[2022-01-03 13:23:02,061] {processor.py:625} INFO - Processing file /home/airflow/.local/lib/python3.7/site-packages/airflow/example_dags/example_branch_day_of_week_operator.py for tasks to queue
[2022-01-03 13:23:02,062] {logging_mixin.py:109} INFO - [2022-01-03 13:23:02,062] {dagbag.py:500} INFO - Filling up the DagBag from /home/airflow/.local/lib/python3.7/site-packages/airflow/example_dags/example_branch_day_of_week_operator.py
[2022-01-03 13:23:02,107] {processor.py:637} INFO - DAG(s) dict_keys(['example_weekday_branch_operator']) retrieved from /home/airflow/.local/lib/python3.7/site-packages/airflow/example_dags/example_branch_day_of_week_operator.py
[2022-01-03 13:23:02,123] {logging_mixin.py:109} INFO - [2022-01-03 13:23:02,123] {dag.py:2396} INFO - Sync 1 DAGs
[2022-01-03 13:23:02,151] {logging_mixin.py:109} INFO - [2022-01-03 13:23:02,150] {dag.py:2928} INFO - Setting next_dagrun for example_weekday_branch_operator to 2022-01-02 00:00:00+00:00
[2022-01-03 13:23:02,163] {processor.py:171} INFO - Processing /home/airflow/.local/lib/python3.7/site-packages/airflow/example_dags/example_branch_day_of_week_operator.py took 0.109 seconds
[2022-01-03 13:23:32,422] {processor.py:163} INFO - Started process (PID=1106) to work on /home/airflow/.local/lib/python3.7/site-packages/airflow/example_dags/example_branch_day_of_week_operator.py
[2022-01-03 13:23:32,424] {processor.py:625} INFO - Processing file /home/airflow/.local/lib/python3.7/site-packages/airflow/example_dags/example_branch_day_of_week_operator.py for tasks to queue
[2022-01-03 13:23:32,425] {logging_mixin.py:109} INFO - [2022-01-03 13:23:32,424] {dagbag.py:500} INFO - Filling up the DagBag from /home/airflow/.local/lib/python3.7/site-packages/airflow/example_dags/example_branch_day_of_week_operator.py
[2022-01-03 13:23:32,471] {processor.py:637} INFO - DAG(s) dict_keys(['example_weekday_branch_operator']) retrieved from /home/airflow/.local/lib/python3.7/site-packages/airflow/example_dags/example_branch_day_of_week_operator.py
[2022-01-03 13:23:32,489] {logging_mixin.py:109} INFO - [2022-01-03 13:23:32,489] {dag.py:2396} INFO - Sync 1 DAGs
[2022-01-03 13:23:32,520] {logging_mixin.py:109} INFO - [2022-01-03 13:23:32,520] {dag.py:2928} INFO - Setting next_dagrun for example_weekday_branch_operator to 2022-01-02 00:00:00+00:00
[2022-01-03 13:23:32,533] {processor.py:171} INFO - Processing /home/airflow/.local/lib/python3.7/site-packages/airflow/example_dags/example_branch_day_of_week_operator.py took 0.117 seconds
[2022-01-03 13:24:02,717] {processor.py:163} INFO - Started process (PID=1158) to work on /home/airflow/.local/lib/python3.7/site-packages/airflow/example_dags/example_branch_day_of_week_operator.py
[2022-01-03 13:24:02,724] {processor.py:625} INFO - Processing file /home/airflow/.local/lib/python3.7/site-packages/airflow/example_dags/example_branch_day_of_week_operator.py for tasks to queue
[2022-01-03 13:24:02,725] {logging_mixin.py:109} INFO - [2022-01-03 13:24:02,724] {dagbag.py:500} INFO - Filling up the DagBag from /home/airflow/.local/lib/python3.7/site-packages/airflow/example_dags/example_branch_day_of_week_operator.py
[2022-01-03 13:24:02,762] {processor.py:637} INFO - DAG(s) dict_keys(['example_weekday_branch_operator']) retrieved from /home/airflow/.local/lib/python3.7/site-packages/airflow/example_dags/example_branch_day_of_week_operator.py
[2022-01-03 13:24:02,776] {logging_mixin.py:109} INFO - [2022-01-03 13:24:02,776] {dag.py:2396} INFO - Sync 1 DAGs
[2022-01-03 13:24:02,802] {logging_mixin.py:109} INFO - [2022-01-03 13:24:02,802] {dag.py:2928} INFO - Setting next_dagrun for example_weekday_branch_operator to 2022-01-02 00:00:00+00:00
[2022-01-03 13:24:02,820] {processor.py:171} INFO - Processing /home/airflow/.local/lib/python3.7/site-packages/airflow/example_dags/example_branch_day_of_week_operator.py took 0.108 seconds
[2022-01-03 13:24:33,117] {processor.py:163} INFO - Started process (PID=1210) to work on /home/airflow/.local/lib/python3.7/site-packages/airflow/example_dags/example_branch_day_of_week_operator.py
[2022-01-03 13:24:33,127] {processor.py:625} INFO - Processing file /home/airflow/.local/lib/python3.7/site-packages/airflow/example_dags/example_branch_day_of_week_operator.py for tasks to queue
[2022-01-03 13:24:33,131] {logging_mixin.py:109} INFO - [2022-01-03 13:24:33,131] {dagbag.py:500} INFO - Filling up the DagBag from /home/airflow/.local/lib/python3.7/site-packages/airflow/example_dags/example_branch_day_of_week_operator.py
[2022-01-03 13:24:33,177] {processor.py:637} INFO - DAG(s) dict_keys(['example_weekday_branch_operator']) retrieved from /home/airflow/.local/lib/python3.7/site-packages/airflow/example_dags/example_branch_day_of_week_operator.py
[2022-01-03 13:24:33,191] {logging_mixin.py:109} INFO - [2022-01-03 13:24:33,191] {dag.py:2396} INFO - Sync 1 DAGs
[2022-01-03 13:24:33,215] {logging_mixin.py:109} INFO - [2022-01-03 13:24:33,215] {dag.py:2928} INFO - Setting next_dagrun for example_weekday_branch_operator to 2022-01-02 00:00:00+00:00
[2022-01-03 13:24:33,231] {processor.py:171} INFO - Processing /home/airflow/.local/lib/python3.7/site-packages/airflow/example_dags/example_branch_day_of_week_operator.py took 0.133 seconds
[2022-01-03 13:25:03,429] {processor.py:163} INFO - Started process (PID=1260) to work on /home/airflow/.local/lib/python3.7/site-packages/airflow/example_dags/example_branch_day_of_week_operator.py
[2022-01-03 13:25:03,435] {processor.py:625} INFO - Processing file /home/airflow/.local/lib/python3.7/site-packages/airflow/example_dags/example_branch_day_of_week_operator.py for tasks to queue
[2022-01-03 13:25:03,435] {logging_mixin.py:109} INFO - [2022-01-03 13:25:03,435] {dagbag.py:500} INFO - Filling up the DagBag from /home/airflow/.local/lib/python3.7/site-packages/airflow/example_dags/example_branch_day_of_week_operator.py
[2022-01-03 13:25:03,474] {processor.py:637} INFO - DAG(s) dict_keys(['example_weekday_branch_operator']) retrieved from /home/airflow/.local/lib/python3.7/site-packages/airflow/example_dags/example_branch_day_of_week_operator.py
[2022-01-03 13:25:03,490] {logging_mixin.py:109} INFO - [2022-01-03 13:25:03,489] {dag.py:2396} INFO - Sync 1 DAGs
[2022-01-03 13:25:03,509] {logging_mixin.py:109} INFO - [2022-01-03 13:25:03,509] {dag.py:2928} INFO - Setting next_dagrun for example_weekday_branch_operator to 2022-01-02 00:00:00+00:00
[2022-01-03 13:25:03,519] {processor.py:171} INFO - Processing /home/airflow/.local/lib/python3.7/site-packages/airflow/example_dags/example_branch_day_of_week_operator.py took 0.093 seconds
[2022-01-03 13:25:33,856] {processor.py:163} INFO - Started process (PID=1311) to work on /home/airflow/.local/lib/python3.7/site-packages/airflow/example_dags/example_branch_day_of_week_operator.py
[2022-01-03 13:25:33,859] {processor.py:625} INFO - Processing file /home/airflow/.local/lib/python3.7/site-packages/airflow/example_dags/example_branch_day_of_week_operator.py for tasks to queue
[2022-01-03 13:25:33,861] {logging_mixin.py:109} INFO - [2022-01-03 13:25:33,860] {dagbag.py:500} INFO - Filling up the DagBag from /home/airflow/.local/lib/python3.7/site-packages/airflow/example_dags/example_branch_day_of_week_operator.py
[2022-01-03 13:25:33,894] {processor.py:637} INFO - DAG(s) dict_keys(['example_weekday_branch_operator']) retrieved from /home/airflow/.local/lib/python3.7/site-packages/airflow/example_dags/example_branch_day_of_week_operator.py
[2022-01-03 13:25:33,904] {logging_mixin.py:109} INFO - [2022-01-03 13:25:33,904] {dag.py:2396} INFO - Sync 1 DAGs
[2022-01-03 13:25:33,923] {logging_mixin.py:109} INFO - [2022-01-03 13:25:33,923] {dag.py:2928} INFO - Setting next_dagrun for example_weekday_branch_operator to 2022-01-02 00:00:00+00:00
[2022-01-03 13:25:33,933] {processor.py:171} INFO - Processing /home/airflow/.local/lib/python3.7/site-packages/airflow/example_dags/example_branch_day_of_week_operator.py took 0.086 seconds
[2022-01-03 13:26:04,324] {processor.py:163} INFO - Started process (PID=1378) to work on /home/airflow/.local/lib/python3.7/site-packages/airflow/example_dags/example_branch_day_of_week_operator.py
[2022-01-03 13:26:04,336] {processor.py:625} INFO - Processing file /home/airflow/.local/lib/python3.7/site-packages/airflow/example_dags/example_branch_day_of_week_operator.py for tasks to queue
[2022-01-03 13:26:04,337] {logging_mixin.py:109} INFO - [2022-01-03 13:26:04,337] {dagbag.py:500} INFO - Filling up the DagBag from /home/airflow/.local/lib/python3.7/site-packages/airflow/example_dags/example_branch_day_of_week_operator.py
[2022-01-03 13:26:04,377] {processor.py:637} INFO - DAG(s) dict_keys(['example_weekday_branch_operator']) retrieved from /home/airflow/.local/lib/python3.7/site-packages/airflow/example_dags/example_branch_day_of_week_operator.py
[2022-01-03 13:26:04,389] {logging_mixin.py:109} INFO - [2022-01-03 13:26:04,389] {dag.py:2396} INFO - Sync 1 DAGs
[2022-01-03 13:26:04,409] {logging_mixin.py:109} INFO - [2022-01-03 13:26:04,409] {dag.py:2928} INFO - Setting next_dagrun for example_weekday_branch_operator to 2022-01-02 00:00:00+00:00
[2022-01-03 13:26:04,420] {processor.py:171} INFO - Processing /home/airflow/.local/lib/python3.7/site-packages/airflow/example_dags/example_branch_day_of_week_operator.py took 0.117 seconds
[2022-01-03 13:26:35,068] {processor.py:163} INFO - Started process (PID=1428) to work on /home/airflow/.local/lib/python3.7/site-packages/airflow/example_dags/example_branch_day_of_week_operator.py
[2022-01-03 13:26:35,071] {processor.py:625} INFO - Processing file /home/airflow/.local/lib/python3.7/site-packages/airflow/example_dags/example_branch_day_of_week_operator.py for tasks to queue
[2022-01-03 13:26:35,073] {logging_mixin.py:109} INFO - [2022-01-03 13:26:35,073] {dagbag.py:500} INFO - Filling up the DagBag from /home/airflow/.local/lib/python3.7/site-packages/airflow/example_dags/example_branch_day_of_week_operator.py
[2022-01-03 13:26:35,152] {processor.py:637} INFO - DAG(s) dict_keys(['example_weekday_branch_operator']) retrieved from /home/airflow/.local/lib/python3.7/site-packages/airflow/example_dags/example_branch_day_of_week_operator.py
[2022-01-03 13:26:35,173] {logging_mixin.py:109} INFO - [2022-01-03 13:26:35,173] {dag.py:2396} INFO - Sync 1 DAGs
[2022-01-03 13:26:35,204] {logging_mixin.py:109} INFO - [2022-01-03 13:26:35,204] {dag.py:2928} INFO - Setting next_dagrun for example_weekday_branch_operator to 2022-01-02 00:00:00+00:00
[2022-01-03 13:26:35,215] {processor.py:171} INFO - Processing /home/airflow/.local/lib/python3.7/site-packages/airflow/example_dags/example_branch_day_of_week_operator.py took 0.158 seconds
[2022-01-03 13:27:05,680] {processor.py:163} INFO - Started process (PID=1479) to work on /home/airflow/.local/lib/python3.7/site-packages/airflow/example_dags/example_branch_day_of_week_operator.py
[2022-01-03 13:27:05,686] {processor.py:625} INFO - Processing file /home/airflow/.local/lib/python3.7/site-packages/airflow/example_dags/example_branch_day_of_week_operator.py for tasks to queue
[2022-01-03 13:27:05,687] {logging_mixin.py:109} INFO - [2022-01-03 13:27:05,687] {dagbag.py:500} INFO - Filling up the DagBag from /home/airflow/.local/lib/python3.7/site-packages/airflow/example_dags/example_branch_day_of_week_operator.py
[2022-01-03 13:27:05,727] {processor.py:637} INFO - DAG(s) dict_keys(['example_weekday_branch_operator']) retrieved from /home/airflow/.local/lib/python3.7/site-packages/airflow/example_dags/example_branch_day_of_week_operator.py
[2022-01-03 13:27:05,743] {logging_mixin.py:109} INFO - [2022-01-03 13:27:05,743] {dag.py:2396} INFO - Sync 1 DAGs
[2022-01-03 13:27:05,767] {logging_mixin.py:109} INFO - [2022-01-03 13:27:05,767] {dag.py:2928} INFO - Setting next_dagrun for example_weekday_branch_operator to 2022-01-02 00:00:00+00:00
[2022-01-03 13:27:05,780] {processor.py:171} INFO - Processing /home/airflow/.local/lib/python3.7/site-packages/airflow/example_dags/example_branch_day_of_week_operator.py took 0.103 seconds
[2022-01-03 13:27:36,276] {processor.py:163} INFO - Started process (PID=1530) to work on /home/airflow/.local/lib/python3.7/site-packages/airflow/example_dags/example_branch_day_of_week_operator.py
[2022-01-03 13:27:36,277] {processor.py:625} INFO - Processing file /home/airflow/.local/lib/python3.7/site-packages/airflow/example_dags/example_branch_day_of_week_operator.py for tasks to queue
[2022-01-03 13:27:36,278] {logging_mixin.py:109} INFO - [2022-01-03 13:27:36,278] {dagbag.py:500} INFO - Filling up the DagBag from /home/airflow/.local/lib/python3.7/site-packages/airflow/example_dags/example_branch_day_of_week_operator.py
[2022-01-03 13:27:36,321] {processor.py:637} INFO - DAG(s) dict_keys(['example_weekday_branch_operator']) retrieved from /home/airflow/.local/lib/python3.7/site-packages/airflow/example_dags/example_branch_day_of_week_operator.py
[2022-01-03 13:27:36,338] {logging_mixin.py:109} INFO - [2022-01-03 13:27:36,338] {dag.py:2396} INFO - Sync 1 DAGs
[2022-01-03 13:27:36,365] {logging_mixin.py:109} INFO - [2022-01-03 13:27:36,364] {dag.py:2928} INFO - Setting next_dagrun for example_weekday_branch_operator to 2022-01-02 00:00:00+00:00
[2022-01-03 13:27:36,377] {processor.py:171} INFO - Processing /home/airflow/.local/lib/python3.7/site-packages/airflow/example_dags/example_branch_day_of_week_operator.py took 0.105 seconds
[2022-01-03 13:28:07,377] {processor.py:163} INFO - Started process (PID=1581) to work on /home/airflow/.local/lib/python3.7/site-packages/airflow/example_dags/example_branch_day_of_week_operator.py
[2022-01-03 13:28:07,379] {processor.py:625} INFO - Processing file /home/airflow/.local/lib/python3.7/site-packages/airflow/example_dags/example_branch_day_of_week_operator.py for tasks to queue
[2022-01-03 13:28:07,379] {logging_mixin.py:109} INFO - [2022-01-03 13:28:07,379] {dagbag.py:500} INFO - Filling up the DagBag from /home/airflow/.local/lib/python3.7/site-packages/airflow/example_dags/example_branch_day_of_week_operator.py
[2022-01-03 13:28:07,412] {processor.py:637} INFO - DAG(s) dict_keys(['example_weekday_branch_operator']) retrieved from /home/airflow/.local/lib/python3.7/site-packages/airflow/example_dags/example_branch_day_of_week_operator.py
[2022-01-03 13:28:07,425] {logging_mixin.py:109} INFO - [2022-01-03 13:28:07,425] {dag.py:2396} INFO - Sync 1 DAGs
[2022-01-03 13:28:07,449] {logging_mixin.py:109} INFO - [2022-01-03 13:28:07,449] {dag.py:2928} INFO - Setting next_dagrun for example_weekday_branch_operator to 2022-01-02 00:00:00+00:00
[2022-01-03 13:28:07,461] {processor.py:171} INFO - Processing /home/airflow/.local/lib/python3.7/site-packages/airflow/example_dags/example_branch_day_of_week_operator.py took 0.087 seconds
[2022-01-03 13:28:38,265] {processor.py:163} INFO - Started process (PID=1644) to work on /home/airflow/.local/lib/python3.7/site-packages/airflow/example_dags/example_branch_day_of_week_operator.py
[2022-01-03 13:28:38,266] {processor.py:625} INFO - Processing file /home/airflow/.local/lib/python3.7/site-packages/airflow/example_dags/example_branch_day_of_week_operator.py for tasks to queue
[2022-01-03 13:28:38,267] {logging_mixin.py:109} INFO - [2022-01-03 13:28:38,267] {dagbag.py:500} INFO - Filling up the DagBag from /home/airflow/.local/lib/python3.7/site-packages/airflow/example_dags/example_branch_day_of_week_operator.py
[2022-01-03 13:28:38,298] {processor.py:637} INFO - DAG(s) dict_keys(['example_weekday_branch_operator']) retrieved from /home/airflow/.local/lib/python3.7/site-packages/airflow/example_dags/example_branch_day_of_week_operator.py
[2022-01-03 13:28:38,310] {logging_mixin.py:109} INFO - [2022-01-03 13:28:38,309] {dag.py:2396} INFO - Sync 1 DAGs
[2022-01-03 13:28:38,331] {logging_mixin.py:109} INFO - [2022-01-03 13:28:38,331] {dag.py:2928} INFO - Setting next_dagrun for example_weekday_branch_operator to 2022-01-02 00:00:00+00:00
[2022-01-03 13:28:38,346] {processor.py:171} INFO - Processing /home/airflow/.local/lib/python3.7/site-packages/airflow/example_dags/example_branch_day_of_week_operator.py took 0.088 seconds
[2022-01-03 13:29:08,593] {processor.py:163} INFO - Started process (PID=1698) to work on /home/airflow/.local/lib/python3.7/site-packages/airflow/example_dags/example_branch_day_of_week_operator.py
[2022-01-03 13:29:08,599] {processor.py:625} INFO - Processing file /home/airflow/.local/lib/python3.7/site-packages/airflow/example_dags/example_branch_day_of_week_operator.py for tasks to queue
[2022-01-03 13:29:08,600] {logging_mixin.py:109} INFO - [2022-01-03 13:29:08,600] {dagbag.py:500} INFO - Filling up the DagBag from /home/airflow/.local/lib/python3.7/site-packages/airflow/example_dags/example_branch_day_of_week_operator.py
[2022-01-03 13:29:08,678] {processor.py:637} INFO - DAG(s) dict_keys(['example_weekday_branch_operator']) retrieved from /home/airflow/.local/lib/python3.7/site-packages/airflow/example_dags/example_branch_day_of_week_operator.py
[2022-01-03 13:29:08,698] {logging_mixin.py:109} INFO - [2022-01-03 13:29:08,698] {dag.py:2396} INFO - Sync 1 DAGs
[2022-01-03 13:29:08,729] {logging_mixin.py:109} INFO - [2022-01-03 13:29:08,729] {dag.py:2928} INFO - Setting next_dagrun for example_weekday_branch_operator to 2022-01-02 00:00:00+00:00
[2022-01-03 13:29:08,751] {processor.py:171} INFO - Processing /home/airflow/.local/lib/python3.7/site-packages/airflow/example_dags/example_branch_day_of_week_operator.py took 0.169 seconds
[2022-01-03 13:29:38,857] {processor.py:163} INFO - Started process (PID=1749) to work on /home/airflow/.local/lib/python3.7/site-packages/airflow/example_dags/example_branch_day_of_week_operator.py
[2022-01-03 13:29:38,861] {processor.py:625} INFO - Processing file /home/airflow/.local/lib/python3.7/site-packages/airflow/example_dags/example_branch_day_of_week_operator.py for tasks to queue
[2022-01-03 13:29:38,863] {logging_mixin.py:109} INFO - [2022-01-03 13:29:38,863] {dagbag.py:500} INFO - Filling up the DagBag from /home/airflow/.local/lib/python3.7/site-packages/airflow/example_dags/example_branch_day_of_week_operator.py
[2022-01-03 13:29:38,966] {processor.py:637} INFO - DAG(s) dict_keys(['example_weekday_branch_operator']) retrieved from /home/airflow/.local/lib/python3.7/site-packages/airflow/example_dags/example_branch_day_of_week_operator.py
[2022-01-03 13:29:38,982] {logging_mixin.py:109} INFO - [2022-01-03 13:29:38,982] {dag.py:2396} INFO - Sync 1 DAGs
[2022-01-03 13:29:39,009] {logging_mixin.py:109} INFO - [2022-01-03 13:29:39,009] {dag.py:2928} INFO - Setting next_dagrun for example_weekday_branch_operator to 2022-01-02 00:00:00+00:00
[2022-01-03 13:29:39,023] {processor.py:171} INFO - Processing /home/airflow/.local/lib/python3.7/site-packages/airflow/example_dags/example_branch_day_of_week_operator.py took 0.177 seconds
[2022-01-03 13:30:09,781] {processor.py:163} INFO - Started process (PID=1799) to work on /home/airflow/.local/lib/python3.7/site-packages/airflow/example_dags/example_branch_day_of_week_operator.py
[2022-01-03 13:30:09,785] {processor.py:625} INFO - Processing file /home/airflow/.local/lib/python3.7/site-packages/airflow/example_dags/example_branch_day_of_week_operator.py for tasks to queue
[2022-01-03 13:30:09,788] {logging_mixin.py:109} INFO - [2022-01-03 13:30:09,787] {dagbag.py:500} INFO - Filling up the DagBag from /home/airflow/.local/lib/python3.7/site-packages/airflow/example_dags/example_branch_day_of_week_operator.py
[2022-01-03 13:30:09,856] {processor.py:637} INFO - DAG(s) dict_keys(['example_weekday_branch_operator']) retrieved from /home/airflow/.local/lib/python3.7/site-packages/airflow/example_dags/example_branch_day_of_week_operator.py
[2022-01-03 13:30:09,867] {logging_mixin.py:109} INFO - [2022-01-03 13:30:09,867] {dag.py:2396} INFO - Sync 1 DAGs
[2022-01-03 13:30:09,908] {logging_mixin.py:109} INFO - [2022-01-03 13:30:09,908] {dag.py:2928} INFO - Setting next_dagrun for example_weekday_branch_operator to 2022-01-02 00:00:00+00:00
[2022-01-03 13:30:09,924] {processor.py:171} INFO - Processing /home/airflow/.local/lib/python3.7/site-packages/airflow/example_dags/example_branch_day_of_week_operator.py took 0.153 seconds
[2022-01-03 13:30:40,004] {processor.py:163} INFO - Started process (PID=1854) to work on /home/airflow/.local/lib/python3.7/site-packages/airflow/example_dags/example_branch_day_of_week_operator.py
[2022-01-03 13:30:40,005] {processor.py:625} INFO - Processing file /home/airflow/.local/lib/python3.7/site-packages/airflow/example_dags/example_branch_day_of_week_operator.py for tasks to queue
[2022-01-03 13:30:40,006] {logging_mixin.py:109} INFO - [2022-01-03 13:30:40,006] {dagbag.py:500} INFO - Filling up the DagBag from /home/airflow/.local/lib/python3.7/site-packages/airflow/example_dags/example_branch_day_of_week_operator.py
[2022-01-03 13:30:40,048] {processor.py:637} INFO - DAG(s) dict_keys(['example_weekday_branch_operator']) retrieved from /home/airflow/.local/lib/python3.7/site-packages/airflow/example_dags/example_branch_day_of_week_operator.py
[2022-01-03 13:30:40,061] {logging_mixin.py:109} INFO - [2022-01-03 13:30:40,060] {dag.py:2396} INFO - Sync 1 DAGs
[2022-01-03 13:30:40,100] {logging_mixin.py:109} INFO - [2022-01-03 13:30:40,100] {dag.py:2928} INFO - Setting next_dagrun for example_weekday_branch_operator to 2022-01-02 00:00:00+00:00
[2022-01-03 13:30:40,116] {processor.py:171} INFO - Processing /home/airflow/.local/lib/python3.7/site-packages/airflow/example_dags/example_branch_day_of_week_operator.py took 0.115 seconds
[2022-01-03 13:31:11,022] {processor.py:163} INFO - Started process (PID=1915) to work on /home/airflow/.local/lib/python3.7/site-packages/airflow/example_dags/example_branch_day_of_week_operator.py
[2022-01-03 13:31:11,028] {processor.py:625} INFO - Processing file /home/airflow/.local/lib/python3.7/site-packages/airflow/example_dags/example_branch_day_of_week_operator.py for tasks to queue
[2022-01-03 13:31:11,029] {logging_mixin.py:109} INFO - [2022-01-03 13:31:11,029] {dagbag.py:500} INFO - Filling up the DagBag from /home/airflow/.local/lib/python3.7/site-packages/airflow/example_dags/example_branch_day_of_week_operator.py
[2022-01-03 13:31:11,067] {processor.py:637} INFO - DAG(s) dict_keys(['example_weekday_branch_operator']) retrieved from /home/airflow/.local/lib/python3.7/site-packages/airflow/example_dags/example_branch_day_of_week_operator.py
[2022-01-03 13:31:11,082] {logging_mixin.py:109} INFO - [2022-01-03 13:31:11,082] {dag.py:2396} INFO - Sync 1 DAGs
[2022-01-03 13:31:11,108] {logging_mixin.py:109} INFO - [2022-01-03 13:31:11,108] {dag.py:2928} INFO - Setting next_dagrun for example_weekday_branch_operator to 2022-01-02 00:00:00+00:00
[2022-01-03 13:31:11,119] {processor.py:171} INFO - Processing /home/airflow/.local/lib/python3.7/site-packages/airflow/example_dags/example_branch_day_of_week_operator.py took 0.102 seconds
[2022-01-03 13:31:41,155] {processor.py:163} INFO - Started process (PID=1968) to work on /home/airflow/.local/lib/python3.7/site-packages/airflow/example_dags/example_branch_day_of_week_operator.py
[2022-01-03 13:31:41,157] {processor.py:625} INFO - Processing file /home/airflow/.local/lib/python3.7/site-packages/airflow/example_dags/example_branch_day_of_week_operator.py for tasks to queue
[2022-01-03 13:31:41,158] {logging_mixin.py:109} INFO - [2022-01-03 13:31:41,158] {dagbag.py:500} INFO - Filling up the DagBag from /home/airflow/.local/lib/python3.7/site-packages/airflow/example_dags/example_branch_day_of_week_operator.py
[2022-01-03 13:31:41,201] {processor.py:637} INFO - DAG(s) dict_keys(['example_weekday_branch_operator']) retrieved from /home/airflow/.local/lib/python3.7/site-packages/airflow/example_dags/example_branch_day_of_week_operator.py
[2022-01-03 13:31:41,223] {logging_mixin.py:109} INFO - [2022-01-03 13:31:41,222] {dag.py:2396} INFO - Sync 1 DAGs
[2022-01-03 13:31:41,279] {logging_mixin.py:109} INFO - [2022-01-03 13:31:41,279] {dag.py:2928} INFO - Setting next_dagrun for example_weekday_branch_operator to 2022-01-02 00:00:00+00:00
[2022-01-03 13:31:41,370] {processor.py:171} INFO - Processing /home/airflow/.local/lib/python3.7/site-packages/airflow/example_dags/example_branch_day_of_week_operator.py took 0.219 seconds
[2022-01-03 13:38:27,584] {processor.py:163} INFO - Started process (PID=227) to work on /home/airflow/.local/lib/python3.7/site-packages/airflow/example_dags/example_branch_day_of_week_operator.py
[2022-01-03 13:38:27,590] {processor.py:625} INFO - Processing file /home/airflow/.local/lib/python3.7/site-packages/airflow/example_dags/example_branch_day_of_week_operator.py for tasks to queue
[2022-01-03 13:38:27,591] {logging_mixin.py:109} INFO - [2022-01-03 13:38:27,590] {dagbag.py:500} INFO - Filling up the DagBag from /home/airflow/.local/lib/python3.7/site-packages/airflow/example_dags/example_branch_day_of_week_operator.py
[2022-01-03 13:38:27,641] {processor.py:637} INFO - DAG(s) dict_keys(['example_weekday_branch_operator']) retrieved from /home/airflow/.local/lib/python3.7/site-packages/airflow/example_dags/example_branch_day_of_week_operator.py
[2022-01-03 13:38:29,839] {logging_mixin.py:109} INFO - [2022-01-03 13:38:29,839] {providers_manager.py:156} WARNING - Exception when importing 'airflow.providers.google.leveldb.hooks.leveldb.LevelDBHook' from 'apache-airflow-providers-google' package: No module named 'plyvel'
[2022-01-03 13:38:30,643] {logging_mixin.py:109} INFO - [2022-01-03 13:38:30,642] {providers_manager.py:156} WARNING - Exception when importing 'airflow.providers.google.leveldb.hooks.leveldb.LevelDBHook' from 'apache-airflow-providers-google' package: No module named 'plyvel'
[2022-01-03 13:38:30,676] {logging_mixin.py:109} INFO - [2022-01-03 13:38:30,676] {manager.py:496} INFO - Created Permission View: can edit on DAG:example_weekday_branch_operator
[2022-01-03 13:38:30,695] {logging_mixin.py:109} INFO - [2022-01-03 13:38:30,694] {manager.py:496} INFO - Created Permission View: can read on DAG:example_weekday_branch_operator
[2022-01-03 13:38:30,698] {logging_mixin.py:109} INFO - [2022-01-03 13:38:30,695] {dag.py:2396} INFO - Sync 1 DAGs
[2022-01-03 13:38:30,707] {logging_mixin.py:109} INFO - [2022-01-03 13:38:30,707] {dag.py:2415} INFO - Creating ORM DAG for example_weekday_branch_operator
[2022-01-03 13:38:30,727] {logging_mixin.py:109} INFO - [2022-01-03 13:38:30,727] {dag.py:2928} INFO - Setting next_dagrun for example_weekday_branch_operator to 2022-01-02 00:00:00+00:00
[2022-01-03 13:38:30,754] {processor.py:171} INFO - Processing /home/airflow/.local/lib/python3.7/site-packages/airflow/example_dags/example_branch_day_of_week_operator.py took 3.174 seconds
[2022-01-03 13:39:01,536] {processor.py:163} INFO - Started process (PID=298) to work on /home/airflow/.local/lib/python3.7/site-packages/airflow/example_dags/example_branch_day_of_week_operator.py
[2022-01-03 13:39:01,537] {processor.py:625} INFO - Processing file /home/airflow/.local/lib/python3.7/site-packages/airflow/example_dags/example_branch_day_of_week_operator.py for tasks to queue
[2022-01-03 13:39:01,538] {logging_mixin.py:109} INFO - [2022-01-03 13:39:01,538] {dagbag.py:500} INFO - Filling up the DagBag from /home/airflow/.local/lib/python3.7/site-packages/airflow/example_dags/example_branch_day_of_week_operator.py
[2022-01-03 13:39:01,601] {processor.py:637} INFO - DAG(s) dict_keys(['example_weekday_branch_operator']) retrieved from /home/airflow/.local/lib/python3.7/site-packages/airflow/example_dags/example_branch_day_of_week_operator.py
[2022-01-03 13:39:01,616] {logging_mixin.py:109} INFO - [2022-01-03 13:39:01,616] {dag.py:2396} INFO - Sync 1 DAGs
[2022-01-03 13:39:01,643] {logging_mixin.py:109} INFO - [2022-01-03 13:39:01,643] {dag.py:2928} INFO - Setting next_dagrun for example_weekday_branch_operator to 2022-01-02 00:00:00+00:00
[2022-01-03 13:39:01,656] {processor.py:171} INFO - Processing /home/airflow/.local/lib/python3.7/site-packages/airflow/example_dags/example_branch_day_of_week_operator.py took 0.124 seconds
[2022-01-03 13:43:22,844] {processor.py:163} INFO - Started process (PID=225) to work on /home/airflow/.local/lib/python3.7/site-packages/airflow/example_dags/example_branch_day_of_week_operator.py
[2022-01-03 13:43:22,845] {processor.py:625} INFO - Processing file /home/airflow/.local/lib/python3.7/site-packages/airflow/example_dags/example_branch_day_of_week_operator.py for tasks to queue
[2022-01-03 13:43:22,846] {logging_mixin.py:109} INFO - [2022-01-03 13:43:22,846] {dagbag.py:500} INFO - Filling up the DagBag from /home/airflow/.local/lib/python3.7/site-packages/airflow/example_dags/example_branch_day_of_week_operator.py
[2022-01-03 13:43:22,969] {processor.py:637} INFO - DAG(s) dict_keys(['example_weekday_branch_operator']) retrieved from /home/airflow/.local/lib/python3.7/site-packages/airflow/example_dags/example_branch_day_of_week_operator.py
[2022-01-03 13:43:25,078] {logging_mixin.py:109} INFO - [2022-01-03 13:43:25,078] {providers_manager.py:156} WARNING - Exception when importing 'airflow.providers.google.leveldb.hooks.leveldb.LevelDBHook' from 'apache-airflow-providers-google' package: No module named 'plyvel'
[2022-01-03 13:43:26,010] {logging_mixin.py:109} INFO - [2022-01-03 13:43:26,010] {providers_manager.py:156} WARNING - Exception when importing 'airflow.providers.google.leveldb.hooks.leveldb.LevelDBHook' from 'apache-airflow-providers-google' package: No module named 'plyvel'
[2022-01-03 13:43:26,048] {logging_mixin.py:109} INFO - [2022-01-03 13:43:26,048] {manager.py:496} INFO - Created Permission View: can read on DAG:example_weekday_branch_operator
[2022-01-03 13:43:26,065] {logging_mixin.py:109} INFO - [2022-01-03 13:43:26,065] {manager.py:496} INFO - Created Permission View: can edit on DAG:example_weekday_branch_operator
[2022-01-03 13:43:26,069] {logging_mixin.py:109} INFO - [2022-01-03 13:43:26,065] {dag.py:2396} INFO - Sync 1 DAGs
[2022-01-03 13:43:26,092] {logging_mixin.py:109} INFO - [2022-01-03 13:43:26,091] {dag.py:2415} INFO - Creating ORM DAG for example_weekday_branch_operator
[2022-01-03 13:43:26,108] {logging_mixin.py:109} INFO - [2022-01-03 13:43:26,108] {dag.py:2928} INFO - Setting next_dagrun for example_weekday_branch_operator to 2022-01-02 00:00:00+00:00
[2022-01-03 13:43:26,125] {processor.py:171} INFO - Processing /home/airflow/.local/lib/python3.7/site-packages/airflow/example_dags/example_branch_day_of_week_operator.py took 3.286 seconds
[2022-01-03 13:43:56,783] {processor.py:163} INFO - Started process (PID=297) to work on /home/airflow/.local/lib/python3.7/site-packages/airflow/example_dags/example_branch_day_of_week_operator.py
[2022-01-03 13:43:56,785] {processor.py:625} INFO - Processing file /home/airflow/.local/lib/python3.7/site-packages/airflow/example_dags/example_branch_day_of_week_operator.py for tasks to queue
[2022-01-03 13:43:56,786] {logging_mixin.py:109} INFO - [2022-01-03 13:43:56,786] {dagbag.py:500} INFO - Filling up the DagBag from /home/airflow/.local/lib/python3.7/site-packages/airflow/example_dags/example_branch_day_of_week_operator.py
[2022-01-03 13:43:56,828] {processor.py:637} INFO - DAG(s) dict_keys(['example_weekday_branch_operator']) retrieved from /home/airflow/.local/lib/python3.7/site-packages/airflow/example_dags/example_branch_day_of_week_operator.py
[2022-01-03 13:43:56,843] {logging_mixin.py:109} INFO - [2022-01-03 13:43:56,842] {dag.py:2396} INFO - Sync 1 DAGs
[2022-01-03 13:43:56,875] {logging_mixin.py:109} INFO - [2022-01-03 13:43:56,875] {dag.py:2928} INFO - Setting next_dagrun for example_weekday_branch_operator to 2022-01-02 00:00:00+00:00
[2022-01-03 13:43:56,888] {processor.py:171} INFO - Processing /home/airflow/.local/lib/python3.7/site-packages/airflow/example_dags/example_branch_day_of_week_operator.py took 0.109 seconds
[2022-01-03 13:44:27,573] {processor.py:163} INFO - Started process (PID=349) to work on /home/airflow/.local/lib/python3.7/site-packages/airflow/example_dags/example_branch_day_of_week_operator.py
[2022-01-03 13:44:27,574] {processor.py:625} INFO - Processing file /home/airflow/.local/lib/python3.7/site-packages/airflow/example_dags/example_branch_day_of_week_operator.py for tasks to queue
[2022-01-03 13:44:27,575] {logging_mixin.py:109} INFO - [2022-01-03 13:44:27,575] {dagbag.py:500} INFO - Filling up the DagBag from /home/airflow/.local/lib/python3.7/site-packages/airflow/example_dags/example_branch_day_of_week_operator.py
[2022-01-03 13:44:27,687] {processor.py:637} INFO - DAG(s) dict_keys(['example_weekday_branch_operator']) retrieved from /home/airflow/.local/lib/python3.7/site-packages/airflow/example_dags/example_branch_day_of_week_operator.py
[2022-01-03 13:44:27,727] {logging_mixin.py:109} INFO - [2022-01-03 13:44:27,726] {dag.py:2396} INFO - Sync 1 DAGs
[2022-01-03 13:44:27,790] {logging_mixin.py:109} INFO - [2022-01-03 13:44:27,790] {dag.py:2928} INFO - Setting next_dagrun for example_weekday_branch_operator to 2022-01-02 00:00:00+00:00
[2022-01-03 13:44:27,805] {processor.py:171} INFO - Processing /home/airflow/.local/lib/python3.7/site-packages/airflow/example_dags/example_branch_day_of_week_operator.py took 0.246 seconds
[2022-01-03 13:44:58,256] {processor.py:163} INFO - Started process (PID=399) to work on /home/airflow/.local/lib/python3.7/site-packages/airflow/example_dags/example_branch_day_of_week_operator.py
[2022-01-03 13:44:58,258] {processor.py:625} INFO - Processing file /home/airflow/.local/lib/python3.7/site-packages/airflow/example_dags/example_branch_day_of_week_operator.py for tasks to queue
[2022-01-03 13:44:58,258] {logging_mixin.py:109} INFO - [2022-01-03 13:44:58,258] {dagbag.py:500} INFO - Filling up the DagBag from /home/airflow/.local/lib/python3.7/site-packages/airflow/example_dags/example_branch_day_of_week_operator.py
[2022-01-03 13:44:58,287] {processor.py:637} INFO - DAG(s) dict_keys(['example_weekday_branch_operator']) retrieved from /home/airflow/.local/lib/python3.7/site-packages/airflow/example_dags/example_branch_day_of_week_operator.py
[2022-01-03 13:44:58,300] {logging_mixin.py:109} INFO - [2022-01-03 13:44:58,300] {dag.py:2396} INFO - Sync 1 DAGs
[2022-01-03 13:44:58,325] {logging_mixin.py:109} INFO - [2022-01-03 13:44:58,325] {dag.py:2928} INFO - Setting next_dagrun for example_weekday_branch_operator to 2022-01-02 00:00:00+00:00
[2022-01-03 13:44:58,335] {processor.py:171} INFO - Processing /home/airflow/.local/lib/python3.7/site-packages/airflow/example_dags/example_branch_day_of_week_operator.py took 0.082 seconds
[2022-01-03 13:45:28,436] {processor.py:163} INFO - Started process (PID=451) to work on /home/airflow/.local/lib/python3.7/site-packages/airflow/example_dags/example_branch_day_of_week_operator.py
[2022-01-03 13:45:28,437] {processor.py:625} INFO - Processing file /home/airflow/.local/lib/python3.7/site-packages/airflow/example_dags/example_branch_day_of_week_operator.py for tasks to queue
[2022-01-03 13:45:28,438] {logging_mixin.py:109} INFO - [2022-01-03 13:45:28,437] {dagbag.py:500} INFO - Filling up the DagBag from /home/airflow/.local/lib/python3.7/site-packages/airflow/example_dags/example_branch_day_of_week_operator.py
[2022-01-03 13:45:28,466] {processor.py:637} INFO - DAG(s) dict_keys(['example_weekday_branch_operator']) retrieved from /home/airflow/.local/lib/python3.7/site-packages/airflow/example_dags/example_branch_day_of_week_operator.py
[2022-01-03 13:45:28,479] {logging_mixin.py:109} INFO - [2022-01-03 13:45:28,478] {dag.py:2396} INFO - Sync 1 DAGs
[2022-01-03 13:45:28,502] {logging_mixin.py:109} INFO - [2022-01-03 13:45:28,502] {dag.py:2928} INFO - Setting next_dagrun for example_weekday_branch_operator to 2022-01-02 00:00:00+00:00
[2022-01-03 13:45:28,515] {processor.py:171} INFO - Processing /home/airflow/.local/lib/python3.7/site-packages/airflow/example_dags/example_branch_day_of_week_operator.py took 0.081 seconds
[2022-01-03 13:45:59,011] {processor.py:163} INFO - Started process (PID=512) to work on /home/airflow/.local/lib/python3.7/site-packages/airflow/example_dags/example_branch_day_of_week_operator.py
[2022-01-03 13:45:59,012] {processor.py:625} INFO - Processing file /home/airflow/.local/lib/python3.7/site-packages/airflow/example_dags/example_branch_day_of_week_operator.py for tasks to queue
[2022-01-03 13:45:59,013] {logging_mixin.py:109} INFO - [2022-01-03 13:45:59,013] {dagbag.py:500} INFO - Filling up the DagBag from /home/airflow/.local/lib/python3.7/site-packages/airflow/example_dags/example_branch_day_of_week_operator.py
[2022-01-03 13:45:59,054] {processor.py:637} INFO - DAG(s) dict_keys(['example_weekday_branch_operator']) retrieved from /home/airflow/.local/lib/python3.7/site-packages/airflow/example_dags/example_branch_day_of_week_operator.py
[2022-01-03 13:45:59,068] {logging_mixin.py:109} INFO - [2022-01-03 13:45:59,068] {dag.py:2396} INFO - Sync 1 DAGs
[2022-01-03 13:45:59,095] {logging_mixin.py:109} INFO - [2022-01-03 13:45:59,094] {dag.py:2928} INFO - Setting next_dagrun for example_weekday_branch_operator to 2022-01-02 00:00:00+00:00
[2022-01-03 13:45:59,109] {processor.py:171} INFO - Processing /home/airflow/.local/lib/python3.7/site-packages/airflow/example_dags/example_branch_day_of_week_operator.py took 0.102 seconds
[2022-01-03 13:46:29,364] {processor.py:163} INFO - Started process (PID=565) to work on /home/airflow/.local/lib/python3.7/site-packages/airflow/example_dags/example_branch_day_of_week_operator.py
[2022-01-03 13:46:29,365] {processor.py:625} INFO - Processing file /home/airflow/.local/lib/python3.7/site-packages/airflow/example_dags/example_branch_day_of_week_operator.py for tasks to queue
[2022-01-03 13:46:29,365] {logging_mixin.py:109} INFO - [2022-01-03 13:46:29,365] {dagbag.py:500} INFO - Filling up the DagBag from /home/airflow/.local/lib/python3.7/site-packages/airflow/example_dags/example_branch_day_of_week_operator.py
[2022-01-03 13:46:29,415] {processor.py:637} INFO - DAG(s) dict_keys(['example_weekday_branch_operator']) retrieved from /home/airflow/.local/lib/python3.7/site-packages/airflow/example_dags/example_branch_day_of_week_operator.py
[2022-01-03 13:46:29,428] {logging_mixin.py:109} INFO - [2022-01-03 13:46:29,428] {dag.py:2396} INFO - Sync 1 DAGs
[2022-01-03 13:46:29,455] {logging_mixin.py:109} INFO - [2022-01-03 13:46:29,455] {dag.py:2928} INFO - Setting next_dagrun for example_weekday_branch_operator to 2022-01-02 00:00:00+00:00
[2022-01-03 13:46:29,497] {processor.py:171} INFO - Processing /home/airflow/.local/lib/python3.7/site-packages/airflow/example_dags/example_branch_day_of_week_operator.py took 0.142 seconds
