[2022-01-03 12:28:40,416] {processor.py:163} INFO - Started process (PID=209) to work on /home/airflow/.local/lib/python3.7/site-packages/airflow/example_dags/example_complex.py
[2022-01-03 12:28:40,418] {processor.py:625} INFO - Processing file /home/airflow/.local/lib/python3.7/site-packages/airflow/example_dags/example_complex.py for tasks to queue
[2022-01-03 12:28:40,419] {logging_mixin.py:109} INFO - [2022-01-03 12:28:40,419] {dagbag.py:500} INFO - Filling up the DagBag from /home/airflow/.local/lib/python3.7/site-packages/airflow/example_dags/example_complex.py
[2022-01-03 12:28:40,497] {processor.py:637} INFO - DAG(s) dict_keys(['example_complex']) retrieved from /home/airflow/.local/lib/python3.7/site-packages/airflow/example_dags/example_complex.py
[2022-01-03 12:28:43,393] {logging_mixin.py:109} INFO - [2022-01-03 12:28:43,393] {providers_manager.py:156} WARNING - Exception when importing 'airflow.providers.google.leveldb.hooks.leveldb.LevelDBHook' from 'apache-airflow-providers-google' package: No module named 'plyvel'
[2022-01-03 12:28:44,387] {logging_mixin.py:109} INFO - [2022-01-03 12:28:44,387] {providers_manager.py:156} WARNING - Exception when importing 'airflow.providers.google.leveldb.hooks.leveldb.LevelDBHook' from 'apache-airflow-providers-google' package: No module named 'plyvel'
[2022-01-03 12:28:44,439] {logging_mixin.py:109} INFO - [2022-01-03 12:28:44,439] {manager.py:496} INFO - Created Permission View: can read on DAG:example_complex
[2022-01-03 12:28:44,484] {logging_mixin.py:109} INFO - [2022-01-03 12:28:44,484] {manager.py:496} INFO - Created Permission View: can edit on DAG:example_complex
[2022-01-03 12:28:44,485] {logging_mixin.py:109} INFO - [2022-01-03 12:28:44,484] {dag.py:2396} INFO - Sync 1 DAGs
[2022-01-03 12:28:44,552] {logging_mixin.py:109} INFO - [2022-01-03 12:28:44,552] {dag.py:2415} INFO - Creating ORM DAG for example_complex
[2022-01-03 12:28:44,595] {logging_mixin.py:109} INFO - [2022-01-03 12:28:44,595] {dag.py:2928} INFO - Setting next_dagrun for example_complex to None
[2022-01-03 12:28:44,678] {processor.py:171} INFO - Processing /home/airflow/.local/lib/python3.7/site-packages/airflow/example_dags/example_complex.py took 4.266 seconds
[2022-01-03 12:29:14,868] {processor.py:163} INFO - Started process (PID=296) to work on /home/airflow/.local/lib/python3.7/site-packages/airflow/example_dags/example_complex.py
[2022-01-03 12:29:14,876] {processor.py:625} INFO - Processing file /home/airflow/.local/lib/python3.7/site-packages/airflow/example_dags/example_complex.py for tasks to queue
[2022-01-03 12:29:14,877] {logging_mixin.py:109} INFO - [2022-01-03 12:29:14,877] {dagbag.py:500} INFO - Filling up the DagBag from /home/airflow/.local/lib/python3.7/site-packages/airflow/example_dags/example_complex.py
[2022-01-03 12:29:14,928] {processor.py:637} INFO - DAG(s) dict_keys(['example_complex']) retrieved from /home/airflow/.local/lib/python3.7/site-packages/airflow/example_dags/example_complex.py
[2022-01-03 12:29:14,952] {logging_mixin.py:109} INFO - [2022-01-03 12:29:14,952] {dag.py:2396} INFO - Sync 1 DAGs
[2022-01-03 12:29:14,972] {logging_mixin.py:109} INFO - [2022-01-03 12:29:14,972] {dag.py:2928} INFO - Setting next_dagrun for example_complex to None
[2022-01-03 12:29:14,983] {processor.py:171} INFO - Processing /home/airflow/.local/lib/python3.7/site-packages/airflow/example_dags/example_complex.py took 0.120 seconds
[2022-01-03 12:29:45,134] {processor.py:163} INFO - Started process (PID=347) to work on /home/airflow/.local/lib/python3.7/site-packages/airflow/example_dags/example_complex.py
[2022-01-03 12:29:45,138] {processor.py:625} INFO - Processing file /home/airflow/.local/lib/python3.7/site-packages/airflow/example_dags/example_complex.py for tasks to queue
[2022-01-03 12:29:45,139] {logging_mixin.py:109} INFO - [2022-01-03 12:29:45,139] {dagbag.py:500} INFO - Filling up the DagBag from /home/airflow/.local/lib/python3.7/site-packages/airflow/example_dags/example_complex.py
[2022-01-03 12:29:45,188] {processor.py:637} INFO - DAG(s) dict_keys(['example_complex']) retrieved from /home/airflow/.local/lib/python3.7/site-packages/airflow/example_dags/example_complex.py
[2022-01-03 12:29:45,212] {logging_mixin.py:109} INFO - [2022-01-03 12:29:45,212] {dag.py:2396} INFO - Sync 1 DAGs
[2022-01-03 12:29:45,231] {logging_mixin.py:109} INFO - [2022-01-03 12:29:45,231] {dag.py:2928} INFO - Setting next_dagrun for example_complex to None
[2022-01-03 12:29:45,244] {processor.py:171} INFO - Processing /home/airflow/.local/lib/python3.7/site-packages/airflow/example_dags/example_complex.py took 0.116 seconds
[2022-01-03 12:30:15,461] {processor.py:163} INFO - Started process (PID=399) to work on /home/airflow/.local/lib/python3.7/site-packages/airflow/example_dags/example_complex.py
[2022-01-03 12:30:15,463] {processor.py:625} INFO - Processing file /home/airflow/.local/lib/python3.7/site-packages/airflow/example_dags/example_complex.py for tasks to queue
[2022-01-03 12:30:15,464] {logging_mixin.py:109} INFO - [2022-01-03 12:30:15,464] {dagbag.py:500} INFO - Filling up the DagBag from /home/airflow/.local/lib/python3.7/site-packages/airflow/example_dags/example_complex.py
[2022-01-03 12:30:15,528] {processor.py:637} INFO - DAG(s) dict_keys(['example_complex']) retrieved from /home/airflow/.local/lib/python3.7/site-packages/airflow/example_dags/example_complex.py
[2022-01-03 12:30:15,564] {logging_mixin.py:109} INFO - [2022-01-03 12:30:15,564] {dag.py:2396} INFO - Sync 1 DAGs
[2022-01-03 12:30:15,592] {logging_mixin.py:109} INFO - [2022-01-03 12:30:15,592] {dag.py:2928} INFO - Setting next_dagrun for example_complex to None
[2022-01-03 12:30:15,606] {processor.py:171} INFO - Processing /home/airflow/.local/lib/python3.7/site-packages/airflow/example_dags/example_complex.py took 0.148 seconds
[2022-01-03 12:30:45,640] {processor.py:163} INFO - Started process (PID=452) to work on /home/airflow/.local/lib/python3.7/site-packages/airflow/example_dags/example_complex.py
[2022-01-03 12:30:45,643] {processor.py:625} INFO - Processing file /home/airflow/.local/lib/python3.7/site-packages/airflow/example_dags/example_complex.py for tasks to queue
[2022-01-03 12:30:45,644] {logging_mixin.py:109} INFO - [2022-01-03 12:30:45,644] {dagbag.py:500} INFO - Filling up the DagBag from /home/airflow/.local/lib/python3.7/site-packages/airflow/example_dags/example_complex.py
[2022-01-03 12:30:45,771] {processor.py:637} INFO - DAG(s) dict_keys(['example_complex']) retrieved from /home/airflow/.local/lib/python3.7/site-packages/airflow/example_dags/example_complex.py
[2022-01-03 12:30:45,856] {logging_mixin.py:109} INFO - [2022-01-03 12:30:45,856] {dag.py:2396} INFO - Sync 1 DAGs
[2022-01-03 12:30:45,963] {logging_mixin.py:109} INFO - [2022-01-03 12:30:45,963] {dag.py:2928} INFO - Setting next_dagrun for example_complex to None
[2022-01-03 12:30:46,046] {processor.py:171} INFO - Processing /home/airflow/.local/lib/python3.7/site-packages/airflow/example_dags/example_complex.py took 0.417 seconds
[2022-01-03 12:31:16,141] {processor.py:163} INFO - Started process (PID=494) to work on /home/airflow/.local/lib/python3.7/site-packages/airflow/example_dags/example_complex.py
[2022-01-03 12:31:16,147] {processor.py:625} INFO - Processing file /home/airflow/.local/lib/python3.7/site-packages/airflow/example_dags/example_complex.py for tasks to queue
[2022-01-03 12:31:16,148] {logging_mixin.py:109} INFO - [2022-01-03 12:31:16,148] {dagbag.py:500} INFO - Filling up the DagBag from /home/airflow/.local/lib/python3.7/site-packages/airflow/example_dags/example_complex.py
[2022-01-03 12:31:16,227] {processor.py:637} INFO - DAG(s) dict_keys(['example_complex']) retrieved from /home/airflow/.local/lib/python3.7/site-packages/airflow/example_dags/example_complex.py
[2022-01-03 12:31:16,256] {logging_mixin.py:109} INFO - [2022-01-03 12:31:16,256] {dag.py:2396} INFO - Sync 1 DAGs
[2022-01-03 12:31:16,283] {logging_mixin.py:109} INFO - [2022-01-03 12:31:16,283] {dag.py:2928} INFO - Setting next_dagrun for example_complex to None
[2022-01-03 12:31:16,304] {processor.py:171} INFO - Processing /home/airflow/.local/lib/python3.7/site-packages/airflow/example_dags/example_complex.py took 0.181 seconds
[2022-01-03 12:31:46,753] {processor.py:163} INFO - Started process (PID=552) to work on /home/airflow/.local/lib/python3.7/site-packages/airflow/example_dags/example_complex.py
[2022-01-03 12:31:46,757] {processor.py:625} INFO - Processing file /home/airflow/.local/lib/python3.7/site-packages/airflow/example_dags/example_complex.py for tasks to queue
[2022-01-03 12:31:46,759] {logging_mixin.py:109} INFO - [2022-01-03 12:31:46,759] {dagbag.py:500} INFO - Filling up the DagBag from /home/airflow/.local/lib/python3.7/site-packages/airflow/example_dags/example_complex.py
[2022-01-03 12:31:46,875] {processor.py:637} INFO - DAG(s) dict_keys(['example_complex']) retrieved from /home/airflow/.local/lib/python3.7/site-packages/airflow/example_dags/example_complex.py
[2022-01-03 12:31:46,915] {logging_mixin.py:109} INFO - [2022-01-03 12:31:46,915] {dag.py:2396} INFO - Sync 1 DAGs
[2022-01-03 12:31:46,947] {logging_mixin.py:109} INFO - [2022-01-03 12:31:46,947] {dag.py:2928} INFO - Setting next_dagrun for example_complex to None
[2022-01-03 12:31:46,964] {processor.py:171} INFO - Processing /home/airflow/.local/lib/python3.7/site-packages/airflow/example_dags/example_complex.py took 0.215 seconds
[2022-01-03 12:32:17,371] {processor.py:163} INFO - Started process (PID=603) to work on /home/airflow/.local/lib/python3.7/site-packages/airflow/example_dags/example_complex.py
[2022-01-03 12:32:17,378] {processor.py:625} INFO - Processing file /home/airflow/.local/lib/python3.7/site-packages/airflow/example_dags/example_complex.py for tasks to queue
[2022-01-03 12:32:17,379] {logging_mixin.py:109} INFO - [2022-01-03 12:32:17,379] {dagbag.py:500} INFO - Filling up the DagBag from /home/airflow/.local/lib/python3.7/site-packages/airflow/example_dags/example_complex.py
[2022-01-03 12:32:17,504] {processor.py:637} INFO - DAG(s) dict_keys(['example_complex']) retrieved from /home/airflow/.local/lib/python3.7/site-packages/airflow/example_dags/example_complex.py
[2022-01-03 12:32:17,560] {logging_mixin.py:109} INFO - [2022-01-03 12:32:17,559] {dag.py:2396} INFO - Sync 1 DAGs
[2022-01-03 12:32:17,592] {logging_mixin.py:109} INFO - [2022-01-03 12:32:17,592] {dag.py:2928} INFO - Setting next_dagrun for example_complex to None
[2022-01-03 12:32:17,605] {processor.py:171} INFO - Processing /home/airflow/.local/lib/python3.7/site-packages/airflow/example_dags/example_complex.py took 0.240 seconds
[2022-01-03 13:13:48,536] {processor.py:163} INFO - Started process (PID=72) to work on /home/airflow/.local/lib/python3.7/site-packages/airflow/example_dags/example_complex.py
[2022-01-03 13:13:48,538] {processor.py:625} INFO - Processing file /home/airflow/.local/lib/python3.7/site-packages/airflow/example_dags/example_complex.py for tasks to queue
[2022-01-03 13:13:48,539] {logging_mixin.py:109} INFO - [2022-01-03 13:13:48,539] {dagbag.py:500} INFO - Filling up the DagBag from /home/airflow/.local/lib/python3.7/site-packages/airflow/example_dags/example_complex.py
[2022-01-03 13:13:48,710] {processor.py:637} INFO - DAG(s) dict_keys(['example_complex']) retrieved from /home/airflow/.local/lib/python3.7/site-packages/airflow/example_dags/example_complex.py
[2022-01-03 13:13:48,770] {logging_mixin.py:109} INFO - [2022-01-03 13:13:48,770] {dag.py:2396} INFO - Sync 1 DAGs
[2022-01-03 13:13:48,795] {logging_mixin.py:109} INFO - [2022-01-03 13:13:48,795] {dag.py:2928} INFO - Setting next_dagrun for example_complex to None
[2022-01-03 13:13:48,820] {processor.py:171} INFO - Processing /home/airflow/.local/lib/python3.7/site-packages/airflow/example_dags/example_complex.py took 0.330 seconds
[2022-01-03 13:14:19,175] {processor.py:163} INFO - Started process (PID=130) to work on /home/airflow/.local/lib/python3.7/site-packages/airflow/example_dags/example_complex.py
[2022-01-03 13:14:19,176] {processor.py:625} INFO - Processing file /home/airflow/.local/lib/python3.7/site-packages/airflow/example_dags/example_complex.py for tasks to queue
[2022-01-03 13:14:19,177] {logging_mixin.py:109} INFO - [2022-01-03 13:14:19,177] {dagbag.py:500} INFO - Filling up the DagBag from /home/airflow/.local/lib/python3.7/site-packages/airflow/example_dags/example_complex.py
[2022-01-03 13:14:19,221] {processor.py:637} INFO - DAG(s) dict_keys(['example_complex']) retrieved from /home/airflow/.local/lib/python3.7/site-packages/airflow/example_dags/example_complex.py
[2022-01-03 13:14:19,257] {logging_mixin.py:109} INFO - [2022-01-03 13:14:19,257] {dag.py:2396} INFO - Sync 1 DAGs
[2022-01-03 13:14:19,285] {logging_mixin.py:109} INFO - [2022-01-03 13:14:19,285] {dag.py:2928} INFO - Setting next_dagrun for example_complex to None
[2022-01-03 13:14:19,297] {processor.py:171} INFO - Processing /home/airflow/.local/lib/python3.7/site-packages/airflow/example_dags/example_complex.py took 0.125 seconds
[2022-01-03 13:14:49,678] {processor.py:163} INFO - Started process (PID=184) to work on /home/airflow/.local/lib/python3.7/site-packages/airflow/example_dags/example_complex.py
[2022-01-03 13:14:49,680] {processor.py:625} INFO - Processing file /home/airflow/.local/lib/python3.7/site-packages/airflow/example_dags/example_complex.py for tasks to queue
[2022-01-03 13:14:49,680] {logging_mixin.py:109} INFO - [2022-01-03 13:14:49,680] {dagbag.py:500} INFO - Filling up the DagBag from /home/airflow/.local/lib/python3.7/site-packages/airflow/example_dags/example_complex.py
[2022-01-03 13:14:49,803] {processor.py:637} INFO - DAG(s) dict_keys(['example_complex']) retrieved from /home/airflow/.local/lib/python3.7/site-packages/airflow/example_dags/example_complex.py
[2022-01-03 13:14:49,867] {logging_mixin.py:109} INFO - [2022-01-03 13:14:49,867] {dag.py:2396} INFO - Sync 1 DAGs
[2022-01-03 13:14:49,952] {logging_mixin.py:109} INFO - [2022-01-03 13:14:49,952] {dag.py:2928} INFO - Setting next_dagrun for example_complex to None
[2022-01-03 13:14:49,975] {processor.py:171} INFO - Processing /home/airflow/.local/lib/python3.7/site-packages/airflow/example_dags/example_complex.py took 0.301 seconds
[2022-01-03 13:15:20,585] {processor.py:163} INFO - Started process (PID=236) to work on /home/airflow/.local/lib/python3.7/site-packages/airflow/example_dags/example_complex.py
[2022-01-03 13:15:20,586] {processor.py:625} INFO - Processing file /home/airflow/.local/lib/python3.7/site-packages/airflow/example_dags/example_complex.py for tasks to queue
[2022-01-03 13:15:20,587] {logging_mixin.py:109} INFO - [2022-01-03 13:15:20,586] {dagbag.py:500} INFO - Filling up the DagBag from /home/airflow/.local/lib/python3.7/site-packages/airflow/example_dags/example_complex.py
[2022-01-03 13:15:20,630] {processor.py:637} INFO - DAG(s) dict_keys(['example_complex']) retrieved from /home/airflow/.local/lib/python3.7/site-packages/airflow/example_dags/example_complex.py
[2022-01-03 13:15:20,659] {logging_mixin.py:109} INFO - [2022-01-03 13:15:20,659] {dag.py:2396} INFO - Sync 1 DAGs
[2022-01-03 13:15:20,682] {logging_mixin.py:109} INFO - [2022-01-03 13:15:20,681] {dag.py:2928} INFO - Setting next_dagrun for example_complex to None
[2022-01-03 13:15:20,691] {processor.py:171} INFO - Processing /home/airflow/.local/lib/python3.7/site-packages/airflow/example_dags/example_complex.py took 0.113 seconds
[2022-01-03 13:15:51,474] {processor.py:163} INFO - Started process (PID=303) to work on /home/airflow/.local/lib/python3.7/site-packages/airflow/example_dags/example_complex.py
[2022-01-03 13:15:51,476] {processor.py:625} INFO - Processing file /home/airflow/.local/lib/python3.7/site-packages/airflow/example_dags/example_complex.py for tasks to queue
[2022-01-03 13:15:51,477] {logging_mixin.py:109} INFO - [2022-01-03 13:15:51,477] {dagbag.py:500} INFO - Filling up the DagBag from /home/airflow/.local/lib/python3.7/site-packages/airflow/example_dags/example_complex.py
[2022-01-03 13:15:51,525] {processor.py:637} INFO - DAG(s) dict_keys(['example_complex']) retrieved from /home/airflow/.local/lib/python3.7/site-packages/airflow/example_dags/example_complex.py
[2022-01-03 13:15:51,555] {logging_mixin.py:109} INFO - [2022-01-03 13:15:51,555] {dag.py:2396} INFO - Sync 1 DAGs
[2022-01-03 13:15:51,585] {logging_mixin.py:109} INFO - [2022-01-03 13:15:51,585] {dag.py:2928} INFO - Setting next_dagrun for example_complex to None
[2022-01-03 13:15:51,601] {processor.py:171} INFO - Processing /home/airflow/.local/lib/python3.7/site-packages/airflow/example_dags/example_complex.py took 0.130 seconds
[2022-01-03 13:16:22,035] {processor.py:163} INFO - Started process (PID=358) to work on /home/airflow/.local/lib/python3.7/site-packages/airflow/example_dags/example_complex.py
[2022-01-03 13:16:22,036] {processor.py:625} INFO - Processing file /home/airflow/.local/lib/python3.7/site-packages/airflow/example_dags/example_complex.py for tasks to queue
[2022-01-03 13:16:22,037] {logging_mixin.py:109} INFO - [2022-01-03 13:16:22,037] {dagbag.py:500} INFO - Filling up the DagBag from /home/airflow/.local/lib/python3.7/site-packages/airflow/example_dags/example_complex.py
[2022-01-03 13:16:22,084] {processor.py:637} INFO - DAG(s) dict_keys(['example_complex']) retrieved from /home/airflow/.local/lib/python3.7/site-packages/airflow/example_dags/example_complex.py
[2022-01-03 13:16:22,110] {logging_mixin.py:109} INFO - [2022-01-03 13:16:22,110] {dag.py:2396} INFO - Sync 1 DAGs
[2022-01-03 13:16:22,128] {logging_mixin.py:109} INFO - [2022-01-03 13:16:22,128] {dag.py:2928} INFO - Setting next_dagrun for example_complex to None
[2022-01-03 13:16:22,140] {processor.py:171} INFO - Processing /home/airflow/.local/lib/python3.7/site-packages/airflow/example_dags/example_complex.py took 0.108 seconds
[2022-01-03 13:16:53,026] {processor.py:163} INFO - Started process (PID=408) to work on /home/airflow/.local/lib/python3.7/site-packages/airflow/example_dags/example_complex.py
[2022-01-03 13:16:53,027] {processor.py:625} INFO - Processing file /home/airflow/.local/lib/python3.7/site-packages/airflow/example_dags/example_complex.py for tasks to queue
[2022-01-03 13:16:53,027] {logging_mixin.py:109} INFO - [2022-01-03 13:16:53,027] {dagbag.py:500} INFO - Filling up the DagBag from /home/airflow/.local/lib/python3.7/site-packages/airflow/example_dags/example_complex.py
[2022-01-03 13:16:53,067] {processor.py:637} INFO - DAG(s) dict_keys(['example_complex']) retrieved from /home/airflow/.local/lib/python3.7/site-packages/airflow/example_dags/example_complex.py
[2022-01-03 13:16:53,089] {logging_mixin.py:109} INFO - [2022-01-03 13:16:53,088] {dag.py:2396} INFO - Sync 1 DAGs
[2022-01-03 13:16:53,106] {logging_mixin.py:109} INFO - [2022-01-03 13:16:53,106] {dag.py:2928} INFO - Setting next_dagrun for example_complex to None
[2022-01-03 13:16:53,117] {processor.py:171} INFO - Processing /home/airflow/.local/lib/python3.7/site-packages/airflow/example_dags/example_complex.py took 0.094 seconds
[2022-01-03 13:17:24,021] {processor.py:163} INFO - Started process (PID=460) to work on /home/airflow/.local/lib/python3.7/site-packages/airflow/example_dags/example_complex.py
[2022-01-03 13:17:24,029] {processor.py:625} INFO - Processing file /home/airflow/.local/lib/python3.7/site-packages/airflow/example_dags/example_complex.py for tasks to queue
[2022-01-03 13:17:24,030] {logging_mixin.py:109} INFO - [2022-01-03 13:17:24,029] {dagbag.py:500} INFO - Filling up the DagBag from /home/airflow/.local/lib/python3.7/site-packages/airflow/example_dags/example_complex.py
[2022-01-03 13:17:24,106] {processor.py:637} INFO - DAG(s) dict_keys(['example_complex']) retrieved from /home/airflow/.local/lib/python3.7/site-packages/airflow/example_dags/example_complex.py
[2022-01-03 13:17:24,150] {logging_mixin.py:109} INFO - [2022-01-03 13:17:24,150] {dag.py:2396} INFO - Sync 1 DAGs
[2022-01-03 13:17:24,183] {logging_mixin.py:109} INFO - [2022-01-03 13:17:24,182] {dag.py:2928} INFO - Setting next_dagrun for example_complex to None
[2022-01-03 13:17:24,206] {processor.py:171} INFO - Processing /home/airflow/.local/lib/python3.7/site-packages/airflow/example_dags/example_complex.py took 0.190 seconds
[2022-01-03 13:17:54,334] {processor.py:163} INFO - Started process (PID=512) to work on /home/airflow/.local/lib/python3.7/site-packages/airflow/example_dags/example_complex.py
[2022-01-03 13:17:54,336] {processor.py:625} INFO - Processing file /home/airflow/.local/lib/python3.7/site-packages/airflow/example_dags/example_complex.py for tasks to queue
[2022-01-03 13:17:54,336] {logging_mixin.py:109} INFO - [2022-01-03 13:17:54,336] {dagbag.py:500} INFO - Filling up the DagBag from /home/airflow/.local/lib/python3.7/site-packages/airflow/example_dags/example_complex.py
[2022-01-03 13:17:54,392] {processor.py:637} INFO - DAG(s) dict_keys(['example_complex']) retrieved from /home/airflow/.local/lib/python3.7/site-packages/airflow/example_dags/example_complex.py
[2022-01-03 13:17:54,419] {logging_mixin.py:109} INFO - [2022-01-03 13:17:54,419] {dag.py:2396} INFO - Sync 1 DAGs
[2022-01-03 13:17:54,437] {logging_mixin.py:109} INFO - [2022-01-03 13:17:54,437] {dag.py:2928} INFO - Setting next_dagrun for example_complex to None
[2022-01-03 13:17:54,448] {processor.py:171} INFO - Processing /home/airflow/.local/lib/python3.7/site-packages/airflow/example_dags/example_complex.py took 0.118 seconds
[2022-01-03 13:18:26,333] {processor.py:163} INFO - Started process (PID=573) to work on /home/airflow/.local/lib/python3.7/site-packages/airflow/example_dags/example_complex.py
[2022-01-03 13:18:26,340] {processor.py:625} INFO - Processing file /home/airflow/.local/lib/python3.7/site-packages/airflow/example_dags/example_complex.py for tasks to queue
[2022-01-03 13:18:26,343] {logging_mixin.py:109} INFO - [2022-01-03 13:18:26,343] {dagbag.py:500} INFO - Filling up the DagBag from /home/airflow/.local/lib/python3.7/site-packages/airflow/example_dags/example_complex.py
[2022-01-03 13:18:26,431] {processor.py:637} INFO - DAG(s) dict_keys(['example_complex']) retrieved from /home/airflow/.local/lib/python3.7/site-packages/airflow/example_dags/example_complex.py
[2022-01-03 13:18:26,489] {logging_mixin.py:109} INFO - [2022-01-03 13:18:26,489] {dag.py:2396} INFO - Sync 1 DAGs
[2022-01-03 13:18:26,552] {logging_mixin.py:109} INFO - [2022-01-03 13:18:26,552] {dag.py:2928} INFO - Setting next_dagrun for example_complex to None
[2022-01-03 13:18:26,597] {processor.py:171} INFO - Processing /home/airflow/.local/lib/python3.7/site-packages/airflow/example_dags/example_complex.py took 0.268 seconds
[2022-01-03 13:18:56,756] {processor.py:163} INFO - Started process (PID=624) to work on /home/airflow/.local/lib/python3.7/site-packages/airflow/example_dags/example_complex.py
[2022-01-03 13:18:56,757] {processor.py:625} INFO - Processing file /home/airflow/.local/lib/python3.7/site-packages/airflow/example_dags/example_complex.py for tasks to queue
[2022-01-03 13:18:56,758] {logging_mixin.py:109} INFO - [2022-01-03 13:18:56,758] {dagbag.py:500} INFO - Filling up the DagBag from /home/airflow/.local/lib/python3.7/site-packages/airflow/example_dags/example_complex.py
[2022-01-03 13:18:56,808] {processor.py:637} INFO - DAG(s) dict_keys(['example_complex']) retrieved from /home/airflow/.local/lib/python3.7/site-packages/airflow/example_dags/example_complex.py
[2022-01-03 13:18:56,839] {logging_mixin.py:109} INFO - [2022-01-03 13:18:56,839] {dag.py:2396} INFO - Sync 1 DAGs
[2022-01-03 13:18:56,868] {logging_mixin.py:109} INFO - [2022-01-03 13:18:56,868] {dag.py:2928} INFO - Setting next_dagrun for example_complex to None
[2022-01-03 13:18:56,890] {processor.py:171} INFO - Processing /home/airflow/.local/lib/python3.7/site-packages/airflow/example_dags/example_complex.py took 0.138 seconds
[2022-01-03 13:19:27,311] {processor.py:163} INFO - Started process (PID=673) to work on /home/airflow/.local/lib/python3.7/site-packages/airflow/example_dags/example_complex.py
[2022-01-03 13:19:27,316] {processor.py:625} INFO - Processing file /home/airflow/.local/lib/python3.7/site-packages/airflow/example_dags/example_complex.py for tasks to queue
[2022-01-03 13:19:27,316] {logging_mixin.py:109} INFO - [2022-01-03 13:19:27,316] {dagbag.py:500} INFO - Filling up the DagBag from /home/airflow/.local/lib/python3.7/site-packages/airflow/example_dags/example_complex.py
[2022-01-03 13:19:27,378] {processor.py:637} INFO - DAG(s) dict_keys(['example_complex']) retrieved from /home/airflow/.local/lib/python3.7/site-packages/airflow/example_dags/example_complex.py
[2022-01-03 13:19:27,406] {logging_mixin.py:109} INFO - [2022-01-03 13:19:27,406] {dag.py:2396} INFO - Sync 1 DAGs
[2022-01-03 13:19:27,433] {logging_mixin.py:109} INFO - [2022-01-03 13:19:27,433] {dag.py:2928} INFO - Setting next_dagrun for example_complex to None
[2022-01-03 13:19:27,448] {processor.py:171} INFO - Processing /home/airflow/.local/lib/python3.7/site-packages/airflow/example_dags/example_complex.py took 0.139 seconds
[2022-01-03 13:19:58,098] {processor.py:163} INFO - Started process (PID=723) to work on /home/airflow/.local/lib/python3.7/site-packages/airflow/example_dags/example_complex.py
[2022-01-03 13:19:58,100] {processor.py:625} INFO - Processing file /home/airflow/.local/lib/python3.7/site-packages/airflow/example_dags/example_complex.py for tasks to queue
[2022-01-03 13:19:58,101] {logging_mixin.py:109} INFO - [2022-01-03 13:19:58,100] {dagbag.py:500} INFO - Filling up the DagBag from /home/airflow/.local/lib/python3.7/site-packages/airflow/example_dags/example_complex.py
[2022-01-03 13:19:58,169] {processor.py:637} INFO - DAG(s) dict_keys(['example_complex']) retrieved from /home/airflow/.local/lib/python3.7/site-packages/airflow/example_dags/example_complex.py
[2022-01-03 13:19:58,199] {logging_mixin.py:109} INFO - [2022-01-03 13:19:58,199] {dag.py:2396} INFO - Sync 1 DAGs
[2022-01-03 13:19:58,223] {logging_mixin.py:109} INFO - [2022-01-03 13:19:58,223] {dag.py:2928} INFO - Setting next_dagrun for example_complex to None
[2022-01-03 13:19:58,235] {processor.py:171} INFO - Processing /home/airflow/.local/lib/python3.7/site-packages/airflow/example_dags/example_complex.py took 0.144 seconds
[2022-01-03 13:20:28,455] {processor.py:163} INFO - Started process (PID=777) to work on /home/airflow/.local/lib/python3.7/site-packages/airflow/example_dags/example_complex.py
[2022-01-03 13:20:28,457] {processor.py:625} INFO - Processing file /home/airflow/.local/lib/python3.7/site-packages/airflow/example_dags/example_complex.py for tasks to queue
[2022-01-03 13:20:28,458] {logging_mixin.py:109} INFO - [2022-01-03 13:20:28,458] {dagbag.py:500} INFO - Filling up the DagBag from /home/airflow/.local/lib/python3.7/site-packages/airflow/example_dags/example_complex.py
[2022-01-03 13:20:28,498] {processor.py:637} INFO - DAG(s) dict_keys(['example_complex']) retrieved from /home/airflow/.local/lib/python3.7/site-packages/airflow/example_dags/example_complex.py
[2022-01-03 13:20:28,524] {logging_mixin.py:109} INFO - [2022-01-03 13:20:28,524] {dag.py:2396} INFO - Sync 1 DAGs
[2022-01-03 13:20:28,546] {logging_mixin.py:109} INFO - [2022-01-03 13:20:28,545] {dag.py:2928} INFO - Setting next_dagrun for example_complex to None
[2022-01-03 13:20:28,557] {processor.py:171} INFO - Processing /home/airflow/.local/lib/python3.7/site-packages/airflow/example_dags/example_complex.py took 0.104 seconds
[2022-01-03 13:20:58,629] {processor.py:163} INFO - Started process (PID=828) to work on /home/airflow/.local/lib/python3.7/site-packages/airflow/example_dags/example_complex.py
[2022-01-03 13:20:58,631] {processor.py:625} INFO - Processing file /home/airflow/.local/lib/python3.7/site-packages/airflow/example_dags/example_complex.py for tasks to queue
[2022-01-03 13:20:58,632] {logging_mixin.py:109} INFO - [2022-01-03 13:20:58,631] {dagbag.py:500} INFO - Filling up the DagBag from /home/airflow/.local/lib/python3.7/site-packages/airflow/example_dags/example_complex.py
[2022-01-03 13:20:58,688] {processor.py:637} INFO - DAG(s) dict_keys(['example_complex']) retrieved from /home/airflow/.local/lib/python3.7/site-packages/airflow/example_dags/example_complex.py
[2022-01-03 13:20:58,712] {logging_mixin.py:109} INFO - [2022-01-03 13:20:58,712] {dag.py:2396} INFO - Sync 1 DAGs
[2022-01-03 13:20:58,731] {logging_mixin.py:109} INFO - [2022-01-03 13:20:58,731] {dag.py:2928} INFO - Setting next_dagrun for example_complex to None
[2022-01-03 13:20:58,744] {processor.py:171} INFO - Processing /home/airflow/.local/lib/python3.7/site-packages/airflow/example_dags/example_complex.py took 0.118 seconds
[2022-01-03 13:21:29,204] {processor.py:163} INFO - Started process (PID=888) to work on /home/airflow/.local/lib/python3.7/site-packages/airflow/example_dags/example_complex.py
[2022-01-03 13:21:29,205] {processor.py:625} INFO - Processing file /home/airflow/.local/lib/python3.7/site-packages/airflow/example_dags/example_complex.py for tasks to queue
[2022-01-03 13:21:29,206] {logging_mixin.py:109} INFO - [2022-01-03 13:21:29,206] {dagbag.py:500} INFO - Filling up the DagBag from /home/airflow/.local/lib/python3.7/site-packages/airflow/example_dags/example_complex.py
[2022-01-03 13:21:29,265] {processor.py:637} INFO - DAG(s) dict_keys(['example_complex']) retrieved from /home/airflow/.local/lib/python3.7/site-packages/airflow/example_dags/example_complex.py
[2022-01-03 13:21:29,293] {logging_mixin.py:109} INFO - [2022-01-03 13:21:29,293] {dag.py:2396} INFO - Sync 1 DAGs
[2022-01-03 13:21:29,326] {logging_mixin.py:109} INFO - [2022-01-03 13:21:29,326] {dag.py:2928} INFO - Setting next_dagrun for example_complex to None
[2022-01-03 13:21:29,342] {processor.py:171} INFO - Processing /home/airflow/.local/lib/python3.7/site-packages/airflow/example_dags/example_complex.py took 0.145 seconds
[2022-01-03 13:21:59,417] {processor.py:163} INFO - Started process (PID=939) to work on /home/airflow/.local/lib/python3.7/site-packages/airflow/example_dags/example_complex.py
[2022-01-03 13:21:59,419] {processor.py:625} INFO - Processing file /home/airflow/.local/lib/python3.7/site-packages/airflow/example_dags/example_complex.py for tasks to queue
[2022-01-03 13:21:59,419] {logging_mixin.py:109} INFO - [2022-01-03 13:21:59,419] {dagbag.py:500} INFO - Filling up the DagBag from /home/airflow/.local/lib/python3.7/site-packages/airflow/example_dags/example_complex.py
[2022-01-03 13:21:59,471] {processor.py:637} INFO - DAG(s) dict_keys(['example_complex']) retrieved from /home/airflow/.local/lib/python3.7/site-packages/airflow/example_dags/example_complex.py
[2022-01-03 13:21:59,497] {logging_mixin.py:109} INFO - [2022-01-03 13:21:59,497] {dag.py:2396} INFO - Sync 1 DAGs
[2022-01-03 13:21:59,519] {logging_mixin.py:109} INFO - [2022-01-03 13:21:59,519] {dag.py:2928} INFO - Setting next_dagrun for example_complex to None
[2022-01-03 13:21:59,531] {processor.py:171} INFO - Processing /home/airflow/.local/lib/python3.7/site-packages/airflow/example_dags/example_complex.py took 0.119 seconds
[2022-01-03 13:22:29,735] {processor.py:163} INFO - Started process (PID=991) to work on /home/airflow/.local/lib/python3.7/site-packages/airflow/example_dags/example_complex.py
[2022-01-03 13:22:29,736] {processor.py:625} INFO - Processing file /home/airflow/.local/lib/python3.7/site-packages/airflow/example_dags/example_complex.py for tasks to queue
[2022-01-03 13:22:29,737] {logging_mixin.py:109} INFO - [2022-01-03 13:22:29,737] {dagbag.py:500} INFO - Filling up the DagBag from /home/airflow/.local/lib/python3.7/site-packages/airflow/example_dags/example_complex.py
[2022-01-03 13:22:29,798] {processor.py:637} INFO - DAG(s) dict_keys(['example_complex']) retrieved from /home/airflow/.local/lib/python3.7/site-packages/airflow/example_dags/example_complex.py
[2022-01-03 13:22:29,827] {logging_mixin.py:109} INFO - [2022-01-03 13:22:29,827] {dag.py:2396} INFO - Sync 1 DAGs
[2022-01-03 13:22:29,848] {logging_mixin.py:109} INFO - [2022-01-03 13:22:29,848] {dag.py:2928} INFO - Setting next_dagrun for example_complex to None
[2022-01-03 13:22:29,860] {processor.py:171} INFO - Processing /home/airflow/.local/lib/python3.7/site-packages/airflow/example_dags/example_complex.py took 0.128 seconds
[2022-01-03 13:23:00,814] {processor.py:163} INFO - Started process (PID=1044) to work on /home/airflow/.local/lib/python3.7/site-packages/airflow/example_dags/example_complex.py
[2022-01-03 13:23:00,823] {processor.py:625} INFO - Processing file /home/airflow/.local/lib/python3.7/site-packages/airflow/example_dags/example_complex.py for tasks to queue
[2022-01-03 13:23:00,824] {logging_mixin.py:109} INFO - [2022-01-03 13:23:00,824] {dagbag.py:500} INFO - Filling up the DagBag from /home/airflow/.local/lib/python3.7/site-packages/airflow/example_dags/example_complex.py
[2022-01-03 13:23:00,890] {processor.py:637} INFO - DAG(s) dict_keys(['example_complex']) retrieved from /home/airflow/.local/lib/python3.7/site-packages/airflow/example_dags/example_complex.py
[2022-01-03 13:23:00,913] {logging_mixin.py:109} INFO - [2022-01-03 13:23:00,913] {dag.py:2396} INFO - Sync 1 DAGs
[2022-01-03 13:23:00,932] {logging_mixin.py:109} INFO - [2022-01-03 13:23:00,932] {dag.py:2928} INFO - Setting next_dagrun for example_complex to None
[2022-01-03 13:23:00,944] {processor.py:171} INFO - Processing /home/airflow/.local/lib/python3.7/site-packages/airflow/example_dags/example_complex.py took 0.135 seconds
[2022-01-03 13:23:31,257] {processor.py:163} INFO - Started process (PID=1096) to work on /home/airflow/.local/lib/python3.7/site-packages/airflow/example_dags/example_complex.py
[2022-01-03 13:23:31,259] {processor.py:625} INFO - Processing file /home/airflow/.local/lib/python3.7/site-packages/airflow/example_dags/example_complex.py for tasks to queue
[2022-01-03 13:23:31,260] {logging_mixin.py:109} INFO - [2022-01-03 13:23:31,260] {dagbag.py:500} INFO - Filling up the DagBag from /home/airflow/.local/lib/python3.7/site-packages/airflow/example_dags/example_complex.py
[2022-01-03 13:23:31,317] {processor.py:637} INFO - DAG(s) dict_keys(['example_complex']) retrieved from /home/airflow/.local/lib/python3.7/site-packages/airflow/example_dags/example_complex.py
[2022-01-03 13:23:31,351] {logging_mixin.py:109} INFO - [2022-01-03 13:23:31,351] {dag.py:2396} INFO - Sync 1 DAGs
[2022-01-03 13:23:31,378] {logging_mixin.py:109} INFO - [2022-01-03 13:23:31,378] {dag.py:2928} INFO - Setting next_dagrun for example_complex to None
[2022-01-03 13:23:31,395] {processor.py:171} INFO - Processing /home/airflow/.local/lib/python3.7/site-packages/airflow/example_dags/example_complex.py took 0.141 seconds
[2022-01-03 13:24:01,516] {processor.py:163} INFO - Started process (PID=1156) to work on /home/airflow/.local/lib/python3.7/site-packages/airflow/example_dags/example_complex.py
[2022-01-03 13:24:01,518] {processor.py:625} INFO - Processing file /home/airflow/.local/lib/python3.7/site-packages/airflow/example_dags/example_complex.py for tasks to queue
[2022-01-03 13:24:01,518] {logging_mixin.py:109} INFO - [2022-01-03 13:24:01,518] {dagbag.py:500} INFO - Filling up the DagBag from /home/airflow/.local/lib/python3.7/site-packages/airflow/example_dags/example_complex.py
[2022-01-03 13:24:01,558] {processor.py:637} INFO - DAG(s) dict_keys(['example_complex']) retrieved from /home/airflow/.local/lib/python3.7/site-packages/airflow/example_dags/example_complex.py
[2022-01-03 13:24:01,579] {logging_mixin.py:109} INFO - [2022-01-03 13:24:01,579] {dag.py:2396} INFO - Sync 1 DAGs
[2022-01-03 13:24:01,598] {logging_mixin.py:109} INFO - [2022-01-03 13:24:01,598] {dag.py:2928} INFO - Setting next_dagrun for example_complex to None
[2022-01-03 13:24:01,608] {processor.py:171} INFO - Processing /home/airflow/.local/lib/python3.7/site-packages/airflow/example_dags/example_complex.py took 0.094 seconds
[2022-01-03 13:24:31,855] {processor.py:163} INFO - Started process (PID=1207) to work on /home/airflow/.local/lib/python3.7/site-packages/airflow/example_dags/example_complex.py
[2022-01-03 13:24:31,859] {processor.py:625} INFO - Processing file /home/airflow/.local/lib/python3.7/site-packages/airflow/example_dags/example_complex.py for tasks to queue
[2022-01-03 13:24:31,860] {logging_mixin.py:109} INFO - [2022-01-03 13:24:31,860] {dagbag.py:500} INFO - Filling up the DagBag from /home/airflow/.local/lib/python3.7/site-packages/airflow/example_dags/example_complex.py
[2022-01-03 13:24:31,913] {processor.py:637} INFO - DAG(s) dict_keys(['example_complex']) retrieved from /home/airflow/.local/lib/python3.7/site-packages/airflow/example_dags/example_complex.py
[2022-01-03 13:24:31,933] {logging_mixin.py:109} INFO - [2022-01-03 13:24:31,933] {dag.py:2396} INFO - Sync 1 DAGs
[2022-01-03 13:24:31,954] {logging_mixin.py:109} INFO - [2022-01-03 13:24:31,954] {dag.py:2928} INFO - Setting next_dagrun for example_complex to None
[2022-01-03 13:24:31,965] {processor.py:171} INFO - Processing /home/airflow/.local/lib/python3.7/site-packages/airflow/example_dags/example_complex.py took 0.114 seconds
[2022-01-03 13:25:02,256] {processor.py:163} INFO - Started process (PID=1257) to work on /home/airflow/.local/lib/python3.7/site-packages/airflow/example_dags/example_complex.py
[2022-01-03 13:25:02,258] {processor.py:625} INFO - Processing file /home/airflow/.local/lib/python3.7/site-packages/airflow/example_dags/example_complex.py for tasks to queue
[2022-01-03 13:25:02,258] {logging_mixin.py:109} INFO - [2022-01-03 13:25:02,258] {dagbag.py:500} INFO - Filling up the DagBag from /home/airflow/.local/lib/python3.7/site-packages/airflow/example_dags/example_complex.py
[2022-01-03 13:25:02,319] {processor.py:637} INFO - DAG(s) dict_keys(['example_complex']) retrieved from /home/airflow/.local/lib/python3.7/site-packages/airflow/example_dags/example_complex.py
[2022-01-03 13:25:02,353] {logging_mixin.py:109} INFO - [2022-01-03 13:25:02,353] {dag.py:2396} INFO - Sync 1 DAGs
[2022-01-03 13:25:02,391] {logging_mixin.py:109} INFO - [2022-01-03 13:25:02,391] {dag.py:2928} INFO - Setting next_dagrun for example_complex to None
[2022-01-03 13:25:02,405] {processor.py:171} INFO - Processing /home/airflow/.local/lib/python3.7/site-packages/airflow/example_dags/example_complex.py took 0.153 seconds
[2022-01-03 13:25:32,713] {processor.py:163} INFO - Started process (PID=1308) to work on /home/airflow/.local/lib/python3.7/site-packages/airflow/example_dags/example_complex.py
[2022-01-03 13:25:32,714] {processor.py:625} INFO - Processing file /home/airflow/.local/lib/python3.7/site-packages/airflow/example_dags/example_complex.py for tasks to queue
[2022-01-03 13:25:32,715] {logging_mixin.py:109} INFO - [2022-01-03 13:25:32,715] {dagbag.py:500} INFO - Filling up the DagBag from /home/airflow/.local/lib/python3.7/site-packages/airflow/example_dags/example_complex.py
[2022-01-03 13:25:32,760] {processor.py:637} INFO - DAG(s) dict_keys(['example_complex']) retrieved from /home/airflow/.local/lib/python3.7/site-packages/airflow/example_dags/example_complex.py
[2022-01-03 13:25:32,787] {logging_mixin.py:109} INFO - [2022-01-03 13:25:32,787] {dag.py:2396} INFO - Sync 1 DAGs
[2022-01-03 13:25:32,807] {logging_mixin.py:109} INFO - [2022-01-03 13:25:32,807] {dag.py:2928} INFO - Setting next_dagrun for example_complex to None
[2022-01-03 13:25:32,817] {processor.py:171} INFO - Processing /home/airflow/.local/lib/python3.7/site-packages/airflow/example_dags/example_complex.py took 0.108 seconds
[2022-01-03 13:26:03,119] {processor.py:163} INFO - Started process (PID=1376) to work on /home/airflow/.local/lib/python3.7/site-packages/airflow/example_dags/example_complex.py
[2022-01-03 13:26:03,120] {processor.py:625} INFO - Processing file /home/airflow/.local/lib/python3.7/site-packages/airflow/example_dags/example_complex.py for tasks to queue
[2022-01-03 13:26:03,122] {logging_mixin.py:109} INFO - [2022-01-03 13:26:03,122] {dagbag.py:500} INFO - Filling up the DagBag from /home/airflow/.local/lib/python3.7/site-packages/airflow/example_dags/example_complex.py
[2022-01-03 13:26:03,197] {processor.py:637} INFO - DAG(s) dict_keys(['example_complex']) retrieved from /home/airflow/.local/lib/python3.7/site-packages/airflow/example_dags/example_complex.py
[2022-01-03 13:26:03,232] {logging_mixin.py:109} INFO - [2022-01-03 13:26:03,231] {dag.py:2396} INFO - Sync 1 DAGs
[2022-01-03 13:26:03,257] {logging_mixin.py:109} INFO - [2022-01-03 13:26:03,257] {dag.py:2928} INFO - Setting next_dagrun for example_complex to None
[2022-01-03 13:26:03,273] {processor.py:171} INFO - Processing /home/airflow/.local/lib/python3.7/site-packages/airflow/example_dags/example_complex.py took 0.159 seconds
[2022-01-03 13:26:33,900] {processor.py:163} INFO - Started process (PID=1426) to work on /home/airflow/.local/lib/python3.7/site-packages/airflow/example_dags/example_complex.py
[2022-01-03 13:26:33,902] {processor.py:625} INFO - Processing file /home/airflow/.local/lib/python3.7/site-packages/airflow/example_dags/example_complex.py for tasks to queue
[2022-01-03 13:26:33,903] {logging_mixin.py:109} INFO - [2022-01-03 13:26:33,903] {dagbag.py:500} INFO - Filling up the DagBag from /home/airflow/.local/lib/python3.7/site-packages/airflow/example_dags/example_complex.py
[2022-01-03 13:26:33,967] {processor.py:637} INFO - DAG(s) dict_keys(['example_complex']) retrieved from /home/airflow/.local/lib/python3.7/site-packages/airflow/example_dags/example_complex.py
[2022-01-03 13:26:33,993] {logging_mixin.py:109} INFO - [2022-01-03 13:26:33,993] {dag.py:2396} INFO - Sync 1 DAGs
[2022-01-03 13:26:34,012] {logging_mixin.py:109} INFO - [2022-01-03 13:26:34,012] {dag.py:2928} INFO - Setting next_dagrun for example_complex to None
[2022-01-03 13:26:34,028] {processor.py:171} INFO - Processing /home/airflow/.local/lib/python3.7/site-packages/airflow/example_dags/example_complex.py took 0.131 seconds
[2022-01-03 13:27:04,283] {processor.py:163} INFO - Started process (PID=1477) to work on /home/airflow/.local/lib/python3.7/site-packages/airflow/example_dags/example_complex.py
[2022-01-03 13:27:04,284] {processor.py:625} INFO - Processing file /home/airflow/.local/lib/python3.7/site-packages/airflow/example_dags/example_complex.py for tasks to queue
[2022-01-03 13:27:04,285] {logging_mixin.py:109} INFO - [2022-01-03 13:27:04,285] {dagbag.py:500} INFO - Filling up the DagBag from /home/airflow/.local/lib/python3.7/site-packages/airflow/example_dags/example_complex.py
[2022-01-03 13:27:04,385] {processor.py:637} INFO - DAG(s) dict_keys(['example_complex']) retrieved from /home/airflow/.local/lib/python3.7/site-packages/airflow/example_dags/example_complex.py
[2022-01-03 13:27:04,438] {logging_mixin.py:109} INFO - [2022-01-03 13:27:04,438] {dag.py:2396} INFO - Sync 1 DAGs
[2022-01-03 13:27:04,483] {logging_mixin.py:109} INFO - [2022-01-03 13:27:04,483] {dag.py:2928} INFO - Setting next_dagrun for example_complex to None
[2022-01-03 13:27:04,509] {processor.py:171} INFO - Processing /home/airflow/.local/lib/python3.7/site-packages/airflow/example_dags/example_complex.py took 0.231 seconds
[2022-01-03 13:27:34,984] {processor.py:163} INFO - Started process (PID=1527) to work on /home/airflow/.local/lib/python3.7/site-packages/airflow/example_dags/example_complex.py
[2022-01-03 13:27:34,991] {processor.py:625} INFO - Processing file /home/airflow/.local/lib/python3.7/site-packages/airflow/example_dags/example_complex.py for tasks to queue
[2022-01-03 13:27:34,991] {logging_mixin.py:109} INFO - [2022-01-03 13:27:34,991] {dagbag.py:500} INFO - Filling up the DagBag from /home/airflow/.local/lib/python3.7/site-packages/airflow/example_dags/example_complex.py
[2022-01-03 13:27:35,116] {processor.py:637} INFO - DAG(s) dict_keys(['example_complex']) retrieved from /home/airflow/.local/lib/python3.7/site-packages/airflow/example_dags/example_complex.py
[2022-01-03 13:27:35,158] {logging_mixin.py:109} INFO - [2022-01-03 13:27:35,158] {dag.py:2396} INFO - Sync 1 DAGs
[2022-01-03 13:27:35,192] {logging_mixin.py:109} INFO - [2022-01-03 13:27:35,192] {dag.py:2928} INFO - Setting next_dagrun for example_complex to None
[2022-01-03 13:27:35,219] {processor.py:171} INFO - Processing /home/airflow/.local/lib/python3.7/site-packages/airflow/example_dags/example_complex.py took 0.266 seconds
[2022-01-03 13:28:06,242] {processor.py:163} INFO - Started process (PID=1579) to work on /home/airflow/.local/lib/python3.7/site-packages/airflow/example_dags/example_complex.py
[2022-01-03 13:28:06,243] {processor.py:625} INFO - Processing file /home/airflow/.local/lib/python3.7/site-packages/airflow/example_dags/example_complex.py for tasks to queue
[2022-01-03 13:28:06,244] {logging_mixin.py:109} INFO - [2022-01-03 13:28:06,244] {dagbag.py:500} INFO - Filling up the DagBag from /home/airflow/.local/lib/python3.7/site-packages/airflow/example_dags/example_complex.py
[2022-01-03 13:28:06,319] {processor.py:637} INFO - DAG(s) dict_keys(['example_complex']) retrieved from /home/airflow/.local/lib/python3.7/site-packages/airflow/example_dags/example_complex.py
[2022-01-03 13:28:06,343] {logging_mixin.py:109} INFO - [2022-01-03 13:28:06,343] {dag.py:2396} INFO - Sync 1 DAGs
[2022-01-03 13:28:06,362] {logging_mixin.py:109} INFO - [2022-01-03 13:28:06,362] {dag.py:2928} INFO - Setting next_dagrun for example_complex to None
[2022-01-03 13:28:06,372] {processor.py:171} INFO - Processing /home/airflow/.local/lib/python3.7/site-packages/airflow/example_dags/example_complex.py took 0.133 seconds
[2022-01-03 13:28:36,805] {processor.py:163} INFO - Started process (PID=1634) to work on /home/airflow/.local/lib/python3.7/site-packages/airflow/example_dags/example_complex.py
[2022-01-03 13:28:36,806] {processor.py:625} INFO - Processing file /home/airflow/.local/lib/python3.7/site-packages/airflow/example_dags/example_complex.py for tasks to queue
[2022-01-03 13:28:36,807] {logging_mixin.py:109} INFO - [2022-01-03 13:28:36,807] {dagbag.py:500} INFO - Filling up the DagBag from /home/airflow/.local/lib/python3.7/site-packages/airflow/example_dags/example_complex.py
[2022-01-03 13:28:36,857] {processor.py:637} INFO - DAG(s) dict_keys(['example_complex']) retrieved from /home/airflow/.local/lib/python3.7/site-packages/airflow/example_dags/example_complex.py
[2022-01-03 13:28:36,898] {logging_mixin.py:109} INFO - [2022-01-03 13:28:36,898] {dag.py:2396} INFO - Sync 1 DAGs
[2022-01-03 13:28:36,945] {logging_mixin.py:109} INFO - [2022-01-03 13:28:36,945] {dag.py:2928} INFO - Setting next_dagrun for example_complex to None
[2022-01-03 13:28:36,984] {processor.py:171} INFO - Processing /home/airflow/.local/lib/python3.7/site-packages/airflow/example_dags/example_complex.py took 0.183 seconds
[2022-01-03 13:29:07,092] {processor.py:163} INFO - Started process (PID=1695) to work on /home/airflow/.local/lib/python3.7/site-packages/airflow/example_dags/example_complex.py
[2022-01-03 13:29:07,094] {processor.py:625} INFO - Processing file /home/airflow/.local/lib/python3.7/site-packages/airflow/example_dags/example_complex.py for tasks to queue
[2022-01-03 13:29:07,095] {logging_mixin.py:109} INFO - [2022-01-03 13:29:07,095] {dagbag.py:500} INFO - Filling up the DagBag from /home/airflow/.local/lib/python3.7/site-packages/airflow/example_dags/example_complex.py
[2022-01-03 13:29:07,171] {processor.py:637} INFO - DAG(s) dict_keys(['example_complex']) retrieved from /home/airflow/.local/lib/python3.7/site-packages/airflow/example_dags/example_complex.py
[2022-01-03 13:29:07,203] {logging_mixin.py:109} INFO - [2022-01-03 13:29:07,203] {dag.py:2396} INFO - Sync 1 DAGs
[2022-01-03 13:29:07,230] {logging_mixin.py:109} INFO - [2022-01-03 13:29:07,229] {dag.py:2928} INFO - Setting next_dagrun for example_complex to None
[2022-01-03 13:29:07,253] {processor.py:171} INFO - Processing /home/airflow/.local/lib/python3.7/site-packages/airflow/example_dags/example_complex.py took 0.168 seconds
[2022-01-03 13:29:37,631] {processor.py:163} INFO - Started process (PID=1746) to work on /home/airflow/.local/lib/python3.7/site-packages/airflow/example_dags/example_complex.py
[2022-01-03 13:29:37,632] {processor.py:625} INFO - Processing file /home/airflow/.local/lib/python3.7/site-packages/airflow/example_dags/example_complex.py for tasks to queue
[2022-01-03 13:29:37,633] {logging_mixin.py:109} INFO - [2022-01-03 13:29:37,633] {dagbag.py:500} INFO - Filling up the DagBag from /home/airflow/.local/lib/python3.7/site-packages/airflow/example_dags/example_complex.py
[2022-01-03 13:29:37,677] {processor.py:637} INFO - DAG(s) dict_keys(['example_complex']) retrieved from /home/airflow/.local/lib/python3.7/site-packages/airflow/example_dags/example_complex.py
[2022-01-03 13:29:37,702] {logging_mixin.py:109} INFO - [2022-01-03 13:29:37,702] {dag.py:2396} INFO - Sync 1 DAGs
[2022-01-03 13:29:37,721] {logging_mixin.py:109} INFO - [2022-01-03 13:29:37,721] {dag.py:2928} INFO - Setting next_dagrun for example_complex to None
[2022-01-03 13:29:37,733] {processor.py:171} INFO - Processing /home/airflow/.local/lib/python3.7/site-packages/airflow/example_dags/example_complex.py took 0.107 seconds
[2022-01-03 13:30:08,611] {processor.py:163} INFO - Started process (PID=1797) to work on /home/airflow/.local/lib/python3.7/site-packages/airflow/example_dags/example_complex.py
[2022-01-03 13:30:08,613] {processor.py:625} INFO - Processing file /home/airflow/.local/lib/python3.7/site-packages/airflow/example_dags/example_complex.py for tasks to queue
[2022-01-03 13:30:08,614] {logging_mixin.py:109} INFO - [2022-01-03 13:30:08,614] {dagbag.py:500} INFO - Filling up the DagBag from /home/airflow/.local/lib/python3.7/site-packages/airflow/example_dags/example_complex.py
[2022-01-03 13:30:08,672] {processor.py:637} INFO - DAG(s) dict_keys(['example_complex']) retrieved from /home/airflow/.local/lib/python3.7/site-packages/airflow/example_dags/example_complex.py
[2022-01-03 13:30:08,700] {logging_mixin.py:109} INFO - [2022-01-03 13:30:08,700] {dag.py:2396} INFO - Sync 1 DAGs
[2022-01-03 13:30:08,723] {logging_mixin.py:109} INFO - [2022-01-03 13:30:08,723] {dag.py:2928} INFO - Setting next_dagrun for example_complex to None
[2022-01-03 13:30:08,734] {processor.py:171} INFO - Processing /home/airflow/.local/lib/python3.7/site-packages/airflow/example_dags/example_complex.py took 0.127 seconds
[2022-01-03 13:30:38,854] {processor.py:163} INFO - Started process (PID=1852) to work on /home/airflow/.local/lib/python3.7/site-packages/airflow/example_dags/example_complex.py
[2022-01-03 13:30:38,858] {processor.py:625} INFO - Processing file /home/airflow/.local/lib/python3.7/site-packages/airflow/example_dags/example_complex.py for tasks to queue
[2022-01-03 13:30:38,859] {logging_mixin.py:109} INFO - [2022-01-03 13:30:38,859] {dagbag.py:500} INFO - Filling up the DagBag from /home/airflow/.local/lib/python3.7/site-packages/airflow/example_dags/example_complex.py
[2022-01-03 13:30:38,915] {processor.py:637} INFO - DAG(s) dict_keys(['example_complex']) retrieved from /home/airflow/.local/lib/python3.7/site-packages/airflow/example_dags/example_complex.py
[2022-01-03 13:30:38,940] {logging_mixin.py:109} INFO - [2022-01-03 13:30:38,940] {dag.py:2396} INFO - Sync 1 DAGs
[2022-01-03 13:30:38,967] {logging_mixin.py:109} INFO - [2022-01-03 13:30:38,966] {dag.py:2928} INFO - Setting next_dagrun for example_complex to None
[2022-01-03 13:30:38,978] {processor.py:171} INFO - Processing /home/airflow/.local/lib/python3.7/site-packages/airflow/example_dags/example_complex.py took 0.127 seconds
[2022-01-03 13:31:09,682] {processor.py:163} INFO - Started process (PID=1913) to work on /home/airflow/.local/lib/python3.7/site-packages/airflow/example_dags/example_complex.py
[2022-01-03 13:31:09,684] {processor.py:625} INFO - Processing file /home/airflow/.local/lib/python3.7/site-packages/airflow/example_dags/example_complex.py for tasks to queue
[2022-01-03 13:31:09,684] {logging_mixin.py:109} INFO - [2022-01-03 13:31:09,684] {dagbag.py:500} INFO - Filling up the DagBag from /home/airflow/.local/lib/python3.7/site-packages/airflow/example_dags/example_complex.py
[2022-01-03 13:31:09,896] {processor.py:637} INFO - DAG(s) dict_keys(['example_complex']) retrieved from /home/airflow/.local/lib/python3.7/site-packages/airflow/example_dags/example_complex.py
[2022-01-03 13:31:09,943] {logging_mixin.py:109} INFO - [2022-01-03 13:31:09,943] {dag.py:2396} INFO - Sync 1 DAGs
[2022-01-03 13:31:09,973] {logging_mixin.py:109} INFO - [2022-01-03 13:31:09,973] {dag.py:2928} INFO - Setting next_dagrun for example_complex to None
[2022-01-03 13:31:09,989] {processor.py:171} INFO - Processing /home/airflow/.local/lib/python3.7/site-packages/airflow/example_dags/example_complex.py took 0.323 seconds
[2022-01-03 13:31:40,758] {processor.py:163} INFO - Started process (PID=1966) to work on /home/airflow/.local/lib/python3.7/site-packages/airflow/example_dags/example_complex.py
[2022-01-03 13:31:40,761] {processor.py:625} INFO - Processing file /home/airflow/.local/lib/python3.7/site-packages/airflow/example_dags/example_complex.py for tasks to queue
[2022-01-03 13:31:40,761] {logging_mixin.py:109} INFO - [2022-01-03 13:31:40,761] {dagbag.py:500} INFO - Filling up the DagBag from /home/airflow/.local/lib/python3.7/site-packages/airflow/example_dags/example_complex.py
[2022-01-03 13:31:40,970] {processor.py:637} INFO - DAG(s) dict_keys(['example_complex']) retrieved from /home/airflow/.local/lib/python3.7/site-packages/airflow/example_dags/example_complex.py
[2022-01-03 13:31:41,042] {logging_mixin.py:109} INFO - [2022-01-03 13:31:41,042] {dag.py:2396} INFO - Sync 1 DAGs
[2022-01-03 13:31:41,104] {logging_mixin.py:109} INFO - [2022-01-03 13:31:41,104] {dag.py:2928} INFO - Setting next_dagrun for example_complex to None
[2022-01-03 13:31:41,123] {processor.py:171} INFO - Processing /home/airflow/.local/lib/python3.7/site-packages/airflow/example_dags/example_complex.py took 0.385 seconds
[2022-01-03 13:38:19,066] {processor.py:163} INFO - Started process (PID=201) to work on /home/airflow/.local/lib/python3.7/site-packages/airflow/example_dags/example_complex.py
[2022-01-03 13:38:19,071] {processor.py:625} INFO - Processing file /home/airflow/.local/lib/python3.7/site-packages/airflow/example_dags/example_complex.py for tasks to queue
[2022-01-03 13:38:19,074] {logging_mixin.py:109} INFO - [2022-01-03 13:38:19,074] {dagbag.py:500} INFO - Filling up the DagBag from /home/airflow/.local/lib/python3.7/site-packages/airflow/example_dags/example_complex.py
[2022-01-03 13:38:19,165] {processor.py:637} INFO - DAG(s) dict_keys(['example_complex']) retrieved from /home/airflow/.local/lib/python3.7/site-packages/airflow/example_dags/example_complex.py
[2022-01-03 13:38:21,492] {logging_mixin.py:109} INFO - [2022-01-03 13:38:21,492] {providers_manager.py:156} WARNING - Exception when importing 'airflow.providers.google.leveldb.hooks.leveldb.LevelDBHook' from 'apache-airflow-providers-google' package: No module named 'plyvel'
[2022-01-03 13:38:22,080] {logging_mixin.py:109} INFO - [2022-01-03 13:38:22,080] {providers_manager.py:156} WARNING - Exception when importing 'airflow.providers.google.leveldb.hooks.leveldb.LevelDBHook' from 'apache-airflow-providers-google' package: No module named 'plyvel'
[2022-01-03 13:38:22,123] {logging_mixin.py:109} INFO - [2022-01-03 13:38:22,123] {manager.py:496} INFO - Created Permission View: can edit on DAG:example_complex
[2022-01-03 13:38:22,136] {logging_mixin.py:109} INFO - [2022-01-03 13:38:22,136] {manager.py:496} INFO - Created Permission View: can read on DAG:example_complex
[2022-01-03 13:38:22,136] {logging_mixin.py:109} INFO - [2022-01-03 13:38:22,136] {dag.py:2396} INFO - Sync 1 DAGs
[2022-01-03 13:38:22,145] {logging_mixin.py:109} INFO - [2022-01-03 13:38:22,144] {dag.py:2415} INFO - Creating ORM DAG for example_complex
[2022-01-03 13:38:22,157] {logging_mixin.py:109} INFO - [2022-01-03 13:38:22,157] {dag.py:2928} INFO - Setting next_dagrun for example_complex to None
[2022-01-03 13:38:22,175] {processor.py:171} INFO - Processing /home/airflow/.local/lib/python3.7/site-packages/airflow/example_dags/example_complex.py took 3.118 seconds
[2022-01-03 13:38:52,816] {processor.py:163} INFO - Started process (PID=284) to work on /home/airflow/.local/lib/python3.7/site-packages/airflow/example_dags/example_complex.py
[2022-01-03 13:38:52,818] {processor.py:625} INFO - Processing file /home/airflow/.local/lib/python3.7/site-packages/airflow/example_dags/example_complex.py for tasks to queue
[2022-01-03 13:38:52,818] {logging_mixin.py:109} INFO - [2022-01-03 13:38:52,818] {dagbag.py:500} INFO - Filling up the DagBag from /home/airflow/.local/lib/python3.7/site-packages/airflow/example_dags/example_complex.py
[2022-01-03 13:38:52,863] {processor.py:637} INFO - DAG(s) dict_keys(['example_complex']) retrieved from /home/airflow/.local/lib/python3.7/site-packages/airflow/example_dags/example_complex.py
[2022-01-03 13:38:52,892] {logging_mixin.py:109} INFO - [2022-01-03 13:38:52,892] {dag.py:2396} INFO - Sync 1 DAGs
[2022-01-03 13:38:52,916] {logging_mixin.py:109} INFO - [2022-01-03 13:38:52,916] {dag.py:2928} INFO - Setting next_dagrun for example_complex to None
[2022-01-03 13:38:52,926] {processor.py:171} INFO - Processing /home/airflow/.local/lib/python3.7/site-packages/airflow/example_dags/example_complex.py took 0.113 seconds
[2022-01-03 13:43:11,862] {processor.py:163} INFO - Started process (PID=188) to work on /home/airflow/.local/lib/python3.7/site-packages/airflow/example_dags/example_complex.py
[2022-01-03 13:43:11,863] {processor.py:625} INFO - Processing file /home/airflow/.local/lib/python3.7/site-packages/airflow/example_dags/example_complex.py for tasks to queue
[2022-01-03 13:43:11,864] {logging_mixin.py:109} INFO - [2022-01-03 13:43:11,864] {dagbag.py:500} INFO - Filling up the DagBag from /home/airflow/.local/lib/python3.7/site-packages/airflow/example_dags/example_complex.py
[2022-01-03 13:43:11,913] {processor.py:637} INFO - DAG(s) dict_keys(['example_complex']) retrieved from /home/airflow/.local/lib/python3.7/site-packages/airflow/example_dags/example_complex.py
[2022-01-03 13:43:14,033] {logging_mixin.py:109} INFO - [2022-01-03 13:43:14,033] {providers_manager.py:156} WARNING - Exception when importing 'airflow.providers.google.leveldb.hooks.leveldb.LevelDBHook' from 'apache-airflow-providers-google' package: No module named 'plyvel'
[2022-01-03 13:43:14,746] {logging_mixin.py:109} INFO - [2022-01-03 13:43:14,746] {providers_manager.py:156} WARNING - Exception when importing 'airflow.providers.google.leveldb.hooks.leveldb.LevelDBHook' from 'apache-airflow-providers-google' package: No module named 'plyvel'
[2022-01-03 13:43:14,782] {logging_mixin.py:109} INFO - [2022-01-03 13:43:14,782] {manager.py:496} INFO - Created Permission View: can read on DAG:example_complex
[2022-01-03 13:43:14,798] {logging_mixin.py:109} INFO - [2022-01-03 13:43:14,798] {manager.py:496} INFO - Created Permission View: can edit on DAG:example_complex
[2022-01-03 13:43:14,798] {logging_mixin.py:109} INFO - [2022-01-03 13:43:14,798] {dag.py:2396} INFO - Sync 1 DAGs
[2022-01-03 13:43:14,809] {logging_mixin.py:109} INFO - [2022-01-03 13:43:14,808] {dag.py:2415} INFO - Creating ORM DAG for example_complex
[2022-01-03 13:43:14,830] {logging_mixin.py:109} INFO - [2022-01-03 13:43:14,830] {dag.py:2928} INFO - Setting next_dagrun for example_complex to None
[2022-01-03 13:43:14,852] {processor.py:171} INFO - Processing /home/airflow/.local/lib/python3.7/site-packages/airflow/example_dags/example_complex.py took 2.994 seconds
[2022-01-03 13:43:45,053] {processor.py:163} INFO - Started process (PID=282) to work on /home/airflow/.local/lib/python3.7/site-packages/airflow/example_dags/example_complex.py
[2022-01-03 13:43:45,071] {processor.py:625} INFO - Processing file /home/airflow/.local/lib/python3.7/site-packages/airflow/example_dags/example_complex.py for tasks to queue
[2022-01-03 13:43:45,072] {logging_mixin.py:109} INFO - [2022-01-03 13:43:45,072] {dagbag.py:500} INFO - Filling up the DagBag from /home/airflow/.local/lib/python3.7/site-packages/airflow/example_dags/example_complex.py
[2022-01-03 13:43:45,166] {processor.py:637} INFO - DAG(s) dict_keys(['example_complex']) retrieved from /home/airflow/.local/lib/python3.7/site-packages/airflow/example_dags/example_complex.py
[2022-01-03 13:43:45,194] {logging_mixin.py:109} INFO - [2022-01-03 13:43:45,194] {dag.py:2396} INFO - Sync 1 DAGs
[2022-01-03 13:43:45,218] {logging_mixin.py:109} INFO - [2022-01-03 13:43:45,218] {dag.py:2928} INFO - Setting next_dagrun for example_complex to None
[2022-01-03 13:43:45,230] {processor.py:171} INFO - Processing /home/airflow/.local/lib/python3.7/site-packages/airflow/example_dags/example_complex.py took 0.180 seconds
[2022-01-03 13:44:15,528] {processor.py:163} INFO - Started process (PID=333) to work on /home/airflow/.local/lib/python3.7/site-packages/airflow/example_dags/example_complex.py
[2022-01-03 13:44:15,529] {processor.py:625} INFO - Processing file /home/airflow/.local/lib/python3.7/site-packages/airflow/example_dags/example_complex.py for tasks to queue
[2022-01-03 13:44:15,530] {logging_mixin.py:109} INFO - [2022-01-03 13:44:15,530] {dagbag.py:500} INFO - Filling up the DagBag from /home/airflow/.local/lib/python3.7/site-packages/airflow/example_dags/example_complex.py
[2022-01-03 13:44:15,572] {processor.py:637} INFO - DAG(s) dict_keys(['example_complex']) retrieved from /home/airflow/.local/lib/python3.7/site-packages/airflow/example_dags/example_complex.py
[2022-01-03 13:44:15,591] {logging_mixin.py:109} INFO - [2022-01-03 13:44:15,591] {dag.py:2396} INFO - Sync 1 DAGs
[2022-01-03 13:44:15,608] {logging_mixin.py:109} INFO - [2022-01-03 13:44:15,608] {dag.py:2928} INFO - Setting next_dagrun for example_complex to None
[2022-01-03 13:44:15,617] {processor.py:171} INFO - Processing /home/airflow/.local/lib/python3.7/site-packages/airflow/example_dags/example_complex.py took 0.095 seconds
[2022-01-03 13:44:45,658] {processor.py:163} INFO - Started process (PID=383) to work on /home/airflow/.local/lib/python3.7/site-packages/airflow/example_dags/example_complex.py
[2022-01-03 13:44:45,659] {processor.py:625} INFO - Processing file /home/airflow/.local/lib/python3.7/site-packages/airflow/example_dags/example_complex.py for tasks to queue
[2022-01-03 13:44:45,659] {logging_mixin.py:109} INFO - [2022-01-03 13:44:45,659] {dagbag.py:500} INFO - Filling up the DagBag from /home/airflow/.local/lib/python3.7/site-packages/airflow/example_dags/example_complex.py
[2022-01-03 13:44:45,703] {processor.py:637} INFO - DAG(s) dict_keys(['example_complex']) retrieved from /home/airflow/.local/lib/python3.7/site-packages/airflow/example_dags/example_complex.py
[2022-01-03 13:44:45,729] {logging_mixin.py:109} INFO - [2022-01-03 13:44:45,728] {dag.py:2396} INFO - Sync 1 DAGs
[2022-01-03 13:44:45,747] {logging_mixin.py:109} INFO - [2022-01-03 13:44:45,747] {dag.py:2928} INFO - Setting next_dagrun for example_complex to None
[2022-01-03 13:44:45,756] {processor.py:171} INFO - Processing /home/airflow/.local/lib/python3.7/site-packages/airflow/example_dags/example_complex.py took 0.101 seconds
[2022-01-03 13:45:16,674] {processor.py:163} INFO - Started process (PID=434) to work on /home/airflow/.local/lib/python3.7/site-packages/airflow/example_dags/example_complex.py
[2022-01-03 13:45:16,676] {processor.py:625} INFO - Processing file /home/airflow/.local/lib/python3.7/site-packages/airflow/example_dags/example_complex.py for tasks to queue
[2022-01-03 13:45:16,676] {logging_mixin.py:109} INFO - [2022-01-03 13:45:16,676] {dagbag.py:500} INFO - Filling up the DagBag from /home/airflow/.local/lib/python3.7/site-packages/airflow/example_dags/example_complex.py
[2022-01-03 13:45:16,728] {processor.py:637} INFO - DAG(s) dict_keys(['example_complex']) retrieved from /home/airflow/.local/lib/python3.7/site-packages/airflow/example_dags/example_complex.py
[2022-01-03 13:45:16,751] {logging_mixin.py:109} INFO - [2022-01-03 13:45:16,751] {dag.py:2396} INFO - Sync 1 DAGs
[2022-01-03 13:45:16,769] {logging_mixin.py:109} INFO - [2022-01-03 13:45:16,769] {dag.py:2928} INFO - Setting next_dagrun for example_complex to None
[2022-01-03 13:45:16,778] {processor.py:171} INFO - Processing /home/airflow/.local/lib/python3.7/site-packages/airflow/example_dags/example_complex.py took 0.108 seconds
[2022-01-03 13:45:47,447] {processor.py:163} INFO - Started process (PID=494) to work on /home/airflow/.local/lib/python3.7/site-packages/airflow/example_dags/example_complex.py
[2022-01-03 13:45:47,448] {processor.py:625} INFO - Processing file /home/airflow/.local/lib/python3.7/site-packages/airflow/example_dags/example_complex.py for tasks to queue
[2022-01-03 13:45:47,449] {logging_mixin.py:109} INFO - [2022-01-03 13:45:47,449] {dagbag.py:500} INFO - Filling up the DagBag from /home/airflow/.local/lib/python3.7/site-packages/airflow/example_dags/example_complex.py
[2022-01-03 13:45:47,511] {processor.py:637} INFO - DAG(s) dict_keys(['example_complex']) retrieved from /home/airflow/.local/lib/python3.7/site-packages/airflow/example_dags/example_complex.py
[2022-01-03 13:45:47,541] {logging_mixin.py:109} INFO - [2022-01-03 13:45:47,541] {dag.py:2396} INFO - Sync 1 DAGs
[2022-01-03 13:45:47,563] {logging_mixin.py:109} INFO - [2022-01-03 13:45:47,563] {dag.py:2928} INFO - Setting next_dagrun for example_complex to None
[2022-01-03 13:45:47,575] {processor.py:171} INFO - Processing /home/airflow/.local/lib/python3.7/site-packages/airflow/example_dags/example_complex.py took 0.132 seconds
[2022-01-03 13:46:18,255] {processor.py:163} INFO - Started process (PID=549) to work on /home/airflow/.local/lib/python3.7/site-packages/airflow/example_dags/example_complex.py
[2022-01-03 13:46:18,258] {processor.py:625} INFO - Processing file /home/airflow/.local/lib/python3.7/site-packages/airflow/example_dags/example_complex.py for tasks to queue
[2022-01-03 13:46:18,260] {logging_mixin.py:109} INFO - [2022-01-03 13:46:18,260] {dagbag.py:500} INFO - Filling up the DagBag from /home/airflow/.local/lib/python3.7/site-packages/airflow/example_dags/example_complex.py
[2022-01-03 13:46:18,343] {processor.py:637} INFO - DAG(s) dict_keys(['example_complex']) retrieved from /home/airflow/.local/lib/python3.7/site-packages/airflow/example_dags/example_complex.py
[2022-01-03 13:46:18,365] {logging_mixin.py:109} INFO - [2022-01-03 13:46:18,365] {dag.py:2396} INFO - Sync 1 DAGs
[2022-01-03 13:46:18,386] {logging_mixin.py:109} INFO - [2022-01-03 13:46:18,385] {dag.py:2928} INFO - Setting next_dagrun for example_complex to None
[2022-01-03 13:46:18,396] {processor.py:171} INFO - Processing /home/airflow/.local/lib/python3.7/site-packages/airflow/example_dags/example_complex.py took 0.149 seconds
