[2022-01-03 12:28:37,189] {processor.py:163} INFO - Started process (PID=199) to work on /home/airflow/.local/lib/python3.7/site-packages/airflow/example_dags/example_bash_operator.py
[2022-01-03 12:28:37,190] {processor.py:625} INFO - Processing file /home/airflow/.local/lib/python3.7/site-packages/airflow/example_dags/example_bash_operator.py for tasks to queue
[2022-01-03 12:28:37,191] {logging_mixin.py:109} INFO - [2022-01-03 12:28:37,191] {dagbag.py:500} INFO - Filling up the DagBag from /home/airflow/.local/lib/python3.7/site-packages/airflow/example_dags/example_bash_operator.py
[2022-01-03 12:28:37,251] {processor.py:637} INFO - DAG(s) dict_keys(['example_bash_operator']) retrieved from /home/airflow/.local/lib/python3.7/site-packages/airflow/example_dags/example_bash_operator.py
[2022-01-03 12:28:39,490] {logging_mixin.py:109} INFO - [2022-01-03 12:28:39,486] {providers_manager.py:156} WARNING - Exception when importing 'airflow.providers.google.leveldb.hooks.leveldb.LevelDBHook' from 'apache-airflow-providers-google' package: No module named 'plyvel'
[2022-01-03 12:28:40,230] {logging_mixin.py:109} INFO - [2022-01-03 12:28:40,230] {providers_manager.py:156} WARNING - Exception when importing 'airflow.providers.google.leveldb.hooks.leveldb.LevelDBHook' from 'apache-airflow-providers-google' package: No module named 'plyvel'
[2022-01-03 12:28:40,279] {logging_mixin.py:109} INFO - [2022-01-03 12:28:40,279] {manager.py:496} INFO - Created Permission View: can read on DAG:example_bash_operator
[2022-01-03 12:28:40,296] {logging_mixin.py:109} INFO - [2022-01-03 12:28:40,296] {manager.py:496} INFO - Created Permission View: can edit on DAG:example_bash_operator
[2022-01-03 12:28:40,297] {logging_mixin.py:109} INFO - [2022-01-03 12:28:40,297] {dag.py:2396} INFO - Sync 1 DAGs
[2022-01-03 12:28:40,310] {logging_mixin.py:109} INFO - [2022-01-03 12:28:40,309] {dag.py:2415} INFO - Creating ORM DAG for example_bash_operator
[2022-01-03 12:28:40,333] {logging_mixin.py:109} INFO - [2022-01-03 12:28:40,332] {dag.py:2928} INFO - Setting next_dagrun for example_bash_operator to 2022-01-02 00:00:00+00:00
[2022-01-03 12:28:40,359] {processor.py:171} INFO - Processing /home/airflow/.local/lib/python3.7/site-packages/airflow/example_dags/example_bash_operator.py took 3.175 seconds
[2022-01-03 12:29:10,692] {processor.py:163} INFO - Started process (PID=294) to work on /home/airflow/.local/lib/python3.7/site-packages/airflow/example_dags/example_bash_operator.py
[2022-01-03 12:29:10,695] {processor.py:625} INFO - Processing file /home/airflow/.local/lib/python3.7/site-packages/airflow/example_dags/example_bash_operator.py for tasks to queue
[2022-01-03 12:29:10,696] {logging_mixin.py:109} INFO - [2022-01-03 12:29:10,696] {dagbag.py:500} INFO - Filling up the DagBag from /home/airflow/.local/lib/python3.7/site-packages/airflow/example_dags/example_bash_operator.py
[2022-01-03 12:29:10,759] {processor.py:637} INFO - DAG(s) dict_keys(['example_bash_operator']) retrieved from /home/airflow/.local/lib/python3.7/site-packages/airflow/example_dags/example_bash_operator.py
[2022-01-03 12:29:10,775] {logging_mixin.py:109} INFO - [2022-01-03 12:29:10,774] {dag.py:2396} INFO - Sync 1 DAGs
[2022-01-03 12:29:10,799] {logging_mixin.py:109} INFO - [2022-01-03 12:29:10,799] {dag.py:2928} INFO - Setting next_dagrun for example_bash_operator to 2022-01-02 00:00:00+00:00
[2022-01-03 12:29:10,820] {processor.py:171} INFO - Processing /home/airflow/.local/lib/python3.7/site-packages/airflow/example_dags/example_bash_operator.py took 0.133 seconds
[2022-01-03 12:29:41,110] {processor.py:163} INFO - Started process (PID=345) to work on /home/airflow/.local/lib/python3.7/site-packages/airflow/example_dags/example_bash_operator.py
[2022-01-03 12:29:41,111] {processor.py:625} INFO - Processing file /home/airflow/.local/lib/python3.7/site-packages/airflow/example_dags/example_bash_operator.py for tasks to queue
[2022-01-03 12:29:41,112] {logging_mixin.py:109} INFO - [2022-01-03 12:29:41,112] {dagbag.py:500} INFO - Filling up the DagBag from /home/airflow/.local/lib/python3.7/site-packages/airflow/example_dags/example_bash_operator.py
[2022-01-03 12:29:41,159] {processor.py:637} INFO - DAG(s) dict_keys(['example_bash_operator']) retrieved from /home/airflow/.local/lib/python3.7/site-packages/airflow/example_dags/example_bash_operator.py
[2022-01-03 12:29:41,179] {logging_mixin.py:109} INFO - [2022-01-03 12:29:41,178] {dag.py:2396} INFO - Sync 1 DAGs
[2022-01-03 12:29:41,205] {logging_mixin.py:109} INFO - [2022-01-03 12:29:41,205] {dag.py:2928} INFO - Setting next_dagrun for example_bash_operator to 2022-01-02 00:00:00+00:00
[2022-01-03 12:29:41,217] {processor.py:171} INFO - Processing /home/airflow/.local/lib/python3.7/site-packages/airflow/example_dags/example_bash_operator.py took 0.111 seconds
[2022-01-03 12:30:11,474] {processor.py:163} INFO - Started process (PID=397) to work on /home/airflow/.local/lib/python3.7/site-packages/airflow/example_dags/example_bash_operator.py
[2022-01-03 12:30:11,493] {processor.py:625} INFO - Processing file /home/airflow/.local/lib/python3.7/site-packages/airflow/example_dags/example_bash_operator.py for tasks to queue
[2022-01-03 12:30:11,494] {logging_mixin.py:109} INFO - [2022-01-03 12:30:11,494] {dagbag.py:500} INFO - Filling up the DagBag from /home/airflow/.local/lib/python3.7/site-packages/airflow/example_dags/example_bash_operator.py
[2022-01-03 12:30:11,645] {processor.py:637} INFO - DAG(s) dict_keys(['example_bash_operator']) retrieved from /home/airflow/.local/lib/python3.7/site-packages/airflow/example_dags/example_bash_operator.py
[2022-01-03 12:30:11,723] {logging_mixin.py:109} INFO - [2022-01-03 12:30:11,723] {dag.py:2396} INFO - Sync 1 DAGs
[2022-01-03 12:30:11,806] {logging_mixin.py:109} INFO - [2022-01-03 12:30:11,806] {dag.py:2928} INFO - Setting next_dagrun for example_bash_operator to 2022-01-02 00:00:00+00:00
[2022-01-03 12:30:11,858] {processor.py:171} INFO - Processing /home/airflow/.local/lib/python3.7/site-packages/airflow/example_dags/example_bash_operator.py took 0.439 seconds
[2022-01-03 12:30:42,374] {processor.py:163} INFO - Started process (PID=450) to work on /home/airflow/.local/lib/python3.7/site-packages/airflow/example_dags/example_bash_operator.py
[2022-01-03 12:30:42,376] {processor.py:625} INFO - Processing file /home/airflow/.local/lib/python3.7/site-packages/airflow/example_dags/example_bash_operator.py for tasks to queue
[2022-01-03 12:30:42,378] {logging_mixin.py:109} INFO - [2022-01-03 12:30:42,377] {dagbag.py:500} INFO - Filling up the DagBag from /home/airflow/.local/lib/python3.7/site-packages/airflow/example_dags/example_bash_operator.py
[2022-01-03 12:30:42,478] {processor.py:637} INFO - DAG(s) dict_keys(['example_bash_operator']) retrieved from /home/airflow/.local/lib/python3.7/site-packages/airflow/example_dags/example_bash_operator.py
[2022-01-03 12:30:42,509] {logging_mixin.py:109} INFO - [2022-01-03 12:30:42,509] {dag.py:2396} INFO - Sync 1 DAGs
[2022-01-03 12:30:42,562] {logging_mixin.py:109} INFO - [2022-01-03 12:30:42,562] {dag.py:2928} INFO - Setting next_dagrun for example_bash_operator to 2022-01-02 00:00:00+00:00
[2022-01-03 12:30:42,589] {processor.py:171} INFO - Processing /home/airflow/.local/lib/python3.7/site-packages/airflow/example_dags/example_bash_operator.py took 0.222 seconds
[2022-01-03 12:31:12,920] {processor.py:163} INFO - Started process (PID=492) to work on /home/airflow/.local/lib/python3.7/site-packages/airflow/example_dags/example_bash_operator.py
[2022-01-03 12:31:12,922] {processor.py:625} INFO - Processing file /home/airflow/.local/lib/python3.7/site-packages/airflow/example_dags/example_bash_operator.py for tasks to queue
[2022-01-03 12:31:12,923] {logging_mixin.py:109} INFO - [2022-01-03 12:31:12,923] {dagbag.py:500} INFO - Filling up the DagBag from /home/airflow/.local/lib/python3.7/site-packages/airflow/example_dags/example_bash_operator.py
[2022-01-03 12:31:12,981] {processor.py:637} INFO - DAG(s) dict_keys(['example_bash_operator']) retrieved from /home/airflow/.local/lib/python3.7/site-packages/airflow/example_dags/example_bash_operator.py
[2022-01-03 12:31:13,000] {logging_mixin.py:109} INFO - [2022-01-03 12:31:13,000] {dag.py:2396} INFO - Sync 1 DAGs
[2022-01-03 12:31:13,033] {logging_mixin.py:109} INFO - [2022-01-03 12:31:13,033] {dag.py:2928} INFO - Setting next_dagrun for example_bash_operator to 2022-01-02 00:00:00+00:00
[2022-01-03 12:31:13,048] {processor.py:171} INFO - Processing /home/airflow/.local/lib/python3.7/site-packages/airflow/example_dags/example_bash_operator.py took 0.136 seconds
[2022-01-03 12:31:43,146] {processor.py:163} INFO - Started process (PID=549) to work on /home/airflow/.local/lib/python3.7/site-packages/airflow/example_dags/example_bash_operator.py
[2022-01-03 12:31:43,147] {processor.py:625} INFO - Processing file /home/airflow/.local/lib/python3.7/site-packages/airflow/example_dags/example_bash_operator.py for tasks to queue
[2022-01-03 12:31:43,148] {logging_mixin.py:109} INFO - [2022-01-03 12:31:43,148] {dagbag.py:500} INFO - Filling up the DagBag from /home/airflow/.local/lib/python3.7/site-packages/airflow/example_dags/example_bash_operator.py
[2022-01-03 12:31:43,282] {processor.py:637} INFO - DAG(s) dict_keys(['example_bash_operator']) retrieved from /home/airflow/.local/lib/python3.7/site-packages/airflow/example_dags/example_bash_operator.py
[2022-01-03 12:31:43,310] {logging_mixin.py:109} INFO - [2022-01-03 12:31:43,310] {dag.py:2396} INFO - Sync 1 DAGs
[2022-01-03 12:31:43,363] {logging_mixin.py:109} INFO - [2022-01-03 12:31:43,362] {dag.py:2928} INFO - Setting next_dagrun for example_bash_operator to 2022-01-03T00:00:00+00:00
[2022-01-03 12:31:43,383] {processor.py:171} INFO - Processing /home/airflow/.local/lib/python3.7/site-packages/airflow/example_dags/example_bash_operator.py took 0.241 seconds
[2022-01-03 12:32:13,605] {processor.py:163} INFO - Started process (PID=600) to work on /home/airflow/.local/lib/python3.7/site-packages/airflow/example_dags/example_bash_operator.py
[2022-01-03 12:32:13,607] {processor.py:625} INFO - Processing file /home/airflow/.local/lib/python3.7/site-packages/airflow/example_dags/example_bash_operator.py for tasks to queue
[2022-01-03 12:32:13,608] {logging_mixin.py:109} INFO - [2022-01-03 12:32:13,608] {dagbag.py:500} INFO - Filling up the DagBag from /home/airflow/.local/lib/python3.7/site-packages/airflow/example_dags/example_bash_operator.py
[2022-01-03 12:32:13,667] {processor.py:637} INFO - DAG(s) dict_keys(['example_bash_operator']) retrieved from /home/airflow/.local/lib/python3.7/site-packages/airflow/example_dags/example_bash_operator.py
[2022-01-03 12:32:13,685] {logging_mixin.py:109} INFO - [2022-01-03 12:32:13,685] {dag.py:2396} INFO - Sync 1 DAGs
[2022-01-03 12:32:13,715] {logging_mixin.py:109} INFO - [2022-01-03 12:32:13,715] {dag.py:2928} INFO - Setting next_dagrun for example_bash_operator to 2022-01-03T00:00:00+00:00
[2022-01-03 12:32:13,738] {processor.py:171} INFO - Processing /home/airflow/.local/lib/python3.7/site-packages/airflow/example_dags/example_bash_operator.py took 0.136 seconds
[2022-01-03 13:13:47,934] {processor.py:163} INFO - Started process (PID=70) to work on /home/airflow/.local/lib/python3.7/site-packages/airflow/example_dags/example_bash_operator.py
[2022-01-03 13:13:47,943] {processor.py:625} INFO - Processing file /home/airflow/.local/lib/python3.7/site-packages/airflow/example_dags/example_bash_operator.py for tasks to queue
[2022-01-03 13:13:47,944] {logging_mixin.py:109} INFO - [2022-01-03 13:13:47,944] {dagbag.py:500} INFO - Filling up the DagBag from /home/airflow/.local/lib/python3.7/site-packages/airflow/example_dags/example_bash_operator.py
[2022-01-03 13:13:48,030] {processor.py:637} INFO - DAG(s) dict_keys(['example_bash_operator']) retrieved from /home/airflow/.local/lib/python3.7/site-packages/airflow/example_dags/example_bash_operator.py
[2022-01-03 13:13:48,086] {logging_mixin.py:109} INFO - [2022-01-03 13:13:48,086] {dag.py:2396} INFO - Sync 1 DAGs
[2022-01-03 13:13:48,203] {logging_mixin.py:109} INFO - [2022-01-03 13:13:48,203] {dag.py:2928} INFO - Setting next_dagrun for example_bash_operator to 2022-01-03T00:00:00+00:00
[2022-01-03 13:13:48,232] {processor.py:171} INFO - Processing /home/airflow/.local/lib/python3.7/site-packages/airflow/example_dags/example_bash_operator.py took 0.302 seconds
[2022-01-03 13:14:18,454] {processor.py:163} INFO - Started process (PID=127) to work on /home/airflow/.local/lib/python3.7/site-packages/airflow/example_dags/example_bash_operator.py
[2022-01-03 13:14:18,456] {processor.py:625} INFO - Processing file /home/airflow/.local/lib/python3.7/site-packages/airflow/example_dags/example_bash_operator.py for tasks to queue
[2022-01-03 13:14:18,458] {logging_mixin.py:109} INFO - [2022-01-03 13:14:18,458] {dagbag.py:500} INFO - Filling up the DagBag from /home/airflow/.local/lib/python3.7/site-packages/airflow/example_dags/example_bash_operator.py
[2022-01-03 13:14:18,522] {processor.py:637} INFO - DAG(s) dict_keys(['example_bash_operator']) retrieved from /home/airflow/.local/lib/python3.7/site-packages/airflow/example_dags/example_bash_operator.py
[2022-01-03 13:14:18,555] {logging_mixin.py:109} INFO - [2022-01-03 13:14:18,554] {dag.py:2396} INFO - Sync 1 DAGs
[2022-01-03 13:14:18,593] {logging_mixin.py:109} INFO - [2022-01-03 13:14:18,592] {dag.py:2928} INFO - Setting next_dagrun for example_bash_operator to 2022-01-03T00:00:00+00:00
[2022-01-03 13:14:18,626] {processor.py:171} INFO - Processing /home/airflow/.local/lib/python3.7/site-packages/airflow/example_dags/example_bash_operator.py took 0.177 seconds
[2022-01-03 13:14:49,428] {processor.py:163} INFO - Started process (PID=182) to work on /home/airflow/.local/lib/python3.7/site-packages/airflow/example_dags/example_bash_operator.py
[2022-01-03 13:14:49,448] {processor.py:625} INFO - Processing file /home/airflow/.local/lib/python3.7/site-packages/airflow/example_dags/example_bash_operator.py for tasks to queue
[2022-01-03 13:14:49,449] {logging_mixin.py:109} INFO - [2022-01-03 13:14:49,449] {dagbag.py:500} INFO - Filling up the DagBag from /home/airflow/.local/lib/python3.7/site-packages/airflow/example_dags/example_bash_operator.py
[2022-01-03 13:14:49,536] {processor.py:637} INFO - DAG(s) dict_keys(['example_bash_operator']) retrieved from /home/airflow/.local/lib/python3.7/site-packages/airflow/example_dags/example_bash_operator.py
[2022-01-03 13:14:49,556] {logging_mixin.py:109} INFO - [2022-01-03 13:14:49,556] {dag.py:2396} INFO - Sync 1 DAGs
[2022-01-03 13:14:49,616] {logging_mixin.py:109} INFO - [2022-01-03 13:14:49,616] {dag.py:2928} INFO - Setting next_dagrun for example_bash_operator to 2022-01-03T00:00:00+00:00
[2022-01-03 13:14:49,645] {processor.py:171} INFO - Processing /home/airflow/.local/lib/python3.7/site-packages/airflow/example_dags/example_bash_operator.py took 0.221 seconds
[2022-01-03 13:15:20,368] {processor.py:163} INFO - Started process (PID=234) to work on /home/airflow/.local/lib/python3.7/site-packages/airflow/example_dags/example_bash_operator.py
[2022-01-03 13:15:20,369] {processor.py:625} INFO - Processing file /home/airflow/.local/lib/python3.7/site-packages/airflow/example_dags/example_bash_operator.py for tasks to queue
[2022-01-03 13:15:20,370] {logging_mixin.py:109} INFO - [2022-01-03 13:15:20,370] {dagbag.py:500} INFO - Filling up the DagBag from /home/airflow/.local/lib/python3.7/site-packages/airflow/example_dags/example_bash_operator.py
[2022-01-03 13:15:20,408] {processor.py:637} INFO - DAG(s) dict_keys(['example_bash_operator']) retrieved from /home/airflow/.local/lib/python3.7/site-packages/airflow/example_dags/example_bash_operator.py
[2022-01-03 13:15:20,422] {logging_mixin.py:109} INFO - [2022-01-03 13:15:20,422] {dag.py:2396} INFO - Sync 1 DAGs
[2022-01-03 13:15:20,446] {logging_mixin.py:109} INFO - [2022-01-03 13:15:20,446] {dag.py:2928} INFO - Setting next_dagrun for example_bash_operator to 2022-01-03T00:00:00+00:00
[2022-01-03 13:15:20,458] {processor.py:171} INFO - Processing /home/airflow/.local/lib/python3.7/site-packages/airflow/example_dags/example_bash_operator.py took 0.093 seconds
[2022-01-03 13:15:51,279] {processor.py:163} INFO - Started process (PID=300) to work on /home/airflow/.local/lib/python3.7/site-packages/airflow/example_dags/example_bash_operator.py
[2022-01-03 13:15:51,281] {processor.py:625} INFO - Processing file /home/airflow/.local/lib/python3.7/site-packages/airflow/example_dags/example_bash_operator.py for tasks to queue
[2022-01-03 13:15:51,282] {logging_mixin.py:109} INFO - [2022-01-03 13:15:51,282] {dagbag.py:500} INFO - Filling up the DagBag from /home/airflow/.local/lib/python3.7/site-packages/airflow/example_dags/example_bash_operator.py
[2022-01-03 13:15:51,354] {processor.py:637} INFO - DAG(s) dict_keys(['example_bash_operator']) retrieved from /home/airflow/.local/lib/python3.7/site-packages/airflow/example_dags/example_bash_operator.py
[2022-01-03 13:15:51,372] {logging_mixin.py:109} INFO - [2022-01-03 13:15:51,371] {dag.py:2396} INFO - Sync 1 DAGs
[2022-01-03 13:15:51,403] {logging_mixin.py:109} INFO - [2022-01-03 13:15:51,403] {dag.py:2928} INFO - Setting next_dagrun for example_bash_operator to 2022-01-03T00:00:00+00:00
[2022-01-03 13:15:51,416] {processor.py:171} INFO - Processing /home/airflow/.local/lib/python3.7/site-packages/airflow/example_dags/example_bash_operator.py took 0.142 seconds
[2022-01-03 13:16:21,807] {processor.py:163} INFO - Started process (PID=356) to work on /home/airflow/.local/lib/python3.7/site-packages/airflow/example_dags/example_bash_operator.py
[2022-01-03 13:16:21,809] {processor.py:625} INFO - Processing file /home/airflow/.local/lib/python3.7/site-packages/airflow/example_dags/example_bash_operator.py for tasks to queue
[2022-01-03 13:16:21,810] {logging_mixin.py:109} INFO - [2022-01-03 13:16:21,809] {dagbag.py:500} INFO - Filling up the DagBag from /home/airflow/.local/lib/python3.7/site-packages/airflow/example_dags/example_bash_operator.py
[2022-01-03 13:16:21,853] {processor.py:637} INFO - DAG(s) dict_keys(['example_bash_operator']) retrieved from /home/airflow/.local/lib/python3.7/site-packages/airflow/example_dags/example_bash_operator.py
[2022-01-03 13:16:21,869] {logging_mixin.py:109} INFO - [2022-01-03 13:16:21,869] {dag.py:2396} INFO - Sync 1 DAGs
[2022-01-03 13:16:21,892] {logging_mixin.py:109} INFO - [2022-01-03 13:16:21,892] {dag.py:2928} INFO - Setting next_dagrun for example_bash_operator to 2022-01-03T00:00:00+00:00
[2022-01-03 13:16:21,908] {processor.py:171} INFO - Processing /home/airflow/.local/lib/python3.7/site-packages/airflow/example_dags/example_bash_operator.py took 0.106 seconds
[2022-01-03 13:16:52,919] {processor.py:163} INFO - Started process (PID=406) to work on /home/airflow/.local/lib/python3.7/site-packages/airflow/example_dags/example_bash_operator.py
[2022-01-03 13:16:52,920] {processor.py:625} INFO - Processing file /home/airflow/.local/lib/python3.7/site-packages/airflow/example_dags/example_bash_operator.py for tasks to queue
[2022-01-03 13:16:52,921] {logging_mixin.py:109} INFO - [2022-01-03 13:16:52,921] {dagbag.py:500} INFO - Filling up the DagBag from /home/airflow/.local/lib/python3.7/site-packages/airflow/example_dags/example_bash_operator.py
[2022-01-03 13:16:52,958] {processor.py:637} INFO - DAG(s) dict_keys(['example_bash_operator']) retrieved from /home/airflow/.local/lib/python3.7/site-packages/airflow/example_dags/example_bash_operator.py
[2022-01-03 13:16:52,972] {logging_mixin.py:109} INFO - [2022-01-03 13:16:52,972] {dag.py:2396} INFO - Sync 1 DAGs
[2022-01-03 13:16:52,997] {logging_mixin.py:109} INFO - [2022-01-03 13:16:52,997] {dag.py:2928} INFO - Setting next_dagrun for example_bash_operator to 2022-01-03T00:00:00+00:00
[2022-01-03 13:16:53,006] {processor.py:171} INFO - Processing /home/airflow/.local/lib/python3.7/site-packages/airflow/example_dags/example_bash_operator.py took 0.090 seconds
[2022-01-03 13:17:23,544] {processor.py:163} INFO - Started process (PID=457) to work on /home/airflow/.local/lib/python3.7/site-packages/airflow/example_dags/example_bash_operator.py
[2022-01-03 13:17:23,546] {processor.py:625} INFO - Processing file /home/airflow/.local/lib/python3.7/site-packages/airflow/example_dags/example_bash_operator.py for tasks to queue
[2022-01-03 13:17:23,547] {logging_mixin.py:109} INFO - [2022-01-03 13:17:23,547] {dagbag.py:500} INFO - Filling up the DagBag from /home/airflow/.local/lib/python3.7/site-packages/airflow/example_dags/example_bash_operator.py
[2022-01-03 13:17:23,634] {processor.py:637} INFO - DAG(s) dict_keys(['example_bash_operator']) retrieved from /home/airflow/.local/lib/python3.7/site-packages/airflow/example_dags/example_bash_operator.py
[2022-01-03 13:17:23,662] {logging_mixin.py:109} INFO - [2022-01-03 13:17:23,661] {dag.py:2396} INFO - Sync 1 DAGs
[2022-01-03 13:17:23,723] {logging_mixin.py:109} INFO - [2022-01-03 13:17:23,722] {dag.py:2928} INFO - Setting next_dagrun for example_bash_operator to 2022-01-03T00:00:00+00:00
[2022-01-03 13:17:23,759] {processor.py:171} INFO - Processing /home/airflow/.local/lib/python3.7/site-packages/airflow/example_dags/example_bash_operator.py took 0.219 seconds
[2022-01-03 13:17:53,809] {processor.py:163} INFO - Started process (PID=509) to work on /home/airflow/.local/lib/python3.7/site-packages/airflow/example_dags/example_bash_operator.py
[2022-01-03 13:17:53,811] {processor.py:625} INFO - Processing file /home/airflow/.local/lib/python3.7/site-packages/airflow/example_dags/example_bash_operator.py for tasks to queue
[2022-01-03 13:17:53,811] {logging_mixin.py:109} INFO - [2022-01-03 13:17:53,811] {dagbag.py:500} INFO - Filling up the DagBag from /home/airflow/.local/lib/python3.7/site-packages/airflow/example_dags/example_bash_operator.py
[2022-01-03 13:17:53,842] {processor.py:637} INFO - DAG(s) dict_keys(['example_bash_operator']) retrieved from /home/airflow/.local/lib/python3.7/site-packages/airflow/example_dags/example_bash_operator.py
[2022-01-03 13:17:53,854] {logging_mixin.py:109} INFO - [2022-01-03 13:17:53,854] {dag.py:2396} INFO - Sync 1 DAGs
[2022-01-03 13:17:53,872] {logging_mixin.py:109} INFO - [2022-01-03 13:17:53,872] {dag.py:2928} INFO - Setting next_dagrun for example_bash_operator to 2022-01-03T00:00:00+00:00
[2022-01-03 13:17:53,882] {processor.py:171} INFO - Processing /home/airflow/.local/lib/python3.7/site-packages/airflow/example_dags/example_bash_operator.py took 0.076 seconds
[2022-01-03 13:18:24,616] {processor.py:163} INFO - Started process (PID=570) to work on /home/airflow/.local/lib/python3.7/site-packages/airflow/example_dags/example_bash_operator.py
[2022-01-03 13:18:24,618] {processor.py:625} INFO - Processing file /home/airflow/.local/lib/python3.7/site-packages/airflow/example_dags/example_bash_operator.py for tasks to queue
[2022-01-03 13:18:24,618] {logging_mixin.py:109} INFO - [2022-01-03 13:18:24,618] {dagbag.py:500} INFO - Filling up the DagBag from /home/airflow/.local/lib/python3.7/site-packages/airflow/example_dags/example_bash_operator.py
[2022-01-03 13:18:24,734] {processor.py:637} INFO - DAG(s) dict_keys(['example_bash_operator']) retrieved from /home/airflow/.local/lib/python3.7/site-packages/airflow/example_dags/example_bash_operator.py
[2022-01-03 13:18:24,783] {logging_mixin.py:109} INFO - [2022-01-03 13:18:24,783] {dag.py:2396} INFO - Sync 1 DAGs
[2022-01-03 13:18:24,857] {logging_mixin.py:109} INFO - [2022-01-03 13:18:24,857] {dag.py:2928} INFO - Setting next_dagrun for example_bash_operator to 2022-01-03T00:00:00+00:00
[2022-01-03 13:18:24,880] {processor.py:171} INFO - Processing /home/airflow/.local/lib/python3.7/site-packages/airflow/example_dags/example_bash_operator.py took 0.278 seconds
[2022-01-03 13:18:55,607] {processor.py:163} INFO - Started process (PID=621) to work on /home/airflow/.local/lib/python3.7/site-packages/airflow/example_dags/example_bash_operator.py
[2022-01-03 13:18:55,609] {processor.py:625} INFO - Processing file /home/airflow/.local/lib/python3.7/site-packages/airflow/example_dags/example_bash_operator.py for tasks to queue
[2022-01-03 13:18:55,610] {logging_mixin.py:109} INFO - [2022-01-03 13:18:55,610] {dagbag.py:500} INFO - Filling up the DagBag from /home/airflow/.local/lib/python3.7/site-packages/airflow/example_dags/example_bash_operator.py
[2022-01-03 13:18:55,656] {processor.py:637} INFO - DAG(s) dict_keys(['example_bash_operator']) retrieved from /home/airflow/.local/lib/python3.7/site-packages/airflow/example_dags/example_bash_operator.py
[2022-01-03 13:18:55,674] {logging_mixin.py:109} INFO - [2022-01-03 13:18:55,673] {dag.py:2396} INFO - Sync 1 DAGs
[2022-01-03 13:18:55,707] {logging_mixin.py:109} INFO - [2022-01-03 13:18:55,707] {dag.py:2928} INFO - Setting next_dagrun for example_bash_operator to 2022-01-03T00:00:00+00:00
[2022-01-03 13:18:55,721] {processor.py:171} INFO - Processing /home/airflow/.local/lib/python3.7/site-packages/airflow/example_dags/example_bash_operator.py took 0.118 seconds
[2022-01-03 13:19:26,160] {processor.py:163} INFO - Started process (PID=671) to work on /home/airflow/.local/lib/python3.7/site-packages/airflow/example_dags/example_bash_operator.py
[2022-01-03 13:19:26,165] {processor.py:625} INFO - Processing file /home/airflow/.local/lib/python3.7/site-packages/airflow/example_dags/example_bash_operator.py for tasks to queue
[2022-01-03 13:19:26,167] {logging_mixin.py:109} INFO - [2022-01-03 13:19:26,167] {dagbag.py:500} INFO - Filling up the DagBag from /home/airflow/.local/lib/python3.7/site-packages/airflow/example_dags/example_bash_operator.py
[2022-01-03 13:19:26,234] {processor.py:637} INFO - DAG(s) dict_keys(['example_bash_operator']) retrieved from /home/airflow/.local/lib/python3.7/site-packages/airflow/example_dags/example_bash_operator.py
[2022-01-03 13:19:26,248] {logging_mixin.py:109} INFO - [2022-01-03 13:19:26,248] {dag.py:2396} INFO - Sync 1 DAGs
[2022-01-03 13:19:26,275] {logging_mixin.py:109} INFO - [2022-01-03 13:19:26,275] {dag.py:2928} INFO - Setting next_dagrun for example_bash_operator to 2022-01-03T00:00:00+00:00
[2022-01-03 13:19:26,288] {processor.py:171} INFO - Processing /home/airflow/.local/lib/python3.7/site-packages/airflow/example_dags/example_bash_operator.py took 0.142 seconds
[2022-01-03 13:19:56,934] {processor.py:163} INFO - Started process (PID=721) to work on /home/airflow/.local/lib/python3.7/site-packages/airflow/example_dags/example_bash_operator.py
[2022-01-03 13:19:56,940] {processor.py:625} INFO - Processing file /home/airflow/.local/lib/python3.7/site-packages/airflow/example_dags/example_bash_operator.py for tasks to queue
[2022-01-03 13:19:56,941] {logging_mixin.py:109} INFO - [2022-01-03 13:19:56,941] {dagbag.py:500} INFO - Filling up the DagBag from /home/airflow/.local/lib/python3.7/site-packages/airflow/example_dags/example_bash_operator.py
[2022-01-03 13:19:56,997] {processor.py:637} INFO - DAG(s) dict_keys(['example_bash_operator']) retrieved from /home/airflow/.local/lib/python3.7/site-packages/airflow/example_dags/example_bash_operator.py
[2022-01-03 13:19:57,380] {logging_mixin.py:109} INFO - [2022-01-03 13:19:57,380] {dag.py:2396} INFO - Sync 1 DAGs
[2022-01-03 13:19:57,387] {logging_mixin.py:109} INFO - [2022-01-03 13:19:57,387] {dag.py:2415} INFO - Creating ORM DAG for example_bash_operator
[2022-01-03 13:19:57,397] {logging_mixin.py:109} INFO - [2022-01-03 13:19:57,397] {dag.py:2928} INFO - Setting next_dagrun for example_bash_operator to 2022-01-02 00:00:00+00:00
[2022-01-03 13:19:57,426] {processor.py:171} INFO - Processing /home/airflow/.local/lib/python3.7/site-packages/airflow/example_dags/example_bash_operator.py took 0.497 seconds
[2022-01-03 13:20:27,923] {processor.py:163} INFO - Started process (PID=775) to work on /home/airflow/.local/lib/python3.7/site-packages/airflow/example_dags/example_bash_operator.py
[2022-01-03 13:20:27,924] {processor.py:625} INFO - Processing file /home/airflow/.local/lib/python3.7/site-packages/airflow/example_dags/example_bash_operator.py for tasks to queue
[2022-01-03 13:20:27,926] {logging_mixin.py:109} INFO - [2022-01-03 13:20:27,925] {dagbag.py:500} INFO - Filling up the DagBag from /home/airflow/.local/lib/python3.7/site-packages/airflow/example_dags/example_bash_operator.py
[2022-01-03 13:20:27,969] {processor.py:637} INFO - DAG(s) dict_keys(['example_bash_operator']) retrieved from /home/airflow/.local/lib/python3.7/site-packages/airflow/example_dags/example_bash_operator.py
[2022-01-03 13:20:27,986] {logging_mixin.py:109} INFO - [2022-01-03 13:20:27,986] {dag.py:2396} INFO - Sync 1 DAGs
[2022-01-03 13:20:28,015] {logging_mixin.py:109} INFO - [2022-01-03 13:20:28,015] {dag.py:2928} INFO - Setting next_dagrun for example_bash_operator to 2022-01-02 00:00:00+00:00
[2022-01-03 13:20:28,026] {processor.py:171} INFO - Processing /home/airflow/.local/lib/python3.7/site-packages/airflow/example_dags/example_bash_operator.py took 0.108 seconds
[2022-01-03 13:20:58,524] {processor.py:163} INFO - Started process (PID=826) to work on /home/airflow/.local/lib/python3.7/site-packages/airflow/example_dags/example_bash_operator.py
[2022-01-03 13:20:58,530] {processor.py:625} INFO - Processing file /home/airflow/.local/lib/python3.7/site-packages/airflow/example_dags/example_bash_operator.py for tasks to queue
[2022-01-03 13:20:58,531] {logging_mixin.py:109} INFO - [2022-01-03 13:20:58,531] {dagbag.py:500} INFO - Filling up the DagBag from /home/airflow/.local/lib/python3.7/site-packages/airflow/example_dags/example_bash_operator.py
[2022-01-03 13:20:58,575] {processor.py:637} INFO - DAG(s) dict_keys(['example_bash_operator']) retrieved from /home/airflow/.local/lib/python3.7/site-packages/airflow/example_dags/example_bash_operator.py
[2022-01-03 13:20:59,035] {logging_mixin.py:109} INFO - [2022-01-03 13:20:59,035] {dag.py:2396} INFO - Sync 1 DAGs
[2022-01-03 13:20:59,045] {logging_mixin.py:109} INFO - [2022-01-03 13:20:59,045] {dag.py:2415} INFO - Creating ORM DAG for example_bash_operator
[2022-01-03 13:20:59,063] {logging_mixin.py:109} INFO - [2022-01-03 13:20:59,063] {dag.py:2928} INFO - Setting next_dagrun for example_bash_operator to 2022-01-02 00:00:00+00:00
[2022-01-03 13:20:59,083] {processor.py:171} INFO - Processing /home/airflow/.local/lib/python3.7/site-packages/airflow/example_dags/example_bash_operator.py took 0.563 seconds
[2022-01-03 13:21:29,197] {processor.py:163} INFO - Started process (PID=887) to work on /home/airflow/.local/lib/python3.7/site-packages/airflow/example_dags/example_bash_operator.py
[2022-01-03 13:21:29,198] {processor.py:625} INFO - Processing file /home/airflow/.local/lib/python3.7/site-packages/airflow/example_dags/example_bash_operator.py for tasks to queue
[2022-01-03 13:21:29,201] {logging_mixin.py:109} INFO - [2022-01-03 13:21:29,200] {dagbag.py:500} INFO - Filling up the DagBag from /home/airflow/.local/lib/python3.7/site-packages/airflow/example_dags/example_bash_operator.py
[2022-01-03 13:21:29,243] {processor.py:637} INFO - DAG(s) dict_keys(['example_bash_operator']) retrieved from /home/airflow/.local/lib/python3.7/site-packages/airflow/example_dags/example_bash_operator.py
[2022-01-03 13:21:29,261] {logging_mixin.py:109} INFO - [2022-01-03 13:21:29,261] {dag.py:2396} INFO - Sync 1 DAGs
[2022-01-03 13:21:29,291] {logging_mixin.py:109} INFO - [2022-01-03 13:21:29,291] {dag.py:2928} INFO - Setting next_dagrun for example_bash_operator to 2022-01-02 00:00:00+00:00
[2022-01-03 13:21:29,311] {processor.py:171} INFO - Processing /home/airflow/.local/lib/python3.7/site-packages/airflow/example_dags/example_bash_operator.py took 0.117 seconds
[2022-01-03 13:21:59,404] {processor.py:163} INFO - Started process (PID=938) to work on /home/airflow/.local/lib/python3.7/site-packages/airflow/example_dags/example_bash_operator.py
[2022-01-03 13:21:59,405] {processor.py:625} INFO - Processing file /home/airflow/.local/lib/python3.7/site-packages/airflow/example_dags/example_bash_operator.py for tasks to queue
[2022-01-03 13:21:59,405] {logging_mixin.py:109} INFO - [2022-01-03 13:21:59,405] {dagbag.py:500} INFO - Filling up the DagBag from /home/airflow/.local/lib/python3.7/site-packages/airflow/example_dags/example_bash_operator.py
[2022-01-03 13:21:59,442] {processor.py:637} INFO - DAG(s) dict_keys(['example_bash_operator']) retrieved from /home/airflow/.local/lib/python3.7/site-packages/airflow/example_dags/example_bash_operator.py
[2022-01-03 13:21:59,458] {logging_mixin.py:109} INFO - [2022-01-03 13:21:59,458] {dag.py:2396} INFO - Sync 1 DAGs
[2022-01-03 13:21:59,482] {logging_mixin.py:109} INFO - [2022-01-03 13:21:59,482] {dag.py:2928} INFO - Setting next_dagrun for example_bash_operator to 2022-01-02 00:00:00+00:00
[2022-01-03 13:21:59,492] {processor.py:171} INFO - Processing /home/airflow/.local/lib/python3.7/site-packages/airflow/example_dags/example_bash_operator.py took 0.092 seconds
[2022-01-03 13:22:29,598] {processor.py:163} INFO - Started process (PID=989) to work on /home/airflow/.local/lib/python3.7/site-packages/airflow/example_dags/example_bash_operator.py
[2022-01-03 13:22:29,603] {processor.py:625} INFO - Processing file /home/airflow/.local/lib/python3.7/site-packages/airflow/example_dags/example_bash_operator.py for tasks to queue
[2022-01-03 13:22:29,607] {logging_mixin.py:109} INFO - [2022-01-03 13:22:29,606] {dagbag.py:500} INFO - Filling up the DagBag from /home/airflow/.local/lib/python3.7/site-packages/airflow/example_dags/example_bash_operator.py
[2022-01-03 13:22:29,671] {processor.py:637} INFO - DAG(s) dict_keys(['example_bash_operator']) retrieved from /home/airflow/.local/lib/python3.7/site-packages/airflow/example_dags/example_bash_operator.py
[2022-01-03 13:22:29,684] {logging_mixin.py:109} INFO - [2022-01-03 13:22:29,683] {dag.py:2396} INFO - Sync 1 DAGs
[2022-01-03 13:22:29,705] {logging_mixin.py:109} INFO - [2022-01-03 13:22:29,705] {dag.py:2928} INFO - Setting next_dagrun for example_bash_operator to 2022-01-02 00:00:00+00:00
[2022-01-03 13:22:29,716] {processor.py:171} INFO - Processing /home/airflow/.local/lib/python3.7/site-packages/airflow/example_dags/example_bash_operator.py took 0.134 seconds
[2022-01-03 13:23:00,679] {processor.py:163} INFO - Started process (PID=1042) to work on /home/airflow/.local/lib/python3.7/site-packages/airflow/example_dags/example_bash_operator.py
[2022-01-03 13:23:00,681] {processor.py:625} INFO - Processing file /home/airflow/.local/lib/python3.7/site-packages/airflow/example_dags/example_bash_operator.py for tasks to queue
[2022-01-03 13:23:00,682] {logging_mixin.py:109} INFO - [2022-01-03 13:23:00,682] {dagbag.py:500} INFO - Filling up the DagBag from /home/airflow/.local/lib/python3.7/site-packages/airflow/example_dags/example_bash_operator.py
[2022-01-03 13:23:00,743] {processor.py:637} INFO - DAG(s) dict_keys(['example_bash_operator']) retrieved from /home/airflow/.local/lib/python3.7/site-packages/airflow/example_dags/example_bash_operator.py
[2022-01-03 13:23:00,758] {logging_mixin.py:109} INFO - [2022-01-03 13:23:00,758] {dag.py:2396} INFO - Sync 1 DAGs
[2022-01-03 13:23:00,780] {logging_mixin.py:109} INFO - [2022-01-03 13:23:00,780] {dag.py:2928} INFO - Setting next_dagrun for example_bash_operator to 2022-01-02 00:00:00+00:00
[2022-01-03 13:23:00,794] {processor.py:171} INFO - Processing /home/airflow/.local/lib/python3.7/site-packages/airflow/example_dags/example_bash_operator.py took 0.119 seconds
[2022-01-03 13:23:31,033] {processor.py:163} INFO - Started process (PID=1094) to work on /home/airflow/.local/lib/python3.7/site-packages/airflow/example_dags/example_bash_operator.py
[2022-01-03 13:23:31,039] {processor.py:625} INFO - Processing file /home/airflow/.local/lib/python3.7/site-packages/airflow/example_dags/example_bash_operator.py for tasks to queue
[2022-01-03 13:23:31,065] {logging_mixin.py:109} INFO - [2022-01-03 13:23:31,065] {dagbag.py:500} INFO - Filling up the DagBag from /home/airflow/.local/lib/python3.7/site-packages/airflow/example_dags/example_bash_operator.py
[2022-01-03 13:23:31,156] {processor.py:637} INFO - DAG(s) dict_keys(['example_bash_operator']) retrieved from /home/airflow/.local/lib/python3.7/site-packages/airflow/example_dags/example_bash_operator.py
[2022-01-03 13:23:31,182] {logging_mixin.py:109} INFO - [2022-01-03 13:23:31,182] {dag.py:2396} INFO - Sync 1 DAGs
[2022-01-03 13:23:31,210] {logging_mixin.py:109} INFO - [2022-01-03 13:23:31,210] {dag.py:2928} INFO - Setting next_dagrun for example_bash_operator to 2022-01-02 00:00:00+00:00
[2022-01-03 13:23:31,230] {processor.py:171} INFO - Processing /home/airflow/.local/lib/python3.7/site-packages/airflow/example_dags/example_bash_operator.py took 0.211 seconds
[2022-01-03 13:24:01,324] {processor.py:163} INFO - Started process (PID=1152) to work on /home/airflow/.local/lib/python3.7/site-packages/airflow/example_dags/example_bash_operator.py
[2022-01-03 13:24:01,331] {processor.py:625} INFO - Processing file /home/airflow/.local/lib/python3.7/site-packages/airflow/example_dags/example_bash_operator.py for tasks to queue
[2022-01-03 13:24:01,332] {logging_mixin.py:109} INFO - [2022-01-03 13:24:01,332] {dagbag.py:500} INFO - Filling up the DagBag from /home/airflow/.local/lib/python3.7/site-packages/airflow/example_dags/example_bash_operator.py
[2022-01-03 13:24:01,398] {processor.py:637} INFO - DAG(s) dict_keys(['example_bash_operator']) retrieved from /home/airflow/.local/lib/python3.7/site-packages/airflow/example_dags/example_bash_operator.py
[2022-01-03 13:24:01,881] {logging_mixin.py:109} INFO - [2022-01-03 13:24:01,881] {dag.py:2396} INFO - Sync 1 DAGs
[2022-01-03 13:24:01,893] {logging_mixin.py:109} INFO - [2022-01-03 13:24:01,892] {dag.py:2415} INFO - Creating ORM DAG for example_bash_operator
[2022-01-03 13:24:01,907] {logging_mixin.py:109} INFO - [2022-01-03 13:24:01,907] {dag.py:2928} INFO - Setting next_dagrun for example_bash_operator to 2022-01-02 00:00:00+00:00
[2022-01-03 13:24:01,931] {processor.py:171} INFO - Processing /home/airflow/.local/lib/python3.7/site-packages/airflow/example_dags/example_bash_operator.py took 0.615 seconds
[2022-01-03 13:24:32,094] {processor.py:163} INFO - Started process (PID=1209) to work on /home/airflow/.local/lib/python3.7/site-packages/airflow/example_dags/example_bash_operator.py
[2022-01-03 13:24:32,095] {processor.py:625} INFO - Processing file /home/airflow/.local/lib/python3.7/site-packages/airflow/example_dags/example_bash_operator.py for tasks to queue
[2022-01-03 13:24:32,096] {logging_mixin.py:109} INFO - [2022-01-03 13:24:32,096] {dagbag.py:500} INFO - Filling up the DagBag from /home/airflow/.local/lib/python3.7/site-packages/airflow/example_dags/example_bash_operator.py
[2022-01-03 13:24:32,139] {processor.py:637} INFO - DAG(s) dict_keys(['example_bash_operator']) retrieved from /home/airflow/.local/lib/python3.7/site-packages/airflow/example_dags/example_bash_operator.py
[2022-01-03 13:24:32,151] {logging_mixin.py:109} INFO - [2022-01-03 13:24:32,151] {dag.py:2396} INFO - Sync 1 DAGs
[2022-01-03 13:24:32,170] {logging_mixin.py:109} INFO - [2022-01-03 13:24:32,170] {dag.py:2928} INFO - Setting next_dagrun for example_bash_operator to 2022-01-02 00:00:00+00:00
[2022-01-03 13:24:32,180] {processor.py:171} INFO - Processing /home/airflow/.local/lib/python3.7/site-packages/airflow/example_dags/example_bash_operator.py took 0.090 seconds
[2022-01-03 13:25:02,399] {processor.py:163} INFO - Started process (PID=1259) to work on /home/airflow/.local/lib/python3.7/site-packages/airflow/example_dags/example_bash_operator.py
[2022-01-03 13:25:02,401] {processor.py:625} INFO - Processing file /home/airflow/.local/lib/python3.7/site-packages/airflow/example_dags/example_bash_operator.py for tasks to queue
[2022-01-03 13:25:02,402] {logging_mixin.py:109} INFO - [2022-01-03 13:25:02,402] {dagbag.py:500} INFO - Filling up the DagBag from /home/airflow/.local/lib/python3.7/site-packages/airflow/example_dags/example_bash_operator.py
[2022-01-03 13:25:02,448] {processor.py:637} INFO - DAG(s) dict_keys(['example_bash_operator']) retrieved from /home/airflow/.local/lib/python3.7/site-packages/airflow/example_dags/example_bash_operator.py
[2022-01-03 13:25:02,482] {logging_mixin.py:109} INFO - [2022-01-03 13:25:02,482] {dag.py:2396} INFO - Sync 1 DAGs
[2022-01-03 13:25:02,519] {logging_mixin.py:109} INFO - [2022-01-03 13:25:02,519] {dag.py:2928} INFO - Setting next_dagrun for example_bash_operator to 2022-01-02 00:00:00+00:00
[2022-01-03 13:25:02,532] {processor.py:171} INFO - Processing /home/airflow/.local/lib/python3.7/site-packages/airflow/example_dags/example_bash_operator.py took 0.137 seconds
[2022-01-03 13:25:32,830] {processor.py:163} INFO - Started process (PID=1310) to work on /home/airflow/.local/lib/python3.7/site-packages/airflow/example_dags/example_bash_operator.py
[2022-01-03 13:25:32,831] {processor.py:625} INFO - Processing file /home/airflow/.local/lib/python3.7/site-packages/airflow/example_dags/example_bash_operator.py for tasks to queue
[2022-01-03 13:25:32,832] {logging_mixin.py:109} INFO - [2022-01-03 13:25:32,831] {dagbag.py:500} INFO - Filling up the DagBag from /home/airflow/.local/lib/python3.7/site-packages/airflow/example_dags/example_bash_operator.py
[2022-01-03 13:25:32,861] {processor.py:637} INFO - DAG(s) dict_keys(['example_bash_operator']) retrieved from /home/airflow/.local/lib/python3.7/site-packages/airflow/example_dags/example_bash_operator.py
[2022-01-03 13:25:32,872] {logging_mixin.py:109} INFO - [2022-01-03 13:25:32,872] {dag.py:2396} INFO - Sync 1 DAGs
[2022-01-03 13:25:32,889] {logging_mixin.py:109} INFO - [2022-01-03 13:25:32,889] {dag.py:2928} INFO - Setting next_dagrun for example_bash_operator to 2022-01-02 00:00:00+00:00
[2022-01-03 13:25:32,899] {processor.py:171} INFO - Processing /home/airflow/.local/lib/python3.7/site-packages/airflow/example_dags/example_bash_operator.py took 0.072 seconds
[2022-01-03 13:26:02,971] {processor.py:163} INFO - Started process (PID=1374) to work on /home/airflow/.local/lib/python3.7/site-packages/airflow/example_dags/example_bash_operator.py
[2022-01-03 13:26:02,972] {processor.py:625} INFO - Processing file /home/airflow/.local/lib/python3.7/site-packages/airflow/example_dags/example_bash_operator.py for tasks to queue
[2022-01-03 13:26:02,973] {logging_mixin.py:109} INFO - [2022-01-03 13:26:02,973] {dagbag.py:500} INFO - Filling up the DagBag from /home/airflow/.local/lib/python3.7/site-packages/airflow/example_dags/example_bash_operator.py
[2022-01-03 13:26:03,019] {processor.py:637} INFO - DAG(s) dict_keys(['example_bash_operator']) retrieved from /home/airflow/.local/lib/python3.7/site-packages/airflow/example_dags/example_bash_operator.py
[2022-01-03 13:26:03,037] {logging_mixin.py:109} INFO - [2022-01-03 13:26:03,037] {dag.py:2396} INFO - Sync 1 DAGs
[2022-01-03 13:26:03,068] {logging_mixin.py:109} INFO - [2022-01-03 13:26:03,068] {dag.py:2928} INFO - Setting next_dagrun for example_bash_operator to 2022-01-02 00:00:00+00:00
[2022-01-03 13:26:03,084] {processor.py:171} INFO - Processing /home/airflow/.local/lib/python3.7/site-packages/airflow/example_dags/example_bash_operator.py took 0.118 seconds
[2022-01-03 13:26:33,740] {processor.py:163} INFO - Started process (PID=1424) to work on /home/airflow/.local/lib/python3.7/site-packages/airflow/example_dags/example_bash_operator.py
[2022-01-03 13:26:33,742] {processor.py:625} INFO - Processing file /home/airflow/.local/lib/python3.7/site-packages/airflow/example_dags/example_bash_operator.py for tasks to queue
[2022-01-03 13:26:33,743] {logging_mixin.py:109} INFO - [2022-01-03 13:26:33,743] {dagbag.py:500} INFO - Filling up the DagBag from /home/airflow/.local/lib/python3.7/site-packages/airflow/example_dags/example_bash_operator.py
[2022-01-03 13:26:33,790] {processor.py:637} INFO - DAG(s) dict_keys(['example_bash_operator']) retrieved from /home/airflow/.local/lib/python3.7/site-packages/airflow/example_dags/example_bash_operator.py
[2022-01-03 13:26:33,833] {logging_mixin.py:109} INFO - [2022-01-03 13:26:33,833] {dag.py:2396} INFO - Sync 1 DAGs
[2022-01-03 13:26:33,866] {logging_mixin.py:109} INFO - [2022-01-03 13:26:33,866] {dag.py:2928} INFO - Setting next_dagrun for example_bash_operator to 2022-01-02 00:00:00+00:00
[2022-01-03 13:26:33,880] {processor.py:171} INFO - Processing /home/airflow/.local/lib/python3.7/site-packages/airflow/example_dags/example_bash_operator.py took 0.145 seconds
[2022-01-03 13:27:04,092] {processor.py:163} INFO - Started process (PID=1475) to work on /home/airflow/.local/lib/python3.7/site-packages/airflow/example_dags/example_bash_operator.py
[2022-01-03 13:27:04,094] {processor.py:625} INFO - Processing file /home/airflow/.local/lib/python3.7/site-packages/airflow/example_dags/example_bash_operator.py for tasks to queue
[2022-01-03 13:27:04,095] {logging_mixin.py:109} INFO - [2022-01-03 13:27:04,095] {dagbag.py:500} INFO - Filling up the DagBag from /home/airflow/.local/lib/python3.7/site-packages/airflow/example_dags/example_bash_operator.py
[2022-01-03 13:27:04,141] {processor.py:637} INFO - DAG(s) dict_keys(['example_bash_operator']) retrieved from /home/airflow/.local/lib/python3.7/site-packages/airflow/example_dags/example_bash_operator.py
[2022-01-03 13:27:04,158] {logging_mixin.py:109} INFO - [2022-01-03 13:27:04,157] {dag.py:2396} INFO - Sync 1 DAGs
[2022-01-03 13:27:04,194] {logging_mixin.py:109} INFO - [2022-01-03 13:27:04,194] {dag.py:2928} INFO - Setting next_dagrun for example_bash_operator to 2022-01-02 00:00:00+00:00
[2022-01-03 13:27:04,215] {processor.py:171} INFO - Processing /home/airflow/.local/lib/python3.7/site-packages/airflow/example_dags/example_bash_operator.py took 0.127 seconds
[2022-01-03 13:27:34,822] {processor.py:163} INFO - Started process (PID=1526) to work on /home/airflow/.local/lib/python3.7/site-packages/airflow/example_dags/example_bash_operator.py
[2022-01-03 13:27:34,824] {processor.py:625} INFO - Processing file /home/airflow/.local/lib/python3.7/site-packages/airflow/example_dags/example_bash_operator.py for tasks to queue
[2022-01-03 13:27:34,824] {logging_mixin.py:109} INFO - [2022-01-03 13:27:34,824] {dagbag.py:500} INFO - Filling up the DagBag from /home/airflow/.local/lib/python3.7/site-packages/airflow/example_dags/example_bash_operator.py
[2022-01-03 13:27:34,873] {processor.py:637} INFO - DAG(s) dict_keys(['example_bash_operator']) retrieved from /home/airflow/.local/lib/python3.7/site-packages/airflow/example_dags/example_bash_operator.py
[2022-01-03 13:27:34,892] {logging_mixin.py:109} INFO - [2022-01-03 13:27:34,892] {dag.py:2396} INFO - Sync 1 DAGs
[2022-01-03 13:27:34,944] {logging_mixin.py:109} INFO - [2022-01-03 13:27:34,925] {dag.py:2928} INFO - Setting next_dagrun for example_bash_operator to 2022-01-02 00:00:00+00:00
[2022-01-03 13:27:35,005] {processor.py:171} INFO - Processing /home/airflow/.local/lib/python3.7/site-packages/airflow/example_dags/example_bash_operator.py took 0.186 seconds
[2022-01-03 13:28:05,935] {processor.py:163} INFO - Started process (PID=1577) to work on /home/airflow/.local/lib/python3.7/site-packages/airflow/example_dags/example_bash_operator.py
[2022-01-03 13:28:05,940] {processor.py:625} INFO - Processing file /home/airflow/.local/lib/python3.7/site-packages/airflow/example_dags/example_bash_operator.py for tasks to queue
[2022-01-03 13:28:05,941] {logging_mixin.py:109} INFO - [2022-01-03 13:28:05,941] {dagbag.py:500} INFO - Filling up the DagBag from /home/airflow/.local/lib/python3.7/site-packages/airflow/example_dags/example_bash_operator.py
[2022-01-03 13:28:06,024] {processor.py:637} INFO - DAG(s) dict_keys(['example_bash_operator']) retrieved from /home/airflow/.local/lib/python3.7/site-packages/airflow/example_dags/example_bash_operator.py
[2022-01-03 13:28:06,044] {logging_mixin.py:109} INFO - [2022-01-03 13:28:06,044] {dag.py:2396} INFO - Sync 1 DAGs
[2022-01-03 13:28:06,073] {logging_mixin.py:109} INFO - [2022-01-03 13:28:06,072] {dag.py:2928} INFO - Setting next_dagrun for example_bash_operator to 2022-01-02 00:00:00+00:00
[2022-01-03 13:28:06,090] {processor.py:171} INFO - Processing /home/airflow/.local/lib/python3.7/site-packages/airflow/example_dags/example_bash_operator.py took 0.159 seconds
[2022-01-03 13:28:36,539] {processor.py:163} INFO - Started process (PID=1632) to work on /home/airflow/.local/lib/python3.7/site-packages/airflow/example_dags/example_bash_operator.py
[2022-01-03 13:28:36,541] {processor.py:625} INFO - Processing file /home/airflow/.local/lib/python3.7/site-packages/airflow/example_dags/example_bash_operator.py for tasks to queue
[2022-01-03 13:28:36,542] {logging_mixin.py:109} INFO - [2022-01-03 13:28:36,541] {dagbag.py:500} INFO - Filling up the DagBag from /home/airflow/.local/lib/python3.7/site-packages/airflow/example_dags/example_bash_operator.py
[2022-01-03 13:28:36,590] {processor.py:637} INFO - DAG(s) dict_keys(['example_bash_operator']) retrieved from /home/airflow/.local/lib/python3.7/site-packages/airflow/example_dags/example_bash_operator.py
[2022-01-03 13:28:37,150] {logging_mixin.py:109} INFO - [2022-01-03 13:28:37,150] {dag.py:2396} INFO - Sync 1 DAGs
[2022-01-03 13:28:37,170] {logging_mixin.py:109} INFO - [2022-01-03 13:28:37,170] {dag.py:2415} INFO - Creating ORM DAG for example_bash_operator
[2022-01-03 13:28:37,186] {logging_mixin.py:109} INFO - [2022-01-03 13:28:37,186] {dag.py:2928} INFO - Setting next_dagrun for example_bash_operator to 2022-01-02 00:00:00+00:00
[2022-01-03 13:28:37,217] {processor.py:171} INFO - Processing /home/airflow/.local/lib/python3.7/site-packages/airflow/example_dags/example_bash_operator.py took 0.682 seconds
[2022-01-03 13:29:07,290] {processor.py:163} INFO - Started process (PID=1696) to work on /home/airflow/.local/lib/python3.7/site-packages/airflow/example_dags/example_bash_operator.py
[2022-01-03 13:29:07,296] {processor.py:625} INFO - Processing file /home/airflow/.local/lib/python3.7/site-packages/airflow/example_dags/example_bash_operator.py for tasks to queue
[2022-01-03 13:29:07,296] {logging_mixin.py:109} INFO - [2022-01-03 13:29:07,296] {dagbag.py:500} INFO - Filling up the DagBag from /home/airflow/.local/lib/python3.7/site-packages/airflow/example_dags/example_bash_operator.py
[2022-01-03 13:29:07,347] {processor.py:637} INFO - DAG(s) dict_keys(['example_bash_operator']) retrieved from /home/airflow/.local/lib/python3.7/site-packages/airflow/example_dags/example_bash_operator.py
[2022-01-03 13:29:07,368] {logging_mixin.py:109} INFO - [2022-01-03 13:29:07,367] {dag.py:2396} INFO - Sync 1 DAGs
[2022-01-03 13:29:07,395] {logging_mixin.py:109} INFO - [2022-01-03 13:29:07,395] {dag.py:2928} INFO - Setting next_dagrun for example_bash_operator to 2022-01-02 00:00:00+00:00
[2022-01-03 13:29:07,412] {processor.py:171} INFO - Processing /home/airflow/.local/lib/python3.7/site-packages/airflow/example_dags/example_bash_operator.py took 0.127 seconds
[2022-01-03 13:29:37,527] {processor.py:163} INFO - Started process (PID=1745) to work on /home/airflow/.local/lib/python3.7/site-packages/airflow/example_dags/example_bash_operator.py
[2022-01-03 13:29:37,531] {processor.py:625} INFO - Processing file /home/airflow/.local/lib/python3.7/site-packages/airflow/example_dags/example_bash_operator.py for tasks to queue
[2022-01-03 13:29:37,533] {logging_mixin.py:109} INFO - [2022-01-03 13:29:37,532] {dagbag.py:500} INFO - Filling up the DagBag from /home/airflow/.local/lib/python3.7/site-packages/airflow/example_dags/example_bash_operator.py
[2022-01-03 13:29:37,578] {processor.py:637} INFO - DAG(s) dict_keys(['example_bash_operator']) retrieved from /home/airflow/.local/lib/python3.7/site-packages/airflow/example_dags/example_bash_operator.py
[2022-01-03 13:29:37,592] {logging_mixin.py:109} INFO - [2022-01-03 13:29:37,592] {dag.py:2396} INFO - Sync 1 DAGs
[2022-01-03 13:29:37,612] {logging_mixin.py:109} INFO - [2022-01-03 13:29:37,612] {dag.py:2928} INFO - Setting next_dagrun for example_bash_operator to 2022-01-02 00:00:00+00:00
[2022-01-03 13:29:37,622] {processor.py:171} INFO - Processing /home/airflow/.local/lib/python3.7/site-packages/airflow/example_dags/example_bash_operator.py took 0.107 seconds
[2022-01-03 13:30:08,457] {processor.py:163} INFO - Started process (PID=1795) to work on /home/airflow/.local/lib/python3.7/site-packages/airflow/example_dags/example_bash_operator.py
[2022-01-03 13:30:08,458] {processor.py:625} INFO - Processing file /home/airflow/.local/lib/python3.7/site-packages/airflow/example_dags/example_bash_operator.py for tasks to queue
[2022-01-03 13:30:08,459] {logging_mixin.py:109} INFO - [2022-01-03 13:30:08,459] {dagbag.py:500} INFO - Filling up the DagBag from /home/airflow/.local/lib/python3.7/site-packages/airflow/example_dags/example_bash_operator.py
[2022-01-03 13:30:08,517] {processor.py:637} INFO - DAG(s) dict_keys(['example_bash_operator']) retrieved from /home/airflow/.local/lib/python3.7/site-packages/airflow/example_dags/example_bash_operator.py
[2022-01-03 13:30:08,534] {logging_mixin.py:109} INFO - [2022-01-03 13:30:08,534] {dag.py:2396} INFO - Sync 1 DAGs
[2022-01-03 13:30:08,564] {logging_mixin.py:109} INFO - [2022-01-03 13:30:08,564] {dag.py:2928} INFO - Setting next_dagrun for example_bash_operator to 2022-01-02 00:00:00+00:00
[2022-01-03 13:30:08,578] {processor.py:171} INFO - Processing /home/airflow/.local/lib/python3.7/site-packages/airflow/example_dags/example_bash_operator.py took 0.124 seconds
[2022-01-03 13:30:38,731] {processor.py:163} INFO - Started process (PID=1850) to work on /home/airflow/.local/lib/python3.7/site-packages/airflow/example_dags/example_bash_operator.py
[2022-01-03 13:30:38,733] {processor.py:625} INFO - Processing file /home/airflow/.local/lib/python3.7/site-packages/airflow/example_dags/example_bash_operator.py for tasks to queue
[2022-01-03 13:30:38,733] {logging_mixin.py:109} INFO - [2022-01-03 13:30:38,733] {dagbag.py:500} INFO - Filling up the DagBag from /home/airflow/.local/lib/python3.7/site-packages/airflow/example_dags/example_bash_operator.py
[2022-01-03 13:30:38,782] {processor.py:637} INFO - DAG(s) dict_keys(['example_bash_operator']) retrieved from /home/airflow/.local/lib/python3.7/site-packages/airflow/example_dags/example_bash_operator.py
[2022-01-03 13:30:38,798] {logging_mixin.py:109} INFO - [2022-01-03 13:30:38,798] {dag.py:2396} INFO - Sync 1 DAGs
[2022-01-03 13:30:38,822] {logging_mixin.py:109} INFO - [2022-01-03 13:30:38,822] {dag.py:2928} INFO - Setting next_dagrun for example_bash_operator to 2022-01-02 00:00:00+00:00
[2022-01-03 13:30:38,833] {processor.py:171} INFO - Processing /home/airflow/.local/lib/python3.7/site-packages/airflow/example_dags/example_bash_operator.py took 0.107 seconds
[2022-01-03 13:31:09,327] {processor.py:163} INFO - Started process (PID=1909) to work on /home/airflow/.local/lib/python3.7/site-packages/airflow/example_dags/example_bash_operator.py
[2022-01-03 13:31:09,329] {processor.py:625} INFO - Processing file /home/airflow/.local/lib/python3.7/site-packages/airflow/example_dags/example_bash_operator.py for tasks to queue
[2022-01-03 13:31:09,330] {logging_mixin.py:109} INFO - [2022-01-03 13:31:09,330] {dagbag.py:500} INFO - Filling up the DagBag from /home/airflow/.local/lib/python3.7/site-packages/airflow/example_dags/example_bash_operator.py
[2022-01-03 13:31:09,448] {processor.py:637} INFO - DAG(s) dict_keys(['example_bash_operator']) retrieved from /home/airflow/.local/lib/python3.7/site-packages/airflow/example_dags/example_bash_operator.py
[2022-01-03 13:31:09,482] {logging_mixin.py:109} INFO - [2022-01-03 13:31:09,482] {dag.py:2396} INFO - Sync 1 DAGs
[2022-01-03 13:31:09,546] {logging_mixin.py:109} INFO - [2022-01-03 13:31:09,545] {dag.py:2928} INFO - Setting next_dagrun for example_bash_operator to 2022-01-02 00:00:00+00:00
[2022-01-03 13:31:09,580] {processor.py:171} INFO - Processing /home/airflow/.local/lib/python3.7/site-packages/airflow/example_dags/example_bash_operator.py took 0.271 seconds
[2022-01-03 13:31:40,513] {processor.py:163} INFO - Started process (PID=1964) to work on /home/airflow/.local/lib/python3.7/site-packages/airflow/example_dags/example_bash_operator.py
[2022-01-03 13:31:40,514] {processor.py:625} INFO - Processing file /home/airflow/.local/lib/python3.7/site-packages/airflow/example_dags/example_bash_operator.py for tasks to queue
[2022-01-03 13:31:40,515] {logging_mixin.py:109} INFO - [2022-01-03 13:31:40,515] {dagbag.py:500} INFO - Filling up the DagBag from /home/airflow/.local/lib/python3.7/site-packages/airflow/example_dags/example_bash_operator.py
[2022-01-03 13:31:40,588] {processor.py:637} INFO - DAG(s) dict_keys(['example_bash_operator']) retrieved from /home/airflow/.local/lib/python3.7/site-packages/airflow/example_dags/example_bash_operator.py
[2022-01-03 13:31:40,622] {logging_mixin.py:109} INFO - [2022-01-03 13:31:40,622] {dag.py:2396} INFO - Sync 1 DAGs
[2022-01-03 13:31:40,678] {logging_mixin.py:109} INFO - [2022-01-03 13:31:40,675] {dag.py:2928} INFO - Setting next_dagrun for example_bash_operator to 2022-01-02 00:00:00+00:00
[2022-01-03 13:31:40,708] {processor.py:171} INFO - Processing /home/airflow/.local/lib/python3.7/site-packages/airflow/example_dags/example_bash_operator.py took 0.199 seconds
[2022-01-03 13:38:14,995] {processor.py:163} INFO - Started process (PID=189) to work on /home/airflow/.local/lib/python3.7/site-packages/airflow/example_dags/example_bash_operator.py
[2022-01-03 13:38:14,997] {processor.py:625} INFO - Processing file /home/airflow/.local/lib/python3.7/site-packages/airflow/example_dags/example_bash_operator.py for tasks to queue
[2022-01-03 13:38:14,998] {logging_mixin.py:109} INFO - [2022-01-03 13:38:14,998] {dagbag.py:500} INFO - Filling up the DagBag from /home/airflow/.local/lib/python3.7/site-packages/airflow/example_dags/example_bash_operator.py
[2022-01-03 13:38:15,054] {processor.py:637} INFO - DAG(s) dict_keys(['example_bash_operator']) retrieved from /home/airflow/.local/lib/python3.7/site-packages/airflow/example_dags/example_bash_operator.py
[2022-01-03 13:38:17,848] {logging_mixin.py:109} INFO - [2022-01-03 13:38:17,848] {providers_manager.py:156} WARNING - Exception when importing 'airflow.providers.google.leveldb.hooks.leveldb.LevelDBHook' from 'apache-airflow-providers-google' package: No module named 'plyvel'
[2022-01-03 13:38:18,853] {logging_mixin.py:109} INFO - [2022-01-03 13:38:18,853] {providers_manager.py:156} WARNING - Exception when importing 'airflow.providers.google.leveldb.hooks.leveldb.LevelDBHook' from 'apache-airflow-providers-google' package: No module named 'plyvel'
[2022-01-03 13:38:18,902] {logging_mixin.py:109} INFO - [2022-01-03 13:38:18,902] {manager.py:496} INFO - Created Permission View: can edit on DAG:example_bash_operator
[2022-01-03 13:38:18,926] {logging_mixin.py:109} INFO - [2022-01-03 13:38:18,926] {manager.py:496} INFO - Created Permission View: can read on DAG:example_bash_operator
[2022-01-03 13:38:18,929] {logging_mixin.py:109} INFO - [2022-01-03 13:38:18,926] {dag.py:2396} INFO - Sync 1 DAGs
[2022-01-03 13:38:18,946] {logging_mixin.py:109} INFO - [2022-01-03 13:38:18,946] {dag.py:2415} INFO - Creating ORM DAG for example_bash_operator
[2022-01-03 13:38:18,976] {logging_mixin.py:109} INFO - [2022-01-03 13:38:18,975] {dag.py:2928} INFO - Setting next_dagrun for example_bash_operator to 2022-01-02 00:00:00+00:00
[2022-01-03 13:38:19,009] {processor.py:171} INFO - Processing /home/airflow/.local/lib/python3.7/site-packages/airflow/example_dags/example_bash_operator.py took 4.018 seconds
[2022-01-03 13:38:49,754] {processor.py:163} INFO - Started process (PID=282) to work on /home/airflow/.local/lib/python3.7/site-packages/airflow/example_dags/example_bash_operator.py
[2022-01-03 13:38:49,764] {processor.py:625} INFO - Processing file /home/airflow/.local/lib/python3.7/site-packages/airflow/example_dags/example_bash_operator.py for tasks to queue
[2022-01-03 13:38:49,765] {logging_mixin.py:109} INFO - [2022-01-03 13:38:49,765] {dagbag.py:500} INFO - Filling up the DagBag from /home/airflow/.local/lib/python3.7/site-packages/airflow/example_dags/example_bash_operator.py
[2022-01-03 13:38:49,816] {processor.py:637} INFO - DAG(s) dict_keys(['example_bash_operator']) retrieved from /home/airflow/.local/lib/python3.7/site-packages/airflow/example_dags/example_bash_operator.py
[2022-01-03 13:38:49,844] {logging_mixin.py:109} INFO - [2022-01-03 13:38:49,844] {dag.py:2396} INFO - Sync 1 DAGs
[2022-01-03 13:38:49,885] {logging_mixin.py:109} INFO - [2022-01-03 13:38:49,885] {dag.py:2928} INFO - Setting next_dagrun for example_bash_operator to 2022-01-02 00:00:00+00:00
[2022-01-03 13:38:49,900] {processor.py:171} INFO - Processing /home/airflow/.local/lib/python3.7/site-packages/airflow/example_dags/example_bash_operator.py took 0.153 seconds
[2022-01-03 13:39:20,663] {processor.py:163} INFO - Started process (PID=335) to work on /home/airflow/.local/lib/python3.7/site-packages/airflow/example_dags/example_bash_operator.py
[2022-01-03 13:39:20,669] {processor.py:625} INFO - Processing file /home/airflow/.local/lib/python3.7/site-packages/airflow/example_dags/example_bash_operator.py for tasks to queue
[2022-01-03 13:39:20,670] {logging_mixin.py:109} INFO - [2022-01-03 13:39:20,670] {dagbag.py:500} INFO - Filling up the DagBag from /home/airflow/.local/lib/python3.7/site-packages/airflow/example_dags/example_bash_operator.py
[2022-01-03 13:39:20,845] {processor.py:637} INFO - DAG(s) dict_keys(['example_bash_operator']) retrieved from /home/airflow/.local/lib/python3.7/site-packages/airflow/example_dags/example_bash_operator.py
[2022-01-03 13:39:20,932] {logging_mixin.py:109} INFO - [2022-01-03 13:39:20,932] {dag.py:2396} INFO - Sync 1 DAGs
[2022-01-03 13:39:21,090] {logging_mixin.py:109} INFO - [2022-01-03 13:39:21,089] {dag.py:2928} INFO - Setting next_dagrun for example_bash_operator to 2022-01-02 00:00:00+00:00
[2022-01-03 13:39:21,132] {processor.py:171} INFO - Processing /home/airflow/.local/lib/python3.7/site-packages/airflow/example_dags/example_bash_operator.py took 0.488 seconds
[2022-01-03 13:43:08,133] {processor.py:163} INFO - Started process (PID=178) to work on /home/airflow/.local/lib/python3.7/site-packages/airflow/example_dags/example_bash_operator.py
[2022-01-03 13:43:08,135] {processor.py:625} INFO - Processing file /home/airflow/.local/lib/python3.7/site-packages/airflow/example_dags/example_bash_operator.py for tasks to queue
[2022-01-03 13:43:08,135] {logging_mixin.py:109} INFO - [2022-01-03 13:43:08,135] {dagbag.py:500} INFO - Filling up the DagBag from /home/airflow/.local/lib/python3.7/site-packages/airflow/example_dags/example_bash_operator.py
[2022-01-03 13:43:08,168] {processor.py:637} INFO - DAG(s) dict_keys(['example_bash_operator']) retrieved from /home/airflow/.local/lib/python3.7/site-packages/airflow/example_dags/example_bash_operator.py
[2022-01-03 13:43:10,653] {logging_mixin.py:109} INFO - [2022-01-03 13:43:10,653] {providers_manager.py:156} WARNING - Exception when importing 'airflow.providers.google.leveldb.hooks.leveldb.LevelDBHook' from 'apache-airflow-providers-google' package: No module named 'plyvel'
[2022-01-03 13:43:11,706] {logging_mixin.py:109} INFO - [2022-01-03 13:43:11,705] {providers_manager.py:156} WARNING - Exception when importing 'airflow.providers.google.leveldb.hooks.leveldb.LevelDBHook' from 'apache-airflow-providers-google' package: No module named 'plyvel'
[2022-01-03 13:43:11,743] {logging_mixin.py:109} INFO - [2022-01-03 13:43:11,743] {manager.py:496} INFO - Created Permission View: can read on DAG:example_bash_operator
[2022-01-03 13:43:11,767] {logging_mixin.py:109} INFO - [2022-01-03 13:43:11,766] {manager.py:496} INFO - Created Permission View: can edit on DAG:example_bash_operator
[2022-01-03 13:43:11,767] {logging_mixin.py:109} INFO - [2022-01-03 13:43:11,767] {dag.py:2396} INFO - Sync 1 DAGs
[2022-01-03 13:43:11,780] {logging_mixin.py:109} INFO - [2022-01-03 13:43:11,779] {dag.py:2415} INFO - Creating ORM DAG for example_bash_operator
[2022-01-03 13:43:11,808] {logging_mixin.py:109} INFO - [2022-01-03 13:43:11,808] {dag.py:2928} INFO - Setting next_dagrun for example_bash_operator to 2022-01-02 00:00:00+00:00
[2022-01-03 13:43:11,833] {processor.py:171} INFO - Processing /home/airflow/.local/lib/python3.7/site-packages/airflow/example_dags/example_bash_operator.py took 3.703 seconds
[2022-01-03 13:43:41,934] {processor.py:163} INFO - Started process (PID=272) to work on /home/airflow/.local/lib/python3.7/site-packages/airflow/example_dags/example_bash_operator.py
[2022-01-03 13:43:41,936] {processor.py:625} INFO - Processing file /home/airflow/.local/lib/python3.7/site-packages/airflow/example_dags/example_bash_operator.py for tasks to queue
[2022-01-03 13:43:41,937] {logging_mixin.py:109} INFO - [2022-01-03 13:43:41,937] {dagbag.py:500} INFO - Filling up the DagBag from /home/airflow/.local/lib/python3.7/site-packages/airflow/example_dags/example_bash_operator.py
[2022-01-03 13:43:41,972] {processor.py:637} INFO - DAG(s) dict_keys(['example_bash_operator']) retrieved from /home/airflow/.local/lib/python3.7/site-packages/airflow/example_dags/example_bash_operator.py
[2022-01-03 13:43:41,983] {logging_mixin.py:109} INFO - [2022-01-03 13:43:41,983] {dag.py:2396} INFO - Sync 1 DAGs
[2022-01-03 13:43:42,001] {logging_mixin.py:109} INFO - [2022-01-03 13:43:42,001] {dag.py:2928} INFO - Setting next_dagrun for example_bash_operator to 2022-01-02 00:00:00+00:00
[2022-01-03 13:43:42,010] {processor.py:171} INFO - Processing /home/airflow/.local/lib/python3.7/site-packages/airflow/example_dags/example_bash_operator.py took 0.083 seconds
[2022-01-03 13:44:12,367] {processor.py:163} INFO - Started process (PID=331) to work on /home/airflow/.local/lib/python3.7/site-packages/airflow/example_dags/example_bash_operator.py
[2022-01-03 13:44:12,369] {processor.py:625} INFO - Processing file /home/airflow/.local/lib/python3.7/site-packages/airflow/example_dags/example_bash_operator.py for tasks to queue
[2022-01-03 13:44:12,370] {logging_mixin.py:109} INFO - [2022-01-03 13:44:12,370] {dagbag.py:500} INFO - Filling up the DagBag from /home/airflow/.local/lib/python3.7/site-packages/airflow/example_dags/example_bash_operator.py
[2022-01-03 13:44:12,417] {processor.py:637} INFO - DAG(s) dict_keys(['example_bash_operator']) retrieved from /home/airflow/.local/lib/python3.7/site-packages/airflow/example_dags/example_bash_operator.py
[2022-01-03 13:44:12,434] {logging_mixin.py:109} INFO - [2022-01-03 13:44:12,434] {dag.py:2396} INFO - Sync 1 DAGs
[2022-01-03 13:44:12,464] {logging_mixin.py:109} INFO - [2022-01-03 13:44:12,463] {dag.py:2928} INFO - Setting next_dagrun for example_bash_operator to 2022-01-02 00:00:00+00:00
[2022-01-03 13:44:12,477] {processor.py:171} INFO - Processing /home/airflow/.local/lib/python3.7/site-packages/airflow/example_dags/example_bash_operator.py took 0.118 seconds
[2022-01-03 13:44:42,515] {processor.py:163} INFO - Started process (PID=380) to work on /home/airflow/.local/lib/python3.7/site-packages/airflow/example_dags/example_bash_operator.py
[2022-01-03 13:44:42,517] {processor.py:625} INFO - Processing file /home/airflow/.local/lib/python3.7/site-packages/airflow/example_dags/example_bash_operator.py for tasks to queue
[2022-01-03 13:44:42,518] {logging_mixin.py:109} INFO - [2022-01-03 13:44:42,518] {dagbag.py:500} INFO - Filling up the DagBag from /home/airflow/.local/lib/python3.7/site-packages/airflow/example_dags/example_bash_operator.py
[2022-01-03 13:44:42,569] {processor.py:637} INFO - DAG(s) dict_keys(['example_bash_operator']) retrieved from /home/airflow/.local/lib/python3.7/site-packages/airflow/example_dags/example_bash_operator.py
[2022-01-03 13:44:42,587] {logging_mixin.py:109} INFO - [2022-01-03 13:44:42,587] {dag.py:2396} INFO - Sync 1 DAGs
[2022-01-03 13:44:42,615] {logging_mixin.py:109} INFO - [2022-01-03 13:44:42,615] {dag.py:2928} INFO - Setting next_dagrun for example_bash_operator to 2022-01-02 00:00:00+00:00
[2022-01-03 13:44:42,627] {processor.py:171} INFO - Processing /home/airflow/.local/lib/python3.7/site-packages/airflow/example_dags/example_bash_operator.py took 0.115 seconds
[2022-01-03 13:45:13,522] {processor.py:163} INFO - Started process (PID=432) to work on /home/airflow/.local/lib/python3.7/site-packages/airflow/example_dags/example_bash_operator.py
[2022-01-03 13:45:13,523] {processor.py:625} INFO - Processing file /home/airflow/.local/lib/python3.7/site-packages/airflow/example_dags/example_bash_operator.py for tasks to queue
[2022-01-03 13:45:13,524] {logging_mixin.py:109} INFO - [2022-01-03 13:45:13,524] {dagbag.py:500} INFO - Filling up the DagBag from /home/airflow/.local/lib/python3.7/site-packages/airflow/example_dags/example_bash_operator.py
[2022-01-03 13:45:13,572] {processor.py:637} INFO - DAG(s) dict_keys(['example_bash_operator']) retrieved from /home/airflow/.local/lib/python3.7/site-packages/airflow/example_dags/example_bash_operator.py
[2022-01-03 13:45:13,596] {logging_mixin.py:109} INFO - [2022-01-03 13:45:13,596] {dag.py:2396} INFO - Sync 1 DAGs
[2022-01-03 13:45:13,632] {logging_mixin.py:109} INFO - [2022-01-03 13:45:13,632] {dag.py:2928} INFO - Setting next_dagrun for example_bash_operator to 2022-01-02 00:00:00+00:00
[2022-01-03 13:45:13,670] {processor.py:171} INFO - Processing /home/airflow/.local/lib/python3.7/site-packages/airflow/example_dags/example_bash_operator.py took 0.151 seconds
[2022-01-03 13:45:44,425] {processor.py:163} INFO - Started process (PID=484) to work on /home/airflow/.local/lib/python3.7/site-packages/airflow/example_dags/example_bash_operator.py
[2022-01-03 13:45:44,426] {processor.py:625} INFO - Processing file /home/airflow/.local/lib/python3.7/site-packages/airflow/example_dags/example_bash_operator.py for tasks to queue
[2022-01-03 13:45:44,427] {logging_mixin.py:109} INFO - [2022-01-03 13:45:44,427] {dagbag.py:500} INFO - Filling up the DagBag from /home/airflow/.local/lib/python3.7/site-packages/airflow/example_dags/example_bash_operator.py
[2022-01-03 13:45:44,463] {processor.py:637} INFO - DAG(s) dict_keys(['example_bash_operator']) retrieved from /home/airflow/.local/lib/python3.7/site-packages/airflow/example_dags/example_bash_operator.py
[2022-01-03 13:45:44,476] {logging_mixin.py:109} INFO - [2022-01-03 13:45:44,476] {dag.py:2396} INFO - Sync 1 DAGs
[2022-01-03 13:45:44,497] {logging_mixin.py:109} INFO - [2022-01-03 13:45:44,497] {dag.py:2928} INFO - Setting next_dagrun for example_bash_operator to 2022-01-02 00:00:00+00:00
[2022-01-03 13:45:44,507] {processor.py:171} INFO - Processing /home/airflow/.local/lib/python3.7/site-packages/airflow/example_dags/example_bash_operator.py took 0.086 seconds
[2022-01-03 13:46:15,022] {processor.py:163} INFO - Started process (PID=547) to work on /home/airflow/.local/lib/python3.7/site-packages/airflow/example_dags/example_bash_operator.py
[2022-01-03 13:46:15,028] {processor.py:625} INFO - Processing file /home/airflow/.local/lib/python3.7/site-packages/airflow/example_dags/example_bash_operator.py for tasks to queue
[2022-01-03 13:46:15,029] {logging_mixin.py:109} INFO - [2022-01-03 13:46:15,029] {dagbag.py:500} INFO - Filling up the DagBag from /home/airflow/.local/lib/python3.7/site-packages/airflow/example_dags/example_bash_operator.py
[2022-01-03 13:46:15,111] {processor.py:637} INFO - DAG(s) dict_keys(['example_bash_operator']) retrieved from /home/airflow/.local/lib/python3.7/site-packages/airflow/example_dags/example_bash_operator.py
[2022-01-03 13:46:15,128] {logging_mixin.py:109} INFO - [2022-01-03 13:46:15,128] {dag.py:2396} INFO - Sync 1 DAGs
[2022-01-03 13:46:15,156] {logging_mixin.py:109} INFO - [2022-01-03 13:46:15,156] {dag.py:2928} INFO - Setting next_dagrun for example_bash_operator to 2022-01-02 00:00:00+00:00
[2022-01-03 13:46:15,175] {processor.py:171} INFO - Processing /home/airflow/.local/lib/python3.7/site-packages/airflow/example_dags/example_bash_operator.py took 0.158 seconds
