[2022-01-03 12:28:34,394] {processor.py:163} INFO - Started process (PID=193) to work on /home/airflow/.local/lib/python3.7/site-packages/airflow/example_dags/example_python_operator.py
[2022-01-03 12:28:34,395] {processor.py:625} INFO - Processing file /home/airflow/.local/lib/python3.7/site-packages/airflow/example_dags/example_python_operator.py for tasks to queue
[2022-01-03 12:28:34,396] {logging_mixin.py:109} INFO - [2022-01-03 12:28:34,396] {dagbag.py:500} INFO - Filling up the DagBag from /home/airflow/.local/lib/python3.7/site-packages/airflow/example_dags/example_python_operator.py
[2022-01-03 12:28:34,461] {processor.py:637} INFO - DAG(s) dict_keys(['example_python_operator']) retrieved from /home/airflow/.local/lib/python3.7/site-packages/airflow/example_dags/example_python_operator.py
[2022-01-03 12:28:37,172] {logging_mixin.py:109} INFO - [2022-01-03 12:28:37,172] {providers_manager.py:156} WARNING - Exception when importing 'airflow.providers.google.leveldb.hooks.leveldb.LevelDBHook' from 'apache-airflow-providers-google' package: No module named 'plyvel'
[2022-01-03 12:28:37,937] {logging_mixin.py:109} INFO - [2022-01-03 12:28:37,937] {providers_manager.py:156} WARNING - Exception when importing 'airflow.providers.google.leveldb.hooks.leveldb.LevelDBHook' from 'apache-airflow-providers-google' package: No module named 'plyvel'
[2022-01-03 12:28:37,984] {logging_mixin.py:109} INFO - [2022-01-03 12:28:37,984] {manager.py:496} INFO - Created Permission View: can read on DAG:example_python_operator
[2022-01-03 12:28:38,005] {logging_mixin.py:109} INFO - [2022-01-03 12:28:38,004] {manager.py:496} INFO - Created Permission View: can edit on DAG:example_python_operator
[2022-01-03 12:28:38,005] {logging_mixin.py:109} INFO - [2022-01-03 12:28:38,005] {dag.py:2396} INFO - Sync 1 DAGs
[2022-01-03 12:28:38,044] {logging_mixin.py:109} INFO - [2022-01-03 12:28:38,043] {dag.py:2415} INFO - Creating ORM DAG for example_python_operator
[2022-01-03 12:28:38,059] {logging_mixin.py:109} INFO - [2022-01-03 12:28:38,059] {dag.py:2928} INFO - Setting next_dagrun for example_python_operator to None
[2022-01-03 12:28:38,075] {processor.py:171} INFO - Processing /home/airflow/.local/lib/python3.7/site-packages/airflow/example_dags/example_python_operator.py took 3.691 seconds
[2022-01-03 12:29:08,699] {processor.py:163} INFO - Started process (PID=293) to work on /home/airflow/.local/lib/python3.7/site-packages/airflow/example_dags/example_python_operator.py
[2022-01-03 12:29:08,706] {processor.py:625} INFO - Processing file /home/airflow/.local/lib/python3.7/site-packages/airflow/example_dags/example_python_operator.py for tasks to queue
[2022-01-03 12:29:08,708] {logging_mixin.py:109} INFO - [2022-01-03 12:29:08,707] {dagbag.py:500} INFO - Filling up the DagBag from /home/airflow/.local/lib/python3.7/site-packages/airflow/example_dags/example_python_operator.py
[2022-01-03 12:29:08,749] {processor.py:637} INFO - DAG(s) dict_keys(['example_python_operator']) retrieved from /home/airflow/.local/lib/python3.7/site-packages/airflow/example_dags/example_python_operator.py
[2022-01-03 12:29:08,763] {logging_mixin.py:109} INFO - [2022-01-03 12:29:08,763] {dag.py:2396} INFO - Sync 1 DAGs
[2022-01-03 12:29:08,785] {logging_mixin.py:109} INFO - [2022-01-03 12:29:08,784] {dag.py:2928} INFO - Setting next_dagrun for example_python_operator to None
[2022-01-03 12:29:08,795] {processor.py:171} INFO - Processing /home/airflow/.local/lib/python3.7/site-packages/airflow/example_dags/example_python_operator.py took 0.105 seconds
[2022-01-03 12:29:39,079] {processor.py:163} INFO - Started process (PID=344) to work on /home/airflow/.local/lib/python3.7/site-packages/airflow/example_dags/example_python_operator.py
[2022-01-03 12:29:39,091] {processor.py:625} INFO - Processing file /home/airflow/.local/lib/python3.7/site-packages/airflow/example_dags/example_python_operator.py for tasks to queue
[2022-01-03 12:29:39,096] {logging_mixin.py:109} INFO - [2022-01-03 12:29:39,095] {dagbag.py:500} INFO - Filling up the DagBag from /home/airflow/.local/lib/python3.7/site-packages/airflow/example_dags/example_python_operator.py
[2022-01-03 12:29:39,151] {processor.py:637} INFO - DAG(s) dict_keys(['example_python_operator']) retrieved from /home/airflow/.local/lib/python3.7/site-packages/airflow/example_dags/example_python_operator.py
[2022-01-03 12:29:39,179] {logging_mixin.py:109} INFO - [2022-01-03 12:29:39,179] {dag.py:2396} INFO - Sync 1 DAGs
[2022-01-03 12:29:39,208] {logging_mixin.py:109} INFO - [2022-01-03 12:29:39,208] {dag.py:2928} INFO - Setting next_dagrun for example_python_operator to None
[2022-01-03 12:29:39,225] {processor.py:171} INFO - Processing /home/airflow/.local/lib/python3.7/site-packages/airflow/example_dags/example_python_operator.py took 0.158 seconds
[2022-01-03 12:30:09,818] {processor.py:163} INFO - Started process (PID=396) to work on /home/airflow/.local/lib/python3.7/site-packages/airflow/example_dags/example_python_operator.py
[2022-01-03 12:30:09,830] {processor.py:625} INFO - Processing file /home/airflow/.local/lib/python3.7/site-packages/airflow/example_dags/example_python_operator.py for tasks to queue
[2022-01-03 12:30:09,838] {logging_mixin.py:109} INFO - [2022-01-03 12:30:09,838] {dagbag.py:500} INFO - Filling up the DagBag from /home/airflow/.local/lib/python3.7/site-packages/airflow/example_dags/example_python_operator.py
[2022-01-03 12:30:10,068] {processor.py:637} INFO - DAG(s) dict_keys(['example_python_operator']) retrieved from /home/airflow/.local/lib/python3.7/site-packages/airflow/example_dags/example_python_operator.py
[2022-01-03 12:30:10,162] {logging_mixin.py:109} INFO - [2022-01-03 12:30:10,161] {dag.py:2396} INFO - Sync 1 DAGs
[2022-01-03 12:30:10,279] {logging_mixin.py:109} INFO - [2022-01-03 12:30:10,279] {dag.py:2928} INFO - Setting next_dagrun for example_python_operator to None
[2022-01-03 12:30:10,359] {processor.py:171} INFO - Processing /home/airflow/.local/lib/python3.7/site-packages/airflow/example_dags/example_python_operator.py took 0.554 seconds
[2022-01-03 12:30:40,411] {processor.py:163} INFO - Started process (PID=439) to work on /home/airflow/.local/lib/python3.7/site-packages/airflow/example_dags/example_python_operator.py
[2022-01-03 12:30:40,412] {processor.py:625} INFO - Processing file /home/airflow/.local/lib/python3.7/site-packages/airflow/example_dags/example_python_operator.py for tasks to queue
[2022-01-03 12:30:40,413] {logging_mixin.py:109} INFO - [2022-01-03 12:30:40,413] {dagbag.py:500} INFO - Filling up the DagBag from /home/airflow/.local/lib/python3.7/site-packages/airflow/example_dags/example_python_operator.py
[2022-01-03 12:30:40,444] {processor.py:637} INFO - DAG(s) dict_keys(['example_python_operator']) retrieved from /home/airflow/.local/lib/python3.7/site-packages/airflow/example_dags/example_python_operator.py
[2022-01-03 12:30:40,461] {logging_mixin.py:109} INFO - [2022-01-03 12:30:40,460] {dag.py:2396} INFO - Sync 1 DAGs
[2022-01-03 12:30:40,482] {logging_mixin.py:109} INFO - [2022-01-03 12:30:40,482] {dag.py:2928} INFO - Setting next_dagrun for example_python_operator to None
[2022-01-03 12:30:40,493] {processor.py:171} INFO - Processing /home/airflow/.local/lib/python3.7/site-packages/airflow/example_dags/example_python_operator.py took 0.086 seconds
[2022-01-03 12:31:10,753] {processor.py:163} INFO - Started process (PID=490) to work on /home/airflow/.local/lib/python3.7/site-packages/airflow/example_dags/example_python_operator.py
[2022-01-03 12:31:10,754] {processor.py:625} INFO - Processing file /home/airflow/.local/lib/python3.7/site-packages/airflow/example_dags/example_python_operator.py for tasks to queue
[2022-01-03 12:31:10,755] {logging_mixin.py:109} INFO - [2022-01-03 12:31:10,755] {dagbag.py:500} INFO - Filling up the DagBag from /home/airflow/.local/lib/python3.7/site-packages/airflow/example_dags/example_python_operator.py
[2022-01-03 12:31:10,804] {processor.py:637} INFO - DAG(s) dict_keys(['example_python_operator']) retrieved from /home/airflow/.local/lib/python3.7/site-packages/airflow/example_dags/example_python_operator.py
[2022-01-03 12:31:10,820] {logging_mixin.py:109} INFO - [2022-01-03 12:31:10,820] {dag.py:2396} INFO - Sync 1 DAGs
[2022-01-03 12:31:10,846] {logging_mixin.py:109} INFO - [2022-01-03 12:31:10,846] {dag.py:2928} INFO - Setting next_dagrun for example_python_operator to None
[2022-01-03 12:31:10,859] {processor.py:171} INFO - Processing /home/airflow/.local/lib/python3.7/site-packages/airflow/example_dags/example_python_operator.py took 0.111 seconds
[2022-01-03 12:31:41,566] {processor.py:163} INFO - Started process (PID=548) to work on /home/airflow/.local/lib/python3.7/site-packages/airflow/example_dags/example_python_operator.py
[2022-01-03 12:31:41,571] {processor.py:625} INFO - Processing file /home/airflow/.local/lib/python3.7/site-packages/airflow/example_dags/example_python_operator.py for tasks to queue
[2022-01-03 12:31:41,572] {logging_mixin.py:109} INFO - [2022-01-03 12:31:41,572] {dagbag.py:500} INFO - Filling up the DagBag from /home/airflow/.local/lib/python3.7/site-packages/airflow/example_dags/example_python_operator.py
[2022-01-03 12:31:41,785] {processor.py:637} INFO - DAG(s) dict_keys(['example_python_operator']) retrieved from /home/airflow/.local/lib/python3.7/site-packages/airflow/example_dags/example_python_operator.py
[2022-01-03 12:31:41,819] {logging_mixin.py:109} INFO - [2022-01-03 12:31:41,818] {dag.py:2396} INFO - Sync 1 DAGs
[2022-01-03 12:31:41,919] {logging_mixin.py:109} INFO - [2022-01-03 12:31:41,919] {dag.py:2928} INFO - Setting next_dagrun for example_python_operator to None
[2022-01-03 12:31:41,974] {processor.py:171} INFO - Processing /home/airflow/.local/lib/python3.7/site-packages/airflow/example_dags/example_python_operator.py took 0.463 seconds
[2022-01-03 12:32:12,373] {processor.py:163} INFO - Started process (PID=598) to work on /home/airflow/.local/lib/python3.7/site-packages/airflow/example_dags/example_python_operator.py
[2022-01-03 12:32:12,376] {processor.py:625} INFO - Processing file /home/airflow/.local/lib/python3.7/site-packages/airflow/example_dags/example_python_operator.py for tasks to queue
[2022-01-03 12:32:12,377] {logging_mixin.py:109} INFO - [2022-01-03 12:32:12,376] {dagbag.py:500} INFO - Filling up the DagBag from /home/airflow/.local/lib/python3.7/site-packages/airflow/example_dags/example_python_operator.py
[2022-01-03 12:32:12,436] {processor.py:637} INFO - DAG(s) dict_keys(['example_python_operator']) retrieved from /home/airflow/.local/lib/python3.7/site-packages/airflow/example_dags/example_python_operator.py
[2022-01-03 12:32:12,459] {logging_mixin.py:109} INFO - [2022-01-03 12:32:12,459] {dag.py:2396} INFO - Sync 1 DAGs
[2022-01-03 12:32:12,491] {logging_mixin.py:109} INFO - [2022-01-03 12:32:12,491] {dag.py:2928} INFO - Setting next_dagrun for example_python_operator to None
[2022-01-03 12:32:12,509] {processor.py:171} INFO - Processing /home/airflow/.local/lib/python3.7/site-packages/airflow/example_dags/example_python_operator.py took 0.139 seconds
[2022-01-03 13:13:47,727] {processor.py:163} INFO - Started process (PID=69) to work on /home/airflow/.local/lib/python3.7/site-packages/airflow/example_dags/example_python_operator.py
[2022-01-03 13:13:47,732] {processor.py:625} INFO - Processing file /home/airflow/.local/lib/python3.7/site-packages/airflow/example_dags/example_python_operator.py for tasks to queue
[2022-01-03 13:13:47,733] {logging_mixin.py:109} INFO - [2022-01-03 13:13:47,732] {dagbag.py:500} INFO - Filling up the DagBag from /home/airflow/.local/lib/python3.7/site-packages/airflow/example_dags/example_python_operator.py
[2022-01-03 13:13:47,794] {processor.py:637} INFO - DAG(s) dict_keys(['example_python_operator']) retrieved from /home/airflow/.local/lib/python3.7/site-packages/airflow/example_dags/example_python_operator.py
[2022-01-03 13:13:47,810] {logging_mixin.py:109} INFO - [2022-01-03 13:13:47,810] {dag.py:2396} INFO - Sync 1 DAGs
[2022-01-03 13:13:47,836] {logging_mixin.py:109} INFO - [2022-01-03 13:13:47,836] {dag.py:2928} INFO - Setting next_dagrun for example_python_operator to None
[2022-01-03 13:13:47,885] {processor.py:171} INFO - Processing /home/airflow/.local/lib/python3.7/site-packages/airflow/example_dags/example_python_operator.py took 0.173 seconds
[2022-01-03 13:14:18,318] {processor.py:163} INFO - Started process (PID=126) to work on /home/airflow/.local/lib/python3.7/site-packages/airflow/example_dags/example_python_operator.py
[2022-01-03 13:14:18,341] {processor.py:625} INFO - Processing file /home/airflow/.local/lib/python3.7/site-packages/airflow/example_dags/example_python_operator.py for tasks to queue
[2022-01-03 13:14:18,342] {logging_mixin.py:109} INFO - [2022-01-03 13:14:18,342] {dagbag.py:500} INFO - Filling up the DagBag from /home/airflow/.local/lib/python3.7/site-packages/airflow/example_dags/example_python_operator.py
[2022-01-03 13:14:18,491] {processor.py:637} INFO - DAG(s) dict_keys(['example_python_operator']) retrieved from /home/airflow/.local/lib/python3.7/site-packages/airflow/example_dags/example_python_operator.py
[2022-01-03 13:14:18,546] {logging_mixin.py:109} INFO - [2022-01-03 13:14:18,546] {dag.py:2396} INFO - Sync 1 DAGs
[2022-01-03 13:14:18,597] {logging_mixin.py:109} INFO - [2022-01-03 13:14:18,597] {dag.py:2928} INFO - Setting next_dagrun for example_python_operator to None
[2022-01-03 13:14:18,619] {processor.py:171} INFO - Processing /home/airflow/.local/lib/python3.7/site-packages/airflow/example_dags/example_python_operator.py took 0.304 seconds
[2022-01-03 13:14:49,407] {processor.py:163} INFO - Started process (PID=181) to work on /home/airflow/.local/lib/python3.7/site-packages/airflow/example_dags/example_python_operator.py
[2022-01-03 13:14:49,429] {processor.py:625} INFO - Processing file /home/airflow/.local/lib/python3.7/site-packages/airflow/example_dags/example_python_operator.py for tasks to queue
[2022-01-03 13:14:49,432] {logging_mixin.py:109} INFO - [2022-01-03 13:14:49,432] {dagbag.py:500} INFO - Filling up the DagBag from /home/airflow/.local/lib/python3.7/site-packages/airflow/example_dags/example_python_operator.py
[2022-01-03 13:14:49,528] {processor.py:637} INFO - DAG(s) dict_keys(['example_python_operator']) retrieved from /home/airflow/.local/lib/python3.7/site-packages/airflow/example_dags/example_python_operator.py
[2022-01-03 13:14:49,546] {logging_mixin.py:109} INFO - [2022-01-03 13:14:49,545] {dag.py:2396} INFO - Sync 1 DAGs
[2022-01-03 13:14:49,571] {logging_mixin.py:109} INFO - [2022-01-03 13:14:49,571] {dag.py:2928} INFO - Setting next_dagrun for example_python_operator to None
[2022-01-03 13:14:49,588] {processor.py:171} INFO - Processing /home/airflow/.local/lib/python3.7/site-packages/airflow/example_dags/example_python_operator.py took 0.198 seconds
[2022-01-03 13:15:20,247] {processor.py:163} INFO - Started process (PID=233) to work on /home/airflow/.local/lib/python3.7/site-packages/airflow/example_dags/example_python_operator.py
[2022-01-03 13:15:20,248] {processor.py:625} INFO - Processing file /home/airflow/.local/lib/python3.7/site-packages/airflow/example_dags/example_python_operator.py for tasks to queue
[2022-01-03 13:15:20,250] {logging_mixin.py:109} INFO - [2022-01-03 13:15:20,250] {dagbag.py:500} INFO - Filling up the DagBag from /home/airflow/.local/lib/python3.7/site-packages/airflow/example_dags/example_python_operator.py
[2022-01-03 13:15:20,296] {processor.py:637} INFO - DAG(s) dict_keys(['example_python_operator']) retrieved from /home/airflow/.local/lib/python3.7/site-packages/airflow/example_dags/example_python_operator.py
[2022-01-03 13:15:20,314] {logging_mixin.py:109} INFO - [2022-01-03 13:15:20,313] {dag.py:2396} INFO - Sync 1 DAGs
[2022-01-03 13:15:20,339] {logging_mixin.py:109} INFO - [2022-01-03 13:15:20,339] {dag.py:2928} INFO - Setting next_dagrun for example_python_operator to None
[2022-01-03 13:15:20,352] {processor.py:171} INFO - Processing /home/airflow/.local/lib/python3.7/site-packages/airflow/example_dags/example_python_operator.py took 0.109 seconds
[2022-01-03 13:15:51,221] {processor.py:163} INFO - Started process (PID=299) to work on /home/airflow/.local/lib/python3.7/site-packages/airflow/example_dags/example_python_operator.py
[2022-01-03 13:15:51,223] {processor.py:625} INFO - Processing file /home/airflow/.local/lib/python3.7/site-packages/airflow/example_dags/example_python_operator.py for tasks to queue
[2022-01-03 13:15:51,224] {logging_mixin.py:109} INFO - [2022-01-03 13:15:51,223] {dagbag.py:500} INFO - Filling up the DagBag from /home/airflow/.local/lib/python3.7/site-packages/airflow/example_dags/example_python_operator.py
[2022-01-03 13:15:51,264] {processor.py:637} INFO - DAG(s) dict_keys(['example_python_operator']) retrieved from /home/airflow/.local/lib/python3.7/site-packages/airflow/example_dags/example_python_operator.py
[2022-01-03 13:15:51,285] {logging_mixin.py:109} INFO - [2022-01-03 13:15:51,285] {dag.py:2396} INFO - Sync 1 DAGs
[2022-01-03 13:15:51,309] {logging_mixin.py:109} INFO - [2022-01-03 13:15:51,308] {dag.py:2928} INFO - Setting next_dagrun for example_python_operator to None
[2022-01-03 13:15:51,322] {processor.py:171} INFO - Processing /home/airflow/.local/lib/python3.7/site-packages/airflow/example_dags/example_python_operator.py took 0.105 seconds
[2022-01-03 13:16:21,686] {processor.py:163} INFO - Started process (PID=355) to work on /home/airflow/.local/lib/python3.7/site-packages/airflow/example_dags/example_python_operator.py
[2022-01-03 13:16:21,687] {processor.py:625} INFO - Processing file /home/airflow/.local/lib/python3.7/site-packages/airflow/example_dags/example_python_operator.py for tasks to queue
[2022-01-03 13:16:21,688] {logging_mixin.py:109} INFO - [2022-01-03 13:16:21,688] {dagbag.py:500} INFO - Filling up the DagBag from /home/airflow/.local/lib/python3.7/site-packages/airflow/example_dags/example_python_operator.py
[2022-01-03 13:16:21,722] {processor.py:637} INFO - DAG(s) dict_keys(['example_python_operator']) retrieved from /home/airflow/.local/lib/python3.7/site-packages/airflow/example_dags/example_python_operator.py
[2022-01-03 13:16:21,744] {logging_mixin.py:109} INFO - [2022-01-03 13:16:21,744] {dag.py:2396} INFO - Sync 1 DAGs
[2022-01-03 13:16:21,763] {logging_mixin.py:109} INFO - [2022-01-03 13:16:21,762] {dag.py:2928} INFO - Setting next_dagrun for example_python_operator to None
[2022-01-03 13:16:21,783] {processor.py:171} INFO - Processing /home/airflow/.local/lib/python3.7/site-packages/airflow/example_dags/example_python_operator.py took 0.099 seconds
[2022-01-03 13:16:52,896] {processor.py:163} INFO - Started process (PID=405) to work on /home/airflow/.local/lib/python3.7/site-packages/airflow/example_dags/example_python_operator.py
[2022-01-03 13:16:52,897] {processor.py:625} INFO - Processing file /home/airflow/.local/lib/python3.7/site-packages/airflow/example_dags/example_python_operator.py for tasks to queue
[2022-01-03 13:16:52,898] {logging_mixin.py:109} INFO - [2022-01-03 13:16:52,898] {dagbag.py:500} INFO - Filling up the DagBag from /home/airflow/.local/lib/python3.7/site-packages/airflow/example_dags/example_python_operator.py
[2022-01-03 13:16:52,930] {processor.py:637} INFO - DAG(s) dict_keys(['example_python_operator']) retrieved from /home/airflow/.local/lib/python3.7/site-packages/airflow/example_dags/example_python_operator.py
[2022-01-03 13:16:52,945] {logging_mixin.py:109} INFO - [2022-01-03 13:16:52,945] {dag.py:2396} INFO - Sync 1 DAGs
[2022-01-03 13:16:52,966] {logging_mixin.py:109} INFO - [2022-01-03 13:16:52,966] {dag.py:2928} INFO - Setting next_dagrun for example_python_operator to None
[2022-01-03 13:16:52,978] {processor.py:171} INFO - Processing /home/airflow/.local/lib/python3.7/site-packages/airflow/example_dags/example_python_operator.py took 0.085 seconds
[2022-01-03 13:17:23,327] {processor.py:163} INFO - Started process (PID=456) to work on /home/airflow/.local/lib/python3.7/site-packages/airflow/example_dags/example_python_operator.py
[2022-01-03 13:17:23,328] {processor.py:625} INFO - Processing file /home/airflow/.local/lib/python3.7/site-packages/airflow/example_dags/example_python_operator.py for tasks to queue
[2022-01-03 13:17:23,335] {logging_mixin.py:109} INFO - [2022-01-03 13:17:23,334] {dagbag.py:500} INFO - Filling up the DagBag from /home/airflow/.local/lib/python3.7/site-packages/airflow/example_dags/example_python_operator.py
[2022-01-03 13:17:23,404] {processor.py:637} INFO - DAG(s) dict_keys(['example_python_operator']) retrieved from /home/airflow/.local/lib/python3.7/site-packages/airflow/example_dags/example_python_operator.py
[2022-01-03 13:17:23,445] {logging_mixin.py:109} INFO - [2022-01-03 13:17:23,445] {dag.py:2396} INFO - Sync 1 DAGs
[2022-01-03 13:17:23,497] {logging_mixin.py:109} INFO - [2022-01-03 13:17:23,497] {dag.py:2928} INFO - Setting next_dagrun for example_python_operator to None
[2022-01-03 13:17:23,522] {processor.py:171} INFO - Processing /home/airflow/.local/lib/python3.7/site-packages/airflow/example_dags/example_python_operator.py took 0.210 seconds
[2022-01-03 13:17:53,647] {processor.py:163} INFO - Started process (PID=508) to work on /home/airflow/.local/lib/python3.7/site-packages/airflow/example_dags/example_python_operator.py
[2022-01-03 13:17:53,650] {processor.py:625} INFO - Processing file /home/airflow/.local/lib/python3.7/site-packages/airflow/example_dags/example_python_operator.py for tasks to queue
[2022-01-03 13:17:53,652] {logging_mixin.py:109} INFO - [2022-01-03 13:17:53,652] {dagbag.py:500} INFO - Filling up the DagBag from /home/airflow/.local/lib/python3.7/site-packages/airflow/example_dags/example_python_operator.py
[2022-01-03 13:17:53,730] {processor.py:637} INFO - DAG(s) dict_keys(['example_python_operator']) retrieved from /home/airflow/.local/lib/python3.7/site-packages/airflow/example_dags/example_python_operator.py
[2022-01-03 13:17:53,756] {logging_mixin.py:109} INFO - [2022-01-03 13:17:53,756] {dag.py:2396} INFO - Sync 1 DAGs
[2022-01-03 13:17:53,782] {logging_mixin.py:109} INFO - [2022-01-03 13:17:53,781] {dag.py:2928} INFO - Setting next_dagrun for example_python_operator to None
[2022-01-03 13:17:53,793] {processor.py:171} INFO - Processing /home/airflow/.local/lib/python3.7/site-packages/airflow/example_dags/example_python_operator.py took 0.155 seconds
[2022-01-03 13:18:24,415] {processor.py:163} INFO - Started process (PID=569) to work on /home/airflow/.local/lib/python3.7/site-packages/airflow/example_dags/example_python_operator.py
[2022-01-03 13:18:24,416] {processor.py:625} INFO - Processing file /home/airflow/.local/lib/python3.7/site-packages/airflow/example_dags/example_python_operator.py for tasks to queue
[2022-01-03 13:18:24,417] {logging_mixin.py:109} INFO - [2022-01-03 13:18:24,417] {dagbag.py:500} INFO - Filling up the DagBag from /home/airflow/.local/lib/python3.7/site-packages/airflow/example_dags/example_python_operator.py
[2022-01-03 13:18:24,482] {processor.py:637} INFO - DAG(s) dict_keys(['example_python_operator']) retrieved from /home/airflow/.local/lib/python3.7/site-packages/airflow/example_dags/example_python_operator.py
[2022-01-03 13:18:24,507] {logging_mixin.py:109} INFO - [2022-01-03 13:18:24,507] {dag.py:2396} INFO - Sync 1 DAGs
[2022-01-03 13:18:24,543] {logging_mixin.py:109} INFO - [2022-01-03 13:18:24,542] {dag.py:2928} INFO - Setting next_dagrun for example_python_operator to None
[2022-01-03 13:18:24,559] {processor.py:171} INFO - Processing /home/airflow/.local/lib/python3.7/site-packages/airflow/example_dags/example_python_operator.py took 0.157 seconds
[2022-01-03 13:18:54,596] {processor.py:163} INFO - Started process (PID=620) to work on /home/airflow/.local/lib/python3.7/site-packages/airflow/example_dags/example_python_operator.py
[2022-01-03 13:18:54,597] {processor.py:625} INFO - Processing file /home/airflow/.local/lib/python3.7/site-packages/airflow/example_dags/example_python_operator.py for tasks to queue
[2022-01-03 13:18:54,598] {logging_mixin.py:109} INFO - [2022-01-03 13:18:54,598] {dagbag.py:500} INFO - Filling up the DagBag from /home/airflow/.local/lib/python3.7/site-packages/airflow/example_dags/example_python_operator.py
[2022-01-03 13:18:54,645] {processor.py:637} INFO - DAG(s) dict_keys(['example_python_operator']) retrieved from /home/airflow/.local/lib/python3.7/site-packages/airflow/example_dags/example_python_operator.py
[2022-01-03 13:18:54,667] {logging_mixin.py:109} INFO - [2022-01-03 13:18:54,666] {dag.py:2396} INFO - Sync 1 DAGs
[2022-01-03 13:18:54,701] {logging_mixin.py:109} INFO - [2022-01-03 13:18:54,700] {dag.py:2928} INFO - Setting next_dagrun for example_python_operator to None
[2022-01-03 13:18:54,715] {processor.py:171} INFO - Processing /home/airflow/.local/lib/python3.7/site-packages/airflow/example_dags/example_python_operator.py took 0.123 seconds
[2022-01-03 13:19:25,030] {processor.py:163} INFO - Started process (PID=670) to work on /home/airflow/.local/lib/python3.7/site-packages/airflow/example_dags/example_python_operator.py
[2022-01-03 13:19:25,033] {processor.py:625} INFO - Processing file /home/airflow/.local/lib/python3.7/site-packages/airflow/example_dags/example_python_operator.py for tasks to queue
[2022-01-03 13:19:25,034] {logging_mixin.py:109} INFO - [2022-01-03 13:19:25,034] {dagbag.py:500} INFO - Filling up the DagBag from /home/airflow/.local/lib/python3.7/site-packages/airflow/example_dags/example_python_operator.py
[2022-01-03 13:19:25,101] {processor.py:637} INFO - DAG(s) dict_keys(['example_python_operator']) retrieved from /home/airflow/.local/lib/python3.7/site-packages/airflow/example_dags/example_python_operator.py
[2022-01-03 13:19:25,130] {logging_mixin.py:109} INFO - [2022-01-03 13:19:25,129] {dag.py:2396} INFO - Sync 1 DAGs
[2022-01-03 13:19:25,168] {logging_mixin.py:109} INFO - [2022-01-03 13:19:25,168] {dag.py:2928} INFO - Setting next_dagrun for example_python_operator to None
[2022-01-03 13:19:25,180] {processor.py:171} INFO - Processing /home/airflow/.local/lib/python3.7/site-packages/airflow/example_dags/example_python_operator.py took 0.156 seconds
[2022-01-03 13:19:55,923] {processor.py:163} INFO - Started process (PID=720) to work on /home/airflow/.local/lib/python3.7/site-packages/airflow/example_dags/example_python_operator.py
[2022-01-03 13:19:55,929] {processor.py:625} INFO - Processing file /home/airflow/.local/lib/python3.7/site-packages/airflow/example_dags/example_python_operator.py for tasks to queue
[2022-01-03 13:19:55,930] {logging_mixin.py:109} INFO - [2022-01-03 13:19:55,929] {dagbag.py:500} INFO - Filling up the DagBag from /home/airflow/.local/lib/python3.7/site-packages/airflow/example_dags/example_python_operator.py
[2022-01-03 13:19:55,959] {processor.py:637} INFO - DAG(s) dict_keys(['example_python_operator']) retrieved from /home/airflow/.local/lib/python3.7/site-packages/airflow/example_dags/example_python_operator.py
[2022-01-03 13:19:55,972] {logging_mixin.py:109} INFO - [2022-01-03 13:19:55,972] {dag.py:2396} INFO - Sync 1 DAGs
[2022-01-03 13:19:55,991] {logging_mixin.py:109} INFO - [2022-01-03 13:19:55,991] {dag.py:2928} INFO - Setting next_dagrun for example_python_operator to None
[2022-01-03 13:19:56,001] {processor.py:171} INFO - Processing /home/airflow/.local/lib/python3.7/site-packages/airflow/example_dags/example_python_operator.py took 0.080 seconds
[2022-01-03 13:20:26,830] {processor.py:163} INFO - Started process (PID=774) to work on /home/airflow/.local/lib/python3.7/site-packages/airflow/example_dags/example_python_operator.py
[2022-01-03 13:20:26,831] {processor.py:625} INFO - Processing file /home/airflow/.local/lib/python3.7/site-packages/airflow/example_dags/example_python_operator.py for tasks to queue
[2022-01-03 13:20:26,832] {logging_mixin.py:109} INFO - [2022-01-03 13:20:26,832] {dagbag.py:500} INFO - Filling up the DagBag from /home/airflow/.local/lib/python3.7/site-packages/airflow/example_dags/example_python_operator.py
[2022-01-03 13:20:26,868] {processor.py:637} INFO - DAG(s) dict_keys(['example_python_operator']) retrieved from /home/airflow/.local/lib/python3.7/site-packages/airflow/example_dags/example_python_operator.py
[2022-01-03 13:20:26,883] {logging_mixin.py:109} INFO - [2022-01-03 13:20:26,883] {dag.py:2396} INFO - Sync 1 DAGs
[2022-01-03 13:20:26,914] {logging_mixin.py:109} INFO - [2022-01-03 13:20:26,914] {dag.py:2928} INFO - Setting next_dagrun for example_python_operator to None
[2022-01-03 13:20:26,927] {processor.py:171} INFO - Processing /home/airflow/.local/lib/python3.7/site-packages/airflow/example_dags/example_python_operator.py took 0.101 seconds
[2022-01-03 13:20:57,422] {processor.py:163} INFO - Started process (PID=825) to work on /home/airflow/.local/lib/python3.7/site-packages/airflow/example_dags/example_python_operator.py
[2022-01-03 13:20:57,428] {processor.py:625} INFO - Processing file /home/airflow/.local/lib/python3.7/site-packages/airflow/example_dags/example_python_operator.py for tasks to queue
[2022-01-03 13:20:57,429] {logging_mixin.py:109} INFO - [2022-01-03 13:20:57,429] {dagbag.py:500} INFO - Filling up the DagBag from /home/airflow/.local/lib/python3.7/site-packages/airflow/example_dags/example_python_operator.py
[2022-01-03 13:20:57,463] {processor.py:637} INFO - DAG(s) dict_keys(['example_python_operator']) retrieved from /home/airflow/.local/lib/python3.7/site-packages/airflow/example_dags/example_python_operator.py
[2022-01-03 13:20:57,478] {logging_mixin.py:109} INFO - [2022-01-03 13:20:57,478] {dag.py:2396} INFO - Sync 1 DAGs
[2022-01-03 13:20:57,503] {logging_mixin.py:109} INFO - [2022-01-03 13:20:57,503] {dag.py:2928} INFO - Setting next_dagrun for example_python_operator to None
[2022-01-03 13:20:57,513] {processor.py:171} INFO - Processing /home/airflow/.local/lib/python3.7/site-packages/airflow/example_dags/example_python_operator.py took 0.094 seconds
[2022-01-03 13:21:28,518] {processor.py:163} INFO - Started process (PID=885) to work on /home/airflow/.local/lib/python3.7/site-packages/airflow/example_dags/example_python_operator.py
[2022-01-03 13:21:28,520] {processor.py:625} INFO - Processing file /home/airflow/.local/lib/python3.7/site-packages/airflow/example_dags/example_python_operator.py for tasks to queue
[2022-01-03 13:21:28,521] {logging_mixin.py:109} INFO - [2022-01-03 13:21:28,521] {dagbag.py:500} INFO - Filling up the DagBag from /home/airflow/.local/lib/python3.7/site-packages/airflow/example_dags/example_python_operator.py
[2022-01-03 13:21:28,567] {processor.py:637} INFO - DAG(s) dict_keys(['example_python_operator']) retrieved from /home/airflow/.local/lib/python3.7/site-packages/airflow/example_dags/example_python_operator.py
[2022-01-03 13:21:28,586] {logging_mixin.py:109} INFO - [2022-01-03 13:21:28,586] {dag.py:2396} INFO - Sync 1 DAGs
[2022-01-03 13:21:28,619] {logging_mixin.py:109} INFO - [2022-01-03 13:21:28,618] {dag.py:2928} INFO - Setting next_dagrun for example_python_operator to None
[2022-01-03 13:21:28,637] {processor.py:171} INFO - Processing /home/airflow/.local/lib/python3.7/site-packages/airflow/example_dags/example_python_operator.py took 0.124 seconds
[2022-01-03 13:21:59,260] {processor.py:163} INFO - Started process (PID=936) to work on /home/airflow/.local/lib/python3.7/site-packages/airflow/example_dags/example_python_operator.py
[2022-01-03 13:21:59,267] {processor.py:625} INFO - Processing file /home/airflow/.local/lib/python3.7/site-packages/airflow/example_dags/example_python_operator.py for tasks to queue
[2022-01-03 13:21:59,270] {logging_mixin.py:109} INFO - [2022-01-03 13:21:59,269] {dagbag.py:500} INFO - Filling up the DagBag from /home/airflow/.local/lib/python3.7/site-packages/airflow/example_dags/example_python_operator.py
[2022-01-03 13:21:59,328] {processor.py:637} INFO - DAG(s) dict_keys(['example_python_operator']) retrieved from /home/airflow/.local/lib/python3.7/site-packages/airflow/example_dags/example_python_operator.py
[2022-01-03 13:21:59,344] {logging_mixin.py:109} INFO - [2022-01-03 13:21:59,344] {dag.py:2396} INFO - Sync 1 DAGs
[2022-01-03 13:21:59,371] {logging_mixin.py:109} INFO - [2022-01-03 13:21:59,371] {dag.py:2928} INFO - Setting next_dagrun for example_python_operator to None
[2022-01-03 13:21:59,384] {processor.py:171} INFO - Processing /home/airflow/.local/lib/python3.7/site-packages/airflow/example_dags/example_python_operator.py took 0.135 seconds
[2022-01-03 13:22:29,577] {processor.py:163} INFO - Started process (PID=988) to work on /home/airflow/.local/lib/python3.7/site-packages/airflow/example_dags/example_python_operator.py
[2022-01-03 13:22:29,581] {processor.py:625} INFO - Processing file /home/airflow/.local/lib/python3.7/site-packages/airflow/example_dags/example_python_operator.py for tasks to queue
[2022-01-03 13:22:29,584] {logging_mixin.py:109} INFO - [2022-01-03 13:22:29,583] {dagbag.py:500} INFO - Filling up the DagBag from /home/airflow/.local/lib/python3.7/site-packages/airflow/example_dags/example_python_operator.py
[2022-01-03 13:22:29,658] {processor.py:637} INFO - DAG(s) dict_keys(['example_python_operator']) retrieved from /home/airflow/.local/lib/python3.7/site-packages/airflow/example_dags/example_python_operator.py
[2022-01-03 13:22:29,673] {logging_mixin.py:109} INFO - [2022-01-03 13:22:29,672] {dag.py:2396} INFO - Sync 1 DAGs
[2022-01-03 13:22:29,691] {logging_mixin.py:109} INFO - [2022-01-03 13:22:29,691] {dag.py:2928} INFO - Setting next_dagrun for example_python_operator to None
[2022-01-03 13:22:29,703] {processor.py:171} INFO - Processing /home/airflow/.local/lib/python3.7/site-packages/airflow/example_dags/example_python_operator.py took 0.139 seconds
[2022-01-03 13:23:00,673] {processor.py:163} INFO - Started process (PID=1041) to work on /home/airflow/.local/lib/python3.7/site-packages/airflow/example_dags/example_python_operator.py
[2022-01-03 13:23:00,679] {processor.py:625} INFO - Processing file /home/airflow/.local/lib/python3.7/site-packages/airflow/example_dags/example_python_operator.py for tasks to queue
[2022-01-03 13:23:00,679] {logging_mixin.py:109} INFO - [2022-01-03 13:23:00,679] {dagbag.py:500} INFO - Filling up the DagBag from /home/airflow/.local/lib/python3.7/site-packages/airflow/example_dags/example_python_operator.py
[2022-01-03 13:23:00,716] {processor.py:637} INFO - DAG(s) dict_keys(['example_python_operator']) retrieved from /home/airflow/.local/lib/python3.7/site-packages/airflow/example_dags/example_python_operator.py
[2022-01-03 13:23:00,732] {logging_mixin.py:109} INFO - [2022-01-03 13:23:00,732] {dag.py:2396} INFO - Sync 1 DAGs
[2022-01-03 13:23:00,758] {logging_mixin.py:109} INFO - [2022-01-03 13:23:00,758] {dag.py:2928} INFO - Setting next_dagrun for example_python_operator to None
[2022-01-03 13:23:00,771] {processor.py:171} INFO - Processing /home/airflow/.local/lib/python3.7/site-packages/airflow/example_dags/example_python_operator.py took 0.102 seconds
[2022-01-03 13:23:31,017] {processor.py:163} INFO - Started process (PID=1093) to work on /home/airflow/.local/lib/python3.7/site-packages/airflow/example_dags/example_python_operator.py
[2022-01-03 13:23:31,029] {processor.py:625} INFO - Processing file /home/airflow/.local/lib/python3.7/site-packages/airflow/example_dags/example_python_operator.py for tasks to queue
[2022-01-03 13:23:31,037] {logging_mixin.py:109} INFO - [2022-01-03 13:23:31,036] {dagbag.py:500} INFO - Filling up the DagBag from /home/airflow/.local/lib/python3.7/site-packages/airflow/example_dags/example_python_operator.py
[2022-01-03 13:23:31,151] {processor.py:637} INFO - DAG(s) dict_keys(['example_python_operator']) retrieved from /home/airflow/.local/lib/python3.7/site-packages/airflow/example_dags/example_python_operator.py
[2022-01-03 13:23:31,176] {logging_mixin.py:109} INFO - [2022-01-03 13:23:31,176] {dag.py:2396} INFO - Sync 1 DAGs
[2022-01-03 13:23:31,206] {logging_mixin.py:109} INFO - [2022-01-03 13:23:31,206] {dag.py:2928} INFO - Setting next_dagrun for example_python_operator to None
[2022-01-03 13:23:31,223] {processor.py:171} INFO - Processing /home/airflow/.local/lib/python3.7/site-packages/airflow/example_dags/example_python_operator.py took 0.218 seconds
[2022-01-03 13:24:01,309] {processor.py:163} INFO - Started process (PID=1151) to work on /home/airflow/.local/lib/python3.7/site-packages/airflow/example_dags/example_python_operator.py
[2022-01-03 13:24:01,311] {processor.py:625} INFO - Processing file /home/airflow/.local/lib/python3.7/site-packages/airflow/example_dags/example_python_operator.py for tasks to queue
[2022-01-03 13:24:01,314] {logging_mixin.py:109} INFO - [2022-01-03 13:24:01,314] {dagbag.py:500} INFO - Filling up the DagBag from /home/airflow/.local/lib/python3.7/site-packages/airflow/example_dags/example_python_operator.py
[2022-01-03 13:24:01,356] {processor.py:637} INFO - DAG(s) dict_keys(['example_python_operator']) retrieved from /home/airflow/.local/lib/python3.7/site-packages/airflow/example_dags/example_python_operator.py
[2022-01-03 13:24:01,371] {logging_mixin.py:109} INFO - [2022-01-03 13:24:01,371] {dag.py:2396} INFO - Sync 1 DAGs
[2022-01-03 13:24:01,397] {logging_mixin.py:109} INFO - [2022-01-03 13:24:01,397] {dag.py:2928} INFO - Setting next_dagrun for example_python_operator to None
[2022-01-03 13:24:01,408] {processor.py:171} INFO - Processing /home/airflow/.local/lib/python3.7/site-packages/airflow/example_dags/example_python_operator.py took 0.104 seconds
[2022-01-03 13:24:31,721] {processor.py:163} INFO - Started process (PID=1205) to work on /home/airflow/.local/lib/python3.7/site-packages/airflow/example_dags/example_python_operator.py
[2022-01-03 13:24:31,722] {processor.py:625} INFO - Processing file /home/airflow/.local/lib/python3.7/site-packages/airflow/example_dags/example_python_operator.py for tasks to queue
[2022-01-03 13:24:31,723] {logging_mixin.py:109} INFO - [2022-01-03 13:24:31,723] {dagbag.py:500} INFO - Filling up the DagBag from /home/airflow/.local/lib/python3.7/site-packages/airflow/example_dags/example_python_operator.py
[2022-01-03 13:24:31,769] {processor.py:637} INFO - DAG(s) dict_keys(['example_python_operator']) retrieved from /home/airflow/.local/lib/python3.7/site-packages/airflow/example_dags/example_python_operator.py
[2022-01-03 13:24:31,789] {logging_mixin.py:109} INFO - [2022-01-03 13:24:31,789] {dag.py:2396} INFO - Sync 1 DAGs
[2022-01-03 13:24:31,815] {logging_mixin.py:109} INFO - [2022-01-03 13:24:31,815] {dag.py:2928} INFO - Setting next_dagrun for example_python_operator to None
[2022-01-03 13:24:31,835] {processor.py:171} INFO - Processing /home/airflow/.local/lib/python3.7/site-packages/airflow/example_dags/example_python_operator.py took 0.119 seconds
[2022-01-03 13:25:02,105] {processor.py:163} INFO - Started process (PID=1255) to work on /home/airflow/.local/lib/python3.7/site-packages/airflow/example_dags/example_python_operator.py
[2022-01-03 13:25:02,111] {processor.py:625} INFO - Processing file /home/airflow/.local/lib/python3.7/site-packages/airflow/example_dags/example_python_operator.py for tasks to queue
[2022-01-03 13:25:02,112] {logging_mixin.py:109} INFO - [2022-01-03 13:25:02,112] {dagbag.py:500} INFO - Filling up the DagBag from /home/airflow/.local/lib/python3.7/site-packages/airflow/example_dags/example_python_operator.py
[2022-01-03 13:25:02,152] {processor.py:637} INFO - DAG(s) dict_keys(['example_python_operator']) retrieved from /home/airflow/.local/lib/python3.7/site-packages/airflow/example_dags/example_python_operator.py
[2022-01-03 13:25:02,169] {logging_mixin.py:109} INFO - [2022-01-03 13:25:02,169] {dag.py:2396} INFO - Sync 1 DAGs
[2022-01-03 13:25:02,200] {logging_mixin.py:109} INFO - [2022-01-03 13:25:02,200] {dag.py:2928} INFO - Setting next_dagrun for example_python_operator to None
[2022-01-03 13:25:02,212] {processor.py:171} INFO - Processing /home/airflow/.local/lib/python3.7/site-packages/airflow/example_dags/example_python_operator.py took 0.111 seconds
[2022-01-03 13:25:32,534] {processor.py:163} INFO - Started process (PID=1306) to work on /home/airflow/.local/lib/python3.7/site-packages/airflow/example_dags/example_python_operator.py
[2022-01-03 13:25:32,539] {processor.py:625} INFO - Processing file /home/airflow/.local/lib/python3.7/site-packages/airflow/example_dags/example_python_operator.py for tasks to queue
[2022-01-03 13:25:32,541] {logging_mixin.py:109} INFO - [2022-01-03 13:25:32,541] {dagbag.py:500} INFO - Filling up the DagBag from /home/airflow/.local/lib/python3.7/site-packages/airflow/example_dags/example_python_operator.py
[2022-01-03 13:25:32,648] {processor.py:637} INFO - DAG(s) dict_keys(['example_python_operator']) retrieved from /home/airflow/.local/lib/python3.7/site-packages/airflow/example_dags/example_python_operator.py
[2022-01-03 13:25:32,667] {logging_mixin.py:109} INFO - [2022-01-03 13:25:32,667] {dag.py:2396} INFO - Sync 1 DAGs
[2022-01-03 13:25:32,691] {logging_mixin.py:109} INFO - [2022-01-03 13:25:32,691] {dag.py:2928} INFO - Setting next_dagrun for example_python_operator to None
[2022-01-03 13:25:32,713] {processor.py:171} INFO - Processing /home/airflow/.local/lib/python3.7/site-packages/airflow/example_dags/example_python_operator.py took 0.192 seconds
[2022-01-03 13:26:02,963] {processor.py:163} INFO - Started process (PID=1373) to work on /home/airflow/.local/lib/python3.7/site-packages/airflow/example_dags/example_python_operator.py
[2022-01-03 13:26:02,969] {processor.py:625} INFO - Processing file /home/airflow/.local/lib/python3.7/site-packages/airflow/example_dags/example_python_operator.py for tasks to queue
[2022-01-03 13:26:02,970] {logging_mixin.py:109} INFO - [2022-01-03 13:26:02,970] {dagbag.py:500} INFO - Filling up the DagBag from /home/airflow/.local/lib/python3.7/site-packages/airflow/example_dags/example_python_operator.py
[2022-01-03 13:26:03,004] {processor.py:637} INFO - DAG(s) dict_keys(['example_python_operator']) retrieved from /home/airflow/.local/lib/python3.7/site-packages/airflow/example_dags/example_python_operator.py
[2022-01-03 13:26:03,021] {logging_mixin.py:109} INFO - [2022-01-03 13:26:03,021] {dag.py:2396} INFO - Sync 1 DAGs
[2022-01-03 13:26:03,048] {logging_mixin.py:109} INFO - [2022-01-03 13:26:03,048] {dag.py:2928} INFO - Setting next_dagrun for example_python_operator to None
[2022-01-03 13:26:03,062] {processor.py:171} INFO - Processing /home/airflow/.local/lib/python3.7/site-packages/airflow/example_dags/example_python_operator.py took 0.105 seconds
[2022-01-03 13:26:33,733] {processor.py:163} INFO - Started process (PID=1423) to work on /home/airflow/.local/lib/python3.7/site-packages/airflow/example_dags/example_python_operator.py
[2022-01-03 13:26:33,735] {processor.py:625} INFO - Processing file /home/airflow/.local/lib/python3.7/site-packages/airflow/example_dags/example_python_operator.py for tasks to queue
[2022-01-03 13:26:33,736] {logging_mixin.py:109} INFO - [2022-01-03 13:26:33,736] {dagbag.py:500} INFO - Filling up the DagBag from /home/airflow/.local/lib/python3.7/site-packages/airflow/example_dags/example_python_operator.py
[2022-01-03 13:26:33,785] {processor.py:637} INFO - DAG(s) dict_keys(['example_python_operator']) retrieved from /home/airflow/.local/lib/python3.7/site-packages/airflow/example_dags/example_python_operator.py
[2022-01-03 13:26:33,806] {logging_mixin.py:109} INFO - [2022-01-03 13:26:33,806] {dag.py:2396} INFO - Sync 1 DAGs
[2022-01-03 13:26:33,839] {logging_mixin.py:109} INFO - [2022-01-03 13:26:33,839] {dag.py:2928} INFO - Setting next_dagrun for example_python_operator to None
[2022-01-03 13:26:33,853] {processor.py:171} INFO - Processing /home/airflow/.local/lib/python3.7/site-packages/airflow/example_dags/example_python_operator.py took 0.127 seconds
[2022-01-03 13:27:04,092] {processor.py:163} INFO - Started process (PID=1474) to work on /home/airflow/.local/lib/python3.7/site-packages/airflow/example_dags/example_python_operator.py
[2022-01-03 13:27:04,097] {processor.py:625} INFO - Processing file /home/airflow/.local/lib/python3.7/site-packages/airflow/example_dags/example_python_operator.py for tasks to queue
[2022-01-03 13:27:04,098] {logging_mixin.py:109} INFO - [2022-01-03 13:27:04,098] {dagbag.py:500} INFO - Filling up the DagBag from /home/airflow/.local/lib/python3.7/site-packages/airflow/example_dags/example_python_operator.py
[2022-01-03 13:27:04,185] {processor.py:637} INFO - DAG(s) dict_keys(['example_python_operator']) retrieved from /home/airflow/.local/lib/python3.7/site-packages/airflow/example_dags/example_python_operator.py
[2022-01-03 13:27:04,206] {logging_mixin.py:109} INFO - [2022-01-03 13:27:04,206] {dag.py:2396} INFO - Sync 1 DAGs
[2022-01-03 13:27:04,233] {logging_mixin.py:109} INFO - [2022-01-03 13:27:04,233] {dag.py:2928} INFO - Setting next_dagrun for example_python_operator to None
[2022-01-03 13:27:04,254] {processor.py:171} INFO - Processing /home/airflow/.local/lib/python3.7/site-packages/airflow/example_dags/example_python_operator.py took 0.172 seconds
[2022-01-03 13:27:34,816] {processor.py:163} INFO - Started process (PID=1525) to work on /home/airflow/.local/lib/python3.7/site-packages/airflow/example_dags/example_python_operator.py
[2022-01-03 13:27:34,818] {processor.py:625} INFO - Processing file /home/airflow/.local/lib/python3.7/site-packages/airflow/example_dags/example_python_operator.py for tasks to queue
[2022-01-03 13:27:34,818] {logging_mixin.py:109} INFO - [2022-01-03 13:27:34,818] {dagbag.py:500} INFO - Filling up the DagBag from /home/airflow/.local/lib/python3.7/site-packages/airflow/example_dags/example_python_operator.py
[2022-01-03 13:27:34,854] {processor.py:637} INFO - DAG(s) dict_keys(['example_python_operator']) retrieved from /home/airflow/.local/lib/python3.7/site-packages/airflow/example_dags/example_python_operator.py
[2022-01-03 13:27:34,873] {logging_mixin.py:109} INFO - [2022-01-03 13:27:34,872] {dag.py:2396} INFO - Sync 1 DAGs
[2022-01-03 13:27:34,898] {logging_mixin.py:109} INFO - [2022-01-03 13:27:34,898] {dag.py:2928} INFO - Setting next_dagrun for example_python_operator to None
[2022-01-03 13:27:34,911] {processor.py:171} INFO - Processing /home/airflow/.local/lib/python3.7/site-packages/airflow/example_dags/example_python_operator.py took 0.100 seconds
[2022-01-03 13:28:05,934] {processor.py:163} INFO - Started process (PID=1576) to work on /home/airflow/.local/lib/python3.7/site-packages/airflow/example_dags/example_python_operator.py
[2022-01-03 13:28:05,940] {processor.py:625} INFO - Processing file /home/airflow/.local/lib/python3.7/site-packages/airflow/example_dags/example_python_operator.py for tasks to queue
[2022-01-03 13:28:05,941] {logging_mixin.py:109} INFO - [2022-01-03 13:28:05,941] {dagbag.py:500} INFO - Filling up the DagBag from /home/airflow/.local/lib/python3.7/site-packages/airflow/example_dags/example_python_operator.py
[2022-01-03 13:28:06,003] {processor.py:637} INFO - DAG(s) dict_keys(['example_python_operator']) retrieved from /home/airflow/.local/lib/python3.7/site-packages/airflow/example_dags/example_python_operator.py
[2022-01-03 13:28:06,086] {logging_mixin.py:109} INFO - [2022-01-03 13:28:06,086] {dag.py:2396} INFO - Sync 1 DAGs
[2022-01-03 13:28:06,176] {logging_mixin.py:109} INFO - [2022-01-03 13:28:06,176] {dag.py:2928} INFO - Setting next_dagrun for example_python_operator to None
[2022-01-03 13:28:06,211] {processor.py:171} INFO - Processing /home/airflow/.local/lib/python3.7/site-packages/airflow/example_dags/example_python_operator.py took 0.281 seconds
[2022-01-03 13:28:36,534] {processor.py:163} INFO - Started process (PID=1631) to work on /home/airflow/.local/lib/python3.7/site-packages/airflow/example_dags/example_python_operator.py
[2022-01-03 13:28:36,535] {processor.py:625} INFO - Processing file /home/airflow/.local/lib/python3.7/site-packages/airflow/example_dags/example_python_operator.py for tasks to queue
[2022-01-03 13:28:36,535] {logging_mixin.py:109} INFO - [2022-01-03 13:28:36,535] {dagbag.py:500} INFO - Filling up the DagBag from /home/airflow/.local/lib/python3.7/site-packages/airflow/example_dags/example_python_operator.py
[2022-01-03 13:28:36,574] {processor.py:637} INFO - DAG(s) dict_keys(['example_python_operator']) retrieved from /home/airflow/.local/lib/python3.7/site-packages/airflow/example_dags/example_python_operator.py
[2022-01-03 13:28:36,606] {logging_mixin.py:109} INFO - [2022-01-03 13:28:36,606] {dag.py:2396} INFO - Sync 1 DAGs
[2022-01-03 13:28:36,635] {logging_mixin.py:109} INFO - [2022-01-03 13:28:36,635] {dag.py:2928} INFO - Setting next_dagrun for example_python_operator to None
[2022-01-03 13:28:36,648] {processor.py:171} INFO - Processing /home/airflow/.local/lib/python3.7/site-packages/airflow/example_dags/example_python_operator.py took 0.118 seconds
[2022-01-03 13:29:06,940] {processor.py:163} INFO - Started process (PID=1693) to work on /home/airflow/.local/lib/python3.7/site-packages/airflow/example_dags/example_python_operator.py
[2022-01-03 13:29:06,946] {processor.py:625} INFO - Processing file /home/airflow/.local/lib/python3.7/site-packages/airflow/example_dags/example_python_operator.py for tasks to queue
[2022-01-03 13:29:06,947] {logging_mixin.py:109} INFO - [2022-01-03 13:29:06,947] {dagbag.py:500} INFO - Filling up the DagBag from /home/airflow/.local/lib/python3.7/site-packages/airflow/example_dags/example_python_operator.py
[2022-01-03 13:29:06,992] {processor.py:637} INFO - DAG(s) dict_keys(['example_python_operator']) retrieved from /home/airflow/.local/lib/python3.7/site-packages/airflow/example_dags/example_python_operator.py
[2022-01-03 13:29:07,013] {logging_mixin.py:109} INFO - [2022-01-03 13:29:07,013] {dag.py:2396} INFO - Sync 1 DAGs
[2022-01-03 13:29:07,047] {logging_mixin.py:109} INFO - [2022-01-03 13:29:07,047] {dag.py:2928} INFO - Setting next_dagrun for example_python_operator to None
[2022-01-03 13:29:07,063] {processor.py:171} INFO - Processing /home/airflow/.local/lib/python3.7/site-packages/airflow/example_dags/example_python_operator.py took 0.128 seconds
[2022-01-03 13:29:37,514] {processor.py:163} INFO - Started process (PID=1744) to work on /home/airflow/.local/lib/python3.7/site-packages/airflow/example_dags/example_python_operator.py
[2022-01-03 13:29:37,518] {processor.py:625} INFO - Processing file /home/airflow/.local/lib/python3.7/site-packages/airflow/example_dags/example_python_operator.py for tasks to queue
[2022-01-03 13:29:37,520] {logging_mixin.py:109} INFO - [2022-01-03 13:29:37,520] {dagbag.py:500} INFO - Filling up the DagBag from /home/airflow/.local/lib/python3.7/site-packages/airflow/example_dags/example_python_operator.py
[2022-01-03 13:29:37,568] {processor.py:637} INFO - DAG(s) dict_keys(['example_python_operator']) retrieved from /home/airflow/.local/lib/python3.7/site-packages/airflow/example_dags/example_python_operator.py
[2022-01-03 13:29:37,581] {logging_mixin.py:109} INFO - [2022-01-03 13:29:37,580] {dag.py:2396} INFO - Sync 1 DAGs
[2022-01-03 13:29:37,603] {logging_mixin.py:109} INFO - [2022-01-03 13:29:37,603] {dag.py:2928} INFO - Setting next_dagrun for example_python_operator to None
[2022-01-03 13:29:37,613] {processor.py:171} INFO - Processing /home/airflow/.local/lib/python3.7/site-packages/airflow/example_dags/example_python_operator.py took 0.110 seconds
[2022-01-03 13:30:08,452] {processor.py:163} INFO - Started process (PID=1794) to work on /home/airflow/.local/lib/python3.7/site-packages/airflow/example_dags/example_python_operator.py
[2022-01-03 13:30:08,453] {processor.py:625} INFO - Processing file /home/airflow/.local/lib/python3.7/site-packages/airflow/example_dags/example_python_operator.py for tasks to queue
[2022-01-03 13:30:08,454] {logging_mixin.py:109} INFO - [2022-01-03 13:30:08,454] {dagbag.py:500} INFO - Filling up the DagBag from /home/airflow/.local/lib/python3.7/site-packages/airflow/example_dags/example_python_operator.py
[2022-01-03 13:30:08,497] {processor.py:637} INFO - DAG(s) dict_keys(['example_python_operator']) retrieved from /home/airflow/.local/lib/python3.7/site-packages/airflow/example_dags/example_python_operator.py
[2022-01-03 13:30:08,515] {logging_mixin.py:109} INFO - [2022-01-03 13:30:08,515] {dag.py:2396} INFO - Sync 1 DAGs
[2022-01-03 13:30:08,536] {logging_mixin.py:109} INFO - [2022-01-03 13:30:08,536] {dag.py:2928} INFO - Setting next_dagrun for example_python_operator to None
[2022-01-03 13:30:08,551] {processor.py:171} INFO - Processing /home/airflow/.local/lib/python3.7/site-packages/airflow/example_dags/example_python_operator.py took 0.103 seconds
[2022-01-03 13:30:38,723] {processor.py:163} INFO - Started process (PID=1849) to work on /home/airflow/.local/lib/python3.7/site-packages/airflow/example_dags/example_python_operator.py
[2022-01-03 13:30:38,724] {processor.py:625} INFO - Processing file /home/airflow/.local/lib/python3.7/site-packages/airflow/example_dags/example_python_operator.py for tasks to queue
[2022-01-03 13:30:38,725] {logging_mixin.py:109} INFO - [2022-01-03 13:30:38,725] {dagbag.py:500} INFO - Filling up the DagBag from /home/airflow/.local/lib/python3.7/site-packages/airflow/example_dags/example_python_operator.py
[2022-01-03 13:30:38,765] {processor.py:637} INFO - DAG(s) dict_keys(['example_python_operator']) retrieved from /home/airflow/.local/lib/python3.7/site-packages/airflow/example_dags/example_python_operator.py
[2022-01-03 13:30:38,780] {logging_mixin.py:109} INFO - [2022-01-03 13:30:38,780] {dag.py:2396} INFO - Sync 1 DAGs
[2022-01-03 13:30:38,800] {logging_mixin.py:109} INFO - [2022-01-03 13:30:38,800] {dag.py:2928} INFO - Setting next_dagrun for example_python_operator to None
[2022-01-03 13:30:38,810] {processor.py:171} INFO - Processing /home/airflow/.local/lib/python3.7/site-packages/airflow/example_dags/example_python_operator.py took 0.090 seconds
[2022-01-03 13:31:09,311] {processor.py:163} INFO - Started process (PID=1908) to work on /home/airflow/.local/lib/python3.7/site-packages/airflow/example_dags/example_python_operator.py
[2022-01-03 13:31:09,315] {processor.py:625} INFO - Processing file /home/airflow/.local/lib/python3.7/site-packages/airflow/example_dags/example_python_operator.py for tasks to queue
[2022-01-03 13:31:09,316] {logging_mixin.py:109} INFO - [2022-01-03 13:31:09,316] {dagbag.py:500} INFO - Filling up the DagBag from /home/airflow/.local/lib/python3.7/site-packages/airflow/example_dags/example_python_operator.py
[2022-01-03 13:31:09,413] {processor.py:637} INFO - DAG(s) dict_keys(['example_python_operator']) retrieved from /home/airflow/.local/lib/python3.7/site-packages/airflow/example_dags/example_python_operator.py
[2022-01-03 13:31:09,458] {logging_mixin.py:109} INFO - [2022-01-03 13:31:09,458] {dag.py:2396} INFO - Sync 1 DAGs
[2022-01-03 13:31:09,522] {logging_mixin.py:109} INFO - [2022-01-03 13:31:09,521] {dag.py:2928} INFO - Setting next_dagrun for example_python_operator to None
[2022-01-03 13:31:09,619] {processor.py:171} INFO - Processing /home/airflow/.local/lib/python3.7/site-packages/airflow/example_dags/example_python_operator.py took 0.321 seconds
[2022-01-03 13:31:40,511] {processor.py:163} INFO - Started process (PID=1963) to work on /home/airflow/.local/lib/python3.7/site-packages/airflow/example_dags/example_python_operator.py
[2022-01-03 13:31:40,515] {processor.py:625} INFO - Processing file /home/airflow/.local/lib/python3.7/site-packages/airflow/example_dags/example_python_operator.py for tasks to queue
[2022-01-03 13:31:40,516] {logging_mixin.py:109} INFO - [2022-01-03 13:31:40,516] {dagbag.py:500} INFO - Filling up the DagBag from /home/airflow/.local/lib/python3.7/site-packages/airflow/example_dags/example_python_operator.py
[2022-01-03 13:31:40,591] {processor.py:637} INFO - DAG(s) dict_keys(['example_python_operator']) retrieved from /home/airflow/.local/lib/python3.7/site-packages/airflow/example_dags/example_python_operator.py
[2022-01-03 13:31:40,611] {logging_mixin.py:109} INFO - [2022-01-03 13:31:40,610] {dag.py:2396} INFO - Sync 1 DAGs
[2022-01-03 13:31:40,652] {logging_mixin.py:109} INFO - [2022-01-03 13:31:40,652] {dag.py:2928} INFO - Setting next_dagrun for example_python_operator to None
[2022-01-03 13:31:40,685] {processor.py:171} INFO - Processing /home/airflow/.local/lib/python3.7/site-packages/airflow/example_dags/example_python_operator.py took 0.179 seconds
[2022-01-03 13:38:13,443] {processor.py:163} INFO - Started process (PID=178) to work on /home/airflow/.local/lib/python3.7/site-packages/airflow/example_dags/example_python_operator.py
[2022-01-03 13:38:13,444] {processor.py:625} INFO - Processing file /home/airflow/.local/lib/python3.7/site-packages/airflow/example_dags/example_python_operator.py for tasks to queue
[2022-01-03 13:38:13,445] {logging_mixin.py:109} INFO - [2022-01-03 13:38:13,445] {dagbag.py:500} INFO - Filling up the DagBag from /home/airflow/.local/lib/python3.7/site-packages/airflow/example_dags/example_python_operator.py
[2022-01-03 13:38:13,487] {processor.py:637} INFO - DAG(s) dict_keys(['example_python_operator']) retrieved from /home/airflow/.local/lib/python3.7/site-packages/airflow/example_dags/example_python_operator.py
[2022-01-03 13:38:16,394] {logging_mixin.py:109} INFO - [2022-01-03 13:38:16,394] {providers_manager.py:156} WARNING - Exception when importing 'airflow.providers.google.leveldb.hooks.leveldb.LevelDBHook' from 'apache-airflow-providers-google' package: No module named 'plyvel'
[2022-01-03 13:38:17,500] {logging_mixin.py:109} INFO - [2022-01-03 13:38:17,500] {providers_manager.py:156} WARNING - Exception when importing 'airflow.providers.google.leveldb.hooks.leveldb.LevelDBHook' from 'apache-airflow-providers-google' package: No module named 'plyvel'
[2022-01-03 13:38:17,539] {logging_mixin.py:109} INFO - [2022-01-03 13:38:17,539] {manager.py:496} INFO - Created Permission View: can edit on DAG:example_python_operator
[2022-01-03 13:38:17,561] {logging_mixin.py:109} INFO - [2022-01-03 13:38:17,561] {manager.py:496} INFO - Created Permission View: can read on DAG:example_python_operator
[2022-01-03 13:38:17,562] {logging_mixin.py:109} INFO - [2022-01-03 13:38:17,562] {dag.py:2396} INFO - Sync 1 DAGs
[2022-01-03 13:38:17,577] {logging_mixin.py:109} INFO - [2022-01-03 13:38:17,576] {dag.py:2415} INFO - Creating ORM DAG for example_python_operator
[2022-01-03 13:38:17,589] {logging_mixin.py:109} INFO - [2022-01-03 13:38:17,589] {dag.py:2928} INFO - Setting next_dagrun for example_python_operator to None
[2022-01-03 13:38:17,608] {processor.py:171} INFO - Processing /home/airflow/.local/lib/python3.7/site-packages/airflow/example_dags/example_python_operator.py took 4.170 seconds
[2022-01-03 13:38:47,685] {processor.py:163} INFO - Started process (PID=281) to work on /home/airflow/.local/lib/python3.7/site-packages/airflow/example_dags/example_python_operator.py
[2022-01-03 13:38:47,686] {processor.py:625} INFO - Processing file /home/airflow/.local/lib/python3.7/site-packages/airflow/example_dags/example_python_operator.py for tasks to queue
[2022-01-03 13:38:47,687] {logging_mixin.py:109} INFO - [2022-01-03 13:38:47,687] {dagbag.py:500} INFO - Filling up the DagBag from /home/airflow/.local/lib/python3.7/site-packages/airflow/example_dags/example_python_operator.py
[2022-01-03 13:38:47,718] {processor.py:637} INFO - DAG(s) dict_keys(['example_python_operator']) retrieved from /home/airflow/.local/lib/python3.7/site-packages/airflow/example_dags/example_python_operator.py
[2022-01-03 13:38:47,732] {logging_mixin.py:109} INFO - [2022-01-03 13:38:47,732] {dag.py:2396} INFO - Sync 1 DAGs
[2022-01-03 13:38:47,762] {logging_mixin.py:109} INFO - [2022-01-03 13:38:47,762] {dag.py:2928} INFO - Setting next_dagrun for example_python_operator to None
[2022-01-03 13:38:47,773] {processor.py:171} INFO - Processing /home/airflow/.local/lib/python3.7/site-packages/airflow/example_dags/example_python_operator.py took 0.092 seconds
[2022-01-03 13:39:18,614] {processor.py:163} INFO - Started process (PID=334) to work on /home/airflow/.local/lib/python3.7/site-packages/airflow/example_dags/example_python_operator.py
[2022-01-03 13:39:18,615] {processor.py:625} INFO - Processing file /home/airflow/.local/lib/python3.7/site-packages/airflow/example_dags/example_python_operator.py for tasks to queue
[2022-01-03 13:39:18,616] {logging_mixin.py:109} INFO - [2022-01-03 13:39:18,616] {dagbag.py:500} INFO - Filling up the DagBag from /home/airflow/.local/lib/python3.7/site-packages/airflow/example_dags/example_python_operator.py
[2022-01-03 13:39:18,675] {processor.py:637} INFO - DAG(s) dict_keys(['example_python_operator']) retrieved from /home/airflow/.local/lib/python3.7/site-packages/airflow/example_dags/example_python_operator.py
[2022-01-03 13:39:18,709] {logging_mixin.py:109} INFO - [2022-01-03 13:39:18,709] {dag.py:2396} INFO - Sync 1 DAGs
[2022-01-03 13:39:18,733] {logging_mixin.py:109} INFO - [2022-01-03 13:39:18,733] {dag.py:2928} INFO - Setting next_dagrun for example_python_operator to None
[2022-01-03 13:39:18,747] {processor.py:171} INFO - Processing /home/airflow/.local/lib/python3.7/site-packages/airflow/example_dags/example_python_operator.py took 0.136 seconds
[2022-01-03 13:43:07,847] {processor.py:163} INFO - Started process (PID=177) to work on /home/airflow/.local/lib/python3.7/site-packages/airflow/example_dags/example_python_operator.py
[2022-01-03 13:43:07,849] {processor.py:625} INFO - Processing file /home/airflow/.local/lib/python3.7/site-packages/airflow/example_dags/example_python_operator.py for tasks to queue
[2022-01-03 13:43:07,850] {logging_mixin.py:109} INFO - [2022-01-03 13:43:07,849] {dagbag.py:500} INFO - Filling up the DagBag from /home/airflow/.local/lib/python3.7/site-packages/airflow/example_dags/example_python_operator.py
[2022-01-03 13:43:07,886] {processor.py:637} INFO - DAG(s) dict_keys(['example_python_operator']) retrieved from /home/airflow/.local/lib/python3.7/site-packages/airflow/example_dags/example_python_operator.py
[2022-01-03 13:43:10,758] {logging_mixin.py:109} INFO - [2022-01-03 13:43:10,758] {providers_manager.py:156} WARNING - Exception when importing 'airflow.providers.google.leveldb.hooks.leveldb.LevelDBHook' from 'apache-airflow-providers-google' package: No module named 'plyvel'
[2022-01-03 13:43:11,604] {logging_mixin.py:109} INFO - [2022-01-03 13:43:11,604] {providers_manager.py:156} WARNING - Exception when importing 'airflow.providers.google.leveldb.hooks.leveldb.LevelDBHook' from 'apache-airflow-providers-google' package: No module named 'plyvel'
[2022-01-03 13:43:11,649] {logging_mixin.py:109} INFO - [2022-01-03 13:43:11,649] {manager.py:496} INFO - Created Permission View: can read on DAG:example_python_operator
[2022-01-03 13:43:11,672] {logging_mixin.py:109} INFO - [2022-01-03 13:43:11,672] {manager.py:496} INFO - Created Permission View: can edit on DAG:example_python_operator
[2022-01-03 13:43:11,674] {logging_mixin.py:109} INFO - [2022-01-03 13:43:11,673] {dag.py:2396} INFO - Sync 1 DAGs
[2022-01-03 13:43:11,704] {logging_mixin.py:109} INFO - [2022-01-03 13:43:11,704] {dag.py:2415} INFO - Creating ORM DAG for example_python_operator
[2022-01-03 13:43:11,721] {logging_mixin.py:109} INFO - [2022-01-03 13:43:11,720] {dag.py:2928} INFO - Setting next_dagrun for example_python_operator to None
[2022-01-03 13:43:11,743] {processor.py:171} INFO - Processing /home/airflow/.local/lib/python3.7/site-packages/airflow/example_dags/example_python_operator.py took 3.899 seconds
[2022-01-03 13:43:41,925] {processor.py:163} INFO - Started process (PID=271) to work on /home/airflow/.local/lib/python3.7/site-packages/airflow/example_dags/example_python_operator.py
[2022-01-03 13:43:41,928] {processor.py:625} INFO - Processing file /home/airflow/.local/lib/python3.7/site-packages/airflow/example_dags/example_python_operator.py for tasks to queue
[2022-01-03 13:43:41,929] {logging_mixin.py:109} INFO - [2022-01-03 13:43:41,929] {dagbag.py:500} INFO - Filling up the DagBag from /home/airflow/.local/lib/python3.7/site-packages/airflow/example_dags/example_python_operator.py
[2022-01-03 13:43:41,969] {processor.py:637} INFO - DAG(s) dict_keys(['example_python_operator']) retrieved from /home/airflow/.local/lib/python3.7/site-packages/airflow/example_dags/example_python_operator.py
[2022-01-03 13:43:41,980] {logging_mixin.py:109} INFO - [2022-01-03 13:43:41,980] {dag.py:2396} INFO - Sync 1 DAGs
[2022-01-03 13:43:41,996] {logging_mixin.py:109} INFO - [2022-01-03 13:43:41,996] {dag.py:2928} INFO - Setting next_dagrun for example_python_operator to None
[2022-01-03 13:43:42,005] {processor.py:171} INFO - Processing /home/airflow/.local/lib/python3.7/site-packages/airflow/example_dags/example_python_operator.py took 0.088 seconds
[2022-01-03 13:44:12,352] {processor.py:163} INFO - Started process (PID=330) to work on /home/airflow/.local/lib/python3.7/site-packages/airflow/example_dags/example_python_operator.py
[2022-01-03 13:44:12,361] {processor.py:625} INFO - Processing file /home/airflow/.local/lib/python3.7/site-packages/airflow/example_dags/example_python_operator.py for tasks to queue
[2022-01-03 13:44:12,362] {logging_mixin.py:109} INFO - [2022-01-03 13:44:12,362] {dagbag.py:500} INFO - Filling up the DagBag from /home/airflow/.local/lib/python3.7/site-packages/airflow/example_dags/example_python_operator.py
[2022-01-03 13:44:12,434] {processor.py:637} INFO - DAG(s) dict_keys(['example_python_operator']) retrieved from /home/airflow/.local/lib/python3.7/site-packages/airflow/example_dags/example_python_operator.py
[2022-01-03 13:44:12,472] {logging_mixin.py:109} INFO - [2022-01-03 13:44:12,472] {dag.py:2396} INFO - Sync 1 DAGs
[2022-01-03 13:44:12,494] {logging_mixin.py:109} INFO - [2022-01-03 13:44:12,494] {dag.py:2928} INFO - Setting next_dagrun for example_python_operator to None
[2022-01-03 13:44:12,503] {processor.py:171} INFO - Processing /home/airflow/.local/lib/python3.7/site-packages/airflow/example_dags/example_python_operator.py took 0.155 seconds
[2022-01-03 13:44:42,554] {processor.py:163} INFO - Started process (PID=381) to work on /home/airflow/.local/lib/python3.7/site-packages/airflow/example_dags/example_python_operator.py
[2022-01-03 13:44:42,555] {processor.py:625} INFO - Processing file /home/airflow/.local/lib/python3.7/site-packages/airflow/example_dags/example_python_operator.py for tasks to queue
[2022-01-03 13:44:42,556] {logging_mixin.py:109} INFO - [2022-01-03 13:44:42,556] {dagbag.py:500} INFO - Filling up the DagBag from /home/airflow/.local/lib/python3.7/site-packages/airflow/example_dags/example_python_operator.py
[2022-01-03 13:44:42,606] {processor.py:637} INFO - DAG(s) dict_keys(['example_python_operator']) retrieved from /home/airflow/.local/lib/python3.7/site-packages/airflow/example_dags/example_python_operator.py
[2022-01-03 13:44:42,621] {logging_mixin.py:109} INFO - [2022-01-03 13:44:42,621] {dag.py:2396} INFO - Sync 1 DAGs
[2022-01-03 13:44:42,639] {logging_mixin.py:109} INFO - [2022-01-03 13:44:42,638] {dag.py:2928} INFO - Setting next_dagrun for example_python_operator to None
[2022-01-03 13:44:42,647] {processor.py:171} INFO - Processing /home/airflow/.local/lib/python3.7/site-packages/airflow/example_dags/example_python_operator.py took 0.109 seconds
[2022-01-03 13:45:13,515] {processor.py:163} INFO - Started process (PID=431) to work on /home/airflow/.local/lib/python3.7/site-packages/airflow/example_dags/example_python_operator.py
[2022-01-03 13:45:13,517] {processor.py:625} INFO - Processing file /home/airflow/.local/lib/python3.7/site-packages/airflow/example_dags/example_python_operator.py for tasks to queue
[2022-01-03 13:45:13,518] {logging_mixin.py:109} INFO - [2022-01-03 13:45:13,518] {dagbag.py:500} INFO - Filling up the DagBag from /home/airflow/.local/lib/python3.7/site-packages/airflow/example_dags/example_python_operator.py
[2022-01-03 13:45:13,560] {processor.py:637} INFO - DAG(s) dict_keys(['example_python_operator']) retrieved from /home/airflow/.local/lib/python3.7/site-packages/airflow/example_dags/example_python_operator.py
[2022-01-03 13:45:13,578] {logging_mixin.py:109} INFO - [2022-01-03 13:45:13,578] {dag.py:2396} INFO - Sync 1 DAGs
[2022-01-03 13:45:13,603] {logging_mixin.py:109} INFO - [2022-01-03 13:45:13,603] {dag.py:2928} INFO - Setting next_dagrun for example_python_operator to None
[2022-01-03 13:45:13,619] {processor.py:171} INFO - Processing /home/airflow/.local/lib/python3.7/site-packages/airflow/example_dags/example_python_operator.py took 0.107 seconds
[2022-01-03 13:45:44,419] {processor.py:163} INFO - Started process (PID=483) to work on /home/airflow/.local/lib/python3.7/site-packages/airflow/example_dags/example_python_operator.py
[2022-01-03 13:45:44,421] {processor.py:625} INFO - Processing file /home/airflow/.local/lib/python3.7/site-packages/airflow/example_dags/example_python_operator.py for tasks to queue
[2022-01-03 13:45:44,422] {logging_mixin.py:109} INFO - [2022-01-03 13:45:44,421] {dagbag.py:500} INFO - Filling up the DagBag from /home/airflow/.local/lib/python3.7/site-packages/airflow/example_dags/example_python_operator.py
[2022-01-03 13:45:44,457] {processor.py:637} INFO - DAG(s) dict_keys(['example_python_operator']) retrieved from /home/airflow/.local/lib/python3.7/site-packages/airflow/example_dags/example_python_operator.py
[2022-01-03 13:45:44,472] {logging_mixin.py:109} INFO - [2022-01-03 13:45:44,472] {dag.py:2396} INFO - Sync 1 DAGs
[2022-01-03 13:45:44,496] {logging_mixin.py:109} INFO - [2022-01-03 13:45:44,496] {dag.py:2928} INFO - Setting next_dagrun for example_python_operator to None
[2022-01-03 13:45:44,511] {processor.py:171} INFO - Processing /home/airflow/.local/lib/python3.7/site-packages/airflow/example_dags/example_python_operator.py took 0.095 seconds
[2022-01-03 13:46:15,027] {processor.py:163} INFO - Started process (PID=546) to work on /home/airflow/.local/lib/python3.7/site-packages/airflow/example_dags/example_python_operator.py
[2022-01-03 13:46:15,035] {processor.py:625} INFO - Processing file /home/airflow/.local/lib/python3.7/site-packages/airflow/example_dags/example_python_operator.py for tasks to queue
[2022-01-03 13:46:15,037] {logging_mixin.py:109} INFO - [2022-01-03 13:46:15,037] {dagbag.py:500} INFO - Filling up the DagBag from /home/airflow/.local/lib/python3.7/site-packages/airflow/example_dags/example_python_operator.py
[2022-01-03 13:46:15,118] {processor.py:637} INFO - DAG(s) dict_keys(['example_python_operator']) retrieved from /home/airflow/.local/lib/python3.7/site-packages/airflow/example_dags/example_python_operator.py
[2022-01-03 13:46:15,154] {logging_mixin.py:109} INFO - [2022-01-03 13:46:15,154] {dag.py:2396} INFO - Sync 1 DAGs
[2022-01-03 13:46:15,178] {logging_mixin.py:109} INFO - [2022-01-03 13:46:15,178] {dag.py:2928} INFO - Setting next_dagrun for example_python_operator to None
[2022-01-03 13:46:15,193] {processor.py:171} INFO - Processing /home/airflow/.local/lib/python3.7/site-packages/airflow/example_dags/example_python_operator.py took 0.169 seconds
