[2022-01-03 12:28:03,026] {processor.py:163} INFO - Started process (PID=116) to work on /home/airflow/.local/lib/python3.7/site-packages/airflow/example_dags/example_short_circuit_operator.py
[2022-01-03 12:28:03,027] {processor.py:625} INFO - Processing file /home/airflow/.local/lib/python3.7/site-packages/airflow/example_dags/example_short_circuit_operator.py for tasks to queue
[2022-01-03 12:28:03,028] {logging_mixin.py:109} INFO - [2022-01-03 12:28:03,028] {dagbag.py:500} INFO - Filling up the DagBag from /home/airflow/.local/lib/python3.7/site-packages/airflow/example_dags/example_short_circuit_operator.py
[2022-01-03 12:28:03,070] {processor.py:637} INFO - DAG(s) dict_keys(['example_short_circuit_operator']) retrieved from /home/airflow/.local/lib/python3.7/site-packages/airflow/example_dags/example_short_circuit_operator.py
[2022-01-03 12:28:05,386] {logging_mixin.py:109} INFO - [2022-01-03 12:28:05,386] {providers_manager.py:156} WARNING - Exception when importing 'airflow.providers.google.leveldb.hooks.leveldb.LevelDBHook' from 'apache-airflow-providers-google' package: No module named 'plyvel'
[2022-01-03 12:28:06,259] {logging_mixin.py:109} INFO - [2022-01-03 12:28:06,259] {providers_manager.py:156} WARNING - Exception when importing 'airflow.providers.google.leveldb.hooks.leveldb.LevelDBHook' from 'apache-airflow-providers-google' package: No module named 'plyvel'
[2022-01-03 12:28:06,350] {logging_mixin.py:109} INFO - [2022-01-03 12:28:06,350] {manager.py:496} INFO - Created Permission View: can read on DAG:example_short_circuit_operator
[2022-01-03 12:28:06,380] {logging_mixin.py:109} INFO - [2022-01-03 12:28:06,379] {manager.py:496} INFO - Created Permission View: can edit on DAG:example_short_circuit_operator
[2022-01-03 12:28:06,380] {logging_mixin.py:109} INFO - [2022-01-03 12:28:06,380] {dag.py:2396} INFO - Sync 1 DAGs
[2022-01-03 12:28:06,425] {logging_mixin.py:109} INFO - [2022-01-03 12:28:06,424] {dag.py:2415} INFO - Creating ORM DAG for example_short_circuit_operator
[2022-01-03 12:28:06,455] {logging_mixin.py:109} INFO - [2022-01-03 12:28:06,454] {dag.py:2928} INFO - Setting next_dagrun for example_short_circuit_operator to 2022-01-02T12:28:06.454604+00:00
[2022-01-03 12:28:06,498] {processor.py:171} INFO - Processing /home/airflow/.local/lib/python3.7/site-packages/airflow/example_dags/example_short_circuit_operator.py took 3.476 seconds
[2022-01-03 12:29:00,181] {processor.py:163} INFO - Started process (PID=272) to work on /home/airflow/.local/lib/python3.7/site-packages/airflow/example_dags/example_short_circuit_operator.py
[2022-01-03 12:29:00,185] {processor.py:625} INFO - Processing file /home/airflow/.local/lib/python3.7/site-packages/airflow/example_dags/example_short_circuit_operator.py for tasks to queue
[2022-01-03 12:29:00,186] {logging_mixin.py:109} INFO - [2022-01-03 12:29:00,186] {dagbag.py:500} INFO - Filling up the DagBag from /home/airflow/.local/lib/python3.7/site-packages/airflow/example_dags/example_short_circuit_operator.py
[2022-01-03 12:29:00,235] {processor.py:637} INFO - DAG(s) dict_keys(['example_short_circuit_operator']) retrieved from /home/airflow/.local/lib/python3.7/site-packages/airflow/example_dags/example_short_circuit_operator.py
[2022-01-03 12:29:00,267] {logging_mixin.py:109} INFO - [2022-01-03 12:29:00,266] {dag.py:2396} INFO - Sync 1 DAGs
[2022-01-03 12:29:00,303] {logging_mixin.py:109} INFO - [2022-01-03 12:29:00,303] {dag.py:2928} INFO - Setting next_dagrun for example_short_circuit_operator to 2022-01-02T12:29:00.302998+00:00
[2022-01-03 12:29:00,325] {processor.py:171} INFO - Processing /home/airflow/.local/lib/python3.7/site-packages/airflow/example_dags/example_short_circuit_operator.py took 0.148 seconds
[2022-01-03 12:29:30,925] {processor.py:163} INFO - Started process (PID=322) to work on /home/airflow/.local/lib/python3.7/site-packages/airflow/example_dags/example_short_circuit_operator.py
[2022-01-03 12:29:30,929] {processor.py:625} INFO - Processing file /home/airflow/.local/lib/python3.7/site-packages/airflow/example_dags/example_short_circuit_operator.py for tasks to queue
[2022-01-03 12:29:30,930] {logging_mixin.py:109} INFO - [2022-01-03 12:29:30,930] {dagbag.py:500} INFO - Filling up the DagBag from /home/airflow/.local/lib/python3.7/site-packages/airflow/example_dags/example_short_circuit_operator.py
[2022-01-03 12:29:30,988] {processor.py:637} INFO - DAG(s) dict_keys(['example_short_circuit_operator']) retrieved from /home/airflow/.local/lib/python3.7/site-packages/airflow/example_dags/example_short_circuit_operator.py
[2022-01-03 12:29:31,006] {logging_mixin.py:109} INFO - [2022-01-03 12:29:31,006] {dag.py:2396} INFO - Sync 1 DAGs
[2022-01-03 12:29:31,034] {logging_mixin.py:109} INFO - [2022-01-03 12:29:31,033] {dag.py:2928} INFO - Setting next_dagrun for example_short_circuit_operator to 2022-01-02T12:29:31.033444+00:00
[2022-01-03 12:29:31,045] {processor.py:171} INFO - Processing /home/airflow/.local/lib/python3.7/site-packages/airflow/example_dags/example_short_circuit_operator.py took 0.131 seconds
[2022-01-03 12:30:01,801] {processor.py:163} INFO - Started process (PID=374) to work on /home/airflow/.local/lib/python3.7/site-packages/airflow/example_dags/example_short_circuit_operator.py
[2022-01-03 12:30:01,804] {processor.py:625} INFO - Processing file /home/airflow/.local/lib/python3.7/site-packages/airflow/example_dags/example_short_circuit_operator.py for tasks to queue
[2022-01-03 12:30:01,806] {logging_mixin.py:109} INFO - [2022-01-03 12:30:01,805] {dagbag.py:500} INFO - Filling up the DagBag from /home/airflow/.local/lib/python3.7/site-packages/airflow/example_dags/example_short_circuit_operator.py
[2022-01-03 12:30:01,852] {processor.py:637} INFO - DAG(s) dict_keys(['example_short_circuit_operator']) retrieved from /home/airflow/.local/lib/python3.7/site-packages/airflow/example_dags/example_short_circuit_operator.py
[2022-01-03 12:30:01,868] {logging_mixin.py:109} INFO - [2022-01-03 12:30:01,868] {dag.py:2396} INFO - Sync 1 DAGs
[2022-01-03 12:30:01,890] {logging_mixin.py:109} INFO - [2022-01-03 12:30:01,890] {dag.py:2928} INFO - Setting next_dagrun for example_short_circuit_operator to 2022-01-02T12:30:01.890113+00:00
[2022-01-03 12:30:01,904] {processor.py:171} INFO - Processing /home/airflow/.local/lib/python3.7/site-packages/airflow/example_dags/example_short_circuit_operator.py took 0.112 seconds
[2022-01-03 12:30:32,456] {processor.py:163} INFO - Started process (PID=427) to work on /home/airflow/.local/lib/python3.7/site-packages/airflow/example_dags/example_short_circuit_operator.py
[2022-01-03 12:30:32,457] {processor.py:625} INFO - Processing file /home/airflow/.local/lib/python3.7/site-packages/airflow/example_dags/example_short_circuit_operator.py for tasks to queue
[2022-01-03 12:30:32,464] {logging_mixin.py:109} INFO - [2022-01-03 12:30:32,458] {dagbag.py:500} INFO - Filling up the DagBag from /home/airflow/.local/lib/python3.7/site-packages/airflow/example_dags/example_short_circuit_operator.py
[2022-01-03 12:30:32,562] {processor.py:637} INFO - DAG(s) dict_keys(['example_short_circuit_operator']) retrieved from /home/airflow/.local/lib/python3.7/site-packages/airflow/example_dags/example_short_circuit_operator.py
[2022-01-03 12:30:32,584] {logging_mixin.py:109} INFO - [2022-01-03 12:30:32,583] {dag.py:2396} INFO - Sync 1 DAGs
[2022-01-03 12:30:32,620] {logging_mixin.py:109} INFO - [2022-01-03 12:30:32,619] {dag.py:2928} INFO - Setting next_dagrun for example_short_circuit_operator to 2022-01-02T12:30:32.619529+00:00
[2022-01-03 12:30:32,641] {processor.py:171} INFO - Processing /home/airflow/.local/lib/python3.7/site-packages/airflow/example_dags/example_short_circuit_operator.py took 0.194 seconds
[2022-01-03 12:31:03,314] {processor.py:163} INFO - Started process (PID=478) to work on /home/airflow/.local/lib/python3.7/site-packages/airflow/example_dags/example_short_circuit_operator.py
[2022-01-03 12:31:03,323] {processor.py:625} INFO - Processing file /home/airflow/.local/lib/python3.7/site-packages/airflow/example_dags/example_short_circuit_operator.py for tasks to queue
[2022-01-03 12:31:03,324] {logging_mixin.py:109} INFO - [2022-01-03 12:31:03,324] {dagbag.py:500} INFO - Filling up the DagBag from /home/airflow/.local/lib/python3.7/site-packages/airflow/example_dags/example_short_circuit_operator.py
[2022-01-03 12:31:03,533] {processor.py:637} INFO - DAG(s) dict_keys(['example_short_circuit_operator']) retrieved from /home/airflow/.local/lib/python3.7/site-packages/airflow/example_dags/example_short_circuit_operator.py
[2022-01-03 12:31:03,586] {logging_mixin.py:109} INFO - [2022-01-03 12:31:03,586] {dag.py:2396} INFO - Sync 1 DAGs
[2022-01-03 12:31:03,632] {logging_mixin.py:109} INFO - [2022-01-03 12:31:03,632] {dag.py:2928} INFO - Setting next_dagrun for example_short_circuit_operator to 2022-01-02T12:31:03.632110+00:00
[2022-01-03 12:31:03,674] {processor.py:171} INFO - Processing /home/airflow/.local/lib/python3.7/site-packages/airflow/example_dags/example_short_circuit_operator.py took 0.364 seconds
[2022-01-03 12:31:34,235] {processor.py:163} INFO - Started process (PID=531) to work on /home/airflow/.local/lib/python3.7/site-packages/airflow/example_dags/example_short_circuit_operator.py
[2022-01-03 12:31:34,255] {processor.py:625} INFO - Processing file /home/airflow/.local/lib/python3.7/site-packages/airflow/example_dags/example_short_circuit_operator.py for tasks to queue
[2022-01-03 12:31:34,256] {logging_mixin.py:109} INFO - [2022-01-03 12:31:34,256] {dagbag.py:500} INFO - Filling up the DagBag from /home/airflow/.local/lib/python3.7/site-packages/airflow/example_dags/example_short_circuit_operator.py
[2022-01-03 12:31:34,334] {processor.py:637} INFO - DAG(s) dict_keys(['example_short_circuit_operator']) retrieved from /home/airflow/.local/lib/python3.7/site-packages/airflow/example_dags/example_short_circuit_operator.py
[2022-01-03 12:31:34,387] {logging_mixin.py:109} INFO - [2022-01-03 12:31:34,386] {dag.py:2396} INFO - Sync 1 DAGs
[2022-01-03 12:31:34,440] {logging_mixin.py:109} INFO - [2022-01-03 12:31:34,439] {dag.py:2928} INFO - Setting next_dagrun for example_short_circuit_operator to 2022-01-02T12:31:34.439482+00:00
[2022-01-03 12:31:34,480] {processor.py:171} INFO - Processing /home/airflow/.local/lib/python3.7/site-packages/airflow/example_dags/example_short_circuit_operator.py took 0.254 seconds
[2022-01-03 12:32:05,319] {processor.py:163} INFO - Started process (PID=578) to work on /home/airflow/.local/lib/python3.7/site-packages/airflow/example_dags/example_short_circuit_operator.py
[2022-01-03 12:32:05,321] {processor.py:625} INFO - Processing file /home/airflow/.local/lib/python3.7/site-packages/airflow/example_dags/example_short_circuit_operator.py for tasks to queue
[2022-01-03 12:32:05,323] {logging_mixin.py:109} INFO - [2022-01-03 12:32:05,323] {dagbag.py:500} INFO - Filling up the DagBag from /home/airflow/.local/lib/python3.7/site-packages/airflow/example_dags/example_short_circuit_operator.py
[2022-01-03 12:32:05,372] {processor.py:637} INFO - DAG(s) dict_keys(['example_short_circuit_operator']) retrieved from /home/airflow/.local/lib/python3.7/site-packages/airflow/example_dags/example_short_circuit_operator.py
[2022-01-03 12:32:05,391] {logging_mixin.py:109} INFO - [2022-01-03 12:32:05,391] {dag.py:2396} INFO - Sync 1 DAGs
[2022-01-03 12:32:05,429] {logging_mixin.py:109} INFO - [2022-01-03 12:32:05,429] {dag.py:2928} INFO - Setting next_dagrun for example_short_circuit_operator to 2022-01-02T12:32:05.429224+00:00
[2022-01-03 12:32:05,448] {processor.py:171} INFO - Processing /home/airflow/.local/lib/python3.7/site-packages/airflow/example_dags/example_short_circuit_operator.py took 0.145 seconds
[2022-01-03 13:13:43,230] {processor.py:163} INFO - Started process (PID=57) to work on /home/airflow/.local/lib/python3.7/site-packages/airflow/example_dags/example_short_circuit_operator.py
[2022-01-03 13:13:43,255] {processor.py:625} INFO - Processing file /home/airflow/.local/lib/python3.7/site-packages/airflow/example_dags/example_short_circuit_operator.py for tasks to queue
[2022-01-03 13:13:43,256] {logging_mixin.py:109} INFO - [2022-01-03 13:13:43,256] {dagbag.py:500} INFO - Filling up the DagBag from /home/airflow/.local/lib/python3.7/site-packages/airflow/example_dags/example_short_circuit_operator.py
[2022-01-03 13:13:43,433] {processor.py:637} INFO - DAG(s) dict_keys(['example_short_circuit_operator']) retrieved from /home/airflow/.local/lib/python3.7/site-packages/airflow/example_dags/example_short_circuit_operator.py
[2022-01-03 13:13:43,484] {logging_mixin.py:109} INFO - [2022-01-03 13:13:43,484] {dag.py:2396} INFO - Sync 1 DAGs
[2022-01-03 13:13:43,570] {logging_mixin.py:109} INFO - [2022-01-03 13:13:43,570] {dag.py:2928} INFO - Setting next_dagrun for example_short_circuit_operator to 2022-01-02T13:13:43.569869+00:00
[2022-01-03 13:13:43,605] {processor.py:171} INFO - Processing /home/airflow/.local/lib/python3.7/site-packages/airflow/example_dags/example_short_circuit_operator.py took 0.379 seconds
[2022-01-03 13:14:14,060] {processor.py:163} INFO - Started process (PID=104) to work on /home/airflow/.local/lib/python3.7/site-packages/airflow/example_dags/example_short_circuit_operator.py
[2022-01-03 13:14:14,061] {processor.py:625} INFO - Processing file /home/airflow/.local/lib/python3.7/site-packages/airflow/example_dags/example_short_circuit_operator.py for tasks to queue
[2022-01-03 13:14:14,062] {logging_mixin.py:109} INFO - [2022-01-03 13:14:14,061] {dagbag.py:500} INFO - Filling up the DagBag from /home/airflow/.local/lib/python3.7/site-packages/airflow/example_dags/example_short_circuit_operator.py
[2022-01-03 13:14:14,088] {processor.py:637} INFO - DAG(s) dict_keys(['example_short_circuit_operator']) retrieved from /home/airflow/.local/lib/python3.7/site-packages/airflow/example_dags/example_short_circuit_operator.py
[2022-01-03 13:14:14,098] {logging_mixin.py:109} INFO - [2022-01-03 13:14:14,098] {dag.py:2396} INFO - Sync 1 DAGs
[2022-01-03 13:14:14,115] {logging_mixin.py:109} INFO - [2022-01-03 13:14:14,115] {dag.py:2928} INFO - Setting next_dagrun for example_short_circuit_operator to 2022-01-02T13:14:14.114948+00:00
[2022-01-03 13:14:14,124] {processor.py:171} INFO - Processing /home/airflow/.local/lib/python3.7/site-packages/airflow/example_dags/example_short_circuit_operator.py took 0.067 seconds
[2022-01-03 13:14:44,691] {processor.py:163} INFO - Started process (PID=169) to work on /home/airflow/.local/lib/python3.7/site-packages/airflow/example_dags/example_short_circuit_operator.py
[2022-01-03 13:14:44,725] {processor.py:625} INFO - Processing file /home/airflow/.local/lib/python3.7/site-packages/airflow/example_dags/example_short_circuit_operator.py for tasks to queue
[2022-01-03 13:14:44,725] {logging_mixin.py:109} INFO - [2022-01-03 13:14:44,725] {dagbag.py:500} INFO - Filling up the DagBag from /home/airflow/.local/lib/python3.7/site-packages/airflow/example_dags/example_short_circuit_operator.py
[2022-01-03 13:14:44,852] {processor.py:637} INFO - DAG(s) dict_keys(['example_short_circuit_operator']) retrieved from /home/airflow/.local/lib/python3.7/site-packages/airflow/example_dags/example_short_circuit_operator.py
[2022-01-03 13:14:44,869] {logging_mixin.py:109} INFO - [2022-01-03 13:14:44,869] {dag.py:2396} INFO - Sync 1 DAGs
[2022-01-03 13:14:44,902] {logging_mixin.py:109} INFO - [2022-01-03 13:14:44,901] {dag.py:2928} INFO - Setting next_dagrun for example_short_circuit_operator to 2022-01-02T13:14:44.900619+00:00
[2022-01-03 13:14:44,917] {processor.py:171} INFO - Processing /home/airflow/.local/lib/python3.7/site-packages/airflow/example_dags/example_short_circuit_operator.py took 0.230 seconds
[2022-01-03 13:15:14,990] {processor.py:163} INFO - Started process (PID=221) to work on /home/airflow/.local/lib/python3.7/site-packages/airflow/example_dags/example_short_circuit_operator.py
[2022-01-03 13:15:14,992] {processor.py:625} INFO - Processing file /home/airflow/.local/lib/python3.7/site-packages/airflow/example_dags/example_short_circuit_operator.py for tasks to queue
[2022-01-03 13:15:14,992] {logging_mixin.py:109} INFO - [2022-01-03 13:15:14,992] {dagbag.py:500} INFO - Filling up the DagBag from /home/airflow/.local/lib/python3.7/site-packages/airflow/example_dags/example_short_circuit_operator.py
[2022-01-03 13:15:15,027] {processor.py:637} INFO - DAG(s) dict_keys(['example_short_circuit_operator']) retrieved from /home/airflow/.local/lib/python3.7/site-packages/airflow/example_dags/example_short_circuit_operator.py
[2022-01-03 13:15:15,040] {logging_mixin.py:109} INFO - [2022-01-03 13:15:15,040] {dag.py:2396} INFO - Sync 1 DAGs
[2022-01-03 13:15:15,061] {logging_mixin.py:109} INFO - [2022-01-03 13:15:15,061] {dag.py:2928} INFO - Setting next_dagrun for example_short_circuit_operator to 2022-01-02T13:15:15.060767+00:00
[2022-01-03 13:15:15,074] {processor.py:171} INFO - Processing /home/airflow/.local/lib/python3.7/site-packages/airflow/example_dags/example_short_circuit_operator.py took 0.088 seconds
[2022-01-03 13:15:45,943] {processor.py:163} INFO - Started process (PID=277) to work on /home/airflow/.local/lib/python3.7/site-packages/airflow/example_dags/example_short_circuit_operator.py
[2022-01-03 13:15:45,946] {processor.py:625} INFO - Processing file /home/airflow/.local/lib/python3.7/site-packages/airflow/example_dags/example_short_circuit_operator.py for tasks to queue
[2022-01-03 13:15:45,947] {logging_mixin.py:109} INFO - [2022-01-03 13:15:45,947] {dagbag.py:500} INFO - Filling up the DagBag from /home/airflow/.local/lib/python3.7/site-packages/airflow/example_dags/example_short_circuit_operator.py
[2022-01-03 13:15:45,990] {processor.py:637} INFO - DAG(s) dict_keys(['example_short_circuit_operator']) retrieved from /home/airflow/.local/lib/python3.7/site-packages/airflow/example_dags/example_short_circuit_operator.py
[2022-01-03 13:15:46,008] {logging_mixin.py:109} INFO - [2022-01-03 13:15:46,007] {dag.py:2396} INFO - Sync 1 DAGs
[2022-01-03 13:15:46,048] {logging_mixin.py:109} INFO - [2022-01-03 13:15:46,048] {dag.py:2928} INFO - Setting next_dagrun for example_short_circuit_operator to 2022-01-02T13:15:46.048164+00:00
[2022-01-03 13:15:46,061] {processor.py:171} INFO - Processing /home/airflow/.local/lib/python3.7/site-packages/airflow/example_dags/example_short_circuit_operator.py took 0.124 seconds
[2022-01-03 13:16:16,643] {processor.py:163} INFO - Started process (PID=344) to work on /home/airflow/.local/lib/python3.7/site-packages/airflow/example_dags/example_short_circuit_operator.py
[2022-01-03 13:16:16,644] {processor.py:625} INFO - Processing file /home/airflow/.local/lib/python3.7/site-packages/airflow/example_dags/example_short_circuit_operator.py for tasks to queue
[2022-01-03 13:16:16,645] {logging_mixin.py:109} INFO - [2022-01-03 13:16:16,645] {dagbag.py:500} INFO - Filling up the DagBag from /home/airflow/.local/lib/python3.7/site-packages/airflow/example_dags/example_short_circuit_operator.py
[2022-01-03 13:16:16,691] {processor.py:637} INFO - DAG(s) dict_keys(['example_short_circuit_operator']) retrieved from /home/airflow/.local/lib/python3.7/site-packages/airflow/example_dags/example_short_circuit_operator.py
[2022-01-03 13:16:16,711] {logging_mixin.py:109} INFO - [2022-01-03 13:16:16,711] {dag.py:2396} INFO - Sync 1 DAGs
[2022-01-03 13:16:16,743] {logging_mixin.py:109} INFO - [2022-01-03 13:16:16,743] {dag.py:2928} INFO - Setting next_dagrun for example_short_circuit_operator to 2022-01-02T13:16:16.742878+00:00
[2022-01-03 13:16:16,763] {processor.py:171} INFO - Processing /home/airflow/.local/lib/python3.7/site-packages/airflow/example_dags/example_short_circuit_operator.py took 0.126 seconds
[2022-01-03 13:16:46,812] {processor.py:163} INFO - Started process (PID=394) to work on /home/airflow/.local/lib/python3.7/site-packages/airflow/example_dags/example_short_circuit_operator.py
[2022-01-03 13:16:46,814] {processor.py:625} INFO - Processing file /home/airflow/.local/lib/python3.7/site-packages/airflow/example_dags/example_short_circuit_operator.py for tasks to queue
[2022-01-03 13:16:46,815] {logging_mixin.py:109} INFO - [2022-01-03 13:16:46,815] {dagbag.py:500} INFO - Filling up the DagBag from /home/airflow/.local/lib/python3.7/site-packages/airflow/example_dags/example_short_circuit_operator.py
[2022-01-03 13:16:46,885] {processor.py:637} INFO - DAG(s) dict_keys(['example_short_circuit_operator']) retrieved from /home/airflow/.local/lib/python3.7/site-packages/airflow/example_dags/example_short_circuit_operator.py
[2022-01-03 13:16:46,905] {logging_mixin.py:109} INFO - [2022-01-03 13:16:46,905] {dag.py:2396} INFO - Sync 1 DAGs
[2022-01-03 13:16:46,934] {logging_mixin.py:109} INFO - [2022-01-03 13:16:46,934] {dag.py:2928} INFO - Setting next_dagrun for example_short_circuit_operator to 2022-01-02T13:16:46.933661+00:00
[2022-01-03 13:16:46,957] {processor.py:171} INFO - Processing /home/airflow/.local/lib/python3.7/site-packages/airflow/example_dags/example_short_circuit_operator.py took 0.149 seconds
[2022-01-03 13:17:16,999] {processor.py:163} INFO - Started process (PID=445) to work on /home/airflow/.local/lib/python3.7/site-packages/airflow/example_dags/example_short_circuit_operator.py
[2022-01-03 13:17:16,999] {processor.py:625} INFO - Processing file /home/airflow/.local/lib/python3.7/site-packages/airflow/example_dags/example_short_circuit_operator.py for tasks to queue
[2022-01-03 13:17:17,000] {logging_mixin.py:109} INFO - [2022-01-03 13:17:17,000] {dagbag.py:500} INFO - Filling up the DagBag from /home/airflow/.local/lib/python3.7/site-packages/airflow/example_dags/example_short_circuit_operator.py
[2022-01-03 13:17:17,031] {processor.py:637} INFO - DAG(s) dict_keys(['example_short_circuit_operator']) retrieved from /home/airflow/.local/lib/python3.7/site-packages/airflow/example_dags/example_short_circuit_operator.py
[2022-01-03 13:17:17,042] {logging_mixin.py:109} INFO - [2022-01-03 13:17:17,042] {dag.py:2396} INFO - Sync 1 DAGs
[2022-01-03 13:17:17,061] {logging_mixin.py:109} INFO - [2022-01-03 13:17:17,061] {dag.py:2928} INFO - Setting next_dagrun for example_short_circuit_operator to 2022-01-02T13:17:17.060748+00:00
[2022-01-03 13:17:17,072] {processor.py:171} INFO - Processing /home/airflow/.local/lib/python3.7/site-packages/airflow/example_dags/example_short_circuit_operator.py took 0.077 seconds
[2022-01-03 13:17:48,123] {processor.py:163} INFO - Started process (PID=498) to work on /home/airflow/.local/lib/python3.7/site-packages/airflow/example_dags/example_short_circuit_operator.py
[2022-01-03 13:17:48,124] {processor.py:625} INFO - Processing file /home/airflow/.local/lib/python3.7/site-packages/airflow/example_dags/example_short_circuit_operator.py for tasks to queue
[2022-01-03 13:17:48,125] {logging_mixin.py:109} INFO - [2022-01-03 13:17:48,125] {dagbag.py:500} INFO - Filling up the DagBag from /home/airflow/.local/lib/python3.7/site-packages/airflow/example_dags/example_short_circuit_operator.py
[2022-01-03 13:17:48,154] {processor.py:637} INFO - DAG(s) dict_keys(['example_short_circuit_operator']) retrieved from /home/airflow/.local/lib/python3.7/site-packages/airflow/example_dags/example_short_circuit_operator.py
[2022-01-03 13:17:48,165] {logging_mixin.py:109} INFO - [2022-01-03 13:17:48,165] {dag.py:2396} INFO - Sync 1 DAGs
[2022-01-03 13:17:48,186] {logging_mixin.py:109} INFO - [2022-01-03 13:17:48,186] {dag.py:2928} INFO - Setting next_dagrun for example_short_circuit_operator to 2022-01-02T13:17:48.185958+00:00
[2022-01-03 13:17:48,202] {processor.py:171} INFO - Processing /home/airflow/.local/lib/python3.7/site-packages/airflow/example_dags/example_short_circuit_operator.py took 0.083 seconds
[2022-01-03 13:18:18,498] {processor.py:163} INFO - Started process (PID=549) to work on /home/airflow/.local/lib/python3.7/site-packages/airflow/example_dags/example_short_circuit_operator.py
[2022-01-03 13:18:18,499] {processor.py:625} INFO - Processing file /home/airflow/.local/lib/python3.7/site-packages/airflow/example_dags/example_short_circuit_operator.py for tasks to queue
[2022-01-03 13:18:18,500] {logging_mixin.py:109} INFO - [2022-01-03 13:18:18,500] {dagbag.py:500} INFO - Filling up the DagBag from /home/airflow/.local/lib/python3.7/site-packages/airflow/example_dags/example_short_circuit_operator.py
[2022-01-03 13:18:18,534] {processor.py:637} INFO - DAG(s) dict_keys(['example_short_circuit_operator']) retrieved from /home/airflow/.local/lib/python3.7/site-packages/airflow/example_dags/example_short_circuit_operator.py
[2022-01-03 13:18:18,548] {logging_mixin.py:109} INFO - [2022-01-03 13:18:18,547] {dag.py:2396} INFO - Sync 1 DAGs
[2022-01-03 13:18:18,576] {logging_mixin.py:109} INFO - [2022-01-03 13:18:18,575] {dag.py:2928} INFO - Setting next_dagrun for example_short_circuit_operator to 2022-01-02T13:18:18.575596+00:00
[2022-01-03 13:18:18,590] {processor.py:171} INFO - Processing /home/airflow/.local/lib/python3.7/site-packages/airflow/example_dags/example_short_circuit_operator.py took 0.096 seconds
[2022-01-03 13:18:48,859] {processor.py:163} INFO - Started process (PID=601) to work on /home/airflow/.local/lib/python3.7/site-packages/airflow/example_dags/example_short_circuit_operator.py
[2022-01-03 13:18:48,861] {processor.py:625} INFO - Processing file /home/airflow/.local/lib/python3.7/site-packages/airflow/example_dags/example_short_circuit_operator.py for tasks to queue
[2022-01-03 13:18:48,862] {logging_mixin.py:109} INFO - [2022-01-03 13:18:48,861] {dagbag.py:500} INFO - Filling up the DagBag from /home/airflow/.local/lib/python3.7/site-packages/airflow/example_dags/example_short_circuit_operator.py
[2022-01-03 13:18:48,901] {processor.py:637} INFO - DAG(s) dict_keys(['example_short_circuit_operator']) retrieved from /home/airflow/.local/lib/python3.7/site-packages/airflow/example_dags/example_short_circuit_operator.py
[2022-01-03 13:18:48,916] {logging_mixin.py:109} INFO - [2022-01-03 13:18:48,916] {dag.py:2396} INFO - Sync 1 DAGs
[2022-01-03 13:18:48,940] {logging_mixin.py:109} INFO - [2022-01-03 13:18:48,940] {dag.py:2928} INFO - Setting next_dagrun for example_short_circuit_operator to 2022-01-02T13:18:48.940034+00:00
[2022-01-03 13:18:48,952] {processor.py:171} INFO - Processing /home/airflow/.local/lib/python3.7/site-packages/airflow/example_dags/example_short_circuit_operator.py took 0.097 seconds
[2022-01-03 13:19:19,598] {processor.py:163} INFO - Started process (PID=661) to work on /home/airflow/.local/lib/python3.7/site-packages/airflow/example_dags/example_short_circuit_operator.py
[2022-01-03 13:19:19,600] {processor.py:625} INFO - Processing file /home/airflow/.local/lib/python3.7/site-packages/airflow/example_dags/example_short_circuit_operator.py for tasks to queue
[2022-01-03 13:19:19,600] {logging_mixin.py:109} INFO - [2022-01-03 13:19:19,600] {dagbag.py:500} INFO - Filling up the DagBag from /home/airflow/.local/lib/python3.7/site-packages/airflow/example_dags/example_short_circuit_operator.py
[2022-01-03 13:19:19,631] {processor.py:637} INFO - DAG(s) dict_keys(['example_short_circuit_operator']) retrieved from /home/airflow/.local/lib/python3.7/site-packages/airflow/example_dags/example_short_circuit_operator.py
[2022-01-03 13:19:19,643] {logging_mixin.py:109} INFO - [2022-01-03 13:19:19,643] {dag.py:2396} INFO - Sync 1 DAGs
[2022-01-03 13:19:19,663] {logging_mixin.py:109} INFO - [2022-01-03 13:19:19,663] {dag.py:2928} INFO - Setting next_dagrun for example_short_circuit_operator to 2022-01-02T13:19:19.663367+00:00
[2022-01-03 13:19:19,673] {processor.py:171} INFO - Processing /home/airflow/.local/lib/python3.7/site-packages/airflow/example_dags/example_short_circuit_operator.py took 0.078 seconds
[2022-01-03 13:19:50,353] {processor.py:163} INFO - Started process (PID=711) to work on /home/airflow/.local/lib/python3.7/site-packages/airflow/example_dags/example_short_circuit_operator.py
[2022-01-03 13:19:50,355] {processor.py:625} INFO - Processing file /home/airflow/.local/lib/python3.7/site-packages/airflow/example_dags/example_short_circuit_operator.py for tasks to queue
[2022-01-03 13:19:50,356] {logging_mixin.py:109} INFO - [2022-01-03 13:19:50,356] {dagbag.py:500} INFO - Filling up the DagBag from /home/airflow/.local/lib/python3.7/site-packages/airflow/example_dags/example_short_circuit_operator.py
[2022-01-03 13:19:50,398] {processor.py:637} INFO - DAG(s) dict_keys(['example_short_circuit_operator']) retrieved from /home/airflow/.local/lib/python3.7/site-packages/airflow/example_dags/example_short_circuit_operator.py
[2022-01-03 13:19:50,416] {logging_mixin.py:109} INFO - [2022-01-03 13:19:50,416] {dag.py:2396} INFO - Sync 1 DAGs
[2022-01-03 13:19:50,448] {logging_mixin.py:109} INFO - [2022-01-03 13:19:50,448] {dag.py:2928} INFO - Setting next_dagrun for example_short_circuit_operator to 2022-01-02T13:19:50.448249+00:00
[2022-01-03 13:19:50,470] {processor.py:171} INFO - Processing /home/airflow/.local/lib/python3.7/site-packages/airflow/example_dags/example_short_circuit_operator.py took 0.121 seconds
[2022-01-03 13:20:21,134] {processor.py:163} INFO - Started process (PID=765) to work on /home/airflow/.local/lib/python3.7/site-packages/airflow/example_dags/example_short_circuit_operator.py
[2022-01-03 13:20:21,135] {processor.py:625} INFO - Processing file /home/airflow/.local/lib/python3.7/site-packages/airflow/example_dags/example_short_circuit_operator.py for tasks to queue
[2022-01-03 13:20:21,136] {logging_mixin.py:109} INFO - [2022-01-03 13:20:21,136] {dagbag.py:500} INFO - Filling up the DagBag from /home/airflow/.local/lib/python3.7/site-packages/airflow/example_dags/example_short_circuit_operator.py
[2022-01-03 13:20:21,192] {processor.py:637} INFO - DAG(s) dict_keys(['example_short_circuit_operator']) retrieved from /home/airflow/.local/lib/python3.7/site-packages/airflow/example_dags/example_short_circuit_operator.py
[2022-01-03 13:20:21,209] {logging_mixin.py:109} INFO - [2022-01-03 13:20:21,208] {dag.py:2396} INFO - Sync 1 DAGs
[2022-01-03 13:20:21,235] {logging_mixin.py:109} INFO - [2022-01-03 13:20:21,235] {dag.py:2928} INFO - Setting next_dagrun for example_short_circuit_operator to 2022-01-02T13:20:21.234830+00:00
[2022-01-03 13:20:21,246] {processor.py:171} INFO - Processing /home/airflow/.local/lib/python3.7/site-packages/airflow/example_dags/example_short_circuit_operator.py took 0.119 seconds
[2022-01-03 13:20:51,658] {processor.py:163} INFO - Started process (PID=816) to work on /home/airflow/.local/lib/python3.7/site-packages/airflow/example_dags/example_short_circuit_operator.py
[2022-01-03 13:20:51,663] {processor.py:625} INFO - Processing file /home/airflow/.local/lib/python3.7/site-packages/airflow/example_dags/example_short_circuit_operator.py for tasks to queue
[2022-01-03 13:20:51,664] {logging_mixin.py:109} INFO - [2022-01-03 13:20:51,664] {dagbag.py:500} INFO - Filling up the DagBag from /home/airflow/.local/lib/python3.7/site-packages/airflow/example_dags/example_short_circuit_operator.py
[2022-01-03 13:20:51,710] {processor.py:637} INFO - DAG(s) dict_keys(['example_short_circuit_operator']) retrieved from /home/airflow/.local/lib/python3.7/site-packages/airflow/example_dags/example_short_circuit_operator.py
[2022-01-03 13:20:51,725] {logging_mixin.py:109} INFO - [2022-01-03 13:20:51,725] {dag.py:2396} INFO - Sync 1 DAGs
[2022-01-03 13:20:51,751] {logging_mixin.py:109} INFO - [2022-01-03 13:20:51,751] {dag.py:2928} INFO - Setting next_dagrun for example_short_circuit_operator to 2022-01-02T13:20:51.751158+00:00
[2022-01-03 13:20:51,765] {processor.py:171} INFO - Processing /home/airflow/.local/lib/python3.7/site-packages/airflow/example_dags/example_short_circuit_operator.py took 0.111 seconds
[2022-01-03 13:21:22,544] {processor.py:163} INFO - Started process (PID=866) to work on /home/airflow/.local/lib/python3.7/site-packages/airflow/example_dags/example_short_circuit_operator.py
[2022-01-03 13:21:22,546] {processor.py:625} INFO - Processing file /home/airflow/.local/lib/python3.7/site-packages/airflow/example_dags/example_short_circuit_operator.py for tasks to queue
[2022-01-03 13:21:22,547] {logging_mixin.py:109} INFO - [2022-01-03 13:21:22,547] {dagbag.py:500} INFO - Filling up the DagBag from /home/airflow/.local/lib/python3.7/site-packages/airflow/example_dags/example_short_circuit_operator.py
[2022-01-03 13:21:22,585] {processor.py:637} INFO - DAG(s) dict_keys(['example_short_circuit_operator']) retrieved from /home/airflow/.local/lib/python3.7/site-packages/airflow/example_dags/example_short_circuit_operator.py
[2022-01-03 13:21:22,601] {logging_mixin.py:109} INFO - [2022-01-03 13:21:22,601] {dag.py:2396} INFO - Sync 1 DAGs
[2022-01-03 13:21:22,626] {logging_mixin.py:109} INFO - [2022-01-03 13:21:22,625] {dag.py:2928} INFO - Setting next_dagrun for example_short_circuit_operator to 2022-01-02T13:21:22.625627+00:00
[2022-01-03 13:21:22,638] {processor.py:171} INFO - Processing /home/airflow/.local/lib/python3.7/site-packages/airflow/example_dags/example_short_circuit_operator.py took 0.098 seconds
[2022-01-03 13:21:53,320] {processor.py:163} INFO - Started process (PID=917) to work on /home/airflow/.local/lib/python3.7/site-packages/airflow/example_dags/example_short_circuit_operator.py
[2022-01-03 13:21:53,321] {processor.py:625} INFO - Processing file /home/airflow/.local/lib/python3.7/site-packages/airflow/example_dags/example_short_circuit_operator.py for tasks to queue
[2022-01-03 13:21:53,322] {logging_mixin.py:109} INFO - [2022-01-03 13:21:53,321] {dagbag.py:500} INFO - Filling up the DagBag from /home/airflow/.local/lib/python3.7/site-packages/airflow/example_dags/example_short_circuit_operator.py
[2022-01-03 13:21:53,355] {processor.py:637} INFO - DAG(s) dict_keys(['example_short_circuit_operator']) retrieved from /home/airflow/.local/lib/python3.7/site-packages/airflow/example_dags/example_short_circuit_operator.py
[2022-01-03 13:21:53,368] {logging_mixin.py:109} INFO - [2022-01-03 13:21:53,368] {dag.py:2396} INFO - Sync 1 DAGs
[2022-01-03 13:21:53,389] {logging_mixin.py:109} INFO - [2022-01-03 13:21:53,389] {dag.py:2928} INFO - Setting next_dagrun for example_short_circuit_operator to 2022-01-02T13:21:53.389349+00:00
[2022-01-03 13:21:53,401] {processor.py:171} INFO - Processing /home/airflow/.local/lib/python3.7/site-packages/airflow/example_dags/example_short_circuit_operator.py took 0.085 seconds
[2022-01-03 13:22:24,074] {processor.py:163} INFO - Started process (PID=979) to work on /home/airflow/.local/lib/python3.7/site-packages/airflow/example_dags/example_short_circuit_operator.py
[2022-01-03 13:22:24,075] {processor.py:625} INFO - Processing file /home/airflow/.local/lib/python3.7/site-packages/airflow/example_dags/example_short_circuit_operator.py for tasks to queue
[2022-01-03 13:22:24,076] {logging_mixin.py:109} INFO - [2022-01-03 13:22:24,076] {dagbag.py:500} INFO - Filling up the DagBag from /home/airflow/.local/lib/python3.7/site-packages/airflow/example_dags/example_short_circuit_operator.py
[2022-01-03 13:22:24,108] {processor.py:637} INFO - DAG(s) dict_keys(['example_short_circuit_operator']) retrieved from /home/airflow/.local/lib/python3.7/site-packages/airflow/example_dags/example_short_circuit_operator.py
[2022-01-03 13:22:24,119] {logging_mixin.py:109} INFO - [2022-01-03 13:22:24,119] {dag.py:2396} INFO - Sync 1 DAGs
[2022-01-03 13:22:24,142] {logging_mixin.py:109} INFO - [2022-01-03 13:22:24,141] {dag.py:2928} INFO - Setting next_dagrun for example_short_circuit_operator to 2022-01-02T13:22:24.141610+00:00
[2022-01-03 13:22:24,153] {processor.py:171} INFO - Processing /home/airflow/.local/lib/python3.7/site-packages/airflow/example_dags/example_short_circuit_operator.py took 0.083 seconds
[2022-01-03 13:22:55,120] {processor.py:163} INFO - Started process (PID=1032) to work on /home/airflow/.local/lib/python3.7/site-packages/airflow/example_dags/example_short_circuit_operator.py
[2022-01-03 13:22:55,127] {processor.py:625} INFO - Processing file /home/airflow/.local/lib/python3.7/site-packages/airflow/example_dags/example_short_circuit_operator.py for tasks to queue
[2022-01-03 13:22:55,128] {logging_mixin.py:109} INFO - [2022-01-03 13:22:55,128] {dagbag.py:500} INFO - Filling up the DagBag from /home/airflow/.local/lib/python3.7/site-packages/airflow/example_dags/example_short_circuit_operator.py
[2022-01-03 13:22:55,178] {processor.py:637} INFO - DAG(s) dict_keys(['example_short_circuit_operator']) retrieved from /home/airflow/.local/lib/python3.7/site-packages/airflow/example_dags/example_short_circuit_operator.py
[2022-01-03 13:22:55,196] {logging_mixin.py:109} INFO - [2022-01-03 13:22:55,196] {dag.py:2396} INFO - Sync 1 DAGs
[2022-01-03 13:22:55,218] {logging_mixin.py:109} INFO - [2022-01-03 13:22:55,218] {dag.py:2928} INFO - Setting next_dagrun for example_short_circuit_operator to 2022-01-02T13:22:55.218140+00:00
[2022-01-03 13:22:55,229] {processor.py:171} INFO - Processing /home/airflow/.local/lib/python3.7/site-packages/airflow/example_dags/example_short_circuit_operator.py took 0.113 seconds
[2022-01-03 13:23:26,196] {processor.py:163} INFO - Started process (PID=1084) to work on /home/airflow/.local/lib/python3.7/site-packages/airflow/example_dags/example_short_circuit_operator.py
[2022-01-03 13:23:26,197] {processor.py:625} INFO - Processing file /home/airflow/.local/lib/python3.7/site-packages/airflow/example_dags/example_short_circuit_operator.py for tasks to queue
[2022-01-03 13:23:26,198] {logging_mixin.py:109} INFO - [2022-01-03 13:23:26,198] {dagbag.py:500} INFO - Filling up the DagBag from /home/airflow/.local/lib/python3.7/site-packages/airflow/example_dags/example_short_circuit_operator.py
[2022-01-03 13:23:26,279] {processor.py:637} INFO - DAG(s) dict_keys(['example_short_circuit_operator']) retrieved from /home/airflow/.local/lib/python3.7/site-packages/airflow/example_dags/example_short_circuit_operator.py
[2022-01-03 13:23:26,297] {logging_mixin.py:109} INFO - [2022-01-03 13:23:26,297] {dag.py:2396} INFO - Sync 1 DAGs
[2022-01-03 13:23:26,337] {logging_mixin.py:109} INFO - [2022-01-03 13:23:26,337] {dag.py:2928} INFO - Setting next_dagrun for example_short_circuit_operator to 2022-01-02T13:23:26.334987+00:00
[2022-01-03 13:23:26,352] {processor.py:171} INFO - Processing /home/airflow/.local/lib/python3.7/site-packages/airflow/example_dags/example_short_circuit_operator.py took 0.159 seconds
[2022-01-03 13:23:56,504] {processor.py:163} INFO - Started process (PID=1134) to work on /home/airflow/.local/lib/python3.7/site-packages/airflow/example_dags/example_short_circuit_operator.py
[2022-01-03 13:23:56,506] {processor.py:625} INFO - Processing file /home/airflow/.local/lib/python3.7/site-packages/airflow/example_dags/example_short_circuit_operator.py for tasks to queue
[2022-01-03 13:23:56,507] {logging_mixin.py:109} INFO - [2022-01-03 13:23:56,506] {dagbag.py:500} INFO - Filling up the DagBag from /home/airflow/.local/lib/python3.7/site-packages/airflow/example_dags/example_short_circuit_operator.py
[2022-01-03 13:23:56,541] {processor.py:637} INFO - DAG(s) dict_keys(['example_short_circuit_operator']) retrieved from /home/airflow/.local/lib/python3.7/site-packages/airflow/example_dags/example_short_circuit_operator.py
[2022-01-03 13:23:56,552] {logging_mixin.py:109} INFO - [2022-01-03 13:23:56,552] {dag.py:2396} INFO - Sync 1 DAGs
[2022-01-03 13:23:56,569] {logging_mixin.py:109} INFO - [2022-01-03 13:23:56,569] {dag.py:2928} INFO - Setting next_dagrun for example_short_circuit_operator to 2022-01-02T13:23:56.568811+00:00
[2022-01-03 13:23:56,588] {processor.py:171} INFO - Processing /home/airflow/.local/lib/python3.7/site-packages/airflow/example_dags/example_short_circuit_operator.py took 0.088 seconds
[2022-01-03 13:24:27,141] {processor.py:163} INFO - Started process (PID=1186) to work on /home/airflow/.local/lib/python3.7/site-packages/airflow/example_dags/example_short_circuit_operator.py
[2022-01-03 13:24:27,142] {processor.py:625} INFO - Processing file /home/airflow/.local/lib/python3.7/site-packages/airflow/example_dags/example_short_circuit_operator.py for tasks to queue
[2022-01-03 13:24:27,143] {logging_mixin.py:109} INFO - [2022-01-03 13:24:27,143] {dagbag.py:500} INFO - Filling up the DagBag from /home/airflow/.local/lib/python3.7/site-packages/airflow/example_dags/example_short_circuit_operator.py
[2022-01-03 13:24:27,170] {processor.py:637} INFO - DAG(s) dict_keys(['example_short_circuit_operator']) retrieved from /home/airflow/.local/lib/python3.7/site-packages/airflow/example_dags/example_short_circuit_operator.py
[2022-01-03 13:24:27,181] {logging_mixin.py:109} INFO - [2022-01-03 13:24:27,181] {dag.py:2396} INFO - Sync 1 DAGs
[2022-01-03 13:24:27,199] {logging_mixin.py:109} INFO - [2022-01-03 13:24:27,199] {dag.py:2928} INFO - Setting next_dagrun for example_short_circuit_operator to 2022-01-02T13:24:27.199294+00:00
[2022-01-03 13:24:27,209] {processor.py:171} INFO - Processing /home/airflow/.local/lib/python3.7/site-packages/airflow/example_dags/example_short_circuit_operator.py took 0.071 seconds
[2022-01-03 13:24:57,657] {processor.py:163} INFO - Started process (PID=1246) to work on /home/airflow/.local/lib/python3.7/site-packages/airflow/example_dags/example_short_circuit_operator.py
[2022-01-03 13:24:57,658] {processor.py:625} INFO - Processing file /home/airflow/.local/lib/python3.7/site-packages/airflow/example_dags/example_short_circuit_operator.py for tasks to queue
[2022-01-03 13:24:57,659] {logging_mixin.py:109} INFO - [2022-01-03 13:24:57,659] {dagbag.py:500} INFO - Filling up the DagBag from /home/airflow/.local/lib/python3.7/site-packages/airflow/example_dags/example_short_circuit_operator.py
[2022-01-03 13:24:57,691] {processor.py:637} INFO - DAG(s) dict_keys(['example_short_circuit_operator']) retrieved from /home/airflow/.local/lib/python3.7/site-packages/airflow/example_dags/example_short_circuit_operator.py
[2022-01-03 13:24:57,703] {logging_mixin.py:109} INFO - [2022-01-03 13:24:57,703] {dag.py:2396} INFO - Sync 1 DAGs
[2022-01-03 13:24:57,719] {logging_mixin.py:109} INFO - [2022-01-03 13:24:57,719] {dag.py:2928} INFO - Setting next_dagrun for example_short_circuit_operator to 2022-01-02T13:24:57.719453+00:00
[2022-01-03 13:24:57,729] {processor.py:171} INFO - Processing /home/airflow/.local/lib/python3.7/site-packages/airflow/example_dags/example_short_circuit_operator.py took 0.076 seconds
[2022-01-03 13:25:27,778] {processor.py:163} INFO - Started process (PID=1297) to work on /home/airflow/.local/lib/python3.7/site-packages/airflow/example_dags/example_short_circuit_operator.py
[2022-01-03 13:25:27,779] {processor.py:625} INFO - Processing file /home/airflow/.local/lib/python3.7/site-packages/airflow/example_dags/example_short_circuit_operator.py for tasks to queue
[2022-01-03 13:25:27,779] {logging_mixin.py:109} INFO - [2022-01-03 13:25:27,779] {dagbag.py:500} INFO - Filling up the DagBag from /home/airflow/.local/lib/python3.7/site-packages/airflow/example_dags/example_short_circuit_operator.py
[2022-01-03 13:25:27,807] {processor.py:637} INFO - DAG(s) dict_keys(['example_short_circuit_operator']) retrieved from /home/airflow/.local/lib/python3.7/site-packages/airflow/example_dags/example_short_circuit_operator.py
[2022-01-03 13:25:27,819] {logging_mixin.py:109} INFO - [2022-01-03 13:25:27,819] {dag.py:2396} INFO - Sync 1 DAGs
[2022-01-03 13:25:27,837] {logging_mixin.py:109} INFO - [2022-01-03 13:25:27,837] {dag.py:2928} INFO - Setting next_dagrun for example_short_circuit_operator to 2022-01-02T13:25:27.837119+00:00
[2022-01-03 13:25:27,847] {processor.py:171} INFO - Processing /home/airflow/.local/lib/python3.7/site-packages/airflow/example_dags/example_short_circuit_operator.py took 0.072 seconds
[2022-01-03 13:25:58,265] {processor.py:163} INFO - Started process (PID=1355) to work on /home/airflow/.local/lib/python3.7/site-packages/airflow/example_dags/example_short_circuit_operator.py
[2022-01-03 13:25:58,266] {processor.py:625} INFO - Processing file /home/airflow/.local/lib/python3.7/site-packages/airflow/example_dags/example_short_circuit_operator.py for tasks to queue
[2022-01-03 13:25:58,267] {logging_mixin.py:109} INFO - [2022-01-03 13:25:58,267] {dagbag.py:500} INFO - Filling up the DagBag from /home/airflow/.local/lib/python3.7/site-packages/airflow/example_dags/example_short_circuit_operator.py
[2022-01-03 13:25:58,303] {processor.py:637} INFO - DAG(s) dict_keys(['example_short_circuit_operator']) retrieved from /home/airflow/.local/lib/python3.7/site-packages/airflow/example_dags/example_short_circuit_operator.py
[2022-01-03 13:25:58,322] {logging_mixin.py:109} INFO - [2022-01-03 13:25:58,322] {dag.py:2396} INFO - Sync 1 DAGs
[2022-01-03 13:25:58,351] {logging_mixin.py:109} INFO - [2022-01-03 13:25:58,351] {dag.py:2928} INFO - Setting next_dagrun for example_short_circuit_operator to 2022-01-02T13:25:58.351280+00:00
[2022-01-03 13:25:58,364] {processor.py:171} INFO - Processing /home/airflow/.local/lib/python3.7/site-packages/airflow/example_dags/example_short_circuit_operator.py took 0.104 seconds
[2022-01-03 13:26:29,147] {processor.py:163} INFO - Started process (PID=1405) to work on /home/airflow/.local/lib/python3.7/site-packages/airflow/example_dags/example_short_circuit_operator.py
[2022-01-03 13:26:29,148] {processor.py:625} INFO - Processing file /home/airflow/.local/lib/python3.7/site-packages/airflow/example_dags/example_short_circuit_operator.py for tasks to queue
[2022-01-03 13:26:29,149] {logging_mixin.py:109} INFO - [2022-01-03 13:26:29,149] {dagbag.py:500} INFO - Filling up the DagBag from /home/airflow/.local/lib/python3.7/site-packages/airflow/example_dags/example_short_circuit_operator.py
[2022-01-03 13:26:29,181] {processor.py:637} INFO - DAG(s) dict_keys(['example_short_circuit_operator']) retrieved from /home/airflow/.local/lib/python3.7/site-packages/airflow/example_dags/example_short_circuit_operator.py
[2022-01-03 13:26:29,196] {logging_mixin.py:109} INFO - [2022-01-03 13:26:29,196] {dag.py:2396} INFO - Sync 1 DAGs
[2022-01-03 13:26:29,221] {logging_mixin.py:109} INFO - [2022-01-03 13:26:29,221] {dag.py:2928} INFO - Setting next_dagrun for example_short_circuit_operator to 2022-01-02T13:26:29.220811+00:00
[2022-01-03 13:26:29,232] {processor.py:171} INFO - Processing /home/airflow/.local/lib/python3.7/site-packages/airflow/example_dags/example_short_circuit_operator.py took 0.088 seconds
[2022-01-03 13:26:59,698] {processor.py:163} INFO - Started process (PID=1465) to work on /home/airflow/.local/lib/python3.7/site-packages/airflow/example_dags/example_short_circuit_operator.py
[2022-01-03 13:26:59,699] {processor.py:625} INFO - Processing file /home/airflow/.local/lib/python3.7/site-packages/airflow/example_dags/example_short_circuit_operator.py for tasks to queue
[2022-01-03 13:26:59,700] {logging_mixin.py:109} INFO - [2022-01-03 13:26:59,700] {dagbag.py:500} INFO - Filling up the DagBag from /home/airflow/.local/lib/python3.7/site-packages/airflow/example_dags/example_short_circuit_operator.py
[2022-01-03 13:26:59,776] {processor.py:637} INFO - DAG(s) dict_keys(['example_short_circuit_operator']) retrieved from /home/airflow/.local/lib/python3.7/site-packages/airflow/example_dags/example_short_circuit_operator.py
[2022-01-03 13:26:59,795] {logging_mixin.py:109} INFO - [2022-01-03 13:26:59,795] {dag.py:2396} INFO - Sync 1 DAGs
[2022-01-03 13:26:59,823] {logging_mixin.py:109} INFO - [2022-01-03 13:26:59,823] {dag.py:2928} INFO - Setting next_dagrun for example_short_circuit_operator to 2022-01-02T13:26:59.822939+00:00
[2022-01-03 13:26:59,854] {processor.py:171} INFO - Processing /home/airflow/.local/lib/python3.7/site-packages/airflow/example_dags/example_short_circuit_operator.py took 0.175 seconds
[2022-01-03 13:27:30,082] {processor.py:163} INFO - Started process (PID=1516) to work on /home/airflow/.local/lib/python3.7/site-packages/airflow/example_dags/example_short_circuit_operator.py
[2022-01-03 13:27:30,085] {processor.py:625} INFO - Processing file /home/airflow/.local/lib/python3.7/site-packages/airflow/example_dags/example_short_circuit_operator.py for tasks to queue
[2022-01-03 13:27:30,086] {logging_mixin.py:109} INFO - [2022-01-03 13:27:30,086] {dagbag.py:500} INFO - Filling up the DagBag from /home/airflow/.local/lib/python3.7/site-packages/airflow/example_dags/example_short_circuit_operator.py
[2022-01-03 13:27:30,124] {processor.py:637} INFO - DAG(s) dict_keys(['example_short_circuit_operator']) retrieved from /home/airflow/.local/lib/python3.7/site-packages/airflow/example_dags/example_short_circuit_operator.py
[2022-01-03 13:27:30,139] {logging_mixin.py:109} INFO - [2022-01-03 13:27:30,139] {dag.py:2396} INFO - Sync 1 DAGs
[2022-01-03 13:27:30,163] {logging_mixin.py:109} INFO - [2022-01-03 13:27:30,163] {dag.py:2928} INFO - Setting next_dagrun for example_short_circuit_operator to 2022-01-02T13:27:30.163069+00:00
[2022-01-03 13:27:30,192] {processor.py:171} INFO - Processing /home/airflow/.local/lib/python3.7/site-packages/airflow/example_dags/example_short_circuit_operator.py took 0.114 seconds
[2022-01-03 13:28:01,327] {processor.py:163} INFO - Started process (PID=1567) to work on /home/airflow/.local/lib/python3.7/site-packages/airflow/example_dags/example_short_circuit_operator.py
[2022-01-03 13:28:01,330] {processor.py:625} INFO - Processing file /home/airflow/.local/lib/python3.7/site-packages/airflow/example_dags/example_short_circuit_operator.py for tasks to queue
[2022-01-03 13:28:01,330] {logging_mixin.py:109} INFO - [2022-01-03 13:28:01,330] {dagbag.py:500} INFO - Filling up the DagBag from /home/airflow/.local/lib/python3.7/site-packages/airflow/example_dags/example_short_circuit_operator.py
[2022-01-03 13:28:01,427] {processor.py:637} INFO - DAG(s) dict_keys(['example_short_circuit_operator']) retrieved from /home/airflow/.local/lib/python3.7/site-packages/airflow/example_dags/example_short_circuit_operator.py
[2022-01-03 13:28:01,445] {logging_mixin.py:109} INFO - [2022-01-03 13:28:01,445] {dag.py:2396} INFO - Sync 1 DAGs
[2022-01-03 13:28:01,472] {logging_mixin.py:109} INFO - [2022-01-03 13:28:01,472] {dag.py:2928} INFO - Setting next_dagrun for example_short_circuit_operator to 2022-01-02T13:28:01.471831+00:00
[2022-01-03 13:28:01,490] {processor.py:171} INFO - Processing /home/airflow/.local/lib/python3.7/site-packages/airflow/example_dags/example_short_circuit_operator.py took 0.171 seconds
[2022-01-03 13:28:31,866] {processor.py:163} INFO - Started process (PID=1622) to work on /home/airflow/.local/lib/python3.7/site-packages/airflow/example_dags/example_short_circuit_operator.py
[2022-01-03 13:28:31,874] {processor.py:625} INFO - Processing file /home/airflow/.local/lib/python3.7/site-packages/airflow/example_dags/example_short_circuit_operator.py for tasks to queue
[2022-01-03 13:28:31,875] {logging_mixin.py:109} INFO - [2022-01-03 13:28:31,875] {dagbag.py:500} INFO - Filling up the DagBag from /home/airflow/.local/lib/python3.7/site-packages/airflow/example_dags/example_short_circuit_operator.py
[2022-01-03 13:28:31,983] {processor.py:637} INFO - DAG(s) dict_keys(['example_short_circuit_operator']) retrieved from /home/airflow/.local/lib/python3.7/site-packages/airflow/example_dags/example_short_circuit_operator.py
[2022-01-03 13:28:32,015] {logging_mixin.py:109} INFO - [2022-01-03 13:28:32,014] {dag.py:2396} INFO - Sync 1 DAGs
[2022-01-03 13:28:32,076] {logging_mixin.py:109} INFO - [2022-01-03 13:28:32,076] {dag.py:2928} INFO - Setting next_dagrun for example_short_circuit_operator to 2022-01-02T13:28:32.075696+00:00
[2022-01-03 13:28:32,112] {processor.py:171} INFO - Processing /home/airflow/.local/lib/python3.7/site-packages/airflow/example_dags/example_short_circuit_operator.py took 0.250 seconds
[2022-01-03 13:29:02,207] {processor.py:163} INFO - Started process (PID=1675) to work on /home/airflow/.local/lib/python3.7/site-packages/airflow/example_dags/example_short_circuit_operator.py
[2022-01-03 13:29:02,215] {processor.py:625} INFO - Processing file /home/airflow/.local/lib/python3.7/site-packages/airflow/example_dags/example_short_circuit_operator.py for tasks to queue
[2022-01-03 13:29:02,216] {logging_mixin.py:109} INFO - [2022-01-03 13:29:02,216] {dagbag.py:500} INFO - Filling up the DagBag from /home/airflow/.local/lib/python3.7/site-packages/airflow/example_dags/example_short_circuit_operator.py
[2022-01-03 13:29:02,325] {processor.py:637} INFO - DAG(s) dict_keys(['example_short_circuit_operator']) retrieved from /home/airflow/.local/lib/python3.7/site-packages/airflow/example_dags/example_short_circuit_operator.py
[2022-01-03 13:29:02,342] {logging_mixin.py:109} INFO - [2022-01-03 13:29:02,342] {dag.py:2396} INFO - Sync 1 DAGs
[2022-01-03 13:29:02,380] {logging_mixin.py:109} INFO - [2022-01-03 13:29:02,380] {dag.py:2928} INFO - Setting next_dagrun for example_short_circuit_operator to 2022-01-02T13:29:02.379957+00:00
[2022-01-03 13:29:02,395] {processor.py:171} INFO - Processing /home/airflow/.local/lib/python3.7/site-packages/airflow/example_dags/example_short_circuit_operator.py took 0.208 seconds
[2022-01-03 13:29:32,836] {processor.py:163} INFO - Started process (PID=1726) to work on /home/airflow/.local/lib/python3.7/site-packages/airflow/example_dags/example_short_circuit_operator.py
[2022-01-03 13:29:32,837] {processor.py:625} INFO - Processing file /home/airflow/.local/lib/python3.7/site-packages/airflow/example_dags/example_short_circuit_operator.py for tasks to queue
[2022-01-03 13:29:32,837] {logging_mixin.py:109} INFO - [2022-01-03 13:29:32,837] {dagbag.py:500} INFO - Filling up the DagBag from /home/airflow/.local/lib/python3.7/site-packages/airflow/example_dags/example_short_circuit_operator.py
[2022-01-03 13:29:32,870] {processor.py:637} INFO - DAG(s) dict_keys(['example_short_circuit_operator']) retrieved from /home/airflow/.local/lib/python3.7/site-packages/airflow/example_dags/example_short_circuit_operator.py
[2022-01-03 13:29:32,882] {logging_mixin.py:109} INFO - [2022-01-03 13:29:32,882] {dag.py:2396} INFO - Sync 1 DAGs
[2022-01-03 13:29:32,905] {logging_mixin.py:109} INFO - [2022-01-03 13:29:32,905] {dag.py:2928} INFO - Setting next_dagrun for example_short_circuit_operator to 2022-01-02T13:29:32.905137+00:00
[2022-01-03 13:29:32,920] {processor.py:171} INFO - Processing /home/airflow/.local/lib/python3.7/site-packages/airflow/example_dags/example_short_circuit_operator.py took 0.087 seconds
[2022-01-03 13:30:03,865] {processor.py:163} INFO - Started process (PID=1785) to work on /home/airflow/.local/lib/python3.7/site-packages/airflow/example_dags/example_short_circuit_operator.py
[2022-01-03 13:30:03,867] {processor.py:625} INFO - Processing file /home/airflow/.local/lib/python3.7/site-packages/airflow/example_dags/example_short_circuit_operator.py for tasks to queue
[2022-01-03 13:30:03,868] {logging_mixin.py:109} INFO - [2022-01-03 13:30:03,868] {dagbag.py:500} INFO - Filling up the DagBag from /home/airflow/.local/lib/python3.7/site-packages/airflow/example_dags/example_short_circuit_operator.py
[2022-01-03 13:30:03,906] {processor.py:637} INFO - DAG(s) dict_keys(['example_short_circuit_operator']) retrieved from /home/airflow/.local/lib/python3.7/site-packages/airflow/example_dags/example_short_circuit_operator.py
[2022-01-03 13:30:03,921] {logging_mixin.py:109} INFO - [2022-01-03 13:30:03,921] {dag.py:2396} INFO - Sync 1 DAGs
[2022-01-03 13:30:03,942] {logging_mixin.py:109} INFO - [2022-01-03 13:30:03,942] {dag.py:2928} INFO - Setting next_dagrun for example_short_circuit_operator to 2022-01-02T13:30:03.941816+00:00
[2022-01-03 13:30:03,955] {processor.py:171} INFO - Processing /home/airflow/.local/lib/python3.7/site-packages/airflow/example_dags/example_short_circuit_operator.py took 0.095 seconds
[2022-01-03 13:30:34,917] {processor.py:163} INFO - Started process (PID=1840) to work on /home/airflow/.local/lib/python3.7/site-packages/airflow/example_dags/example_short_circuit_operator.py
[2022-01-03 13:30:34,919] {processor.py:625} INFO - Processing file /home/airflow/.local/lib/python3.7/site-packages/airflow/example_dags/example_short_circuit_operator.py for tasks to queue
[2022-01-03 13:30:34,919] {logging_mixin.py:109} INFO - [2022-01-03 13:30:34,919] {dagbag.py:500} INFO - Filling up the DagBag from /home/airflow/.local/lib/python3.7/site-packages/airflow/example_dags/example_short_circuit_operator.py
[2022-01-03 13:30:34,999] {processor.py:637} INFO - DAG(s) dict_keys(['example_short_circuit_operator']) retrieved from /home/airflow/.local/lib/python3.7/site-packages/airflow/example_dags/example_short_circuit_operator.py
[2022-01-03 13:30:35,013] {logging_mixin.py:109} INFO - [2022-01-03 13:30:35,013] {dag.py:2396} INFO - Sync 1 DAGs
[2022-01-03 13:30:35,036] {logging_mixin.py:109} INFO - [2022-01-03 13:30:35,036] {dag.py:2928} INFO - Setting next_dagrun for example_short_circuit_operator to 2022-01-02T13:30:35.035824+00:00
[2022-01-03 13:30:35,046] {processor.py:171} INFO - Processing /home/airflow/.local/lib/python3.7/site-packages/airflow/example_dags/example_short_circuit_operator.py took 0.132 seconds
[2022-01-03 13:31:05,590] {processor.py:163} INFO - Started process (PID=1893) to work on /home/airflow/.local/lib/python3.7/site-packages/airflow/example_dags/example_short_circuit_operator.py
[2022-01-03 13:31:05,591] {processor.py:625} INFO - Processing file /home/airflow/.local/lib/python3.7/site-packages/airflow/example_dags/example_short_circuit_operator.py for tasks to queue
[2022-01-03 13:31:05,592] {logging_mixin.py:109} INFO - [2022-01-03 13:31:05,592] {dagbag.py:500} INFO - Filling up the DagBag from /home/airflow/.local/lib/python3.7/site-packages/airflow/example_dags/example_short_circuit_operator.py
[2022-01-03 13:31:05,624] {processor.py:637} INFO - DAG(s) dict_keys(['example_short_circuit_operator']) retrieved from /home/airflow/.local/lib/python3.7/site-packages/airflow/example_dags/example_short_circuit_operator.py
[2022-01-03 13:31:05,637] {logging_mixin.py:109} INFO - [2022-01-03 13:31:05,637] {dag.py:2396} INFO - Sync 1 DAGs
[2022-01-03 13:31:05,658] {logging_mixin.py:109} INFO - [2022-01-03 13:31:05,658] {dag.py:2928} INFO - Setting next_dagrun for example_short_circuit_operator to 2022-01-02T13:31:05.658324+00:00
[2022-01-03 13:31:05,674] {processor.py:171} INFO - Processing /home/airflow/.local/lib/python3.7/site-packages/airflow/example_dags/example_short_circuit_operator.py took 0.088 seconds
[2022-01-03 13:31:35,848] {processor.py:163} INFO - Started process (PID=1944) to work on /home/airflow/.local/lib/python3.7/site-packages/airflow/example_dags/example_short_circuit_operator.py
[2022-01-03 13:31:35,850] {processor.py:625} INFO - Processing file /home/airflow/.local/lib/python3.7/site-packages/airflow/example_dags/example_short_circuit_operator.py for tasks to queue
[2022-01-03 13:31:35,850] {logging_mixin.py:109} INFO - [2022-01-03 13:31:35,850] {dagbag.py:500} INFO - Filling up the DagBag from /home/airflow/.local/lib/python3.7/site-packages/airflow/example_dags/example_short_circuit_operator.py
[2022-01-03 13:31:35,891] {processor.py:637} INFO - DAG(s) dict_keys(['example_short_circuit_operator']) retrieved from /home/airflow/.local/lib/python3.7/site-packages/airflow/example_dags/example_short_circuit_operator.py
[2022-01-03 13:31:35,907] {logging_mixin.py:109} INFO - [2022-01-03 13:31:35,906] {dag.py:2396} INFO - Sync 1 DAGs
[2022-01-03 13:31:35,935] {logging_mixin.py:109} INFO - [2022-01-03 13:31:35,934] {dag.py:2928} INFO - Setting next_dagrun for example_short_circuit_operator to 2022-01-02T13:31:35.934206+00:00
[2022-01-03 13:31:35,947] {processor.py:171} INFO - Processing /home/airflow/.local/lib/python3.7/site-packages/airflow/example_dags/example_short_circuit_operator.py took 0.104 seconds
[2022-01-03 13:37:51,800] {processor.py:163} INFO - Started process (PID=108) to work on /home/airflow/.local/lib/python3.7/site-packages/airflow/example_dags/example_short_circuit_operator.py
[2022-01-03 13:37:51,803] {processor.py:625} INFO - Processing file /home/airflow/.local/lib/python3.7/site-packages/airflow/example_dags/example_short_circuit_operator.py for tasks to queue
[2022-01-03 13:37:51,806] {logging_mixin.py:109} INFO - [2022-01-03 13:37:51,805] {dagbag.py:500} INFO - Filling up the DagBag from /home/airflow/.local/lib/python3.7/site-packages/airflow/example_dags/example_short_circuit_operator.py
[2022-01-03 13:37:51,910] {processor.py:637} INFO - DAG(s) dict_keys(['example_short_circuit_operator']) retrieved from /home/airflow/.local/lib/python3.7/site-packages/airflow/example_dags/example_short_circuit_operator.py
[2022-01-03 13:37:54,900] {logging_mixin.py:109} INFO - [2022-01-03 13:37:54,900] {providers_manager.py:156} WARNING - Exception when importing 'airflow.providers.google.leveldb.hooks.leveldb.LevelDBHook' from 'apache-airflow-providers-google' package: No module named 'plyvel'
[2022-01-03 13:37:55,572] {logging_mixin.py:109} INFO - [2022-01-03 13:37:55,572] {providers_manager.py:156} WARNING - Exception when importing 'airflow.providers.google.leveldb.hooks.leveldb.LevelDBHook' from 'apache-airflow-providers-google' package: No module named 'plyvel'
[2022-01-03 13:37:55,600] {logging_mixin.py:109} INFO - [2022-01-03 13:37:55,600] {manager.py:496} INFO - Created Permission View: can edit on DAG:example_short_circuit_operator
[2022-01-03 13:37:55,615] {logging_mixin.py:109} INFO - [2022-01-03 13:37:55,615] {manager.py:496} INFO - Created Permission View: can read on DAG:example_short_circuit_operator
[2022-01-03 13:37:55,615] {logging_mixin.py:109} INFO - [2022-01-03 13:37:55,615] {dag.py:2396} INFO - Sync 1 DAGs
[2022-01-03 13:37:55,626] {logging_mixin.py:109} INFO - [2022-01-03 13:37:55,625] {dag.py:2415} INFO - Creating ORM DAG for example_short_circuit_operator
[2022-01-03 13:37:55,640] {logging_mixin.py:109} INFO - [2022-01-03 13:37:55,640] {dag.py:2928} INFO - Setting next_dagrun for example_short_circuit_operator to 2022-01-02T13:37:55.639973+00:00
[2022-01-03 13:37:55,655] {processor.py:171} INFO - Processing /home/airflow/.local/lib/python3.7/site-packages/airflow/example_dags/example_short_circuit_operator.py took 3.866 seconds
[2022-01-03 13:38:34,783] {processor.py:163} INFO - Started process (PID=261) to work on /home/airflow/.local/lib/python3.7/site-packages/airflow/example_dags/example_short_circuit_operator.py
[2022-01-03 13:38:34,788] {processor.py:625} INFO - Processing file /home/airflow/.local/lib/python3.7/site-packages/airflow/example_dags/example_short_circuit_operator.py for tasks to queue
[2022-01-03 13:38:34,789] {logging_mixin.py:109} INFO - [2022-01-03 13:38:34,789] {dagbag.py:500} INFO - Filling up the DagBag from /home/airflow/.local/lib/python3.7/site-packages/airflow/example_dags/example_short_circuit_operator.py
[2022-01-03 13:38:34,921] {processor.py:637} INFO - DAG(s) dict_keys(['example_short_circuit_operator']) retrieved from /home/airflow/.local/lib/python3.7/site-packages/airflow/example_dags/example_short_circuit_operator.py
[2022-01-03 13:38:35,003] {logging_mixin.py:109} INFO - [2022-01-03 13:38:35,002] {dag.py:2396} INFO - Sync 1 DAGs
[2022-01-03 13:38:35,078] {logging_mixin.py:109} INFO - [2022-01-03 13:38:35,077] {dag.py:2928} INFO - Setting next_dagrun for example_short_circuit_operator to 2022-01-02T13:38:35.077546+00:00
[2022-01-03 13:38:35,116] {processor.py:171} INFO - Processing /home/airflow/.local/lib/python3.7/site-packages/airflow/example_dags/example_short_circuit_operator.py took 0.339 seconds
[2022-01-03 13:39:05,265] {processor.py:163} INFO - Started process (PID=310) to work on /home/airflow/.local/lib/python3.7/site-packages/airflow/example_dags/example_short_circuit_operator.py
[2022-01-03 13:39:05,291] {processor.py:625} INFO - Processing file /home/airflow/.local/lib/python3.7/site-packages/airflow/example_dags/example_short_circuit_operator.py for tasks to queue
[2022-01-03 13:39:05,292] {logging_mixin.py:109} INFO - [2022-01-03 13:39:05,292] {dagbag.py:500} INFO - Filling up the DagBag from /home/airflow/.local/lib/python3.7/site-packages/airflow/example_dags/example_short_circuit_operator.py
[2022-01-03 13:39:05,496] {processor.py:637} INFO - DAG(s) dict_keys(['example_short_circuit_operator']) retrieved from /home/airflow/.local/lib/python3.7/site-packages/airflow/example_dags/example_short_circuit_operator.py
[2022-01-03 13:39:05,554] {logging_mixin.py:109} INFO - [2022-01-03 13:39:05,546] {dag.py:2396} INFO - Sync 1 DAGs
[2022-01-03 13:39:05,616] {logging_mixin.py:109} INFO - [2022-01-03 13:39:05,615] {dag.py:2928} INFO - Setting next_dagrun for example_short_circuit_operator to 2022-01-02T13:39:05.615441+00:00
[2022-01-03 13:39:05,648] {processor.py:171} INFO - Processing /home/airflow/.local/lib/python3.7/site-packages/airflow/example_dags/example_short_circuit_operator.py took 0.391 seconds
[2022-01-03 13:42:46,733] {processor.py:163} INFO - Started process (PID=108) to work on /home/airflow/.local/lib/python3.7/site-packages/airflow/example_dags/example_short_circuit_operator.py
[2022-01-03 13:42:46,734] {processor.py:625} INFO - Processing file /home/airflow/.local/lib/python3.7/site-packages/airflow/example_dags/example_short_circuit_operator.py for tasks to queue
[2022-01-03 13:42:46,735] {logging_mixin.py:109} INFO - [2022-01-03 13:42:46,735] {dagbag.py:500} INFO - Filling up the DagBag from /home/airflow/.local/lib/python3.7/site-packages/airflow/example_dags/example_short_circuit_operator.py
[2022-01-03 13:42:46,768] {processor.py:637} INFO - DAG(s) dict_keys(['example_short_circuit_operator']) retrieved from /home/airflow/.local/lib/python3.7/site-packages/airflow/example_dags/example_short_circuit_operator.py
[2022-01-03 13:42:49,034] {logging_mixin.py:109} INFO - [2022-01-03 13:42:49,034] {providers_manager.py:156} WARNING - Exception when importing 'airflow.providers.google.leveldb.hooks.leveldb.LevelDBHook' from 'apache-airflow-providers-google' package: No module named 'plyvel'
[2022-01-03 13:42:49,982] {logging_mixin.py:109} INFO - [2022-01-03 13:42:49,982] {providers_manager.py:156} WARNING - Exception when importing 'airflow.providers.google.leveldb.hooks.leveldb.LevelDBHook' from 'apache-airflow-providers-google' package: No module named 'plyvel'
[2022-01-03 13:42:50,057] {logging_mixin.py:109} INFO - [2022-01-03 13:42:50,056] {manager.py:496} INFO - Created Permission View: can read on DAG:example_short_circuit_operator
[2022-01-03 13:42:50,083] {logging_mixin.py:109} INFO - [2022-01-03 13:42:50,083] {manager.py:496} INFO - Created Permission View: can edit on DAG:example_short_circuit_operator
[2022-01-03 13:42:50,084] {logging_mixin.py:109} INFO - [2022-01-03 13:42:50,083] {dag.py:2396} INFO - Sync 1 DAGs
[2022-01-03 13:42:50,105] {logging_mixin.py:109} INFO - [2022-01-03 13:42:50,105] {dag.py:2415} INFO - Creating ORM DAG for example_short_circuit_operator
[2022-01-03 13:42:50,115] {logging_mixin.py:109} INFO - [2022-01-03 13:42:50,115] {dag.py:2928} INFO - Setting next_dagrun for example_short_circuit_operator to 2022-01-02T13:42:50.114928+00:00
[2022-01-03 13:42:50,142] {processor.py:171} INFO - Processing /home/airflow/.local/lib/python3.7/site-packages/airflow/example_dags/example_short_circuit_operator.py took 3.412 seconds
[2022-01-03 13:43:27,680] {processor.py:163} INFO - Started process (PID=250) to work on /home/airflow/.local/lib/python3.7/site-packages/airflow/example_dags/example_short_circuit_operator.py
[2022-01-03 13:43:27,682] {processor.py:625} INFO - Processing file /home/airflow/.local/lib/python3.7/site-packages/airflow/example_dags/example_short_circuit_operator.py for tasks to queue
[2022-01-03 13:43:27,683] {logging_mixin.py:109} INFO - [2022-01-03 13:43:27,682] {dagbag.py:500} INFO - Filling up the DagBag from /home/airflow/.local/lib/python3.7/site-packages/airflow/example_dags/example_short_circuit_operator.py
[2022-01-03 13:43:27,715] {processor.py:637} INFO - DAG(s) dict_keys(['example_short_circuit_operator']) retrieved from /home/airflow/.local/lib/python3.7/site-packages/airflow/example_dags/example_short_circuit_operator.py
[2022-01-03 13:43:27,729] {logging_mixin.py:109} INFO - [2022-01-03 13:43:27,729] {dag.py:2396} INFO - Sync 1 DAGs
[2022-01-03 13:43:27,752] {logging_mixin.py:109} INFO - [2022-01-03 13:43:27,752] {dag.py:2928} INFO - Setting next_dagrun for example_short_circuit_operator to 2022-01-02T13:43:27.752343+00:00
[2022-01-03 13:43:27,785] {processor.py:171} INFO - Processing /home/airflow/.local/lib/python3.7/site-packages/airflow/example_dags/example_short_circuit_operator.py took 0.109 seconds
[2022-01-03 13:43:58,696] {processor.py:163} INFO - Started process (PID=309) to work on /home/airflow/.local/lib/python3.7/site-packages/airflow/example_dags/example_short_circuit_operator.py
[2022-01-03 13:43:58,705] {processor.py:625} INFO - Processing file /home/airflow/.local/lib/python3.7/site-packages/airflow/example_dags/example_short_circuit_operator.py for tasks to queue
[2022-01-03 13:43:58,706] {logging_mixin.py:109} INFO - [2022-01-03 13:43:58,705] {dagbag.py:500} INFO - Filling up the DagBag from /home/airflow/.local/lib/python3.7/site-packages/airflow/example_dags/example_short_circuit_operator.py
[2022-01-03 13:43:58,805] {processor.py:637} INFO - DAG(s) dict_keys(['example_short_circuit_operator']) retrieved from /home/airflow/.local/lib/python3.7/site-packages/airflow/example_dags/example_short_circuit_operator.py
[2022-01-03 13:43:58,835] {logging_mixin.py:109} INFO - [2022-01-03 13:43:58,830] {dag.py:2396} INFO - Sync 1 DAGs
[2022-01-03 13:43:58,879] {logging_mixin.py:109} INFO - [2022-01-03 13:43:58,879] {dag.py:2928} INFO - Setting next_dagrun for example_short_circuit_operator to 2022-01-02T13:43:58.878733+00:00
[2022-01-03 13:43:58,901] {processor.py:171} INFO - Processing /home/airflow/.local/lib/python3.7/site-packages/airflow/example_dags/example_short_circuit_operator.py took 0.211 seconds
[2022-01-03 13:44:29,163] {processor.py:163} INFO - Started process (PID=359) to work on /home/airflow/.local/lib/python3.7/site-packages/airflow/example_dags/example_short_circuit_operator.py
[2022-01-03 13:44:29,164] {processor.py:625} INFO - Processing file /home/airflow/.local/lib/python3.7/site-packages/airflow/example_dags/example_short_circuit_operator.py for tasks to queue
[2022-01-03 13:44:29,165] {logging_mixin.py:109} INFO - [2022-01-03 13:44:29,165] {dagbag.py:500} INFO - Filling up the DagBag from /home/airflow/.local/lib/python3.7/site-packages/airflow/example_dags/example_short_circuit_operator.py
[2022-01-03 13:44:29,194] {processor.py:637} INFO - DAG(s) dict_keys(['example_short_circuit_operator']) retrieved from /home/airflow/.local/lib/python3.7/site-packages/airflow/example_dags/example_short_circuit_operator.py
[2022-01-03 13:44:29,206] {logging_mixin.py:109} INFO - [2022-01-03 13:44:29,206] {dag.py:2396} INFO - Sync 1 DAGs
[2022-01-03 13:44:29,225] {logging_mixin.py:109} INFO - [2022-01-03 13:44:29,225] {dag.py:2928} INFO - Setting next_dagrun for example_short_circuit_operator to 2022-01-02T13:44:29.225317+00:00
[2022-01-03 13:44:29,236] {processor.py:171} INFO - Processing /home/airflow/.local/lib/python3.7/site-packages/airflow/example_dags/example_short_circuit_operator.py took 0.078 seconds
[2022-01-03 13:44:59,673] {processor.py:163} INFO - Started process (PID=409) to work on /home/airflow/.local/lib/python3.7/site-packages/airflow/example_dags/example_short_circuit_operator.py
[2022-01-03 13:44:59,674] {processor.py:625} INFO - Processing file /home/airflow/.local/lib/python3.7/site-packages/airflow/example_dags/example_short_circuit_operator.py for tasks to queue
[2022-01-03 13:44:59,674] {logging_mixin.py:109} INFO - [2022-01-03 13:44:59,674] {dagbag.py:500} INFO - Filling up the DagBag from /home/airflow/.local/lib/python3.7/site-packages/airflow/example_dags/example_short_circuit_operator.py
[2022-01-03 13:44:59,702] {processor.py:637} INFO - DAG(s) dict_keys(['example_short_circuit_operator']) retrieved from /home/airflow/.local/lib/python3.7/site-packages/airflow/example_dags/example_short_circuit_operator.py
[2022-01-03 13:44:59,713] {logging_mixin.py:109} INFO - [2022-01-03 13:44:59,713] {dag.py:2396} INFO - Sync 1 DAGs
[2022-01-03 13:44:59,730] {logging_mixin.py:109} INFO - [2022-01-03 13:44:59,730] {dag.py:2928} INFO - Setting next_dagrun for example_short_circuit_operator to 2022-01-02T13:44:59.730345+00:00
[2022-01-03 13:44:59,740] {processor.py:171} INFO - Processing /home/airflow/.local/lib/python3.7/site-packages/airflow/example_dags/example_short_circuit_operator.py took 0.070 seconds
[2022-01-03 13:45:30,201] {processor.py:163} INFO - Started process (PID=461) to work on /home/airflow/.local/lib/python3.7/site-packages/airflow/example_dags/example_short_circuit_operator.py
[2022-01-03 13:45:30,202] {processor.py:625} INFO - Processing file /home/airflow/.local/lib/python3.7/site-packages/airflow/example_dags/example_short_circuit_operator.py for tasks to queue
[2022-01-03 13:45:30,203] {logging_mixin.py:109} INFO - [2022-01-03 13:45:30,203] {dagbag.py:500} INFO - Filling up the DagBag from /home/airflow/.local/lib/python3.7/site-packages/airflow/example_dags/example_short_circuit_operator.py
[2022-01-03 13:45:30,240] {processor.py:637} INFO - DAG(s) dict_keys(['example_short_circuit_operator']) retrieved from /home/airflow/.local/lib/python3.7/site-packages/airflow/example_dags/example_short_circuit_operator.py
[2022-01-03 13:45:30,257] {logging_mixin.py:109} INFO - [2022-01-03 13:45:30,256] {dag.py:2396} INFO - Sync 1 DAGs
[2022-01-03 13:45:30,284] {logging_mixin.py:109} INFO - [2022-01-03 13:45:30,284] {dag.py:2928} INFO - Setting next_dagrun for example_short_circuit_operator to 2022-01-02T13:45:30.284371+00:00
[2022-01-03 13:45:30,298] {processor.py:171} INFO - Processing /home/airflow/.local/lib/python3.7/site-packages/airflow/example_dags/example_short_circuit_operator.py took 0.100 seconds
[2022-01-03 13:46:01,311] {processor.py:163} INFO - Started process (PID=524) to work on /home/airflow/.local/lib/python3.7/site-packages/airflow/example_dags/example_short_circuit_operator.py
[2022-01-03 13:46:01,312] {processor.py:625} INFO - Processing file /home/airflow/.local/lib/python3.7/site-packages/airflow/example_dags/example_short_circuit_operator.py for tasks to queue
[2022-01-03 13:46:01,313] {logging_mixin.py:109} INFO - [2022-01-03 13:46:01,313] {dagbag.py:500} INFO - Filling up the DagBag from /home/airflow/.local/lib/python3.7/site-packages/airflow/example_dags/example_short_circuit_operator.py
[2022-01-03 13:46:01,411] {processor.py:637} INFO - DAG(s) dict_keys(['example_short_circuit_operator']) retrieved from /home/airflow/.local/lib/python3.7/site-packages/airflow/example_dags/example_short_circuit_operator.py
[2022-01-03 13:46:01,429] {logging_mixin.py:109} INFO - [2022-01-03 13:46:01,429] {dag.py:2396} INFO - Sync 1 DAGs
[2022-01-03 13:46:01,455] {logging_mixin.py:109} INFO - [2022-01-03 13:46:01,455] {dag.py:2928} INFO - Setting next_dagrun for example_short_circuit_operator to 2022-01-02T13:46:01.455316+00:00
[2022-01-03 13:46:01,470] {processor.py:171} INFO - Processing /home/airflow/.local/lib/python3.7/site-packages/airflow/example_dags/example_short_circuit_operator.py took 0.163 seconds
[2022-01-03 13:46:32,166] {processor.py:163} INFO - Started process (PID=575) to work on /home/airflow/.local/lib/python3.7/site-packages/airflow/example_dags/example_short_circuit_operator.py
[2022-01-03 13:46:32,167] {processor.py:625} INFO - Processing file /home/airflow/.local/lib/python3.7/site-packages/airflow/example_dags/example_short_circuit_operator.py for tasks to queue
[2022-01-03 13:46:32,168] {logging_mixin.py:109} INFO - [2022-01-03 13:46:32,168] {dagbag.py:500} INFO - Filling up the DagBag from /home/airflow/.local/lib/python3.7/site-packages/airflow/example_dags/example_short_circuit_operator.py
[2022-01-03 13:46:32,202] {processor.py:637} INFO - DAG(s) dict_keys(['example_short_circuit_operator']) retrieved from /home/airflow/.local/lib/python3.7/site-packages/airflow/example_dags/example_short_circuit_operator.py
[2022-01-03 13:46:32,217] {logging_mixin.py:109} INFO - [2022-01-03 13:46:32,217] {dag.py:2396} INFO - Sync 1 DAGs
[2022-01-03 13:46:32,243] {logging_mixin.py:109} INFO - [2022-01-03 13:46:32,243] {dag.py:2928} INFO - Setting next_dagrun for example_short_circuit_operator to 2022-01-02T13:46:32.242786+00:00
[2022-01-03 13:46:32,263] {processor.py:171} INFO - Processing /home/airflow/.local/lib/python3.7/site-packages/airflow/example_dags/example_short_circuit_operator.py took 0.100 seconds
