[2022-01-03 12:28:53,988] {processor.py:163} INFO - Started process (PID=252) to work on /home/airflow/.local/lib/python3.7/site-packages/airflow/example_dags/example_branch_labels.py
[2022-01-03 12:28:53,989] {processor.py:625} INFO - Processing file /home/airflow/.local/lib/python3.7/site-packages/airflow/example_dags/example_branch_labels.py for tasks to queue
[2022-01-03 12:28:53,990] {logging_mixin.py:109} INFO - [2022-01-03 12:28:53,990] {dagbag.py:500} INFO - Filling up the DagBag from /home/airflow/.local/lib/python3.7/site-packages/airflow/example_dags/example_branch_labels.py
[2022-01-03 12:28:54,032] {processor.py:637} INFO - DAG(s) dict_keys(['example_branch_labels']) retrieved from /home/airflow/.local/lib/python3.7/site-packages/airflow/example_dags/example_branch_labels.py
[2022-01-03 12:28:56,423] {logging_mixin.py:109} INFO - [2022-01-03 12:28:56,423] {providers_manager.py:156} WARNING - Exception when importing 'airflow.providers.google.leveldb.hooks.leveldb.LevelDBHook' from 'apache-airflow-providers-google' package: No module named 'plyvel'
[2022-01-03 12:28:57,450] {logging_mixin.py:109} INFO - [2022-01-03 12:28:57,449] {providers_manager.py:156} WARNING - Exception when importing 'airflow.providers.google.leveldb.hooks.leveldb.LevelDBHook' from 'apache-airflow-providers-google' package: No module named 'plyvel'
[2022-01-03 12:28:57,545] {logging_mixin.py:109} INFO - [2022-01-03 12:28:57,544] {manager.py:496} INFO - Created Permission View: can read on DAG:example_branch_labels
[2022-01-03 12:28:57,582] {logging_mixin.py:109} INFO - [2022-01-03 12:28:57,582] {manager.py:496} INFO - Created Permission View: can edit on DAG:example_branch_labels
[2022-01-03 12:28:57,583] {logging_mixin.py:109} INFO - [2022-01-03 12:28:57,582] {dag.py:2396} INFO - Sync 1 DAGs
[2022-01-03 12:28:57,604] {logging_mixin.py:109} INFO - [2022-01-03 12:28:57,604] {dag.py:2415} INFO - Creating ORM DAG for example_branch_labels
[2022-01-03 12:28:57,651] {logging_mixin.py:109} INFO - [2022-01-03 12:28:57,651] {dag.py:2928} INFO - Setting next_dagrun for example_branch_labels to 2022-01-02 00:00:00+00:00
[2022-01-03 12:28:57,716] {processor.py:171} INFO - Processing /home/airflow/.local/lib/python3.7/site-packages/airflow/example_dags/example_branch_labels.py took 3.732 seconds
[2022-01-03 12:29:28,305] {processor.py:163} INFO - Started process (PID=311) to work on /home/airflow/.local/lib/python3.7/site-packages/airflow/example_dags/example_branch_labels.py
[2022-01-03 12:29:28,307] {processor.py:625} INFO - Processing file /home/airflow/.local/lib/python3.7/site-packages/airflow/example_dags/example_branch_labels.py for tasks to queue
[2022-01-03 12:29:28,308] {logging_mixin.py:109} INFO - [2022-01-03 12:29:28,308] {dagbag.py:500} INFO - Filling up the DagBag from /home/airflow/.local/lib/python3.7/site-packages/airflow/example_dags/example_branch_labels.py
[2022-01-03 12:29:28,356] {processor.py:637} INFO - DAG(s) dict_keys(['example_branch_labels']) retrieved from /home/airflow/.local/lib/python3.7/site-packages/airflow/example_dags/example_branch_labels.py
[2022-01-03 12:29:28,373] {logging_mixin.py:109} INFO - [2022-01-03 12:29:28,373] {dag.py:2396} INFO - Sync 1 DAGs
[2022-01-03 12:29:28,402] {logging_mixin.py:109} INFO - [2022-01-03 12:29:28,401] {dag.py:2928} INFO - Setting next_dagrun for example_branch_labels to 2022-01-02 00:00:00+00:00
[2022-01-03 12:29:28,416] {processor.py:171} INFO - Processing /home/airflow/.local/lib/python3.7/site-packages/airflow/example_dags/example_branch_labels.py took 0.117 seconds
[2022-01-03 12:29:59,062] {processor.py:163} INFO - Started process (PID=364) to work on /home/airflow/.local/lib/python3.7/site-packages/airflow/example_dags/example_branch_labels.py
[2022-01-03 12:29:59,065] {processor.py:625} INFO - Processing file /home/airflow/.local/lib/python3.7/site-packages/airflow/example_dags/example_branch_labels.py for tasks to queue
[2022-01-03 12:29:59,067] {logging_mixin.py:109} INFO - [2022-01-03 12:29:59,066] {dagbag.py:500} INFO - Filling up the DagBag from /home/airflow/.local/lib/python3.7/site-packages/airflow/example_dags/example_branch_labels.py
[2022-01-03 12:29:59,177] {processor.py:637} INFO - DAG(s) dict_keys(['example_branch_labels']) retrieved from /home/airflow/.local/lib/python3.7/site-packages/airflow/example_dags/example_branch_labels.py
[2022-01-03 12:29:59,200] {logging_mixin.py:109} INFO - [2022-01-03 12:29:59,200] {dag.py:2396} INFO - Sync 1 DAGs
[2022-01-03 12:29:59,243] {logging_mixin.py:109} INFO - [2022-01-03 12:29:59,243] {dag.py:2928} INFO - Setting next_dagrun for example_branch_labels to 2022-01-02 00:00:00+00:00
[2022-01-03 12:29:59,261] {processor.py:171} INFO - Processing /home/airflow/.local/lib/python3.7/site-packages/airflow/example_dags/example_branch_labels.py took 0.205 seconds
[2022-01-03 12:30:29,757] {processor.py:163} INFO - Started process (PID=417) to work on /home/airflow/.local/lib/python3.7/site-packages/airflow/example_dags/example_branch_labels.py
[2022-01-03 12:30:29,767] {processor.py:625} INFO - Processing file /home/airflow/.local/lib/python3.7/site-packages/airflow/example_dags/example_branch_labels.py for tasks to queue
[2022-01-03 12:30:29,768] {logging_mixin.py:109} INFO - [2022-01-03 12:30:29,768] {dagbag.py:500} INFO - Filling up the DagBag from /home/airflow/.local/lib/python3.7/site-packages/airflow/example_dags/example_branch_labels.py
[2022-01-03 12:30:29,949] {processor.py:637} INFO - DAG(s) dict_keys(['example_branch_labels']) retrieved from /home/airflow/.local/lib/python3.7/site-packages/airflow/example_dags/example_branch_labels.py
[2022-01-03 12:30:30,014] {logging_mixin.py:109} INFO - [2022-01-03 12:30:30,014] {dag.py:2396} INFO - Sync 1 DAGs
[2022-01-03 12:30:30,189] {logging_mixin.py:109} INFO - [2022-01-03 12:30:30,189] {dag.py:2928} INFO - Setting next_dagrun for example_branch_labels to 2022-01-02 00:00:00+00:00
[2022-01-03 12:30:30,288] {processor.py:171} INFO - Processing /home/airflow/.local/lib/python3.7/site-packages/airflow/example_dags/example_branch_labels.py took 0.545 seconds
[2022-01-03 12:31:00,631] {processor.py:163} INFO - Started process (PID=468) to work on /home/airflow/.local/lib/python3.7/site-packages/airflow/example_dags/example_branch_labels.py
[2022-01-03 12:31:00,651] {processor.py:625} INFO - Processing file /home/airflow/.local/lib/python3.7/site-packages/airflow/example_dags/example_branch_labels.py for tasks to queue
[2022-01-03 12:31:00,658] {logging_mixin.py:109} INFO - [2022-01-03 12:31:00,658] {dagbag.py:500} INFO - Filling up the DagBag from /home/airflow/.local/lib/python3.7/site-packages/airflow/example_dags/example_branch_labels.py
[2022-01-03 12:31:00,939] {processor.py:637} INFO - DAG(s) dict_keys(['example_branch_labels']) retrieved from /home/airflow/.local/lib/python3.7/site-packages/airflow/example_dags/example_branch_labels.py
[2022-01-03 12:31:01,033] {logging_mixin.py:109} INFO - [2022-01-03 12:31:01,033] {dag.py:2396} INFO - Sync 1 DAGs
[2022-01-03 12:31:01,153] {logging_mixin.py:109} INFO - [2022-01-03 12:31:01,153] {dag.py:2928} INFO - Setting next_dagrun for example_branch_labels to 2022-01-02 00:00:00+00:00
[2022-01-03 12:31:01,232] {processor.py:171} INFO - Processing /home/airflow/.local/lib/python3.7/site-packages/airflow/example_dags/example_branch_labels.py took 0.610 seconds
[2022-01-03 12:31:32,188] {processor.py:163} INFO - Started process (PID=513) to work on /home/airflow/.local/lib/python3.7/site-packages/airflow/example_dags/example_branch_labels.py
[2022-01-03 12:31:32,199] {processor.py:625} INFO - Processing file /home/airflow/.local/lib/python3.7/site-packages/airflow/example_dags/example_branch_labels.py for tasks to queue
[2022-01-03 12:31:32,201] {logging_mixin.py:109} INFO - [2022-01-03 12:31:32,200] {dagbag.py:500} INFO - Filling up the DagBag from /home/airflow/.local/lib/python3.7/site-packages/airflow/example_dags/example_branch_labels.py
[2022-01-03 12:31:32,321] {processor.py:637} INFO - DAG(s) dict_keys(['example_branch_labels']) retrieved from /home/airflow/.local/lib/python3.7/site-packages/airflow/example_dags/example_branch_labels.py
[2022-01-03 12:31:32,356] {logging_mixin.py:109} INFO - [2022-01-03 12:31:32,356] {dag.py:2396} INFO - Sync 1 DAGs
[2022-01-03 12:31:32,409] {logging_mixin.py:109} INFO - [2022-01-03 12:31:32,409] {dag.py:2928} INFO - Setting next_dagrun for example_branch_labels to 2022-01-02 00:00:00+00:00
[2022-01-03 12:31:32,441] {processor.py:171} INFO - Processing /home/airflow/.local/lib/python3.7/site-packages/airflow/example_dags/example_branch_labels.py took 0.266 seconds
[2022-01-03 12:32:02,508] {processor.py:163} INFO - Started process (PID=572) to work on /home/airflow/.local/lib/python3.7/site-packages/airflow/example_dags/example_branch_labels.py
[2022-01-03 12:32:02,511] {processor.py:625} INFO - Processing file /home/airflow/.local/lib/python3.7/site-packages/airflow/example_dags/example_branch_labels.py for tasks to queue
[2022-01-03 12:32:02,513] {logging_mixin.py:109} INFO - [2022-01-03 12:32:02,512] {dagbag.py:500} INFO - Filling up the DagBag from /home/airflow/.local/lib/python3.7/site-packages/airflow/example_dags/example_branch_labels.py
[2022-01-03 12:32:02,559] {processor.py:637} INFO - DAG(s) dict_keys(['example_branch_labels']) retrieved from /home/airflow/.local/lib/python3.7/site-packages/airflow/example_dags/example_branch_labels.py
[2022-01-03 12:32:02,579] {logging_mixin.py:109} INFO - [2022-01-03 12:32:02,579] {dag.py:2396} INFO - Sync 1 DAGs
[2022-01-03 12:32:02,609] {logging_mixin.py:109} INFO - [2022-01-03 12:32:02,608] {dag.py:2928} INFO - Setting next_dagrun for example_branch_labels to 2022-01-03T00:00:00+00:00
[2022-01-03 12:32:02,630] {processor.py:171} INFO - Processing /home/airflow/.local/lib/python3.7/site-packages/airflow/example_dags/example_branch_labels.py took 0.127 seconds
[2022-01-03 13:13:50,059] {processor.py:163} INFO - Started process (PID=78) to work on /home/airflow/.local/lib/python3.7/site-packages/airflow/example_dags/example_branch_labels.py
[2022-01-03 13:13:50,061] {processor.py:625} INFO - Processing file /home/airflow/.local/lib/python3.7/site-packages/airflow/example_dags/example_branch_labels.py for tasks to queue
[2022-01-03 13:13:50,062] {logging_mixin.py:109} INFO - [2022-01-03 13:13:50,062] {dagbag.py:500} INFO - Filling up the DagBag from /home/airflow/.local/lib/python3.7/site-packages/airflow/example_dags/example_branch_labels.py
[2022-01-03 13:13:50,091] {processor.py:637} INFO - DAG(s) dict_keys(['example_branch_labels']) retrieved from /home/airflow/.local/lib/python3.7/site-packages/airflow/example_dags/example_branch_labels.py
[2022-01-03 13:13:50,106] {logging_mixin.py:109} INFO - [2022-01-03 13:13:50,106] {dag.py:2396} INFO - Sync 1 DAGs
[2022-01-03 13:13:50,136] {logging_mixin.py:109} INFO - [2022-01-03 13:13:50,135] {dag.py:2928} INFO - Setting next_dagrun for example_branch_labels to 2022-01-03T00:00:00+00:00
[2022-01-03 13:13:50,146] {processor.py:171} INFO - Processing /home/airflow/.local/lib/python3.7/site-packages/airflow/example_dags/example_branch_labels.py took 0.090 seconds
[2022-01-03 13:14:20,837] {processor.py:163} INFO - Started process (PID=135) to work on /home/airflow/.local/lib/python3.7/site-packages/airflow/example_dags/example_branch_labels.py
[2022-01-03 13:14:20,838] {processor.py:625} INFO - Processing file /home/airflow/.local/lib/python3.7/site-packages/airflow/example_dags/example_branch_labels.py for tasks to queue
[2022-01-03 13:14:20,839] {logging_mixin.py:109} INFO - [2022-01-03 13:14:20,839] {dagbag.py:500} INFO - Filling up the DagBag from /home/airflow/.local/lib/python3.7/site-packages/airflow/example_dags/example_branch_labels.py
[2022-01-03 13:14:20,864] {processor.py:637} INFO - DAG(s) dict_keys(['example_branch_labels']) retrieved from /home/airflow/.local/lib/python3.7/site-packages/airflow/example_dags/example_branch_labels.py
[2022-01-03 13:14:20,876] {logging_mixin.py:109} INFO - [2022-01-03 13:14:20,876] {dag.py:2396} INFO - Sync 1 DAGs
[2022-01-03 13:14:20,900] {logging_mixin.py:109} INFO - [2022-01-03 13:14:20,899] {dag.py:2928} INFO - Setting next_dagrun for example_branch_labels to 2022-01-03T00:00:00+00:00
[2022-01-03 13:14:20,910] {processor.py:171} INFO - Processing /home/airflow/.local/lib/python3.7/site-packages/airflow/example_dags/example_branch_labels.py took 0.076 seconds
[2022-01-03 13:14:51,859] {processor.py:163} INFO - Started process (PID=189) to work on /home/airflow/.local/lib/python3.7/site-packages/airflow/example_dags/example_branch_labels.py
[2022-01-03 13:14:51,861] {processor.py:625} INFO - Processing file /home/airflow/.local/lib/python3.7/site-packages/airflow/example_dags/example_branch_labels.py for tasks to queue
[2022-01-03 13:14:51,862] {logging_mixin.py:109} INFO - [2022-01-03 13:14:51,862] {dagbag.py:500} INFO - Filling up the DagBag from /home/airflow/.local/lib/python3.7/site-packages/airflow/example_dags/example_branch_labels.py
[2022-01-03 13:14:51,950] {processor.py:637} INFO - DAG(s) dict_keys(['example_branch_labels']) retrieved from /home/airflow/.local/lib/python3.7/site-packages/airflow/example_dags/example_branch_labels.py
[2022-01-03 13:14:51,968] {logging_mixin.py:109} INFO - [2022-01-03 13:14:51,967] {dag.py:2396} INFO - Sync 1 DAGs
[2022-01-03 13:14:52,004] {logging_mixin.py:109} INFO - [2022-01-03 13:14:52,004] {dag.py:2928} INFO - Setting next_dagrun for example_branch_labels to 2022-01-03T00:00:00+00:00
[2022-01-03 13:14:52,022] {processor.py:171} INFO - Processing /home/airflow/.local/lib/python3.7/site-packages/airflow/example_dags/example_branch_labels.py took 0.167 seconds
[2022-01-03 13:15:22,859] {processor.py:163} INFO - Started process (PID=255) to work on /home/airflow/.local/lib/python3.7/site-packages/airflow/example_dags/example_branch_labels.py
[2022-01-03 13:15:22,861] {processor.py:625} INFO - Processing file /home/airflow/.local/lib/python3.7/site-packages/airflow/example_dags/example_branch_labels.py for tasks to queue
[2022-01-03 13:15:22,862] {logging_mixin.py:109} INFO - [2022-01-03 13:15:22,862] {dagbag.py:500} INFO - Filling up the DagBag from /home/airflow/.local/lib/python3.7/site-packages/airflow/example_dags/example_branch_labels.py
[2022-01-03 13:15:22,911] {processor.py:637} INFO - DAG(s) dict_keys(['example_branch_labels']) retrieved from /home/airflow/.local/lib/python3.7/site-packages/airflow/example_dags/example_branch_labels.py
[2022-01-03 13:15:22,929] {logging_mixin.py:109} INFO - [2022-01-03 13:15:22,929] {dag.py:2396} INFO - Sync 1 DAGs
[2022-01-03 13:15:22,963] {logging_mixin.py:109} INFO - [2022-01-03 13:15:22,963] {dag.py:2928} INFO - Setting next_dagrun for example_branch_labels to 2022-01-03T00:00:00+00:00
[2022-01-03 13:15:22,976] {processor.py:171} INFO - Processing /home/airflow/.local/lib/python3.7/site-packages/airflow/example_dags/example_branch_labels.py took 0.121 seconds
[2022-01-03 13:15:53,536] {processor.py:163} INFO - Started process (PID=309) to work on /home/airflow/.local/lib/python3.7/site-packages/airflow/example_dags/example_branch_labels.py
[2022-01-03 13:15:53,538] {processor.py:625} INFO - Processing file /home/airflow/.local/lib/python3.7/site-packages/airflow/example_dags/example_branch_labels.py for tasks to queue
[2022-01-03 13:15:53,538] {logging_mixin.py:109} INFO - [2022-01-03 13:15:53,538] {dagbag.py:500} INFO - Filling up the DagBag from /home/airflow/.local/lib/python3.7/site-packages/airflow/example_dags/example_branch_labels.py
[2022-01-03 13:15:53,570] {processor.py:637} INFO - DAG(s) dict_keys(['example_branch_labels']) retrieved from /home/airflow/.local/lib/python3.7/site-packages/airflow/example_dags/example_branch_labels.py
[2022-01-03 13:15:53,583] {logging_mixin.py:109} INFO - [2022-01-03 13:15:53,583] {dag.py:2396} INFO - Sync 1 DAGs
[2022-01-03 13:15:53,603] {logging_mixin.py:109} INFO - [2022-01-03 13:15:53,602] {dag.py:2928} INFO - Setting next_dagrun for example_branch_labels to 2022-01-03T00:00:00+00:00
[2022-01-03 13:15:53,612] {processor.py:171} INFO - Processing /home/airflow/.local/lib/python3.7/site-packages/airflow/example_dags/example_branch_labels.py took 0.080 seconds
[2022-01-03 13:16:24,299] {processor.py:163} INFO - Started process (PID=365) to work on /home/airflow/.local/lib/python3.7/site-packages/airflow/example_dags/example_branch_labels.py
[2022-01-03 13:16:24,300] {processor.py:625} INFO - Processing file /home/airflow/.local/lib/python3.7/site-packages/airflow/example_dags/example_branch_labels.py for tasks to queue
[2022-01-03 13:16:24,302] {logging_mixin.py:109} INFO - [2022-01-03 13:16:24,301] {dagbag.py:500} INFO - Filling up the DagBag from /home/airflow/.local/lib/python3.7/site-packages/airflow/example_dags/example_branch_labels.py
[2022-01-03 13:16:24,331] {processor.py:637} INFO - DAG(s) dict_keys(['example_branch_labels']) retrieved from /home/airflow/.local/lib/python3.7/site-packages/airflow/example_dags/example_branch_labels.py
[2022-01-03 13:16:24,348] {logging_mixin.py:109} INFO - [2022-01-03 13:16:24,348] {dag.py:2396} INFO - Sync 1 DAGs
[2022-01-03 13:16:24,388] {logging_mixin.py:109} INFO - [2022-01-03 13:16:24,388] {dag.py:2928} INFO - Setting next_dagrun for example_branch_labels to 2022-01-03T00:00:00+00:00
[2022-01-03 13:16:24,424] {processor.py:171} INFO - Processing /home/airflow/.local/lib/python3.7/site-packages/airflow/example_dags/example_branch_labels.py took 0.129 seconds
[2022-01-03 13:16:55,072] {processor.py:163} INFO - Started process (PID=415) to work on /home/airflow/.local/lib/python3.7/site-packages/airflow/example_dags/example_branch_labels.py
[2022-01-03 13:16:55,074] {processor.py:625} INFO - Processing file /home/airflow/.local/lib/python3.7/site-packages/airflow/example_dags/example_branch_labels.py for tasks to queue
[2022-01-03 13:16:55,075] {logging_mixin.py:109} INFO - [2022-01-03 13:16:55,075] {dagbag.py:500} INFO - Filling up the DagBag from /home/airflow/.local/lib/python3.7/site-packages/airflow/example_dags/example_branch_labels.py
[2022-01-03 13:16:55,110] {processor.py:637} INFO - DAG(s) dict_keys(['example_branch_labels']) retrieved from /home/airflow/.local/lib/python3.7/site-packages/airflow/example_dags/example_branch_labels.py
[2022-01-03 13:16:55,126] {logging_mixin.py:109} INFO - [2022-01-03 13:16:55,126] {dag.py:2396} INFO - Sync 1 DAGs
[2022-01-03 13:16:55,158] {logging_mixin.py:109} INFO - [2022-01-03 13:16:55,157] {dag.py:2928} INFO - Setting next_dagrun for example_branch_labels to 2022-01-03T00:00:00+00:00
[2022-01-03 13:16:55,170] {processor.py:171} INFO - Processing /home/airflow/.local/lib/python3.7/site-packages/airflow/example_dags/example_branch_labels.py took 0.101 seconds
[2022-01-03 13:17:26,479] {processor.py:163} INFO - Started process (PID=476) to work on /home/airflow/.local/lib/python3.7/site-packages/airflow/example_dags/example_branch_labels.py
[2022-01-03 13:17:26,481] {processor.py:625} INFO - Processing file /home/airflow/.local/lib/python3.7/site-packages/airflow/example_dags/example_branch_labels.py for tasks to queue
[2022-01-03 13:17:26,481] {logging_mixin.py:109} INFO - [2022-01-03 13:17:26,481] {dagbag.py:500} INFO - Filling up the DagBag from /home/airflow/.local/lib/python3.7/site-packages/airflow/example_dags/example_branch_labels.py
[2022-01-03 13:17:26,521] {processor.py:637} INFO - DAG(s) dict_keys(['example_branch_labels']) retrieved from /home/airflow/.local/lib/python3.7/site-packages/airflow/example_dags/example_branch_labels.py
[2022-01-03 13:17:26,554] {logging_mixin.py:109} INFO - [2022-01-03 13:17:26,554] {dag.py:2396} INFO - Sync 1 DAGs
[2022-01-03 13:17:26,594] {logging_mixin.py:109} INFO - [2022-01-03 13:17:26,594] {dag.py:2928} INFO - Setting next_dagrun for example_branch_labels to 2022-01-03T00:00:00+00:00
[2022-01-03 13:17:26,617] {processor.py:171} INFO - Processing /home/airflow/.local/lib/python3.7/site-packages/airflow/example_dags/example_branch_labels.py took 0.149 seconds
[2022-01-03 13:17:57,291] {processor.py:163} INFO - Started process (PID=527) to work on /home/airflow/.local/lib/python3.7/site-packages/airflow/example_dags/example_branch_labels.py
[2022-01-03 13:17:57,293] {processor.py:625} INFO - Processing file /home/airflow/.local/lib/python3.7/site-packages/airflow/example_dags/example_branch_labels.py for tasks to queue
[2022-01-03 13:17:57,294] {logging_mixin.py:109} INFO - [2022-01-03 13:17:57,294] {dagbag.py:500} INFO - Filling up the DagBag from /home/airflow/.local/lib/python3.7/site-packages/airflow/example_dags/example_branch_labels.py
[2022-01-03 13:17:57,334] {processor.py:637} INFO - DAG(s) dict_keys(['example_branch_labels']) retrieved from /home/airflow/.local/lib/python3.7/site-packages/airflow/example_dags/example_branch_labels.py
[2022-01-03 13:17:57,349] {logging_mixin.py:109} INFO - [2022-01-03 13:17:57,349] {dag.py:2396} INFO - Sync 1 DAGs
[2022-01-03 13:17:57,381] {logging_mixin.py:109} INFO - [2022-01-03 13:17:57,381] {dag.py:2928} INFO - Setting next_dagrun for example_branch_labels to 2022-01-03T00:00:00+00:00
[2022-01-03 13:17:57,396] {processor.py:171} INFO - Processing /home/airflow/.local/lib/python3.7/site-packages/airflow/example_dags/example_branch_labels.py took 0.109 seconds
[2022-01-03 13:18:28,485] {processor.py:163} INFO - Started process (PID=579) to work on /home/airflow/.local/lib/python3.7/site-packages/airflow/example_dags/example_branch_labels.py
[2022-01-03 13:18:28,486] {processor.py:625} INFO - Processing file /home/airflow/.local/lib/python3.7/site-packages/airflow/example_dags/example_branch_labels.py for tasks to queue
[2022-01-03 13:18:28,487] {logging_mixin.py:109} INFO - [2022-01-03 13:18:28,487] {dagbag.py:500} INFO - Filling up the DagBag from /home/airflow/.local/lib/python3.7/site-packages/airflow/example_dags/example_branch_labels.py
[2022-01-03 13:18:28,543] {processor.py:637} INFO - DAG(s) dict_keys(['example_branch_labels']) retrieved from /home/airflow/.local/lib/python3.7/site-packages/airflow/example_dags/example_branch_labels.py
[2022-01-03 13:18:28,565] {logging_mixin.py:109} INFO - [2022-01-03 13:18:28,564] {dag.py:2396} INFO - Sync 1 DAGs
[2022-01-03 13:18:28,603] {logging_mixin.py:109} INFO - [2022-01-03 13:18:28,603] {dag.py:2928} INFO - Setting next_dagrun for example_branch_labels to 2022-01-03T00:00:00+00:00
[2022-01-03 13:18:28,624] {processor.py:171} INFO - Processing /home/airflow/.local/lib/python3.7/site-packages/airflow/example_dags/example_branch_labels.py took 0.143 seconds
[2022-01-03 13:18:59,778] {processor.py:163} INFO - Started process (PID=631) to work on /home/airflow/.local/lib/python3.7/site-packages/airflow/example_dags/example_branch_labels.py
[2022-01-03 13:18:59,780] {processor.py:625} INFO - Processing file /home/airflow/.local/lib/python3.7/site-packages/airflow/example_dags/example_branch_labels.py for tasks to queue
[2022-01-03 13:18:59,781] {logging_mixin.py:109} INFO - [2022-01-03 13:18:59,781] {dagbag.py:500} INFO - Filling up the DagBag from /home/airflow/.local/lib/python3.7/site-packages/airflow/example_dags/example_branch_labels.py
[2022-01-03 13:18:59,820] {processor.py:637} INFO - DAG(s) dict_keys(['example_branch_labels']) retrieved from /home/airflow/.local/lib/python3.7/site-packages/airflow/example_dags/example_branch_labels.py
[2022-01-03 13:18:59,837] {logging_mixin.py:109} INFO - [2022-01-03 13:18:59,837] {dag.py:2396} INFO - Sync 1 DAGs
[2022-01-03 13:18:59,867] {logging_mixin.py:109} INFO - [2022-01-03 13:18:59,867] {dag.py:2928} INFO - Setting next_dagrun for example_branch_labels to 2022-01-03T00:00:00+00:00
[2022-01-03 13:18:59,879] {processor.py:171} INFO - Processing /home/airflow/.local/lib/python3.7/site-packages/airflow/example_dags/example_branch_labels.py took 0.106 seconds
[2022-01-03 13:19:30,806] {processor.py:163} INFO - Started process (PID=681) to work on /home/airflow/.local/lib/python3.7/site-packages/airflow/example_dags/example_branch_labels.py
[2022-01-03 13:19:30,808] {processor.py:625} INFO - Processing file /home/airflow/.local/lib/python3.7/site-packages/airflow/example_dags/example_branch_labels.py for tasks to queue
[2022-01-03 13:19:30,809] {logging_mixin.py:109} INFO - [2022-01-03 13:19:30,809] {dagbag.py:500} INFO - Filling up the DagBag from /home/airflow/.local/lib/python3.7/site-packages/airflow/example_dags/example_branch_labels.py
[2022-01-03 13:19:30,858] {processor.py:637} INFO - DAG(s) dict_keys(['example_branch_labels']) retrieved from /home/airflow/.local/lib/python3.7/site-packages/airflow/example_dags/example_branch_labels.py
[2022-01-03 13:19:30,875] {logging_mixin.py:109} INFO - [2022-01-03 13:19:30,875] {dag.py:2396} INFO - Sync 1 DAGs
[2022-01-03 13:19:30,908] {logging_mixin.py:109} INFO - [2022-01-03 13:19:30,907] {dag.py:2928} INFO - Setting next_dagrun for example_branch_labels to 2022-01-03T00:00:00+00:00
[2022-01-03 13:19:30,935] {processor.py:171} INFO - Processing /home/airflow/.local/lib/python3.7/site-packages/airflow/example_dags/example_branch_labels.py took 0.141 seconds
[2022-01-03 13:20:02,101] {processor.py:163} INFO - Started process (PID=742) to work on /home/airflow/.local/lib/python3.7/site-packages/airflow/example_dags/example_branch_labels.py
[2022-01-03 13:20:02,107] {processor.py:625} INFO - Processing file /home/airflow/.local/lib/python3.7/site-packages/airflow/example_dags/example_branch_labels.py for tasks to queue
[2022-01-03 13:20:02,110] {logging_mixin.py:109} INFO - [2022-01-03 13:20:02,108] {dagbag.py:500} INFO - Filling up the DagBag from /home/airflow/.local/lib/python3.7/site-packages/airflow/example_dags/example_branch_labels.py
[2022-01-03 13:20:02,162] {processor.py:637} INFO - DAG(s) dict_keys(['example_branch_labels']) retrieved from /home/airflow/.local/lib/python3.7/site-packages/airflow/example_dags/example_branch_labels.py
[2022-01-03 13:20:02,177] {logging_mixin.py:109} INFO - [2022-01-03 13:20:02,177] {dag.py:2396} INFO - Sync 1 DAGs
[2022-01-03 13:20:02,203] {logging_mixin.py:109} INFO - [2022-01-03 13:20:02,203] {dag.py:2928} INFO - Setting next_dagrun for example_branch_labels to 2022-01-03T00:00:00+00:00
[2022-01-03 13:20:02,223] {processor.py:171} INFO - Processing /home/airflow/.local/lib/python3.7/site-packages/airflow/example_dags/example_branch_labels.py took 0.126 seconds
[2022-01-03 13:20:33,297] {processor.py:163} INFO - Started process (PID=793) to work on /home/airflow/.local/lib/python3.7/site-packages/airflow/example_dags/example_branch_labels.py
[2022-01-03 13:20:33,306] {processor.py:625} INFO - Processing file /home/airflow/.local/lib/python3.7/site-packages/airflow/example_dags/example_branch_labels.py for tasks to queue
[2022-01-03 13:20:33,307] {logging_mixin.py:109} INFO - [2022-01-03 13:20:33,307] {dagbag.py:500} INFO - Filling up the DagBag from /home/airflow/.local/lib/python3.7/site-packages/airflow/example_dags/example_branch_labels.py
[2022-01-03 13:20:33,398] {processor.py:637} INFO - DAG(s) dict_keys(['example_branch_labels']) retrieved from /home/airflow/.local/lib/python3.7/site-packages/airflow/example_dags/example_branch_labels.py
[2022-01-03 13:20:33,426] {logging_mixin.py:109} INFO - [2022-01-03 13:20:33,426] {dag.py:2396} INFO - Sync 1 DAGs
[2022-01-03 13:20:33,487] {logging_mixin.py:109} INFO - [2022-01-03 13:20:33,487] {dag.py:2928} INFO - Setting next_dagrun for example_branch_labels to 2022-01-03T00:00:00+00:00
[2022-01-03 13:20:33,512] {processor.py:171} INFO - Processing /home/airflow/.local/lib/python3.7/site-packages/airflow/example_dags/example_branch_labels.py took 0.223 seconds
[2022-01-03 13:21:04,748] {processor.py:163} INFO - Started process (PID=844) to work on /home/airflow/.local/lib/python3.7/site-packages/airflow/example_dags/example_branch_labels.py
[2022-01-03 13:21:04,750] {processor.py:625} INFO - Processing file /home/airflow/.local/lib/python3.7/site-packages/airflow/example_dags/example_branch_labels.py for tasks to queue
[2022-01-03 13:21:04,751] {logging_mixin.py:109} INFO - [2022-01-03 13:21:04,750] {dagbag.py:500} INFO - Filling up the DagBag from /home/airflow/.local/lib/python3.7/site-packages/airflow/example_dags/example_branch_labels.py
[2022-01-03 13:21:04,856] {processor.py:637} INFO - DAG(s) dict_keys(['example_branch_labels']) retrieved from /home/airflow/.local/lib/python3.7/site-packages/airflow/example_dags/example_branch_labels.py
[2022-01-03 13:21:04,889] {logging_mixin.py:109} INFO - [2022-01-03 13:21:04,889] {dag.py:2396} INFO - Sync 1 DAGs
[2022-01-03 13:21:04,945] {logging_mixin.py:109} INFO - [2022-01-03 13:21:04,944] {dag.py:2928} INFO - Setting next_dagrun for example_branch_labels to 2022-01-03T00:00:00+00:00
[2022-01-03 13:21:04,970] {processor.py:171} INFO - Processing /home/airflow/.local/lib/python3.7/site-packages/airflow/example_dags/example_branch_labels.py took 0.226 seconds
[2022-01-03 13:21:35,335] {processor.py:163} INFO - Started process (PID=895) to work on /home/airflow/.local/lib/python3.7/site-packages/airflow/example_dags/example_branch_labels.py
[2022-01-03 13:21:35,338] {processor.py:625} INFO - Processing file /home/airflow/.local/lib/python3.7/site-packages/airflow/example_dags/example_branch_labels.py for tasks to queue
[2022-01-03 13:21:35,339] {logging_mixin.py:109} INFO - [2022-01-03 13:21:35,338] {dagbag.py:500} INFO - Filling up the DagBag from /home/airflow/.local/lib/python3.7/site-packages/airflow/example_dags/example_branch_labels.py
[2022-01-03 13:21:35,380] {processor.py:637} INFO - DAG(s) dict_keys(['example_branch_labels']) retrieved from /home/airflow/.local/lib/python3.7/site-packages/airflow/example_dags/example_branch_labels.py
[2022-01-03 13:21:35,398] {logging_mixin.py:109} INFO - [2022-01-03 13:21:35,398] {dag.py:2396} INFO - Sync 1 DAGs
[2022-01-03 13:21:35,431] {logging_mixin.py:109} INFO - [2022-01-03 13:21:35,431] {dag.py:2928} INFO - Setting next_dagrun for example_branch_labels to 2022-01-03T00:00:00+00:00
[2022-01-03 13:21:35,446] {processor.py:171} INFO - Processing /home/airflow/.local/lib/python3.7/site-packages/airflow/example_dags/example_branch_labels.py took 0.115 seconds
[2022-01-03 13:22:05,640] {processor.py:163} INFO - Started process (PID=945) to work on /home/airflow/.local/lib/python3.7/site-packages/airflow/example_dags/example_branch_labels.py
[2022-01-03 13:22:05,641] {processor.py:625} INFO - Processing file /home/airflow/.local/lib/python3.7/site-packages/airflow/example_dags/example_branch_labels.py for tasks to queue
[2022-01-03 13:22:05,643] {logging_mixin.py:109} INFO - [2022-01-03 13:22:05,642] {dagbag.py:500} INFO - Filling up the DagBag from /home/airflow/.local/lib/python3.7/site-packages/airflow/example_dags/example_branch_labels.py
[2022-01-03 13:22:05,691] {processor.py:637} INFO - DAG(s) dict_keys(['example_branch_labels']) retrieved from /home/airflow/.local/lib/python3.7/site-packages/airflow/example_dags/example_branch_labels.py
[2022-01-03 13:22:05,715] {logging_mixin.py:109} INFO - [2022-01-03 13:22:05,715] {dag.py:2396} INFO - Sync 1 DAGs
[2022-01-03 13:22:05,808] {logging_mixin.py:109} INFO - [2022-01-03 13:22:05,806] {dag.py:2928} INFO - Setting next_dagrun for example_branch_labels to 2022-01-03T00:00:00+00:00
[2022-01-03 13:22:05,848] {processor.py:171} INFO - Processing /home/airflow/.local/lib/python3.7/site-packages/airflow/example_dags/example_branch_labels.py took 0.213 seconds
[2022-01-03 13:22:36,000] {processor.py:163} INFO - Started process (PID=996) to work on /home/airflow/.local/lib/python3.7/site-packages/airflow/example_dags/example_branch_labels.py
[2022-01-03 13:22:36,001] {processor.py:625} INFO - Processing file /home/airflow/.local/lib/python3.7/site-packages/airflow/example_dags/example_branch_labels.py for tasks to queue
[2022-01-03 13:22:36,002] {logging_mixin.py:109} INFO - [2022-01-03 13:22:36,002] {dagbag.py:500} INFO - Filling up the DagBag from /home/airflow/.local/lib/python3.7/site-packages/airflow/example_dags/example_branch_labels.py
[2022-01-03 13:22:36,040] {processor.py:637} INFO - DAG(s) dict_keys(['example_branch_labels']) retrieved from /home/airflow/.local/lib/python3.7/site-packages/airflow/example_dags/example_branch_labels.py
[2022-01-03 13:22:36,063] {logging_mixin.py:109} INFO - [2022-01-03 13:22:36,063] {dag.py:2396} INFO - Sync 1 DAGs
[2022-01-03 13:22:36,090] {logging_mixin.py:109} INFO - [2022-01-03 13:22:36,090] {dag.py:2928} INFO - Setting next_dagrun for example_branch_labels to 2022-01-03T00:00:00+00:00
[2022-01-03 13:22:36,101] {processor.py:171} INFO - Processing /home/airflow/.local/lib/python3.7/site-packages/airflow/example_dags/example_branch_labels.py took 0.105 seconds
[2022-01-03 13:23:06,209] {processor.py:163} INFO - Started process (PID=1058) to work on /home/airflow/.local/lib/python3.7/site-packages/airflow/example_dags/example_branch_labels.py
[2022-01-03 13:23:06,218] {processor.py:625} INFO - Processing file /home/airflow/.local/lib/python3.7/site-packages/airflow/example_dags/example_branch_labels.py for tasks to queue
[2022-01-03 13:23:06,219] {logging_mixin.py:109} INFO - [2022-01-03 13:23:06,219] {dagbag.py:500} INFO - Filling up the DagBag from /home/airflow/.local/lib/python3.7/site-packages/airflow/example_dags/example_branch_labels.py
[2022-01-03 13:23:06,265] {processor.py:637} INFO - DAG(s) dict_keys(['example_branch_labels']) retrieved from /home/airflow/.local/lib/python3.7/site-packages/airflow/example_dags/example_branch_labels.py
[2022-01-03 13:23:06,286] {logging_mixin.py:109} INFO - [2022-01-03 13:23:06,286] {dag.py:2396} INFO - Sync 1 DAGs
[2022-01-03 13:23:06,324] {logging_mixin.py:109} INFO - [2022-01-03 13:23:06,324] {dag.py:2928} INFO - Setting next_dagrun for example_branch_labels to 2022-01-03T00:00:00+00:00
[2022-01-03 13:23:06,333] {processor.py:171} INFO - Processing /home/airflow/.local/lib/python3.7/site-packages/airflow/example_dags/example_branch_labels.py took 0.129 seconds
[2022-01-03 13:23:37,327] {processor.py:163} INFO - Started process (PID=1109) to work on /home/airflow/.local/lib/python3.7/site-packages/airflow/example_dags/example_branch_labels.py
[2022-01-03 13:23:37,330] {processor.py:625} INFO - Processing file /home/airflow/.local/lib/python3.7/site-packages/airflow/example_dags/example_branch_labels.py for tasks to queue
[2022-01-03 13:23:37,331] {logging_mixin.py:109} INFO - [2022-01-03 13:23:37,331] {dagbag.py:500} INFO - Filling up the DagBag from /home/airflow/.local/lib/python3.7/site-packages/airflow/example_dags/example_branch_labels.py
[2022-01-03 13:23:37,377] {processor.py:637} INFO - DAG(s) dict_keys(['example_branch_labels']) retrieved from /home/airflow/.local/lib/python3.7/site-packages/airflow/example_dags/example_branch_labels.py
[2022-01-03 13:23:37,392] {logging_mixin.py:109} INFO - [2022-01-03 13:23:37,392] {dag.py:2396} INFO - Sync 1 DAGs
[2022-01-03 13:23:37,420] {logging_mixin.py:109} INFO - [2022-01-03 13:23:37,420] {dag.py:2928} INFO - Setting next_dagrun for example_branch_labels to 2022-01-03T00:00:00+00:00
[2022-01-03 13:23:37,436] {processor.py:171} INFO - Processing /home/airflow/.local/lib/python3.7/site-packages/airflow/example_dags/example_branch_labels.py took 0.113 seconds
[2022-01-03 13:24:08,339] {processor.py:163} INFO - Started process (PID=1161) to work on /home/airflow/.local/lib/python3.7/site-packages/airflow/example_dags/example_branch_labels.py
[2022-01-03 13:24:08,340] {processor.py:625} INFO - Processing file /home/airflow/.local/lib/python3.7/site-packages/airflow/example_dags/example_branch_labels.py for tasks to queue
[2022-01-03 13:24:08,341] {logging_mixin.py:109} INFO - [2022-01-03 13:24:08,341] {dagbag.py:500} INFO - Filling up the DagBag from /home/airflow/.local/lib/python3.7/site-packages/airflow/example_dags/example_branch_labels.py
[2022-01-03 13:24:08,399] {processor.py:637} INFO - DAG(s) dict_keys(['example_branch_labels']) retrieved from /home/airflow/.local/lib/python3.7/site-packages/airflow/example_dags/example_branch_labels.py
[2022-01-03 13:24:08,415] {logging_mixin.py:109} INFO - [2022-01-03 13:24:08,415] {dag.py:2396} INFO - Sync 1 DAGs
[2022-01-03 13:24:08,443] {logging_mixin.py:109} INFO - [2022-01-03 13:24:08,443] {dag.py:2928} INFO - Setting next_dagrun for example_branch_labels to 2022-01-03T00:00:00+00:00
[2022-01-03 13:24:08,454] {processor.py:171} INFO - Processing /home/airflow/.local/lib/python3.7/site-packages/airflow/example_dags/example_branch_labels.py took 0.119 seconds
[2022-01-03 13:24:39,799] {processor.py:163} INFO - Started process (PID=1213) to work on /home/airflow/.local/lib/python3.7/site-packages/airflow/example_dags/example_branch_labels.py
[2022-01-03 13:24:39,800] {processor.py:625} INFO - Processing file /home/airflow/.local/lib/python3.7/site-packages/airflow/example_dags/example_branch_labels.py for tasks to queue
[2022-01-03 13:24:39,801] {logging_mixin.py:109} INFO - [2022-01-03 13:24:39,801] {dagbag.py:500} INFO - Filling up the DagBag from /home/airflow/.local/lib/python3.7/site-packages/airflow/example_dags/example_branch_labels.py
[2022-01-03 13:24:39,830] {processor.py:637} INFO - DAG(s) dict_keys(['example_branch_labels']) retrieved from /home/airflow/.local/lib/python3.7/site-packages/airflow/example_dags/example_branch_labels.py
[2022-01-03 13:24:39,841] {logging_mixin.py:109} INFO - [2022-01-03 13:24:39,841] {dag.py:2396} INFO - Sync 1 DAGs
[2022-01-03 13:24:39,861] {logging_mixin.py:109} INFO - [2022-01-03 13:24:39,860] {dag.py:2928} INFO - Setting next_dagrun for example_branch_labels to 2022-01-03T00:00:00+00:00
[2022-01-03 13:24:39,869] {processor.py:171} INFO - Processing /home/airflow/.local/lib/python3.7/site-packages/airflow/example_dags/example_branch_labels.py took 0.074 seconds
[2022-01-03 13:25:10,949] {processor.py:163} INFO - Started process (PID=1272) to work on /home/airflow/.local/lib/python3.7/site-packages/airflow/example_dags/example_branch_labels.py
[2022-01-03 13:25:10,950] {processor.py:625} INFO - Processing file /home/airflow/.local/lib/python3.7/site-packages/airflow/example_dags/example_branch_labels.py for tasks to queue
[2022-01-03 13:25:10,950] {logging_mixin.py:109} INFO - [2022-01-03 13:25:10,950] {dagbag.py:500} INFO - Filling up the DagBag from /home/airflow/.local/lib/python3.7/site-packages/airflow/example_dags/example_branch_labels.py
[2022-01-03 13:25:10,980] {processor.py:637} INFO - DAG(s) dict_keys(['example_branch_labels']) retrieved from /home/airflow/.local/lib/python3.7/site-packages/airflow/example_dags/example_branch_labels.py
[2022-01-03 13:25:10,996] {logging_mixin.py:109} INFO - [2022-01-03 13:25:10,995] {dag.py:2396} INFO - Sync 1 DAGs
[2022-01-03 13:25:11,022] {logging_mixin.py:109} INFO - [2022-01-03 13:25:11,022] {dag.py:2928} INFO - Setting next_dagrun for example_branch_labels to 2022-01-03T00:00:00+00:00
[2022-01-03 13:25:11,033] {processor.py:171} INFO - Processing /home/airflow/.local/lib/python3.7/site-packages/airflow/example_dags/example_branch_labels.py took 0.087 seconds
[2022-01-03 13:25:41,606] {processor.py:163} INFO - Started process (PID=1329) to work on /home/airflow/.local/lib/python3.7/site-packages/airflow/example_dags/example_branch_labels.py
[2022-01-03 13:25:41,608] {processor.py:625} INFO - Processing file /home/airflow/.local/lib/python3.7/site-packages/airflow/example_dags/example_branch_labels.py for tasks to queue
[2022-01-03 13:25:41,609] {logging_mixin.py:109} INFO - [2022-01-03 13:25:41,609] {dagbag.py:500} INFO - Filling up the DagBag from /home/airflow/.local/lib/python3.7/site-packages/airflow/example_dags/example_branch_labels.py
[2022-01-03 13:25:41,659] {processor.py:637} INFO - DAG(s) dict_keys(['example_branch_labels']) retrieved from /home/airflow/.local/lib/python3.7/site-packages/airflow/example_dags/example_branch_labels.py
[2022-01-03 13:25:41,679] {logging_mixin.py:109} INFO - [2022-01-03 13:25:41,679] {dag.py:2396} INFO - Sync 1 DAGs
[2022-01-03 13:25:41,707] {logging_mixin.py:109} INFO - [2022-01-03 13:25:41,707] {dag.py:2928} INFO - Setting next_dagrun for example_branch_labels to 2022-01-03T00:00:00+00:00
[2022-01-03 13:25:41,719] {processor.py:171} INFO - Processing /home/airflow/.local/lib/python3.7/site-packages/airflow/example_dags/example_branch_labels.py took 0.117 seconds
[2022-01-03 13:26:13,122] {processor.py:163} INFO - Started process (PID=1381) to work on /home/airflow/.local/lib/python3.7/site-packages/airflow/example_dags/example_branch_labels.py
[2022-01-03 13:26:13,124] {processor.py:625} INFO - Processing file /home/airflow/.local/lib/python3.7/site-packages/airflow/example_dags/example_branch_labels.py for tasks to queue
[2022-01-03 13:26:13,124] {logging_mixin.py:109} INFO - [2022-01-03 13:26:13,124] {dagbag.py:500} INFO - Filling up the DagBag from /home/airflow/.local/lib/python3.7/site-packages/airflow/example_dags/example_branch_labels.py
[2022-01-03 13:26:13,189] {processor.py:637} INFO - DAG(s) dict_keys(['example_branch_labels']) retrieved from /home/airflow/.local/lib/python3.7/site-packages/airflow/example_dags/example_branch_labels.py
[2022-01-03 13:26:13,206] {logging_mixin.py:109} INFO - [2022-01-03 13:26:13,205] {dag.py:2396} INFO - Sync 1 DAGs
[2022-01-03 13:26:13,234] {logging_mixin.py:109} INFO - [2022-01-03 13:26:13,234] {dag.py:2928} INFO - Setting next_dagrun for example_branch_labels to 2022-01-03T00:00:00+00:00
[2022-01-03 13:26:13,243] {processor.py:171} INFO - Processing /home/airflow/.local/lib/python3.7/site-packages/airflow/example_dags/example_branch_labels.py took 0.125 seconds
[2022-01-03 13:26:43,868] {processor.py:163} INFO - Started process (PID=1431) to work on /home/airflow/.local/lib/python3.7/site-packages/airflow/example_dags/example_branch_labels.py
[2022-01-03 13:26:43,869] {processor.py:625} INFO - Processing file /home/airflow/.local/lib/python3.7/site-packages/airflow/example_dags/example_branch_labels.py for tasks to queue
[2022-01-03 13:26:43,871] {logging_mixin.py:109} INFO - [2022-01-03 13:26:43,871] {dagbag.py:500} INFO - Filling up the DagBag from /home/airflow/.local/lib/python3.7/site-packages/airflow/example_dags/example_branch_labels.py
[2022-01-03 13:26:43,928] {processor.py:637} INFO - DAG(s) dict_keys(['example_branch_labels']) retrieved from /home/airflow/.local/lib/python3.7/site-packages/airflow/example_dags/example_branch_labels.py
[2022-01-03 13:26:43,949] {logging_mixin.py:109} INFO - [2022-01-03 13:26:43,949] {dag.py:2396} INFO - Sync 1 DAGs
[2022-01-03 13:26:43,980] {logging_mixin.py:109} INFO - [2022-01-03 13:26:43,980] {dag.py:2928} INFO - Setting next_dagrun for example_branch_labels to 2022-01-03T00:00:00+00:00
[2022-01-03 13:26:44,016] {processor.py:171} INFO - Processing /home/airflow/.local/lib/python3.7/site-packages/airflow/example_dags/example_branch_labels.py took 0.158 seconds
[2022-01-03 13:27:15,496] {processor.py:163} INFO - Started process (PID=1490) to work on /home/airflow/.local/lib/python3.7/site-packages/airflow/example_dags/example_branch_labels.py
[2022-01-03 13:27:15,499] {processor.py:625} INFO - Processing file /home/airflow/.local/lib/python3.7/site-packages/airflow/example_dags/example_branch_labels.py for tasks to queue
[2022-01-03 13:27:15,500] {logging_mixin.py:109} INFO - [2022-01-03 13:27:15,500] {dagbag.py:500} INFO - Filling up the DagBag from /home/airflow/.local/lib/python3.7/site-packages/airflow/example_dags/example_branch_labels.py
[2022-01-03 13:27:15,534] {processor.py:637} INFO - DAG(s) dict_keys(['example_branch_labels']) retrieved from /home/airflow/.local/lib/python3.7/site-packages/airflow/example_dags/example_branch_labels.py
[2022-01-03 13:27:15,548] {logging_mixin.py:109} INFO - [2022-01-03 13:27:15,548] {dag.py:2396} INFO - Sync 1 DAGs
[2022-01-03 13:27:15,577] {logging_mixin.py:109} INFO - [2022-01-03 13:27:15,576] {dag.py:2928} INFO - Setting next_dagrun for example_branch_labels to 2022-01-03T00:00:00+00:00
[2022-01-03 13:27:15,588] {processor.py:171} INFO - Processing /home/airflow/.local/lib/python3.7/site-packages/airflow/example_dags/example_branch_labels.py took 0.096 seconds
[2022-01-03 13:27:46,906] {processor.py:163} INFO - Started process (PID=1542) to work on /home/airflow/.local/lib/python3.7/site-packages/airflow/example_dags/example_branch_labels.py
[2022-01-03 13:27:46,907] {processor.py:625} INFO - Processing file /home/airflow/.local/lib/python3.7/site-packages/airflow/example_dags/example_branch_labels.py for tasks to queue
[2022-01-03 13:27:46,908] {logging_mixin.py:109} INFO - [2022-01-03 13:27:46,907] {dagbag.py:500} INFO - Filling up the DagBag from /home/airflow/.local/lib/python3.7/site-packages/airflow/example_dags/example_branch_labels.py
[2022-01-03 13:27:46,942] {processor.py:637} INFO - DAG(s) dict_keys(['example_branch_labels']) retrieved from /home/airflow/.local/lib/python3.7/site-packages/airflow/example_dags/example_branch_labels.py
[2022-01-03 13:27:46,957] {logging_mixin.py:109} INFO - [2022-01-03 13:27:46,957] {dag.py:2396} INFO - Sync 1 DAGs
[2022-01-03 13:27:46,982] {logging_mixin.py:109} INFO - [2022-01-03 13:27:46,982] {dag.py:2928} INFO - Setting next_dagrun for example_branch_labels to 2022-01-03T00:00:00+00:00
[2022-01-03 13:27:46,992] {processor.py:171} INFO - Processing /home/airflow/.local/lib/python3.7/site-packages/airflow/example_dags/example_branch_labels.py took 0.090 seconds
[2022-01-03 13:28:18,080] {processor.py:163} INFO - Started process (PID=1596) to work on /home/airflow/.local/lib/python3.7/site-packages/airflow/example_dags/example_branch_labels.py
[2022-01-03 13:28:18,081] {processor.py:625} INFO - Processing file /home/airflow/.local/lib/python3.7/site-packages/airflow/example_dags/example_branch_labels.py for tasks to queue
[2022-01-03 13:28:18,083] {logging_mixin.py:109} INFO - [2022-01-03 13:28:18,083] {dagbag.py:500} INFO - Filling up the DagBag from /home/airflow/.local/lib/python3.7/site-packages/airflow/example_dags/example_branch_labels.py
[2022-01-03 13:28:18,126] {processor.py:637} INFO - DAG(s) dict_keys(['example_branch_labels']) retrieved from /home/airflow/.local/lib/python3.7/site-packages/airflow/example_dags/example_branch_labels.py
[2022-01-03 13:28:18,148] {logging_mixin.py:109} INFO - [2022-01-03 13:28:18,147] {dag.py:2396} INFO - Sync 1 DAGs
[2022-01-03 13:28:18,195] {logging_mixin.py:109} INFO - [2022-01-03 13:28:18,195] {dag.py:2928} INFO - Setting next_dagrun for example_branch_labels to 2022-01-03T00:00:00+00:00
[2022-01-03 13:28:18,209] {processor.py:171} INFO - Processing /home/airflow/.local/lib/python3.7/site-packages/airflow/example_dags/example_branch_labels.py took 0.133 seconds
[2022-01-03 13:28:48,974] {processor.py:163} INFO - Started process (PID=1649) to work on /home/airflow/.local/lib/python3.7/site-packages/airflow/example_dags/example_branch_labels.py
[2022-01-03 13:28:48,975] {processor.py:625} INFO - Processing file /home/airflow/.local/lib/python3.7/site-packages/airflow/example_dags/example_branch_labels.py for tasks to queue
[2022-01-03 13:28:48,987] {logging_mixin.py:109} INFO - [2022-01-03 13:28:48,987] {dagbag.py:500} INFO - Filling up the DagBag from /home/airflow/.local/lib/python3.7/site-packages/airflow/example_dags/example_branch_labels.py
[2022-01-03 13:28:49,035] {processor.py:637} INFO - DAG(s) dict_keys(['example_branch_labels']) retrieved from /home/airflow/.local/lib/python3.7/site-packages/airflow/example_dags/example_branch_labels.py
[2022-01-03 13:28:49,051] {logging_mixin.py:109} INFO - [2022-01-03 13:28:49,051] {dag.py:2396} INFO - Sync 1 DAGs
[2022-01-03 13:28:49,083] {logging_mixin.py:109} INFO - [2022-01-03 13:28:49,083] {dag.py:2928} INFO - Setting next_dagrun for example_branch_labels to 2022-01-03T00:00:00+00:00
[2022-01-03 13:28:49,096] {processor.py:171} INFO - Processing /home/airflow/.local/lib/python3.7/site-packages/airflow/example_dags/example_branch_labels.py took 0.127 seconds
[2022-01-03 13:29:20,365] {processor.py:163} INFO - Started process (PID=1710) to work on /home/airflow/.local/lib/python3.7/site-packages/airflow/example_dags/example_branch_labels.py
[2022-01-03 13:29:20,367] {processor.py:625} INFO - Processing file /home/airflow/.local/lib/python3.7/site-packages/airflow/example_dags/example_branch_labels.py for tasks to queue
[2022-01-03 13:29:20,368] {logging_mixin.py:109} INFO - [2022-01-03 13:29:20,367] {dagbag.py:500} INFO - Filling up the DagBag from /home/airflow/.local/lib/python3.7/site-packages/airflow/example_dags/example_branch_labels.py
[2022-01-03 13:29:20,407] {processor.py:637} INFO - DAG(s) dict_keys(['example_branch_labels']) retrieved from /home/airflow/.local/lib/python3.7/site-packages/airflow/example_dags/example_branch_labels.py
[2022-01-03 13:29:20,421] {logging_mixin.py:109} INFO - [2022-01-03 13:29:20,421] {dag.py:2396} INFO - Sync 1 DAGs
[2022-01-03 13:29:20,444] {logging_mixin.py:109} INFO - [2022-01-03 13:29:20,444] {dag.py:2928} INFO - Setting next_dagrun for example_branch_labels to 2022-01-03T00:00:00+00:00
[2022-01-03 13:29:20,453] {processor.py:171} INFO - Processing /home/airflow/.local/lib/python3.7/site-packages/airflow/example_dags/example_branch_labels.py took 0.092 seconds
[2022-01-03 13:29:51,553] {processor.py:163} INFO - Started process (PID=1760) to work on /home/airflow/.local/lib/python3.7/site-packages/airflow/example_dags/example_branch_labels.py
[2022-01-03 13:29:51,554] {processor.py:625} INFO - Processing file /home/airflow/.local/lib/python3.7/site-packages/airflow/example_dags/example_branch_labels.py for tasks to queue
[2022-01-03 13:29:51,555] {logging_mixin.py:109} INFO - [2022-01-03 13:29:51,555] {dagbag.py:500} INFO - Filling up the DagBag from /home/airflow/.local/lib/python3.7/site-packages/airflow/example_dags/example_branch_labels.py
[2022-01-03 13:29:51,581] {processor.py:637} INFO - DAG(s) dict_keys(['example_branch_labels']) retrieved from /home/airflow/.local/lib/python3.7/site-packages/airflow/example_dags/example_branch_labels.py
[2022-01-03 13:29:51,594] {logging_mixin.py:109} INFO - [2022-01-03 13:29:51,593] {dag.py:2396} INFO - Sync 1 DAGs
[2022-01-03 13:29:51,612] {logging_mixin.py:109} INFO - [2022-01-03 13:29:51,612] {dag.py:2928} INFO - Setting next_dagrun for example_branch_labels to 2022-01-03T00:00:00+00:00
[2022-01-03 13:29:51,621] {processor.py:171} INFO - Processing /home/airflow/.local/lib/python3.7/site-packages/airflow/example_dags/example_branch_labels.py took 0.072 seconds
[2022-01-03 13:30:22,918] {processor.py:163} INFO - Started process (PID=1812) to work on /home/airflow/.local/lib/python3.7/site-packages/airflow/example_dags/example_branch_labels.py
[2022-01-03 13:30:22,920] {processor.py:625} INFO - Processing file /home/airflow/.local/lib/python3.7/site-packages/airflow/example_dags/example_branch_labels.py for tasks to queue
[2022-01-03 13:30:22,921] {logging_mixin.py:109} INFO - [2022-01-03 13:30:22,921] {dagbag.py:500} INFO - Filling up the DagBag from /home/airflow/.local/lib/python3.7/site-packages/airflow/example_dags/example_branch_labels.py
[2022-01-03 13:30:22,983] {processor.py:637} INFO - DAG(s) dict_keys(['example_branch_labels']) retrieved from /home/airflow/.local/lib/python3.7/site-packages/airflow/example_dags/example_branch_labels.py
[2022-01-03 13:30:23,002] {logging_mixin.py:109} INFO - [2022-01-03 13:30:23,002] {dag.py:2396} INFO - Sync 1 DAGs
[2022-01-03 13:30:23,030] {logging_mixin.py:109} INFO - [2022-01-03 13:30:23,029] {dag.py:2928} INFO - Setting next_dagrun for example_branch_labels to 2022-01-03T00:00:00+00:00
[2022-01-03 13:30:23,042] {processor.py:171} INFO - Processing /home/airflow/.local/lib/python3.7/site-packages/airflow/example_dags/example_branch_labels.py took 0.136 seconds
[2022-01-03 13:30:54,055] {processor.py:163} INFO - Started process (PID=1866) to work on /home/airflow/.local/lib/python3.7/site-packages/airflow/example_dags/example_branch_labels.py
[2022-01-03 13:30:54,056] {processor.py:625} INFO - Processing file /home/airflow/.local/lib/python3.7/site-packages/airflow/example_dags/example_branch_labels.py for tasks to queue
[2022-01-03 13:30:54,057] {logging_mixin.py:109} INFO - [2022-01-03 13:30:54,057] {dagbag.py:500} INFO - Filling up the DagBag from /home/airflow/.local/lib/python3.7/site-packages/airflow/example_dags/example_branch_labels.py
[2022-01-03 13:30:54,106] {processor.py:637} INFO - DAG(s) dict_keys(['example_branch_labels']) retrieved from /home/airflow/.local/lib/python3.7/site-packages/airflow/example_dags/example_branch_labels.py
[2022-01-03 13:30:54,124] {logging_mixin.py:109} INFO - [2022-01-03 13:30:54,124] {dag.py:2396} INFO - Sync 1 DAGs
[2022-01-03 13:30:54,154] {logging_mixin.py:109} INFO - [2022-01-03 13:30:54,154] {dag.py:2928} INFO - Setting next_dagrun for example_branch_labels to 2022-01-03T00:00:00+00:00
[2022-01-03 13:30:54,168] {processor.py:171} INFO - Processing /home/airflow/.local/lib/python3.7/site-packages/airflow/example_dags/example_branch_labels.py took 0.118 seconds
[2022-01-03 13:31:25,179] {processor.py:163} INFO - Started process (PID=1928) to work on /home/airflow/.local/lib/python3.7/site-packages/airflow/example_dags/example_branch_labels.py
[2022-01-03 13:31:25,181] {processor.py:625} INFO - Processing file /home/airflow/.local/lib/python3.7/site-packages/airflow/example_dags/example_branch_labels.py for tasks to queue
[2022-01-03 13:31:25,182] {logging_mixin.py:109} INFO - [2022-01-03 13:31:25,181] {dagbag.py:500} INFO - Filling up the DagBag from /home/airflow/.local/lib/python3.7/site-packages/airflow/example_dags/example_branch_labels.py
[2022-01-03 13:31:25,224] {processor.py:637} INFO - DAG(s) dict_keys(['example_branch_labels']) retrieved from /home/airflow/.local/lib/python3.7/site-packages/airflow/example_dags/example_branch_labels.py
[2022-01-03 13:31:25,240] {logging_mixin.py:109} INFO - [2022-01-03 13:31:25,239] {dag.py:2396} INFO - Sync 1 DAGs
[2022-01-03 13:31:25,270] {logging_mixin.py:109} INFO - [2022-01-03 13:31:25,270] {dag.py:2928} INFO - Setting next_dagrun for example_branch_labels to 2022-01-03T00:00:00+00:00
[2022-01-03 13:31:25,283] {processor.py:171} INFO - Processing /home/airflow/.local/lib/python3.7/site-packages/airflow/example_dags/example_branch_labels.py took 0.111 seconds
[2022-01-03 13:31:55,877] {processor.py:163} INFO - Started process (PID=1980) to work on /home/airflow/.local/lib/python3.7/site-packages/airflow/example_dags/example_branch_labels.py
[2022-01-03 13:31:55,886] {processor.py:625} INFO - Processing file /home/airflow/.local/lib/python3.7/site-packages/airflow/example_dags/example_branch_labels.py for tasks to queue
[2022-01-03 13:31:55,889] {logging_mixin.py:109} INFO - [2022-01-03 13:31:55,888] {dagbag.py:500} INFO - Filling up the DagBag from /home/airflow/.local/lib/python3.7/site-packages/airflow/example_dags/example_branch_labels.py
[2022-01-03 13:31:56,010] {processor.py:637} INFO - DAG(s) dict_keys(['example_branch_labels']) retrieved from /home/airflow/.local/lib/python3.7/site-packages/airflow/example_dags/example_branch_labels.py
[2022-01-03 13:31:56,033] {logging_mixin.py:109} INFO - [2022-01-03 13:31:56,032] {dag.py:2396} INFO - Sync 1 DAGs
[2022-01-03 13:31:56,076] {logging_mixin.py:109} INFO - [2022-01-03 13:31:56,076] {dag.py:2928} INFO - Setting next_dagrun for example_branch_labels to 2022-01-03T00:00:00+00:00
[2022-01-03 13:31:56,099] {processor.py:171} INFO - Processing /home/airflow/.local/lib/python3.7/site-packages/airflow/example_dags/example_branch_labels.py took 0.231 seconds
[2022-01-03 13:38:29,073] {processor.py:163} INFO - Started process (PID=231) to work on /home/airflow/.local/lib/python3.7/site-packages/airflow/example_dags/example_branch_labels.py
[2022-01-03 13:38:29,075] {processor.py:625} INFO - Processing file /home/airflow/.local/lib/python3.7/site-packages/airflow/example_dags/example_branch_labels.py for tasks to queue
[2022-01-03 13:38:29,075] {logging_mixin.py:109} INFO - [2022-01-03 13:38:29,075] {dagbag.py:500} INFO - Filling up the DagBag from /home/airflow/.local/lib/python3.7/site-packages/airflow/example_dags/example_branch_labels.py
[2022-01-03 13:38:29,110] {processor.py:637} INFO - DAG(s) dict_keys(['example_branch_labels']) retrieved from /home/airflow/.local/lib/python3.7/site-packages/airflow/example_dags/example_branch_labels.py
[2022-01-03 13:38:31,464] {logging_mixin.py:109} INFO - [2022-01-03 13:38:31,464] {providers_manager.py:156} WARNING - Exception when importing 'airflow.providers.google.leveldb.hooks.leveldb.LevelDBHook' from 'apache-airflow-providers-google' package: No module named 'plyvel'
[2022-01-03 13:38:32,528] {logging_mixin.py:109} INFO - [2022-01-03 13:38:32,528] {providers_manager.py:156} WARNING - Exception when importing 'airflow.providers.google.leveldb.hooks.leveldb.LevelDBHook' from 'apache-airflow-providers-google' package: No module named 'plyvel'
[2022-01-03 13:38:32,582] {logging_mixin.py:109} INFO - [2022-01-03 13:38:32,582] {manager.py:496} INFO - Created Permission View: can edit on DAG:example_branch_labels
[2022-01-03 13:38:32,599] {logging_mixin.py:109} INFO - [2022-01-03 13:38:32,598] {manager.py:496} INFO - Created Permission View: can read on DAG:example_branch_labels
[2022-01-03 13:38:32,600] {logging_mixin.py:109} INFO - [2022-01-03 13:38:32,599] {dag.py:2396} INFO - Sync 1 DAGs
[2022-01-03 13:38:32,616] {logging_mixin.py:109} INFO - [2022-01-03 13:38:32,615] {dag.py:2415} INFO - Creating ORM DAG for example_branch_labels
[2022-01-03 13:38:32,635] {logging_mixin.py:109} INFO - [2022-01-03 13:38:32,635] {dag.py:2928} INFO - Setting next_dagrun for example_branch_labels to 2022-01-02 00:00:00+00:00
[2022-01-03 13:38:32,664] {processor.py:171} INFO - Processing /home/airflow/.local/lib/python3.7/site-packages/airflow/example_dags/example_branch_labels.py took 3.595 seconds
[2022-01-03 13:39:03,797] {processor.py:163} INFO - Started process (PID=302) to work on /home/airflow/.local/lib/python3.7/site-packages/airflow/example_dags/example_branch_labels.py
[2022-01-03 13:39:03,799] {processor.py:625} INFO - Processing file /home/airflow/.local/lib/python3.7/site-packages/airflow/example_dags/example_branch_labels.py for tasks to queue
[2022-01-03 13:39:03,800] {logging_mixin.py:109} INFO - [2022-01-03 13:39:03,799] {dagbag.py:500} INFO - Filling up the DagBag from /home/airflow/.local/lib/python3.7/site-packages/airflow/example_dags/example_branch_labels.py
[2022-01-03 13:39:03,843] {processor.py:637} INFO - DAG(s) dict_keys(['example_branch_labels']) retrieved from /home/airflow/.local/lib/python3.7/site-packages/airflow/example_dags/example_branch_labels.py
[2022-01-03 13:39:03,880] {logging_mixin.py:109} INFO - [2022-01-03 13:39:03,879] {dag.py:2396} INFO - Sync 1 DAGs
[2022-01-03 13:39:03,989] {logging_mixin.py:109} INFO - [2022-01-03 13:39:03,987] {dag.py:2928} INFO - Setting next_dagrun for example_branch_labels to 2022-01-02 00:00:00+00:00
[2022-01-03 13:39:04,034] {processor.py:171} INFO - Processing /home/airflow/.local/lib/python3.7/site-packages/airflow/example_dags/example_branch_labels.py took 0.244 seconds
[2022-01-03 13:43:23,274] {processor.py:163} INFO - Started process (PID=226) to work on /home/airflow/.local/lib/python3.7/site-packages/airflow/example_dags/example_branch_labels.py
[2022-01-03 13:43:23,276] {processor.py:625} INFO - Processing file /home/airflow/.local/lib/python3.7/site-packages/airflow/example_dags/example_branch_labels.py for tasks to queue
[2022-01-03 13:43:23,277] {logging_mixin.py:109} INFO - [2022-01-03 13:43:23,277] {dagbag.py:500} INFO - Filling up the DagBag from /home/airflow/.local/lib/python3.7/site-packages/airflow/example_dags/example_branch_labels.py
[2022-01-03 13:43:23,312] {processor.py:637} INFO - DAG(s) dict_keys(['example_branch_labels']) retrieved from /home/airflow/.local/lib/python3.7/site-packages/airflow/example_dags/example_branch_labels.py
[2022-01-03 13:43:25,780] {logging_mixin.py:109} INFO - [2022-01-03 13:43:25,780] {providers_manager.py:156} WARNING - Exception when importing 'airflow.providers.google.leveldb.hooks.leveldb.LevelDBHook' from 'apache-airflow-providers-google' package: No module named 'plyvel'
[2022-01-03 13:43:26,458] {logging_mixin.py:109} INFO - [2022-01-03 13:43:26,458] {providers_manager.py:156} WARNING - Exception when importing 'airflow.providers.google.leveldb.hooks.leveldb.LevelDBHook' from 'apache-airflow-providers-google' package: No module named 'plyvel'
[2022-01-03 13:43:26,489] {logging_mixin.py:109} INFO - [2022-01-03 13:43:26,489] {manager.py:496} INFO - Created Permission View: can read on DAG:example_branch_labels
[2022-01-03 13:43:26,501] {logging_mixin.py:109} INFO - [2022-01-03 13:43:26,501] {manager.py:496} INFO - Created Permission View: can edit on DAG:example_branch_labels
[2022-01-03 13:43:26,502] {logging_mixin.py:109} INFO - [2022-01-03 13:43:26,501] {dag.py:2396} INFO - Sync 1 DAGs
[2022-01-03 13:43:26,518] {logging_mixin.py:109} INFO - [2022-01-03 13:43:26,518] {dag.py:2415} INFO - Creating ORM DAG for example_branch_labels
[2022-01-03 13:43:26,533] {logging_mixin.py:109} INFO - [2022-01-03 13:43:26,533] {dag.py:2928} INFO - Setting next_dagrun for example_branch_labels to 2022-01-02 00:00:00+00:00
[2022-01-03 13:43:26,548] {processor.py:171} INFO - Processing /home/airflow/.local/lib/python3.7/site-packages/airflow/example_dags/example_branch_labels.py took 3.278 seconds
[2022-01-03 13:43:56,789] {processor.py:163} INFO - Started process (PID=298) to work on /home/airflow/.local/lib/python3.7/site-packages/airflow/example_dags/example_branch_labels.py
[2022-01-03 13:43:56,791] {processor.py:625} INFO - Processing file /home/airflow/.local/lib/python3.7/site-packages/airflow/example_dags/example_branch_labels.py for tasks to queue
[2022-01-03 13:43:56,791] {logging_mixin.py:109} INFO - [2022-01-03 13:43:56,791] {dagbag.py:500} INFO - Filling up the DagBag from /home/airflow/.local/lib/python3.7/site-packages/airflow/example_dags/example_branch_labels.py
[2022-01-03 13:43:56,825] {processor.py:637} INFO - DAG(s) dict_keys(['example_branch_labels']) retrieved from /home/airflow/.local/lib/python3.7/site-packages/airflow/example_dags/example_branch_labels.py
[2022-01-03 13:43:56,856] {logging_mixin.py:109} INFO - [2022-01-03 13:43:56,856] {dag.py:2396} INFO - Sync 1 DAGs
[2022-01-03 13:43:56,888] {logging_mixin.py:109} INFO - [2022-01-03 13:43:56,888] {dag.py:2928} INFO - Setting next_dagrun for example_branch_labels to 2022-01-02 00:00:00+00:00
[2022-01-03 13:43:56,899] {processor.py:171} INFO - Processing /home/airflow/.local/lib/python3.7/site-packages/airflow/example_dags/example_branch_labels.py took 0.114 seconds
[2022-01-03 13:44:27,590] {processor.py:163} INFO - Started process (PID=350) to work on /home/airflow/.local/lib/python3.7/site-packages/airflow/example_dags/example_branch_labels.py
[2022-01-03 13:44:27,591] {processor.py:625} INFO - Processing file /home/airflow/.local/lib/python3.7/site-packages/airflow/example_dags/example_branch_labels.py for tasks to queue
[2022-01-03 13:44:27,592] {logging_mixin.py:109} INFO - [2022-01-03 13:44:27,592] {dagbag.py:500} INFO - Filling up the DagBag from /home/airflow/.local/lib/python3.7/site-packages/airflow/example_dags/example_branch_labels.py
[2022-01-03 13:44:27,684] {processor.py:637} INFO - DAG(s) dict_keys(['example_branch_labels']) retrieved from /home/airflow/.local/lib/python3.7/site-packages/airflow/example_dags/example_branch_labels.py
[2022-01-03 13:44:27,699] {logging_mixin.py:109} INFO - [2022-01-03 13:44:27,699] {dag.py:2396} INFO - Sync 1 DAGs
[2022-01-03 13:44:27,733] {logging_mixin.py:109} INFO - [2022-01-03 13:44:27,733] {dag.py:2928} INFO - Setting next_dagrun for example_branch_labels to 2022-01-02 00:00:00+00:00
[2022-01-03 13:44:27,749] {processor.py:171} INFO - Processing /home/airflow/.local/lib/python3.7/site-packages/airflow/example_dags/example_branch_labels.py took 0.173 seconds
[2022-01-03 13:44:58,263] {processor.py:163} INFO - Started process (PID=400) to work on /home/airflow/.local/lib/python3.7/site-packages/airflow/example_dags/example_branch_labels.py
[2022-01-03 13:44:58,264] {processor.py:625} INFO - Processing file /home/airflow/.local/lib/python3.7/site-packages/airflow/example_dags/example_branch_labels.py for tasks to queue
[2022-01-03 13:44:58,264] {logging_mixin.py:109} INFO - [2022-01-03 13:44:58,264] {dagbag.py:500} INFO - Filling up the DagBag from /home/airflow/.local/lib/python3.7/site-packages/airflow/example_dags/example_branch_labels.py
[2022-01-03 13:44:58,293] {processor.py:637} INFO - DAG(s) dict_keys(['example_branch_labels']) retrieved from /home/airflow/.local/lib/python3.7/site-packages/airflow/example_dags/example_branch_labels.py
[2022-01-03 13:44:58,305] {logging_mixin.py:109} INFO - [2022-01-03 13:44:58,305] {dag.py:2396} INFO - Sync 1 DAGs
[2022-01-03 13:44:58,329] {logging_mixin.py:109} INFO - [2022-01-03 13:44:58,329] {dag.py:2928} INFO - Setting next_dagrun for example_branch_labels to 2022-01-02 00:00:00+00:00
[2022-01-03 13:44:58,338] {processor.py:171} INFO - Processing /home/airflow/.local/lib/python3.7/site-packages/airflow/example_dags/example_branch_labels.py took 0.078 seconds
[2022-01-03 13:45:28,545] {processor.py:163} INFO - Started process (PID=452) to work on /home/airflow/.local/lib/python3.7/site-packages/airflow/example_dags/example_branch_labels.py
[2022-01-03 13:45:28,552] {processor.py:625} INFO - Processing file /home/airflow/.local/lib/python3.7/site-packages/airflow/example_dags/example_branch_labels.py for tasks to queue
[2022-01-03 13:45:28,553] {logging_mixin.py:109} INFO - [2022-01-03 13:45:28,552] {dagbag.py:500} INFO - Filling up the DagBag from /home/airflow/.local/lib/python3.7/site-packages/airflow/example_dags/example_branch_labels.py
[2022-01-03 13:45:28,603] {processor.py:637} INFO - DAG(s) dict_keys(['example_branch_labels']) retrieved from /home/airflow/.local/lib/python3.7/site-packages/airflow/example_dags/example_branch_labels.py
[2022-01-03 13:45:28,624] {logging_mixin.py:109} INFO - [2022-01-03 13:45:28,623] {dag.py:2396} INFO - Sync 1 DAGs
[2022-01-03 13:45:28,660] {logging_mixin.py:109} INFO - [2022-01-03 13:45:28,660] {dag.py:2928} INFO - Setting next_dagrun for example_branch_labels to 2022-01-02 00:00:00+00:00
[2022-01-03 13:45:28,678] {processor.py:171} INFO - Processing /home/airflow/.local/lib/python3.7/site-packages/airflow/example_dags/example_branch_labels.py took 0.139 seconds
[2022-01-03 13:45:59,039] {processor.py:163} INFO - Started process (PID=513) to work on /home/airflow/.local/lib/python3.7/site-packages/airflow/example_dags/example_branch_labels.py
[2022-01-03 13:45:59,040] {processor.py:625} INFO - Processing file /home/airflow/.local/lib/python3.7/site-packages/airflow/example_dags/example_branch_labels.py for tasks to queue
[2022-01-03 13:45:59,041] {logging_mixin.py:109} INFO - [2022-01-03 13:45:59,041] {dagbag.py:500} INFO - Filling up the DagBag from /home/airflow/.local/lib/python3.7/site-packages/airflow/example_dags/example_branch_labels.py
[2022-01-03 13:45:59,087] {processor.py:637} INFO - DAG(s) dict_keys(['example_branch_labels']) retrieved from /home/airflow/.local/lib/python3.7/site-packages/airflow/example_dags/example_branch_labels.py
[2022-01-03 13:45:59,104] {logging_mixin.py:109} INFO - [2022-01-03 13:45:59,103] {dag.py:2396} INFO - Sync 1 DAGs
[2022-01-03 13:45:59,137] {logging_mixin.py:109} INFO - [2022-01-03 13:45:59,137] {dag.py:2928} INFO - Setting next_dagrun for example_branch_labels to 2022-01-02 00:00:00+00:00
[2022-01-03 13:45:59,151] {processor.py:171} INFO - Processing /home/airflow/.local/lib/python3.7/site-packages/airflow/example_dags/example_branch_labels.py took 0.116 seconds
[2022-01-03 13:46:29,379] {processor.py:163} INFO - Started process (PID=566) to work on /home/airflow/.local/lib/python3.7/site-packages/airflow/example_dags/example_branch_labels.py
[2022-01-03 13:46:29,387] {processor.py:625} INFO - Processing file /home/airflow/.local/lib/python3.7/site-packages/airflow/example_dags/example_branch_labels.py for tasks to queue
[2022-01-03 13:46:29,388] {logging_mixin.py:109} INFO - [2022-01-03 13:46:29,388] {dagbag.py:500} INFO - Filling up the DagBag from /home/airflow/.local/lib/python3.7/site-packages/airflow/example_dags/example_branch_labels.py
[2022-01-03 13:46:29,473] {processor.py:637} INFO - DAG(s) dict_keys(['example_branch_labels']) retrieved from /home/airflow/.local/lib/python3.7/site-packages/airflow/example_dags/example_branch_labels.py
[2022-01-03 13:46:29,495] {logging_mixin.py:109} INFO - [2022-01-03 13:46:29,495] {dag.py:2396} INFO - Sync 1 DAGs
[2022-01-03 13:46:29,524] {logging_mixin.py:109} INFO - [2022-01-03 13:46:29,524] {dag.py:2928} INFO - Setting next_dagrun for example_branch_labels to 2022-01-02 00:00:00+00:00
[2022-01-03 13:46:29,544] {processor.py:171} INFO - Processing /home/airflow/.local/lib/python3.7/site-packages/airflow/example_dags/example_branch_labels.py took 0.169 seconds
