[2022-01-03 12:27:39,591] {processor.py:163} INFO - Started process (PID=77) to work on /home/airflow/.local/lib/python3.7/site-packages/airflow/example_dags/example_kubernetes_executor_config.py
[2022-01-03 12:27:39,592] {processor.py:625} INFO - Processing file /home/airflow/.local/lib/python3.7/site-packages/airflow/example_dags/example_kubernetes_executor_config.py for tasks to queue
[2022-01-03 12:27:39,594] {logging_mixin.py:109} INFO - [2022-01-03 12:27:39,593] {dagbag.py:500} INFO - Filling up the DagBag from /home/airflow/.local/lib/python3.7/site-packages/airflow/example_dags/example_kubernetes_executor_config.py
[2022-01-03 12:27:39,730] {processor.py:637} INFO - DAG(s) dict_keys(['example_kubernetes_executor_config']) retrieved from /home/airflow/.local/lib/python3.7/site-packages/airflow/example_dags/example_kubernetes_executor_config.py
[2022-01-03 12:27:46,766] {logging_mixin.py:109} INFO - [2022-01-03 12:27:46,765] {providers_manager.py:156} WARNING - Exception when importing 'airflow.providers.google.leveldb.hooks.leveldb.LevelDBHook' from 'apache-airflow-providers-google' package: No module named 'plyvel'
[2022-01-03 12:27:50,206] {logging_mixin.py:109} INFO - [2022-01-03 12:27:50,206] {providers_manager.py:156} WARNING - Exception when importing 'airflow.providers.google.leveldb.hooks.leveldb.LevelDBHook' from 'apache-airflow-providers-google' package: No module named 'plyvel'
[2022-01-03 12:27:50,326] {logging_mixin.py:109} INFO - [2022-01-03 12:27:50,326] {manager.py:496} INFO - Created Permission View: can read on DAG:example_kubernetes_executor_config
[2022-01-03 12:27:50,375] {logging_mixin.py:109} INFO - [2022-01-03 12:27:50,374] {manager.py:496} INFO - Created Permission View: can edit on DAG:example_kubernetes_executor_config
[2022-01-03 12:27:50,401] {logging_mixin.py:109} INFO - [2022-01-03 12:27:50,400] {dag.py:2396} INFO - Sync 1 DAGs
[2022-01-03 12:27:50,506] {logging_mixin.py:109} INFO - [2022-01-03 12:27:50,506] {dag.py:2415} INFO - Creating ORM DAG for example_kubernetes_executor_config
[2022-01-03 12:27:50,656] {logging_mixin.py:109} INFO - [2022-01-03 12:27:50,656] {dag.py:2928} INFO - Setting next_dagrun for example_kubernetes_executor_config to None
[2022-01-03 12:27:50,808] {processor.py:171} INFO - Processing /home/airflow/.local/lib/python3.7/site-packages/airflow/example_dags/example_kubernetes_executor_config.py took 11.221 seconds
[2022-01-03 12:28:58,995] {processor.py:163} INFO - Started process (PID=267) to work on /home/airflow/.local/lib/python3.7/site-packages/airflow/example_dags/example_kubernetes_executor_config.py
[2022-01-03 12:28:58,999] {processor.py:625} INFO - Processing file /home/airflow/.local/lib/python3.7/site-packages/airflow/example_dags/example_kubernetes_executor_config.py for tasks to queue
[2022-01-03 12:28:59,000] {logging_mixin.py:109} INFO - [2022-01-03 12:28:59,000] {dagbag.py:500} INFO - Filling up the DagBag from /home/airflow/.local/lib/python3.7/site-packages/airflow/example_dags/example_kubernetes_executor_config.py
[2022-01-03 12:28:59,086] {processor.py:637} INFO - DAG(s) dict_keys(['example_kubernetes_executor_config']) retrieved from /home/airflow/.local/lib/python3.7/site-packages/airflow/example_dags/example_kubernetes_executor_config.py
[2022-01-03 12:28:59,106] {logging_mixin.py:109} INFO - [2022-01-03 12:28:59,106] {dag.py:2396} INFO - Sync 1 DAGs
[2022-01-03 12:28:59,136] {logging_mixin.py:109} INFO - [2022-01-03 12:28:59,136] {dag.py:2928} INFO - Setting next_dagrun for example_kubernetes_executor_config to None
[2022-01-03 12:28:59,161] {processor.py:171} INFO - Processing /home/airflow/.local/lib/python3.7/site-packages/airflow/example_dags/example_kubernetes_executor_config.py took 0.185 seconds
[2022-01-03 12:29:29,592] {processor.py:163} INFO - Started process (PID=317) to work on /home/airflow/.local/lib/python3.7/site-packages/airflow/example_dags/example_kubernetes_executor_config.py
[2022-01-03 12:29:29,597] {processor.py:625} INFO - Processing file /home/airflow/.local/lib/python3.7/site-packages/airflow/example_dags/example_kubernetes_executor_config.py for tasks to queue
[2022-01-03 12:29:29,598] {logging_mixin.py:109} INFO - [2022-01-03 12:29:29,598] {dagbag.py:500} INFO - Filling up the DagBag from /home/airflow/.local/lib/python3.7/site-packages/airflow/example_dags/example_kubernetes_executor_config.py
[2022-01-03 12:29:29,651] {processor.py:637} INFO - DAG(s) dict_keys(['example_kubernetes_executor_config']) retrieved from /home/airflow/.local/lib/python3.7/site-packages/airflow/example_dags/example_kubernetes_executor_config.py
[2022-01-03 12:29:29,667] {logging_mixin.py:109} INFO - [2022-01-03 12:29:29,667] {dag.py:2396} INFO - Sync 1 DAGs
[2022-01-03 12:29:29,689] {logging_mixin.py:109} INFO - [2022-01-03 12:29:29,689] {dag.py:2928} INFO - Setting next_dagrun for example_kubernetes_executor_config to None
[2022-01-03 12:29:29,701] {processor.py:171} INFO - Processing /home/airflow/.local/lib/python3.7/site-packages/airflow/example_dags/example_kubernetes_executor_config.py took 0.114 seconds
[2022-01-03 12:30:00,456] {processor.py:163} INFO - Started process (PID=369) to work on /home/airflow/.local/lib/python3.7/site-packages/airflow/example_dags/example_kubernetes_executor_config.py
[2022-01-03 12:30:00,463] {processor.py:625} INFO - Processing file /home/airflow/.local/lib/python3.7/site-packages/airflow/example_dags/example_kubernetes_executor_config.py for tasks to queue
[2022-01-03 12:30:00,464] {logging_mixin.py:109} INFO - [2022-01-03 12:30:00,463] {dagbag.py:500} INFO - Filling up the DagBag from /home/airflow/.local/lib/python3.7/site-packages/airflow/example_dags/example_kubernetes_executor_config.py
[2022-01-03 12:30:00,516] {processor.py:637} INFO - DAG(s) dict_keys(['example_kubernetes_executor_config']) retrieved from /home/airflow/.local/lib/python3.7/site-packages/airflow/example_dags/example_kubernetes_executor_config.py
[2022-01-03 12:30:00,541] {logging_mixin.py:109} INFO - [2022-01-03 12:30:00,541] {dag.py:2396} INFO - Sync 1 DAGs
[2022-01-03 12:30:00,565] {logging_mixin.py:109} INFO - [2022-01-03 12:30:00,565] {dag.py:2928} INFO - Setting next_dagrun for example_kubernetes_executor_config to None
[2022-01-03 12:30:00,581] {processor.py:171} INFO - Processing /home/airflow/.local/lib/python3.7/site-packages/airflow/example_dags/example_kubernetes_executor_config.py took 0.130 seconds
[2022-01-03 12:30:31,069] {processor.py:163} INFO - Started process (PID=422) to work on /home/airflow/.local/lib/python3.7/site-packages/airflow/example_dags/example_kubernetes_executor_config.py
[2022-01-03 12:30:31,107] {processor.py:625} INFO - Processing file /home/airflow/.local/lib/python3.7/site-packages/airflow/example_dags/example_kubernetes_executor_config.py for tasks to queue
[2022-01-03 12:30:31,109] {logging_mixin.py:109} INFO - [2022-01-03 12:30:31,109] {dagbag.py:500} INFO - Filling up the DagBag from /home/airflow/.local/lib/python3.7/site-packages/airflow/example_dags/example_kubernetes_executor_config.py
[2022-01-03 12:30:31,245] {processor.py:637} INFO - DAG(s) dict_keys(['example_kubernetes_executor_config']) retrieved from /home/airflow/.local/lib/python3.7/site-packages/airflow/example_dags/example_kubernetes_executor_config.py
[2022-01-03 12:30:31,268] {logging_mixin.py:109} INFO - [2022-01-03 12:30:31,268] {dag.py:2396} INFO - Sync 1 DAGs
[2022-01-03 12:30:31,296] {logging_mixin.py:109} INFO - [2022-01-03 12:30:31,295] {dag.py:2928} INFO - Setting next_dagrun for example_kubernetes_executor_config to None
[2022-01-03 12:30:31,315] {processor.py:171} INFO - Processing /home/airflow/.local/lib/python3.7/site-packages/airflow/example_dags/example_kubernetes_executor_config.py took 0.253 seconds
[2022-01-03 12:31:01,443] {processor.py:163} INFO - Started process (PID=473) to work on /home/airflow/.local/lib/python3.7/site-packages/airflow/example_dags/example_kubernetes_executor_config.py
[2022-01-03 12:31:01,451] {processor.py:625} INFO - Processing file /home/airflow/.local/lib/python3.7/site-packages/airflow/example_dags/example_kubernetes_executor_config.py for tasks to queue
[2022-01-03 12:31:01,452] {logging_mixin.py:109} INFO - [2022-01-03 12:31:01,452] {dagbag.py:500} INFO - Filling up the DagBag from /home/airflow/.local/lib/python3.7/site-packages/airflow/example_dags/example_kubernetes_executor_config.py
[2022-01-03 12:31:01,625] {processor.py:637} INFO - DAG(s) dict_keys(['example_kubernetes_executor_config']) retrieved from /home/airflow/.local/lib/python3.7/site-packages/airflow/example_dags/example_kubernetes_executor_config.py
[2022-01-03 12:31:01,724] {logging_mixin.py:109} INFO - [2022-01-03 12:31:01,724] {dag.py:2396} INFO - Sync 1 DAGs
[2022-01-03 12:31:01,871] {logging_mixin.py:109} INFO - [2022-01-03 12:31:01,871] {dag.py:2928} INFO - Setting next_dagrun for example_kubernetes_executor_config to None
[2022-01-03 12:31:01,951] {processor.py:171} INFO - Processing /home/airflow/.local/lib/python3.7/site-packages/airflow/example_dags/example_kubernetes_executor_config.py took 0.545 seconds
[2022-01-03 12:31:32,340] {processor.py:163} INFO - Started process (PID=515) to work on /home/airflow/.local/lib/python3.7/site-packages/airflow/example_dags/example_kubernetes_executor_config.py
[2022-01-03 12:31:32,341] {processor.py:625} INFO - Processing file /home/airflow/.local/lib/python3.7/site-packages/airflow/example_dags/example_kubernetes_executor_config.py for tasks to queue
[2022-01-03 12:31:32,342] {logging_mixin.py:109} INFO - [2022-01-03 12:31:32,342] {dagbag.py:500} INFO - Filling up the DagBag from /home/airflow/.local/lib/python3.7/site-packages/airflow/example_dags/example_kubernetes_executor_config.py
[2022-01-03 12:31:32,405] {processor.py:637} INFO - DAG(s) dict_keys(['example_kubernetes_executor_config']) retrieved from /home/airflow/.local/lib/python3.7/site-packages/airflow/example_dags/example_kubernetes_executor_config.py
[2022-01-03 12:31:32,429] {logging_mixin.py:109} INFO - [2022-01-03 12:31:32,428] {dag.py:2396} INFO - Sync 1 DAGs
[2022-01-03 12:31:32,476] {logging_mixin.py:109} INFO - [2022-01-03 12:31:32,476] {dag.py:2928} INFO - Setting next_dagrun for example_kubernetes_executor_config to None
[2022-01-03 12:31:32,514] {processor.py:171} INFO - Processing /home/airflow/.local/lib/python3.7/site-packages/airflow/example_dags/example_kubernetes_executor_config.py took 0.179 seconds
[2022-01-03 12:32:02,664] {processor.py:163} INFO - Started process (PID=573) to work on /home/airflow/.local/lib/python3.7/site-packages/airflow/example_dags/example_kubernetes_executor_config.py
[2022-01-03 12:32:02,669] {processor.py:625} INFO - Processing file /home/airflow/.local/lib/python3.7/site-packages/airflow/example_dags/example_kubernetes_executor_config.py for tasks to queue
[2022-01-03 12:32:02,669] {logging_mixin.py:109} INFO - [2022-01-03 12:32:02,669] {dagbag.py:500} INFO - Filling up the DagBag from /home/airflow/.local/lib/python3.7/site-packages/airflow/example_dags/example_kubernetes_executor_config.py
[2022-01-03 12:32:02,747] {processor.py:637} INFO - DAG(s) dict_keys(['example_kubernetes_executor_config']) retrieved from /home/airflow/.local/lib/python3.7/site-packages/airflow/example_dags/example_kubernetes_executor_config.py
[2022-01-03 12:32:02,777] {logging_mixin.py:109} INFO - [2022-01-03 12:32:02,777] {dag.py:2396} INFO - Sync 1 DAGs
[2022-01-03 12:32:02,819] {logging_mixin.py:109} INFO - [2022-01-03 12:32:02,818] {dag.py:2928} INFO - Setting next_dagrun for example_kubernetes_executor_config to None
[2022-01-03 12:32:02,832] {processor.py:171} INFO - Processing /home/airflow/.local/lib/python3.7/site-packages/airflow/example_dags/example_kubernetes_executor_config.py took 0.175 seconds
[2022-01-03 13:13:42,478] {processor.py:163} INFO - Started process (PID=52) to work on /home/airflow/.local/lib/python3.7/site-packages/airflow/example_dags/example_kubernetes_executor_config.py
[2022-01-03 13:13:42,483] {processor.py:625} INFO - Processing file /home/airflow/.local/lib/python3.7/site-packages/airflow/example_dags/example_kubernetes_executor_config.py for tasks to queue
[2022-01-03 13:13:42,484] {logging_mixin.py:109} INFO - [2022-01-03 13:13:42,484] {dagbag.py:500} INFO - Filling up the DagBag from /home/airflow/.local/lib/python3.7/site-packages/airflow/example_dags/example_kubernetes_executor_config.py
[2022-01-03 13:13:42,602] {processor.py:637} INFO - DAG(s) dict_keys(['example_kubernetes_executor_config']) retrieved from /home/airflow/.local/lib/python3.7/site-packages/airflow/example_dags/example_kubernetes_executor_config.py
[2022-01-03 13:13:42,637] {logging_mixin.py:109} INFO - [2022-01-03 13:13:42,637] {dag.py:2396} INFO - Sync 1 DAGs
[2022-01-03 13:13:42,691] {logging_mixin.py:109} INFO - [2022-01-03 13:13:42,691] {dag.py:2928} INFO - Setting next_dagrun for example_kubernetes_executor_config to None
[2022-01-03 13:13:42,719] {processor.py:171} INFO - Processing /home/airflow/.local/lib/python3.7/site-packages/airflow/example_dags/example_kubernetes_executor_config.py took 0.256 seconds
[2022-01-03 13:14:12,764] {processor.py:163} INFO - Started process (PID=99) to work on /home/airflow/.local/lib/python3.7/site-packages/airflow/example_dags/example_kubernetes_executor_config.py
[2022-01-03 13:14:12,765] {processor.py:625} INFO - Processing file /home/airflow/.local/lib/python3.7/site-packages/airflow/example_dags/example_kubernetes_executor_config.py for tasks to queue
[2022-01-03 13:14:12,766] {logging_mixin.py:109} INFO - [2022-01-03 13:14:12,766] {dagbag.py:500} INFO - Filling up the DagBag from /home/airflow/.local/lib/python3.7/site-packages/airflow/example_dags/example_kubernetes_executor_config.py
[2022-01-03 13:14:12,801] {processor.py:637} INFO - DAG(s) dict_keys(['example_kubernetes_executor_config']) retrieved from /home/airflow/.local/lib/python3.7/site-packages/airflow/example_dags/example_kubernetes_executor_config.py
[2022-01-03 13:14:12,819] {logging_mixin.py:109} INFO - [2022-01-03 13:14:12,819] {dag.py:2396} INFO - Sync 1 DAGs
[2022-01-03 13:14:12,848] {logging_mixin.py:109} INFO - [2022-01-03 13:14:12,848] {dag.py:2928} INFO - Setting next_dagrun for example_kubernetes_executor_config to None
[2022-01-03 13:14:12,859] {processor.py:171} INFO - Processing /home/airflow/.local/lib/python3.7/site-packages/airflow/example_dags/example_kubernetes_executor_config.py took 0.099 seconds
[2022-01-03 13:14:43,281] {processor.py:163} INFO - Started process (PID=164) to work on /home/airflow/.local/lib/python3.7/site-packages/airflow/example_dags/example_kubernetes_executor_config.py
[2022-01-03 13:14:43,283] {processor.py:625} INFO - Processing file /home/airflow/.local/lib/python3.7/site-packages/airflow/example_dags/example_kubernetes_executor_config.py for tasks to queue
[2022-01-03 13:14:43,284] {logging_mixin.py:109} INFO - [2022-01-03 13:14:43,284] {dagbag.py:500} INFO - Filling up the DagBag from /home/airflow/.local/lib/python3.7/site-packages/airflow/example_dags/example_kubernetes_executor_config.py
[2022-01-03 13:14:43,331] {processor.py:637} INFO - DAG(s) dict_keys(['example_kubernetes_executor_config']) retrieved from /home/airflow/.local/lib/python3.7/site-packages/airflow/example_dags/example_kubernetes_executor_config.py
[2022-01-03 13:14:43,347] {logging_mixin.py:109} INFO - [2022-01-03 13:14:43,346] {dag.py:2396} INFO - Sync 1 DAGs
[2022-01-03 13:14:43,373] {logging_mixin.py:109} INFO - [2022-01-03 13:14:43,373] {dag.py:2928} INFO - Setting next_dagrun for example_kubernetes_executor_config to None
[2022-01-03 13:14:43,388] {processor.py:171} INFO - Processing /home/airflow/.local/lib/python3.7/site-packages/airflow/example_dags/example_kubernetes_executor_config.py took 0.111 seconds
[2022-01-03 13:15:13,447] {processor.py:163} INFO - Started process (PID=216) to work on /home/airflow/.local/lib/python3.7/site-packages/airflow/example_dags/example_kubernetes_executor_config.py
[2022-01-03 13:15:13,449] {processor.py:625} INFO - Processing file /home/airflow/.local/lib/python3.7/site-packages/airflow/example_dags/example_kubernetes_executor_config.py for tasks to queue
[2022-01-03 13:15:13,449] {logging_mixin.py:109} INFO - [2022-01-03 13:15:13,449] {dagbag.py:500} INFO - Filling up the DagBag from /home/airflow/.local/lib/python3.7/site-packages/airflow/example_dags/example_kubernetes_executor_config.py
[2022-01-03 13:15:13,509] {processor.py:637} INFO - DAG(s) dict_keys(['example_kubernetes_executor_config']) retrieved from /home/airflow/.local/lib/python3.7/site-packages/airflow/example_dags/example_kubernetes_executor_config.py
[2022-01-03 13:15:13,530] {logging_mixin.py:109} INFO - [2022-01-03 13:15:13,530] {dag.py:2396} INFO - Sync 1 DAGs
[2022-01-03 13:15:13,561] {logging_mixin.py:109} INFO - [2022-01-03 13:15:13,561] {dag.py:2928} INFO - Setting next_dagrun for example_kubernetes_executor_config to None
[2022-01-03 13:15:13,579] {processor.py:171} INFO - Processing /home/airflow/.local/lib/python3.7/site-packages/airflow/example_dags/example_kubernetes_executor_config.py took 0.135 seconds
[2022-01-03 13:15:44,520] {processor.py:163} INFO - Started process (PID=272) to work on /home/airflow/.local/lib/python3.7/site-packages/airflow/example_dags/example_kubernetes_executor_config.py
[2022-01-03 13:15:44,523] {processor.py:625} INFO - Processing file /home/airflow/.local/lib/python3.7/site-packages/airflow/example_dags/example_kubernetes_executor_config.py for tasks to queue
[2022-01-03 13:15:44,526] {logging_mixin.py:109} INFO - [2022-01-03 13:15:44,525] {dagbag.py:500} INFO - Filling up the DagBag from /home/airflow/.local/lib/python3.7/site-packages/airflow/example_dags/example_kubernetes_executor_config.py
[2022-01-03 13:15:44,587] {processor.py:637} INFO - DAG(s) dict_keys(['example_kubernetes_executor_config']) retrieved from /home/airflow/.local/lib/python3.7/site-packages/airflow/example_dags/example_kubernetes_executor_config.py
[2022-01-03 13:15:44,613] {logging_mixin.py:109} INFO - [2022-01-03 13:15:44,613] {dag.py:2396} INFO - Sync 1 DAGs
[2022-01-03 13:15:44,639] {logging_mixin.py:109} INFO - [2022-01-03 13:15:44,639] {dag.py:2928} INFO - Setting next_dagrun for example_kubernetes_executor_config to None
[2022-01-03 13:15:44,653] {processor.py:171} INFO - Processing /home/airflow/.local/lib/python3.7/site-packages/airflow/example_dags/example_kubernetes_executor_config.py took 0.141 seconds
[2022-01-03 13:16:15,163] {processor.py:163} INFO - Started process (PID=326) to work on /home/airflow/.local/lib/python3.7/site-packages/airflow/example_dags/example_kubernetes_executor_config.py
[2022-01-03 13:16:15,164] {processor.py:625} INFO - Processing file /home/airflow/.local/lib/python3.7/site-packages/airflow/example_dags/example_kubernetes_executor_config.py for tasks to queue
[2022-01-03 13:16:15,165] {logging_mixin.py:109} INFO - [2022-01-03 13:16:15,165] {dagbag.py:500} INFO - Filling up the DagBag from /home/airflow/.local/lib/python3.7/site-packages/airflow/example_dags/example_kubernetes_executor_config.py
[2022-01-03 13:16:15,233] {processor.py:637} INFO - DAG(s) dict_keys(['example_kubernetes_executor_config']) retrieved from /home/airflow/.local/lib/python3.7/site-packages/airflow/example_dags/example_kubernetes_executor_config.py
[2022-01-03 13:16:15,255] {logging_mixin.py:109} INFO - [2022-01-03 13:16:15,255] {dag.py:2396} INFO - Sync 1 DAGs
[2022-01-03 13:16:15,290] {logging_mixin.py:109} INFO - [2022-01-03 13:16:15,290] {dag.py:2928} INFO - Setting next_dagrun for example_kubernetes_executor_config to None
[2022-01-03 13:16:15,307] {processor.py:171} INFO - Processing /home/airflow/.local/lib/python3.7/site-packages/airflow/example_dags/example_kubernetes_executor_config.py took 0.149 seconds
[2022-01-03 13:16:46,297] {processor.py:163} INFO - Started process (PID=389) to work on /home/airflow/.local/lib/python3.7/site-packages/airflow/example_dags/example_kubernetes_executor_config.py
[2022-01-03 13:16:46,304] {processor.py:625} INFO - Processing file /home/airflow/.local/lib/python3.7/site-packages/airflow/example_dags/example_kubernetes_executor_config.py for tasks to queue
[2022-01-03 13:16:46,309] {logging_mixin.py:109} INFO - [2022-01-03 13:16:46,309] {dagbag.py:500} INFO - Filling up the DagBag from /home/airflow/.local/lib/python3.7/site-packages/airflow/example_dags/example_kubernetes_executor_config.py
[2022-01-03 13:16:46,383] {processor.py:637} INFO - DAG(s) dict_keys(['example_kubernetes_executor_config']) retrieved from /home/airflow/.local/lib/python3.7/site-packages/airflow/example_dags/example_kubernetes_executor_config.py
[2022-01-03 13:16:46,408] {logging_mixin.py:109} INFO - [2022-01-03 13:16:46,408] {dag.py:2396} INFO - Sync 1 DAGs
[2022-01-03 13:16:46,454] {logging_mixin.py:109} INFO - [2022-01-03 13:16:46,453] {dag.py:2928} INFO - Setting next_dagrun for example_kubernetes_executor_config to None
[2022-01-03 13:16:46,474] {processor.py:171} INFO - Processing /home/airflow/.local/lib/python3.7/site-packages/airflow/example_dags/example_kubernetes_executor_config.py took 0.192 seconds
[2022-01-03 13:17:16,737] {processor.py:163} INFO - Started process (PID=440) to work on /home/airflow/.local/lib/python3.7/site-packages/airflow/example_dags/example_kubernetes_executor_config.py
[2022-01-03 13:17:16,738] {processor.py:625} INFO - Processing file /home/airflow/.local/lib/python3.7/site-packages/airflow/example_dags/example_kubernetes_executor_config.py for tasks to queue
[2022-01-03 13:17:16,739] {logging_mixin.py:109} INFO - [2022-01-03 13:17:16,739] {dagbag.py:500} INFO - Filling up the DagBag from /home/airflow/.local/lib/python3.7/site-packages/airflow/example_dags/example_kubernetes_executor_config.py
[2022-01-03 13:17:16,767] {processor.py:637} INFO - DAG(s) dict_keys(['example_kubernetes_executor_config']) retrieved from /home/airflow/.local/lib/python3.7/site-packages/airflow/example_dags/example_kubernetes_executor_config.py
[2022-01-03 13:17:16,781] {logging_mixin.py:109} INFO - [2022-01-03 13:17:16,781] {dag.py:2396} INFO - Sync 1 DAGs
[2022-01-03 13:17:16,797] {logging_mixin.py:109} INFO - [2022-01-03 13:17:16,797] {dag.py:2928} INFO - Setting next_dagrun for example_kubernetes_executor_config to None
[2022-01-03 13:17:16,806] {processor.py:171} INFO - Processing /home/airflow/.local/lib/python3.7/site-packages/airflow/example_dags/example_kubernetes_executor_config.py took 0.072 seconds
[2022-01-03 13:17:47,802] {processor.py:163} INFO - Started process (PID=493) to work on /home/airflow/.local/lib/python3.7/site-packages/airflow/example_dags/example_kubernetes_executor_config.py
[2022-01-03 13:17:47,805] {processor.py:625} INFO - Processing file /home/airflow/.local/lib/python3.7/site-packages/airflow/example_dags/example_kubernetes_executor_config.py for tasks to queue
[2022-01-03 13:17:47,806] {logging_mixin.py:109} INFO - [2022-01-03 13:17:47,806] {dagbag.py:500} INFO - Filling up the DagBag from /home/airflow/.local/lib/python3.7/site-packages/airflow/example_dags/example_kubernetes_executor_config.py
[2022-01-03 13:17:47,875] {processor.py:637} INFO - DAG(s) dict_keys(['example_kubernetes_executor_config']) retrieved from /home/airflow/.local/lib/python3.7/site-packages/airflow/example_dags/example_kubernetes_executor_config.py
[2022-01-03 13:17:47,892] {logging_mixin.py:109} INFO - [2022-01-03 13:17:47,892] {dag.py:2396} INFO - Sync 1 DAGs
[2022-01-03 13:17:47,913] {logging_mixin.py:109} INFO - [2022-01-03 13:17:47,913] {dag.py:2928} INFO - Setting next_dagrun for example_kubernetes_executor_config to None
[2022-01-03 13:17:47,922] {processor.py:171} INFO - Processing /home/airflow/.local/lib/python3.7/site-packages/airflow/example_dags/example_kubernetes_executor_config.py took 0.124 seconds
[2022-01-03 13:18:18,155] {processor.py:163} INFO - Started process (PID=544) to work on /home/airflow/.local/lib/python3.7/site-packages/airflow/example_dags/example_kubernetes_executor_config.py
[2022-01-03 13:18:18,156] {processor.py:625} INFO - Processing file /home/airflow/.local/lib/python3.7/site-packages/airflow/example_dags/example_kubernetes_executor_config.py for tasks to queue
[2022-01-03 13:18:18,158] {logging_mixin.py:109} INFO - [2022-01-03 13:18:18,158] {dagbag.py:500} INFO - Filling up the DagBag from /home/airflow/.local/lib/python3.7/site-packages/airflow/example_dags/example_kubernetes_executor_config.py
[2022-01-03 13:18:18,214] {processor.py:637} INFO - DAG(s) dict_keys(['example_kubernetes_executor_config']) retrieved from /home/airflow/.local/lib/python3.7/site-packages/airflow/example_dags/example_kubernetes_executor_config.py
[2022-01-03 13:18:18,236] {logging_mixin.py:109} INFO - [2022-01-03 13:18:18,235] {dag.py:2396} INFO - Sync 1 DAGs
[2022-01-03 13:18:18,263] {logging_mixin.py:109} INFO - [2022-01-03 13:18:18,263] {dag.py:2928} INFO - Setting next_dagrun for example_kubernetes_executor_config to None
[2022-01-03 13:18:18,276] {processor.py:171} INFO - Processing /home/airflow/.local/lib/python3.7/site-packages/airflow/example_dags/example_kubernetes_executor_config.py took 0.126 seconds
[2022-01-03 13:18:48,536] {processor.py:163} INFO - Started process (PID=596) to work on /home/airflow/.local/lib/python3.7/site-packages/airflow/example_dags/example_kubernetes_executor_config.py
[2022-01-03 13:18:48,537] {processor.py:625} INFO - Processing file /home/airflow/.local/lib/python3.7/site-packages/airflow/example_dags/example_kubernetes_executor_config.py for tasks to queue
[2022-01-03 13:18:48,538] {logging_mixin.py:109} INFO - [2022-01-03 13:18:48,538] {dagbag.py:500} INFO - Filling up the DagBag from /home/airflow/.local/lib/python3.7/site-packages/airflow/example_dags/example_kubernetes_executor_config.py
[2022-01-03 13:18:48,578] {processor.py:637} INFO - DAG(s) dict_keys(['example_kubernetes_executor_config']) retrieved from /home/airflow/.local/lib/python3.7/site-packages/airflow/example_dags/example_kubernetes_executor_config.py
[2022-01-03 13:18:48,593] {logging_mixin.py:109} INFO - [2022-01-03 13:18:48,593] {dag.py:2396} INFO - Sync 1 DAGs
[2022-01-03 13:18:48,614] {logging_mixin.py:109} INFO - [2022-01-03 13:18:48,614] {dag.py:2928} INFO - Setting next_dagrun for example_kubernetes_executor_config to None
[2022-01-03 13:18:48,628] {processor.py:171} INFO - Processing /home/airflow/.local/lib/python3.7/site-packages/airflow/example_dags/example_kubernetes_executor_config.py took 0.096 seconds
[2022-01-03 13:19:19,253] {processor.py:163} INFO - Started process (PID=656) to work on /home/airflow/.local/lib/python3.7/site-packages/airflow/example_dags/example_kubernetes_executor_config.py
[2022-01-03 13:19:19,254] {processor.py:625} INFO - Processing file /home/airflow/.local/lib/python3.7/site-packages/airflow/example_dags/example_kubernetes_executor_config.py for tasks to queue
[2022-01-03 13:19:19,254] {logging_mixin.py:109} INFO - [2022-01-03 13:19:19,254] {dagbag.py:500} INFO - Filling up the DagBag from /home/airflow/.local/lib/python3.7/site-packages/airflow/example_dags/example_kubernetes_executor_config.py
[2022-01-03 13:19:19,291] {processor.py:637} INFO - DAG(s) dict_keys(['example_kubernetes_executor_config']) retrieved from /home/airflow/.local/lib/python3.7/site-packages/airflow/example_dags/example_kubernetes_executor_config.py
[2022-01-03 13:19:19,308] {logging_mixin.py:109} INFO - [2022-01-03 13:19:19,308] {dag.py:2396} INFO - Sync 1 DAGs
[2022-01-03 13:19:19,327] {logging_mixin.py:109} INFO - [2022-01-03 13:19:19,327] {dag.py:2928} INFO - Setting next_dagrun for example_kubernetes_executor_config to None
[2022-01-03 13:19:19,341] {processor.py:171} INFO - Processing /home/airflow/.local/lib/python3.7/site-packages/airflow/example_dags/example_kubernetes_executor_config.py took 0.091 seconds
[2022-01-03 13:19:49,901] {processor.py:163} INFO - Started process (PID=706) to work on /home/airflow/.local/lib/python3.7/site-packages/airflow/example_dags/example_kubernetes_executor_config.py
[2022-01-03 13:19:49,903] {processor.py:625} INFO - Processing file /home/airflow/.local/lib/python3.7/site-packages/airflow/example_dags/example_kubernetes_executor_config.py for tasks to queue
[2022-01-03 13:19:49,904] {logging_mixin.py:109} INFO - [2022-01-03 13:19:49,904] {dagbag.py:500} INFO - Filling up the DagBag from /home/airflow/.local/lib/python3.7/site-packages/airflow/example_dags/example_kubernetes_executor_config.py
[2022-01-03 13:19:49,953] {processor.py:637} INFO - DAG(s) dict_keys(['example_kubernetes_executor_config']) retrieved from /home/airflow/.local/lib/python3.7/site-packages/airflow/example_dags/example_kubernetes_executor_config.py
[2022-01-03 13:19:49,970] {logging_mixin.py:109} INFO - [2022-01-03 13:19:49,970] {dag.py:2396} INFO - Sync 1 DAGs
[2022-01-03 13:19:49,996] {logging_mixin.py:109} INFO - [2022-01-03 13:19:49,996] {dag.py:2928} INFO - Setting next_dagrun for example_kubernetes_executor_config to None
[2022-01-03 13:19:50,011] {processor.py:171} INFO - Processing /home/airflow/.local/lib/python3.7/site-packages/airflow/example_dags/example_kubernetes_executor_config.py took 0.125 seconds
[2022-01-03 13:20:20,765] {processor.py:163} INFO - Started process (PID=760) to work on /home/airflow/.local/lib/python3.7/site-packages/airflow/example_dags/example_kubernetes_executor_config.py
[2022-01-03 13:20:20,767] {processor.py:625} INFO - Processing file /home/airflow/.local/lib/python3.7/site-packages/airflow/example_dags/example_kubernetes_executor_config.py for tasks to queue
[2022-01-03 13:20:20,768] {logging_mixin.py:109} INFO - [2022-01-03 13:20:20,768] {dagbag.py:500} INFO - Filling up the DagBag from /home/airflow/.local/lib/python3.7/site-packages/airflow/example_dags/example_kubernetes_executor_config.py
[2022-01-03 13:20:20,814] {processor.py:637} INFO - DAG(s) dict_keys(['example_kubernetes_executor_config']) retrieved from /home/airflow/.local/lib/python3.7/site-packages/airflow/example_dags/example_kubernetes_executor_config.py
[2022-01-03 13:20:20,830] {logging_mixin.py:109} INFO - [2022-01-03 13:20:20,830] {dag.py:2396} INFO - Sync 1 DAGs
[2022-01-03 13:20:20,851] {logging_mixin.py:109} INFO - [2022-01-03 13:20:20,851] {dag.py:2928} INFO - Setting next_dagrun for example_kubernetes_executor_config to None
[2022-01-03 13:20:20,865] {processor.py:171} INFO - Processing /home/airflow/.local/lib/python3.7/site-packages/airflow/example_dags/example_kubernetes_executor_config.py took 0.103 seconds
[2022-01-03 13:20:51,098] {processor.py:163} INFO - Started process (PID=811) to work on /home/airflow/.local/lib/python3.7/site-packages/airflow/example_dags/example_kubernetes_executor_config.py
[2022-01-03 13:20:51,100] {processor.py:625} INFO - Processing file /home/airflow/.local/lib/python3.7/site-packages/airflow/example_dags/example_kubernetes_executor_config.py for tasks to queue
[2022-01-03 13:20:51,101] {logging_mixin.py:109} INFO - [2022-01-03 13:20:51,100] {dagbag.py:500} INFO - Filling up the DagBag from /home/airflow/.local/lib/python3.7/site-packages/airflow/example_dags/example_kubernetes_executor_config.py
[2022-01-03 13:20:51,146] {processor.py:637} INFO - DAG(s) dict_keys(['example_kubernetes_executor_config']) retrieved from /home/airflow/.local/lib/python3.7/site-packages/airflow/example_dags/example_kubernetes_executor_config.py
[2022-01-03 13:20:51,165] {logging_mixin.py:109} INFO - [2022-01-03 13:20:51,165] {dag.py:2396} INFO - Sync 1 DAGs
[2022-01-03 13:20:51,191] {logging_mixin.py:109} INFO - [2022-01-03 13:20:51,191] {dag.py:2928} INFO - Setting next_dagrun for example_kubernetes_executor_config to None
[2022-01-03 13:20:51,203] {processor.py:171} INFO - Processing /home/airflow/.local/lib/python3.7/site-packages/airflow/example_dags/example_kubernetes_executor_config.py took 0.109 seconds
[2022-01-03 13:21:22,161] {processor.py:163} INFO - Started process (PID=861) to work on /home/airflow/.local/lib/python3.7/site-packages/airflow/example_dags/example_kubernetes_executor_config.py
[2022-01-03 13:21:22,164] {processor.py:625} INFO - Processing file /home/airflow/.local/lib/python3.7/site-packages/airflow/example_dags/example_kubernetes_executor_config.py for tasks to queue
[2022-01-03 13:21:22,165] {logging_mixin.py:109} INFO - [2022-01-03 13:21:22,165] {dagbag.py:500} INFO - Filling up the DagBag from /home/airflow/.local/lib/python3.7/site-packages/airflow/example_dags/example_kubernetes_executor_config.py
[2022-01-03 13:21:22,216] {processor.py:637} INFO - DAG(s) dict_keys(['example_kubernetes_executor_config']) retrieved from /home/airflow/.local/lib/python3.7/site-packages/airflow/example_dags/example_kubernetes_executor_config.py
[2022-01-03 13:21:22,234] {logging_mixin.py:109} INFO - [2022-01-03 13:21:22,234] {dag.py:2396} INFO - Sync 1 DAGs
[2022-01-03 13:21:22,255] {logging_mixin.py:109} INFO - [2022-01-03 13:21:22,255] {dag.py:2928} INFO - Setting next_dagrun for example_kubernetes_executor_config to None
[2022-01-03 13:21:22,267] {processor.py:171} INFO - Processing /home/airflow/.local/lib/python3.7/site-packages/airflow/example_dags/example_kubernetes_executor_config.py took 0.111 seconds
[2022-01-03 13:21:52,971] {processor.py:163} INFO - Started process (PID=912) to work on /home/airflow/.local/lib/python3.7/site-packages/airflow/example_dags/example_kubernetes_executor_config.py
[2022-01-03 13:21:52,973] {processor.py:625} INFO - Processing file /home/airflow/.local/lib/python3.7/site-packages/airflow/example_dags/example_kubernetes_executor_config.py for tasks to queue
[2022-01-03 13:21:52,973] {logging_mixin.py:109} INFO - [2022-01-03 13:21:52,973] {dagbag.py:500} INFO - Filling up the DagBag from /home/airflow/.local/lib/python3.7/site-packages/airflow/example_dags/example_kubernetes_executor_config.py
[2022-01-03 13:21:53,008] {processor.py:637} INFO - DAG(s) dict_keys(['example_kubernetes_executor_config']) retrieved from /home/airflow/.local/lib/python3.7/site-packages/airflow/example_dags/example_kubernetes_executor_config.py
[2022-01-03 13:21:53,023] {logging_mixin.py:109} INFO - [2022-01-03 13:21:53,023] {dag.py:2396} INFO - Sync 1 DAGs
[2022-01-03 13:21:53,045] {logging_mixin.py:109} INFO - [2022-01-03 13:21:53,045] {dag.py:2928} INFO - Setting next_dagrun for example_kubernetes_executor_config to None
[2022-01-03 13:21:53,060] {processor.py:171} INFO - Processing /home/airflow/.local/lib/python3.7/site-packages/airflow/example_dags/example_kubernetes_executor_config.py took 0.092 seconds
[2022-01-03 13:22:23,744] {processor.py:163} INFO - Started process (PID=974) to work on /home/airflow/.local/lib/python3.7/site-packages/airflow/example_dags/example_kubernetes_executor_config.py
[2022-01-03 13:22:23,745] {processor.py:625} INFO - Processing file /home/airflow/.local/lib/python3.7/site-packages/airflow/example_dags/example_kubernetes_executor_config.py for tasks to queue
[2022-01-03 13:22:23,747] {logging_mixin.py:109} INFO - [2022-01-03 13:22:23,746] {dagbag.py:500} INFO - Filling up the DagBag from /home/airflow/.local/lib/python3.7/site-packages/airflow/example_dags/example_kubernetes_executor_config.py
[2022-01-03 13:22:23,785] {processor.py:637} INFO - DAG(s) dict_keys(['example_kubernetes_executor_config']) retrieved from /home/airflow/.local/lib/python3.7/site-packages/airflow/example_dags/example_kubernetes_executor_config.py
[2022-01-03 13:22:23,802] {logging_mixin.py:109} INFO - [2022-01-03 13:22:23,802] {dag.py:2396} INFO - Sync 1 DAGs
[2022-01-03 13:22:23,824] {logging_mixin.py:109} INFO - [2022-01-03 13:22:23,824] {dag.py:2928} INFO - Setting next_dagrun for example_kubernetes_executor_config to None
[2022-01-03 13:22:23,836] {processor.py:171} INFO - Processing /home/airflow/.local/lib/python3.7/site-packages/airflow/example_dags/example_kubernetes_executor_config.py took 0.097 seconds
[2022-01-03 13:22:54,695] {processor.py:163} INFO - Started process (PID=1027) to work on /home/airflow/.local/lib/python3.7/site-packages/airflow/example_dags/example_kubernetes_executor_config.py
[2022-01-03 13:22:54,696] {processor.py:625} INFO - Processing file /home/airflow/.local/lib/python3.7/site-packages/airflow/example_dags/example_kubernetes_executor_config.py for tasks to queue
[2022-01-03 13:22:54,697] {logging_mixin.py:109} INFO - [2022-01-03 13:22:54,697] {dagbag.py:500} INFO - Filling up the DagBag from /home/airflow/.local/lib/python3.7/site-packages/airflow/example_dags/example_kubernetes_executor_config.py
[2022-01-03 13:22:54,748] {processor.py:637} INFO - DAG(s) dict_keys(['example_kubernetes_executor_config']) retrieved from /home/airflow/.local/lib/python3.7/site-packages/airflow/example_dags/example_kubernetes_executor_config.py
[2022-01-03 13:22:54,768] {logging_mixin.py:109} INFO - [2022-01-03 13:22:54,768] {dag.py:2396} INFO - Sync 1 DAGs
[2022-01-03 13:22:54,792] {logging_mixin.py:109} INFO - [2022-01-03 13:22:54,792] {dag.py:2928} INFO - Setting next_dagrun for example_kubernetes_executor_config to None
[2022-01-03 13:22:54,814] {processor.py:171} INFO - Processing /home/airflow/.local/lib/python3.7/site-packages/airflow/example_dags/example_kubernetes_executor_config.py took 0.122 seconds
[2022-01-03 13:23:24,889] {processor.py:163} INFO - Started process (PID=1079) to work on /home/airflow/.local/lib/python3.7/site-packages/airflow/example_dags/example_kubernetes_executor_config.py
[2022-01-03 13:23:24,890] {processor.py:625} INFO - Processing file /home/airflow/.local/lib/python3.7/site-packages/airflow/example_dags/example_kubernetes_executor_config.py for tasks to queue
[2022-01-03 13:23:24,891] {logging_mixin.py:109} INFO - [2022-01-03 13:23:24,891] {dagbag.py:500} INFO - Filling up the DagBag from /home/airflow/.local/lib/python3.7/site-packages/airflow/example_dags/example_kubernetes_executor_config.py
[2022-01-03 13:23:24,930] {processor.py:637} INFO - DAG(s) dict_keys(['example_kubernetes_executor_config']) retrieved from /home/airflow/.local/lib/python3.7/site-packages/airflow/example_dags/example_kubernetes_executor_config.py
[2022-01-03 13:23:24,949] {logging_mixin.py:109} INFO - [2022-01-03 13:23:24,949] {dag.py:2396} INFO - Sync 1 DAGs
[2022-01-03 13:23:24,971] {logging_mixin.py:109} INFO - [2022-01-03 13:23:24,971] {dag.py:2928} INFO - Setting next_dagrun for example_kubernetes_executor_config to None
[2022-01-03 13:23:24,985] {processor.py:171} INFO - Processing /home/airflow/.local/lib/python3.7/site-packages/airflow/example_dags/example_kubernetes_executor_config.py took 0.101 seconds
[2022-01-03 13:23:55,181] {processor.py:163} INFO - Started process (PID=1129) to work on /home/airflow/.local/lib/python3.7/site-packages/airflow/example_dags/example_kubernetes_executor_config.py
[2022-01-03 13:23:55,186] {processor.py:625} INFO - Processing file /home/airflow/.local/lib/python3.7/site-packages/airflow/example_dags/example_kubernetes_executor_config.py for tasks to queue
[2022-01-03 13:23:55,187] {logging_mixin.py:109} INFO - [2022-01-03 13:23:55,187] {dagbag.py:500} INFO - Filling up the DagBag from /home/airflow/.local/lib/python3.7/site-packages/airflow/example_dags/example_kubernetes_executor_config.py
[2022-01-03 13:23:55,228] {processor.py:637} INFO - DAG(s) dict_keys(['example_kubernetes_executor_config']) retrieved from /home/airflow/.local/lib/python3.7/site-packages/airflow/example_dags/example_kubernetes_executor_config.py
[2022-01-03 13:23:55,246] {logging_mixin.py:109} INFO - [2022-01-03 13:23:55,246] {dag.py:2396} INFO - Sync 1 DAGs
[2022-01-03 13:23:55,269] {logging_mixin.py:109} INFO - [2022-01-03 13:23:55,269] {dag.py:2928} INFO - Setting next_dagrun for example_kubernetes_executor_config to None
[2022-01-03 13:23:55,282] {processor.py:171} INFO - Processing /home/airflow/.local/lib/python3.7/site-packages/airflow/example_dags/example_kubernetes_executor_config.py took 0.105 seconds
[2022-01-03 13:24:25,930] {processor.py:163} INFO - Started process (PID=1181) to work on /home/airflow/.local/lib/python3.7/site-packages/airflow/example_dags/example_kubernetes_executor_config.py
[2022-01-03 13:24:25,931] {processor.py:625} INFO - Processing file /home/airflow/.local/lib/python3.7/site-packages/airflow/example_dags/example_kubernetes_executor_config.py for tasks to queue
[2022-01-03 13:24:25,932] {logging_mixin.py:109} INFO - [2022-01-03 13:24:25,932] {dagbag.py:500} INFO - Filling up the DagBag from /home/airflow/.local/lib/python3.7/site-packages/airflow/example_dags/example_kubernetes_executor_config.py
[2022-01-03 13:24:25,965] {processor.py:637} INFO - DAG(s) dict_keys(['example_kubernetes_executor_config']) retrieved from /home/airflow/.local/lib/python3.7/site-packages/airflow/example_dags/example_kubernetes_executor_config.py
[2022-01-03 13:24:25,979] {logging_mixin.py:109} INFO - [2022-01-03 13:24:25,979] {dag.py:2396} INFO - Sync 1 DAGs
[2022-01-03 13:24:25,998] {logging_mixin.py:109} INFO - [2022-01-03 13:24:25,998] {dag.py:2928} INFO - Setting next_dagrun for example_kubernetes_executor_config to None
[2022-01-03 13:24:26,008] {processor.py:171} INFO - Processing /home/airflow/.local/lib/python3.7/site-packages/airflow/example_dags/example_kubernetes_executor_config.py took 0.082 seconds
[2022-01-03 13:24:56,332] {processor.py:163} INFO - Started process (PID=1241) to work on /home/airflow/.local/lib/python3.7/site-packages/airflow/example_dags/example_kubernetes_executor_config.py
[2022-01-03 13:24:56,334] {processor.py:625} INFO - Processing file /home/airflow/.local/lib/python3.7/site-packages/airflow/example_dags/example_kubernetes_executor_config.py for tasks to queue
[2022-01-03 13:24:56,334] {logging_mixin.py:109} INFO - [2022-01-03 13:24:56,334] {dagbag.py:500} INFO - Filling up the DagBag from /home/airflow/.local/lib/python3.7/site-packages/airflow/example_dags/example_kubernetes_executor_config.py
[2022-01-03 13:24:56,383] {processor.py:637} INFO - DAG(s) dict_keys(['example_kubernetes_executor_config']) retrieved from /home/airflow/.local/lib/python3.7/site-packages/airflow/example_dags/example_kubernetes_executor_config.py
[2022-01-03 13:24:56,403] {logging_mixin.py:109} INFO - [2022-01-03 13:24:56,403] {dag.py:2396} INFO - Sync 1 DAGs
[2022-01-03 13:24:56,431] {logging_mixin.py:109} INFO - [2022-01-03 13:24:56,431] {dag.py:2928} INFO - Setting next_dagrun for example_kubernetes_executor_config to None
[2022-01-03 13:24:56,443] {processor.py:171} INFO - Processing /home/airflow/.local/lib/python3.7/site-packages/airflow/example_dags/example_kubernetes_executor_config.py took 0.114 seconds
[2022-01-03 13:25:26,490] {processor.py:163} INFO - Started process (PID=1292) to work on /home/airflow/.local/lib/python3.7/site-packages/airflow/example_dags/example_kubernetes_executor_config.py
[2022-01-03 13:25:26,491] {processor.py:625} INFO - Processing file /home/airflow/.local/lib/python3.7/site-packages/airflow/example_dags/example_kubernetes_executor_config.py for tasks to queue
[2022-01-03 13:25:26,492] {logging_mixin.py:109} INFO - [2022-01-03 13:25:26,492] {dagbag.py:500} INFO - Filling up the DagBag from /home/airflow/.local/lib/python3.7/site-packages/airflow/example_dags/example_kubernetes_executor_config.py
[2022-01-03 13:25:26,522] {processor.py:637} INFO - DAG(s) dict_keys(['example_kubernetes_executor_config']) retrieved from /home/airflow/.local/lib/python3.7/site-packages/airflow/example_dags/example_kubernetes_executor_config.py
[2022-01-03 13:25:26,534] {logging_mixin.py:109} INFO - [2022-01-03 13:25:26,534] {dag.py:2396} INFO - Sync 1 DAGs
[2022-01-03 13:25:26,555] {logging_mixin.py:109} INFO - [2022-01-03 13:25:26,555] {dag.py:2928} INFO - Setting next_dagrun for example_kubernetes_executor_config to None
[2022-01-03 13:25:26,566] {processor.py:171} INFO - Processing /home/airflow/.local/lib/python3.7/site-packages/airflow/example_dags/example_kubernetes_executor_config.py took 0.079 seconds
[2022-01-03 13:25:56,859] {processor.py:163} INFO - Started process (PID=1350) to work on /home/airflow/.local/lib/python3.7/site-packages/airflow/example_dags/example_kubernetes_executor_config.py
[2022-01-03 13:25:56,861] {processor.py:625} INFO - Processing file /home/airflow/.local/lib/python3.7/site-packages/airflow/example_dags/example_kubernetes_executor_config.py for tasks to queue
[2022-01-03 13:25:56,862] {logging_mixin.py:109} INFO - [2022-01-03 13:25:56,862] {dagbag.py:500} INFO - Filling up the DagBag from /home/airflow/.local/lib/python3.7/site-packages/airflow/example_dags/example_kubernetes_executor_config.py
[2022-01-03 13:25:56,904] {processor.py:637} INFO - DAG(s) dict_keys(['example_kubernetes_executor_config']) retrieved from /home/airflow/.local/lib/python3.7/site-packages/airflow/example_dags/example_kubernetes_executor_config.py
[2022-01-03 13:25:56,927] {logging_mixin.py:109} INFO - [2022-01-03 13:25:56,927] {dag.py:2396} INFO - Sync 1 DAGs
[2022-01-03 13:25:56,955] {logging_mixin.py:109} INFO - [2022-01-03 13:25:56,955] {dag.py:2928} INFO - Setting next_dagrun for example_kubernetes_executor_config to None
[2022-01-03 13:25:56,968] {processor.py:171} INFO - Processing /home/airflow/.local/lib/python3.7/site-packages/airflow/example_dags/example_kubernetes_executor_config.py took 0.114 seconds
[2022-01-03 13:26:27,775] {processor.py:163} INFO - Started process (PID=1400) to work on /home/airflow/.local/lib/python3.7/site-packages/airflow/example_dags/example_kubernetes_executor_config.py
[2022-01-03 13:26:27,777] {processor.py:625} INFO - Processing file /home/airflow/.local/lib/python3.7/site-packages/airflow/example_dags/example_kubernetes_executor_config.py for tasks to queue
[2022-01-03 13:26:27,779] {logging_mixin.py:109} INFO - [2022-01-03 13:26:27,778] {dagbag.py:500} INFO - Filling up the DagBag from /home/airflow/.local/lib/python3.7/site-packages/airflow/example_dags/example_kubernetes_executor_config.py
[2022-01-03 13:26:27,829] {processor.py:637} INFO - DAG(s) dict_keys(['example_kubernetes_executor_config']) retrieved from /home/airflow/.local/lib/python3.7/site-packages/airflow/example_dags/example_kubernetes_executor_config.py
[2022-01-03 13:26:27,850] {logging_mixin.py:109} INFO - [2022-01-03 13:26:27,850] {dag.py:2396} INFO - Sync 1 DAGs
[2022-01-03 13:26:27,876] {logging_mixin.py:109} INFO - [2022-01-03 13:26:27,876] {dag.py:2928} INFO - Setting next_dagrun for example_kubernetes_executor_config to None
[2022-01-03 13:26:27,889] {processor.py:171} INFO - Processing /home/airflow/.local/lib/python3.7/site-packages/airflow/example_dags/example_kubernetes_executor_config.py took 0.120 seconds
[2022-01-03 13:26:58,627] {processor.py:163} INFO - Started process (PID=1458) to work on /home/airflow/.local/lib/python3.7/site-packages/airflow/example_dags/example_kubernetes_executor_config.py
[2022-01-03 13:26:58,631] {processor.py:625} INFO - Processing file /home/airflow/.local/lib/python3.7/site-packages/airflow/example_dags/example_kubernetes_executor_config.py for tasks to queue
[2022-01-03 13:26:58,632] {logging_mixin.py:109} INFO - [2022-01-03 13:26:58,632] {dagbag.py:500} INFO - Filling up the DagBag from /home/airflow/.local/lib/python3.7/site-packages/airflow/example_dags/example_kubernetes_executor_config.py
[2022-01-03 13:26:58,772] {processor.py:637} INFO - DAG(s) dict_keys(['example_kubernetes_executor_config']) retrieved from /home/airflow/.local/lib/python3.7/site-packages/airflow/example_dags/example_kubernetes_executor_config.py
[2022-01-03 13:26:58,832] {logging_mixin.py:109} INFO - [2022-01-03 13:26:58,831] {dag.py:2396} INFO - Sync 1 DAGs
[2022-01-03 13:26:58,915] {logging_mixin.py:109} INFO - [2022-01-03 13:26:58,915] {dag.py:2928} INFO - Setting next_dagrun for example_kubernetes_executor_config to None
[2022-01-03 13:26:58,956] {processor.py:171} INFO - Processing /home/airflow/.local/lib/python3.7/site-packages/airflow/example_dags/example_kubernetes_executor_config.py took 0.356 seconds
[2022-01-03 13:27:29,556] {processor.py:163} INFO - Started process (PID=1511) to work on /home/airflow/.local/lib/python3.7/site-packages/airflow/example_dags/example_kubernetes_executor_config.py
[2022-01-03 13:27:29,564] {processor.py:625} INFO - Processing file /home/airflow/.local/lib/python3.7/site-packages/airflow/example_dags/example_kubernetes_executor_config.py for tasks to queue
[2022-01-03 13:27:29,565] {logging_mixin.py:109} INFO - [2022-01-03 13:27:29,565] {dagbag.py:500} INFO - Filling up the DagBag from /home/airflow/.local/lib/python3.7/site-packages/airflow/example_dags/example_kubernetes_executor_config.py
[2022-01-03 13:27:29,618] {processor.py:637} INFO - DAG(s) dict_keys(['example_kubernetes_executor_config']) retrieved from /home/airflow/.local/lib/python3.7/site-packages/airflow/example_dags/example_kubernetes_executor_config.py
[2022-01-03 13:27:29,644] {logging_mixin.py:109} INFO - [2022-01-03 13:27:29,644] {dag.py:2396} INFO - Sync 1 DAGs
[2022-01-03 13:27:29,673] {logging_mixin.py:109} INFO - [2022-01-03 13:27:29,673] {dag.py:2928} INFO - Setting next_dagrun for example_kubernetes_executor_config to None
[2022-01-03 13:27:29,743] {processor.py:171} INFO - Processing /home/airflow/.local/lib/python3.7/site-packages/airflow/example_dags/example_kubernetes_executor_config.py took 0.190 seconds
[2022-01-03 13:28:00,649] {processor.py:163} INFO - Started process (PID=1562) to work on /home/airflow/.local/lib/python3.7/site-packages/airflow/example_dags/example_kubernetes_executor_config.py
[2022-01-03 13:28:00,659] {processor.py:625} INFO - Processing file /home/airflow/.local/lib/python3.7/site-packages/airflow/example_dags/example_kubernetes_executor_config.py for tasks to queue
[2022-01-03 13:28:00,660] {logging_mixin.py:109} INFO - [2022-01-03 13:28:00,660] {dagbag.py:500} INFO - Filling up the DagBag from /home/airflow/.local/lib/python3.7/site-packages/airflow/example_dags/example_kubernetes_executor_config.py
[2022-01-03 13:28:00,770] {processor.py:637} INFO - DAG(s) dict_keys(['example_kubernetes_executor_config']) retrieved from /home/airflow/.local/lib/python3.7/site-packages/airflow/example_dags/example_kubernetes_executor_config.py
[2022-01-03 13:28:00,807] {logging_mixin.py:109} INFO - [2022-01-03 13:28:00,807] {dag.py:2396} INFO - Sync 1 DAGs
[2022-01-03 13:28:00,891] {logging_mixin.py:109} INFO - [2022-01-03 13:28:00,891] {dag.py:2928} INFO - Setting next_dagrun for example_kubernetes_executor_config to None
[2022-01-03 13:28:00,920] {processor.py:171} INFO - Processing /home/airflow/.local/lib/python3.7/site-packages/airflow/example_dags/example_kubernetes_executor_config.py took 0.278 seconds
[2022-01-03 13:28:30,970] {processor.py:163} INFO - Started process (PID=1617) to work on /home/airflow/.local/lib/python3.7/site-packages/airflow/example_dags/example_kubernetes_executor_config.py
[2022-01-03 13:28:30,971] {processor.py:625} INFO - Processing file /home/airflow/.local/lib/python3.7/site-packages/airflow/example_dags/example_kubernetes_executor_config.py for tasks to queue
[2022-01-03 13:28:30,972] {logging_mixin.py:109} INFO - [2022-01-03 13:28:30,972] {dagbag.py:500} INFO - Filling up the DagBag from /home/airflow/.local/lib/python3.7/site-packages/airflow/example_dags/example_kubernetes_executor_config.py
[2022-01-03 13:28:31,016] {processor.py:637} INFO - DAG(s) dict_keys(['example_kubernetes_executor_config']) retrieved from /home/airflow/.local/lib/python3.7/site-packages/airflow/example_dags/example_kubernetes_executor_config.py
[2022-01-03 13:28:31,034] {logging_mixin.py:109} INFO - [2022-01-03 13:28:31,033] {dag.py:2396} INFO - Sync 1 DAGs
[2022-01-03 13:28:31,057] {logging_mixin.py:109} INFO - [2022-01-03 13:28:31,056] {dag.py:2928} INFO - Setting next_dagrun for example_kubernetes_executor_config to None
[2022-01-03 13:28:31,069] {processor.py:171} INFO - Processing /home/airflow/.local/lib/python3.7/site-packages/airflow/example_dags/example_kubernetes_executor_config.py took 0.104 seconds
[2022-01-03 13:29:01,795] {processor.py:163} INFO - Started process (PID=1670) to work on /home/airflow/.local/lib/python3.7/site-packages/airflow/example_dags/example_kubernetes_executor_config.py
[2022-01-03 13:29:01,797] {processor.py:625} INFO - Processing file /home/airflow/.local/lib/python3.7/site-packages/airflow/example_dags/example_kubernetes_executor_config.py for tasks to queue
[2022-01-03 13:29:01,804] {logging_mixin.py:109} INFO - [2022-01-03 13:29:01,804] {dagbag.py:500} INFO - Filling up the DagBag from /home/airflow/.local/lib/python3.7/site-packages/airflow/example_dags/example_kubernetes_executor_config.py
[2022-01-03 13:29:01,847] {processor.py:637} INFO - DAG(s) dict_keys(['example_kubernetes_executor_config']) retrieved from /home/airflow/.local/lib/python3.7/site-packages/airflow/example_dags/example_kubernetes_executor_config.py
[2022-01-03 13:29:01,880] {logging_mixin.py:109} INFO - [2022-01-03 13:29:01,880] {dag.py:2396} INFO - Sync 1 DAGs
[2022-01-03 13:29:01,933] {logging_mixin.py:109} INFO - [2022-01-03 13:29:01,932] {dag.py:2928} INFO - Setting next_dagrun for example_kubernetes_executor_config to None
[2022-01-03 13:29:01,954] {processor.py:171} INFO - Processing /home/airflow/.local/lib/python3.7/site-packages/airflow/example_dags/example_kubernetes_executor_config.py took 0.162 seconds
[2022-01-03 13:29:32,608] {processor.py:163} INFO - Started process (PID=1721) to work on /home/airflow/.local/lib/python3.7/site-packages/airflow/example_dags/example_kubernetes_executor_config.py
[2022-01-03 13:29:32,609] {processor.py:625} INFO - Processing file /home/airflow/.local/lib/python3.7/site-packages/airflow/example_dags/example_kubernetes_executor_config.py for tasks to queue
[2022-01-03 13:29:32,610] {logging_mixin.py:109} INFO - [2022-01-03 13:29:32,610] {dagbag.py:500} INFO - Filling up the DagBag from /home/airflow/.local/lib/python3.7/site-packages/airflow/example_dags/example_kubernetes_executor_config.py
[2022-01-03 13:29:32,650] {processor.py:637} INFO - DAG(s) dict_keys(['example_kubernetes_executor_config']) retrieved from /home/airflow/.local/lib/python3.7/site-packages/airflow/example_dags/example_kubernetes_executor_config.py
[2022-01-03 13:29:32,673] {logging_mixin.py:109} INFO - [2022-01-03 13:29:32,673] {dag.py:2396} INFO - Sync 1 DAGs
[2022-01-03 13:29:32,694] {logging_mixin.py:109} INFO - [2022-01-03 13:29:32,694] {dag.py:2928} INFO - Setting next_dagrun for example_kubernetes_executor_config to None
[2022-01-03 13:29:32,711] {processor.py:171} INFO - Processing /home/airflow/.local/lib/python3.7/site-packages/airflow/example_dags/example_kubernetes_executor_config.py took 0.106 seconds
[2022-01-03 13:30:03,635] {processor.py:163} INFO - Started process (PID=1780) to work on /home/airflow/.local/lib/python3.7/site-packages/airflow/example_dags/example_kubernetes_executor_config.py
[2022-01-03 13:30:03,636] {processor.py:625} INFO - Processing file /home/airflow/.local/lib/python3.7/site-packages/airflow/example_dags/example_kubernetes_executor_config.py for tasks to queue
[2022-01-03 13:30:03,637] {logging_mixin.py:109} INFO - [2022-01-03 13:30:03,637] {dagbag.py:500} INFO - Filling up the DagBag from /home/airflow/.local/lib/python3.7/site-packages/airflow/example_dags/example_kubernetes_executor_config.py
[2022-01-03 13:30:03,670] {processor.py:637} INFO - DAG(s) dict_keys(['example_kubernetes_executor_config']) retrieved from /home/airflow/.local/lib/python3.7/site-packages/airflow/example_dags/example_kubernetes_executor_config.py
[2022-01-03 13:30:03,686] {logging_mixin.py:109} INFO - [2022-01-03 13:30:03,686] {dag.py:2396} INFO - Sync 1 DAGs
[2022-01-03 13:30:03,704] {logging_mixin.py:109} INFO - [2022-01-03 13:30:03,703] {dag.py:2928} INFO - Setting next_dagrun for example_kubernetes_executor_config to None
[2022-01-03 13:30:03,716] {processor.py:171} INFO - Processing /home/airflow/.local/lib/python3.7/site-packages/airflow/example_dags/example_kubernetes_executor_config.py took 0.084 seconds
[2022-01-03 13:30:34,672] {processor.py:163} INFO - Started process (PID=1835) to work on /home/airflow/.local/lib/python3.7/site-packages/airflow/example_dags/example_kubernetes_executor_config.py
[2022-01-03 13:30:34,674] {processor.py:625} INFO - Processing file /home/airflow/.local/lib/python3.7/site-packages/airflow/example_dags/example_kubernetes_executor_config.py for tasks to queue
[2022-01-03 13:30:34,675] {logging_mixin.py:109} INFO - [2022-01-03 13:30:34,675] {dagbag.py:500} INFO - Filling up the DagBag from /home/airflow/.local/lib/python3.7/site-packages/airflow/example_dags/example_kubernetes_executor_config.py
[2022-01-03 13:30:34,721] {processor.py:637} INFO - DAG(s) dict_keys(['example_kubernetes_executor_config']) retrieved from /home/airflow/.local/lib/python3.7/site-packages/airflow/example_dags/example_kubernetes_executor_config.py
[2022-01-03 13:30:34,739] {logging_mixin.py:109} INFO - [2022-01-03 13:30:34,739] {dag.py:2396} INFO - Sync 1 DAGs
[2022-01-03 13:30:34,763] {logging_mixin.py:109} INFO - [2022-01-03 13:30:34,763] {dag.py:2928} INFO - Setting next_dagrun for example_kubernetes_executor_config to None
[2022-01-03 13:30:34,774] {processor.py:171} INFO - Processing /home/airflow/.local/lib/python3.7/site-packages/airflow/example_dags/example_kubernetes_executor_config.py took 0.107 seconds
[2022-01-03 13:31:05,363] {processor.py:163} INFO - Started process (PID=1888) to work on /home/airflow/.local/lib/python3.7/site-packages/airflow/example_dags/example_kubernetes_executor_config.py
[2022-01-03 13:31:05,364] {processor.py:625} INFO - Processing file /home/airflow/.local/lib/python3.7/site-packages/airflow/example_dags/example_kubernetes_executor_config.py for tasks to queue
[2022-01-03 13:31:05,365] {logging_mixin.py:109} INFO - [2022-01-03 13:31:05,365] {dagbag.py:500} INFO - Filling up the DagBag from /home/airflow/.local/lib/python3.7/site-packages/airflow/example_dags/example_kubernetes_executor_config.py
[2022-01-03 13:31:05,404] {processor.py:637} INFO - DAG(s) dict_keys(['example_kubernetes_executor_config']) retrieved from /home/airflow/.local/lib/python3.7/site-packages/airflow/example_dags/example_kubernetes_executor_config.py
[2022-01-03 13:31:05,420] {logging_mixin.py:109} INFO - [2022-01-03 13:31:05,420] {dag.py:2396} INFO - Sync 1 DAGs
[2022-01-03 13:31:05,444] {logging_mixin.py:109} INFO - [2022-01-03 13:31:05,443] {dag.py:2928} INFO - Setting next_dagrun for example_kubernetes_executor_config to None
[2022-01-03 13:31:05,454] {processor.py:171} INFO - Processing /home/airflow/.local/lib/python3.7/site-packages/airflow/example_dags/example_kubernetes_executor_config.py took 0.094 seconds
[2022-01-03 13:31:35,564] {processor.py:163} INFO - Started process (PID=1939) to work on /home/airflow/.local/lib/python3.7/site-packages/airflow/example_dags/example_kubernetes_executor_config.py
[2022-01-03 13:31:35,568] {processor.py:625} INFO - Processing file /home/airflow/.local/lib/python3.7/site-packages/airflow/example_dags/example_kubernetes_executor_config.py for tasks to queue
[2022-01-03 13:31:35,569] {logging_mixin.py:109} INFO - [2022-01-03 13:31:35,569] {dagbag.py:500} INFO - Filling up the DagBag from /home/airflow/.local/lib/python3.7/site-packages/airflow/example_dags/example_kubernetes_executor_config.py
[2022-01-03 13:31:35,610] {processor.py:637} INFO - DAG(s) dict_keys(['example_kubernetes_executor_config']) retrieved from /home/airflow/.local/lib/python3.7/site-packages/airflow/example_dags/example_kubernetes_executor_config.py
[2022-01-03 13:31:35,633] {logging_mixin.py:109} INFO - [2022-01-03 13:31:35,633] {dag.py:2396} INFO - Sync 1 DAGs
[2022-01-03 13:31:35,657] {logging_mixin.py:109} INFO - [2022-01-03 13:31:35,657] {dag.py:2928} INFO - Setting next_dagrun for example_kubernetes_executor_config to None
[2022-01-03 13:31:35,672] {processor.py:171} INFO - Processing /home/airflow/.local/lib/python3.7/site-packages/airflow/example_dags/example_kubernetes_executor_config.py took 0.113 seconds
[2022-01-03 13:37:29,529] {processor.py:163} INFO - Started process (PID=69) to work on /home/airflow/.local/lib/python3.7/site-packages/airflow/example_dags/example_kubernetes_executor_config.py
[2022-01-03 13:37:29,532] {processor.py:625} INFO - Processing file /home/airflow/.local/lib/python3.7/site-packages/airflow/example_dags/example_kubernetes_executor_config.py for tasks to queue
[2022-01-03 13:37:29,533] {logging_mixin.py:109} INFO - [2022-01-03 13:37:29,533] {dagbag.py:500} INFO - Filling up the DagBag from /home/airflow/.local/lib/python3.7/site-packages/airflow/example_dags/example_kubernetes_executor_config.py
[2022-01-03 13:37:29,678] {processor.py:637} INFO - DAG(s) dict_keys(['example_kubernetes_executor_config']) retrieved from /home/airflow/.local/lib/python3.7/site-packages/airflow/example_dags/example_kubernetes_executor_config.py
[2022-01-03 13:37:34,742] {logging_mixin.py:109} INFO - [2022-01-03 13:37:34,741] {providers_manager.py:156} WARNING - Exception when importing 'airflow.providers.google.leveldb.hooks.leveldb.LevelDBHook' from 'apache-airflow-providers-google' package: No module named 'plyvel'
[2022-01-03 13:37:36,368] {logging_mixin.py:109} INFO - [2022-01-03 13:37:36,368] {providers_manager.py:156} WARNING - Exception when importing 'airflow.providers.google.leveldb.hooks.leveldb.LevelDBHook' from 'apache-airflow-providers-google' package: No module named 'plyvel'
[2022-01-03 13:37:36,444] {logging_mixin.py:109} INFO - [2022-01-03 13:37:36,444] {manager.py:496} INFO - Created Permission View: can edit on DAG:example_kubernetes_executor_config
[2022-01-03 13:37:36,474] {logging_mixin.py:109} INFO - [2022-01-03 13:37:36,474] {manager.py:496} INFO - Created Permission View: can read on DAG:example_kubernetes_executor_config
[2022-01-03 13:37:36,475] {logging_mixin.py:109} INFO - [2022-01-03 13:37:36,475] {dag.py:2396} INFO - Sync 1 DAGs
[2022-01-03 13:37:36,504] {logging_mixin.py:109} INFO - [2022-01-03 13:37:36,504] {dag.py:2415} INFO - Creating ORM DAG for example_kubernetes_executor_config
[2022-01-03 13:37:36,538] {logging_mixin.py:109} INFO - [2022-01-03 13:37:36,538] {dag.py:2928} INFO - Setting next_dagrun for example_kubernetes_executor_config to None
[2022-01-03 13:37:36,582] {processor.py:171} INFO - Processing /home/airflow/.local/lib/python3.7/site-packages/airflow/example_dags/example_kubernetes_executor_config.py took 7.081 seconds
[2022-01-03 13:38:33,569] {processor.py:163} INFO - Started process (PID=256) to work on /home/airflow/.local/lib/python3.7/site-packages/airflow/example_dags/example_kubernetes_executor_config.py
[2022-01-03 13:38:33,571] {processor.py:625} INFO - Processing file /home/airflow/.local/lib/python3.7/site-packages/airflow/example_dags/example_kubernetes_executor_config.py for tasks to queue
[2022-01-03 13:38:33,572] {logging_mixin.py:109} INFO - [2022-01-03 13:38:33,572] {dagbag.py:500} INFO - Filling up the DagBag from /home/airflow/.local/lib/python3.7/site-packages/airflow/example_dags/example_kubernetes_executor_config.py
[2022-01-03 13:38:33,617] {processor.py:637} INFO - DAG(s) dict_keys(['example_kubernetes_executor_config']) retrieved from /home/airflow/.local/lib/python3.7/site-packages/airflow/example_dags/example_kubernetes_executor_config.py
[2022-01-03 13:38:33,657] {logging_mixin.py:109} INFO - [2022-01-03 13:38:33,656] {dag.py:2396} INFO - Sync 1 DAGs
[2022-01-03 13:38:33,761] {logging_mixin.py:109} INFO - [2022-01-03 13:38:33,761] {dag.py:2928} INFO - Setting next_dagrun for example_kubernetes_executor_config to None
[2022-01-03 13:38:33,792] {processor.py:171} INFO - Processing /home/airflow/.local/lib/python3.7/site-packages/airflow/example_dags/example_kubernetes_executor_config.py took 0.234 seconds
[2022-01-03 13:39:04,247] {processor.py:163} INFO - Started process (PID=305) to work on /home/airflow/.local/lib/python3.7/site-packages/airflow/example_dags/example_kubernetes_executor_config.py
[2022-01-03 13:39:04,248] {processor.py:625} INFO - Processing file /home/airflow/.local/lib/python3.7/site-packages/airflow/example_dags/example_kubernetes_executor_config.py for tasks to queue
[2022-01-03 13:39:04,249] {logging_mixin.py:109} INFO - [2022-01-03 13:39:04,249] {dagbag.py:500} INFO - Filling up the DagBag from /home/airflow/.local/lib/python3.7/site-packages/airflow/example_dags/example_kubernetes_executor_config.py
[2022-01-03 13:39:04,519] {processor.py:637} INFO - DAG(s) dict_keys(['example_kubernetes_executor_config']) retrieved from /home/airflow/.local/lib/python3.7/site-packages/airflow/example_dags/example_kubernetes_executor_config.py
[2022-01-03 13:39:04,577] {logging_mixin.py:109} INFO - [2022-01-03 13:39:04,577] {dag.py:2396} INFO - Sync 1 DAGs
[2022-01-03 13:39:04,634] {logging_mixin.py:109} INFO - [2022-01-03 13:39:04,634] {dag.py:2928} INFO - Setting next_dagrun for example_kubernetes_executor_config to None
[2022-01-03 13:39:04,653] {processor.py:171} INFO - Processing /home/airflow/.local/lib/python3.7/site-packages/airflow/example_dags/example_kubernetes_executor_config.py took 0.426 seconds
[2022-01-03 13:42:24,186] {processor.py:163} INFO - Started process (PID=70) to work on /home/airflow/.local/lib/python3.7/site-packages/airflow/example_dags/example_kubernetes_executor_config.py
[2022-01-03 13:42:24,189] {processor.py:625} INFO - Processing file /home/airflow/.local/lib/python3.7/site-packages/airflow/example_dags/example_kubernetes_executor_config.py for tasks to queue
[2022-01-03 13:42:24,190] {logging_mixin.py:109} INFO - [2022-01-03 13:42:24,190] {dagbag.py:500} INFO - Filling up the DagBag from /home/airflow/.local/lib/python3.7/site-packages/airflow/example_dags/example_kubernetes_executor_config.py
[2022-01-03 13:42:24,320] {processor.py:637} INFO - DAG(s) dict_keys(['example_kubernetes_executor_config']) retrieved from /home/airflow/.local/lib/python3.7/site-packages/airflow/example_dags/example_kubernetes_executor_config.py
[2022-01-03 13:42:30,330] {logging_mixin.py:109} INFO - [2022-01-03 13:42:30,329] {providers_manager.py:156} WARNING - Exception when importing 'airflow.providers.google.leveldb.hooks.leveldb.LevelDBHook' from 'apache-airflow-providers-google' package: No module named 'plyvel'
[2022-01-03 13:42:32,236] {logging_mixin.py:109} INFO - [2022-01-03 13:42:32,236] {providers_manager.py:156} WARNING - Exception when importing 'airflow.providers.google.leveldb.hooks.leveldb.LevelDBHook' from 'apache-airflow-providers-google' package: No module named 'plyvel'
[2022-01-03 13:42:32,296] {logging_mixin.py:109} INFO - [2022-01-03 13:42:32,296] {manager.py:496} INFO - Created Permission View: can read on DAG:example_kubernetes_executor_config
[2022-01-03 13:42:32,315] {logging_mixin.py:109} INFO - [2022-01-03 13:42:32,315] {manager.py:496} INFO - Created Permission View: can edit on DAG:example_kubernetes_executor_config
[2022-01-03 13:42:32,316] {logging_mixin.py:109} INFO - [2022-01-03 13:42:32,315] {dag.py:2396} INFO - Sync 1 DAGs
[2022-01-03 13:42:32,338] {logging_mixin.py:109} INFO - [2022-01-03 13:42:32,338] {dag.py:2415} INFO - Creating ORM DAG for example_kubernetes_executor_config
[2022-01-03 13:42:32,361] {logging_mixin.py:109} INFO - [2022-01-03 13:42:32,361] {dag.py:2928} INFO - Setting next_dagrun for example_kubernetes_executor_config to None
[2022-01-03 13:42:32,384] {processor.py:171} INFO - Processing /home/airflow/.local/lib/python3.7/site-packages/airflow/example_dags/example_kubernetes_executor_config.py took 8.215 seconds
[2022-01-03 13:43:27,087] {processor.py:163} INFO - Started process (PID=244) to work on /home/airflow/.local/lib/python3.7/site-packages/airflow/example_dags/example_kubernetes_executor_config.py
[2022-01-03 13:43:27,089] {processor.py:625} INFO - Processing file /home/airflow/.local/lib/python3.7/site-packages/airflow/example_dags/example_kubernetes_executor_config.py for tasks to queue
[2022-01-03 13:43:27,090] {logging_mixin.py:109} INFO - [2022-01-03 13:43:27,090] {dagbag.py:500} INFO - Filling up the DagBag from /home/airflow/.local/lib/python3.7/site-packages/airflow/example_dags/example_kubernetes_executor_config.py
[2022-01-03 13:43:27,128] {processor.py:637} INFO - DAG(s) dict_keys(['example_kubernetes_executor_config']) retrieved from /home/airflow/.local/lib/python3.7/site-packages/airflow/example_dags/example_kubernetes_executor_config.py
[2022-01-03 13:43:27,150] {logging_mixin.py:109} INFO - [2022-01-03 13:43:27,150] {dag.py:2396} INFO - Sync 1 DAGs
[2022-01-03 13:43:27,175] {logging_mixin.py:109} INFO - [2022-01-03 13:43:27,175] {dag.py:2928} INFO - Setting next_dagrun for example_kubernetes_executor_config to None
[2022-01-03 13:43:27,188] {processor.py:171} INFO - Processing /home/airflow/.local/lib/python3.7/site-packages/airflow/example_dags/example_kubernetes_executor_config.py took 0.105 seconds
[2022-01-03 13:43:58,059] {processor.py:163} INFO - Started process (PID=304) to work on /home/airflow/.local/lib/python3.7/site-packages/airflow/example_dags/example_kubernetes_executor_config.py
[2022-01-03 13:43:58,060] {processor.py:625} INFO - Processing file /home/airflow/.local/lib/python3.7/site-packages/airflow/example_dags/example_kubernetes_executor_config.py for tasks to queue
[2022-01-03 13:43:58,060] {logging_mixin.py:109} INFO - [2022-01-03 13:43:58,060] {dagbag.py:500} INFO - Filling up the DagBag from /home/airflow/.local/lib/python3.7/site-packages/airflow/example_dags/example_kubernetes_executor_config.py
[2022-01-03 13:43:58,139] {processor.py:637} INFO - DAG(s) dict_keys(['example_kubernetes_executor_config']) retrieved from /home/airflow/.local/lib/python3.7/site-packages/airflow/example_dags/example_kubernetes_executor_config.py
[2022-01-03 13:43:58,178] {logging_mixin.py:109} INFO - [2022-01-03 13:43:58,178] {dag.py:2396} INFO - Sync 1 DAGs
[2022-01-03 13:43:58,242] {logging_mixin.py:109} INFO - [2022-01-03 13:43:58,242] {dag.py:2928} INFO - Setting next_dagrun for example_kubernetes_executor_config to None
[2022-01-03 13:43:58,265] {processor.py:171} INFO - Processing /home/airflow/.local/lib/python3.7/site-packages/airflow/example_dags/example_kubernetes_executor_config.py took 0.209 seconds
[2022-01-03 13:44:28,848] {processor.py:163} INFO - Started process (PID=354) to work on /home/airflow/.local/lib/python3.7/site-packages/airflow/example_dags/example_kubernetes_executor_config.py
[2022-01-03 13:44:28,850] {processor.py:625} INFO - Processing file /home/airflow/.local/lib/python3.7/site-packages/airflow/example_dags/example_kubernetes_executor_config.py for tasks to queue
[2022-01-03 13:44:28,850] {logging_mixin.py:109} INFO - [2022-01-03 13:44:28,850] {dagbag.py:500} INFO - Filling up the DagBag from /home/airflow/.local/lib/python3.7/site-packages/airflow/example_dags/example_kubernetes_executor_config.py
[2022-01-03 13:44:28,884] {processor.py:637} INFO - DAG(s) dict_keys(['example_kubernetes_executor_config']) retrieved from /home/airflow/.local/lib/python3.7/site-packages/airflow/example_dags/example_kubernetes_executor_config.py
[2022-01-03 13:44:28,902] {logging_mixin.py:109} INFO - [2022-01-03 13:44:28,902] {dag.py:2396} INFO - Sync 1 DAGs
[2022-01-03 13:44:28,922] {logging_mixin.py:109} INFO - [2022-01-03 13:44:28,922] {dag.py:2928} INFO - Setting next_dagrun for example_kubernetes_executor_config to None
[2022-01-03 13:44:28,932] {processor.py:171} INFO - Processing /home/airflow/.local/lib/python3.7/site-packages/airflow/example_dags/example_kubernetes_executor_config.py took 0.087 seconds
[2022-01-03 13:44:59,395] {processor.py:163} INFO - Started process (PID=404) to work on /home/airflow/.local/lib/python3.7/site-packages/airflow/example_dags/example_kubernetes_executor_config.py
[2022-01-03 13:44:59,396] {processor.py:625} INFO - Processing file /home/airflow/.local/lib/python3.7/site-packages/airflow/example_dags/example_kubernetes_executor_config.py for tasks to queue
[2022-01-03 13:44:59,397] {logging_mixin.py:109} INFO - [2022-01-03 13:44:59,397] {dagbag.py:500} INFO - Filling up the DagBag from /home/airflow/.local/lib/python3.7/site-packages/airflow/example_dags/example_kubernetes_executor_config.py
[2022-01-03 13:44:59,426] {processor.py:637} INFO - DAG(s) dict_keys(['example_kubernetes_executor_config']) retrieved from /home/airflow/.local/lib/python3.7/site-packages/airflow/example_dags/example_kubernetes_executor_config.py
[2022-01-03 13:44:59,440] {logging_mixin.py:109} INFO - [2022-01-03 13:44:59,440] {dag.py:2396} INFO - Sync 1 DAGs
[2022-01-03 13:44:59,456] {logging_mixin.py:109} INFO - [2022-01-03 13:44:59,456] {dag.py:2928} INFO - Setting next_dagrun for example_kubernetes_executor_config to None
[2022-01-03 13:44:59,465] {processor.py:171} INFO - Processing /home/airflow/.local/lib/python3.7/site-packages/airflow/example_dags/example_kubernetes_executor_config.py took 0.072 seconds
[2022-01-03 13:45:29,718] {processor.py:163} INFO - Started process (PID=456) to work on /home/airflow/.local/lib/python3.7/site-packages/airflow/example_dags/example_kubernetes_executor_config.py
[2022-01-03 13:45:29,719] {processor.py:625} INFO - Processing file /home/airflow/.local/lib/python3.7/site-packages/airflow/example_dags/example_kubernetes_executor_config.py for tasks to queue
[2022-01-03 13:45:29,720] {logging_mixin.py:109} INFO - [2022-01-03 13:45:29,720] {dagbag.py:500} INFO - Filling up the DagBag from /home/airflow/.local/lib/python3.7/site-packages/airflow/example_dags/example_kubernetes_executor_config.py
[2022-01-03 13:45:29,756] {processor.py:637} INFO - DAG(s) dict_keys(['example_kubernetes_executor_config']) retrieved from /home/airflow/.local/lib/python3.7/site-packages/airflow/example_dags/example_kubernetes_executor_config.py
[2022-01-03 13:45:29,773] {logging_mixin.py:109} INFO - [2022-01-03 13:45:29,773] {dag.py:2396} INFO - Sync 1 DAGs
[2022-01-03 13:45:29,808] {logging_mixin.py:109} INFO - [2022-01-03 13:45:29,808] {dag.py:2928} INFO - Setting next_dagrun for example_kubernetes_executor_config to None
[2022-01-03 13:45:29,885] {processor.py:171} INFO - Processing /home/airflow/.local/lib/python3.7/site-packages/airflow/example_dags/example_kubernetes_executor_config.py took 0.171 seconds
[2022-01-03 13:46:00,239] {processor.py:163} INFO - Started process (PID=519) to work on /home/airflow/.local/lib/python3.7/site-packages/airflow/example_dags/example_kubernetes_executor_config.py
[2022-01-03 13:46:00,242] {processor.py:625} INFO - Processing file /home/airflow/.local/lib/python3.7/site-packages/airflow/example_dags/example_kubernetes_executor_config.py for tasks to queue
[2022-01-03 13:46:00,244] {logging_mixin.py:109} INFO - [2022-01-03 13:46:00,243] {dagbag.py:500} INFO - Filling up the DagBag from /home/airflow/.local/lib/python3.7/site-packages/airflow/example_dags/example_kubernetes_executor_config.py
[2022-01-03 13:46:00,312] {processor.py:637} INFO - DAG(s) dict_keys(['example_kubernetes_executor_config']) retrieved from /home/airflow/.local/lib/python3.7/site-packages/airflow/example_dags/example_kubernetes_executor_config.py
[2022-01-03 13:46:00,331] {logging_mixin.py:109} INFO - [2022-01-03 13:46:00,331] {dag.py:2396} INFO - Sync 1 DAGs
[2022-01-03 13:46:00,356] {logging_mixin.py:109} INFO - [2022-01-03 13:46:00,356] {dag.py:2928} INFO - Setting next_dagrun for example_kubernetes_executor_config to None
[2022-01-03 13:46:00,398] {processor.py:171} INFO - Processing /home/airflow/.local/lib/python3.7/site-packages/airflow/example_dags/example_kubernetes_executor_config.py took 0.163 seconds
[2022-01-03 13:46:30,681] {processor.py:163} INFO - Started process (PID=570) to work on /home/airflow/.local/lib/python3.7/site-packages/airflow/example_dags/example_kubernetes_executor_config.py
[2022-01-03 13:46:30,695] {processor.py:625} INFO - Processing file /home/airflow/.local/lib/python3.7/site-packages/airflow/example_dags/example_kubernetes_executor_config.py for tasks to queue
[2022-01-03 13:46:30,696] {logging_mixin.py:109} INFO - [2022-01-03 13:46:30,696] {dagbag.py:500} INFO - Filling up the DagBag from /home/airflow/.local/lib/python3.7/site-packages/airflow/example_dags/example_kubernetes_executor_config.py
[2022-01-03 13:46:30,798] {processor.py:637} INFO - DAG(s) dict_keys(['example_kubernetes_executor_config']) retrieved from /home/airflow/.local/lib/python3.7/site-packages/airflow/example_dags/example_kubernetes_executor_config.py
[2022-01-03 13:46:30,823] {logging_mixin.py:109} INFO - [2022-01-03 13:46:30,823] {dag.py:2396} INFO - Sync 1 DAGs
[2022-01-03 13:46:30,856] {logging_mixin.py:109} INFO - [2022-01-03 13:46:30,856] {dag.py:2928} INFO - Setting next_dagrun for example_kubernetes_executor_config to None
[2022-01-03 13:46:30,886] {processor.py:171} INFO - Processing /home/airflow/.local/lib/python3.7/site-packages/airflow/example_dags/example_kubernetes_executor_config.py took 0.228 seconds
