[2022-01-03 12:28:01,234] {processor.py:163} INFO - Started process (PID=112) to work on /home/airflow/.local/lib/python3.7/site-packages/airflow/example_dags/example_latest_only.py
[2022-01-03 12:28:01,236] {processor.py:625} INFO - Processing file /home/airflow/.local/lib/python3.7/site-packages/airflow/example_dags/example_latest_only.py for tasks to queue
[2022-01-03 12:28:01,237] {logging_mixin.py:109} INFO - [2022-01-03 12:28:01,236] {dagbag.py:500} INFO - Filling up the DagBag from /home/airflow/.local/lib/python3.7/site-packages/airflow/example_dags/example_latest_only.py
[2022-01-03 12:28:01,329] {processor.py:637} INFO - DAG(s) dict_keys(['latest_only']) retrieved from /home/airflow/.local/lib/python3.7/site-packages/airflow/example_dags/example_latest_only.py
[2022-01-03 12:28:03,813] {logging_mixin.py:109} INFO - [2022-01-03 12:28:03,812] {providers_manager.py:156} WARNING - Exception when importing 'airflow.providers.google.leveldb.hooks.leveldb.LevelDBHook' from 'apache-airflow-providers-google' package: No module named 'plyvel'
[2022-01-03 12:28:04,543] {logging_mixin.py:109} INFO - [2022-01-03 12:28:04,543] {providers_manager.py:156} WARNING - Exception when importing 'airflow.providers.google.leveldb.hooks.leveldb.LevelDBHook' from 'apache-airflow-providers-google' package: No module named 'plyvel'
[2022-01-03 12:28:04,580] {logging_mixin.py:109} INFO - [2022-01-03 12:28:04,580] {manager.py:496} INFO - Created Permission View: can read on DAG:latest_only
[2022-01-03 12:28:04,606] {logging_mixin.py:109} INFO - [2022-01-03 12:28:04,606] {manager.py:496} INFO - Created Permission View: can edit on DAG:latest_only
[2022-01-03 12:28:04,611] {logging_mixin.py:109} INFO - [2022-01-03 12:28:04,607] {dag.py:2396} INFO - Sync 1 DAGs
[2022-01-03 12:28:04,649] {logging_mixin.py:109} INFO - [2022-01-03 12:28:04,649] {dag.py:2415} INFO - Creating ORM DAG for latest_only
[2022-01-03 12:28:04,680] {logging_mixin.py:109} INFO - [2022-01-03 12:28:04,680] {dag.py:2928} INFO - Setting next_dagrun for latest_only to 2022-01-03T08:28:04.680428+00:00
[2022-01-03 12:28:04,714] {processor.py:171} INFO - Processing /home/airflow/.local/lib/python3.7/site-packages/airflow/example_dags/example_latest_only.py took 3.487 seconds
[2022-01-03 12:28:59,880] {processor.py:163} INFO - Started process (PID=271) to work on /home/airflow/.local/lib/python3.7/site-packages/airflow/example_dags/example_latest_only.py
[2022-01-03 12:28:59,885] {processor.py:625} INFO - Processing file /home/airflow/.local/lib/python3.7/site-packages/airflow/example_dags/example_latest_only.py for tasks to queue
[2022-01-03 12:28:59,902] {logging_mixin.py:109} INFO - [2022-01-03 12:28:59,886] {dagbag.py:500} INFO - Filling up the DagBag from /home/airflow/.local/lib/python3.7/site-packages/airflow/example_dags/example_latest_only.py
[2022-01-03 12:29:00,003] {processor.py:637} INFO - DAG(s) dict_keys(['latest_only']) retrieved from /home/airflow/.local/lib/python3.7/site-packages/airflow/example_dags/example_latest_only.py
[2022-01-03 12:29:00,042] {logging_mixin.py:109} INFO - [2022-01-03 12:29:00,042] {dag.py:2396} INFO - Sync 1 DAGs
[2022-01-03 12:29:00,090] {logging_mixin.py:109} INFO - [2022-01-03 12:29:00,090] {dag.py:2928} INFO - Setting next_dagrun for latest_only to 2022-01-03T08:29:00.090228+00:00
[2022-01-03 12:29:00,121] {processor.py:171} INFO - Processing /home/airflow/.local/lib/python3.7/site-packages/airflow/example_dags/example_latest_only.py took 0.275 seconds
[2022-01-03 12:29:30,908] {processor.py:163} INFO - Started process (PID=321) to work on /home/airflow/.local/lib/python3.7/site-packages/airflow/example_dags/example_latest_only.py
[2022-01-03 12:29:30,911] {processor.py:625} INFO - Processing file /home/airflow/.local/lib/python3.7/site-packages/airflow/example_dags/example_latest_only.py for tasks to queue
[2022-01-03 12:29:30,914] {logging_mixin.py:109} INFO - [2022-01-03 12:29:30,913] {dagbag.py:500} INFO - Filling up the DagBag from /home/airflow/.local/lib/python3.7/site-packages/airflow/example_dags/example_latest_only.py
[2022-01-03 12:29:30,968] {processor.py:637} INFO - DAG(s) dict_keys(['latest_only']) retrieved from /home/airflow/.local/lib/python3.7/site-packages/airflow/example_dags/example_latest_only.py
[2022-01-03 12:29:30,983] {logging_mixin.py:109} INFO - [2022-01-03 12:29:30,982] {dag.py:2396} INFO - Sync 1 DAGs
[2022-01-03 12:29:31,008] {logging_mixin.py:109} INFO - [2022-01-03 12:29:31,008] {dag.py:2928} INFO - Setting next_dagrun for latest_only to 2022-01-03T08:29:31.007938+00:00
[2022-01-03 12:29:31,023] {processor.py:171} INFO - Processing /home/airflow/.local/lib/python3.7/site-packages/airflow/example_dags/example_latest_only.py took 0.127 seconds
[2022-01-03 12:30:01,785] {processor.py:163} INFO - Started process (PID=373) to work on /home/airflow/.local/lib/python3.7/site-packages/airflow/example_dags/example_latest_only.py
[2022-01-03 12:30:01,794] {processor.py:625} INFO - Processing file /home/airflow/.local/lib/python3.7/site-packages/airflow/example_dags/example_latest_only.py for tasks to queue
[2022-01-03 12:30:01,796] {logging_mixin.py:109} INFO - [2022-01-03 12:30:01,795] {dagbag.py:500} INFO - Filling up the DagBag from /home/airflow/.local/lib/python3.7/site-packages/airflow/example_dags/example_latest_only.py
[2022-01-03 12:30:01,848] {processor.py:637} INFO - DAG(s) dict_keys(['latest_only']) retrieved from /home/airflow/.local/lib/python3.7/site-packages/airflow/example_dags/example_latest_only.py
[2022-01-03 12:30:01,862] {logging_mixin.py:109} INFO - [2022-01-03 12:30:01,862] {dag.py:2396} INFO - Sync 1 DAGs
[2022-01-03 12:30:01,886] {logging_mixin.py:109} INFO - [2022-01-03 12:30:01,886] {dag.py:2928} INFO - Setting next_dagrun for latest_only to 2022-01-03T08:30:01.885799+00:00
[2022-01-03 12:30:01,899] {processor.py:171} INFO - Processing /home/airflow/.local/lib/python3.7/site-packages/airflow/example_dags/example_latest_only.py took 0.127 seconds
[2022-01-03 12:30:32,442] {processor.py:163} INFO - Started process (PID=426) to work on /home/airflow/.local/lib/python3.7/site-packages/airflow/example_dags/example_latest_only.py
[2022-01-03 12:30:32,444] {processor.py:625} INFO - Processing file /home/airflow/.local/lib/python3.7/site-packages/airflow/example_dags/example_latest_only.py for tasks to queue
[2022-01-03 12:30:32,445] {logging_mixin.py:109} INFO - [2022-01-03 12:30:32,445] {dagbag.py:500} INFO - Filling up the DagBag from /home/airflow/.local/lib/python3.7/site-packages/airflow/example_dags/example_latest_only.py
[2022-01-03 12:30:32,510] {processor.py:637} INFO - DAG(s) dict_keys(['latest_only']) retrieved from /home/airflow/.local/lib/python3.7/site-packages/airflow/example_dags/example_latest_only.py
[2022-01-03 12:30:32,524] {logging_mixin.py:109} INFO - [2022-01-03 12:30:32,524] {dag.py:2396} INFO - Sync 1 DAGs
[2022-01-03 12:30:32,550] {logging_mixin.py:109} INFO - [2022-01-03 12:30:32,550] {dag.py:2928} INFO - Setting next_dagrun for latest_only to 2022-01-03T08:30:32.549947+00:00
[2022-01-03 12:30:32,564] {processor.py:171} INFO - Processing /home/airflow/.local/lib/python3.7/site-packages/airflow/example_dags/example_latest_only.py took 0.135 seconds
[2022-01-03 12:31:02,934] {processor.py:163} INFO - Started process (PID=477) to work on /home/airflow/.local/lib/python3.7/site-packages/airflow/example_dags/example_latest_only.py
[2022-01-03 12:31:02,943] {processor.py:625} INFO - Processing file /home/airflow/.local/lib/python3.7/site-packages/airflow/example_dags/example_latest_only.py for tasks to queue
[2022-01-03 12:31:02,944] {logging_mixin.py:109} INFO - [2022-01-03 12:31:02,943] {dagbag.py:500} INFO - Filling up the DagBag from /home/airflow/.local/lib/python3.7/site-packages/airflow/example_dags/example_latest_only.py
[2022-01-03 12:31:03,128] {processor.py:637} INFO - DAG(s) dict_keys(['latest_only']) retrieved from /home/airflow/.local/lib/python3.7/site-packages/airflow/example_dags/example_latest_only.py
[2022-01-03 12:31:03,162] {logging_mixin.py:109} INFO - [2022-01-03 12:31:03,162] {dag.py:2396} INFO - Sync 1 DAGs
[2022-01-03 12:31:03,206] {logging_mixin.py:109} INFO - [2022-01-03 12:31:03,206] {dag.py:2928} INFO - Setting next_dagrun for latest_only to 2022-01-03T08:31:03.206147+00:00
[2022-01-03 12:31:03,242] {processor.py:171} INFO - Processing /home/airflow/.local/lib/python3.7/site-packages/airflow/example_dags/example_latest_only.py took 0.348 seconds
[2022-01-03 12:31:33,811] {processor.py:163} INFO - Started process (PID=528) to work on /home/airflow/.local/lib/python3.7/site-packages/airflow/example_dags/example_latest_only.py
[2022-01-03 12:31:33,812] {processor.py:625} INFO - Processing file /home/airflow/.local/lib/python3.7/site-packages/airflow/example_dags/example_latest_only.py for tasks to queue
[2022-01-03 12:31:33,813] {logging_mixin.py:109} INFO - [2022-01-03 12:31:33,813] {dagbag.py:500} INFO - Filling up the DagBag from /home/airflow/.local/lib/python3.7/site-packages/airflow/example_dags/example_latest_only.py
[2022-01-03 12:31:33,949] {processor.py:637} INFO - DAG(s) dict_keys(['latest_only']) retrieved from /home/airflow/.local/lib/python3.7/site-packages/airflow/example_dags/example_latest_only.py
[2022-01-03 12:31:34,014] {logging_mixin.py:109} INFO - [2022-01-03 12:31:34,014] {dag.py:2396} INFO - Sync 1 DAGs
[2022-01-03 12:31:34,114] {logging_mixin.py:109} INFO - [2022-01-03 12:31:34,114] {dag.py:2928} INFO - Setting next_dagrun for latest_only to 2022-01-03T08:31:34.114455+00:00
[2022-01-03 12:31:34,177] {processor.py:171} INFO - Processing /home/airflow/.local/lib/python3.7/site-packages/airflow/example_dags/example_latest_only.py took 0.376 seconds
[2022-01-03 12:32:05,136] {processor.py:163} INFO - Started process (PID=577) to work on /home/airflow/.local/lib/python3.7/site-packages/airflow/example_dags/example_latest_only.py
[2022-01-03 12:32:05,154] {processor.py:625} INFO - Processing file /home/airflow/.local/lib/python3.7/site-packages/airflow/example_dags/example_latest_only.py for tasks to queue
[2022-01-03 12:32:05,155] {logging_mixin.py:109} INFO - [2022-01-03 12:32:05,155] {dagbag.py:500} INFO - Filling up the DagBag from /home/airflow/.local/lib/python3.7/site-packages/airflow/example_dags/example_latest_only.py
[2022-01-03 12:32:05,231] {processor.py:637} INFO - DAG(s) dict_keys(['latest_only']) retrieved from /home/airflow/.local/lib/python3.7/site-packages/airflow/example_dags/example_latest_only.py
[2022-01-03 12:32:05,249] {logging_mixin.py:109} INFO - [2022-01-03 12:32:05,249] {dag.py:2396} INFO - Sync 1 DAGs
[2022-01-03 12:32:05,287] {logging_mixin.py:109} INFO - [2022-01-03 12:32:05,287] {dag.py:2928} INFO - Setting next_dagrun for latest_only to 2022-01-03T08:32:05.287264+00:00
[2022-01-03 12:32:05,306] {processor.py:171} INFO - Processing /home/airflow/.local/lib/python3.7/site-packages/airflow/example_dags/example_latest_only.py took 0.175 seconds
[2022-01-03 13:13:43,169] {processor.py:163} INFO - Started process (PID=56) to work on /home/airflow/.local/lib/python3.7/site-packages/airflow/example_dags/example_latest_only.py
[2022-01-03 13:13:43,188] {processor.py:625} INFO - Processing file /home/airflow/.local/lib/python3.7/site-packages/airflow/example_dags/example_latest_only.py for tasks to queue
[2022-01-03 13:13:43,188] {logging_mixin.py:109} INFO - [2022-01-03 13:13:43,188] {dagbag.py:500} INFO - Filling up the DagBag from /home/airflow/.local/lib/python3.7/site-packages/airflow/example_dags/example_latest_only.py
[2022-01-03 13:13:43,340] {processor.py:637} INFO - DAG(s) dict_keys(['latest_only']) retrieved from /home/airflow/.local/lib/python3.7/site-packages/airflow/example_dags/example_latest_only.py
[2022-01-03 13:13:43,374] {logging_mixin.py:109} INFO - [2022-01-03 13:13:43,374] {dag.py:2396} INFO - Sync 1 DAGs
[2022-01-03 13:13:43,471] {logging_mixin.py:109} INFO - [2022-01-03 13:13:43,471] {dag.py:2928} INFO - Setting next_dagrun for latest_only to 2022-01-03T09:13:43.470905+00:00
[2022-01-03 13:13:43,518] {processor.py:171} INFO - Processing /home/airflow/.local/lib/python3.7/site-packages/airflow/example_dags/example_latest_only.py took 0.353 seconds
[2022-01-03 13:14:13,988] {processor.py:163} INFO - Started process (PID=103) to work on /home/airflow/.local/lib/python3.7/site-packages/airflow/example_dags/example_latest_only.py
[2022-01-03 13:14:13,989] {processor.py:625} INFO - Processing file /home/airflow/.local/lib/python3.7/site-packages/airflow/example_dags/example_latest_only.py for tasks to queue
[2022-01-03 13:14:13,989] {logging_mixin.py:109} INFO - [2022-01-03 13:14:13,989] {dagbag.py:500} INFO - Filling up the DagBag from /home/airflow/.local/lib/python3.7/site-packages/airflow/example_dags/example_latest_only.py
[2022-01-03 13:14:14,012] {processor.py:637} INFO - DAG(s) dict_keys(['latest_only']) retrieved from /home/airflow/.local/lib/python3.7/site-packages/airflow/example_dags/example_latest_only.py
[2022-01-03 13:14:14,021] {logging_mixin.py:109} INFO - [2022-01-03 13:14:14,021] {dag.py:2396} INFO - Sync 1 DAGs
[2022-01-03 13:14:14,037] {logging_mixin.py:109} INFO - [2022-01-03 13:14:14,036] {dag.py:2928} INFO - Setting next_dagrun for latest_only to 2022-01-03T09:14:14.036703+00:00
[2022-01-03 13:14:14,047] {processor.py:171} INFO - Processing /home/airflow/.local/lib/python3.7/site-packages/airflow/example_dags/example_latest_only.py took 0.062 seconds
[2022-01-03 13:14:44,685] {processor.py:163} INFO - Started process (PID=168) to work on /home/airflow/.local/lib/python3.7/site-packages/airflow/example_dags/example_latest_only.py
[2022-01-03 13:14:44,692] {processor.py:625} INFO - Processing file /home/airflow/.local/lib/python3.7/site-packages/airflow/example_dags/example_latest_only.py for tasks to queue
[2022-01-03 13:14:44,693] {logging_mixin.py:109} INFO - [2022-01-03 13:14:44,693] {dagbag.py:500} INFO - Filling up the DagBag from /home/airflow/.local/lib/python3.7/site-packages/airflow/example_dags/example_latest_only.py
[2022-01-03 13:14:44,772] {processor.py:637} INFO - DAG(s) dict_keys(['latest_only']) retrieved from /home/airflow/.local/lib/python3.7/site-packages/airflow/example_dags/example_latest_only.py
[2022-01-03 13:14:44,789] {logging_mixin.py:109} INFO - [2022-01-03 13:14:44,789] {dag.py:2396} INFO - Sync 1 DAGs
[2022-01-03 13:14:44,816] {logging_mixin.py:109} INFO - [2022-01-03 13:14:44,816] {dag.py:2928} INFO - Setting next_dagrun for latest_only to 2022-01-03T09:14:44.815724+00:00
[2022-01-03 13:14:44,830] {processor.py:171} INFO - Processing /home/airflow/.local/lib/python3.7/site-packages/airflow/example_dags/example_latest_only.py took 0.157 seconds
[2022-01-03 13:15:14,881] {processor.py:163} INFO - Started process (PID=220) to work on /home/airflow/.local/lib/python3.7/site-packages/airflow/example_dags/example_latest_only.py
[2022-01-03 13:15:14,882] {processor.py:625} INFO - Processing file /home/airflow/.local/lib/python3.7/site-packages/airflow/example_dags/example_latest_only.py for tasks to queue
[2022-01-03 13:15:14,883] {logging_mixin.py:109} INFO - [2022-01-03 13:15:14,883] {dagbag.py:500} INFO - Filling up the DagBag from /home/airflow/.local/lib/python3.7/site-packages/airflow/example_dags/example_latest_only.py
[2022-01-03 13:15:14,916] {processor.py:637} INFO - DAG(s) dict_keys(['latest_only']) retrieved from /home/airflow/.local/lib/python3.7/site-packages/airflow/example_dags/example_latest_only.py
[2022-01-03 13:15:14,930] {logging_mixin.py:109} INFO - [2022-01-03 13:15:14,930] {dag.py:2396} INFO - Sync 1 DAGs
[2022-01-03 13:15:14,955] {logging_mixin.py:109} INFO - [2022-01-03 13:15:14,955] {dag.py:2928} INFO - Setting next_dagrun for latest_only to 2022-01-03T09:15:14.955044+00:00
[2022-01-03 13:15:14,968] {processor.py:171} INFO - Processing /home/airflow/.local/lib/python3.7/site-packages/airflow/example_dags/example_latest_only.py took 0.091 seconds
[2022-01-03 13:15:45,922] {processor.py:163} INFO - Started process (PID=276) to work on /home/airflow/.local/lib/python3.7/site-packages/airflow/example_dags/example_latest_only.py
[2022-01-03 13:15:45,924] {processor.py:625} INFO - Processing file /home/airflow/.local/lib/python3.7/site-packages/airflow/example_dags/example_latest_only.py for tasks to queue
[2022-01-03 13:15:45,925] {logging_mixin.py:109} INFO - [2022-01-03 13:15:45,925] {dagbag.py:500} INFO - Filling up the DagBag from /home/airflow/.local/lib/python3.7/site-packages/airflow/example_dags/example_latest_only.py
[2022-01-03 13:15:45,968] {processor.py:637} INFO - DAG(s) dict_keys(['latest_only']) retrieved from /home/airflow/.local/lib/python3.7/site-packages/airflow/example_dags/example_latest_only.py
[2022-01-03 13:15:45,989] {logging_mixin.py:109} INFO - [2022-01-03 13:15:45,989] {dag.py:2396} INFO - Sync 1 DAGs
[2022-01-03 13:15:46,024] {logging_mixin.py:109} INFO - [2022-01-03 13:15:46,024] {dag.py:2928} INFO - Setting next_dagrun for latest_only to 2022-01-03T09:15:46.023845+00:00
[2022-01-03 13:15:46,040] {processor.py:171} INFO - Processing /home/airflow/.local/lib/python3.7/site-packages/airflow/example_dags/example_latest_only.py took 0.122 seconds
[2022-01-03 13:16:16,511] {processor.py:163} INFO - Started process (PID=343) to work on /home/airflow/.local/lib/python3.7/site-packages/airflow/example_dags/example_latest_only.py
[2022-01-03 13:16:16,512] {processor.py:625} INFO - Processing file /home/airflow/.local/lib/python3.7/site-packages/airflow/example_dags/example_latest_only.py for tasks to queue
[2022-01-03 13:16:16,513] {logging_mixin.py:109} INFO - [2022-01-03 13:16:16,513] {dagbag.py:500} INFO - Filling up the DagBag from /home/airflow/.local/lib/python3.7/site-packages/airflow/example_dags/example_latest_only.py
[2022-01-03 13:16:16,551] {processor.py:637} INFO - DAG(s) dict_keys(['latest_only']) retrieved from /home/airflow/.local/lib/python3.7/site-packages/airflow/example_dags/example_latest_only.py
[2022-01-03 13:16:16,573] {logging_mixin.py:109} INFO - [2022-01-03 13:16:16,572] {dag.py:2396} INFO - Sync 1 DAGs
[2022-01-03 13:16:16,599] {logging_mixin.py:109} INFO - [2022-01-03 13:16:16,599] {dag.py:2928} INFO - Setting next_dagrun for latest_only to 2022-01-03T09:16:16.599058+00:00
[2022-01-03 13:16:16,616] {processor.py:171} INFO - Processing /home/airflow/.local/lib/python3.7/site-packages/airflow/example_dags/example_latest_only.py took 0.107 seconds
[2022-01-03 13:16:46,770] {processor.py:163} INFO - Started process (PID=393) to work on /home/airflow/.local/lib/python3.7/site-packages/airflow/example_dags/example_latest_only.py
[2022-01-03 13:16:46,771] {processor.py:625} INFO - Processing file /home/airflow/.local/lib/python3.7/site-packages/airflow/example_dags/example_latest_only.py for tasks to queue
[2022-01-03 13:16:46,772] {logging_mixin.py:109} INFO - [2022-01-03 13:16:46,772] {dagbag.py:500} INFO - Filling up the DagBag from /home/airflow/.local/lib/python3.7/site-packages/airflow/example_dags/example_latest_only.py
[2022-01-03 13:16:46,854] {processor.py:637} INFO - DAG(s) dict_keys(['latest_only']) retrieved from /home/airflow/.local/lib/python3.7/site-packages/airflow/example_dags/example_latest_only.py
[2022-01-03 13:16:46,868] {logging_mixin.py:109} INFO - [2022-01-03 13:16:46,868] {dag.py:2396} INFO - Sync 1 DAGs
[2022-01-03 13:16:46,904] {logging_mixin.py:109} INFO - [2022-01-03 13:16:46,904] {dag.py:2928} INFO - Setting next_dagrun for latest_only to 2022-01-03T09:16:46.904359+00:00
[2022-01-03 13:16:46,924] {processor.py:171} INFO - Processing /home/airflow/.local/lib/python3.7/site-packages/airflow/example_dags/example_latest_only.py took 0.160 seconds
[2022-01-03 13:17:16,994] {processor.py:163} INFO - Started process (PID=444) to work on /home/airflow/.local/lib/python3.7/site-packages/airflow/example_dags/example_latest_only.py
[2022-01-03 13:17:16,995] {processor.py:625} INFO - Processing file /home/airflow/.local/lib/python3.7/site-packages/airflow/example_dags/example_latest_only.py for tasks to queue
[2022-01-03 13:17:16,995] {logging_mixin.py:109} INFO - [2022-01-03 13:17:16,995] {dagbag.py:500} INFO - Filling up the DagBag from /home/airflow/.local/lib/python3.7/site-packages/airflow/example_dags/example_latest_only.py
[2022-01-03 13:17:17,021] {processor.py:637} INFO - DAG(s) dict_keys(['latest_only']) retrieved from /home/airflow/.local/lib/python3.7/site-packages/airflow/example_dags/example_latest_only.py
[2022-01-03 13:17:17,033] {logging_mixin.py:109} INFO - [2022-01-03 13:17:17,033] {dag.py:2396} INFO - Sync 1 DAGs
[2022-01-03 13:17:17,050] {logging_mixin.py:109} INFO - [2022-01-03 13:17:17,050] {dag.py:2928} INFO - Setting next_dagrun for latest_only to 2022-01-03T09:17:17.050126+00:00
[2022-01-03 13:17:17,060] {processor.py:171} INFO - Processing /home/airflow/.local/lib/python3.7/site-packages/airflow/example_dags/example_latest_only.py took 0.069 seconds
[2022-01-03 13:17:48,040] {processor.py:163} INFO - Started process (PID=497) to work on /home/airflow/.local/lib/python3.7/site-packages/airflow/example_dags/example_latest_only.py
[2022-01-03 13:17:48,043] {processor.py:625} INFO - Processing file /home/airflow/.local/lib/python3.7/site-packages/airflow/example_dags/example_latest_only.py for tasks to queue
[2022-01-03 13:17:48,044] {logging_mixin.py:109} INFO - [2022-01-03 13:17:48,044] {dagbag.py:500} INFO - Filling up the DagBag from /home/airflow/.local/lib/python3.7/site-packages/airflow/example_dags/example_latest_only.py
[2022-01-03 13:17:48,090] {processor.py:637} INFO - DAG(s) dict_keys(['latest_only']) retrieved from /home/airflow/.local/lib/python3.7/site-packages/airflow/example_dags/example_latest_only.py
[2022-01-03 13:17:48,104] {logging_mixin.py:109} INFO - [2022-01-03 13:17:48,104] {dag.py:2396} INFO - Sync 1 DAGs
[2022-01-03 13:17:48,126] {logging_mixin.py:109} INFO - [2022-01-03 13:17:48,126] {dag.py:2928} INFO - Setting next_dagrun for latest_only to 2022-01-03T09:17:48.126518+00:00
[2022-01-03 13:17:48,137] {processor.py:171} INFO - Processing /home/airflow/.local/lib/python3.7/site-packages/airflow/example_dags/example_latest_only.py took 0.100 seconds
[2022-01-03 13:18:18,430] {processor.py:163} INFO - Started process (PID=548) to work on /home/airflow/.local/lib/python3.7/site-packages/airflow/example_dags/example_latest_only.py
[2022-01-03 13:18:18,432] {processor.py:625} INFO - Processing file /home/airflow/.local/lib/python3.7/site-packages/airflow/example_dags/example_latest_only.py for tasks to queue
[2022-01-03 13:18:18,433] {logging_mixin.py:109} INFO - [2022-01-03 13:18:18,433] {dagbag.py:500} INFO - Filling up the DagBag from /home/airflow/.local/lib/python3.7/site-packages/airflow/example_dags/example_latest_only.py
[2022-01-03 13:18:18,469] {processor.py:637} INFO - DAG(s) dict_keys(['latest_only']) retrieved from /home/airflow/.local/lib/python3.7/site-packages/airflow/example_dags/example_latest_only.py
[2022-01-03 13:18:18,481] {logging_mixin.py:109} INFO - [2022-01-03 13:18:18,481] {dag.py:2396} INFO - Sync 1 DAGs
[2022-01-03 13:18:18,502] {logging_mixin.py:109} INFO - [2022-01-03 13:18:18,502] {dag.py:2928} INFO - Setting next_dagrun for latest_only to 2022-01-03T09:18:18.502060+00:00
[2022-01-03 13:18:18,512] {processor.py:171} INFO - Processing /home/airflow/.local/lib/python3.7/site-packages/airflow/example_dags/example_latest_only.py took 0.087 seconds
[2022-01-03 13:18:48,849] {processor.py:163} INFO - Started process (PID=600) to work on /home/airflow/.local/lib/python3.7/site-packages/airflow/example_dags/example_latest_only.py
[2022-01-03 13:18:48,851] {processor.py:625} INFO - Processing file /home/airflow/.local/lib/python3.7/site-packages/airflow/example_dags/example_latest_only.py for tasks to queue
[2022-01-03 13:18:48,851] {logging_mixin.py:109} INFO - [2022-01-03 13:18:48,851] {dagbag.py:500} INFO - Filling up the DagBag from /home/airflow/.local/lib/python3.7/site-packages/airflow/example_dags/example_latest_only.py
[2022-01-03 13:18:48,882] {processor.py:637} INFO - DAG(s) dict_keys(['latest_only']) retrieved from /home/airflow/.local/lib/python3.7/site-packages/airflow/example_dags/example_latest_only.py
[2022-01-03 13:18:48,895] {logging_mixin.py:109} INFO - [2022-01-03 13:18:48,895] {dag.py:2396} INFO - Sync 1 DAGs
[2022-01-03 13:18:48,914] {logging_mixin.py:109} INFO - [2022-01-03 13:18:48,913] {dag.py:2928} INFO - Setting next_dagrun for latest_only to 2022-01-03T09:18:48.913626+00:00
[2022-01-03 13:18:48,924] {processor.py:171} INFO - Processing /home/airflow/.local/lib/python3.7/site-packages/airflow/example_dags/example_latest_only.py took 0.078 seconds
[2022-01-03 13:19:19,515] {processor.py:163} INFO - Started process (PID=660) to work on /home/airflow/.local/lib/python3.7/site-packages/airflow/example_dags/example_latest_only.py
[2022-01-03 13:19:19,516] {processor.py:625} INFO - Processing file /home/airflow/.local/lib/python3.7/site-packages/airflow/example_dags/example_latest_only.py for tasks to queue
[2022-01-03 13:19:19,517] {logging_mixin.py:109} INFO - [2022-01-03 13:19:19,517] {dagbag.py:500} INFO - Filling up the DagBag from /home/airflow/.local/lib/python3.7/site-packages/airflow/example_dags/example_latest_only.py
[2022-01-03 13:19:19,550] {processor.py:637} INFO - DAG(s) dict_keys(['latest_only']) retrieved from /home/airflow/.local/lib/python3.7/site-packages/airflow/example_dags/example_latest_only.py
[2022-01-03 13:19:19,561] {logging_mixin.py:109} INFO - [2022-01-03 13:19:19,560] {dag.py:2396} INFO - Sync 1 DAGs
[2022-01-03 13:19:19,582] {logging_mixin.py:109} INFO - [2022-01-03 13:19:19,582] {dag.py:2928} INFO - Setting next_dagrun for latest_only to 2022-01-03T09:19:19.582334+00:00
[2022-01-03 13:19:19,596] {processor.py:171} INFO - Processing /home/airflow/.local/lib/python3.7/site-packages/airflow/example_dags/example_latest_only.py took 0.086 seconds
[2022-01-03 13:19:50,278] {processor.py:163} INFO - Started process (PID=710) to work on /home/airflow/.local/lib/python3.7/site-packages/airflow/example_dags/example_latest_only.py
[2022-01-03 13:19:50,280] {processor.py:625} INFO - Processing file /home/airflow/.local/lib/python3.7/site-packages/airflow/example_dags/example_latest_only.py for tasks to queue
[2022-01-03 13:19:50,281] {logging_mixin.py:109} INFO - [2022-01-03 13:19:50,280] {dagbag.py:500} INFO - Filling up the DagBag from /home/airflow/.local/lib/python3.7/site-packages/airflow/example_dags/example_latest_only.py
[2022-01-03 13:19:50,330] {processor.py:637} INFO - DAG(s) dict_keys(['latest_only']) retrieved from /home/airflow/.local/lib/python3.7/site-packages/airflow/example_dags/example_latest_only.py
[2022-01-03 13:19:50,346] {logging_mixin.py:109} INFO - [2022-01-03 13:19:50,346] {dag.py:2396} INFO - Sync 1 DAGs
[2022-01-03 13:19:50,389] {logging_mixin.py:109} INFO - [2022-01-03 13:19:50,389] {dag.py:2928} INFO - Setting next_dagrun for latest_only to 2022-01-03T09:19:50.389074+00:00
[2022-01-03 13:19:50,420] {processor.py:171} INFO - Processing /home/airflow/.local/lib/python3.7/site-packages/airflow/example_dags/example_latest_only.py took 0.149 seconds
[2022-01-03 13:20:21,113] {processor.py:163} INFO - Started process (PID=764) to work on /home/airflow/.local/lib/python3.7/site-packages/airflow/example_dags/example_latest_only.py
[2022-01-03 13:20:21,114] {processor.py:625} INFO - Processing file /home/airflow/.local/lib/python3.7/site-packages/airflow/example_dags/example_latest_only.py for tasks to queue
[2022-01-03 13:20:21,117] {logging_mixin.py:109} INFO - [2022-01-03 13:20:21,117] {dagbag.py:500} INFO - Filling up the DagBag from /home/airflow/.local/lib/python3.7/site-packages/airflow/example_dags/example_latest_only.py
[2022-01-03 13:20:21,168] {processor.py:637} INFO - DAG(s) dict_keys(['latest_only']) retrieved from /home/airflow/.local/lib/python3.7/site-packages/airflow/example_dags/example_latest_only.py
[2022-01-03 13:20:21,185] {logging_mixin.py:109} INFO - [2022-01-03 13:20:21,185] {dag.py:2396} INFO - Sync 1 DAGs
[2022-01-03 13:20:21,213] {logging_mixin.py:109} INFO - [2022-01-03 13:20:21,213] {dag.py:2928} INFO - Setting next_dagrun for latest_only to 2022-01-03T09:20:21.212687+00:00
[2022-01-03 13:20:21,227] {processor.py:171} INFO - Processing /home/airflow/.local/lib/python3.7/site-packages/airflow/example_dags/example_latest_only.py took 0.118 seconds
[2022-01-03 13:20:51,477] {processor.py:163} INFO - Started process (PID=815) to work on /home/airflow/.local/lib/python3.7/site-packages/airflow/example_dags/example_latest_only.py
[2022-01-03 13:20:51,479] {processor.py:625} INFO - Processing file /home/airflow/.local/lib/python3.7/site-packages/airflow/example_dags/example_latest_only.py for tasks to queue
[2022-01-03 13:20:51,480] {logging_mixin.py:109} INFO - [2022-01-03 13:20:51,480] {dagbag.py:500} INFO - Filling up the DagBag from /home/airflow/.local/lib/python3.7/site-packages/airflow/example_dags/example_latest_only.py
[2022-01-03 13:20:51,553] {processor.py:637} INFO - DAG(s) dict_keys(['latest_only']) retrieved from /home/airflow/.local/lib/python3.7/site-packages/airflow/example_dags/example_latest_only.py
[2022-01-03 13:20:51,574] {logging_mixin.py:109} INFO - [2022-01-03 13:20:51,574] {dag.py:2396} INFO - Sync 1 DAGs
[2022-01-03 13:20:51,605] {logging_mixin.py:109} INFO - [2022-01-03 13:20:51,605] {dag.py:2928} INFO - Setting next_dagrun for latest_only to 2022-01-03T09:20:51.604754+00:00
[2022-01-03 13:20:51,625] {processor.py:171} INFO - Processing /home/airflow/.local/lib/python3.7/site-packages/airflow/example_dags/example_latest_only.py took 0.156 seconds
[2022-01-03 13:21:22,436] {processor.py:163} INFO - Started process (PID=865) to work on /home/airflow/.local/lib/python3.7/site-packages/airflow/example_dags/example_latest_only.py
[2022-01-03 13:21:22,437] {processor.py:625} INFO - Processing file /home/airflow/.local/lib/python3.7/site-packages/airflow/example_dags/example_latest_only.py for tasks to queue
[2022-01-03 13:21:22,438] {logging_mixin.py:109} INFO - [2022-01-03 13:21:22,438] {dagbag.py:500} INFO - Filling up the DagBag from /home/airflow/.local/lib/python3.7/site-packages/airflow/example_dags/example_latest_only.py
[2022-01-03 13:21:22,470] {processor.py:637} INFO - DAG(s) dict_keys(['latest_only']) retrieved from /home/airflow/.local/lib/python3.7/site-packages/airflow/example_dags/example_latest_only.py
[2022-01-03 13:21:22,484] {logging_mixin.py:109} INFO - [2022-01-03 13:21:22,483] {dag.py:2396} INFO - Sync 1 DAGs
[2022-01-03 13:21:22,511] {logging_mixin.py:109} INFO - [2022-01-03 13:21:22,511] {dag.py:2928} INFO - Setting next_dagrun for latest_only to 2022-01-03T09:21:22.510987+00:00
[2022-01-03 13:21:22,523] {processor.py:171} INFO - Processing /home/airflow/.local/lib/python3.7/site-packages/airflow/example_dags/example_latest_only.py took 0.090 seconds
[2022-01-03 13:21:53,229] {processor.py:163} INFO - Started process (PID=916) to work on /home/airflow/.local/lib/python3.7/site-packages/airflow/example_dags/example_latest_only.py
[2022-01-03 13:21:53,231] {processor.py:625} INFO - Processing file /home/airflow/.local/lib/python3.7/site-packages/airflow/example_dags/example_latest_only.py for tasks to queue
[2022-01-03 13:21:53,232] {logging_mixin.py:109} INFO - [2022-01-03 13:21:53,232] {dagbag.py:500} INFO - Filling up the DagBag from /home/airflow/.local/lib/python3.7/site-packages/airflow/example_dags/example_latest_only.py
[2022-01-03 13:21:53,273] {processor.py:637} INFO - DAG(s) dict_keys(['latest_only']) retrieved from /home/airflow/.local/lib/python3.7/site-packages/airflow/example_dags/example_latest_only.py
[2022-01-03 13:21:53,288] {logging_mixin.py:109} INFO - [2022-01-03 13:21:53,288] {dag.py:2396} INFO - Sync 1 DAGs
[2022-01-03 13:21:53,312] {logging_mixin.py:109} INFO - [2022-01-03 13:21:53,312] {dag.py:2928} INFO - Setting next_dagrun for latest_only to 2022-01-03T09:21:53.311697+00:00
[2022-01-03 13:21:53,329] {processor.py:171} INFO - Processing /home/airflow/.local/lib/python3.7/site-packages/airflow/example_dags/example_latest_only.py took 0.106 seconds
[2022-01-03 13:22:23,980] {processor.py:163} INFO - Started process (PID=978) to work on /home/airflow/.local/lib/python3.7/site-packages/airflow/example_dags/example_latest_only.py
[2022-01-03 13:22:23,981] {processor.py:625} INFO - Processing file /home/airflow/.local/lib/python3.7/site-packages/airflow/example_dags/example_latest_only.py for tasks to queue
[2022-01-03 13:22:23,982] {logging_mixin.py:109} INFO - [2022-01-03 13:22:23,982] {dagbag.py:500} INFO - Filling up the DagBag from /home/airflow/.local/lib/python3.7/site-packages/airflow/example_dags/example_latest_only.py
[2022-01-03 13:22:24,012] {processor.py:637} INFO - DAG(s) dict_keys(['latest_only']) retrieved from /home/airflow/.local/lib/python3.7/site-packages/airflow/example_dags/example_latest_only.py
[2022-01-03 13:22:24,024] {logging_mixin.py:109} INFO - [2022-01-03 13:22:24,024] {dag.py:2396} INFO - Sync 1 DAGs
[2022-01-03 13:22:24,044] {logging_mixin.py:109} INFO - [2022-01-03 13:22:24,044] {dag.py:2928} INFO - Setting next_dagrun for latest_only to 2022-01-03T09:22:24.044151+00:00
[2022-01-03 13:22:24,054] {processor.py:171} INFO - Processing /home/airflow/.local/lib/python3.7/site-packages/airflow/example_dags/example_latest_only.py took 0.079 seconds
[2022-01-03 13:22:54,977] {processor.py:163} INFO - Started process (PID=1031) to work on /home/airflow/.local/lib/python3.7/site-packages/airflow/example_dags/example_latest_only.py
[2022-01-03 13:22:54,979] {processor.py:625} INFO - Processing file /home/airflow/.local/lib/python3.7/site-packages/airflow/example_dags/example_latest_only.py for tasks to queue
[2022-01-03 13:22:54,980] {logging_mixin.py:109} INFO - [2022-01-03 13:22:54,980] {dagbag.py:500} INFO - Filling up the DagBag from /home/airflow/.local/lib/python3.7/site-packages/airflow/example_dags/example_latest_only.py
[2022-01-03 13:22:55,025] {processor.py:637} INFO - DAG(s) dict_keys(['latest_only']) retrieved from /home/airflow/.local/lib/python3.7/site-packages/airflow/example_dags/example_latest_only.py
[2022-01-03 13:22:55,039] {logging_mixin.py:109} INFO - [2022-01-03 13:22:55,039] {dag.py:2396} INFO - Sync 1 DAGs
[2022-01-03 13:22:55,063] {logging_mixin.py:109} INFO - [2022-01-03 13:22:55,062] {dag.py:2928} INFO - Setting next_dagrun for latest_only to 2022-01-03T09:22:55.062561+00:00
[2022-01-03 13:22:55,094] {processor.py:171} INFO - Processing /home/airflow/.local/lib/python3.7/site-packages/airflow/example_dags/example_latest_only.py took 0.121 seconds
[2022-01-03 13:23:26,089] {processor.py:163} INFO - Started process (PID=1083) to work on /home/airflow/.local/lib/python3.7/site-packages/airflow/example_dags/example_latest_only.py
[2022-01-03 13:23:26,090] {processor.py:625} INFO - Processing file /home/airflow/.local/lib/python3.7/site-packages/airflow/example_dags/example_latest_only.py for tasks to queue
[2022-01-03 13:23:26,091] {logging_mixin.py:109} INFO - [2022-01-03 13:23:26,091] {dagbag.py:500} INFO - Filling up the DagBag from /home/airflow/.local/lib/python3.7/site-packages/airflow/example_dags/example_latest_only.py
[2022-01-03 13:23:26,127] {processor.py:637} INFO - DAG(s) dict_keys(['latest_only']) retrieved from /home/airflow/.local/lib/python3.7/site-packages/airflow/example_dags/example_latest_only.py
[2022-01-03 13:23:26,145] {logging_mixin.py:109} INFO - [2022-01-03 13:23:26,145] {dag.py:2396} INFO - Sync 1 DAGs
[2022-01-03 13:23:26,166] {logging_mixin.py:109} INFO - [2022-01-03 13:23:26,166] {dag.py:2928} INFO - Setting next_dagrun for latest_only to 2022-01-03T09:23:26.166112+00:00
[2022-01-03 13:23:26,185] {processor.py:171} INFO - Processing /home/airflow/.local/lib/python3.7/site-packages/airflow/example_dags/example_latest_only.py took 0.102 seconds
[2022-01-03 13:23:56,390] {processor.py:163} INFO - Started process (PID=1133) to work on /home/airflow/.local/lib/python3.7/site-packages/airflow/example_dags/example_latest_only.py
[2022-01-03 13:23:56,392] {processor.py:625} INFO - Processing file /home/airflow/.local/lib/python3.7/site-packages/airflow/example_dags/example_latest_only.py for tasks to queue
[2022-01-03 13:23:56,393] {logging_mixin.py:109} INFO - [2022-01-03 13:23:56,392] {dagbag.py:500} INFO - Filling up the DagBag from /home/airflow/.local/lib/python3.7/site-packages/airflow/example_dags/example_latest_only.py
[2022-01-03 13:23:56,437] {processor.py:637} INFO - DAG(s) dict_keys(['latest_only']) retrieved from /home/airflow/.local/lib/python3.7/site-packages/airflow/example_dags/example_latest_only.py
[2022-01-03 13:23:56,454] {logging_mixin.py:109} INFO - [2022-01-03 13:23:56,454] {dag.py:2396} INFO - Sync 1 DAGs
[2022-01-03 13:23:56,482] {logging_mixin.py:109} INFO - [2022-01-03 13:23:56,482] {dag.py:2928} INFO - Setting next_dagrun for latest_only to 2022-01-03T09:23:56.482054+00:00
[2022-01-03 13:23:56,499] {processor.py:171} INFO - Processing /home/airflow/.local/lib/python3.7/site-packages/airflow/example_dags/example_latest_only.py took 0.114 seconds
[2022-01-03 13:24:27,052] {processor.py:163} INFO - Started process (PID=1185) to work on /home/airflow/.local/lib/python3.7/site-packages/airflow/example_dags/example_latest_only.py
[2022-01-03 13:24:27,054] {processor.py:625} INFO - Processing file /home/airflow/.local/lib/python3.7/site-packages/airflow/example_dags/example_latest_only.py for tasks to queue
[2022-01-03 13:24:27,054] {logging_mixin.py:109} INFO - [2022-01-03 13:24:27,054] {dagbag.py:500} INFO - Filling up the DagBag from /home/airflow/.local/lib/python3.7/site-packages/airflow/example_dags/example_latest_only.py
[2022-01-03 13:24:27,085] {processor.py:637} INFO - DAG(s) dict_keys(['latest_only']) retrieved from /home/airflow/.local/lib/python3.7/site-packages/airflow/example_dags/example_latest_only.py
[2022-01-03 13:24:27,098] {logging_mixin.py:109} INFO - [2022-01-03 13:24:27,097] {dag.py:2396} INFO - Sync 1 DAGs
[2022-01-03 13:24:27,118] {logging_mixin.py:109} INFO - [2022-01-03 13:24:27,118] {dag.py:2928} INFO - Setting next_dagrun for latest_only to 2022-01-03T09:24:27.118446+00:00
[2022-01-03 13:24:27,131] {processor.py:171} INFO - Processing /home/airflow/.local/lib/python3.7/site-packages/airflow/example_dags/example_latest_only.py took 0.082 seconds
[2022-01-03 13:24:57,553] {processor.py:163} INFO - Started process (PID=1245) to work on /home/airflow/.local/lib/python3.7/site-packages/airflow/example_dags/example_latest_only.py
[2022-01-03 13:24:57,555] {processor.py:625} INFO - Processing file /home/airflow/.local/lib/python3.7/site-packages/airflow/example_dags/example_latest_only.py for tasks to queue
[2022-01-03 13:24:57,556] {logging_mixin.py:109} INFO - [2022-01-03 13:24:57,556] {dagbag.py:500} INFO - Filling up the DagBag from /home/airflow/.local/lib/python3.7/site-packages/airflow/example_dags/example_latest_only.py
[2022-01-03 13:24:57,591] {processor.py:637} INFO - DAG(s) dict_keys(['latest_only']) retrieved from /home/airflow/.local/lib/python3.7/site-packages/airflow/example_dags/example_latest_only.py
[2022-01-03 13:24:57,604] {logging_mixin.py:109} INFO - [2022-01-03 13:24:57,604] {dag.py:2396} INFO - Sync 1 DAGs
[2022-01-03 13:24:57,628] {logging_mixin.py:109} INFO - [2022-01-03 13:24:57,628] {dag.py:2928} INFO - Setting next_dagrun for latest_only to 2022-01-03T09:24:57.628273+00:00
[2022-01-03 13:24:57,642] {processor.py:171} INFO - Processing /home/airflow/.local/lib/python3.7/site-packages/airflow/example_dags/example_latest_only.py took 0.093 seconds
[2022-01-03 13:25:27,682] {processor.py:163} INFO - Started process (PID=1296) to work on /home/airflow/.local/lib/python3.7/site-packages/airflow/example_dags/example_latest_only.py
[2022-01-03 13:25:27,684] {processor.py:625} INFO - Processing file /home/airflow/.local/lib/python3.7/site-packages/airflow/example_dags/example_latest_only.py for tasks to queue
[2022-01-03 13:25:27,685] {logging_mixin.py:109} INFO - [2022-01-03 13:25:27,685] {dagbag.py:500} INFO - Filling up the DagBag from /home/airflow/.local/lib/python3.7/site-packages/airflow/example_dags/example_latest_only.py
[2022-01-03 13:25:27,718] {processor.py:637} INFO - DAG(s) dict_keys(['latest_only']) retrieved from /home/airflow/.local/lib/python3.7/site-packages/airflow/example_dags/example_latest_only.py
[2022-01-03 13:25:27,732] {logging_mixin.py:109} INFO - [2022-01-03 13:25:27,732] {dag.py:2396} INFO - Sync 1 DAGs
[2022-01-03 13:25:27,757] {logging_mixin.py:109} INFO - [2022-01-03 13:25:27,757] {dag.py:2928} INFO - Setting next_dagrun for latest_only to 2022-01-03T09:25:27.756747+00:00
[2022-01-03 13:25:27,768] {processor.py:171} INFO - Processing /home/airflow/.local/lib/python3.7/site-packages/airflow/example_dags/example_latest_only.py took 0.089 seconds
[2022-01-03 13:25:58,103] {processor.py:163} INFO - Started process (PID=1354) to work on /home/airflow/.local/lib/python3.7/site-packages/airflow/example_dags/example_latest_only.py
[2022-01-03 13:25:58,110] {processor.py:625} INFO - Processing file /home/airflow/.local/lib/python3.7/site-packages/airflow/example_dags/example_latest_only.py for tasks to queue
[2022-01-03 13:25:58,111] {logging_mixin.py:109} INFO - [2022-01-03 13:25:58,111] {dagbag.py:500} INFO - Filling up the DagBag from /home/airflow/.local/lib/python3.7/site-packages/airflow/example_dags/example_latest_only.py
[2022-01-03 13:25:58,185] {processor.py:637} INFO - DAG(s) dict_keys(['latest_only']) retrieved from /home/airflow/.local/lib/python3.7/site-packages/airflow/example_dags/example_latest_only.py
[2022-01-03 13:25:58,200] {logging_mixin.py:109} INFO - [2022-01-03 13:25:58,200] {dag.py:2396} INFO - Sync 1 DAGs
[2022-01-03 13:25:58,226] {logging_mixin.py:109} INFO - [2022-01-03 13:25:58,226] {dag.py:2928} INFO - Setting next_dagrun for latest_only to 2022-01-03T09:25:58.226071+00:00
[2022-01-03 13:25:58,240] {processor.py:171} INFO - Processing /home/airflow/.local/lib/python3.7/site-packages/airflow/example_dags/example_latest_only.py took 0.141 seconds
[2022-01-03 13:26:29,016] {processor.py:163} INFO - Started process (PID=1404) to work on /home/airflow/.local/lib/python3.7/site-packages/airflow/example_dags/example_latest_only.py
[2022-01-03 13:26:29,018] {processor.py:625} INFO - Processing file /home/airflow/.local/lib/python3.7/site-packages/airflow/example_dags/example_latest_only.py for tasks to queue
[2022-01-03 13:26:29,019] {logging_mixin.py:109} INFO - [2022-01-03 13:26:29,018] {dagbag.py:500} INFO - Filling up the DagBag from /home/airflow/.local/lib/python3.7/site-packages/airflow/example_dags/example_latest_only.py
[2022-01-03 13:26:29,050] {processor.py:637} INFO - DAG(s) dict_keys(['latest_only']) retrieved from /home/airflow/.local/lib/python3.7/site-packages/airflow/example_dags/example_latest_only.py
[2022-01-03 13:26:29,066] {logging_mixin.py:109} INFO - [2022-01-03 13:26:29,066] {dag.py:2396} INFO - Sync 1 DAGs
[2022-01-03 13:26:29,100] {logging_mixin.py:109} INFO - [2022-01-03 13:26:29,100] {dag.py:2928} INFO - Setting next_dagrun for latest_only to 2022-01-03T09:26:29.099985+00:00
[2022-01-03 13:26:29,116] {processor.py:171} INFO - Processing /home/airflow/.local/lib/python3.7/site-packages/airflow/example_dags/example_latest_only.py took 0.103 seconds
[2022-01-03 13:26:59,311] {processor.py:163} INFO - Started process (PID=1464) to work on /home/airflow/.local/lib/python3.7/site-packages/airflow/example_dags/example_latest_only.py
[2022-01-03 13:26:59,318] {processor.py:625} INFO - Processing file /home/airflow/.local/lib/python3.7/site-packages/airflow/example_dags/example_latest_only.py for tasks to queue
[2022-01-03 13:26:59,319] {logging_mixin.py:109} INFO - [2022-01-03 13:26:59,319] {dagbag.py:500} INFO - Filling up the DagBag from /home/airflow/.local/lib/python3.7/site-packages/airflow/example_dags/example_latest_only.py
[2022-01-03 13:26:59,461] {processor.py:637} INFO - DAG(s) dict_keys(['latest_only']) retrieved from /home/airflow/.local/lib/python3.7/site-packages/airflow/example_dags/example_latest_only.py
[2022-01-03 13:26:59,514] {logging_mixin.py:109} INFO - [2022-01-03 13:26:59,514] {dag.py:2396} INFO - Sync 1 DAGs
[2022-01-03 13:26:59,618] {logging_mixin.py:109} INFO - [2022-01-03 13:26:59,618] {dag.py:2928} INFO - Setting next_dagrun for latest_only to 2022-01-03T09:26:59.618295+00:00
[2022-01-03 13:26:59,674] {processor.py:171} INFO - Processing /home/airflow/.local/lib/python3.7/site-packages/airflow/example_dags/example_latest_only.py took 0.392 seconds
[2022-01-03 13:27:29,988] {processor.py:163} INFO - Started process (PID=1515) to work on /home/airflow/.local/lib/python3.7/site-packages/airflow/example_dags/example_latest_only.py
[2022-01-03 13:27:29,989] {processor.py:625} INFO - Processing file /home/airflow/.local/lib/python3.7/site-packages/airflow/example_dags/example_latest_only.py for tasks to queue
[2022-01-03 13:27:29,990] {logging_mixin.py:109} INFO - [2022-01-03 13:27:29,990] {dagbag.py:500} INFO - Filling up the DagBag from /home/airflow/.local/lib/python3.7/site-packages/airflow/example_dags/example_latest_only.py
[2022-01-03 13:27:30,024] {processor.py:637} INFO - DAG(s) dict_keys(['latest_only']) retrieved from /home/airflow/.local/lib/python3.7/site-packages/airflow/example_dags/example_latest_only.py
[2022-01-03 13:27:30,039] {logging_mixin.py:109} INFO - [2022-01-03 13:27:30,039] {dag.py:2396} INFO - Sync 1 DAGs
[2022-01-03 13:27:30,063] {logging_mixin.py:109} INFO - [2022-01-03 13:27:30,063] {dag.py:2928} INFO - Setting next_dagrun for latest_only to 2022-01-03T09:27:30.063295+00:00
[2022-01-03 13:27:30,078] {processor.py:171} INFO - Processing /home/airflow/.local/lib/python3.7/site-packages/airflow/example_dags/example_latest_only.py took 0.094 seconds
[2022-01-03 13:28:01,235] {processor.py:163} INFO - Started process (PID=1566) to work on /home/airflow/.local/lib/python3.7/site-packages/airflow/example_dags/example_latest_only.py
[2022-01-03 13:28:01,240] {processor.py:625} INFO - Processing file /home/airflow/.local/lib/python3.7/site-packages/airflow/example_dags/example_latest_only.py for tasks to queue
[2022-01-03 13:28:01,241] {logging_mixin.py:109} INFO - [2022-01-03 13:28:01,241] {dagbag.py:500} INFO - Filling up the DagBag from /home/airflow/.local/lib/python3.7/site-packages/airflow/example_dags/example_latest_only.py
[2022-01-03 13:28:01,281] {processor.py:637} INFO - DAG(s) dict_keys(['latest_only']) retrieved from /home/airflow/.local/lib/python3.7/site-packages/airflow/example_dags/example_latest_only.py
[2022-01-03 13:28:01,295] {logging_mixin.py:109} INFO - [2022-01-03 13:28:01,295] {dag.py:2396} INFO - Sync 1 DAGs
[2022-01-03 13:28:01,335] {logging_mixin.py:109} INFO - [2022-01-03 13:28:01,335] {dag.py:2928} INFO - Setting next_dagrun for latest_only to 2022-01-03T09:28:01.334557+00:00
[2022-01-03 13:28:01,367] {processor.py:171} INFO - Processing /home/airflow/.local/lib/python3.7/site-packages/airflow/example_dags/example_latest_only.py took 0.152 seconds
[2022-01-03 13:28:31,503] {processor.py:163} INFO - Started process (PID=1621) to work on /home/airflow/.local/lib/python3.7/site-packages/airflow/example_dags/example_latest_only.py
[2022-01-03 13:28:31,512] {processor.py:625} INFO - Processing file /home/airflow/.local/lib/python3.7/site-packages/airflow/example_dags/example_latest_only.py for tasks to queue
[2022-01-03 13:28:31,513] {logging_mixin.py:109} INFO - [2022-01-03 13:28:31,513] {dagbag.py:500} INFO - Filling up the DagBag from /home/airflow/.local/lib/python3.7/site-packages/airflow/example_dags/example_latest_only.py
[2022-01-03 13:28:31,623] {processor.py:637} INFO - DAG(s) dict_keys(['latest_only']) retrieved from /home/airflow/.local/lib/python3.7/site-packages/airflow/example_dags/example_latest_only.py
[2022-01-03 13:28:31,666] {logging_mixin.py:109} INFO - [2022-01-03 13:28:31,666] {dag.py:2396} INFO - Sync 1 DAGs
[2022-01-03 13:28:31,751] {logging_mixin.py:109} INFO - [2022-01-03 13:28:31,750] {dag.py:2928} INFO - Setting next_dagrun for latest_only to 2022-01-03T09:28:31.750511+00:00
[2022-01-03 13:28:31,794] {processor.py:171} INFO - Processing /home/airflow/.local/lib/python3.7/site-packages/airflow/example_dags/example_latest_only.py took 0.302 seconds
[2022-01-03 13:29:02,166] {processor.py:163} INFO - Started process (PID=1674) to work on /home/airflow/.local/lib/python3.7/site-packages/airflow/example_dags/example_latest_only.py
[2022-01-03 13:29:02,171] {processor.py:625} INFO - Processing file /home/airflow/.local/lib/python3.7/site-packages/airflow/example_dags/example_latest_only.py for tasks to queue
[2022-01-03 13:29:02,172] {logging_mixin.py:109} INFO - [2022-01-03 13:29:02,172] {dagbag.py:500} INFO - Filling up the DagBag from /home/airflow/.local/lib/python3.7/site-packages/airflow/example_dags/example_latest_only.py
[2022-01-03 13:29:02,216] {processor.py:637} INFO - DAG(s) dict_keys(['latest_only']) retrieved from /home/airflow/.local/lib/python3.7/site-packages/airflow/example_dags/example_latest_only.py
[2022-01-03 13:29:02,231] {logging_mixin.py:109} INFO - [2022-01-03 13:29:02,231] {dag.py:2396} INFO - Sync 1 DAGs
[2022-01-03 13:29:02,267] {logging_mixin.py:109} INFO - [2022-01-03 13:29:02,267] {dag.py:2928} INFO - Setting next_dagrun for latest_only to 2022-01-03T09:29:02.267294+00:00
[2022-01-03 13:29:02,287] {processor.py:171} INFO - Processing /home/airflow/.local/lib/python3.7/site-packages/airflow/example_dags/example_latest_only.py took 0.126 seconds
[2022-01-03 13:29:32,833] {processor.py:163} INFO - Started process (PID=1725) to work on /home/airflow/.local/lib/python3.7/site-packages/airflow/example_dags/example_latest_only.py
[2022-01-03 13:29:32,834] {processor.py:625} INFO - Processing file /home/airflow/.local/lib/python3.7/site-packages/airflow/example_dags/example_latest_only.py for tasks to queue
[2022-01-03 13:29:32,835] {logging_mixin.py:109} INFO - [2022-01-03 13:29:32,834] {dagbag.py:500} INFO - Filling up the DagBag from /home/airflow/.local/lib/python3.7/site-packages/airflow/example_dags/example_latest_only.py
[2022-01-03 13:29:32,861] {processor.py:637} INFO - DAG(s) dict_keys(['latest_only']) retrieved from /home/airflow/.local/lib/python3.7/site-packages/airflow/example_dags/example_latest_only.py
[2022-01-03 13:29:32,874] {logging_mixin.py:109} INFO - [2022-01-03 13:29:32,874] {dag.py:2396} INFO - Sync 1 DAGs
[2022-01-03 13:29:32,897] {logging_mixin.py:109} INFO - [2022-01-03 13:29:32,897] {dag.py:2928} INFO - Setting next_dagrun for latest_only to 2022-01-03T09:29:32.896866+00:00
[2022-01-03 13:29:32,909] {processor.py:171} INFO - Processing /home/airflow/.local/lib/python3.7/site-packages/airflow/example_dags/example_latest_only.py took 0.082 seconds
[2022-01-03 13:30:03,856] {processor.py:163} INFO - Started process (PID=1784) to work on /home/airflow/.local/lib/python3.7/site-packages/airflow/example_dags/example_latest_only.py
[2022-01-03 13:30:03,858] {processor.py:625} INFO - Processing file /home/airflow/.local/lib/python3.7/site-packages/airflow/example_dags/example_latest_only.py for tasks to queue
[2022-01-03 13:30:03,859] {logging_mixin.py:109} INFO - [2022-01-03 13:30:03,859] {dagbag.py:500} INFO - Filling up the DagBag from /home/airflow/.local/lib/python3.7/site-packages/airflow/example_dags/example_latest_only.py
[2022-01-03 13:30:03,900] {processor.py:637} INFO - DAG(s) dict_keys(['latest_only']) retrieved from /home/airflow/.local/lib/python3.7/site-packages/airflow/example_dags/example_latest_only.py
[2022-01-03 13:30:03,915] {logging_mixin.py:109} INFO - [2022-01-03 13:30:03,915] {dag.py:2396} INFO - Sync 1 DAGs
[2022-01-03 13:30:03,934] {logging_mixin.py:109} INFO - [2022-01-03 13:30:03,934] {dag.py:2928} INFO - Setting next_dagrun for latest_only to 2022-01-03T09:30:03.933797+00:00
[2022-01-03 13:30:03,948] {processor.py:171} INFO - Processing /home/airflow/.local/lib/python3.7/site-packages/airflow/example_dags/example_latest_only.py took 0.099 seconds
[2022-01-03 13:30:34,880] {processor.py:163} INFO - Started process (PID=1839) to work on /home/airflow/.local/lib/python3.7/site-packages/airflow/example_dags/example_latest_only.py
[2022-01-03 13:30:34,881] {processor.py:625} INFO - Processing file /home/airflow/.local/lib/python3.7/site-packages/airflow/example_dags/example_latest_only.py for tasks to queue
[2022-01-03 13:30:34,882] {logging_mixin.py:109} INFO - [2022-01-03 13:30:34,882] {dagbag.py:500} INFO - Filling up the DagBag from /home/airflow/.local/lib/python3.7/site-packages/airflow/example_dags/example_latest_only.py
[2022-01-03 13:30:34,918] {processor.py:637} INFO - DAG(s) dict_keys(['latest_only']) retrieved from /home/airflow/.local/lib/python3.7/site-packages/airflow/example_dags/example_latest_only.py
[2022-01-03 13:30:34,942] {logging_mixin.py:109} INFO - [2022-01-03 13:30:34,942] {dag.py:2396} INFO - Sync 1 DAGs
[2022-01-03 13:30:34,978] {logging_mixin.py:109} INFO - [2022-01-03 13:30:34,978] {dag.py:2928} INFO - Setting next_dagrun for latest_only to 2022-01-03T09:30:34.978219+00:00
[2022-01-03 13:30:34,992] {processor.py:171} INFO - Processing /home/airflow/.local/lib/python3.7/site-packages/airflow/example_dags/example_latest_only.py took 0.116 seconds
[2022-01-03 13:31:05,583] {processor.py:163} INFO - Started process (PID=1892) to work on /home/airflow/.local/lib/python3.7/site-packages/airflow/example_dags/example_latest_only.py
[2022-01-03 13:31:05,584] {processor.py:625} INFO - Processing file /home/airflow/.local/lib/python3.7/site-packages/airflow/example_dags/example_latest_only.py for tasks to queue
[2022-01-03 13:31:05,585] {logging_mixin.py:109} INFO - [2022-01-03 13:31:05,584] {dagbag.py:500} INFO - Filling up the DagBag from /home/airflow/.local/lib/python3.7/site-packages/airflow/example_dags/example_latest_only.py
[2022-01-03 13:31:05,615] {processor.py:637} INFO - DAG(s) dict_keys(['latest_only']) retrieved from /home/airflow/.local/lib/python3.7/site-packages/airflow/example_dags/example_latest_only.py
[2022-01-03 13:31:05,630] {logging_mixin.py:109} INFO - [2022-01-03 13:31:05,630] {dag.py:2396} INFO - Sync 1 DAGs
[2022-01-03 13:31:05,653] {logging_mixin.py:109} INFO - [2022-01-03 13:31:05,653] {dag.py:2928} INFO - Setting next_dagrun for latest_only to 2022-01-03T09:31:05.652886+00:00
[2022-01-03 13:31:05,664] {processor.py:171} INFO - Processing /home/airflow/.local/lib/python3.7/site-packages/airflow/example_dags/example_latest_only.py took 0.085 seconds
[2022-01-03 13:31:35,827] {processor.py:163} INFO - Started process (PID=1943) to work on /home/airflow/.local/lib/python3.7/site-packages/airflow/example_dags/example_latest_only.py
[2022-01-03 13:31:35,828] {processor.py:625} INFO - Processing file /home/airflow/.local/lib/python3.7/site-packages/airflow/example_dags/example_latest_only.py for tasks to queue
[2022-01-03 13:31:35,829] {logging_mixin.py:109} INFO - [2022-01-03 13:31:35,829] {dagbag.py:500} INFO - Filling up the DagBag from /home/airflow/.local/lib/python3.7/site-packages/airflow/example_dags/example_latest_only.py
[2022-01-03 13:31:35,871] {processor.py:637} INFO - DAG(s) dict_keys(['latest_only']) retrieved from /home/airflow/.local/lib/python3.7/site-packages/airflow/example_dags/example_latest_only.py
[2022-01-03 13:31:35,887] {logging_mixin.py:109} INFO - [2022-01-03 13:31:35,887] {dag.py:2396} INFO - Sync 1 DAGs
[2022-01-03 13:31:35,913] {logging_mixin.py:109} INFO - [2022-01-03 13:31:35,913] {dag.py:2928} INFO - Setting next_dagrun for latest_only to 2022-01-03T09:31:35.913156+00:00
[2022-01-03 13:31:35,928] {processor.py:171} INFO - Processing /home/airflow/.local/lib/python3.7/site-packages/airflow/example_dags/example_latest_only.py took 0.105 seconds
[2022-01-03 13:37:47,349] {processor.py:163} INFO - Started process (PID=102) to work on /home/airflow/.local/lib/python3.7/site-packages/airflow/example_dags/example_latest_only.py
[2022-01-03 13:37:47,357] {processor.py:625} INFO - Processing file /home/airflow/.local/lib/python3.7/site-packages/airflow/example_dags/example_latest_only.py for tasks to queue
[2022-01-03 13:37:47,357] {logging_mixin.py:109} INFO - [2022-01-03 13:37:47,357] {dagbag.py:500} INFO - Filling up the DagBag from /home/airflow/.local/lib/python3.7/site-packages/airflow/example_dags/example_latest_only.py
[2022-01-03 13:37:47,460] {processor.py:637} INFO - DAG(s) dict_keys(['latest_only']) retrieved from /home/airflow/.local/lib/python3.7/site-packages/airflow/example_dags/example_latest_only.py
[2022-01-03 13:37:51,205] {logging_mixin.py:109} INFO - [2022-01-03 13:37:51,205] {providers_manager.py:156} WARNING - Exception when importing 'airflow.providers.google.leveldb.hooks.leveldb.LevelDBHook' from 'apache-airflow-providers-google' package: No module named 'plyvel'
[2022-01-03 13:37:52,750] {logging_mixin.py:109} INFO - [2022-01-03 13:37:52,750] {providers_manager.py:156} WARNING - Exception when importing 'airflow.providers.google.leveldb.hooks.leveldb.LevelDBHook' from 'apache-airflow-providers-google' package: No module named 'plyvel'
[2022-01-03 13:37:52,934] {logging_mixin.py:109} INFO - [2022-01-03 13:37:52,934] {manager.py:496} INFO - Created Permission View: can edit on DAG:latest_only
[2022-01-03 13:37:53,003] {logging_mixin.py:109} INFO - [2022-01-03 13:37:53,002] {manager.py:496} INFO - Created Permission View: can read on DAG:latest_only
[2022-01-03 13:37:53,013] {logging_mixin.py:109} INFO - [2022-01-03 13:37:53,003] {dag.py:2396} INFO - Sync 1 DAGs
[2022-01-03 13:37:53,078] {logging_mixin.py:109} INFO - [2022-01-03 13:37:53,078] {dag.py:2415} INFO - Creating ORM DAG for latest_only
[2022-01-03 13:37:53,136] {logging_mixin.py:109} INFO - [2022-01-03 13:37:53,132] {dag.py:2928} INFO - Setting next_dagrun for latest_only to 2022-01-03T09:37:53.131771+00:00
[2022-01-03 13:37:53,261] {processor.py:171} INFO - Processing /home/airflow/.local/lib/python3.7/site-packages/airflow/example_dags/example_latest_only.py took 5.924 seconds
[2022-01-03 13:38:34,406] {processor.py:163} INFO - Started process (PID=260) to work on /home/airflow/.local/lib/python3.7/site-packages/airflow/example_dags/example_latest_only.py
[2022-01-03 13:38:34,408] {processor.py:625} INFO - Processing file /home/airflow/.local/lib/python3.7/site-packages/airflow/example_dags/example_latest_only.py for tasks to queue
[2022-01-03 13:38:34,409] {logging_mixin.py:109} INFO - [2022-01-03 13:38:34,409] {dagbag.py:500} INFO - Filling up the DagBag from /home/airflow/.local/lib/python3.7/site-packages/airflow/example_dags/example_latest_only.py
[2022-01-03 13:38:34,526] {processor.py:637} INFO - DAG(s) dict_keys(['latest_only']) retrieved from /home/airflow/.local/lib/python3.7/site-packages/airflow/example_dags/example_latest_only.py
[2022-01-03 13:38:34,572] {logging_mixin.py:109} INFO - [2022-01-03 13:38:34,571] {dag.py:2396} INFO - Sync 1 DAGs
[2022-01-03 13:38:34,680] {logging_mixin.py:109} INFO - [2022-01-03 13:38:34,680] {dag.py:2928} INFO - Setting next_dagrun for latest_only to 2022-01-03T09:38:34.672459+00:00
[2022-01-03 13:38:34,729] {processor.py:171} INFO - Processing /home/airflow/.local/lib/python3.7/site-packages/airflow/example_dags/example_latest_only.py took 0.328 seconds
[2022-01-03 13:39:04,971] {processor.py:163} INFO - Started process (PID=309) to work on /home/airflow/.local/lib/python3.7/site-packages/airflow/example_dags/example_latest_only.py
[2022-01-03 13:39:04,973] {processor.py:625} INFO - Processing file /home/airflow/.local/lib/python3.7/site-packages/airflow/example_dags/example_latest_only.py for tasks to queue
[2022-01-03 13:39:04,974] {logging_mixin.py:109} INFO - [2022-01-03 13:39:04,973] {dagbag.py:500} INFO - Filling up the DagBag from /home/airflow/.local/lib/python3.7/site-packages/airflow/example_dags/example_latest_only.py
[2022-01-03 13:39:05,044] {processor.py:637} INFO - DAG(s) dict_keys(['latest_only']) retrieved from /home/airflow/.local/lib/python3.7/site-packages/airflow/example_dags/example_latest_only.py
[2022-01-03 13:39:05,078] {logging_mixin.py:109} INFO - [2022-01-03 13:39:05,078] {dag.py:2396} INFO - Sync 1 DAGs
[2022-01-03 13:39:05,148] {logging_mixin.py:109} INFO - [2022-01-03 13:39:05,148] {dag.py:2928} INFO - Setting next_dagrun for latest_only to 2022-01-03T09:39:05.148294+00:00
[2022-01-03 13:39:05,174] {processor.py:171} INFO - Processing /home/airflow/.local/lib/python3.7/site-packages/airflow/example_dags/example_latest_only.py took 0.207 seconds
[2022-01-03 13:42:41,976] {processor.py:163} INFO - Started process (PID=99) to work on /home/airflow/.local/lib/python3.7/site-packages/airflow/example_dags/example_latest_only.py
[2022-01-03 13:42:41,981] {processor.py:625} INFO - Processing file /home/airflow/.local/lib/python3.7/site-packages/airflow/example_dags/example_latest_only.py for tasks to queue
[2022-01-03 13:42:41,982] {logging_mixin.py:109} INFO - [2022-01-03 13:42:41,982] {dagbag.py:500} INFO - Filling up the DagBag from /home/airflow/.local/lib/python3.7/site-packages/airflow/example_dags/example_latest_only.py
[2022-01-03 13:42:42,066] {processor.py:637} INFO - DAG(s) dict_keys(['latest_only']) retrieved from /home/airflow/.local/lib/python3.7/site-packages/airflow/example_dags/example_latest_only.py
[2022-01-03 13:42:46,098] {logging_mixin.py:109} INFO - [2022-01-03 13:42:46,098] {providers_manager.py:156} WARNING - Exception when importing 'airflow.providers.google.leveldb.hooks.leveldb.LevelDBHook' from 'apache-airflow-providers-google' package: No module named 'plyvel'
[2022-01-03 13:42:46,883] {logging_mixin.py:109} INFO - [2022-01-03 13:42:46,883] {providers_manager.py:156} WARNING - Exception when importing 'airflow.providers.google.leveldb.hooks.leveldb.LevelDBHook' from 'apache-airflow-providers-google' package: No module named 'plyvel'
[2022-01-03 13:42:46,914] {logging_mixin.py:109} INFO - [2022-01-03 13:42:46,914] {manager.py:496} INFO - Created Permission View: can read on DAG:latest_only
[2022-01-03 13:42:46,928] {logging_mixin.py:109} INFO - [2022-01-03 13:42:46,928] {manager.py:496} INFO - Created Permission View: can edit on DAG:latest_only
[2022-01-03 13:42:46,931] {logging_mixin.py:109} INFO - [2022-01-03 13:42:46,928] {dag.py:2396} INFO - Sync 1 DAGs
[2022-01-03 13:42:46,942] {logging_mixin.py:109} INFO - [2022-01-03 13:42:46,941] {dag.py:2415} INFO - Creating ORM DAG for latest_only
[2022-01-03 13:42:46,955] {logging_mixin.py:109} INFO - [2022-01-03 13:42:46,955] {dag.py:2928} INFO - Setting next_dagrun for latest_only to 2022-01-03T09:42:46.955142+00:00
[2022-01-03 13:42:46,976] {processor.py:171} INFO - Processing /home/airflow/.local/lib/python3.7/site-packages/airflow/example_dags/example_latest_only.py took 5.009 seconds
[2022-01-03 13:43:27,575] {processor.py:163} INFO - Started process (PID=248) to work on /home/airflow/.local/lib/python3.7/site-packages/airflow/example_dags/example_latest_only.py
[2022-01-03 13:43:27,576] {processor.py:625} INFO - Processing file /home/airflow/.local/lib/python3.7/site-packages/airflow/example_dags/example_latest_only.py for tasks to queue
[2022-01-03 13:43:27,577] {logging_mixin.py:109} INFO - [2022-01-03 13:43:27,577] {dagbag.py:500} INFO - Filling up the DagBag from /home/airflow/.local/lib/python3.7/site-packages/airflow/example_dags/example_latest_only.py
[2022-01-03 13:43:27,612] {processor.py:637} INFO - DAG(s) dict_keys(['latest_only']) retrieved from /home/airflow/.local/lib/python3.7/site-packages/airflow/example_dags/example_latest_only.py
[2022-01-03 13:43:27,625] {logging_mixin.py:109} INFO - [2022-01-03 13:43:27,625] {dag.py:2396} INFO - Sync 1 DAGs
[2022-01-03 13:43:27,651] {logging_mixin.py:109} INFO - [2022-01-03 13:43:27,650] {dag.py:2928} INFO - Setting next_dagrun for latest_only to 2022-01-03T09:43:27.650515+00:00
[2022-01-03 13:43:27,663] {processor.py:171} INFO - Processing /home/airflow/.local/lib/python3.7/site-packages/airflow/example_dags/example_latest_only.py took 0.093 seconds
[2022-01-03 13:43:58,702] {processor.py:163} INFO - Started process (PID=308) to work on /home/airflow/.local/lib/python3.7/site-packages/airflow/example_dags/example_latest_only.py
[2022-01-03 13:43:58,704] {processor.py:625} INFO - Processing file /home/airflow/.local/lib/python3.7/site-packages/airflow/example_dags/example_latest_only.py for tasks to queue
[2022-01-03 13:43:58,707] {logging_mixin.py:109} INFO - [2022-01-03 13:43:58,706] {dagbag.py:500} INFO - Filling up the DagBag from /home/airflow/.local/lib/python3.7/site-packages/airflow/example_dags/example_latest_only.py
[2022-01-03 13:43:58,790] {processor.py:637} INFO - DAG(s) dict_keys(['latest_only']) retrieved from /home/airflow/.local/lib/python3.7/site-packages/airflow/example_dags/example_latest_only.py
[2022-01-03 13:43:58,811] {logging_mixin.py:109} INFO - [2022-01-03 13:43:58,811] {dag.py:2396} INFO - Sync 1 DAGs
[2022-01-03 13:43:58,851] {logging_mixin.py:109} INFO - [2022-01-03 13:43:58,851] {dag.py:2928} INFO - Setting next_dagrun for latest_only to 2022-01-03T09:43:58.850692+00:00
[2022-01-03 13:43:58,868] {processor.py:171} INFO - Processing /home/airflow/.local/lib/python3.7/site-packages/airflow/example_dags/example_latest_only.py took 0.177 seconds
[2022-01-03 13:44:29,058] {processor.py:163} INFO - Started process (PID=358) to work on /home/airflow/.local/lib/python3.7/site-packages/airflow/example_dags/example_latest_only.py
[2022-01-03 13:44:29,059] {processor.py:625} INFO - Processing file /home/airflow/.local/lib/python3.7/site-packages/airflow/example_dags/example_latest_only.py for tasks to queue
[2022-01-03 13:44:29,060] {logging_mixin.py:109} INFO - [2022-01-03 13:44:29,060] {dagbag.py:500} INFO - Filling up the DagBag from /home/airflow/.local/lib/python3.7/site-packages/airflow/example_dags/example_latest_only.py
[2022-01-03 13:44:29,095] {processor.py:637} INFO - DAG(s) dict_keys(['latest_only']) retrieved from /home/airflow/.local/lib/python3.7/site-packages/airflow/example_dags/example_latest_only.py
[2022-01-03 13:44:29,111] {logging_mixin.py:109} INFO - [2022-01-03 13:44:29,111] {dag.py:2396} INFO - Sync 1 DAGs
[2022-01-03 13:44:29,135] {logging_mixin.py:109} INFO - [2022-01-03 13:44:29,135] {dag.py:2928} INFO - Setting next_dagrun for latest_only to 2022-01-03T09:44:29.134807+00:00
[2022-01-03 13:44:29,147] {processor.py:171} INFO - Processing /home/airflow/.local/lib/python3.7/site-packages/airflow/example_dags/example_latest_only.py took 0.092 seconds
[2022-01-03 13:44:59,581] {processor.py:163} INFO - Started process (PID=408) to work on /home/airflow/.local/lib/python3.7/site-packages/airflow/example_dags/example_latest_only.py
[2022-01-03 13:44:59,582] {processor.py:625} INFO - Processing file /home/airflow/.local/lib/python3.7/site-packages/airflow/example_dags/example_latest_only.py for tasks to queue
[2022-01-03 13:44:59,583] {logging_mixin.py:109} INFO - [2022-01-03 13:44:59,582] {dagbag.py:500} INFO - Filling up the DagBag from /home/airflow/.local/lib/python3.7/site-packages/airflow/example_dags/example_latest_only.py
[2022-01-03 13:44:59,611] {processor.py:637} INFO - DAG(s) dict_keys(['latest_only']) retrieved from /home/airflow/.local/lib/python3.7/site-packages/airflow/example_dags/example_latest_only.py
[2022-01-03 13:44:59,624] {logging_mixin.py:109} INFO - [2022-01-03 13:44:59,624] {dag.py:2396} INFO - Sync 1 DAGs
[2022-01-03 13:44:59,647] {logging_mixin.py:109} INFO - [2022-01-03 13:44:59,647] {dag.py:2928} INFO - Setting next_dagrun for latest_only to 2022-01-03T09:44:59.647372+00:00
[2022-01-03 13:44:59,659] {processor.py:171} INFO - Processing /home/airflow/.local/lib/python3.7/site-packages/airflow/example_dags/example_latest_only.py took 0.081 seconds
[2022-01-03 13:45:30,191] {processor.py:163} INFO - Started process (PID=460) to work on /home/airflow/.local/lib/python3.7/site-packages/airflow/example_dags/example_latest_only.py
[2022-01-03 13:45:30,192] {processor.py:625} INFO - Processing file /home/airflow/.local/lib/python3.7/site-packages/airflow/example_dags/example_latest_only.py for tasks to queue
[2022-01-03 13:45:30,193] {logging_mixin.py:109} INFO - [2022-01-03 13:45:30,193] {dagbag.py:500} INFO - Filling up the DagBag from /home/airflow/.local/lib/python3.7/site-packages/airflow/example_dags/example_latest_only.py
[2022-01-03 13:45:30,218] {processor.py:637} INFO - DAG(s) dict_keys(['latest_only']) retrieved from /home/airflow/.local/lib/python3.7/site-packages/airflow/example_dags/example_latest_only.py
[2022-01-03 13:45:30,230] {logging_mixin.py:109} INFO - [2022-01-03 13:45:30,230] {dag.py:2396} INFO - Sync 1 DAGs
[2022-01-03 13:45:30,258] {logging_mixin.py:109} INFO - [2022-01-03 13:45:30,258] {dag.py:2928} INFO - Setting next_dagrun for latest_only to 2022-01-03T09:45:30.257889+00:00
[2022-01-03 13:45:30,273] {processor.py:171} INFO - Processing /home/airflow/.local/lib/python3.7/site-packages/airflow/example_dags/example_latest_only.py took 0.085 seconds
[2022-01-03 13:46:00,946] {processor.py:163} INFO - Started process (PID=523) to work on /home/airflow/.local/lib/python3.7/site-packages/airflow/example_dags/example_latest_only.py
[2022-01-03 13:46:00,952] {processor.py:625} INFO - Processing file /home/airflow/.local/lib/python3.7/site-packages/airflow/example_dags/example_latest_only.py for tasks to queue
[2022-01-03 13:46:00,954] {logging_mixin.py:109} INFO - [2022-01-03 13:46:00,954] {dagbag.py:500} INFO - Filling up the DagBag from /home/airflow/.local/lib/python3.7/site-packages/airflow/example_dags/example_latest_only.py
[2022-01-03 13:46:01,114] {processor.py:637} INFO - DAG(s) dict_keys(['latest_only']) retrieved from /home/airflow/.local/lib/python3.7/site-packages/airflow/example_dags/example_latest_only.py
[2022-01-03 13:46:01,171] {logging_mixin.py:109} INFO - [2022-01-03 13:46:01,171] {dag.py:2396} INFO - Sync 1 DAGs
[2022-01-03 13:46:01,285] {logging_mixin.py:109} INFO - [2022-01-03 13:46:01,285] {dag.py:2928} INFO - Setting next_dagrun for latest_only to 2022-01-03T09:46:01.285441+00:00
[2022-01-03 13:46:01,326] {processor.py:171} INFO - Processing /home/airflow/.local/lib/python3.7/site-packages/airflow/example_dags/example_latest_only.py took 0.384 seconds
[2022-01-03 13:46:32,070] {processor.py:163} INFO - Started process (PID=574) to work on /home/airflow/.local/lib/python3.7/site-packages/airflow/example_dags/example_latest_only.py
[2022-01-03 13:46:32,071] {processor.py:625} INFO - Processing file /home/airflow/.local/lib/python3.7/site-packages/airflow/example_dags/example_latest_only.py for tasks to queue
[2022-01-03 13:46:32,072] {logging_mixin.py:109} INFO - [2022-01-03 13:46:32,072] {dagbag.py:500} INFO - Filling up the DagBag from /home/airflow/.local/lib/python3.7/site-packages/airflow/example_dags/example_latest_only.py
[2022-01-03 13:46:32,112] {processor.py:637} INFO - DAG(s) dict_keys(['latest_only']) retrieved from /home/airflow/.local/lib/python3.7/site-packages/airflow/example_dags/example_latest_only.py
[2022-01-03 13:46:32,126] {logging_mixin.py:109} INFO - [2022-01-03 13:46:32,126] {dag.py:2396} INFO - Sync 1 DAGs
[2022-01-03 13:46:32,154] {logging_mixin.py:109} INFO - [2022-01-03 13:46:32,154] {dag.py:2928} INFO - Setting next_dagrun for latest_only to 2022-01-03T09:46:32.153659+00:00
[2022-01-03 13:46:32,171] {processor.py:171} INFO - Processing /home/airflow/.local/lib/python3.7/site-packages/airflow/example_dags/example_latest_only.py took 0.105 seconds
