[2022-01-03 12:28:21,485] {processor.py:163} INFO - Started process (PID=160) to work on /home/airflow/.local/lib/python3.7/site-packages/airflow/example_dags/example_trigger_target_dag.py
[2022-01-03 12:28:21,488] {processor.py:625} INFO - Processing file /home/airflow/.local/lib/python3.7/site-packages/airflow/example_dags/example_trigger_target_dag.py for tasks to queue
[2022-01-03 12:28:21,489] {logging_mixin.py:109} INFO - [2022-01-03 12:28:21,488] {dagbag.py:500} INFO - Filling up the DagBag from /home/airflow/.local/lib/python3.7/site-packages/airflow/example_dags/example_trigger_target_dag.py
[2022-01-03 12:28:21,547] {processor.py:637} INFO - DAG(s) dict_keys(['example_trigger_target_dag']) retrieved from /home/airflow/.local/lib/python3.7/site-packages/airflow/example_dags/example_trigger_target_dag.py
[2022-01-03 12:28:24,255] {logging_mixin.py:109} INFO - [2022-01-03 12:28:24,255] {providers_manager.py:156} WARNING - Exception when importing 'airflow.providers.google.leveldb.hooks.leveldb.LevelDBHook' from 'apache-airflow-providers-google' package: No module named 'plyvel'
[2022-01-03 12:28:25,418] {logging_mixin.py:109} INFO - [2022-01-03 12:28:25,418] {providers_manager.py:156} WARNING - Exception when importing 'airflow.providers.google.leveldb.hooks.leveldb.LevelDBHook' from 'apache-airflow-providers-google' package: No module named 'plyvel'
[2022-01-03 12:28:25,478] {logging_mixin.py:109} INFO - [2022-01-03 12:28:25,478] {manager.py:496} INFO - Created Permission View: can read on DAG:example_trigger_target_dag
[2022-01-03 12:28:25,513] {logging_mixin.py:109} INFO - [2022-01-03 12:28:25,513] {manager.py:496} INFO - Created Permission View: can edit on DAG:example_trigger_target_dag
[2022-01-03 12:28:25,514] {logging_mixin.py:109} INFO - [2022-01-03 12:28:25,513] {dag.py:2396} INFO - Sync 1 DAGs
[2022-01-03 12:28:25,533] {logging_mixin.py:109} INFO - [2022-01-03 12:28:25,532] {dag.py:2415} INFO - Creating ORM DAG for example_trigger_target_dag
[2022-01-03 12:28:25,557] {logging_mixin.py:109} INFO - [2022-01-03 12:28:25,557] {dag.py:2928} INFO - Setting next_dagrun for example_trigger_target_dag to None
[2022-01-03 12:28:25,591] {processor.py:171} INFO - Processing /home/airflow/.local/lib/python3.7/site-packages/airflow/example_dags/example_trigger_target_dag.py took 4.112 seconds
[2022-01-03 12:29:01,125] {processor.py:163} INFO - Started process (PID=279) to work on /home/airflow/.local/lib/python3.7/site-packages/airflow/example_dags/example_trigger_target_dag.py
[2022-01-03 12:29:01,131] {processor.py:625} INFO - Processing file /home/airflow/.local/lib/python3.7/site-packages/airflow/example_dags/example_trigger_target_dag.py for tasks to queue
[2022-01-03 12:29:01,132] {logging_mixin.py:109} INFO - [2022-01-03 12:29:01,132] {dagbag.py:500} INFO - Filling up the DagBag from /home/airflow/.local/lib/python3.7/site-packages/airflow/example_dags/example_trigger_target_dag.py
[2022-01-03 12:29:01,210] {processor.py:637} INFO - DAG(s) dict_keys(['example_trigger_target_dag']) retrieved from /home/airflow/.local/lib/python3.7/site-packages/airflow/example_dags/example_trigger_target_dag.py
[2022-01-03 12:29:01,227] {logging_mixin.py:109} INFO - [2022-01-03 12:29:01,227] {dag.py:2396} INFO - Sync 1 DAGs
[2022-01-03 12:29:01,271] {logging_mixin.py:109} INFO - [2022-01-03 12:29:01,271] {dag.py:2928} INFO - Setting next_dagrun for example_trigger_target_dag to None
[2022-01-03 12:29:01,290] {processor.py:171} INFO - Processing /home/airflow/.local/lib/python3.7/site-packages/airflow/example_dags/example_trigger_target_dag.py took 0.169 seconds
[2022-01-03 12:29:31,624] {processor.py:163} INFO - Started process (PID=330) to work on /home/airflow/.local/lib/python3.7/site-packages/airflow/example_dags/example_trigger_target_dag.py
[2022-01-03 12:29:31,628] {processor.py:625} INFO - Processing file /home/airflow/.local/lib/python3.7/site-packages/airflow/example_dags/example_trigger_target_dag.py for tasks to queue
[2022-01-03 12:29:31,629] {logging_mixin.py:109} INFO - [2022-01-03 12:29:31,629] {dagbag.py:500} INFO - Filling up the DagBag from /home/airflow/.local/lib/python3.7/site-packages/airflow/example_dags/example_trigger_target_dag.py
[2022-01-03 12:29:31,702] {processor.py:637} INFO - DAG(s) dict_keys(['example_trigger_target_dag']) retrieved from /home/airflow/.local/lib/python3.7/site-packages/airflow/example_dags/example_trigger_target_dag.py
[2022-01-03 12:29:31,736] {logging_mixin.py:109} INFO - [2022-01-03 12:29:31,736] {dag.py:2396} INFO - Sync 1 DAGs
[2022-01-03 12:29:31,767] {logging_mixin.py:109} INFO - [2022-01-03 12:29:31,767] {dag.py:2928} INFO - Setting next_dagrun for example_trigger_target_dag to None
[2022-01-03 12:29:31,782] {processor.py:171} INFO - Processing /home/airflow/.local/lib/python3.7/site-packages/airflow/example_dags/example_trigger_target_dag.py took 0.162 seconds
[2022-01-03 12:30:02,326] {processor.py:163} INFO - Started process (PID=382) to work on /home/airflow/.local/lib/python3.7/site-packages/airflow/example_dags/example_trigger_target_dag.py
[2022-01-03 12:30:02,329] {processor.py:625} INFO - Processing file /home/airflow/.local/lib/python3.7/site-packages/airflow/example_dags/example_trigger_target_dag.py for tasks to queue
[2022-01-03 12:30:02,330] {logging_mixin.py:109} INFO - [2022-01-03 12:30:02,330] {dagbag.py:500} INFO - Filling up the DagBag from /home/airflow/.local/lib/python3.7/site-packages/airflow/example_dags/example_trigger_target_dag.py
[2022-01-03 12:30:02,376] {processor.py:637} INFO - DAG(s) dict_keys(['example_trigger_target_dag']) retrieved from /home/airflow/.local/lib/python3.7/site-packages/airflow/example_dags/example_trigger_target_dag.py
[2022-01-03 12:30:02,388] {logging_mixin.py:109} INFO - [2022-01-03 12:30:02,388] {dag.py:2396} INFO - Sync 1 DAGs
[2022-01-03 12:30:02,415] {logging_mixin.py:109} INFO - [2022-01-03 12:30:02,415] {dag.py:2928} INFO - Setting next_dagrun for example_trigger_target_dag to None
[2022-01-03 12:30:02,431] {processor.py:171} INFO - Processing /home/airflow/.local/lib/python3.7/site-packages/airflow/example_dags/example_trigger_target_dag.py took 0.111 seconds
[2022-01-03 12:30:33,253] {processor.py:163} INFO - Started process (PID=435) to work on /home/airflow/.local/lib/python3.7/site-packages/airflow/example_dags/example_trigger_target_dag.py
[2022-01-03 12:30:33,254] {processor.py:625} INFO - Processing file /home/airflow/.local/lib/python3.7/site-packages/airflow/example_dags/example_trigger_target_dag.py for tasks to queue
[2022-01-03 12:30:33,255] {logging_mixin.py:109} INFO - [2022-01-03 12:30:33,255] {dagbag.py:500} INFO - Filling up the DagBag from /home/airflow/.local/lib/python3.7/site-packages/airflow/example_dags/example_trigger_target_dag.py
[2022-01-03 12:30:33,296] {processor.py:637} INFO - DAG(s) dict_keys(['example_trigger_target_dag']) retrieved from /home/airflow/.local/lib/python3.7/site-packages/airflow/example_dags/example_trigger_target_dag.py
[2022-01-03 12:30:33,309] {logging_mixin.py:109} INFO - [2022-01-03 12:30:33,308] {dag.py:2396} INFO - Sync 1 DAGs
[2022-01-03 12:30:33,343] {logging_mixin.py:109} INFO - [2022-01-03 12:30:33,343] {dag.py:2928} INFO - Setting next_dagrun for example_trigger_target_dag to None
[2022-01-03 12:30:33,357] {processor.py:171} INFO - Processing /home/airflow/.local/lib/python3.7/site-packages/airflow/example_dags/example_trigger_target_dag.py took 0.109 seconds
[2022-01-03 12:31:06,137] {processor.py:163} INFO - Started process (PID=485) to work on /home/airflow/.local/lib/python3.7/site-packages/airflow/example_dags/example_trigger_target_dag.py
[2022-01-03 12:31:06,142] {processor.py:625} INFO - Processing file /home/airflow/.local/lib/python3.7/site-packages/airflow/example_dags/example_trigger_target_dag.py for tasks to queue
[2022-01-03 12:31:06,143] {logging_mixin.py:109} INFO - [2022-01-03 12:31:06,143] {dagbag.py:500} INFO - Filling up the DagBag from /home/airflow/.local/lib/python3.7/site-packages/airflow/example_dags/example_trigger_target_dag.py
[2022-01-03 12:31:06,280] {processor.py:637} INFO - DAG(s) dict_keys(['example_trigger_target_dag']) retrieved from /home/airflow/.local/lib/python3.7/site-packages/airflow/example_dags/example_trigger_target_dag.py
[2022-01-03 12:31:06,308] {logging_mixin.py:109} INFO - [2022-01-03 12:31:06,308] {dag.py:2396} INFO - Sync 1 DAGs
[2022-01-03 12:31:06,383] {logging_mixin.py:109} INFO - [2022-01-03 12:31:06,382] {dag.py:2928} INFO - Setting next_dagrun for example_trigger_target_dag to None
[2022-01-03 12:31:06,450] {processor.py:171} INFO - Processing /home/airflow/.local/lib/python3.7/site-packages/airflow/example_dags/example_trigger_target_dag.py took 0.328 seconds
[2022-01-03 12:31:37,821] {processor.py:163} INFO - Started process (PID=538) to work on /home/airflow/.local/lib/python3.7/site-packages/airflow/example_dags/example_trigger_target_dag.py
[2022-01-03 12:31:37,839] {processor.py:625} INFO - Processing file /home/airflow/.local/lib/python3.7/site-packages/airflow/example_dags/example_trigger_target_dag.py for tasks to queue
[2022-01-03 12:31:37,840] {logging_mixin.py:109} INFO - [2022-01-03 12:31:37,840] {dagbag.py:500} INFO - Filling up the DagBag from /home/airflow/.local/lib/python3.7/site-packages/airflow/example_dags/example_trigger_target_dag.py
[2022-01-03 12:31:38,219] {processor.py:637} INFO - DAG(s) dict_keys(['example_trigger_target_dag']) retrieved from /home/airflow/.local/lib/python3.7/site-packages/airflow/example_dags/example_trigger_target_dag.py
[2022-01-03 12:31:38,291] {logging_mixin.py:109} INFO - [2022-01-03 12:31:38,291] {dag.py:2396} INFO - Sync 1 DAGs
[2022-01-03 12:31:38,431] {logging_mixin.py:109} INFO - [2022-01-03 12:31:38,431] {dag.py:2928} INFO - Setting next_dagrun for example_trigger_target_dag to None
[2022-01-03 12:31:38,486] {processor.py:171} INFO - Processing /home/airflow/.local/lib/python3.7/site-packages/airflow/example_dags/example_trigger_target_dag.py took 0.736 seconds
[2022-01-03 12:32:08,776] {processor.py:163} INFO - Started process (PID=593) to work on /home/airflow/.local/lib/python3.7/site-packages/airflow/example_dags/example_trigger_target_dag.py
[2022-01-03 12:32:08,778] {processor.py:625} INFO - Processing file /home/airflow/.local/lib/python3.7/site-packages/airflow/example_dags/example_trigger_target_dag.py for tasks to queue
[2022-01-03 12:32:08,778] {logging_mixin.py:109} INFO - [2022-01-03 12:32:08,778] {dagbag.py:500} INFO - Filling up the DagBag from /home/airflow/.local/lib/python3.7/site-packages/airflow/example_dags/example_trigger_target_dag.py
[2022-01-03 12:32:08,816] {processor.py:637} INFO - DAG(s) dict_keys(['example_trigger_target_dag']) retrieved from /home/airflow/.local/lib/python3.7/site-packages/airflow/example_dags/example_trigger_target_dag.py
[2022-01-03 12:32:08,828] {logging_mixin.py:109} INFO - [2022-01-03 12:32:08,828] {dag.py:2396} INFO - Sync 1 DAGs
[2022-01-03 12:32:08,853] {logging_mixin.py:109} INFO - [2022-01-03 12:32:08,853] {dag.py:2928} INFO - Setting next_dagrun for example_trigger_target_dag to None
[2022-01-03 12:32:08,863] {processor.py:171} INFO - Processing /home/airflow/.local/lib/python3.7/site-packages/airflow/example_dags/example_trigger_target_dag.py took 0.090 seconds
[2022-01-03 13:13:45,798] {processor.py:163} INFO - Started process (PID=64) to work on /home/airflow/.local/lib/python3.7/site-packages/airflow/example_dags/example_trigger_target_dag.py
[2022-01-03 13:13:45,806] {processor.py:625} INFO - Processing file /home/airflow/.local/lib/python3.7/site-packages/airflow/example_dags/example_trigger_target_dag.py for tasks to queue
[2022-01-03 13:13:45,807] {logging_mixin.py:109} INFO - [2022-01-03 13:13:45,807] {dagbag.py:500} INFO - Filling up the DagBag from /home/airflow/.local/lib/python3.7/site-packages/airflow/example_dags/example_trigger_target_dag.py
[2022-01-03 13:13:45,888] {processor.py:637} INFO - DAG(s) dict_keys(['example_trigger_target_dag']) retrieved from /home/airflow/.local/lib/python3.7/site-packages/airflow/example_dags/example_trigger_target_dag.py
[2022-01-03 13:13:45,917] {logging_mixin.py:109} INFO - [2022-01-03 13:13:45,917] {dag.py:2396} INFO - Sync 1 DAGs
[2022-01-03 13:13:45,967] {logging_mixin.py:109} INFO - [2022-01-03 13:13:45,967] {dag.py:2928} INFO - Setting next_dagrun for example_trigger_target_dag to None
[2022-01-03 13:13:45,993] {processor.py:171} INFO - Processing /home/airflow/.local/lib/python3.7/site-packages/airflow/example_dags/example_trigger_target_dag.py took 0.199 seconds
[2022-01-03 13:14:16,437] {processor.py:163} INFO - Started process (PID=121) to work on /home/airflow/.local/lib/python3.7/site-packages/airflow/example_dags/example_trigger_target_dag.py
[2022-01-03 13:14:16,442] {processor.py:625} INFO - Processing file /home/airflow/.local/lib/python3.7/site-packages/airflow/example_dags/example_trigger_target_dag.py for tasks to queue
[2022-01-03 13:14:16,443] {logging_mixin.py:109} INFO - [2022-01-03 13:14:16,443] {dagbag.py:500} INFO - Filling up the DagBag from /home/airflow/.local/lib/python3.7/site-packages/airflow/example_dags/example_trigger_target_dag.py
[2022-01-03 13:14:16,493] {processor.py:637} INFO - DAG(s) dict_keys(['example_trigger_target_dag']) retrieved from /home/airflow/.local/lib/python3.7/site-packages/airflow/example_dags/example_trigger_target_dag.py
[2022-01-03 13:14:16,515] {logging_mixin.py:109} INFO - [2022-01-03 13:14:16,515] {dag.py:2396} INFO - Sync 1 DAGs
[2022-01-03 13:14:16,549] {logging_mixin.py:109} INFO - [2022-01-03 13:14:16,549] {dag.py:2928} INFO - Setting next_dagrun for example_trigger_target_dag to None
[2022-01-03 13:14:16,566] {processor.py:171} INFO - Processing /home/airflow/.local/lib/python3.7/site-packages/airflow/example_dags/example_trigger_target_dag.py took 0.132 seconds
[2022-01-03 13:14:47,344] {processor.py:163} INFO - Started process (PID=175) to work on /home/airflow/.local/lib/python3.7/site-packages/airflow/example_dags/example_trigger_target_dag.py
[2022-01-03 13:14:47,346] {processor.py:625} INFO - Processing file /home/airflow/.local/lib/python3.7/site-packages/airflow/example_dags/example_trigger_target_dag.py for tasks to queue
[2022-01-03 13:14:47,347] {logging_mixin.py:109} INFO - [2022-01-03 13:14:47,346] {dagbag.py:500} INFO - Filling up the DagBag from /home/airflow/.local/lib/python3.7/site-packages/airflow/example_dags/example_trigger_target_dag.py
[2022-01-03 13:14:47,382] {processor.py:637} INFO - DAG(s) dict_keys(['example_trigger_target_dag']) retrieved from /home/airflow/.local/lib/python3.7/site-packages/airflow/example_dags/example_trigger_target_dag.py
[2022-01-03 13:14:47,395] {logging_mixin.py:109} INFO - [2022-01-03 13:14:47,394] {dag.py:2396} INFO - Sync 1 DAGs
[2022-01-03 13:14:47,417] {logging_mixin.py:109} INFO - [2022-01-03 13:14:47,417] {dag.py:2928} INFO - Setting next_dagrun for example_trigger_target_dag to None
[2022-01-03 13:14:47,427] {processor.py:171} INFO - Processing /home/airflow/.local/lib/python3.7/site-packages/airflow/example_dags/example_trigger_target_dag.py took 0.086 seconds
[2022-01-03 13:15:18,373] {processor.py:163} INFO - Started process (PID=227) to work on /home/airflow/.local/lib/python3.7/site-packages/airflow/example_dags/example_trigger_target_dag.py
[2022-01-03 13:15:18,374] {processor.py:625} INFO - Processing file /home/airflow/.local/lib/python3.7/site-packages/airflow/example_dags/example_trigger_target_dag.py for tasks to queue
[2022-01-03 13:15:18,375] {logging_mixin.py:109} INFO - [2022-01-03 13:15:18,375] {dagbag.py:500} INFO - Filling up the DagBag from /home/airflow/.local/lib/python3.7/site-packages/airflow/example_dags/example_trigger_target_dag.py
[2022-01-03 13:15:18,422] {processor.py:637} INFO - DAG(s) dict_keys(['example_trigger_target_dag']) retrieved from /home/airflow/.local/lib/python3.7/site-packages/airflow/example_dags/example_trigger_target_dag.py
[2022-01-03 13:15:18,436] {logging_mixin.py:109} INFO - [2022-01-03 13:15:18,436] {dag.py:2396} INFO - Sync 1 DAGs
[2022-01-03 13:15:18,462] {logging_mixin.py:109} INFO - [2022-01-03 13:15:18,461] {dag.py:2928} INFO - Setting next_dagrun for example_trigger_target_dag to None
[2022-01-03 13:15:18,475] {processor.py:171} INFO - Processing /home/airflow/.local/lib/python3.7/site-packages/airflow/example_dags/example_trigger_target_dag.py took 0.106 seconds
[2022-01-03 13:15:49,395] {processor.py:163} INFO - Started process (PID=294) to work on /home/airflow/.local/lib/python3.7/site-packages/airflow/example_dags/example_trigger_target_dag.py
[2022-01-03 13:15:49,396] {processor.py:625} INFO - Processing file /home/airflow/.local/lib/python3.7/site-packages/airflow/example_dags/example_trigger_target_dag.py for tasks to queue
[2022-01-03 13:15:49,397] {logging_mixin.py:109} INFO - [2022-01-03 13:15:49,397] {dagbag.py:500} INFO - Filling up the DagBag from /home/airflow/.local/lib/python3.7/site-packages/airflow/example_dags/example_trigger_target_dag.py
[2022-01-03 13:15:49,437] {processor.py:637} INFO - DAG(s) dict_keys(['example_trigger_target_dag']) retrieved from /home/airflow/.local/lib/python3.7/site-packages/airflow/example_dags/example_trigger_target_dag.py
[2022-01-03 13:15:49,449] {logging_mixin.py:109} INFO - [2022-01-03 13:15:49,449] {dag.py:2396} INFO - Sync 1 DAGs
[2022-01-03 13:15:49,478] {logging_mixin.py:109} INFO - [2022-01-03 13:15:49,478] {dag.py:2928} INFO - Setting next_dagrun for example_trigger_target_dag to None
[2022-01-03 13:15:49,491] {processor.py:171} INFO - Processing /home/airflow/.local/lib/python3.7/site-packages/airflow/example_dags/example_trigger_target_dag.py took 0.101 seconds
[2022-01-03 13:16:20,055] {processor.py:163} INFO - Started process (PID=350) to work on /home/airflow/.local/lib/python3.7/site-packages/airflow/example_dags/example_trigger_target_dag.py
[2022-01-03 13:16:20,056] {processor.py:625} INFO - Processing file /home/airflow/.local/lib/python3.7/site-packages/airflow/example_dags/example_trigger_target_dag.py for tasks to queue
[2022-01-03 13:16:20,057] {logging_mixin.py:109} INFO - [2022-01-03 13:16:20,057] {dagbag.py:500} INFO - Filling up the DagBag from /home/airflow/.local/lib/python3.7/site-packages/airflow/example_dags/example_trigger_target_dag.py
[2022-01-03 13:16:20,091] {processor.py:637} INFO - DAG(s) dict_keys(['example_trigger_target_dag']) retrieved from /home/airflow/.local/lib/python3.7/site-packages/airflow/example_dags/example_trigger_target_dag.py
[2022-01-03 13:16:20,103] {logging_mixin.py:109} INFO - [2022-01-03 13:16:20,103] {dag.py:2396} INFO - Sync 1 DAGs
[2022-01-03 13:16:20,121] {logging_mixin.py:109} INFO - [2022-01-03 13:16:20,121] {dag.py:2928} INFO - Setting next_dagrun for example_trigger_target_dag to None
[2022-01-03 13:16:20,132] {processor.py:171} INFO - Processing /home/airflow/.local/lib/python3.7/site-packages/airflow/example_dags/example_trigger_target_dag.py took 0.080 seconds
[2022-01-03 13:16:50,256] {processor.py:163} INFO - Started process (PID=400) to work on /home/airflow/.local/lib/python3.7/site-packages/airflow/example_dags/example_trigger_target_dag.py
[2022-01-03 13:16:50,260] {processor.py:625} INFO - Processing file /home/airflow/.local/lib/python3.7/site-packages/airflow/example_dags/example_trigger_target_dag.py for tasks to queue
[2022-01-03 13:16:50,263] {logging_mixin.py:109} INFO - [2022-01-03 13:16:50,263] {dagbag.py:500} INFO - Filling up the DagBag from /home/airflow/.local/lib/python3.7/site-packages/airflow/example_dags/example_trigger_target_dag.py
[2022-01-03 13:16:50,303] {processor.py:637} INFO - DAG(s) dict_keys(['example_trigger_target_dag']) retrieved from /home/airflow/.local/lib/python3.7/site-packages/airflow/example_dags/example_trigger_target_dag.py
[2022-01-03 13:16:50,315] {logging_mixin.py:109} INFO - [2022-01-03 13:16:50,315] {dag.py:2396} INFO - Sync 1 DAGs
[2022-01-03 13:16:50,339] {logging_mixin.py:109} INFO - [2022-01-03 13:16:50,339] {dag.py:2928} INFO - Setting next_dagrun for example_trigger_target_dag to None
[2022-01-03 13:16:50,351] {processor.py:171} INFO - Processing /home/airflow/.local/lib/python3.7/site-packages/airflow/example_dags/example_trigger_target_dag.py took 0.100 seconds
[2022-01-03 13:17:20,468] {processor.py:163} INFO - Started process (PID=451) to work on /home/airflow/.local/lib/python3.7/site-packages/airflow/example_dags/example_trigger_target_dag.py
[2022-01-03 13:17:20,475] {processor.py:625} INFO - Processing file /home/airflow/.local/lib/python3.7/site-packages/airflow/example_dags/example_trigger_target_dag.py for tasks to queue
[2022-01-03 13:17:20,476] {logging_mixin.py:109} INFO - [2022-01-03 13:17:20,476] {dagbag.py:500} INFO - Filling up the DagBag from /home/airflow/.local/lib/python3.7/site-packages/airflow/example_dags/example_trigger_target_dag.py
[2022-01-03 13:17:20,535] {processor.py:637} INFO - DAG(s) dict_keys(['example_trigger_target_dag']) retrieved from /home/airflow/.local/lib/python3.7/site-packages/airflow/example_dags/example_trigger_target_dag.py
[2022-01-03 13:17:20,553] {logging_mixin.py:109} INFO - [2022-01-03 13:17:20,553] {dag.py:2396} INFO - Sync 1 DAGs
[2022-01-03 13:17:20,581] {logging_mixin.py:109} INFO - [2022-01-03 13:17:20,581] {dag.py:2928} INFO - Setting next_dagrun for example_trigger_target_dag to None
[2022-01-03 13:17:20,603] {processor.py:171} INFO - Processing /home/airflow/.local/lib/python3.7/site-packages/airflow/example_dags/example_trigger_target_dag.py took 0.139 seconds
[2022-01-03 13:17:51,477] {processor.py:163} INFO - Started process (PID=504) to work on /home/airflow/.local/lib/python3.7/site-packages/airflow/example_dags/example_trigger_target_dag.py
[2022-01-03 13:17:51,479] {processor.py:625} INFO - Processing file /home/airflow/.local/lib/python3.7/site-packages/airflow/example_dags/example_trigger_target_dag.py for tasks to queue
[2022-01-03 13:17:51,479] {logging_mixin.py:109} INFO - [2022-01-03 13:17:51,479] {dagbag.py:500} INFO - Filling up the DagBag from /home/airflow/.local/lib/python3.7/site-packages/airflow/example_dags/example_trigger_target_dag.py
[2022-01-03 13:17:51,516] {processor.py:637} INFO - DAG(s) dict_keys(['example_trigger_target_dag']) retrieved from /home/airflow/.local/lib/python3.7/site-packages/airflow/example_dags/example_trigger_target_dag.py
[2022-01-03 13:17:51,535] {logging_mixin.py:109} INFO - [2022-01-03 13:17:51,534] {dag.py:2396} INFO - Sync 1 DAGs
[2022-01-03 13:17:51,560] {logging_mixin.py:109} INFO - [2022-01-03 13:17:51,560] {dag.py:2928} INFO - Setting next_dagrun for example_trigger_target_dag to None
[2022-01-03 13:17:51,570] {processor.py:171} INFO - Processing /home/airflow/.local/lib/python3.7/site-packages/airflow/example_dags/example_trigger_target_dag.py took 0.096 seconds
[2022-01-03 13:18:22,000] {processor.py:163} INFO - Started process (PID=555) to work on /home/airflow/.local/lib/python3.7/site-packages/airflow/example_dags/example_trigger_target_dag.py
[2022-01-03 13:18:22,005] {processor.py:625} INFO - Processing file /home/airflow/.local/lib/python3.7/site-packages/airflow/example_dags/example_trigger_target_dag.py for tasks to queue
[2022-01-03 13:18:22,007] {logging_mixin.py:109} INFO - [2022-01-03 13:18:22,006] {dagbag.py:500} INFO - Filling up the DagBag from /home/airflow/.local/lib/python3.7/site-packages/airflow/example_dags/example_trigger_target_dag.py
[2022-01-03 13:18:22,070] {processor.py:637} INFO - DAG(s) dict_keys(['example_trigger_target_dag']) retrieved from /home/airflow/.local/lib/python3.7/site-packages/airflow/example_dags/example_trigger_target_dag.py
[2022-01-03 13:18:22,084] {logging_mixin.py:109} INFO - [2022-01-03 13:18:22,084] {dag.py:2396} INFO - Sync 1 DAGs
[2022-01-03 13:18:22,109] {logging_mixin.py:109} INFO - [2022-01-03 13:18:22,109] {dag.py:2928} INFO - Setting next_dagrun for example_trigger_target_dag to None
[2022-01-03 13:18:22,135] {processor.py:171} INFO - Processing /home/airflow/.local/lib/python3.7/site-packages/airflow/example_dags/example_trigger_target_dag.py took 0.149 seconds
[2022-01-03 13:18:52,379] {processor.py:163} INFO - Started process (PID=617) to work on /home/airflow/.local/lib/python3.7/site-packages/airflow/example_dags/example_trigger_target_dag.py
[2022-01-03 13:18:52,381] {processor.py:625} INFO - Processing file /home/airflow/.local/lib/python3.7/site-packages/airflow/example_dags/example_trigger_target_dag.py for tasks to queue
[2022-01-03 13:18:52,381] {logging_mixin.py:109} INFO - [2022-01-03 13:18:52,381] {dagbag.py:500} INFO - Filling up the DagBag from /home/airflow/.local/lib/python3.7/site-packages/airflow/example_dags/example_trigger_target_dag.py
[2022-01-03 13:18:52,415] {processor.py:637} INFO - DAG(s) dict_keys(['example_trigger_target_dag']) retrieved from /home/airflow/.local/lib/python3.7/site-packages/airflow/example_dags/example_trigger_target_dag.py
[2022-01-03 13:18:52,428] {logging_mixin.py:109} INFO - [2022-01-03 13:18:52,428] {dag.py:2396} INFO - Sync 1 DAGs
[2022-01-03 13:18:52,452] {logging_mixin.py:109} INFO - [2022-01-03 13:18:52,452] {dag.py:2928} INFO - Setting next_dagrun for example_trigger_target_dag to None
[2022-01-03 13:18:52,464] {processor.py:171} INFO - Processing /home/airflow/.local/lib/python3.7/site-packages/airflow/example_dags/example_trigger_target_dag.py took 0.089 seconds
[2022-01-03 13:19:22,886] {processor.py:163} INFO - Started process (PID=667) to work on /home/airflow/.local/lib/python3.7/site-packages/airflow/example_dags/example_trigger_target_dag.py
[2022-01-03 13:19:22,887] {processor.py:625} INFO - Processing file /home/airflow/.local/lib/python3.7/site-packages/airflow/example_dags/example_trigger_target_dag.py for tasks to queue
[2022-01-03 13:19:22,888] {logging_mixin.py:109} INFO - [2022-01-03 13:19:22,888] {dagbag.py:500} INFO - Filling up the DagBag from /home/airflow/.local/lib/python3.7/site-packages/airflow/example_dags/example_trigger_target_dag.py
[2022-01-03 13:19:22,925] {processor.py:637} INFO - DAG(s) dict_keys(['example_trigger_target_dag']) retrieved from /home/airflow/.local/lib/python3.7/site-packages/airflow/example_dags/example_trigger_target_dag.py
[2022-01-03 13:19:22,937] {logging_mixin.py:109} INFO - [2022-01-03 13:19:22,937] {dag.py:2396} INFO - Sync 1 DAGs
[2022-01-03 13:19:22,957] {logging_mixin.py:109} INFO - [2022-01-03 13:19:22,957] {dag.py:2928} INFO - Setting next_dagrun for example_trigger_target_dag to None
[2022-01-03 13:19:22,969] {processor.py:171} INFO - Processing /home/airflow/.local/lib/python3.7/site-packages/airflow/example_dags/example_trigger_target_dag.py took 0.086 seconds
[2022-01-03 13:19:53,693] {processor.py:163} INFO - Started process (PID=717) to work on /home/airflow/.local/lib/python3.7/site-packages/airflow/example_dags/example_trigger_target_dag.py
[2022-01-03 13:19:53,694] {processor.py:625} INFO - Processing file /home/airflow/.local/lib/python3.7/site-packages/airflow/example_dags/example_trigger_target_dag.py for tasks to queue
[2022-01-03 13:19:53,695] {logging_mixin.py:109} INFO - [2022-01-03 13:19:53,695] {dagbag.py:500} INFO - Filling up the DagBag from /home/airflow/.local/lib/python3.7/site-packages/airflow/example_dags/example_trigger_target_dag.py
[2022-01-03 13:19:53,736] {processor.py:637} INFO - DAG(s) dict_keys(['example_trigger_target_dag']) retrieved from /home/airflow/.local/lib/python3.7/site-packages/airflow/example_dags/example_trigger_target_dag.py
[2022-01-03 13:19:53,751] {logging_mixin.py:109} INFO - [2022-01-03 13:19:53,750] {dag.py:2396} INFO - Sync 1 DAGs
[2022-01-03 13:19:53,772] {logging_mixin.py:109} INFO - [2022-01-03 13:19:53,772] {dag.py:2928} INFO - Setting next_dagrun for example_trigger_target_dag to None
[2022-01-03 13:19:53,786] {processor.py:171} INFO - Processing /home/airflow/.local/lib/python3.7/site-packages/airflow/example_dags/example_trigger_target_dag.py took 0.097 seconds
[2022-01-03 13:20:24,668] {processor.py:163} INFO - Started process (PID=771) to work on /home/airflow/.local/lib/python3.7/site-packages/airflow/example_dags/example_trigger_target_dag.py
[2022-01-03 13:20:24,670] {processor.py:625} INFO - Processing file /home/airflow/.local/lib/python3.7/site-packages/airflow/example_dags/example_trigger_target_dag.py for tasks to queue
[2022-01-03 13:20:24,675] {logging_mixin.py:109} INFO - [2022-01-03 13:20:24,674] {dagbag.py:500} INFO - Filling up the DagBag from /home/airflow/.local/lib/python3.7/site-packages/airflow/example_dags/example_trigger_target_dag.py
[2022-01-03 13:20:24,737] {processor.py:637} INFO - DAG(s) dict_keys(['example_trigger_target_dag']) retrieved from /home/airflow/.local/lib/python3.7/site-packages/airflow/example_dags/example_trigger_target_dag.py
[2022-01-03 13:20:24,751] {logging_mixin.py:109} INFO - [2022-01-03 13:20:24,751] {dag.py:2396} INFO - Sync 1 DAGs
[2022-01-03 13:20:24,779] {logging_mixin.py:109} INFO - [2022-01-03 13:20:24,778] {dag.py:2928} INFO - Setting next_dagrun for example_trigger_target_dag to None
[2022-01-03 13:20:24,795] {processor.py:171} INFO - Processing /home/airflow/.local/lib/python3.7/site-packages/airflow/example_dags/example_trigger_target_dag.py took 0.133 seconds
[2022-01-03 13:20:55,181] {processor.py:163} INFO - Started process (PID=822) to work on /home/airflow/.local/lib/python3.7/site-packages/airflow/example_dags/example_trigger_target_dag.py
[2022-01-03 13:20:55,183] {processor.py:625} INFO - Processing file /home/airflow/.local/lib/python3.7/site-packages/airflow/example_dags/example_trigger_target_dag.py for tasks to queue
[2022-01-03 13:20:55,184] {logging_mixin.py:109} INFO - [2022-01-03 13:20:55,184] {dagbag.py:500} INFO - Filling up the DagBag from /home/airflow/.local/lib/python3.7/site-packages/airflow/example_dags/example_trigger_target_dag.py
[2022-01-03 13:20:55,256] {processor.py:637} INFO - DAG(s) dict_keys(['example_trigger_target_dag']) retrieved from /home/airflow/.local/lib/python3.7/site-packages/airflow/example_dags/example_trigger_target_dag.py
[2022-01-03 13:20:55,287] {logging_mixin.py:109} INFO - [2022-01-03 13:20:55,287] {dag.py:2396} INFO - Sync 1 DAGs
[2022-01-03 13:20:55,338] {logging_mixin.py:109} INFO - [2022-01-03 13:20:55,338] {dag.py:2928} INFO - Setting next_dagrun for example_trigger_target_dag to None
[2022-01-03 13:20:55,367] {processor.py:171} INFO - Processing /home/airflow/.local/lib/python3.7/site-packages/airflow/example_dags/example_trigger_target_dag.py took 0.192 seconds
[2022-01-03 13:21:25,966] {processor.py:163} INFO - Started process (PID=872) to work on /home/airflow/.local/lib/python3.7/site-packages/airflow/example_dags/example_trigger_target_dag.py
[2022-01-03 13:21:25,967] {processor.py:625} INFO - Processing file /home/airflow/.local/lib/python3.7/site-packages/airflow/example_dags/example_trigger_target_dag.py for tasks to queue
[2022-01-03 13:21:25,968] {logging_mixin.py:109} INFO - [2022-01-03 13:21:25,968] {dagbag.py:500} INFO - Filling up the DagBag from /home/airflow/.local/lib/python3.7/site-packages/airflow/example_dags/example_trigger_target_dag.py
[2022-01-03 13:21:26,115] {processor.py:637} INFO - DAG(s) dict_keys(['example_trigger_target_dag']) retrieved from /home/airflow/.local/lib/python3.7/site-packages/airflow/example_dags/example_trigger_target_dag.py
[2022-01-03 13:21:26,167] {logging_mixin.py:109} INFO - [2022-01-03 13:21:26,166] {dag.py:2396} INFO - Sync 1 DAGs
[2022-01-03 13:21:26,247] {logging_mixin.py:109} INFO - [2022-01-03 13:21:26,247] {dag.py:2928} INFO - Setting next_dagrun for example_trigger_target_dag to None
[2022-01-03 13:21:26,279] {processor.py:171} INFO - Processing /home/airflow/.local/lib/python3.7/site-packages/airflow/example_dags/example_trigger_target_dag.py took 0.318 seconds
[2022-01-03 13:21:56,767] {processor.py:163} INFO - Started process (PID=933) to work on /home/airflow/.local/lib/python3.7/site-packages/airflow/example_dags/example_trigger_target_dag.py
[2022-01-03 13:21:56,769] {processor.py:625} INFO - Processing file /home/airflow/.local/lib/python3.7/site-packages/airflow/example_dags/example_trigger_target_dag.py for tasks to queue
[2022-01-03 13:21:56,770] {logging_mixin.py:109} INFO - [2022-01-03 13:21:56,770] {dagbag.py:500} INFO - Filling up the DagBag from /home/airflow/.local/lib/python3.7/site-packages/airflow/example_dags/example_trigger_target_dag.py
[2022-01-03 13:21:56,809] {processor.py:637} INFO - DAG(s) dict_keys(['example_trigger_target_dag']) retrieved from /home/airflow/.local/lib/python3.7/site-packages/airflow/example_dags/example_trigger_target_dag.py
[2022-01-03 13:21:56,824] {logging_mixin.py:109} INFO - [2022-01-03 13:21:56,823] {dag.py:2396} INFO - Sync 1 DAGs
[2022-01-03 13:21:56,849] {logging_mixin.py:109} INFO - [2022-01-03 13:21:56,849] {dag.py:2928} INFO - Setting next_dagrun for example_trigger_target_dag to None
[2022-01-03 13:21:56,873] {processor.py:171} INFO - Processing /home/airflow/.local/lib/python3.7/site-packages/airflow/example_dags/example_trigger_target_dag.py took 0.109 seconds
[2022-01-03 13:22:27,401] {processor.py:163} INFO - Started process (PID=985) to work on /home/airflow/.local/lib/python3.7/site-packages/airflow/example_dags/example_trigger_target_dag.py
[2022-01-03 13:22:27,402] {processor.py:625} INFO - Processing file /home/airflow/.local/lib/python3.7/site-packages/airflow/example_dags/example_trigger_target_dag.py for tasks to queue
[2022-01-03 13:22:27,403] {logging_mixin.py:109} INFO - [2022-01-03 13:22:27,402] {dagbag.py:500} INFO - Filling up the DagBag from /home/airflow/.local/lib/python3.7/site-packages/airflow/example_dags/example_trigger_target_dag.py
[2022-01-03 13:22:27,442] {processor.py:637} INFO - DAG(s) dict_keys(['example_trigger_target_dag']) retrieved from /home/airflow/.local/lib/python3.7/site-packages/airflow/example_dags/example_trigger_target_dag.py
[2022-01-03 13:22:27,456] {logging_mixin.py:109} INFO - [2022-01-03 13:22:27,455] {dag.py:2396} INFO - Sync 1 DAGs
[2022-01-03 13:22:27,485] {logging_mixin.py:109} INFO - [2022-01-03 13:22:27,485] {dag.py:2928} INFO - Setting next_dagrun for example_trigger_target_dag to None
[2022-01-03 13:22:27,496] {processor.py:171} INFO - Processing /home/airflow/.local/lib/python3.7/site-packages/airflow/example_dags/example_trigger_target_dag.py took 0.099 seconds
[2022-01-03 13:22:58,517] {processor.py:163} INFO - Started process (PID=1038) to work on /home/airflow/.local/lib/python3.7/site-packages/airflow/example_dags/example_trigger_target_dag.py
[2022-01-03 13:22:58,519] {processor.py:625} INFO - Processing file /home/airflow/.local/lib/python3.7/site-packages/airflow/example_dags/example_trigger_target_dag.py for tasks to queue
[2022-01-03 13:22:58,519] {logging_mixin.py:109} INFO - [2022-01-03 13:22:58,519] {dagbag.py:500} INFO - Filling up the DagBag from /home/airflow/.local/lib/python3.7/site-packages/airflow/example_dags/example_trigger_target_dag.py
[2022-01-03 13:22:58,555] {processor.py:637} INFO - DAG(s) dict_keys(['example_trigger_target_dag']) retrieved from /home/airflow/.local/lib/python3.7/site-packages/airflow/example_dags/example_trigger_target_dag.py
[2022-01-03 13:22:58,565] {logging_mixin.py:109} INFO - [2022-01-03 13:22:58,565] {dag.py:2396} INFO - Sync 1 DAGs
[2022-01-03 13:22:58,588] {logging_mixin.py:109} INFO - [2022-01-03 13:22:58,588] {dag.py:2928} INFO - Setting next_dagrun for example_trigger_target_dag to None
[2022-01-03 13:22:58,598] {processor.py:171} INFO - Processing /home/airflow/.local/lib/python3.7/site-packages/airflow/example_dags/example_trigger_target_dag.py took 0.086 seconds
[2022-01-03 13:23:28,793] {processor.py:163} INFO - Started process (PID=1090) to work on /home/airflow/.local/lib/python3.7/site-packages/airflow/example_dags/example_trigger_target_dag.py
[2022-01-03 13:23:28,794] {processor.py:625} INFO - Processing file /home/airflow/.local/lib/python3.7/site-packages/airflow/example_dags/example_trigger_target_dag.py for tasks to queue
[2022-01-03 13:23:28,795] {logging_mixin.py:109} INFO - [2022-01-03 13:23:28,795] {dagbag.py:500} INFO - Filling up the DagBag from /home/airflow/.local/lib/python3.7/site-packages/airflow/example_dags/example_trigger_target_dag.py
[2022-01-03 13:23:28,825] {processor.py:637} INFO - DAG(s) dict_keys(['example_trigger_target_dag']) retrieved from /home/airflow/.local/lib/python3.7/site-packages/airflow/example_dags/example_trigger_target_dag.py
[2022-01-03 13:23:28,836] {logging_mixin.py:109} INFO - [2022-01-03 13:23:28,836] {dag.py:2396} INFO - Sync 1 DAGs
[2022-01-03 13:23:28,857] {logging_mixin.py:109} INFO - [2022-01-03 13:23:28,857] {dag.py:2928} INFO - Setting next_dagrun for example_trigger_target_dag to None
[2022-01-03 13:23:28,870] {processor.py:171} INFO - Processing /home/airflow/.local/lib/python3.7/site-packages/airflow/example_dags/example_trigger_target_dag.py took 0.080 seconds
[2022-01-03 13:23:59,008] {processor.py:163} INFO - Started process (PID=1140) to work on /home/airflow/.local/lib/python3.7/site-packages/airflow/example_dags/example_trigger_target_dag.py
[2022-01-03 13:23:59,010] {processor.py:625} INFO - Processing file /home/airflow/.local/lib/python3.7/site-packages/airflow/example_dags/example_trigger_target_dag.py for tasks to queue
[2022-01-03 13:23:59,011] {logging_mixin.py:109} INFO - [2022-01-03 13:23:59,011] {dagbag.py:500} INFO - Filling up the DagBag from /home/airflow/.local/lib/python3.7/site-packages/airflow/example_dags/example_trigger_target_dag.py
[2022-01-03 13:23:59,057] {processor.py:637} INFO - DAG(s) dict_keys(['example_trigger_target_dag']) retrieved from /home/airflow/.local/lib/python3.7/site-packages/airflow/example_dags/example_trigger_target_dag.py
[2022-01-03 13:23:59,071] {logging_mixin.py:109} INFO - [2022-01-03 13:23:59,071] {dag.py:2396} INFO - Sync 1 DAGs
[2022-01-03 13:23:59,100] {logging_mixin.py:109} INFO - [2022-01-03 13:23:59,100] {dag.py:2928} INFO - Setting next_dagrun for example_trigger_target_dag to None
[2022-01-03 13:23:59,128] {processor.py:171} INFO - Processing /home/airflow/.local/lib/python3.7/site-packages/airflow/example_dags/example_trigger_target_dag.py took 0.125 seconds
[2022-01-03 13:24:29,430] {processor.py:163} INFO - Started process (PID=1202) to work on /home/airflow/.local/lib/python3.7/site-packages/airflow/example_dags/example_trigger_target_dag.py
[2022-01-03 13:24:29,431] {processor.py:625} INFO - Processing file /home/airflow/.local/lib/python3.7/site-packages/airflow/example_dags/example_trigger_target_dag.py for tasks to queue
[2022-01-03 13:24:29,432] {logging_mixin.py:109} INFO - [2022-01-03 13:24:29,432] {dagbag.py:500} INFO - Filling up the DagBag from /home/airflow/.local/lib/python3.7/site-packages/airflow/example_dags/example_trigger_target_dag.py
[2022-01-03 13:24:29,474] {processor.py:637} INFO - DAG(s) dict_keys(['example_trigger_target_dag']) retrieved from /home/airflow/.local/lib/python3.7/site-packages/airflow/example_dags/example_trigger_target_dag.py
[2022-01-03 13:24:29,488] {logging_mixin.py:109} INFO - [2022-01-03 13:24:29,488] {dag.py:2396} INFO - Sync 1 DAGs
[2022-01-03 13:24:29,514] {logging_mixin.py:109} INFO - [2022-01-03 13:24:29,514] {dag.py:2928} INFO - Setting next_dagrun for example_trigger_target_dag to None
[2022-01-03 13:24:29,527] {processor.py:171} INFO - Processing /home/airflow/.local/lib/python3.7/site-packages/airflow/example_dags/example_trigger_target_dag.py took 0.101 seconds
[2022-01-03 13:24:59,980] {processor.py:163} INFO - Started process (PID=1252) to work on /home/airflow/.local/lib/python3.7/site-packages/airflow/example_dags/example_trigger_target_dag.py
[2022-01-03 13:24:59,982] {processor.py:625} INFO - Processing file /home/airflow/.local/lib/python3.7/site-packages/airflow/example_dags/example_trigger_target_dag.py for tasks to queue
[2022-01-03 13:24:59,982] {logging_mixin.py:109} INFO - [2022-01-03 13:24:59,982] {dagbag.py:500} INFO - Filling up the DagBag from /home/airflow/.local/lib/python3.7/site-packages/airflow/example_dags/example_trigger_target_dag.py
[2022-01-03 13:25:00,025] {processor.py:637} INFO - DAG(s) dict_keys(['example_trigger_target_dag']) retrieved from /home/airflow/.local/lib/python3.7/site-packages/airflow/example_dags/example_trigger_target_dag.py
[2022-01-03 13:25:00,039] {logging_mixin.py:109} INFO - [2022-01-03 13:25:00,038] {dag.py:2396} INFO - Sync 1 DAGs
[2022-01-03 13:25:00,064] {logging_mixin.py:109} INFO - [2022-01-03 13:25:00,064] {dag.py:2928} INFO - Setting next_dagrun for example_trigger_target_dag to None
[2022-01-03 13:25:00,075] {processor.py:171} INFO - Processing /home/airflow/.local/lib/python3.7/site-packages/airflow/example_dags/example_trigger_target_dag.py took 0.098 seconds
[2022-01-03 13:25:30,273] {processor.py:163} INFO - Started process (PID=1303) to work on /home/airflow/.local/lib/python3.7/site-packages/airflow/example_dags/example_trigger_target_dag.py
[2022-01-03 13:25:30,274] {processor.py:625} INFO - Processing file /home/airflow/.local/lib/python3.7/site-packages/airflow/example_dags/example_trigger_target_dag.py for tasks to queue
[2022-01-03 13:25:30,275] {logging_mixin.py:109} INFO - [2022-01-03 13:25:30,275] {dagbag.py:500} INFO - Filling up the DagBag from /home/airflow/.local/lib/python3.7/site-packages/airflow/example_dags/example_trigger_target_dag.py
[2022-01-03 13:25:30,321] {processor.py:637} INFO - DAG(s) dict_keys(['example_trigger_target_dag']) retrieved from /home/airflow/.local/lib/python3.7/site-packages/airflow/example_dags/example_trigger_target_dag.py
[2022-01-03 13:25:30,336] {logging_mixin.py:109} INFO - [2022-01-03 13:25:30,336] {dag.py:2396} INFO - Sync 1 DAGs
[2022-01-03 13:25:30,363] {logging_mixin.py:109} INFO - [2022-01-03 13:25:30,363] {dag.py:2928} INFO - Setting next_dagrun for example_trigger_target_dag to None
[2022-01-03 13:25:30,389] {processor.py:171} INFO - Processing /home/airflow/.local/lib/python3.7/site-packages/airflow/example_dags/example_trigger_target_dag.py took 0.121 seconds
[2022-01-03 13:26:00,677] {processor.py:163} INFO - Started process (PID=1361) to work on /home/airflow/.local/lib/python3.7/site-packages/airflow/example_dags/example_trigger_target_dag.py
[2022-01-03 13:26:00,682] {processor.py:625} INFO - Processing file /home/airflow/.local/lib/python3.7/site-packages/airflow/example_dags/example_trigger_target_dag.py for tasks to queue
[2022-01-03 13:26:00,683] {logging_mixin.py:109} INFO - [2022-01-03 13:26:00,683] {dagbag.py:500} INFO - Filling up the DagBag from /home/airflow/.local/lib/python3.7/site-packages/airflow/example_dags/example_trigger_target_dag.py
[2022-01-03 13:26:00,723] {processor.py:637} INFO - DAG(s) dict_keys(['example_trigger_target_dag']) retrieved from /home/airflow/.local/lib/python3.7/site-packages/airflow/example_dags/example_trigger_target_dag.py
[2022-01-03 13:26:00,737] {logging_mixin.py:109} INFO - [2022-01-03 13:26:00,736] {dag.py:2396} INFO - Sync 1 DAGs
[2022-01-03 13:26:00,761] {logging_mixin.py:109} INFO - [2022-01-03 13:26:00,761] {dag.py:2928} INFO - Setting next_dagrun for example_trigger_target_dag to None
[2022-01-03 13:26:00,772] {processor.py:171} INFO - Processing /home/airflow/.local/lib/python3.7/site-packages/airflow/example_dags/example_trigger_target_dag.py took 0.100 seconds
[2022-01-03 13:26:31,525] {processor.py:163} INFO - Started process (PID=1420) to work on /home/airflow/.local/lib/python3.7/site-packages/airflow/example_dags/example_trigger_target_dag.py
[2022-01-03 13:26:31,527] {processor.py:625} INFO - Processing file /home/airflow/.local/lib/python3.7/site-packages/airflow/example_dags/example_trigger_target_dag.py for tasks to queue
[2022-01-03 13:26:31,528] {logging_mixin.py:109} INFO - [2022-01-03 13:26:31,527] {dagbag.py:500} INFO - Filling up the DagBag from /home/airflow/.local/lib/python3.7/site-packages/airflow/example_dags/example_trigger_target_dag.py
[2022-01-03 13:26:31,588] {processor.py:637} INFO - DAG(s) dict_keys(['example_trigger_target_dag']) retrieved from /home/airflow/.local/lib/python3.7/site-packages/airflow/example_dags/example_trigger_target_dag.py
[2022-01-03 13:26:31,612] {logging_mixin.py:109} INFO - [2022-01-03 13:26:31,612] {dag.py:2396} INFO - Sync 1 DAGs
[2022-01-03 13:26:31,650] {logging_mixin.py:109} INFO - [2022-01-03 13:26:31,650] {dag.py:2928} INFO - Setting next_dagrun for example_trigger_target_dag to None
[2022-01-03 13:26:31,671] {processor.py:171} INFO - Processing /home/airflow/.local/lib/python3.7/site-packages/airflow/example_dags/example_trigger_target_dag.py took 0.152 seconds
[2022-01-03 13:27:02,567] {processor.py:163} INFO - Started process (PID=1471) to work on /home/airflow/.local/lib/python3.7/site-packages/airflow/example_dags/example_trigger_target_dag.py
[2022-01-03 13:27:02,571] {processor.py:625} INFO - Processing file /home/airflow/.local/lib/python3.7/site-packages/airflow/example_dags/example_trigger_target_dag.py for tasks to queue
[2022-01-03 13:27:02,572] {logging_mixin.py:109} INFO - [2022-01-03 13:27:02,571] {dagbag.py:500} INFO - Filling up the DagBag from /home/airflow/.local/lib/python3.7/site-packages/airflow/example_dags/example_trigger_target_dag.py
[2022-01-03 13:27:02,714] {processor.py:637} INFO - DAG(s) dict_keys(['example_trigger_target_dag']) retrieved from /home/airflow/.local/lib/python3.7/site-packages/airflow/example_dags/example_trigger_target_dag.py
[2022-01-03 13:27:02,751] {logging_mixin.py:109} INFO - [2022-01-03 13:27:02,751] {dag.py:2396} INFO - Sync 1 DAGs
[2022-01-03 13:27:02,824] {logging_mixin.py:109} INFO - [2022-01-03 13:27:02,824] {dag.py:2928} INFO - Setting next_dagrun for example_trigger_target_dag to None
[2022-01-03 13:27:02,870] {processor.py:171} INFO - Processing /home/airflow/.local/lib/python3.7/site-packages/airflow/example_dags/example_trigger_target_dag.py took 0.320 seconds
[2022-01-03 13:27:33,664] {processor.py:163} INFO - Started process (PID=1522) to work on /home/airflow/.local/lib/python3.7/site-packages/airflow/example_dags/example_trigger_target_dag.py
[2022-01-03 13:27:33,666] {processor.py:625} INFO - Processing file /home/airflow/.local/lib/python3.7/site-packages/airflow/example_dags/example_trigger_target_dag.py for tasks to queue
[2022-01-03 13:27:33,667] {logging_mixin.py:109} INFO - [2022-01-03 13:27:33,666] {dagbag.py:500} INFO - Filling up the DagBag from /home/airflow/.local/lib/python3.7/site-packages/airflow/example_dags/example_trigger_target_dag.py
[2022-01-03 13:27:33,722] {processor.py:637} INFO - DAG(s) dict_keys(['example_trigger_target_dag']) retrieved from /home/airflow/.local/lib/python3.7/site-packages/airflow/example_dags/example_trigger_target_dag.py
[2022-01-03 13:27:33,741] {logging_mixin.py:109} INFO - [2022-01-03 13:27:33,741] {dag.py:2396} INFO - Sync 1 DAGs
[2022-01-03 13:27:33,770] {logging_mixin.py:109} INFO - [2022-01-03 13:27:33,770] {dag.py:2928} INFO - Setting next_dagrun for example_trigger_target_dag to None
[2022-01-03 13:27:33,781] {processor.py:171} INFO - Processing /home/airflow/.local/lib/python3.7/site-packages/airflow/example_dags/example_trigger_target_dag.py took 0.129 seconds
[2022-01-03 13:28:04,677] {processor.py:163} INFO - Started process (PID=1573) to work on /home/airflow/.local/lib/python3.7/site-packages/airflow/example_dags/example_trigger_target_dag.py
[2022-01-03 13:28:04,679] {processor.py:625} INFO - Processing file /home/airflow/.local/lib/python3.7/site-packages/airflow/example_dags/example_trigger_target_dag.py for tasks to queue
[2022-01-03 13:28:04,680] {logging_mixin.py:109} INFO - [2022-01-03 13:28:04,680] {dagbag.py:500} INFO - Filling up the DagBag from /home/airflow/.local/lib/python3.7/site-packages/airflow/example_dags/example_trigger_target_dag.py
[2022-01-03 13:28:04,722] {processor.py:637} INFO - DAG(s) dict_keys(['example_trigger_target_dag']) retrieved from /home/airflow/.local/lib/python3.7/site-packages/airflow/example_dags/example_trigger_target_dag.py
[2022-01-03 13:28:04,736] {logging_mixin.py:109} INFO - [2022-01-03 13:28:04,736] {dag.py:2396} INFO - Sync 1 DAGs
[2022-01-03 13:28:04,775] {logging_mixin.py:109} INFO - [2022-01-03 13:28:04,775] {dag.py:2928} INFO - Setting next_dagrun for example_trigger_target_dag to None
[2022-01-03 13:28:04,790] {processor.py:171} INFO - Processing /home/airflow/.local/lib/python3.7/site-packages/airflow/example_dags/example_trigger_target_dag.py took 0.116 seconds
[2022-01-03 13:28:35,267] {processor.py:163} INFO - Started process (PID=1628) to work on /home/airflow/.local/lib/python3.7/site-packages/airflow/example_dags/example_trigger_target_dag.py
[2022-01-03 13:28:35,269] {processor.py:625} INFO - Processing file /home/airflow/.local/lib/python3.7/site-packages/airflow/example_dags/example_trigger_target_dag.py for tasks to queue
[2022-01-03 13:28:35,270] {logging_mixin.py:109} INFO - [2022-01-03 13:28:35,269] {dagbag.py:500} INFO - Filling up the DagBag from /home/airflow/.local/lib/python3.7/site-packages/airflow/example_dags/example_trigger_target_dag.py
[2022-01-03 13:28:35,309] {processor.py:637} INFO - DAG(s) dict_keys(['example_trigger_target_dag']) retrieved from /home/airflow/.local/lib/python3.7/site-packages/airflow/example_dags/example_trigger_target_dag.py
[2022-01-03 13:28:35,321] {logging_mixin.py:109} INFO - [2022-01-03 13:28:35,320] {dag.py:2396} INFO - Sync 1 DAGs
[2022-01-03 13:28:35,343] {logging_mixin.py:109} INFO - [2022-01-03 13:28:35,343] {dag.py:2928} INFO - Setting next_dagrun for example_trigger_target_dag to None
[2022-01-03 13:28:35,359] {processor.py:171} INFO - Processing /home/airflow/.local/lib/python3.7/site-packages/airflow/example_dags/example_trigger_target_dag.py took 0.095 seconds
[2022-01-03 13:29:05,816] {processor.py:163} INFO - Started process (PID=1681) to work on /home/airflow/.local/lib/python3.7/site-packages/airflow/example_dags/example_trigger_target_dag.py
[2022-01-03 13:29:05,817] {processor.py:625} INFO - Processing file /home/airflow/.local/lib/python3.7/site-packages/airflow/example_dags/example_trigger_target_dag.py for tasks to queue
[2022-01-03 13:29:05,818] {logging_mixin.py:109} INFO - [2022-01-03 13:29:05,817] {dagbag.py:500} INFO - Filling up the DagBag from /home/airflow/.local/lib/python3.7/site-packages/airflow/example_dags/example_trigger_target_dag.py
[2022-01-03 13:29:05,854] {processor.py:637} INFO - DAG(s) dict_keys(['example_trigger_target_dag']) retrieved from /home/airflow/.local/lib/python3.7/site-packages/airflow/example_dags/example_trigger_target_dag.py
[2022-01-03 13:29:05,868] {logging_mixin.py:109} INFO - [2022-01-03 13:29:05,867] {dag.py:2396} INFO - Sync 1 DAGs
[2022-01-03 13:29:05,887] {logging_mixin.py:109} INFO - [2022-01-03 13:29:05,887] {dag.py:2928} INFO - Setting next_dagrun for example_trigger_target_dag to None
[2022-01-03 13:29:05,898] {processor.py:171} INFO - Processing /home/airflow/.local/lib/python3.7/site-packages/airflow/example_dags/example_trigger_target_dag.py took 0.086 seconds
[2022-01-03 13:29:36,211] {processor.py:163} INFO - Started process (PID=1741) to work on /home/airflow/.local/lib/python3.7/site-packages/airflow/example_dags/example_trigger_target_dag.py
[2022-01-03 13:29:36,212] {processor.py:625} INFO - Processing file /home/airflow/.local/lib/python3.7/site-packages/airflow/example_dags/example_trigger_target_dag.py for tasks to queue
[2022-01-03 13:29:36,212] {logging_mixin.py:109} INFO - [2022-01-03 13:29:36,212] {dagbag.py:500} INFO - Filling up the DagBag from /home/airflow/.local/lib/python3.7/site-packages/airflow/example_dags/example_trigger_target_dag.py
[2022-01-03 13:29:36,268] {processor.py:637} INFO - DAG(s) dict_keys(['example_trigger_target_dag']) retrieved from /home/airflow/.local/lib/python3.7/site-packages/airflow/example_dags/example_trigger_target_dag.py
[2022-01-03 13:29:36,285] {logging_mixin.py:109} INFO - [2022-01-03 13:29:36,285] {dag.py:2396} INFO - Sync 1 DAGs
[2022-01-03 13:29:36,312] {logging_mixin.py:109} INFO - [2022-01-03 13:29:36,311] {dag.py:2928} INFO - Setting next_dagrun for example_trigger_target_dag to None
[2022-01-03 13:29:36,325] {processor.py:171} INFO - Processing /home/airflow/.local/lib/python3.7/site-packages/airflow/example_dags/example_trigger_target_dag.py took 0.118 seconds
[2022-01-03 13:30:07,299] {processor.py:163} INFO - Started process (PID=1791) to work on /home/airflow/.local/lib/python3.7/site-packages/airflow/example_dags/example_trigger_target_dag.py
[2022-01-03 13:30:07,300] {processor.py:625} INFO - Processing file /home/airflow/.local/lib/python3.7/site-packages/airflow/example_dags/example_trigger_target_dag.py for tasks to queue
[2022-01-03 13:30:07,301] {logging_mixin.py:109} INFO - [2022-01-03 13:30:07,301] {dagbag.py:500} INFO - Filling up the DagBag from /home/airflow/.local/lib/python3.7/site-packages/airflow/example_dags/example_trigger_target_dag.py
[2022-01-03 13:30:07,341] {processor.py:637} INFO - DAG(s) dict_keys(['example_trigger_target_dag']) retrieved from /home/airflow/.local/lib/python3.7/site-packages/airflow/example_dags/example_trigger_target_dag.py
[2022-01-03 13:30:07,360] {logging_mixin.py:109} INFO - [2022-01-03 13:30:07,360] {dag.py:2396} INFO - Sync 1 DAGs
[2022-01-03 13:30:07,387] {logging_mixin.py:109} INFO - [2022-01-03 13:30:07,387] {dag.py:2928} INFO - Setting next_dagrun for example_trigger_target_dag to None
[2022-01-03 13:30:07,401] {processor.py:171} INFO - Processing /home/airflow/.local/lib/python3.7/site-packages/airflow/example_dags/example_trigger_target_dag.py took 0.105 seconds
[2022-01-03 13:30:37,493] {processor.py:163} INFO - Started process (PID=1846) to work on /home/airflow/.local/lib/python3.7/site-packages/airflow/example_dags/example_trigger_target_dag.py
[2022-01-03 13:30:37,495] {processor.py:625} INFO - Processing file /home/airflow/.local/lib/python3.7/site-packages/airflow/example_dags/example_trigger_target_dag.py for tasks to queue
[2022-01-03 13:30:37,495] {logging_mixin.py:109} INFO - [2022-01-03 13:30:37,495] {dagbag.py:500} INFO - Filling up the DagBag from /home/airflow/.local/lib/python3.7/site-packages/airflow/example_dags/example_trigger_target_dag.py
[2022-01-03 13:30:37,531] {processor.py:637} INFO - DAG(s) dict_keys(['example_trigger_target_dag']) retrieved from /home/airflow/.local/lib/python3.7/site-packages/airflow/example_dags/example_trigger_target_dag.py
[2022-01-03 13:30:37,543] {logging_mixin.py:109} INFO - [2022-01-03 13:30:37,543] {dag.py:2396} INFO - Sync 1 DAGs
[2022-01-03 13:30:37,565] {logging_mixin.py:109} INFO - [2022-01-03 13:30:37,565] {dag.py:2928} INFO - Setting next_dagrun for example_trigger_target_dag to None
[2022-01-03 13:30:37,574] {processor.py:171} INFO - Processing /home/airflow/.local/lib/python3.7/site-packages/airflow/example_dags/example_trigger_target_dag.py took 0.084 seconds
[2022-01-03 13:31:08,156] {processor.py:163} INFO - Started process (PID=1899) to work on /home/airflow/.local/lib/python3.7/site-packages/airflow/example_dags/example_trigger_target_dag.py
[2022-01-03 13:31:08,158] {processor.py:625} INFO - Processing file /home/airflow/.local/lib/python3.7/site-packages/airflow/example_dags/example_trigger_target_dag.py for tasks to queue
[2022-01-03 13:31:08,159] {logging_mixin.py:109} INFO - [2022-01-03 13:31:08,158] {dagbag.py:500} INFO - Filling up the DagBag from /home/airflow/.local/lib/python3.7/site-packages/airflow/example_dags/example_trigger_target_dag.py
[2022-01-03 13:31:08,201] {processor.py:637} INFO - DAG(s) dict_keys(['example_trigger_target_dag']) retrieved from /home/airflow/.local/lib/python3.7/site-packages/airflow/example_dags/example_trigger_target_dag.py
[2022-01-03 13:31:08,215] {logging_mixin.py:109} INFO - [2022-01-03 13:31:08,215] {dag.py:2396} INFO - Sync 1 DAGs
[2022-01-03 13:31:08,243] {logging_mixin.py:109} INFO - [2022-01-03 13:31:08,243] {dag.py:2928} INFO - Setting next_dagrun for example_trigger_target_dag to None
[2022-01-03 13:31:08,256] {processor.py:171} INFO - Processing /home/airflow/.local/lib/python3.7/site-packages/airflow/example_dags/example_trigger_target_dag.py took 0.104 seconds
[2022-01-03 13:31:38,341] {processor.py:163} INFO - Started process (PID=1950) to work on /home/airflow/.local/lib/python3.7/site-packages/airflow/example_dags/example_trigger_target_dag.py
[2022-01-03 13:31:38,342] {processor.py:625} INFO - Processing file /home/airflow/.local/lib/python3.7/site-packages/airflow/example_dags/example_trigger_target_dag.py for tasks to queue
[2022-01-03 13:31:38,343] {logging_mixin.py:109} INFO - [2022-01-03 13:31:38,343] {dagbag.py:500} INFO - Filling up the DagBag from /home/airflow/.local/lib/python3.7/site-packages/airflow/example_dags/example_trigger_target_dag.py
[2022-01-03 13:31:38,388] {processor.py:637} INFO - DAG(s) dict_keys(['example_trigger_target_dag']) retrieved from /home/airflow/.local/lib/python3.7/site-packages/airflow/example_dags/example_trigger_target_dag.py
[2022-01-03 13:31:38,406] {logging_mixin.py:109} INFO - [2022-01-03 13:31:38,406] {dag.py:2396} INFO - Sync 1 DAGs
[2022-01-03 13:31:38,439] {logging_mixin.py:109} INFO - [2022-01-03 13:31:38,439] {dag.py:2928} INFO - Setting next_dagrun for example_trigger_target_dag to None
[2022-01-03 13:31:38,454] {processor.py:171} INFO - Processing /home/airflow/.local/lib/python3.7/site-packages/airflow/example_dags/example_trigger_target_dag.py took 0.118 seconds
[2022-01-03 13:38:05,480] {processor.py:163} INFO - Started process (PID=152) to work on /home/airflow/.local/lib/python3.7/site-packages/airflow/example_dags/example_trigger_target_dag.py
[2022-01-03 13:38:05,481] {processor.py:625} INFO - Processing file /home/airflow/.local/lib/python3.7/site-packages/airflow/example_dags/example_trigger_target_dag.py for tasks to queue
[2022-01-03 13:38:05,482] {logging_mixin.py:109} INFO - [2022-01-03 13:38:05,482] {dagbag.py:500} INFO - Filling up the DagBag from /home/airflow/.local/lib/python3.7/site-packages/airflow/example_dags/example_trigger_target_dag.py
[2022-01-03 13:38:05,516] {processor.py:637} INFO - DAG(s) dict_keys(['example_trigger_target_dag']) retrieved from /home/airflow/.local/lib/python3.7/site-packages/airflow/example_dags/example_trigger_target_dag.py
[2022-01-03 13:38:07,419] {logging_mixin.py:109} INFO - [2022-01-03 13:38:07,419] {providers_manager.py:156} WARNING - Exception when importing 'airflow.providers.google.leveldb.hooks.leveldb.LevelDBHook' from 'apache-airflow-providers-google' package: No module named 'plyvel'
[2022-01-03 13:38:08,183] {logging_mixin.py:109} INFO - [2022-01-03 13:38:08,183] {providers_manager.py:156} WARNING - Exception when importing 'airflow.providers.google.leveldb.hooks.leveldb.LevelDBHook' from 'apache-airflow-providers-google' package: No module named 'plyvel'
[2022-01-03 13:38:08,219] {logging_mixin.py:109} INFO - [2022-01-03 13:38:08,219] {manager.py:496} INFO - Created Permission View: can edit on DAG:example_trigger_target_dag
[2022-01-03 13:38:08,245] {logging_mixin.py:109} INFO - [2022-01-03 13:38:08,245] {manager.py:496} INFO - Created Permission View: can read on DAG:example_trigger_target_dag
[2022-01-03 13:38:08,249] {logging_mixin.py:109} INFO - [2022-01-03 13:38:08,245] {dag.py:2396} INFO - Sync 1 DAGs
[2022-01-03 13:38:08,260] {logging_mixin.py:109} INFO - [2022-01-03 13:38:08,259] {dag.py:2415} INFO - Creating ORM DAG for example_trigger_target_dag
[2022-01-03 13:38:08,270] {logging_mixin.py:109} INFO - [2022-01-03 13:38:08,270] {dag.py:2928} INFO - Setting next_dagrun for example_trigger_target_dag to None
[2022-01-03 13:38:08,290] {processor.py:171} INFO - Processing /home/airflow/.local/lib/python3.7/site-packages/airflow/example_dags/example_trigger_target_dag.py took 2.813 seconds
[2022-01-03 13:38:38,349] {processor.py:163} INFO - Started process (PID=268) to work on /home/airflow/.local/lib/python3.7/site-packages/airflow/example_dags/example_trigger_target_dag.py
[2022-01-03 13:38:38,355] {processor.py:625} INFO - Processing file /home/airflow/.local/lib/python3.7/site-packages/airflow/example_dags/example_trigger_target_dag.py for tasks to queue
[2022-01-03 13:38:38,356] {logging_mixin.py:109} INFO - [2022-01-03 13:38:38,355] {dagbag.py:500} INFO - Filling up the DagBag from /home/airflow/.local/lib/python3.7/site-packages/airflow/example_dags/example_trigger_target_dag.py
[2022-01-03 13:38:38,388] {processor.py:637} INFO - DAG(s) dict_keys(['example_trigger_target_dag']) retrieved from /home/airflow/.local/lib/python3.7/site-packages/airflow/example_dags/example_trigger_target_dag.py
[2022-01-03 13:38:38,400] {logging_mixin.py:109} INFO - [2022-01-03 13:38:38,400] {dag.py:2396} INFO - Sync 1 DAGs
[2022-01-03 13:38:38,419] {logging_mixin.py:109} INFO - [2022-01-03 13:38:38,419] {dag.py:2928} INFO - Setting next_dagrun for example_trigger_target_dag to None
[2022-01-03 13:38:38,430] {processor.py:171} INFO - Processing /home/airflow/.local/lib/python3.7/site-packages/airflow/example_dags/example_trigger_target_dag.py took 0.085 seconds
[2022-01-03 13:39:08,771] {processor.py:163} INFO - Started process (PID=318) to work on /home/airflow/.local/lib/python3.7/site-packages/airflow/example_dags/example_trigger_target_dag.py
[2022-01-03 13:39:08,772] {processor.py:625} INFO - Processing file /home/airflow/.local/lib/python3.7/site-packages/airflow/example_dags/example_trigger_target_dag.py for tasks to queue
[2022-01-03 13:39:08,774] {logging_mixin.py:109} INFO - [2022-01-03 13:39:08,773] {dagbag.py:500} INFO - Filling up the DagBag from /home/airflow/.local/lib/python3.7/site-packages/airflow/example_dags/example_trigger_target_dag.py
[2022-01-03 13:39:08,824] {processor.py:637} INFO - DAG(s) dict_keys(['example_trigger_target_dag']) retrieved from /home/airflow/.local/lib/python3.7/site-packages/airflow/example_dags/example_trigger_target_dag.py
[2022-01-03 13:39:08,842] {logging_mixin.py:109} INFO - [2022-01-03 13:39:08,842] {dag.py:2396} INFO - Sync 1 DAGs
[2022-01-03 13:39:08,866] {logging_mixin.py:109} INFO - [2022-01-03 13:39:08,866] {dag.py:2928} INFO - Setting next_dagrun for example_trigger_target_dag to None
[2022-01-03 13:39:08,878] {processor.py:171} INFO - Processing /home/airflow/.local/lib/python3.7/site-packages/airflow/example_dags/example_trigger_target_dag.py took 0.112 seconds
[2022-01-03 13:42:58,075] {processor.py:163} INFO - Started process (PID=148) to work on /home/airflow/.local/lib/python3.7/site-packages/airflow/example_dags/example_trigger_target_dag.py
[2022-01-03 13:42:58,077] {processor.py:625} INFO - Processing file /home/airflow/.local/lib/python3.7/site-packages/airflow/example_dags/example_trigger_target_dag.py for tasks to queue
[2022-01-03 13:42:58,078] {logging_mixin.py:109} INFO - [2022-01-03 13:42:58,078] {dagbag.py:500} INFO - Filling up the DagBag from /home/airflow/.local/lib/python3.7/site-packages/airflow/example_dags/example_trigger_target_dag.py
[2022-01-03 13:42:58,129] {processor.py:637} INFO - DAG(s) dict_keys(['example_trigger_target_dag']) retrieved from /home/airflow/.local/lib/python3.7/site-packages/airflow/example_dags/example_trigger_target_dag.py
[2022-01-03 13:43:01,099] {logging_mixin.py:109} INFO - [2022-01-03 13:43:01,099] {providers_manager.py:156} WARNING - Exception when importing 'airflow.providers.google.leveldb.hooks.leveldb.LevelDBHook' from 'apache-airflow-providers-google' package: No module named 'plyvel'
[2022-01-03 13:43:01,930] {logging_mixin.py:109} INFO - [2022-01-03 13:43:01,930] {providers_manager.py:156} WARNING - Exception when importing 'airflow.providers.google.leveldb.hooks.leveldb.LevelDBHook' from 'apache-airflow-providers-google' package: No module named 'plyvel'
[2022-01-03 13:43:01,962] {logging_mixin.py:109} INFO - [2022-01-03 13:43:01,961] {manager.py:496} INFO - Created Permission View: can read on DAG:example_trigger_target_dag
[2022-01-03 13:43:01,974] {logging_mixin.py:109} INFO - [2022-01-03 13:43:01,974] {manager.py:496} INFO - Created Permission View: can edit on DAG:example_trigger_target_dag
[2022-01-03 13:43:01,978] {logging_mixin.py:109} INFO - [2022-01-03 13:43:01,974] {dag.py:2396} INFO - Sync 1 DAGs
[2022-01-03 13:43:01,993] {logging_mixin.py:109} INFO - [2022-01-03 13:43:01,992] {dag.py:2415} INFO - Creating ORM DAG for example_trigger_target_dag
[2022-01-03 13:43:02,005] {logging_mixin.py:109} INFO - [2022-01-03 13:43:02,005] {dag.py:2928} INFO - Setting next_dagrun for example_trigger_target_dag to None
[2022-01-03 13:43:02,023] {processor.py:171} INFO - Processing /home/airflow/.local/lib/python3.7/site-packages/airflow/example_dags/example_trigger_target_dag.py took 3.958 seconds
[2022-01-03 13:43:32,765] {processor.py:163} INFO - Started process (PID=266) to work on /home/airflow/.local/lib/python3.7/site-packages/airflow/example_dags/example_trigger_target_dag.py
[2022-01-03 13:43:32,771] {processor.py:625} INFO - Processing file /home/airflow/.local/lib/python3.7/site-packages/airflow/example_dags/example_trigger_target_dag.py for tasks to queue
[2022-01-03 13:43:32,772] {logging_mixin.py:109} INFO - [2022-01-03 13:43:32,772] {dagbag.py:500} INFO - Filling up the DagBag from /home/airflow/.local/lib/python3.7/site-packages/airflow/example_dags/example_trigger_target_dag.py
[2022-01-03 13:43:32,808] {processor.py:637} INFO - DAG(s) dict_keys(['example_trigger_target_dag']) retrieved from /home/airflow/.local/lib/python3.7/site-packages/airflow/example_dags/example_trigger_target_dag.py
[2022-01-03 13:43:32,823] {logging_mixin.py:109} INFO - [2022-01-03 13:43:32,823] {dag.py:2396} INFO - Sync 1 DAGs
[2022-01-03 13:43:32,845] {logging_mixin.py:109} INFO - [2022-01-03 13:43:32,845] {dag.py:2928} INFO - Setting next_dagrun for example_trigger_target_dag to None
[2022-01-03 13:43:32,854] {processor.py:171} INFO - Processing /home/airflow/.local/lib/python3.7/site-packages/airflow/example_dags/example_trigger_target_dag.py took 0.093 seconds
[2022-01-03 13:44:03,128] {processor.py:163} INFO - Started process (PID=317) to work on /home/airflow/.local/lib/python3.7/site-packages/airflow/example_dags/example_trigger_target_dag.py
[2022-01-03 13:44:03,131] {processor.py:625} INFO - Processing file /home/airflow/.local/lib/python3.7/site-packages/airflow/example_dags/example_trigger_target_dag.py for tasks to queue
[2022-01-03 13:44:03,134] {logging_mixin.py:109} INFO - [2022-01-03 13:44:03,133] {dagbag.py:500} INFO - Filling up the DagBag from /home/airflow/.local/lib/python3.7/site-packages/airflow/example_dags/example_trigger_target_dag.py
[2022-01-03 13:44:03,167] {processor.py:637} INFO - DAG(s) dict_keys(['example_trigger_target_dag']) retrieved from /home/airflow/.local/lib/python3.7/site-packages/airflow/example_dags/example_trigger_target_dag.py
[2022-01-03 13:44:03,176] {logging_mixin.py:109} INFO - [2022-01-03 13:44:03,176] {dag.py:2396} INFO - Sync 1 DAGs
[2022-01-03 13:44:03,193] {logging_mixin.py:109} INFO - [2022-01-03 13:44:03,193] {dag.py:2928} INFO - Setting next_dagrun for example_trigger_target_dag to None
[2022-01-03 13:44:03,202] {processor.py:171} INFO - Processing /home/airflow/.local/lib/python3.7/site-packages/airflow/example_dags/example_trigger_target_dag.py took 0.082 seconds
[2022-01-03 13:44:33,733] {processor.py:163} INFO - Started process (PID=367) to work on /home/airflow/.local/lib/python3.7/site-packages/airflow/example_dags/example_trigger_target_dag.py
[2022-01-03 13:44:33,739] {processor.py:625} INFO - Processing file /home/airflow/.local/lib/python3.7/site-packages/airflow/example_dags/example_trigger_target_dag.py for tasks to queue
[2022-01-03 13:44:33,740] {logging_mixin.py:109} INFO - [2022-01-03 13:44:33,739] {dagbag.py:500} INFO - Filling up the DagBag from /home/airflow/.local/lib/python3.7/site-packages/airflow/example_dags/example_trigger_target_dag.py
[2022-01-03 13:44:33,767] {processor.py:637} INFO - DAG(s) dict_keys(['example_trigger_target_dag']) retrieved from /home/airflow/.local/lib/python3.7/site-packages/airflow/example_dags/example_trigger_target_dag.py
[2022-01-03 13:44:33,778] {logging_mixin.py:109} INFO - [2022-01-03 13:44:33,778] {dag.py:2396} INFO - Sync 1 DAGs
[2022-01-03 13:44:33,796] {logging_mixin.py:109} INFO - [2022-01-03 13:44:33,796] {dag.py:2928} INFO - Setting next_dagrun for example_trigger_target_dag to None
[2022-01-03 13:44:33,806] {processor.py:171} INFO - Processing /home/airflow/.local/lib/python3.7/site-packages/airflow/example_dags/example_trigger_target_dag.py took 0.075 seconds
[2022-01-03 13:45:04,252] {processor.py:163} INFO - Started process (PID=417) to work on /home/airflow/.local/lib/python3.7/site-packages/airflow/example_dags/example_trigger_target_dag.py
[2022-01-03 13:45:04,253] {processor.py:625} INFO - Processing file /home/airflow/.local/lib/python3.7/site-packages/airflow/example_dags/example_trigger_target_dag.py for tasks to queue
[2022-01-03 13:45:04,253] {logging_mixin.py:109} INFO - [2022-01-03 13:45:04,253] {dagbag.py:500} INFO - Filling up the DagBag from /home/airflow/.local/lib/python3.7/site-packages/airflow/example_dags/example_trigger_target_dag.py
[2022-01-03 13:45:04,279] {processor.py:637} INFO - DAG(s) dict_keys(['example_trigger_target_dag']) retrieved from /home/airflow/.local/lib/python3.7/site-packages/airflow/example_dags/example_trigger_target_dag.py
[2022-01-03 13:45:04,289] {logging_mixin.py:109} INFO - [2022-01-03 13:45:04,288] {dag.py:2396} INFO - Sync 1 DAGs
[2022-01-03 13:45:04,305] {logging_mixin.py:109} INFO - [2022-01-03 13:45:04,305] {dag.py:2928} INFO - Setting next_dagrun for example_trigger_target_dag to None
[2022-01-03 13:45:04,313] {processor.py:171} INFO - Processing /home/airflow/.local/lib/python3.7/site-packages/airflow/example_dags/example_trigger_target_dag.py took 0.065 seconds
[2022-01-03 13:45:34,797] {processor.py:163} INFO - Started process (PID=478) to work on /home/airflow/.local/lib/python3.7/site-packages/airflow/example_dags/example_trigger_target_dag.py
[2022-01-03 13:45:34,799] {processor.py:625} INFO - Processing file /home/airflow/.local/lib/python3.7/site-packages/airflow/example_dags/example_trigger_target_dag.py for tasks to queue
[2022-01-03 13:45:34,800] {logging_mixin.py:109} INFO - [2022-01-03 13:45:34,799] {dagbag.py:500} INFO - Filling up the DagBag from /home/airflow/.local/lib/python3.7/site-packages/airflow/example_dags/example_trigger_target_dag.py
[2022-01-03 13:45:34,840] {processor.py:637} INFO - DAG(s) dict_keys(['example_trigger_target_dag']) retrieved from /home/airflow/.local/lib/python3.7/site-packages/airflow/example_dags/example_trigger_target_dag.py
[2022-01-03 13:45:34,853] {logging_mixin.py:109} INFO - [2022-01-03 13:45:34,853] {dag.py:2396} INFO - Sync 1 DAGs
[2022-01-03 13:45:34,876] {logging_mixin.py:109} INFO - [2022-01-03 13:45:34,876] {dag.py:2928} INFO - Setting next_dagrun for example_trigger_target_dag to None
[2022-01-03 13:45:34,885] {processor.py:171} INFO - Processing /home/airflow/.local/lib/python3.7/site-packages/airflow/example_dags/example_trigger_target_dag.py took 0.092 seconds
[2022-01-03 13:46:05,340] {processor.py:163} INFO - Started process (PID=532) to work on /home/airflow/.local/lib/python3.7/site-packages/airflow/example_dags/example_trigger_target_dag.py
[2022-01-03 13:46:05,340] {processor.py:625} INFO - Processing file /home/airflow/.local/lib/python3.7/site-packages/airflow/example_dags/example_trigger_target_dag.py for tasks to queue
[2022-01-03 13:46:05,341] {logging_mixin.py:109} INFO - [2022-01-03 13:46:05,341] {dagbag.py:500} INFO - Filling up the DagBag from /home/airflow/.local/lib/python3.7/site-packages/airflow/example_dags/example_trigger_target_dag.py
[2022-01-03 13:46:05,363] {processor.py:637} INFO - DAG(s) dict_keys(['example_trigger_target_dag']) retrieved from /home/airflow/.local/lib/python3.7/site-packages/airflow/example_dags/example_trigger_target_dag.py
[2022-01-03 13:46:05,375] {logging_mixin.py:109} INFO - [2022-01-03 13:46:05,374] {dag.py:2396} INFO - Sync 1 DAGs
[2022-01-03 13:46:05,393] {logging_mixin.py:109} INFO - [2022-01-03 13:46:05,393] {dag.py:2928} INFO - Setting next_dagrun for example_trigger_target_dag to None
[2022-01-03 13:46:05,402] {processor.py:171} INFO - Processing /home/airflow/.local/lib/python3.7/site-packages/airflow/example_dags/example_trigger_target_dag.py took 0.065 seconds
[2022-01-03 13:46:35,842] {processor.py:163} INFO - Started process (PID=583) to work on /home/airflow/.local/lib/python3.7/site-packages/airflow/example_dags/example_trigger_target_dag.py
[2022-01-03 13:46:35,851] {processor.py:625} INFO - Processing file /home/airflow/.local/lib/python3.7/site-packages/airflow/example_dags/example_trigger_target_dag.py for tasks to queue
[2022-01-03 13:46:35,853] {logging_mixin.py:109} INFO - [2022-01-03 13:46:35,853] {dagbag.py:500} INFO - Filling up the DagBag from /home/airflow/.local/lib/python3.7/site-packages/airflow/example_dags/example_trigger_target_dag.py
[2022-01-03 13:46:35,911] {processor.py:637} INFO - DAG(s) dict_keys(['example_trigger_target_dag']) retrieved from /home/airflow/.local/lib/python3.7/site-packages/airflow/example_dags/example_trigger_target_dag.py
[2022-01-03 13:46:35,954] {logging_mixin.py:109} INFO - [2022-01-03 13:46:35,954] {dag.py:2396} INFO - Sync 1 DAGs
[2022-01-03 13:46:35,990] {logging_mixin.py:109} INFO - [2022-01-03 13:46:35,990] {dag.py:2928} INFO - Setting next_dagrun for example_trigger_target_dag to None
[2022-01-03 13:46:36,000] {processor.py:171} INFO - Processing /home/airflow/.local/lib/python3.7/site-packages/airflow/example_dags/example_trigger_target_dag.py took 0.167 seconds
