[2022-01-03 12:28:04,750] {processor.py:163} INFO - Started process (PID=122) to work on /home/airflow/.local/lib/python3.7/site-packages/airflow/example_dags/example_task_group_decorator.py
[2022-01-03 12:28:04,752] {processor.py:625} INFO - Processing file /home/airflow/.local/lib/python3.7/site-packages/airflow/example_dags/example_task_group_decorator.py for tasks to queue
[2022-01-03 12:28:04,753] {logging_mixin.py:109} INFO - [2022-01-03 12:28:04,753] {dagbag.py:500} INFO - Filling up the DagBag from /home/airflow/.local/lib/python3.7/site-packages/airflow/example_dags/example_task_group_decorator.py
[2022-01-03 12:28:04,836] {processor.py:637} INFO - DAG(s) dict_keys(['example_task_group_decorator']) retrieved from /home/airflow/.local/lib/python3.7/site-packages/airflow/example_dags/example_task_group_decorator.py
[2022-01-03 12:28:07,412] {logging_mixin.py:109} INFO - [2022-01-03 12:28:07,412] {providers_manager.py:156} WARNING - Exception when importing 'airflow.providers.google.leveldb.hooks.leveldb.LevelDBHook' from 'apache-airflow-providers-google' package: No module named 'plyvel'
[2022-01-03 12:28:08,991] {logging_mixin.py:109} INFO - [2022-01-03 12:28:08,991] {providers_manager.py:156} WARNING - Exception when importing 'airflow.providers.google.leveldb.hooks.leveldb.LevelDBHook' from 'apache-airflow-providers-google' package: No module named 'plyvel'
[2022-01-03 12:28:09,027] {logging_mixin.py:109} INFO - [2022-01-03 12:28:09,027] {manager.py:496} INFO - Created Permission View: can read on DAG:example_task_group_decorator
[2022-01-03 12:28:09,040] {logging_mixin.py:109} INFO - [2022-01-03 12:28:09,040] {manager.py:496} INFO - Created Permission View: can edit on DAG:example_task_group_decorator
[2022-01-03 12:28:09,041] {logging_mixin.py:109} INFO - [2022-01-03 12:28:09,040] {dag.py:2396} INFO - Sync 1 DAGs
[2022-01-03 12:28:09,067] {logging_mixin.py:109} INFO - [2022-01-03 12:28:09,066] {dag.py:2415} INFO - Creating ORM DAG for example_task_group_decorator
[2022-01-03 12:28:09,091] {logging_mixin.py:109} INFO - [2022-01-03 12:28:09,091] {dag.py:2928} INFO - Setting next_dagrun for example_task_group_decorator to 2022-01-02T12:28:09.091119+00:00
[2022-01-03 12:28:09,132] {processor.py:171} INFO - Processing /home/airflow/.local/lib/python3.7/site-packages/airflow/example_dags/example_task_group_decorator.py took 4.387 seconds
[2022-01-03 12:29:00,346] {processor.py:163} INFO - Started process (PID=273) to work on /home/airflow/.local/lib/python3.7/site-packages/airflow/example_dags/example_task_group_decorator.py
[2022-01-03 12:29:00,347] {processor.py:625} INFO - Processing file /home/airflow/.local/lib/python3.7/site-packages/airflow/example_dags/example_task_group_decorator.py for tasks to queue
[2022-01-03 12:29:00,348] {logging_mixin.py:109} INFO - [2022-01-03 12:29:00,348] {dagbag.py:500} INFO - Filling up the DagBag from /home/airflow/.local/lib/python3.7/site-packages/airflow/example_dags/example_task_group_decorator.py
[2022-01-03 12:29:00,428] {processor.py:637} INFO - DAG(s) dict_keys(['example_task_group_decorator']) retrieved from /home/airflow/.local/lib/python3.7/site-packages/airflow/example_dags/example_task_group_decorator.py
[2022-01-03 12:29:00,854] {logging_mixin.py:109} INFO - [2022-01-03 12:29:00,854] {dag.py:2396} INFO - Sync 1 DAGs
[2022-01-03 12:29:00,878] {logging_mixin.py:109} INFO - [2022-01-03 12:29:00,878] {dag.py:2928} INFO - Setting next_dagrun for example_task_group_decorator to 2022-01-02T12:29:00.877776+00:00
[2022-01-03 12:29:00,905] {processor.py:171} INFO - Processing /home/airflow/.local/lib/python3.7/site-packages/airflow/example_dags/example_task_group_decorator.py took 0.564 seconds
[2022-01-03 12:29:31,315] {processor.py:163} INFO - Started process (PID=327) to work on /home/airflow/.local/lib/python3.7/site-packages/airflow/example_dags/example_task_group_decorator.py
[2022-01-03 12:29:31,316] {processor.py:625} INFO - Processing file /home/airflow/.local/lib/python3.7/site-packages/airflow/example_dags/example_task_group_decorator.py for tasks to queue
[2022-01-03 12:29:31,317] {logging_mixin.py:109} INFO - [2022-01-03 12:29:31,317] {dagbag.py:500} INFO - Filling up the DagBag from /home/airflow/.local/lib/python3.7/site-packages/airflow/example_dags/example_task_group_decorator.py
[2022-01-03 12:29:31,382] {processor.py:637} INFO - DAG(s) dict_keys(['example_task_group_decorator']) retrieved from /home/airflow/.local/lib/python3.7/site-packages/airflow/example_dags/example_task_group_decorator.py
[2022-01-03 12:29:31,982] {logging_mixin.py:109} INFO - [2022-01-03 12:29:31,981] {dag.py:2396} INFO - Sync 1 DAGs
[2022-01-03 12:29:32,000] {logging_mixin.py:109} INFO - [2022-01-03 12:29:32,000] {dag.py:2928} INFO - Setting next_dagrun for example_task_group_decorator to 2022-01-02T12:29:32.000407+00:00
[2022-01-03 12:29:32,016] {processor.py:171} INFO - Processing /home/airflow/.local/lib/python3.7/site-packages/airflow/example_dags/example_task_group_decorator.py took 0.705 seconds
[2022-01-03 12:30:02,297] {processor.py:163} INFO - Started process (PID=381) to work on /home/airflow/.local/lib/python3.7/site-packages/airflow/example_dags/example_task_group_decorator.py
[2022-01-03 12:30:02,300] {processor.py:625} INFO - Processing file /home/airflow/.local/lib/python3.7/site-packages/airflow/example_dags/example_task_group_decorator.py for tasks to queue
[2022-01-03 12:30:02,301] {logging_mixin.py:109} INFO - [2022-01-03 12:30:02,301] {dagbag.py:500} INFO - Filling up the DagBag from /home/airflow/.local/lib/python3.7/site-packages/airflow/example_dags/example_task_group_decorator.py
[2022-01-03 12:30:02,384] {processor.py:637} INFO - DAG(s) dict_keys(['example_task_group_decorator']) retrieved from /home/airflow/.local/lib/python3.7/site-packages/airflow/example_dags/example_task_group_decorator.py
[2022-01-03 12:30:02,779] {logging_mixin.py:109} INFO - [2022-01-03 12:30:02,779] {dag.py:2396} INFO - Sync 1 DAGs
[2022-01-03 12:30:02,795] {logging_mixin.py:109} INFO - [2022-01-03 12:30:02,795] {dag.py:2928} INFO - Setting next_dagrun for example_task_group_decorator to 2022-01-02T12:30:02.795295+00:00
[2022-01-03 12:30:02,808] {processor.py:171} INFO - Processing /home/airflow/.local/lib/python3.7/site-packages/airflow/example_dags/example_task_group_decorator.py took 0.515 seconds
[2022-01-03 12:30:33,247] {processor.py:163} INFO - Started process (PID=434) to work on /home/airflow/.local/lib/python3.7/site-packages/airflow/example_dags/example_task_group_decorator.py
[2022-01-03 12:30:33,254] {processor.py:625} INFO - Processing file /home/airflow/.local/lib/python3.7/site-packages/airflow/example_dags/example_task_group_decorator.py for tasks to queue
[2022-01-03 12:30:33,255] {logging_mixin.py:109} INFO - [2022-01-03 12:30:33,255] {dagbag.py:500} INFO - Filling up the DagBag from /home/airflow/.local/lib/python3.7/site-packages/airflow/example_dags/example_task_group_decorator.py
[2022-01-03 12:30:33,326] {processor.py:637} INFO - DAG(s) dict_keys(['example_task_group_decorator']) retrieved from /home/airflow/.local/lib/python3.7/site-packages/airflow/example_dags/example_task_group_decorator.py
[2022-01-03 12:30:33,746] {logging_mixin.py:109} INFO - [2022-01-03 12:30:33,745] {dag.py:2396} INFO - Sync 1 DAGs
[2022-01-03 12:30:33,762] {logging_mixin.py:109} INFO - [2022-01-03 12:30:33,762] {dag.py:2928} INFO - Setting next_dagrun for example_task_group_decorator to 2022-01-02T12:30:33.762632+00:00
[2022-01-03 12:30:33,775] {processor.py:171} INFO - Processing /home/airflow/.local/lib/python3.7/site-packages/airflow/example_dags/example_task_group_decorator.py took 0.532 seconds
[2022-01-03 12:31:03,995] {processor.py:163} INFO - Started process (PID=481) to work on /home/airflow/.local/lib/python3.7/site-packages/airflow/example_dags/example_task_group_decorator.py
[2022-01-03 12:31:04,016] {processor.py:625} INFO - Processing file /home/airflow/.local/lib/python3.7/site-packages/airflow/example_dags/example_task_group_decorator.py for tasks to queue
[2022-01-03 12:31:04,017] {logging_mixin.py:109} INFO - [2022-01-03 12:31:04,017] {dagbag.py:500} INFO - Filling up the DagBag from /home/airflow/.local/lib/python3.7/site-packages/airflow/example_dags/example_task_group_decorator.py
[2022-01-03 12:31:04,486] {processor.py:637} INFO - DAG(s) dict_keys(['example_task_group_decorator']) retrieved from /home/airflow/.local/lib/python3.7/site-packages/airflow/example_dags/example_task_group_decorator.py
[2022-01-03 12:31:05,975] {logging_mixin.py:109} INFO - [2022-01-03 12:31:05,975] {dag.py:2396} INFO - Sync 1 DAGs
[2022-01-03 12:31:06,036] {logging_mixin.py:109} INFO - [2022-01-03 12:31:06,036] {dag.py:2928} INFO - Setting next_dagrun for example_task_group_decorator to 2022-01-02T12:31:06.036349+00:00
[2022-01-03 12:31:06,092] {processor.py:171} INFO - Processing /home/airflow/.local/lib/python3.7/site-packages/airflow/example_dags/example_task_group_decorator.py took 2.142 seconds
[2022-01-03 12:31:36,247] {processor.py:163} INFO - Started process (PID=536) to work on /home/airflow/.local/lib/python3.7/site-packages/airflow/example_dags/example_task_group_decorator.py
[2022-01-03 12:31:36,255] {processor.py:625} INFO - Processing file /home/airflow/.local/lib/python3.7/site-packages/airflow/example_dags/example_task_group_decorator.py for tasks to queue
[2022-01-03 12:31:36,256] {logging_mixin.py:109} INFO - [2022-01-03 12:31:36,256] {dagbag.py:500} INFO - Filling up the DagBag from /home/airflow/.local/lib/python3.7/site-packages/airflow/example_dags/example_task_group_decorator.py
[2022-01-03 12:31:36,765] {processor.py:637} INFO - DAG(s) dict_keys(['example_task_group_decorator']) retrieved from /home/airflow/.local/lib/python3.7/site-packages/airflow/example_dags/example_task_group_decorator.py
[2022-01-03 12:31:38,621] {logging_mixin.py:109} INFO - [2022-01-03 12:31:38,621] {dag.py:2396} INFO - Sync 1 DAGs
[2022-01-03 12:31:38,723] {logging_mixin.py:109} INFO - [2022-01-03 12:31:38,723] {dag.py:2928} INFO - Setting next_dagrun for example_task_group_decorator to 2022-01-02T12:31:38.723268+00:00
[2022-01-03 12:31:38,853] {processor.py:171} INFO - Processing /home/airflow/.local/lib/python3.7/site-packages/airflow/example_dags/example_task_group_decorator.py took 2.642 seconds
[2022-01-03 12:32:09,784] {processor.py:163} INFO - Started process (PID=594) to work on /home/airflow/.local/lib/python3.7/site-packages/airflow/example_dags/example_task_group_decorator.py
[2022-01-03 12:32:09,786] {processor.py:625} INFO - Processing file /home/airflow/.local/lib/python3.7/site-packages/airflow/example_dags/example_task_group_decorator.py for tasks to queue
[2022-01-03 12:32:09,787] {logging_mixin.py:109} INFO - [2022-01-03 12:32:09,787] {dagbag.py:500} INFO - Filling up the DagBag from /home/airflow/.local/lib/python3.7/site-packages/airflow/example_dags/example_task_group_decorator.py
[2022-01-03 12:32:09,852] {processor.py:637} INFO - DAG(s) dict_keys(['example_task_group_decorator']) retrieved from /home/airflow/.local/lib/python3.7/site-packages/airflow/example_dags/example_task_group_decorator.py
[2022-01-03 12:32:10,434] {logging_mixin.py:109} INFO - [2022-01-03 12:32:10,434] {dag.py:2396} INFO - Sync 1 DAGs
[2022-01-03 12:32:10,455] {logging_mixin.py:109} INFO - [2022-01-03 12:32:10,455] {dag.py:2928} INFO - Setting next_dagrun for example_task_group_decorator to 2022-01-02T12:32:10.455352+00:00
[2022-01-03 12:32:10,481] {processor.py:171} INFO - Processing /home/airflow/.local/lib/python3.7/site-packages/airflow/example_dags/example_task_group_decorator.py took 0.700 seconds
[2022-01-03 13:13:43,579] {processor.py:163} INFO - Started process (PID=58) to work on /home/airflow/.local/lib/python3.7/site-packages/airflow/example_dags/example_task_group_decorator.py
[2022-01-03 13:13:43,585] {processor.py:625} INFO - Processing file /home/airflow/.local/lib/python3.7/site-packages/airflow/example_dags/example_task_group_decorator.py for tasks to queue
[2022-01-03 13:13:43,595] {logging_mixin.py:109} INFO - [2022-01-03 13:13:43,594] {dagbag.py:500} INFO - Filling up the DagBag from /home/airflow/.local/lib/python3.7/site-packages/airflow/example_dags/example_task_group_decorator.py
[2022-01-03 13:13:43,930] {processor.py:637} INFO - DAG(s) dict_keys(['example_task_group_decorator']) retrieved from /home/airflow/.local/lib/python3.7/site-packages/airflow/example_dags/example_task_group_decorator.py
[2022-01-03 13:13:46,848] {logging_mixin.py:109} INFO - [2022-01-03 13:13:46,847] {dag.py:2396} INFO - Sync 1 DAGs
[2022-01-03 13:13:46,885] {logging_mixin.py:109} INFO - [2022-01-03 13:13:46,885] {dag.py:2928} INFO - Setting next_dagrun for example_task_group_decorator to 2022-01-02T13:13:46.875738+00:00
[2022-01-03 13:13:46,937] {processor.py:171} INFO - Processing /home/airflow/.local/lib/python3.7/site-packages/airflow/example_dags/example_task_group_decorator.py took 3.370 seconds
[2022-01-03 13:14:17,609] {processor.py:163} INFO - Started process (PID=123) to work on /home/airflow/.local/lib/python3.7/site-packages/airflow/example_dags/example_task_group_decorator.py
[2022-01-03 13:14:17,616] {processor.py:625} INFO - Processing file /home/airflow/.local/lib/python3.7/site-packages/airflow/example_dags/example_task_group_decorator.py for tasks to queue
[2022-01-03 13:14:17,617] {logging_mixin.py:109} INFO - [2022-01-03 13:14:17,616] {dagbag.py:500} INFO - Filling up the DagBag from /home/airflow/.local/lib/python3.7/site-packages/airflow/example_dags/example_task_group_decorator.py
[2022-01-03 13:14:17,699] {processor.py:637} INFO - DAG(s) dict_keys(['example_task_group_decorator']) retrieved from /home/airflow/.local/lib/python3.7/site-packages/airflow/example_dags/example_task_group_decorator.py
[2022-01-03 13:14:18,180] {logging_mixin.py:109} INFO - [2022-01-03 13:14:18,179] {dag.py:2396} INFO - Sync 1 DAGs
[2022-01-03 13:14:18,205] {logging_mixin.py:109} INFO - [2022-01-03 13:14:18,205] {dag.py:2928} INFO - Setting next_dagrun for example_task_group_decorator to 2022-01-02T13:14:18.204728+00:00
[2022-01-03 13:14:18,240] {processor.py:171} INFO - Processing /home/airflow/.local/lib/python3.7/site-packages/airflow/example_dags/example_task_group_decorator.py took 0.634 seconds
[2022-01-03 13:14:48,473] {processor.py:163} INFO - Started process (PID=177) to work on /home/airflow/.local/lib/python3.7/site-packages/airflow/example_dags/example_task_group_decorator.py
[2022-01-03 13:14:48,474] {processor.py:625} INFO - Processing file /home/airflow/.local/lib/python3.7/site-packages/airflow/example_dags/example_task_group_decorator.py for tasks to queue
[2022-01-03 13:14:48,474] {logging_mixin.py:109} INFO - [2022-01-03 13:14:48,474] {dagbag.py:500} INFO - Filling up the DagBag from /home/airflow/.local/lib/python3.7/site-packages/airflow/example_dags/example_task_group_decorator.py
[2022-01-03 13:14:48,530] {processor.py:637} INFO - DAG(s) dict_keys(['example_task_group_decorator']) retrieved from /home/airflow/.local/lib/python3.7/site-packages/airflow/example_dags/example_task_group_decorator.py
[2022-01-03 13:14:49,210] {logging_mixin.py:109} INFO - [2022-01-03 13:14:49,210] {dag.py:2396} INFO - Sync 1 DAGs
[2022-01-03 13:14:49,258] {logging_mixin.py:109} INFO - [2022-01-03 13:14:49,257] {dag.py:2928} INFO - Setting next_dagrun for example_task_group_decorator to 2022-01-02T13:14:49.257566+00:00
[2022-01-03 13:14:49,304] {processor.py:171} INFO - Processing /home/airflow/.local/lib/python3.7/site-packages/airflow/example_dags/example_task_group_decorator.py took 0.835 seconds
[2022-01-03 13:15:19,604] {processor.py:163} INFO - Started process (PID=230) to work on /home/airflow/.local/lib/python3.7/site-packages/airflow/example_dags/example_task_group_decorator.py
[2022-01-03 13:15:19,610] {processor.py:625} INFO - Processing file /home/airflow/.local/lib/python3.7/site-packages/airflow/example_dags/example_task_group_decorator.py for tasks to queue
[2022-01-03 13:15:19,611] {logging_mixin.py:109} INFO - [2022-01-03 13:15:19,611] {dagbag.py:500} INFO - Filling up the DagBag from /home/airflow/.local/lib/python3.7/site-packages/airflow/example_dags/example_task_group_decorator.py
[2022-01-03 13:15:19,682] {processor.py:637} INFO - DAG(s) dict_keys(['example_task_group_decorator']) retrieved from /home/airflow/.local/lib/python3.7/site-packages/airflow/example_dags/example_task_group_decorator.py
[2022-01-03 13:15:20,162] {logging_mixin.py:109} INFO - [2022-01-03 13:15:20,162] {dag.py:2396} INFO - Sync 1 DAGs
[2022-01-03 13:15:20,191] {logging_mixin.py:109} INFO - [2022-01-03 13:15:20,191] {dag.py:2928} INFO - Setting next_dagrun for example_task_group_decorator to 2022-01-02T13:15:20.191248+00:00
[2022-01-03 13:15:20,208] {processor.py:171} INFO - Processing /home/airflow/.local/lib/python3.7/site-packages/airflow/example_dags/example_task_group_decorator.py took 0.608 seconds
[2022-01-03 13:15:50,636] {processor.py:163} INFO - Started process (PID=297) to work on /home/airflow/.local/lib/python3.7/site-packages/airflow/example_dags/example_task_group_decorator.py
[2022-01-03 13:15:50,638] {processor.py:625} INFO - Processing file /home/airflow/.local/lib/python3.7/site-packages/airflow/example_dags/example_task_group_decorator.py for tasks to queue
[2022-01-03 13:15:50,638] {logging_mixin.py:109} INFO - [2022-01-03 13:15:50,638] {dagbag.py:500} INFO - Filling up the DagBag from /home/airflow/.local/lib/python3.7/site-packages/airflow/example_dags/example_task_group_decorator.py
[2022-01-03 13:15:50,714] {processor.py:637} INFO - DAG(s) dict_keys(['example_task_group_decorator']) retrieved from /home/airflow/.local/lib/python3.7/site-packages/airflow/example_dags/example_task_group_decorator.py
[2022-01-03 13:15:51,204] {logging_mixin.py:109} INFO - [2022-01-03 13:15:51,204] {dag.py:2396} INFO - Sync 1 DAGs
[2022-01-03 13:15:51,227] {logging_mixin.py:109} INFO - [2022-01-03 13:15:51,226] {dag.py:2928} INFO - Setting next_dagrun for example_task_group_decorator to 2022-01-02T13:15:51.226597+00:00
[2022-01-03 13:15:51,250] {processor.py:171} INFO - Processing /home/airflow/.local/lib/python3.7/site-packages/airflow/example_dags/example_task_group_decorator.py took 0.620 seconds
[2022-01-03 13:16:21,682] {processor.py:163} INFO - Started process (PID=354) to work on /home/airflow/.local/lib/python3.7/site-packages/airflow/example_dags/example_task_group_decorator.py
[2022-01-03 13:16:21,683] {processor.py:625} INFO - Processing file /home/airflow/.local/lib/python3.7/site-packages/airflow/example_dags/example_task_group_decorator.py for tasks to queue
[2022-01-03 13:16:21,684] {logging_mixin.py:109} INFO - [2022-01-03 13:16:21,684] {dagbag.py:500} INFO - Filling up the DagBag from /home/airflow/.local/lib/python3.7/site-packages/airflow/example_dags/example_task_group_decorator.py
[2022-01-03 13:16:21,736] {processor.py:637} INFO - DAG(s) dict_keys(['example_task_group_decorator']) retrieved from /home/airflow/.local/lib/python3.7/site-packages/airflow/example_dags/example_task_group_decorator.py
[2022-01-03 13:16:22,144] {logging_mixin.py:109} INFO - [2022-01-03 13:16:22,144] {dag.py:2396} INFO - Sync 1 DAGs
[2022-01-03 13:16:22,163] {logging_mixin.py:109} INFO - [2022-01-03 13:16:22,163] {dag.py:2928} INFO - Setting next_dagrun for example_task_group_decorator to 2022-01-02T13:16:22.162846+00:00
[2022-01-03 13:16:22,177] {processor.py:171} INFO - Processing /home/airflow/.local/lib/python3.7/site-packages/airflow/example_dags/example_task_group_decorator.py took 0.497 seconds
[2022-01-03 13:16:52,436] {processor.py:163} INFO - Started process (PID=403) to work on /home/airflow/.local/lib/python3.7/site-packages/airflow/example_dags/example_task_group_decorator.py
[2022-01-03 13:16:52,440] {processor.py:625} INFO - Processing file /home/airflow/.local/lib/python3.7/site-packages/airflow/example_dags/example_task_group_decorator.py for tasks to queue
[2022-01-03 13:16:52,443] {logging_mixin.py:109} INFO - [2022-01-03 13:16:52,443] {dagbag.py:500} INFO - Filling up the DagBag from /home/airflow/.local/lib/python3.7/site-packages/airflow/example_dags/example_task_group_decorator.py
[2022-01-03 13:16:52,511] {processor.py:637} INFO - DAG(s) dict_keys(['example_task_group_decorator']) retrieved from /home/airflow/.local/lib/python3.7/site-packages/airflow/example_dags/example_task_group_decorator.py
[2022-01-03 13:16:52,870] {logging_mixin.py:109} INFO - [2022-01-03 13:16:52,870] {dag.py:2396} INFO - Sync 1 DAGs
[2022-01-03 13:16:52,888] {logging_mixin.py:109} INFO - [2022-01-03 13:16:52,888] {dag.py:2928} INFO - Setting next_dagrun for example_task_group_decorator to 2022-01-02T13:16:52.887850+00:00
[2022-01-03 13:16:52,900] {processor.py:171} INFO - Processing /home/airflow/.local/lib/python3.7/site-packages/airflow/example_dags/example_task_group_decorator.py took 0.477 seconds
[2022-01-03 13:17:23,037] {processor.py:163} INFO - Started process (PID=454) to work on /home/airflow/.local/lib/python3.7/site-packages/airflow/example_dags/example_task_group_decorator.py
[2022-01-03 13:17:23,039] {processor.py:625} INFO - Processing file /home/airflow/.local/lib/python3.7/site-packages/airflow/example_dags/example_task_group_decorator.py for tasks to queue
[2022-01-03 13:17:23,040] {logging_mixin.py:109} INFO - [2022-01-03 13:17:23,040] {dagbag.py:500} INFO - Filling up the DagBag from /home/airflow/.local/lib/python3.7/site-packages/airflow/example_dags/example_task_group_decorator.py
[2022-01-03 13:17:23,136] {processor.py:637} INFO - DAG(s) dict_keys(['example_task_group_decorator']) retrieved from /home/airflow/.local/lib/python3.7/site-packages/airflow/example_dags/example_task_group_decorator.py
[2022-01-03 13:17:23,754] {logging_mixin.py:109} INFO - [2022-01-03 13:17:23,754] {dag.py:2396} INFO - Sync 1 DAGs
[2022-01-03 13:17:23,805] {logging_mixin.py:109} INFO - [2022-01-03 13:17:23,805] {dag.py:2928} INFO - Setting next_dagrun for example_task_group_decorator to 2022-01-02T13:17:23.804788+00:00
[2022-01-03 13:17:23,861] {processor.py:171} INFO - Processing /home/airflow/.local/lib/python3.7/site-packages/airflow/example_dags/example_task_group_decorator.py took 0.830 seconds
[2022-01-03 13:17:53,898] {processor.py:163} INFO - Started process (PID=510) to work on /home/airflow/.local/lib/python3.7/site-packages/airflow/example_dags/example_task_group_decorator.py
[2022-01-03 13:17:53,899] {processor.py:625} INFO - Processing file /home/airflow/.local/lib/python3.7/site-packages/airflow/example_dags/example_task_group_decorator.py for tasks to queue
[2022-01-03 13:17:53,899] {logging_mixin.py:109} INFO - [2022-01-03 13:17:53,899] {dagbag.py:500} INFO - Filling up the DagBag from /home/airflow/.local/lib/python3.7/site-packages/airflow/example_dags/example_task_group_decorator.py
[2022-01-03 13:17:53,953] {processor.py:637} INFO - DAG(s) dict_keys(['example_task_group_decorator']) retrieved from /home/airflow/.local/lib/python3.7/site-packages/airflow/example_dags/example_task_group_decorator.py
[2022-01-03 13:17:54,368] {logging_mixin.py:109} INFO - [2022-01-03 13:17:54,367] {dag.py:2396} INFO - Sync 1 DAGs
[2022-01-03 13:17:54,388] {logging_mixin.py:109} INFO - [2022-01-03 13:17:54,388] {dag.py:2928} INFO - Setting next_dagrun for example_task_group_decorator to 2022-01-02T13:17:54.388541+00:00
[2022-01-03 13:17:54,403] {processor.py:171} INFO - Processing /home/airflow/.local/lib/python3.7/site-packages/airflow/example_dags/example_task_group_decorator.py took 0.508 seconds
[2022-01-03 13:18:25,167] {processor.py:163} INFO - Started process (PID=572) to work on /home/airflow/.local/lib/python3.7/site-packages/airflow/example_dags/example_task_group_decorator.py
[2022-01-03 13:18:25,183] {processor.py:625} INFO - Processing file /home/airflow/.local/lib/python3.7/site-packages/airflow/example_dags/example_task_group_decorator.py for tasks to queue
[2022-01-03 13:18:25,184] {logging_mixin.py:109} INFO - [2022-01-03 13:18:25,184] {dagbag.py:500} INFO - Filling up the DagBag from /home/airflow/.local/lib/python3.7/site-packages/airflow/example_dags/example_task_group_decorator.py
[2022-01-03 13:18:25,435] {processor.py:637} INFO - DAG(s) dict_keys(['example_task_group_decorator']) retrieved from /home/airflow/.local/lib/python3.7/site-packages/airflow/example_dags/example_task_group_decorator.py
[2022-01-03 13:18:27,097] {logging_mixin.py:109} INFO - [2022-01-03 13:18:27,096] {dag.py:2396} INFO - Sync 1 DAGs
[2022-01-03 13:18:27,150] {logging_mixin.py:109} INFO - [2022-01-03 13:18:27,150] {dag.py:2928} INFO - Setting next_dagrun for example_task_group_decorator to 2022-01-02T13:18:27.150014+00:00
[2022-01-03 13:18:27,228] {processor.py:171} INFO - Processing /home/airflow/.local/lib/python3.7/site-packages/airflow/example_dags/example_task_group_decorator.py took 2.081 seconds
[2022-01-03 13:18:57,364] {processor.py:163} INFO - Started process (PID=625) to work on /home/airflow/.local/lib/python3.7/site-packages/airflow/example_dags/example_task_group_decorator.py
[2022-01-03 13:18:57,371] {processor.py:625} INFO - Processing file /home/airflow/.local/lib/python3.7/site-packages/airflow/example_dags/example_task_group_decorator.py for tasks to queue
[2022-01-03 13:18:57,372] {logging_mixin.py:109} INFO - [2022-01-03 13:18:57,372] {dagbag.py:500} INFO - Filling up the DagBag from /home/airflow/.local/lib/python3.7/site-packages/airflow/example_dags/example_task_group_decorator.py
[2022-01-03 13:18:57,507] {processor.py:637} INFO - DAG(s) dict_keys(['example_task_group_decorator']) retrieved from /home/airflow/.local/lib/python3.7/site-packages/airflow/example_dags/example_task_group_decorator.py
[2022-01-03 13:18:57,870] {logging_mixin.py:109} INFO - [2022-01-03 13:18:57,870] {dag.py:2396} INFO - Sync 1 DAGs
[2022-01-03 13:18:57,886] {logging_mixin.py:109} INFO - [2022-01-03 13:18:57,886] {dag.py:2928} INFO - Setting next_dagrun for example_task_group_decorator to 2022-01-02T13:18:57.886120+00:00
[2022-01-03 13:18:57,903] {processor.py:171} INFO - Processing /home/airflow/.local/lib/python3.7/site-packages/airflow/example_dags/example_task_group_decorator.py took 0.559 seconds
[2022-01-03 13:19:28,169] {processor.py:163} INFO - Started process (PID=675) to work on /home/airflow/.local/lib/python3.7/site-packages/airflow/example_dags/example_task_group_decorator.py
[2022-01-03 13:19:28,179] {processor.py:625} INFO - Processing file /home/airflow/.local/lib/python3.7/site-packages/airflow/example_dags/example_task_group_decorator.py for tasks to queue
[2022-01-03 13:19:28,180] {logging_mixin.py:109} INFO - [2022-01-03 13:19:28,180] {dagbag.py:500} INFO - Filling up the DagBag from /home/airflow/.local/lib/python3.7/site-packages/airflow/example_dags/example_task_group_decorator.py
[2022-01-03 13:19:28,310] {processor.py:637} INFO - DAG(s) dict_keys(['example_task_group_decorator']) retrieved from /home/airflow/.local/lib/python3.7/site-packages/airflow/example_dags/example_task_group_decorator.py
[2022-01-03 13:19:28,779] {logging_mixin.py:109} INFO - [2022-01-03 13:19:28,779] {dag.py:2396} INFO - Sync 1 DAGs
[2022-01-03 13:19:28,804] {logging_mixin.py:109} INFO - [2022-01-03 13:19:28,804] {dag.py:2928} INFO - Setting next_dagrun for example_task_group_decorator to 2022-01-02T13:19:28.804242+00:00
[2022-01-03 13:19:28,834] {processor.py:171} INFO - Processing /home/airflow/.local/lib/python3.7/site-packages/airflow/example_dags/example_task_group_decorator.py took 0.681 seconds
[2022-01-03 13:19:58,967] {processor.py:163} INFO - Started process (PID=725) to work on /home/airflow/.local/lib/python3.7/site-packages/airflow/example_dags/example_task_group_decorator.py
[2022-01-03 13:19:58,973] {processor.py:625} INFO - Processing file /home/airflow/.local/lib/python3.7/site-packages/airflow/example_dags/example_task_group_decorator.py for tasks to queue
[2022-01-03 13:19:58,973] {logging_mixin.py:109} INFO - [2022-01-03 13:19:58,973] {dagbag.py:500} INFO - Filling up the DagBag from /home/airflow/.local/lib/python3.7/site-packages/airflow/example_dags/example_task_group_decorator.py
[2022-01-03 13:19:59,132] {processor.py:637} INFO - DAG(s) dict_keys(['example_task_group_decorator']) retrieved from /home/airflow/.local/lib/python3.7/site-packages/airflow/example_dags/example_task_group_decorator.py
[2022-01-03 13:20:00,317] {logging_mixin.py:109} INFO - [2022-01-03 13:20:00,317] {dag.py:2396} INFO - Sync 1 DAGs
[2022-01-03 13:20:00,361] {logging_mixin.py:109} INFO - [2022-01-03 13:20:00,359] {dag.py:2928} INFO - Setting next_dagrun for example_task_group_decorator to 2022-01-02T13:20:00.358883+00:00
[2022-01-03 13:20:00,385] {processor.py:171} INFO - Processing /home/airflow/.local/lib/python3.7/site-packages/airflow/example_dags/example_task_group_decorator.py took 1.428 seconds
[2022-01-03 13:20:30,815] {processor.py:163} INFO - Started process (PID=790) to work on /home/airflow/.local/lib/python3.7/site-packages/airflow/example_dags/example_task_group_decorator.py
[2022-01-03 13:20:30,816] {processor.py:625} INFO - Processing file /home/airflow/.local/lib/python3.7/site-packages/airflow/example_dags/example_task_group_decorator.py for tasks to queue
[2022-01-03 13:20:30,819] {logging_mixin.py:109} INFO - [2022-01-03 13:20:30,818] {dagbag.py:500} INFO - Filling up the DagBag from /home/airflow/.local/lib/python3.7/site-packages/airflow/example_dags/example_task_group_decorator.py
[2022-01-03 13:20:30,881] {processor.py:637} INFO - DAG(s) dict_keys(['example_task_group_decorator']) retrieved from /home/airflow/.local/lib/python3.7/site-packages/airflow/example_dags/example_task_group_decorator.py
[2022-01-03 13:20:31,391] {logging_mixin.py:109} INFO - [2022-01-03 13:20:31,391] {dag.py:2396} INFO - Sync 1 DAGs
[2022-01-03 13:20:31,418] {logging_mixin.py:109} INFO - [2022-01-03 13:20:31,418] {dag.py:2928} INFO - Setting next_dagrun for example_task_group_decorator to 2022-01-02T13:20:31.417880+00:00
[2022-01-03 13:20:31,440] {processor.py:171} INFO - Processing /home/airflow/.local/lib/python3.7/site-packages/airflow/example_dags/example_task_group_decorator.py took 0.645 seconds
[2022-01-03 13:21:01,570] {processor.py:163} INFO - Started process (PID=841) to work on /home/airflow/.local/lib/python3.7/site-packages/airflow/example_dags/example_task_group_decorator.py
[2022-01-03 13:21:01,572] {processor.py:625} INFO - Processing file /home/airflow/.local/lib/python3.7/site-packages/airflow/example_dags/example_task_group_decorator.py for tasks to queue
[2022-01-03 13:21:01,572] {logging_mixin.py:109} INFO - [2022-01-03 13:21:01,572] {dagbag.py:500} INFO - Filling up the DagBag from /home/airflow/.local/lib/python3.7/site-packages/airflow/example_dags/example_task_group_decorator.py
[2022-01-03 13:21:01,661] {processor.py:637} INFO - DAG(s) dict_keys(['example_task_group_decorator']) retrieved from /home/airflow/.local/lib/python3.7/site-packages/airflow/example_dags/example_task_group_decorator.py
[2022-01-03 13:21:02,147] {logging_mixin.py:109} INFO - [2022-01-03 13:21:02,147] {dag.py:2396} INFO - Sync 1 DAGs
[2022-01-03 13:21:02,172] {logging_mixin.py:109} INFO - [2022-01-03 13:21:02,172] {dag.py:2928} INFO - Setting next_dagrun for example_task_group_decorator to 2022-01-02T13:21:02.172086+00:00
[2022-01-03 13:21:02,196] {processor.py:171} INFO - Processing /home/airflow/.local/lib/python3.7/site-packages/airflow/example_dags/example_task_group_decorator.py took 0.630 seconds
[2022-01-03 13:21:32,293] {processor.py:163} INFO - Started process (PID=892) to work on /home/airflow/.local/lib/python3.7/site-packages/airflow/example_dags/example_task_group_decorator.py
[2022-01-03 13:21:32,294] {processor.py:625} INFO - Processing file /home/airflow/.local/lib/python3.7/site-packages/airflow/example_dags/example_task_group_decorator.py for tasks to queue
[2022-01-03 13:21:32,295] {logging_mixin.py:109} INFO - [2022-01-03 13:21:32,295] {dagbag.py:500} INFO - Filling up the DagBag from /home/airflow/.local/lib/python3.7/site-packages/airflow/example_dags/example_task_group_decorator.py
[2022-01-03 13:21:32,344] {processor.py:637} INFO - DAG(s) dict_keys(['example_task_group_decorator']) retrieved from /home/airflow/.local/lib/python3.7/site-packages/airflow/example_dags/example_task_group_decorator.py
[2022-01-03 13:21:32,706] {logging_mixin.py:109} INFO - [2022-01-03 13:21:32,706] {dag.py:2396} INFO - Sync 1 DAGs
[2022-01-03 13:21:32,723] {logging_mixin.py:109} INFO - [2022-01-03 13:21:32,723] {dag.py:2928} INFO - Setting next_dagrun for example_task_group_decorator to 2022-01-02T13:21:32.723157+00:00
[2022-01-03 13:21:32,742] {processor.py:171} INFO - Processing /home/airflow/.local/lib/python3.7/site-packages/airflow/example_dags/example_task_group_decorator.py took 0.451 seconds
[2022-01-03 13:22:02,873] {processor.py:163} INFO - Started process (PID=943) to work on /home/airflow/.local/lib/python3.7/site-packages/airflow/example_dags/example_task_group_decorator.py
[2022-01-03 13:22:02,891] {processor.py:625} INFO - Processing file /home/airflow/.local/lib/python3.7/site-packages/airflow/example_dags/example_task_group_decorator.py for tasks to queue
[2022-01-03 13:22:02,891] {logging_mixin.py:109} INFO - [2022-01-03 13:22:02,891] {dagbag.py:500} INFO - Filling up the DagBag from /home/airflow/.local/lib/python3.7/site-packages/airflow/example_dags/example_task_group_decorator.py
[2022-01-03 13:22:03,008] {processor.py:637} INFO - DAG(s) dict_keys(['example_task_group_decorator']) retrieved from /home/airflow/.local/lib/python3.7/site-packages/airflow/example_dags/example_task_group_decorator.py
[2022-01-03 13:22:03,607] {logging_mixin.py:109} INFO - [2022-01-03 13:22:03,607] {dag.py:2396} INFO - Sync 1 DAGs
[2022-01-03 13:22:03,632] {logging_mixin.py:109} INFO - [2022-01-03 13:22:03,632] {dag.py:2928} INFO - Setting next_dagrun for example_task_group_decorator to 2022-01-02T13:22:03.631918+00:00
[2022-01-03 13:22:03,647] {processor.py:171} INFO - Processing /home/airflow/.local/lib/python3.7/site-packages/airflow/example_dags/example_task_group_decorator.py took 0.790 seconds
[2022-01-03 13:22:34,004] {processor.py:163} INFO - Started process (PID=994) to work on /home/airflow/.local/lib/python3.7/site-packages/airflow/example_dags/example_task_group_decorator.py
[2022-01-03 13:22:34,007] {processor.py:625} INFO - Processing file /home/airflow/.local/lib/python3.7/site-packages/airflow/example_dags/example_task_group_decorator.py for tasks to queue
[2022-01-03 13:22:34,008] {logging_mixin.py:109} INFO - [2022-01-03 13:22:34,008] {dagbag.py:500} INFO - Filling up the DagBag from /home/airflow/.local/lib/python3.7/site-packages/airflow/example_dags/example_task_group_decorator.py
[2022-01-03 13:22:34,230] {processor.py:637} INFO - DAG(s) dict_keys(['example_task_group_decorator']) retrieved from /home/airflow/.local/lib/python3.7/site-packages/airflow/example_dags/example_task_group_decorator.py
[2022-01-03 13:22:34,943] {logging_mixin.py:109} INFO - [2022-01-03 13:22:34,943] {dag.py:2396} INFO - Sync 1 DAGs
[2022-01-03 13:22:34,961] {logging_mixin.py:109} INFO - [2022-01-03 13:22:34,961] {dag.py:2928} INFO - Setting next_dagrun for example_task_group_decorator to 2022-01-02T13:22:34.960893+00:00
[2022-01-03 13:22:34,973] {processor.py:171} INFO - Processing /home/airflow/.local/lib/python3.7/site-packages/airflow/example_dags/example_task_group_decorator.py took 0.974 seconds
[2022-01-03 13:23:05,122] {processor.py:163} INFO - Started process (PID=1056) to work on /home/airflow/.local/lib/python3.7/site-packages/airflow/example_dags/example_task_group_decorator.py
[2022-01-03 13:23:05,127] {processor.py:625} INFO - Processing file /home/airflow/.local/lib/python3.7/site-packages/airflow/example_dags/example_task_group_decorator.py for tasks to queue
[2022-01-03 13:23:05,128] {logging_mixin.py:109} INFO - [2022-01-03 13:23:05,128] {dagbag.py:500} INFO - Filling up the DagBag from /home/airflow/.local/lib/python3.7/site-packages/airflow/example_dags/example_task_group_decorator.py
[2022-01-03 13:23:05,290] {processor.py:637} INFO - DAG(s) dict_keys(['example_task_group_decorator']) retrieved from /home/airflow/.local/lib/python3.7/site-packages/airflow/example_dags/example_task_group_decorator.py
[2022-01-03 13:23:06,349] {logging_mixin.py:109} INFO - [2022-01-03 13:23:06,349] {dag.py:2396} INFO - Sync 1 DAGs
[2022-01-03 13:23:06,367] {logging_mixin.py:109} INFO - [2022-01-03 13:23:06,366] {dag.py:2928} INFO - Setting next_dagrun for example_task_group_decorator to 2022-01-02T13:23:06.366766+00:00
[2022-01-03 13:23:06,387] {processor.py:171} INFO - Processing /home/airflow/.local/lib/python3.7/site-packages/airflow/example_dags/example_task_group_decorator.py took 1.281 seconds
[2022-01-03 13:23:36,500] {processor.py:163} INFO - Started process (PID=1107) to work on /home/airflow/.local/lib/python3.7/site-packages/airflow/example_dags/example_task_group_decorator.py
[2022-01-03 13:23:36,502] {processor.py:625} INFO - Processing file /home/airflow/.local/lib/python3.7/site-packages/airflow/example_dags/example_task_group_decorator.py for tasks to queue
[2022-01-03 13:23:36,503] {logging_mixin.py:109} INFO - [2022-01-03 13:23:36,503] {dagbag.py:500} INFO - Filling up the DagBag from /home/airflow/.local/lib/python3.7/site-packages/airflow/example_dags/example_task_group_decorator.py
[2022-01-03 13:23:36,563] {processor.py:637} INFO - DAG(s) dict_keys(['example_task_group_decorator']) retrieved from /home/airflow/.local/lib/python3.7/site-packages/airflow/example_dags/example_task_group_decorator.py
[2022-01-03 13:23:37,312] {logging_mixin.py:109} INFO - [2022-01-03 13:23:37,311] {dag.py:2396} INFO - Sync 1 DAGs
[2022-01-03 13:23:37,343] {logging_mixin.py:109} INFO - [2022-01-03 13:23:37,343] {dag.py:2928} INFO - Setting next_dagrun for example_task_group_decorator to 2022-01-02T13:23:37.342893+00:00
[2022-01-03 13:23:37,363] {processor.py:171} INFO - Processing /home/airflow/.local/lib/python3.7/site-packages/airflow/example_dags/example_task_group_decorator.py took 0.867 seconds
[2022-01-03 13:24:07,780] {processor.py:163} INFO - Started process (PID=1159) to work on /home/airflow/.local/lib/python3.7/site-packages/airflow/example_dags/example_task_group_decorator.py
[2022-01-03 13:24:07,794] {processor.py:625} INFO - Processing file /home/airflow/.local/lib/python3.7/site-packages/airflow/example_dags/example_task_group_decorator.py for tasks to queue
[2022-01-03 13:24:07,797] {logging_mixin.py:109} INFO - [2022-01-03 13:24:07,797] {dagbag.py:500} INFO - Filling up the DagBag from /home/airflow/.local/lib/python3.7/site-packages/airflow/example_dags/example_task_group_decorator.py
[2022-01-03 13:24:07,875] {processor.py:637} INFO - DAG(s) dict_keys(['example_task_group_decorator']) retrieved from /home/airflow/.local/lib/python3.7/site-packages/airflow/example_dags/example_task_group_decorator.py
[2022-01-03 13:24:08,280] {logging_mixin.py:109} INFO - [2022-01-03 13:24:08,280] {dag.py:2396} INFO - Sync 1 DAGs
[2022-01-03 13:24:08,300] {logging_mixin.py:109} INFO - [2022-01-03 13:24:08,300] {dag.py:2928} INFO - Setting next_dagrun for example_task_group_decorator to 2022-01-02T13:24:08.299933+00:00
[2022-01-03 13:24:08,315] {processor.py:171} INFO - Processing /home/airflow/.local/lib/python3.7/site-packages/airflow/example_dags/example_task_group_decorator.py took 0.541 seconds
[2022-01-03 13:24:39,284] {processor.py:163} INFO - Started process (PID=1211) to work on /home/airflow/.local/lib/python3.7/site-packages/airflow/example_dags/example_task_group_decorator.py
[2022-01-03 13:24:39,287] {processor.py:625} INFO - Processing file /home/airflow/.local/lib/python3.7/site-packages/airflow/example_dags/example_task_group_decorator.py for tasks to queue
[2022-01-03 13:24:39,288] {logging_mixin.py:109} INFO - [2022-01-03 13:24:39,287] {dagbag.py:500} INFO - Filling up the DagBag from /home/airflow/.local/lib/python3.7/site-packages/airflow/example_dags/example_task_group_decorator.py
[2022-01-03 13:24:39,346] {processor.py:637} INFO - DAG(s) dict_keys(['example_task_group_decorator']) retrieved from /home/airflow/.local/lib/python3.7/site-packages/airflow/example_dags/example_task_group_decorator.py
[2022-01-03 13:24:39,766] {logging_mixin.py:109} INFO - [2022-01-03 13:24:39,766] {dag.py:2396} INFO - Sync 1 DAGs
[2022-01-03 13:24:39,782] {logging_mixin.py:109} INFO - [2022-01-03 13:24:39,782] {dag.py:2928} INFO - Setting next_dagrun for example_task_group_decorator to 2022-01-02T13:24:39.781907+00:00
[2022-01-03 13:24:39,795] {processor.py:171} INFO - Processing /home/airflow/.local/lib/python3.7/site-packages/airflow/example_dags/example_task_group_decorator.py took 0.521 seconds
[2022-01-03 13:25:10,470] {processor.py:163} INFO - Started process (PID=1270) to work on /home/airflow/.local/lib/python3.7/site-packages/airflow/example_dags/example_task_group_decorator.py
[2022-01-03 13:25:10,476] {processor.py:625} INFO - Processing file /home/airflow/.local/lib/python3.7/site-packages/airflow/example_dags/example_task_group_decorator.py for tasks to queue
[2022-01-03 13:25:10,477] {logging_mixin.py:109} INFO - [2022-01-03 13:25:10,477] {dagbag.py:500} INFO - Filling up the DagBag from /home/airflow/.local/lib/python3.7/site-packages/airflow/example_dags/example_task_group_decorator.py
[2022-01-03 13:25:10,537] {processor.py:637} INFO - DAG(s) dict_keys(['example_task_group_decorator']) retrieved from /home/airflow/.local/lib/python3.7/site-packages/airflow/example_dags/example_task_group_decorator.py
[2022-01-03 13:25:10,896] {logging_mixin.py:109} INFO - [2022-01-03 13:25:10,896] {dag.py:2396} INFO - Sync 1 DAGs
[2022-01-03 13:25:10,912] {logging_mixin.py:109} INFO - [2022-01-03 13:25:10,912] {dag.py:2928} INFO - Setting next_dagrun for example_task_group_decorator to 2022-01-02T13:25:10.912579+00:00
[2022-01-03 13:25:10,929] {processor.py:171} INFO - Processing /home/airflow/.local/lib/python3.7/site-packages/airflow/example_dags/example_task_group_decorator.py took 0.463 seconds
[2022-01-03 13:25:40,996] {processor.py:163} INFO - Started process (PID=1327) to work on /home/airflow/.local/lib/python3.7/site-packages/airflow/example_dags/example_task_group_decorator.py
[2022-01-03 13:25:41,007] {processor.py:625} INFO - Processing file /home/airflow/.local/lib/python3.7/site-packages/airflow/example_dags/example_task_group_decorator.py for tasks to queue
[2022-01-03 13:25:41,010] {logging_mixin.py:109} INFO - [2022-01-03 13:25:41,009] {dagbag.py:500} INFO - Filling up the DagBag from /home/airflow/.local/lib/python3.7/site-packages/airflow/example_dags/example_task_group_decorator.py
[2022-01-03 13:25:41,092] {processor.py:637} INFO - DAG(s) dict_keys(['example_task_group_decorator']) retrieved from /home/airflow/.local/lib/python3.7/site-packages/airflow/example_dags/example_task_group_decorator.py
[2022-01-03 13:25:41,511] {logging_mixin.py:109} INFO - [2022-01-03 13:25:41,511] {dag.py:2396} INFO - Sync 1 DAGs
[2022-01-03 13:25:41,536] {logging_mixin.py:109} INFO - [2022-01-03 13:25:41,536] {dag.py:2928} INFO - Setting next_dagrun for example_task_group_decorator to 2022-01-02T13:25:41.536304+00:00
[2022-01-03 13:25:41,557] {processor.py:171} INFO - Processing /home/airflow/.local/lib/python3.7/site-packages/airflow/example_dags/example_task_group_decorator.py took 0.571 seconds
[2022-01-03 13:26:12,411] {processor.py:163} INFO - Started process (PID=1379) to work on /home/airflow/.local/lib/python3.7/site-packages/airflow/example_dags/example_task_group_decorator.py
[2022-01-03 13:26:12,412] {processor.py:625} INFO - Processing file /home/airflow/.local/lib/python3.7/site-packages/airflow/example_dags/example_task_group_decorator.py for tasks to queue
[2022-01-03 13:26:12,414] {logging_mixin.py:109} INFO - [2022-01-03 13:26:12,413] {dagbag.py:500} INFO - Filling up the DagBag from /home/airflow/.local/lib/python3.7/site-packages/airflow/example_dags/example_task_group_decorator.py
[2022-01-03 13:26:12,489] {processor.py:637} INFO - DAG(s) dict_keys(['example_task_group_decorator']) retrieved from /home/airflow/.local/lib/python3.7/site-packages/airflow/example_dags/example_task_group_decorator.py
[2022-01-03 13:26:13,080] {logging_mixin.py:109} INFO - [2022-01-03 13:26:13,080] {dag.py:2396} INFO - Sync 1 DAGs
[2022-01-03 13:26:13,121] {logging_mixin.py:109} INFO - [2022-01-03 13:26:13,121] {dag.py:2928} INFO - Setting next_dagrun for example_task_group_decorator to 2022-01-02T13:26:13.121032+00:00
[2022-01-03 13:26:13,161] {processor.py:171} INFO - Processing /home/airflow/.local/lib/python3.7/site-packages/airflow/example_dags/example_task_group_decorator.py took 0.765 seconds
[2022-01-03 13:26:43,253] {processor.py:163} INFO - Started process (PID=1430) to work on /home/airflow/.local/lib/python3.7/site-packages/airflow/example_dags/example_task_group_decorator.py
[2022-01-03 13:26:43,254] {processor.py:625} INFO - Processing file /home/airflow/.local/lib/python3.7/site-packages/airflow/example_dags/example_task_group_decorator.py for tasks to queue
[2022-01-03 13:26:43,255] {logging_mixin.py:109} INFO - [2022-01-03 13:26:43,255] {dagbag.py:500} INFO - Filling up the DagBag from /home/airflow/.local/lib/python3.7/site-packages/airflow/example_dags/example_task_group_decorator.py
[2022-01-03 13:26:43,323] {processor.py:637} INFO - DAG(s) dict_keys(['example_task_group_decorator']) retrieved from /home/airflow/.local/lib/python3.7/site-packages/airflow/example_dags/example_task_group_decorator.py
[2022-01-03 13:26:43,919] {logging_mixin.py:109} INFO - [2022-01-03 13:26:43,919] {dag.py:2396} INFO - Sync 1 DAGs
[2022-01-03 13:26:43,951] {logging_mixin.py:109} INFO - [2022-01-03 13:26:43,951] {dag.py:2928} INFO - Setting next_dagrun for example_task_group_decorator to 2022-01-02T13:26:43.951225+00:00
[2022-01-03 13:26:43,971] {processor.py:171} INFO - Processing /home/airflow/.local/lib/python3.7/site-packages/airflow/example_dags/example_task_group_decorator.py took 0.722 seconds
[2022-01-03 13:27:14,801] {processor.py:163} INFO - Started process (PID=1485) to work on /home/airflow/.local/lib/python3.7/site-packages/airflow/example_dags/example_task_group_decorator.py
[2022-01-03 13:27:14,810] {processor.py:625} INFO - Processing file /home/airflow/.local/lib/python3.7/site-packages/airflow/example_dags/example_task_group_decorator.py for tasks to queue
[2022-01-03 13:27:14,810] {logging_mixin.py:109} INFO - [2022-01-03 13:27:14,810] {dagbag.py:500} INFO - Filling up the DagBag from /home/airflow/.local/lib/python3.7/site-packages/airflow/example_dags/example_task_group_decorator.py
[2022-01-03 13:27:14,920] {processor.py:637} INFO - DAG(s) dict_keys(['example_task_group_decorator']) retrieved from /home/airflow/.local/lib/python3.7/site-packages/airflow/example_dags/example_task_group_decorator.py
[2022-01-03 13:27:15,456] {logging_mixin.py:109} INFO - [2022-01-03 13:27:15,456] {dag.py:2396} INFO - Sync 1 DAGs
[2022-01-03 13:27:15,479] {logging_mixin.py:109} INFO - [2022-01-03 13:27:15,479] {dag.py:2928} INFO - Setting next_dagrun for example_task_group_decorator to 2022-01-02T13:27:15.479082+00:00
[2022-01-03 13:27:15,495] {processor.py:171} INFO - Processing /home/airflow/.local/lib/python3.7/site-packages/airflow/example_dags/example_task_group_decorator.py took 0.702 seconds
[2022-01-03 13:27:46,386] {processor.py:163} INFO - Started process (PID=1540) to work on /home/airflow/.local/lib/python3.7/site-packages/airflow/example_dags/example_task_group_decorator.py
[2022-01-03 13:27:46,387] {processor.py:625} INFO - Processing file /home/airflow/.local/lib/python3.7/site-packages/airflow/example_dags/example_task_group_decorator.py for tasks to queue
[2022-01-03 13:27:46,387] {logging_mixin.py:109} INFO - [2022-01-03 13:27:46,387] {dagbag.py:500} INFO - Filling up the DagBag from /home/airflow/.local/lib/python3.7/site-packages/airflow/example_dags/example_task_group_decorator.py
[2022-01-03 13:27:46,434] {processor.py:637} INFO - DAG(s) dict_keys(['example_task_group_decorator']) retrieved from /home/airflow/.local/lib/python3.7/site-packages/airflow/example_dags/example_task_group_decorator.py
[2022-01-03 13:27:46,844] {logging_mixin.py:109} INFO - [2022-01-03 13:27:46,844] {dag.py:2396} INFO - Sync 1 DAGs
[2022-01-03 13:27:46,867] {logging_mixin.py:109} INFO - [2022-01-03 13:27:46,867] {dag.py:2928} INFO - Setting next_dagrun for example_task_group_decorator to 2022-01-02T13:27:46.867324+00:00
[2022-01-03 13:27:46,881] {processor.py:171} INFO - Processing /home/airflow/.local/lib/python3.7/site-packages/airflow/example_dags/example_task_group_decorator.py took 0.499 seconds
[2022-01-03 13:28:17,448] {processor.py:163} INFO - Started process (PID=1594) to work on /home/airflow/.local/lib/python3.7/site-packages/airflow/example_dags/example_task_group_decorator.py
[2022-01-03 13:28:17,449] {processor.py:625} INFO - Processing file /home/airflow/.local/lib/python3.7/site-packages/airflow/example_dags/example_task_group_decorator.py for tasks to queue
[2022-01-03 13:28:17,450] {logging_mixin.py:109} INFO - [2022-01-03 13:28:17,450] {dagbag.py:500} INFO - Filling up the DagBag from /home/airflow/.local/lib/python3.7/site-packages/airflow/example_dags/example_task_group_decorator.py
[2022-01-03 13:28:17,521] {processor.py:637} INFO - DAG(s) dict_keys(['example_task_group_decorator']) retrieved from /home/airflow/.local/lib/python3.7/site-packages/airflow/example_dags/example_task_group_decorator.py
[2022-01-03 13:28:17,995] {logging_mixin.py:109} INFO - [2022-01-03 13:28:17,995] {dag.py:2396} INFO - Sync 1 DAGs
[2022-01-03 13:28:18,022] {logging_mixin.py:109} INFO - [2022-01-03 13:28:18,021] {dag.py:2928} INFO - Setting next_dagrun for example_task_group_decorator to 2022-01-02T13:28:18.021702+00:00
[2022-01-03 13:28:18,050] {processor.py:171} INFO - Processing /home/airflow/.local/lib/python3.7/site-packages/airflow/example_dags/example_task_group_decorator.py took 0.606 seconds
[2022-01-03 13:28:48,393] {processor.py:163} INFO - Started process (PID=1647) to work on /home/airflow/.local/lib/python3.7/site-packages/airflow/example_dags/example_task_group_decorator.py
[2022-01-03 13:28:48,394] {processor.py:625} INFO - Processing file /home/airflow/.local/lib/python3.7/site-packages/airflow/example_dags/example_task_group_decorator.py for tasks to queue
[2022-01-03 13:28:48,395] {logging_mixin.py:109} INFO - [2022-01-03 13:28:48,395] {dagbag.py:500} INFO - Filling up the DagBag from /home/airflow/.local/lib/python3.7/site-packages/airflow/example_dags/example_task_group_decorator.py
[2022-01-03 13:28:48,452] {processor.py:637} INFO - DAG(s) dict_keys(['example_task_group_decorator']) retrieved from /home/airflow/.local/lib/python3.7/site-packages/airflow/example_dags/example_task_group_decorator.py
[2022-01-03 13:28:48,878] {logging_mixin.py:109} INFO - [2022-01-03 13:28:48,878] {dag.py:2396} INFO - Sync 1 DAGs
[2022-01-03 13:28:48,909] {logging_mixin.py:109} INFO - [2022-01-03 13:28:48,909] {dag.py:2928} INFO - Setting next_dagrun for example_task_group_decorator to 2022-01-02T13:28:48.908815+00:00
[2022-01-03 13:28:48,936] {processor.py:171} INFO - Processing /home/airflow/.local/lib/python3.7/site-packages/airflow/example_dags/example_task_group_decorator.py took 0.547 seconds
[2022-01-03 13:29:19,714] {processor.py:163} INFO - Started process (PID=1699) to work on /home/airflow/.local/lib/python3.7/site-packages/airflow/example_dags/example_task_group_decorator.py
[2022-01-03 13:29:19,722] {processor.py:625} INFO - Processing file /home/airflow/.local/lib/python3.7/site-packages/airflow/example_dags/example_task_group_decorator.py for tasks to queue
[2022-01-03 13:29:19,725] {logging_mixin.py:109} INFO - [2022-01-03 13:29:19,724] {dagbag.py:500} INFO - Filling up the DagBag from /home/airflow/.local/lib/python3.7/site-packages/airflow/example_dags/example_task_group_decorator.py
[2022-01-03 13:29:19,841] {processor.py:637} INFO - DAG(s) dict_keys(['example_task_group_decorator']) retrieved from /home/airflow/.local/lib/python3.7/site-packages/airflow/example_dags/example_task_group_decorator.py
[2022-01-03 13:29:20,295] {logging_mixin.py:109} INFO - [2022-01-03 13:29:20,295] {dag.py:2396} INFO - Sync 1 DAGs
[2022-01-03 13:29:20,317] {logging_mixin.py:109} INFO - [2022-01-03 13:29:20,317] {dag.py:2928} INFO - Setting next_dagrun for example_task_group_decorator to 2022-01-02T13:29:20.316986+00:00
[2022-01-03 13:29:20,339] {processor.py:171} INFO - Processing /home/airflow/.local/lib/python3.7/site-packages/airflow/example_dags/example_task_group_decorator.py took 0.635 seconds
[2022-01-03 13:29:50,967] {processor.py:163} INFO - Started process (PID=1758) to work on /home/airflow/.local/lib/python3.7/site-packages/airflow/example_dags/example_task_group_decorator.py
[2022-01-03 13:29:50,972] {processor.py:625} INFO - Processing file /home/airflow/.local/lib/python3.7/site-packages/airflow/example_dags/example_task_group_decorator.py for tasks to queue
[2022-01-03 13:29:50,974] {logging_mixin.py:109} INFO - [2022-01-03 13:29:50,974] {dagbag.py:500} INFO - Filling up the DagBag from /home/airflow/.local/lib/python3.7/site-packages/airflow/example_dags/example_task_group_decorator.py
[2022-01-03 13:29:51,063] {processor.py:637} INFO - DAG(s) dict_keys(['example_task_group_decorator']) retrieved from /home/airflow/.local/lib/python3.7/site-packages/airflow/example_dags/example_task_group_decorator.py
[2022-01-03 13:29:51,499] {logging_mixin.py:109} INFO - [2022-01-03 13:29:51,498] {dag.py:2396} INFO - Sync 1 DAGs
[2022-01-03 13:29:51,518] {logging_mixin.py:109} INFO - [2022-01-03 13:29:51,518] {dag.py:2928} INFO - Setting next_dagrun for example_task_group_decorator to 2022-01-02T13:29:51.517964+00:00
[2022-01-03 13:29:51,533] {processor.py:171} INFO - Processing /home/airflow/.local/lib/python3.7/site-packages/airflow/example_dags/example_task_group_decorator.py took 0.578 seconds
[2022-01-03 13:30:21,901] {processor.py:163} INFO - Started process (PID=1810) to work on /home/airflow/.local/lib/python3.7/site-packages/airflow/example_dags/example_task_group_decorator.py
[2022-01-03 13:30:21,907] {processor.py:625} INFO - Processing file /home/airflow/.local/lib/python3.7/site-packages/airflow/example_dags/example_task_group_decorator.py for tasks to queue
[2022-01-03 13:30:21,908] {logging_mixin.py:109} INFO - [2022-01-03 13:30:21,908] {dagbag.py:500} INFO - Filling up the DagBag from /home/airflow/.local/lib/python3.7/site-packages/airflow/example_dags/example_task_group_decorator.py
[2022-01-03 13:30:21,967] {processor.py:637} INFO - DAG(s) dict_keys(['example_task_group_decorator']) retrieved from /home/airflow/.local/lib/python3.7/site-packages/airflow/example_dags/example_task_group_decorator.py
[2022-01-03 13:30:22,811] {logging_mixin.py:109} INFO - [2022-01-03 13:30:22,811] {dag.py:2396} INFO - Sync 1 DAGs
[2022-01-03 13:30:22,852] {logging_mixin.py:109} INFO - [2022-01-03 13:30:22,851] {dag.py:2928} INFO - Setting next_dagrun for example_task_group_decorator to 2022-01-02T13:30:22.851656+00:00
[2022-01-03 13:30:22,892] {processor.py:171} INFO - Processing /home/airflow/.local/lib/python3.7/site-packages/airflow/example_dags/example_task_group_decorator.py took 0.995 seconds
[2022-01-03 13:30:53,201] {processor.py:163} INFO - Started process (PID=1864) to work on /home/airflow/.local/lib/python3.7/site-packages/airflow/example_dags/example_task_group_decorator.py
[2022-01-03 13:30:53,204] {processor.py:625} INFO - Processing file /home/airflow/.local/lib/python3.7/site-packages/airflow/example_dags/example_task_group_decorator.py for tasks to queue
[2022-01-03 13:30:53,205] {logging_mixin.py:109} INFO - [2022-01-03 13:30:53,205] {dagbag.py:500} INFO - Filling up the DagBag from /home/airflow/.local/lib/python3.7/site-packages/airflow/example_dags/example_task_group_decorator.py
[2022-01-03 13:30:53,283] {processor.py:637} INFO - DAG(s) dict_keys(['example_task_group_decorator']) retrieved from /home/airflow/.local/lib/python3.7/site-packages/airflow/example_dags/example_task_group_decorator.py
[2022-01-03 13:30:54,001] {logging_mixin.py:109} INFO - [2022-01-03 13:30:54,001] {dag.py:2396} INFO - Sync 1 DAGs
[2022-01-03 13:30:54,033] {logging_mixin.py:109} INFO - [2022-01-03 13:30:54,033] {dag.py:2928} INFO - Setting next_dagrun for example_task_group_decorator to 2022-01-02T13:30:54.033131+00:00
[2022-01-03 13:30:54,053] {processor.py:171} INFO - Processing /home/airflow/.local/lib/python3.7/site-packages/airflow/example_dags/example_task_group_decorator.py took 0.858 seconds
[2022-01-03 13:31:24,221] {processor.py:163} INFO - Started process (PID=1926) to work on /home/airflow/.local/lib/python3.7/site-packages/airflow/example_dags/example_task_group_decorator.py
[2022-01-03 13:31:24,238] {processor.py:625} INFO - Processing file /home/airflow/.local/lib/python3.7/site-packages/airflow/example_dags/example_task_group_decorator.py for tasks to queue
[2022-01-03 13:31:24,239] {logging_mixin.py:109} INFO - [2022-01-03 13:31:24,238] {dagbag.py:500} INFO - Filling up the DagBag from /home/airflow/.local/lib/python3.7/site-packages/airflow/example_dags/example_task_group_decorator.py
[2022-01-03 13:31:24,469] {processor.py:637} INFO - DAG(s) dict_keys(['example_task_group_decorator']) retrieved from /home/airflow/.local/lib/python3.7/site-packages/airflow/example_dags/example_task_group_decorator.py
[2022-01-03 13:31:25,076] {logging_mixin.py:109} INFO - [2022-01-03 13:31:25,076] {dag.py:2396} INFO - Sync 1 DAGs
[2022-01-03 13:31:25,108] {logging_mixin.py:109} INFO - [2022-01-03 13:31:25,107] {dag.py:2928} INFO - Setting next_dagrun for example_task_group_decorator to 2022-01-02T13:31:25.107609+00:00
[2022-01-03 13:31:25,133] {processor.py:171} INFO - Processing /home/airflow/.local/lib/python3.7/site-packages/airflow/example_dags/example_task_group_decorator.py took 0.926 seconds
[2022-01-03 13:31:55,218] {processor.py:163} INFO - Started process (PID=1978) to work on /home/airflow/.local/lib/python3.7/site-packages/airflow/example_dags/example_task_group_decorator.py
[2022-01-03 13:31:55,219] {processor.py:625} INFO - Processing file /home/airflow/.local/lib/python3.7/site-packages/airflow/example_dags/example_task_group_decorator.py for tasks to queue
[2022-01-03 13:31:55,220] {logging_mixin.py:109} INFO - [2022-01-03 13:31:55,220] {dagbag.py:500} INFO - Filling up the DagBag from /home/airflow/.local/lib/python3.7/site-packages/airflow/example_dags/example_task_group_decorator.py
[2022-01-03 13:31:55,303] {processor.py:637} INFO - DAG(s) dict_keys(['example_task_group_decorator']) retrieved from /home/airflow/.local/lib/python3.7/site-packages/airflow/example_dags/example_task_group_decorator.py
[2022-01-03 13:31:55,748] {logging_mixin.py:109} INFO - [2022-01-03 13:31:55,748] {dag.py:2396} INFO - Sync 1 DAGs
[2022-01-03 13:31:55,778] {logging_mixin.py:109} INFO - [2022-01-03 13:31:55,778] {dag.py:2928} INFO - Setting next_dagrun for example_task_group_decorator to 2022-01-02T13:31:55.777802+00:00
[2022-01-03 13:31:55,815] {processor.py:171} INFO - Processing /home/airflow/.local/lib/python3.7/site-packages/airflow/example_dags/example_task_group_decorator.py took 0.607 seconds
[2022-01-03 13:37:53,434] {processor.py:163} INFO - Started process (PID=112) to work on /home/airflow/.local/lib/python3.7/site-packages/airflow/example_dags/example_task_group_decorator.py
[2022-01-03 13:37:53,451] {processor.py:625} INFO - Processing file /home/airflow/.local/lib/python3.7/site-packages/airflow/example_dags/example_task_group_decorator.py for tasks to queue
[2022-01-03 13:37:53,459] {logging_mixin.py:109} INFO - [2022-01-03 13:37:53,455] {dagbag.py:500} INFO - Filling up the DagBag from /home/airflow/.local/lib/python3.7/site-packages/airflow/example_dags/example_task_group_decorator.py
[2022-01-03 13:37:53,754] {processor.py:637} INFO - DAG(s) dict_keys(['example_task_group_decorator']) retrieved from /home/airflow/.local/lib/python3.7/site-packages/airflow/example_dags/example_task_group_decorator.py
[2022-01-03 13:37:56,719] {logging_mixin.py:109} INFO - [2022-01-03 13:37:56,719] {providers_manager.py:156} WARNING - Exception when importing 'airflow.providers.google.leveldb.hooks.leveldb.LevelDBHook' from 'apache-airflow-providers-google' package: No module named 'plyvel'
[2022-01-03 13:37:57,476] {logging_mixin.py:109} INFO - [2022-01-03 13:37:57,476] {providers_manager.py:156} WARNING - Exception when importing 'airflow.providers.google.leveldb.hooks.leveldb.LevelDBHook' from 'apache-airflow-providers-google' package: No module named 'plyvel'
[2022-01-03 13:37:57,516] {logging_mixin.py:109} INFO - [2022-01-03 13:37:57,516] {manager.py:496} INFO - Created Permission View: can edit on DAG:example_task_group_decorator
[2022-01-03 13:37:57,530] {logging_mixin.py:109} INFO - [2022-01-03 13:37:57,530] {manager.py:496} INFO - Created Permission View: can read on DAG:example_task_group_decorator
[2022-01-03 13:37:57,531] {logging_mixin.py:109} INFO - [2022-01-03 13:37:57,531] {dag.py:2396} INFO - Sync 1 DAGs
[2022-01-03 13:37:57,544] {logging_mixin.py:109} INFO - [2022-01-03 13:37:57,543] {dag.py:2415} INFO - Creating ORM DAG for example_task_group_decorator
[2022-01-03 13:37:57,559] {logging_mixin.py:109} INFO - [2022-01-03 13:37:57,559] {dag.py:2928} INFO - Setting next_dagrun for example_task_group_decorator to 2022-01-02T13:37:57.558724+00:00
[2022-01-03 13:37:57,581] {processor.py:171} INFO - Processing /home/airflow/.local/lib/python3.7/site-packages/airflow/example_dags/example_task_group_decorator.py took 4.183 seconds
[2022-01-03 13:38:35,161] {processor.py:163} INFO - Started process (PID=262) to work on /home/airflow/.local/lib/python3.7/site-packages/airflow/example_dags/example_task_group_decorator.py
[2022-01-03 13:38:35,165] {processor.py:625} INFO - Processing file /home/airflow/.local/lib/python3.7/site-packages/airflow/example_dags/example_task_group_decorator.py for tasks to queue
[2022-01-03 13:38:35,166] {logging_mixin.py:109} INFO - [2022-01-03 13:38:35,166] {dagbag.py:500} INFO - Filling up the DagBag from /home/airflow/.local/lib/python3.7/site-packages/airflow/example_dags/example_task_group_decorator.py
[2022-01-03 13:38:35,297] {processor.py:637} INFO - DAG(s) dict_keys(['example_task_group_decorator']) retrieved from /home/airflow/.local/lib/python3.7/site-packages/airflow/example_dags/example_task_group_decorator.py
[2022-01-03 13:38:35,890] {logging_mixin.py:109} INFO - [2022-01-03 13:38:35,890] {dag.py:2396} INFO - Sync 1 DAGs
[2022-01-03 13:38:35,914] {logging_mixin.py:109} INFO - [2022-01-03 13:38:35,914] {dag.py:2928} INFO - Setting next_dagrun for example_task_group_decorator to 2022-01-02T13:38:35.914107+00:00
[2022-01-03 13:38:35,944] {processor.py:171} INFO - Processing /home/airflow/.local/lib/python3.7/site-packages/airflow/example_dags/example_task_group_decorator.py took 0.799 seconds
[2022-01-03 13:39:06,092] {processor.py:163} INFO - Started process (PID=314) to work on /home/airflow/.local/lib/python3.7/site-packages/airflow/example_dags/example_task_group_decorator.py
[2022-01-03 13:39:06,101] {processor.py:625} INFO - Processing file /home/airflow/.local/lib/python3.7/site-packages/airflow/example_dags/example_task_group_decorator.py for tasks to queue
[2022-01-03 13:39:06,101] {logging_mixin.py:109} INFO - [2022-01-03 13:39:06,101] {dagbag.py:500} INFO - Filling up the DagBag from /home/airflow/.local/lib/python3.7/site-packages/airflow/example_dags/example_task_group_decorator.py
[2022-01-03 13:39:06,352] {processor.py:637} INFO - DAG(s) dict_keys(['example_task_group_decorator']) retrieved from /home/airflow/.local/lib/python3.7/site-packages/airflow/example_dags/example_task_group_decorator.py
[2022-01-03 13:39:06,889] {logging_mixin.py:109} INFO - [2022-01-03 13:39:06,889] {dag.py:2396} INFO - Sync 1 DAGs
[2022-01-03 13:39:06,908] {logging_mixin.py:109} INFO - [2022-01-03 13:39:06,908] {dag.py:2928} INFO - Setting next_dagrun for example_task_group_decorator to 2022-01-02T13:39:06.907689+00:00
[2022-01-03 13:39:06,924] {processor.py:171} INFO - Processing /home/airflow/.local/lib/python3.7/site-packages/airflow/example_dags/example_task_group_decorator.py took 0.841 seconds
[2022-01-03 13:42:47,008] {processor.py:163} INFO - Started process (PID=109) to work on /home/airflow/.local/lib/python3.7/site-packages/airflow/example_dags/example_task_group_decorator.py
[2022-01-03 13:42:47,009] {processor.py:625} INFO - Processing file /home/airflow/.local/lib/python3.7/site-packages/airflow/example_dags/example_task_group_decorator.py for tasks to queue
[2022-01-03 13:42:47,010] {logging_mixin.py:109} INFO - [2022-01-03 13:42:47,010] {dagbag.py:500} INFO - Filling up the DagBag from /home/airflow/.local/lib/python3.7/site-packages/airflow/example_dags/example_task_group_decorator.py
[2022-01-03 13:42:47,080] {processor.py:637} INFO - DAG(s) dict_keys(['example_task_group_decorator']) retrieved from /home/airflow/.local/lib/python3.7/site-packages/airflow/example_dags/example_task_group_decorator.py
[2022-01-03 13:42:49,418] {logging_mixin.py:109} INFO - [2022-01-03 13:42:49,418] {providers_manager.py:156} WARNING - Exception when importing 'airflow.providers.google.leveldb.hooks.leveldb.LevelDBHook' from 'apache-airflow-providers-google' package: No module named 'plyvel'
[2022-01-03 13:42:50,370] {logging_mixin.py:109} INFO - [2022-01-03 13:42:50,370] {providers_manager.py:156} WARNING - Exception when importing 'airflow.providers.google.leveldb.hooks.leveldb.LevelDBHook' from 'apache-airflow-providers-google' package: No module named 'plyvel'
[2022-01-03 13:42:50,431] {logging_mixin.py:109} INFO - [2022-01-03 13:42:50,431] {manager.py:496} INFO - Created Permission View: can read on DAG:example_task_group_decorator
[2022-01-03 13:42:50,455] {logging_mixin.py:109} INFO - [2022-01-03 13:42:50,455] {manager.py:496} INFO - Created Permission View: can edit on DAG:example_task_group_decorator
[2022-01-03 13:42:50,456] {logging_mixin.py:109} INFO - [2022-01-03 13:42:50,456] {dag.py:2396} INFO - Sync 1 DAGs
[2022-01-03 13:42:50,468] {logging_mixin.py:109} INFO - [2022-01-03 13:42:50,467] {dag.py:2415} INFO - Creating ORM DAG for example_task_group_decorator
[2022-01-03 13:42:50,487] {logging_mixin.py:109} INFO - [2022-01-03 13:42:50,486] {dag.py:2928} INFO - Setting next_dagrun for example_task_group_decorator to 2022-01-02T13:42:50.486603+00:00
[2022-01-03 13:42:50,526] {processor.py:171} INFO - Processing /home/airflow/.local/lib/python3.7/site-packages/airflow/example_dags/example_task_group_decorator.py took 3.521 seconds
[2022-01-03 13:43:27,810] {processor.py:163} INFO - Started process (PID=251) to work on /home/airflow/.local/lib/python3.7/site-packages/airflow/example_dags/example_task_group_decorator.py
[2022-01-03 13:43:27,812] {processor.py:625} INFO - Processing file /home/airflow/.local/lib/python3.7/site-packages/airflow/example_dags/example_task_group_decorator.py for tasks to queue
[2022-01-03 13:43:27,812] {logging_mixin.py:109} INFO - [2022-01-03 13:43:27,812] {dagbag.py:500} INFO - Filling up the DagBag from /home/airflow/.local/lib/python3.7/site-packages/airflow/example_dags/example_task_group_decorator.py
[2022-01-03 13:43:27,854] {processor.py:637} INFO - DAG(s) dict_keys(['example_task_group_decorator']) retrieved from /home/airflow/.local/lib/python3.7/site-packages/airflow/example_dags/example_task_group_decorator.py
[2022-01-03 13:43:28,168] {logging_mixin.py:109} INFO - [2022-01-03 13:43:28,168] {dag.py:2396} INFO - Sync 1 DAGs
[2022-01-03 13:43:28,185] {logging_mixin.py:109} INFO - [2022-01-03 13:43:28,185] {dag.py:2928} INFO - Setting next_dagrun for example_task_group_decorator to 2022-01-02T13:43:28.185012+00:00
[2022-01-03 13:43:28,197] {processor.py:171} INFO - Processing /home/airflow/.local/lib/python3.7/site-packages/airflow/example_dags/example_task_group_decorator.py took 0.391 seconds
[2022-01-03 13:43:58,926] {processor.py:163} INFO - Started process (PID=310) to work on /home/airflow/.local/lib/python3.7/site-packages/airflow/example_dags/example_task_group_decorator.py
[2022-01-03 13:43:58,927] {processor.py:625} INFO - Processing file /home/airflow/.local/lib/python3.7/site-packages/airflow/example_dags/example_task_group_decorator.py for tasks to queue
[2022-01-03 13:43:58,928] {logging_mixin.py:109} INFO - [2022-01-03 13:43:58,928] {dagbag.py:500} INFO - Filling up the DagBag from /home/airflow/.local/lib/python3.7/site-packages/airflow/example_dags/example_task_group_decorator.py
[2022-01-03 13:43:59,053] {processor.py:637} INFO - DAG(s) dict_keys(['example_task_group_decorator']) retrieved from /home/airflow/.local/lib/python3.7/site-packages/airflow/example_dags/example_task_group_decorator.py
[2022-01-03 13:43:59,747] {logging_mixin.py:109} INFO - [2022-01-03 13:43:59,747] {dag.py:2396} INFO - Sync 1 DAGs
[2022-01-03 13:43:59,773] {logging_mixin.py:109} INFO - [2022-01-03 13:43:59,773] {dag.py:2928} INFO - Setting next_dagrun for example_task_group_decorator to 2022-01-02T13:43:59.772624+00:00
[2022-01-03 13:43:59,807] {processor.py:171} INFO - Processing /home/airflow/.local/lib/python3.7/site-packages/airflow/example_dags/example_task_group_decorator.py took 0.886 seconds
[2022-01-03 13:44:30,188] {processor.py:163} INFO - Started process (PID=360) to work on /home/airflow/.local/lib/python3.7/site-packages/airflow/example_dags/example_task_group_decorator.py
[2022-01-03 13:44:30,191] {processor.py:625} INFO - Processing file /home/airflow/.local/lib/python3.7/site-packages/airflow/example_dags/example_task_group_decorator.py for tasks to queue
[2022-01-03 13:44:30,193] {logging_mixin.py:109} INFO - [2022-01-03 13:44:30,193] {dagbag.py:500} INFO - Filling up the DagBag from /home/airflow/.local/lib/python3.7/site-packages/airflow/example_dags/example_task_group_decorator.py
[2022-01-03 13:44:30,290] {processor.py:637} INFO - DAG(s) dict_keys(['example_task_group_decorator']) retrieved from /home/airflow/.local/lib/python3.7/site-packages/airflow/example_dags/example_task_group_decorator.py
[2022-01-03 13:44:30,644] {logging_mixin.py:109} INFO - [2022-01-03 13:44:30,644] {dag.py:2396} INFO - Sync 1 DAGs
[2022-01-03 13:44:30,662] {logging_mixin.py:109} INFO - [2022-01-03 13:44:30,661] {dag.py:2928} INFO - Setting next_dagrun for example_task_group_decorator to 2022-01-02T13:44:30.661715+00:00
[2022-01-03 13:44:30,674] {processor.py:171} INFO - Processing /home/airflow/.local/lib/python3.7/site-packages/airflow/example_dags/example_task_group_decorator.py took 0.496 seconds
[2022-01-03 13:45:01,036] {processor.py:163} INFO - Started process (PID=414) to work on /home/airflow/.local/lib/python3.7/site-packages/airflow/example_dags/example_task_group_decorator.py
[2022-01-03 13:45:01,037] {processor.py:625} INFO - Processing file /home/airflow/.local/lib/python3.7/site-packages/airflow/example_dags/example_task_group_decorator.py for tasks to queue
[2022-01-03 13:45:01,038] {logging_mixin.py:109} INFO - [2022-01-03 13:45:01,038] {dagbag.py:500} INFO - Filling up the DagBag from /home/airflow/.local/lib/python3.7/site-packages/airflow/example_dags/example_task_group_decorator.py
[2022-01-03 13:45:01,097] {processor.py:637} INFO - DAG(s) dict_keys(['example_task_group_decorator']) retrieved from /home/airflow/.local/lib/python3.7/site-packages/airflow/example_dags/example_task_group_decorator.py
[2022-01-03 13:45:01,521] {logging_mixin.py:109} INFO - [2022-01-03 13:45:01,521] {dag.py:2396} INFO - Sync 1 DAGs
[2022-01-03 13:45:01,541] {logging_mixin.py:109} INFO - [2022-01-03 13:45:01,541] {dag.py:2928} INFO - Setting next_dagrun for example_task_group_decorator to 2022-01-02T13:45:01.541477+00:00
[2022-01-03 13:45:01,553] {processor.py:171} INFO - Processing /home/airflow/.local/lib/python3.7/site-packages/airflow/example_dags/example_task_group_decorator.py took 0.521 seconds
[2022-01-03 13:45:31,762] {processor.py:163} INFO - Started process (PID=474) to work on /home/airflow/.local/lib/python3.7/site-packages/airflow/example_dags/example_task_group_decorator.py
[2022-01-03 13:45:31,764] {processor.py:625} INFO - Processing file /home/airflow/.local/lib/python3.7/site-packages/airflow/example_dags/example_task_group_decorator.py for tasks to queue
[2022-01-03 13:45:31,765] {logging_mixin.py:109} INFO - [2022-01-03 13:45:31,764] {dagbag.py:500} INFO - Filling up the DagBag from /home/airflow/.local/lib/python3.7/site-packages/airflow/example_dags/example_task_group_decorator.py
[2022-01-03 13:45:31,855] {processor.py:637} INFO - DAG(s) dict_keys(['example_task_group_decorator']) retrieved from /home/airflow/.local/lib/python3.7/site-packages/airflow/example_dags/example_task_group_decorator.py
[2022-01-03 13:45:32,280] {logging_mixin.py:109} INFO - [2022-01-03 13:45:32,279] {dag.py:2396} INFO - Sync 1 DAGs
[2022-01-03 13:45:32,300] {logging_mixin.py:109} INFO - [2022-01-03 13:45:32,300] {dag.py:2928} INFO - Setting next_dagrun for example_task_group_decorator to 2022-01-02T13:45:32.300278+00:00
[2022-01-03 13:45:32,315] {processor.py:171} INFO - Processing /home/airflow/.local/lib/python3.7/site-packages/airflow/example_dags/example_task_group_decorator.py took 0.557 seconds
[2022-01-03 13:46:02,770] {processor.py:163} INFO - Started process (PID=530) to work on /home/airflow/.local/lib/python3.7/site-packages/airflow/example_dags/example_task_group_decorator.py
[2022-01-03 13:46:02,771] {processor.py:625} INFO - Processing file /home/airflow/.local/lib/python3.7/site-packages/airflow/example_dags/example_task_group_decorator.py for tasks to queue
[2022-01-03 13:46:02,772] {logging_mixin.py:109} INFO - [2022-01-03 13:46:02,772] {dagbag.py:500} INFO - Filling up the DagBag from /home/airflow/.local/lib/python3.7/site-packages/airflow/example_dags/example_task_group_decorator.py
[2022-01-03 13:46:02,830] {processor.py:637} INFO - DAG(s) dict_keys(['example_task_group_decorator']) retrieved from /home/airflow/.local/lib/python3.7/site-packages/airflow/example_dags/example_task_group_decorator.py
[2022-01-03 13:46:03,269] {logging_mixin.py:109} INFO - [2022-01-03 13:46:03,269] {dag.py:2396} INFO - Sync 1 DAGs
[2022-01-03 13:46:03,288] {logging_mixin.py:109} INFO - [2022-01-03 13:46:03,288] {dag.py:2928} INFO - Setting next_dagrun for example_task_group_decorator to 2022-01-02T13:46:03.288093+00:00
[2022-01-03 13:46:03,299] {processor.py:171} INFO - Processing /home/airflow/.local/lib/python3.7/site-packages/airflow/example_dags/example_task_group_decorator.py took 0.533 seconds
[2022-01-03 13:46:33,790] {processor.py:163} INFO - Started process (PID=581) to work on /home/airflow/.local/lib/python3.7/site-packages/airflow/example_dags/example_task_group_decorator.py
[2022-01-03 13:46:33,794] {processor.py:625} INFO - Processing file /home/airflow/.local/lib/python3.7/site-packages/airflow/example_dags/example_task_group_decorator.py for tasks to queue
[2022-01-03 13:46:33,796] {logging_mixin.py:109} INFO - [2022-01-03 13:46:33,796] {dagbag.py:500} INFO - Filling up the DagBag from /home/airflow/.local/lib/python3.7/site-packages/airflow/example_dags/example_task_group_decorator.py
[2022-01-03 13:46:33,863] {processor.py:637} INFO - DAG(s) dict_keys(['example_task_group_decorator']) retrieved from /home/airflow/.local/lib/python3.7/site-packages/airflow/example_dags/example_task_group_decorator.py
[2022-01-03 13:46:34,165] {logging_mixin.py:109} INFO - [2022-01-03 13:46:34,165] {dag.py:2396} INFO - Sync 1 DAGs
[2022-01-03 13:46:34,181] {logging_mixin.py:109} INFO - [2022-01-03 13:46:34,181] {dag.py:2928} INFO - Setting next_dagrun for example_task_group_decorator to 2022-01-02T13:46:34.181299+00:00
[2022-01-03 13:46:34,192] {processor.py:171} INFO - Processing /home/airflow/.local/lib/python3.7/site-packages/airflow/example_dags/example_task_group_decorator.py took 0.416 seconds
