[2022-01-03 12:28:09,250] {processor.py:163} INFO - Started process (PID=131) to work on /home/airflow/.local/lib/python3.7/site-packages/airflow/example_dags/example_trigger_controller_dag.py
[2022-01-03 12:28:09,252] {processor.py:625} INFO - Processing file /home/airflow/.local/lib/python3.7/site-packages/airflow/example_dags/example_trigger_controller_dag.py for tasks to queue
[2022-01-03 12:28:09,253] {logging_mixin.py:109} INFO - [2022-01-03 12:28:09,252] {dagbag.py:500} INFO - Filling up the DagBag from /home/airflow/.local/lib/python3.7/site-packages/airflow/example_dags/example_trigger_controller_dag.py
[2022-01-03 12:28:09,293] {processor.py:637} INFO - DAG(s) dict_keys(['example_trigger_controller_dag']) retrieved from /home/airflow/.local/lib/python3.7/site-packages/airflow/example_dags/example_trigger_controller_dag.py
[2022-01-03 12:28:14,643] {logging_mixin.py:109} INFO - [2022-01-03 12:28:14,643] {providers_manager.py:156} WARNING - Exception when importing 'airflow.providers.google.leveldb.hooks.leveldb.LevelDBHook' from 'apache-airflow-providers-google' package: No module named 'plyvel'
[2022-01-03 12:28:16,973] {logging_mixin.py:109} INFO - [2022-01-03 12:28:16,973] {providers_manager.py:156} WARNING - Exception when importing 'airflow.providers.google.leveldb.hooks.leveldb.LevelDBHook' from 'apache-airflow-providers-google' package: No module named 'plyvel'
[2022-01-03 12:28:17,045] {logging_mixin.py:109} INFO - [2022-01-03 12:28:17,044] {manager.py:496} INFO - Created Permission View: can read on DAG:example_trigger_controller_dag
[2022-01-03 12:28:17,073] {logging_mixin.py:109} INFO - [2022-01-03 12:28:17,073] {manager.py:496} INFO - Created Permission View: can edit on DAG:example_trigger_controller_dag
[2022-01-03 12:28:17,077] {logging_mixin.py:109} INFO - [2022-01-03 12:28:17,073] {dag.py:2396} INFO - Sync 1 DAGs
[2022-01-03 12:28:17,106] {logging_mixin.py:109} INFO - [2022-01-03 12:28:17,101] {dag.py:2415} INFO - Creating ORM DAG for example_trigger_controller_dag
[2022-01-03 12:28:17,151] {logging_mixin.py:109} INFO - [2022-01-03 12:28:17,150] {dag.py:2928} INFO - Setting next_dagrun for example_trigger_controller_dag to 2021-01-01T00:00:00+00:00
[2022-01-03 12:28:17,197] {processor.py:171} INFO - Processing /home/airflow/.local/lib/python3.7/site-packages/airflow/example_dags/example_trigger_controller_dag.py took 7.951 seconds
[2022-01-03 12:29:00,557] {processor.py:163} INFO - Started process (PID=275) to work on /home/airflow/.local/lib/python3.7/site-packages/airflow/example_dags/example_trigger_controller_dag.py
[2022-01-03 12:29:00,558] {processor.py:625} INFO - Processing file /home/airflow/.local/lib/python3.7/site-packages/airflow/example_dags/example_trigger_controller_dag.py for tasks to queue
[2022-01-03 12:29:00,559] {logging_mixin.py:109} INFO - [2022-01-03 12:29:00,559] {dagbag.py:500} INFO - Filling up the DagBag from /home/airflow/.local/lib/python3.7/site-packages/airflow/example_dags/example_trigger_controller_dag.py
[2022-01-03 12:29:00,591] {processor.py:637} INFO - DAG(s) dict_keys(['example_trigger_controller_dag']) retrieved from /home/airflow/.local/lib/python3.7/site-packages/airflow/example_dags/example_trigger_controller_dag.py
[2022-01-03 12:29:00,603] {logging_mixin.py:109} INFO - [2022-01-03 12:29:00,603] {dag.py:2396} INFO - Sync 1 DAGs
[2022-01-03 12:29:00,625] {logging_mixin.py:109} INFO - [2022-01-03 12:29:00,624] {dag.py:2928} INFO - Setting next_dagrun for example_trigger_controller_dag to 2021-01-01T00:00:00+00:00
[2022-01-03 12:29:00,637] {processor.py:171} INFO - Processing /home/airflow/.local/lib/python3.7/site-packages/airflow/example_dags/example_trigger_controller_dag.py took 0.084 seconds
[2022-01-03 12:29:31,069] {processor.py:163} INFO - Started process (PID=324) to work on /home/airflow/.local/lib/python3.7/site-packages/airflow/example_dags/example_trigger_controller_dag.py
[2022-01-03 12:29:31,070] {processor.py:625} INFO - Processing file /home/airflow/.local/lib/python3.7/site-packages/airflow/example_dags/example_trigger_controller_dag.py for tasks to queue
[2022-01-03 12:29:31,072] {logging_mixin.py:109} INFO - [2022-01-03 12:29:31,071] {dagbag.py:500} INFO - Filling up the DagBag from /home/airflow/.local/lib/python3.7/site-packages/airflow/example_dags/example_trigger_controller_dag.py
[2022-01-03 12:29:31,118] {processor.py:637} INFO - DAG(s) dict_keys(['example_trigger_controller_dag']) retrieved from /home/airflow/.local/lib/python3.7/site-packages/airflow/example_dags/example_trigger_controller_dag.py
[2022-01-03 12:29:31,138] {logging_mixin.py:109} INFO - [2022-01-03 12:29:31,138] {dag.py:2396} INFO - Sync 1 DAGs
[2022-01-03 12:29:31,172] {logging_mixin.py:109} INFO - [2022-01-03 12:29:31,172] {dag.py:2928} INFO - Setting next_dagrun for example_trigger_controller_dag to 2021-01-01T00:00:00+00:00
[2022-01-03 12:29:31,183] {processor.py:171} INFO - Processing /home/airflow/.local/lib/python3.7/site-packages/airflow/example_dags/example_trigger_controller_dag.py took 0.119 seconds
[2022-01-03 12:30:01,925] {processor.py:163} INFO - Started process (PID=376) to work on /home/airflow/.local/lib/python3.7/site-packages/airflow/example_dags/example_trigger_controller_dag.py
[2022-01-03 12:30:01,927] {processor.py:625} INFO - Processing file /home/airflow/.local/lib/python3.7/site-packages/airflow/example_dags/example_trigger_controller_dag.py for tasks to queue
[2022-01-03 12:30:01,928] {logging_mixin.py:109} INFO - [2022-01-03 12:30:01,928] {dagbag.py:500} INFO - Filling up the DagBag from /home/airflow/.local/lib/python3.7/site-packages/airflow/example_dags/example_trigger_controller_dag.py
[2022-01-03 12:30:01,956] {processor.py:637} INFO - DAG(s) dict_keys(['example_trigger_controller_dag']) retrieved from /home/airflow/.local/lib/python3.7/site-packages/airflow/example_dags/example_trigger_controller_dag.py
[2022-01-03 12:30:01,977] {logging_mixin.py:109} INFO - [2022-01-03 12:30:01,977] {dag.py:2396} INFO - Sync 1 DAGs
[2022-01-03 12:30:02,008] {logging_mixin.py:109} INFO - [2022-01-03 12:30:02,008] {dag.py:2928} INFO - Setting next_dagrun for example_trigger_controller_dag to 2021-01-01T00:00:00+00:00
[2022-01-03 12:30:02,020] {processor.py:171} INFO - Processing /home/airflow/.local/lib/python3.7/site-packages/airflow/example_dags/example_trigger_controller_dag.py took 0.099 seconds
[2022-01-03 12:30:32,673] {processor.py:163} INFO - Started process (PID=429) to work on /home/airflow/.local/lib/python3.7/site-packages/airflow/example_dags/example_trigger_controller_dag.py
[2022-01-03 12:30:32,677] {processor.py:625} INFO - Processing file /home/airflow/.local/lib/python3.7/site-packages/airflow/example_dags/example_trigger_controller_dag.py for tasks to queue
[2022-01-03 12:30:32,678] {logging_mixin.py:109} INFO - [2022-01-03 12:30:32,677] {dagbag.py:500} INFO - Filling up the DagBag from /home/airflow/.local/lib/python3.7/site-packages/airflow/example_dags/example_trigger_controller_dag.py
[2022-01-03 12:30:32,720] {processor.py:637} INFO - DAG(s) dict_keys(['example_trigger_controller_dag']) retrieved from /home/airflow/.local/lib/python3.7/site-packages/airflow/example_dags/example_trigger_controller_dag.py
[2022-01-03 12:30:32,736] {logging_mixin.py:109} INFO - [2022-01-03 12:30:32,736] {dag.py:2396} INFO - Sync 1 DAGs
[2022-01-03 12:30:32,766] {logging_mixin.py:109} INFO - [2022-01-03 12:30:32,766] {dag.py:2928} INFO - Setting next_dagrun for example_trigger_controller_dag to 2021-01-01T00:00:00+00:00
[2022-01-03 12:30:32,799] {processor.py:171} INFO - Processing /home/airflow/.local/lib/python3.7/site-packages/airflow/example_dags/example_trigger_controller_dag.py took 0.132 seconds
[2022-01-03 12:31:03,812] {processor.py:163} INFO - Started process (PID=480) to work on /home/airflow/.local/lib/python3.7/site-packages/airflow/example_dags/example_trigger_controller_dag.py
[2022-01-03 12:31:03,842] {processor.py:625} INFO - Processing file /home/airflow/.local/lib/python3.7/site-packages/airflow/example_dags/example_trigger_controller_dag.py for tasks to queue
[2022-01-03 12:31:03,846] {logging_mixin.py:109} INFO - [2022-01-03 12:31:03,844] {dagbag.py:500} INFO - Filling up the DagBag from /home/airflow/.local/lib/python3.7/site-packages/airflow/example_dags/example_trigger_controller_dag.py
[2022-01-03 12:31:04,096] {processor.py:637} INFO - DAG(s) dict_keys(['example_trigger_controller_dag']) retrieved from /home/airflow/.local/lib/python3.7/site-packages/airflow/example_dags/example_trigger_controller_dag.py
[2022-01-03 12:31:04,146] {logging_mixin.py:109} INFO - [2022-01-03 12:31:04,146] {dag.py:2396} INFO - Sync 1 DAGs
[2022-01-03 12:31:04,243] {logging_mixin.py:109} INFO - [2022-01-03 12:31:04,243] {dag.py:2928} INFO - Setting next_dagrun for example_trigger_controller_dag to 2021-01-01T00:00:00+00:00
[2022-01-03 12:31:04,288] {processor.py:171} INFO - Processing /home/airflow/.local/lib/python3.7/site-packages/airflow/example_dags/example_trigger_controller_dag.py took 0.489 seconds
[2022-01-03 12:31:34,577] {processor.py:163} INFO - Started process (PID=533) to work on /home/airflow/.local/lib/python3.7/site-packages/airflow/example_dags/example_trigger_controller_dag.py
[2022-01-03 12:31:34,587] {processor.py:625} INFO - Processing file /home/airflow/.local/lib/python3.7/site-packages/airflow/example_dags/example_trigger_controller_dag.py for tasks to queue
[2022-01-03 12:31:34,588] {logging_mixin.py:109} INFO - [2022-01-03 12:31:34,588] {dagbag.py:500} INFO - Filling up the DagBag from /home/airflow/.local/lib/python3.7/site-packages/airflow/example_dags/example_trigger_controller_dag.py
[2022-01-03 12:31:34,703] {processor.py:637} INFO - DAG(s) dict_keys(['example_trigger_controller_dag']) retrieved from /home/airflow/.local/lib/python3.7/site-packages/airflow/example_dags/example_trigger_controller_dag.py
[2022-01-03 12:31:34,785] {logging_mixin.py:109} INFO - [2022-01-03 12:31:34,785] {dag.py:2396} INFO - Sync 1 DAGs
[2022-01-03 12:31:34,855] {logging_mixin.py:109} INFO - [2022-01-03 12:31:34,855] {dag.py:2928} INFO - Setting next_dagrun for example_trigger_controller_dag to 2021-01-01T00:00:00+00:00
[2022-01-03 12:31:34,882] {processor.py:171} INFO - Processing /home/airflow/.local/lib/python3.7/site-packages/airflow/example_dags/example_trigger_controller_dag.py took 0.313 seconds
[2022-01-03 12:32:05,485] {processor.py:163} INFO - Started process (PID=580) to work on /home/airflow/.local/lib/python3.7/site-packages/airflow/example_dags/example_trigger_controller_dag.py
[2022-01-03 12:32:05,487] {processor.py:625} INFO - Processing file /home/airflow/.local/lib/python3.7/site-packages/airflow/example_dags/example_trigger_controller_dag.py for tasks to queue
[2022-01-03 12:32:05,488] {logging_mixin.py:109} INFO - [2022-01-03 12:32:05,487] {dagbag.py:500} INFO - Filling up the DagBag from /home/airflow/.local/lib/python3.7/site-packages/airflow/example_dags/example_trigger_controller_dag.py
[2022-01-03 12:32:05,535] {processor.py:637} INFO - DAG(s) dict_keys(['example_trigger_controller_dag']) retrieved from /home/airflow/.local/lib/python3.7/site-packages/airflow/example_dags/example_trigger_controller_dag.py
[2022-01-03 12:32:05,550] {logging_mixin.py:109} INFO - [2022-01-03 12:32:05,550] {dag.py:2396} INFO - Sync 1 DAGs
[2022-01-03 12:32:05,578] {logging_mixin.py:109} INFO - [2022-01-03 12:32:05,578] {dag.py:2928} INFO - Setting next_dagrun for example_trigger_controller_dag to 2021-01-01T00:00:00+00:00
[2022-01-03 12:32:05,594] {processor.py:171} INFO - Processing /home/airflow/.local/lib/python3.7/site-packages/airflow/example_dags/example_trigger_controller_dag.py took 0.122 seconds
[2022-01-03 13:13:44,260] {processor.py:163} INFO - Started process (PID=60) to work on /home/airflow/.local/lib/python3.7/site-packages/airflow/example_dags/example_trigger_controller_dag.py
[2022-01-03 13:13:44,278] {processor.py:625} INFO - Processing file /home/airflow/.local/lib/python3.7/site-packages/airflow/example_dags/example_trigger_controller_dag.py for tasks to queue
[2022-01-03 13:13:44,279] {logging_mixin.py:109} INFO - [2022-01-03 13:13:44,279] {dagbag.py:500} INFO - Filling up the DagBag from /home/airflow/.local/lib/python3.7/site-packages/airflow/example_dags/example_trigger_controller_dag.py
[2022-01-03 13:13:44,442] {processor.py:637} INFO - DAG(s) dict_keys(['example_trigger_controller_dag']) retrieved from /home/airflow/.local/lib/python3.7/site-packages/airflow/example_dags/example_trigger_controller_dag.py
[2022-01-03 13:13:44,495] {logging_mixin.py:109} INFO - [2022-01-03 13:13:44,495] {dag.py:2396} INFO - Sync 1 DAGs
[2022-01-03 13:13:44,609] {logging_mixin.py:109} INFO - [2022-01-03 13:13:44,608] {dag.py:2928} INFO - Setting next_dagrun for example_trigger_controller_dag to 2021-01-01T00:00:00+00:00
[2022-01-03 13:13:44,674] {processor.py:171} INFO - Processing /home/airflow/.local/lib/python3.7/site-packages/airflow/example_dags/example_trigger_controller_dag.py took 0.420 seconds
[2022-01-03 13:14:15,085] {processor.py:163} INFO - Started process (PID=117) to work on /home/airflow/.local/lib/python3.7/site-packages/airflow/example_dags/example_trigger_controller_dag.py
[2022-01-03 13:14:15,087] {processor.py:625} INFO - Processing file /home/airflow/.local/lib/python3.7/site-packages/airflow/example_dags/example_trigger_controller_dag.py for tasks to queue
[2022-01-03 13:14:15,087] {logging_mixin.py:109} INFO - [2022-01-03 13:14:15,087] {dagbag.py:500} INFO - Filling up the DagBag from /home/airflow/.local/lib/python3.7/site-packages/airflow/example_dags/example_trigger_controller_dag.py
[2022-01-03 13:14:15,118] {processor.py:637} INFO - DAG(s) dict_keys(['example_trigger_controller_dag']) retrieved from /home/airflow/.local/lib/python3.7/site-packages/airflow/example_dags/example_trigger_controller_dag.py
[2022-01-03 13:14:15,130] {logging_mixin.py:109} INFO - [2022-01-03 13:14:15,130] {dag.py:2396} INFO - Sync 1 DAGs
[2022-01-03 13:14:15,153] {logging_mixin.py:109} INFO - [2022-01-03 13:14:15,153] {dag.py:2928} INFO - Setting next_dagrun for example_trigger_controller_dag to 2021-01-01T00:00:00+00:00
[2022-01-03 13:14:15,166] {processor.py:171} INFO - Processing /home/airflow/.local/lib/python3.7/site-packages/airflow/example_dags/example_trigger_controller_dag.py took 0.084 seconds
[2022-01-03 13:14:45,895] {processor.py:163} INFO - Started process (PID=171) to work on /home/airflow/.local/lib/python3.7/site-packages/airflow/example_dags/example_trigger_controller_dag.py
[2022-01-03 13:14:45,905] {processor.py:625} INFO - Processing file /home/airflow/.local/lib/python3.7/site-packages/airflow/example_dags/example_trigger_controller_dag.py for tasks to queue
[2022-01-03 13:14:45,905] {logging_mixin.py:109} INFO - [2022-01-03 13:14:45,905] {dagbag.py:500} INFO - Filling up the DagBag from /home/airflow/.local/lib/python3.7/site-packages/airflow/example_dags/example_trigger_controller_dag.py
[2022-01-03 13:14:46,049] {processor.py:637} INFO - DAG(s) dict_keys(['example_trigger_controller_dag']) retrieved from /home/airflow/.local/lib/python3.7/site-packages/airflow/example_dags/example_trigger_controller_dag.py
[2022-01-03 13:14:46,122] {logging_mixin.py:109} INFO - [2022-01-03 13:14:46,122] {dag.py:2396} INFO - Sync 1 DAGs
[2022-01-03 13:14:46,207] {logging_mixin.py:109} INFO - [2022-01-03 13:14:46,207] {dag.py:2928} INFO - Setting next_dagrun for example_trigger_controller_dag to 2021-01-01T00:00:00+00:00
[2022-01-03 13:14:46,232] {processor.py:171} INFO - Processing /home/airflow/.local/lib/python3.7/site-packages/airflow/example_dags/example_trigger_controller_dag.py took 0.357 seconds
[2022-01-03 13:15:17,037] {processor.py:163} INFO - Started process (PID=223) to work on /home/airflow/.local/lib/python3.7/site-packages/airflow/example_dags/example_trigger_controller_dag.py
[2022-01-03 13:15:17,051] {processor.py:625} INFO - Processing file /home/airflow/.local/lib/python3.7/site-packages/airflow/example_dags/example_trigger_controller_dag.py for tasks to queue
[2022-01-03 13:15:17,052] {logging_mixin.py:109} INFO - [2022-01-03 13:15:17,052] {dagbag.py:500} INFO - Filling up the DagBag from /home/airflow/.local/lib/python3.7/site-packages/airflow/example_dags/example_trigger_controller_dag.py
[2022-01-03 13:15:17,146] {processor.py:637} INFO - DAG(s) dict_keys(['example_trigger_controller_dag']) retrieved from /home/airflow/.local/lib/python3.7/site-packages/airflow/example_dags/example_trigger_controller_dag.py
[2022-01-03 13:15:17,167] {logging_mixin.py:109} INFO - [2022-01-03 13:15:17,166] {dag.py:2396} INFO - Sync 1 DAGs
[2022-01-03 13:15:17,205] {logging_mixin.py:109} INFO - [2022-01-03 13:15:17,205] {dag.py:2928} INFO - Setting next_dagrun for example_trigger_controller_dag to 2021-01-01T00:00:00+00:00
[2022-01-03 13:15:17,222] {processor.py:171} INFO - Processing /home/airflow/.local/lib/python3.7/site-packages/airflow/example_dags/example_trigger_controller_dag.py took 0.214 seconds
[2022-01-03 13:15:48,098] {processor.py:163} INFO - Started process (PID=279) to work on /home/airflow/.local/lib/python3.7/site-packages/airflow/example_dags/example_trigger_controller_dag.py
[2022-01-03 13:15:48,099] {processor.py:625} INFO - Processing file /home/airflow/.local/lib/python3.7/site-packages/airflow/example_dags/example_trigger_controller_dag.py for tasks to queue
[2022-01-03 13:15:48,102] {logging_mixin.py:109} INFO - [2022-01-03 13:15:48,100] {dagbag.py:500} INFO - Filling up the DagBag from /home/airflow/.local/lib/python3.7/site-packages/airflow/example_dags/example_trigger_controller_dag.py
[2022-01-03 13:15:48,156] {processor.py:637} INFO - DAG(s) dict_keys(['example_trigger_controller_dag']) retrieved from /home/airflow/.local/lib/python3.7/site-packages/airflow/example_dags/example_trigger_controller_dag.py
[2022-01-03 13:15:48,172] {logging_mixin.py:109} INFO - [2022-01-03 13:15:48,172] {dag.py:2396} INFO - Sync 1 DAGs
[2022-01-03 13:15:48,204] {logging_mixin.py:109} INFO - [2022-01-03 13:15:48,204] {dag.py:2928} INFO - Setting next_dagrun for example_trigger_controller_dag to 2021-01-01T00:00:00+00:00
[2022-01-03 13:15:48,218] {processor.py:171} INFO - Processing /home/airflow/.local/lib/python3.7/site-packages/airflow/example_dags/example_trigger_controller_dag.py took 0.123 seconds
[2022-01-03 13:16:18,653] {processor.py:163} INFO - Started process (PID=346) to work on /home/airflow/.local/lib/python3.7/site-packages/airflow/example_dags/example_trigger_controller_dag.py
[2022-01-03 13:16:18,656] {processor.py:625} INFO - Processing file /home/airflow/.local/lib/python3.7/site-packages/airflow/example_dags/example_trigger_controller_dag.py for tasks to queue
[2022-01-03 13:16:18,657] {logging_mixin.py:109} INFO - [2022-01-03 13:16:18,657] {dagbag.py:500} INFO - Filling up the DagBag from /home/airflow/.local/lib/python3.7/site-packages/airflow/example_dags/example_trigger_controller_dag.py
[2022-01-03 13:16:18,690] {processor.py:637} INFO - DAG(s) dict_keys(['example_trigger_controller_dag']) retrieved from /home/airflow/.local/lib/python3.7/site-packages/airflow/example_dags/example_trigger_controller_dag.py
[2022-01-03 13:16:18,709] {logging_mixin.py:109} INFO - [2022-01-03 13:16:18,709] {dag.py:2396} INFO - Sync 1 DAGs
[2022-01-03 13:16:18,732] {logging_mixin.py:109} INFO - [2022-01-03 13:16:18,732] {dag.py:2928} INFO - Setting next_dagrun for example_trigger_controller_dag to 2021-01-01T00:00:00+00:00
[2022-01-03 13:16:18,745] {processor.py:171} INFO - Processing /home/airflow/.local/lib/python3.7/site-packages/airflow/example_dags/example_trigger_controller_dag.py took 0.095 seconds
[2022-01-03 13:16:48,988] {processor.py:163} INFO - Started process (PID=396) to work on /home/airflow/.local/lib/python3.7/site-packages/airflow/example_dags/example_trigger_controller_dag.py
[2022-01-03 13:16:48,992] {processor.py:625} INFO - Processing file /home/airflow/.local/lib/python3.7/site-packages/airflow/example_dags/example_trigger_controller_dag.py for tasks to queue
[2022-01-03 13:16:48,994] {logging_mixin.py:109} INFO - [2022-01-03 13:16:48,994] {dagbag.py:500} INFO - Filling up the DagBag from /home/airflow/.local/lib/python3.7/site-packages/airflow/example_dags/example_trigger_controller_dag.py
[2022-01-03 13:16:49,062] {processor.py:637} INFO - DAG(s) dict_keys(['example_trigger_controller_dag']) retrieved from /home/airflow/.local/lib/python3.7/site-packages/airflow/example_dags/example_trigger_controller_dag.py
[2022-01-03 13:16:49,075] {logging_mixin.py:109} INFO - [2022-01-03 13:16:49,075] {dag.py:2396} INFO - Sync 1 DAGs
[2022-01-03 13:16:49,093] {logging_mixin.py:109} INFO - [2022-01-03 13:16:49,093] {dag.py:2928} INFO - Setting next_dagrun for example_trigger_controller_dag to 2021-01-01T00:00:00+00:00
[2022-01-03 13:16:49,105] {processor.py:171} INFO - Processing /home/airflow/.local/lib/python3.7/site-packages/airflow/example_dags/example_trigger_controller_dag.py took 0.127 seconds
[2022-01-03 13:17:20,102] {processor.py:163} INFO - Started process (PID=447) to work on /home/airflow/.local/lib/python3.7/site-packages/airflow/example_dags/example_trigger_controller_dag.py
[2022-01-03 13:17:20,108] {processor.py:625} INFO - Processing file /home/airflow/.local/lib/python3.7/site-packages/airflow/example_dags/example_trigger_controller_dag.py for tasks to queue
[2022-01-03 13:17:20,109] {logging_mixin.py:109} INFO - [2022-01-03 13:17:20,109] {dagbag.py:500} INFO - Filling up the DagBag from /home/airflow/.local/lib/python3.7/site-packages/airflow/example_dags/example_trigger_controller_dag.py
[2022-01-03 13:17:20,153] {processor.py:637} INFO - DAG(s) dict_keys(['example_trigger_controller_dag']) retrieved from /home/airflow/.local/lib/python3.7/site-packages/airflow/example_dags/example_trigger_controller_dag.py
[2022-01-03 13:17:20,167] {logging_mixin.py:109} INFO - [2022-01-03 13:17:20,167] {dag.py:2396} INFO - Sync 1 DAGs
[2022-01-03 13:17:20,204] {logging_mixin.py:109} INFO - [2022-01-03 13:17:20,204] {dag.py:2928} INFO - Setting next_dagrun for example_trigger_controller_dag to 2021-01-01T00:00:00+00:00
[2022-01-03 13:17:20,218] {processor.py:171} INFO - Processing /home/airflow/.local/lib/python3.7/site-packages/airflow/example_dags/example_trigger_controller_dag.py took 0.124 seconds
[2022-01-03 13:17:51,169] {processor.py:163} INFO - Started process (PID=500) to work on /home/airflow/.local/lib/python3.7/site-packages/airflow/example_dags/example_trigger_controller_dag.py
[2022-01-03 13:17:51,171] {processor.py:625} INFO - Processing file /home/airflow/.local/lib/python3.7/site-packages/airflow/example_dags/example_trigger_controller_dag.py for tasks to queue
[2022-01-03 13:17:51,171] {logging_mixin.py:109} INFO - [2022-01-03 13:17:51,171] {dagbag.py:500} INFO - Filling up the DagBag from /home/airflow/.local/lib/python3.7/site-packages/airflow/example_dags/example_trigger_controller_dag.py
[2022-01-03 13:17:51,218] {processor.py:637} INFO - DAG(s) dict_keys(['example_trigger_controller_dag']) retrieved from /home/airflow/.local/lib/python3.7/site-packages/airflow/example_dags/example_trigger_controller_dag.py
[2022-01-03 13:17:51,230] {logging_mixin.py:109} INFO - [2022-01-03 13:17:51,230] {dag.py:2396} INFO - Sync 1 DAGs
[2022-01-03 13:17:51,266] {logging_mixin.py:109} INFO - [2022-01-03 13:17:51,266] {dag.py:2928} INFO - Setting next_dagrun for example_trigger_controller_dag to 2021-01-01T00:00:00+00:00
[2022-01-03 13:17:51,286] {processor.py:171} INFO - Processing /home/airflow/.local/lib/python3.7/site-packages/airflow/example_dags/example_trigger_controller_dag.py took 0.120 seconds
[2022-01-03 13:18:21,550] {processor.py:163} INFO - Started process (PID=551) to work on /home/airflow/.local/lib/python3.7/site-packages/airflow/example_dags/example_trigger_controller_dag.py
[2022-01-03 13:18:21,556] {processor.py:625} INFO - Processing file /home/airflow/.local/lib/python3.7/site-packages/airflow/example_dags/example_trigger_controller_dag.py for tasks to queue
[2022-01-03 13:18:21,557] {logging_mixin.py:109} INFO - [2022-01-03 13:18:21,557] {dagbag.py:500} INFO - Filling up the DagBag from /home/airflow/.local/lib/python3.7/site-packages/airflow/example_dags/example_trigger_controller_dag.py
[2022-01-03 13:18:21,599] {processor.py:637} INFO - DAG(s) dict_keys(['example_trigger_controller_dag']) retrieved from /home/airflow/.local/lib/python3.7/site-packages/airflow/example_dags/example_trigger_controller_dag.py
[2022-01-03 13:18:21,635] {logging_mixin.py:109} INFO - [2022-01-03 13:18:21,635] {dag.py:2396} INFO - Sync 1 DAGs
[2022-01-03 13:18:21,698] {logging_mixin.py:109} INFO - [2022-01-03 13:18:21,697] {dag.py:2928} INFO - Setting next_dagrun for example_trigger_controller_dag to 2021-01-01T00:00:00+00:00
[2022-01-03 13:18:21,732] {processor.py:171} INFO - Processing /home/airflow/.local/lib/python3.7/site-packages/airflow/example_dags/example_trigger_controller_dag.py took 0.186 seconds
[2022-01-03 13:18:52,020] {processor.py:163} INFO - Started process (PID=613) to work on /home/airflow/.local/lib/python3.7/site-packages/airflow/example_dags/example_trigger_controller_dag.py
[2022-01-03 13:18:52,021] {processor.py:625} INFO - Processing file /home/airflow/.local/lib/python3.7/site-packages/airflow/example_dags/example_trigger_controller_dag.py for tasks to queue
[2022-01-03 13:18:52,026] {logging_mixin.py:109} INFO - [2022-01-03 13:18:52,022] {dagbag.py:500} INFO - Filling up the DagBag from /home/airflow/.local/lib/python3.7/site-packages/airflow/example_dags/example_trigger_controller_dag.py
[2022-01-03 13:18:52,160] {processor.py:637} INFO - DAG(s) dict_keys(['example_trigger_controller_dag']) retrieved from /home/airflow/.local/lib/python3.7/site-packages/airflow/example_dags/example_trigger_controller_dag.py
[2022-01-03 13:18:52,179] {logging_mixin.py:109} INFO - [2022-01-03 13:18:52,179] {dag.py:2396} INFO - Sync 1 DAGs
[2022-01-03 13:18:52,204] {logging_mixin.py:109} INFO - [2022-01-03 13:18:52,204] {dag.py:2928} INFO - Setting next_dagrun for example_trigger_controller_dag to 2021-01-01T00:00:00+00:00
[2022-01-03 13:18:52,226] {processor.py:171} INFO - Processing /home/airflow/.local/lib/python3.7/site-packages/airflow/example_dags/example_trigger_controller_dag.py took 0.215 seconds
[2022-01-03 13:19:22,634] {processor.py:163} INFO - Started process (PID=663) to work on /home/airflow/.local/lib/python3.7/site-packages/airflow/example_dags/example_trigger_controller_dag.py
[2022-01-03 13:19:22,635] {processor.py:625} INFO - Processing file /home/airflow/.local/lib/python3.7/site-packages/airflow/example_dags/example_trigger_controller_dag.py for tasks to queue
[2022-01-03 13:19:22,636] {logging_mixin.py:109} INFO - [2022-01-03 13:19:22,636] {dagbag.py:500} INFO - Filling up the DagBag from /home/airflow/.local/lib/python3.7/site-packages/airflow/example_dags/example_trigger_controller_dag.py
[2022-01-03 13:19:22,674] {processor.py:637} INFO - DAG(s) dict_keys(['example_trigger_controller_dag']) retrieved from /home/airflow/.local/lib/python3.7/site-packages/airflow/example_dags/example_trigger_controller_dag.py
[2022-01-03 13:19:22,685] {logging_mixin.py:109} INFO - [2022-01-03 13:19:22,685] {dag.py:2396} INFO - Sync 1 DAGs
[2022-01-03 13:19:22,707] {logging_mixin.py:109} INFO - [2022-01-03 13:19:22,707] {dag.py:2928} INFO - Setting next_dagrun for example_trigger_controller_dag to 2021-01-01T00:00:00+00:00
[2022-01-03 13:19:22,728] {processor.py:171} INFO - Processing /home/airflow/.local/lib/python3.7/site-packages/airflow/example_dags/example_trigger_controller_dag.py took 0.098 seconds
[2022-01-03 13:19:53,460] {processor.py:163} INFO - Started process (PID=713) to work on /home/airflow/.local/lib/python3.7/site-packages/airflow/example_dags/example_trigger_controller_dag.py
[2022-01-03 13:19:53,461] {processor.py:625} INFO - Processing file /home/airflow/.local/lib/python3.7/site-packages/airflow/example_dags/example_trigger_controller_dag.py for tasks to queue
[2022-01-03 13:19:53,462] {logging_mixin.py:109} INFO - [2022-01-03 13:19:53,462] {dagbag.py:500} INFO - Filling up the DagBag from /home/airflow/.local/lib/python3.7/site-packages/airflow/example_dags/example_trigger_controller_dag.py
[2022-01-03 13:19:53,494] {processor.py:637} INFO - DAG(s) dict_keys(['example_trigger_controller_dag']) retrieved from /home/airflow/.local/lib/python3.7/site-packages/airflow/example_dags/example_trigger_controller_dag.py
[2022-01-03 13:19:53,508] {logging_mixin.py:109} INFO - [2022-01-03 13:19:53,508] {dag.py:2396} INFO - Sync 1 DAGs
[2022-01-03 13:19:53,532] {logging_mixin.py:109} INFO - [2022-01-03 13:19:53,532] {dag.py:2928} INFO - Setting next_dagrun for example_trigger_controller_dag to 2021-01-01T00:00:00+00:00
[2022-01-03 13:19:53,547] {processor.py:171} INFO - Processing /home/airflow/.local/lib/python3.7/site-packages/airflow/example_dags/example_trigger_controller_dag.py took 0.090 seconds
[2022-01-03 13:20:24,257] {processor.py:163} INFO - Started process (PID=767) to work on /home/airflow/.local/lib/python3.7/site-packages/airflow/example_dags/example_trigger_controller_dag.py
[2022-01-03 13:20:24,258] {processor.py:625} INFO - Processing file /home/airflow/.local/lib/python3.7/site-packages/airflow/example_dags/example_trigger_controller_dag.py for tasks to queue
[2022-01-03 13:20:24,259] {logging_mixin.py:109} INFO - [2022-01-03 13:20:24,259] {dagbag.py:500} INFO - Filling up the DagBag from /home/airflow/.local/lib/python3.7/site-packages/airflow/example_dags/example_trigger_controller_dag.py
[2022-01-03 13:20:24,290] {processor.py:637} INFO - DAG(s) dict_keys(['example_trigger_controller_dag']) retrieved from /home/airflow/.local/lib/python3.7/site-packages/airflow/example_dags/example_trigger_controller_dag.py
[2022-01-03 13:20:24,303] {logging_mixin.py:109} INFO - [2022-01-03 13:20:24,303] {dag.py:2396} INFO - Sync 1 DAGs
[2022-01-03 13:20:24,327] {logging_mixin.py:109} INFO - [2022-01-03 13:20:24,326] {dag.py:2928} INFO - Setting next_dagrun for example_trigger_controller_dag to 2021-01-01T00:00:00+00:00
[2022-01-03 13:20:24,339] {processor.py:171} INFO - Processing /home/airflow/.local/lib/python3.7/site-packages/airflow/example_dags/example_trigger_controller_dag.py took 0.086 seconds
[2022-01-03 13:20:54,694] {processor.py:163} INFO - Started process (PID=818) to work on /home/airflow/.local/lib/python3.7/site-packages/airflow/example_dags/example_trigger_controller_dag.py
[2022-01-03 13:20:54,695] {processor.py:625} INFO - Processing file /home/airflow/.local/lib/python3.7/site-packages/airflow/example_dags/example_trigger_controller_dag.py for tasks to queue
[2022-01-03 13:20:54,696] {logging_mixin.py:109} INFO - [2022-01-03 13:20:54,696] {dagbag.py:500} INFO - Filling up the DagBag from /home/airflow/.local/lib/python3.7/site-packages/airflow/example_dags/example_trigger_controller_dag.py
[2022-01-03 13:20:54,745] {processor.py:637} INFO - DAG(s) dict_keys(['example_trigger_controller_dag']) retrieved from /home/airflow/.local/lib/python3.7/site-packages/airflow/example_dags/example_trigger_controller_dag.py
[2022-01-03 13:20:54,759] {logging_mixin.py:109} INFO - [2022-01-03 13:20:54,759] {dag.py:2396} INFO - Sync 1 DAGs
[2022-01-03 13:20:54,785] {logging_mixin.py:109} INFO - [2022-01-03 13:20:54,784] {dag.py:2928} INFO - Setting next_dagrun for example_trigger_controller_dag to 2021-01-01T00:00:00+00:00
[2022-01-03 13:20:54,824] {processor.py:171} INFO - Processing /home/airflow/.local/lib/python3.7/site-packages/airflow/example_dags/example_trigger_controller_dag.py took 0.134 seconds
[2022-01-03 13:21:25,576] {processor.py:163} INFO - Started process (PID=868) to work on /home/airflow/.local/lib/python3.7/site-packages/airflow/example_dags/example_trigger_controller_dag.py
[2022-01-03 13:21:25,581] {processor.py:625} INFO - Processing file /home/airflow/.local/lib/python3.7/site-packages/airflow/example_dags/example_trigger_controller_dag.py for tasks to queue
[2022-01-03 13:21:25,582] {logging_mixin.py:109} INFO - [2022-01-03 13:21:25,582] {dagbag.py:500} INFO - Filling up the DagBag from /home/airflow/.local/lib/python3.7/site-packages/airflow/example_dags/example_trigger_controller_dag.py
[2022-01-03 13:21:25,652] {processor.py:637} INFO - DAG(s) dict_keys(['example_trigger_controller_dag']) retrieved from /home/airflow/.local/lib/python3.7/site-packages/airflow/example_dags/example_trigger_controller_dag.py
[2022-01-03 13:21:25,675] {logging_mixin.py:109} INFO - [2022-01-03 13:21:25,675] {dag.py:2396} INFO - Sync 1 DAGs
[2022-01-03 13:21:25,722] {logging_mixin.py:109} INFO - [2022-01-03 13:21:25,722] {dag.py:2928} INFO - Setting next_dagrun for example_trigger_controller_dag to 2021-01-01T00:00:00+00:00
[2022-01-03 13:21:25,739] {processor.py:171} INFO - Processing /home/airflow/.local/lib/python3.7/site-packages/airflow/example_dags/example_trigger_controller_dag.py took 0.173 seconds
[2022-01-03 13:21:56,365] {processor.py:163} INFO - Started process (PID=929) to work on /home/airflow/.local/lib/python3.7/site-packages/airflow/example_dags/example_trigger_controller_dag.py
[2022-01-03 13:21:56,367] {processor.py:625} INFO - Processing file /home/airflow/.local/lib/python3.7/site-packages/airflow/example_dags/example_trigger_controller_dag.py for tasks to queue
[2022-01-03 13:21:56,367] {logging_mixin.py:109} INFO - [2022-01-03 13:21:56,367] {dagbag.py:500} INFO - Filling up the DagBag from /home/airflow/.local/lib/python3.7/site-packages/airflow/example_dags/example_trigger_controller_dag.py
[2022-01-03 13:21:56,409] {processor.py:637} INFO - DAG(s) dict_keys(['example_trigger_controller_dag']) retrieved from /home/airflow/.local/lib/python3.7/site-packages/airflow/example_dags/example_trigger_controller_dag.py
[2022-01-03 13:21:56,425] {logging_mixin.py:109} INFO - [2022-01-03 13:21:56,424] {dag.py:2396} INFO - Sync 1 DAGs
[2022-01-03 13:21:56,457] {logging_mixin.py:109} INFO - [2022-01-03 13:21:56,457] {dag.py:2928} INFO - Setting next_dagrun for example_trigger_controller_dag to 2021-01-01T00:00:00+00:00
[2022-01-03 13:21:56,478] {processor.py:171} INFO - Processing /home/airflow/.local/lib/python3.7/site-packages/airflow/example_dags/example_trigger_controller_dag.py took 0.117 seconds
[2022-01-03 13:22:27,133] {processor.py:163} INFO - Started process (PID=981) to work on /home/airflow/.local/lib/python3.7/site-packages/airflow/example_dags/example_trigger_controller_dag.py
[2022-01-03 13:22:27,135] {processor.py:625} INFO - Processing file /home/airflow/.local/lib/python3.7/site-packages/airflow/example_dags/example_trigger_controller_dag.py for tasks to queue
[2022-01-03 13:22:27,137] {logging_mixin.py:109} INFO - [2022-01-03 13:22:27,136] {dagbag.py:500} INFO - Filling up the DagBag from /home/airflow/.local/lib/python3.7/site-packages/airflow/example_dags/example_trigger_controller_dag.py
[2022-01-03 13:22:27,189] {processor.py:637} INFO - DAG(s) dict_keys(['example_trigger_controller_dag']) retrieved from /home/airflow/.local/lib/python3.7/site-packages/airflow/example_dags/example_trigger_controller_dag.py
[2022-01-03 13:22:27,204] {logging_mixin.py:109} INFO - [2022-01-03 13:22:27,203] {dag.py:2396} INFO - Sync 1 DAGs
[2022-01-03 13:22:27,227] {logging_mixin.py:109} INFO - [2022-01-03 13:22:27,227] {dag.py:2928} INFO - Setting next_dagrun for example_trigger_controller_dag to 2021-01-01T00:00:00+00:00
[2022-01-03 13:22:27,238] {processor.py:171} INFO - Processing /home/airflow/.local/lib/python3.7/site-packages/airflow/example_dags/example_trigger_controller_dag.py took 0.113 seconds
[2022-01-03 13:22:58,207] {processor.py:163} INFO - Started process (PID=1034) to work on /home/airflow/.local/lib/python3.7/site-packages/airflow/example_dags/example_trigger_controller_dag.py
[2022-01-03 13:22:58,208] {processor.py:625} INFO - Processing file /home/airflow/.local/lib/python3.7/site-packages/airflow/example_dags/example_trigger_controller_dag.py for tasks to queue
[2022-01-03 13:22:58,209] {logging_mixin.py:109} INFO - [2022-01-03 13:22:58,209] {dagbag.py:500} INFO - Filling up the DagBag from /home/airflow/.local/lib/python3.7/site-packages/airflow/example_dags/example_trigger_controller_dag.py
[2022-01-03 13:22:58,244] {processor.py:637} INFO - DAG(s) dict_keys(['example_trigger_controller_dag']) retrieved from /home/airflow/.local/lib/python3.7/site-packages/airflow/example_dags/example_trigger_controller_dag.py
[2022-01-03 13:22:58,256] {logging_mixin.py:109} INFO - [2022-01-03 13:22:58,256] {dag.py:2396} INFO - Sync 1 DAGs
[2022-01-03 13:22:58,276] {logging_mixin.py:109} INFO - [2022-01-03 13:22:58,276] {dag.py:2928} INFO - Setting next_dagrun for example_trigger_controller_dag to 2021-01-01T00:00:00+00:00
[2022-01-03 13:22:58,287] {processor.py:171} INFO - Processing /home/airflow/.local/lib/python3.7/site-packages/airflow/example_dags/example_trigger_controller_dag.py took 0.088 seconds
[2022-01-03 13:23:28,388] {processor.py:163} INFO - Started process (PID=1086) to work on /home/airflow/.local/lib/python3.7/site-packages/airflow/example_dags/example_trigger_controller_dag.py
[2022-01-03 13:23:28,389] {processor.py:625} INFO - Processing file /home/airflow/.local/lib/python3.7/site-packages/airflow/example_dags/example_trigger_controller_dag.py for tasks to queue
[2022-01-03 13:23:28,390] {logging_mixin.py:109} INFO - [2022-01-03 13:23:28,390] {dagbag.py:500} INFO - Filling up the DagBag from /home/airflow/.local/lib/python3.7/site-packages/airflow/example_dags/example_trigger_controller_dag.py
[2022-01-03 13:23:28,433] {processor.py:637} INFO - DAG(s) dict_keys(['example_trigger_controller_dag']) retrieved from /home/airflow/.local/lib/python3.7/site-packages/airflow/example_dags/example_trigger_controller_dag.py
[2022-01-03 13:23:28,445] {logging_mixin.py:109} INFO - [2022-01-03 13:23:28,445] {dag.py:2396} INFO - Sync 1 DAGs
[2022-01-03 13:23:28,472] {logging_mixin.py:109} INFO - [2022-01-03 13:23:28,472] {dag.py:2928} INFO - Setting next_dagrun for example_trigger_controller_dag to 2021-01-01T00:00:00+00:00
[2022-01-03 13:23:28,485] {processor.py:171} INFO - Processing /home/airflow/.local/lib/python3.7/site-packages/airflow/example_dags/example_trigger_controller_dag.py took 0.103 seconds
[2022-01-03 13:23:58,592] {processor.py:163} INFO - Started process (PID=1136) to work on /home/airflow/.local/lib/python3.7/site-packages/airflow/example_dags/example_trigger_controller_dag.py
[2022-01-03 13:23:58,594] {processor.py:625} INFO - Processing file /home/airflow/.local/lib/python3.7/site-packages/airflow/example_dags/example_trigger_controller_dag.py for tasks to queue
[2022-01-03 13:23:58,595] {logging_mixin.py:109} INFO - [2022-01-03 13:23:58,595] {dagbag.py:500} INFO - Filling up the DagBag from /home/airflow/.local/lib/python3.7/site-packages/airflow/example_dags/example_trigger_controller_dag.py
[2022-01-03 13:23:58,656] {processor.py:637} INFO - DAG(s) dict_keys(['example_trigger_controller_dag']) retrieved from /home/airflow/.local/lib/python3.7/site-packages/airflow/example_dags/example_trigger_controller_dag.py
[2022-01-03 13:23:58,676] {logging_mixin.py:109} INFO - [2022-01-03 13:23:58,676] {dag.py:2396} INFO - Sync 1 DAGs
[2022-01-03 13:23:58,705] {logging_mixin.py:109} INFO - [2022-01-03 13:23:58,705] {dag.py:2928} INFO - Setting next_dagrun for example_trigger_controller_dag to 2021-01-01T00:00:00+00:00
[2022-01-03 13:23:58,738] {processor.py:171} INFO - Processing /home/airflow/.local/lib/python3.7/site-packages/airflow/example_dags/example_trigger_controller_dag.py took 0.154 seconds
[2022-01-03 13:24:29,178] {processor.py:163} INFO - Started process (PID=1198) to work on /home/airflow/.local/lib/python3.7/site-packages/airflow/example_dags/example_trigger_controller_dag.py
[2022-01-03 13:24:29,180] {processor.py:625} INFO - Processing file /home/airflow/.local/lib/python3.7/site-packages/airflow/example_dags/example_trigger_controller_dag.py for tasks to queue
[2022-01-03 13:24:29,181] {logging_mixin.py:109} INFO - [2022-01-03 13:24:29,181] {dagbag.py:500} INFO - Filling up the DagBag from /home/airflow/.local/lib/python3.7/site-packages/airflow/example_dags/example_trigger_controller_dag.py
[2022-01-03 13:24:29,214] {processor.py:637} INFO - DAG(s) dict_keys(['example_trigger_controller_dag']) retrieved from /home/airflow/.local/lib/python3.7/site-packages/airflow/example_dags/example_trigger_controller_dag.py
[2022-01-03 13:24:29,226] {logging_mixin.py:109} INFO - [2022-01-03 13:24:29,226] {dag.py:2396} INFO - Sync 1 DAGs
[2022-01-03 13:24:29,248] {logging_mixin.py:109} INFO - [2022-01-03 13:24:29,248] {dag.py:2928} INFO - Setting next_dagrun for example_trigger_controller_dag to 2021-01-01T00:00:00+00:00
[2022-01-03 13:24:29,266] {processor.py:171} INFO - Processing /home/airflow/.local/lib/python3.7/site-packages/airflow/example_dags/example_trigger_controller_dag.py took 0.093 seconds
[2022-01-03 13:24:59,672] {processor.py:163} INFO - Started process (PID=1248) to work on /home/airflow/.local/lib/python3.7/site-packages/airflow/example_dags/example_trigger_controller_dag.py
[2022-01-03 13:24:59,674] {processor.py:625} INFO - Processing file /home/airflow/.local/lib/python3.7/site-packages/airflow/example_dags/example_trigger_controller_dag.py for tasks to queue
[2022-01-03 13:24:59,674] {logging_mixin.py:109} INFO - [2022-01-03 13:24:59,674] {dagbag.py:500} INFO - Filling up the DagBag from /home/airflow/.local/lib/python3.7/site-packages/airflow/example_dags/example_trigger_controller_dag.py
[2022-01-03 13:24:59,708] {processor.py:637} INFO - DAG(s) dict_keys(['example_trigger_controller_dag']) retrieved from /home/airflow/.local/lib/python3.7/site-packages/airflow/example_dags/example_trigger_controller_dag.py
[2022-01-03 13:24:59,720] {logging_mixin.py:109} INFO - [2022-01-03 13:24:59,720] {dag.py:2396} INFO - Sync 1 DAGs
[2022-01-03 13:24:59,740] {logging_mixin.py:109} INFO - [2022-01-03 13:24:59,740] {dag.py:2928} INFO - Setting next_dagrun for example_trigger_controller_dag to 2021-01-01T00:00:00+00:00
[2022-01-03 13:24:59,752] {processor.py:171} INFO - Processing /home/airflow/.local/lib/python3.7/site-packages/airflow/example_dags/example_trigger_controller_dag.py took 0.084 seconds
[2022-01-03 13:25:29,798] {processor.py:163} INFO - Started process (PID=1299) to work on /home/airflow/.local/lib/python3.7/site-packages/airflow/example_dags/example_trigger_controller_dag.py
[2022-01-03 13:25:29,800] {processor.py:625} INFO - Processing file /home/airflow/.local/lib/python3.7/site-packages/airflow/example_dags/example_trigger_controller_dag.py for tasks to queue
[2022-01-03 13:25:29,800] {logging_mixin.py:109} INFO - [2022-01-03 13:25:29,800] {dagbag.py:500} INFO - Filling up the DagBag from /home/airflow/.local/lib/python3.7/site-packages/airflow/example_dags/example_trigger_controller_dag.py
[2022-01-03 13:25:29,835] {processor.py:637} INFO - DAG(s) dict_keys(['example_trigger_controller_dag']) retrieved from /home/airflow/.local/lib/python3.7/site-packages/airflow/example_dags/example_trigger_controller_dag.py
[2022-01-03 13:25:29,849] {logging_mixin.py:109} INFO - [2022-01-03 13:25:29,848] {dag.py:2396} INFO - Sync 1 DAGs
[2022-01-03 13:25:29,875] {logging_mixin.py:109} INFO - [2022-01-03 13:25:29,875] {dag.py:2928} INFO - Setting next_dagrun for example_trigger_controller_dag to 2021-01-01T00:00:00+00:00
[2022-01-03 13:25:29,890] {processor.py:171} INFO - Processing /home/airflow/.local/lib/python3.7/site-packages/airflow/example_dags/example_trigger_controller_dag.py took 0.095 seconds
[2022-01-03 13:26:00,307] {processor.py:163} INFO - Started process (PID=1357) to work on /home/airflow/.local/lib/python3.7/site-packages/airflow/example_dags/example_trigger_controller_dag.py
[2022-01-03 13:26:00,320] {processor.py:625} INFO - Processing file /home/airflow/.local/lib/python3.7/site-packages/airflow/example_dags/example_trigger_controller_dag.py for tasks to queue
[2022-01-03 13:26:00,321] {logging_mixin.py:109} INFO - [2022-01-03 13:26:00,320] {dagbag.py:500} INFO - Filling up the DagBag from /home/airflow/.local/lib/python3.7/site-packages/airflow/example_dags/example_trigger_controller_dag.py
[2022-01-03 13:26:00,381] {processor.py:637} INFO - DAG(s) dict_keys(['example_trigger_controller_dag']) retrieved from /home/airflow/.local/lib/python3.7/site-packages/airflow/example_dags/example_trigger_controller_dag.py
[2022-01-03 13:26:00,412] {logging_mixin.py:109} INFO - [2022-01-03 13:26:00,412] {dag.py:2396} INFO - Sync 1 DAGs
[2022-01-03 13:26:00,456] {logging_mixin.py:109} INFO - [2022-01-03 13:26:00,456] {dag.py:2928} INFO - Setting next_dagrun for example_trigger_controller_dag to 2021-01-01T00:00:00+00:00
[2022-01-03 13:26:00,513] {processor.py:171} INFO - Processing /home/airflow/.local/lib/python3.7/site-packages/airflow/example_dags/example_trigger_controller_dag.py took 0.219 seconds
[2022-01-03 13:26:31,170] {processor.py:163} INFO - Started process (PID=1416) to work on /home/airflow/.local/lib/python3.7/site-packages/airflow/example_dags/example_trigger_controller_dag.py
[2022-01-03 13:26:31,172] {processor.py:625} INFO - Processing file /home/airflow/.local/lib/python3.7/site-packages/airflow/example_dags/example_trigger_controller_dag.py for tasks to queue
[2022-01-03 13:26:31,172] {logging_mixin.py:109} INFO - [2022-01-03 13:26:31,172] {dagbag.py:500} INFO - Filling up the DagBag from /home/airflow/.local/lib/python3.7/site-packages/airflow/example_dags/example_trigger_controller_dag.py
[2022-01-03 13:26:31,231] {processor.py:637} INFO - DAG(s) dict_keys(['example_trigger_controller_dag']) retrieved from /home/airflow/.local/lib/python3.7/site-packages/airflow/example_dags/example_trigger_controller_dag.py
[2022-01-03 13:26:31,245] {logging_mixin.py:109} INFO - [2022-01-03 13:26:31,245] {dag.py:2396} INFO - Sync 1 DAGs
[2022-01-03 13:26:31,272] {logging_mixin.py:109} INFO - [2022-01-03 13:26:31,272] {dag.py:2928} INFO - Setting next_dagrun for example_trigger_controller_dag to 2021-01-01T00:00:00+00:00
[2022-01-03 13:26:31,304] {processor.py:171} INFO - Processing /home/airflow/.local/lib/python3.7/site-packages/airflow/example_dags/example_trigger_controller_dag.py took 0.138 seconds
[2022-01-03 13:27:01,736] {processor.py:163} INFO - Started process (PID=1467) to work on /home/airflow/.local/lib/python3.7/site-packages/airflow/example_dags/example_trigger_controller_dag.py
[2022-01-03 13:27:01,746] {processor.py:625} INFO - Processing file /home/airflow/.local/lib/python3.7/site-packages/airflow/example_dags/example_trigger_controller_dag.py for tasks to queue
[2022-01-03 13:27:01,747] {logging_mixin.py:109} INFO - [2022-01-03 13:27:01,747] {dagbag.py:500} INFO - Filling up the DagBag from /home/airflow/.local/lib/python3.7/site-packages/airflow/example_dags/example_trigger_controller_dag.py
[2022-01-03 13:27:01,898] {processor.py:637} INFO - DAG(s) dict_keys(['example_trigger_controller_dag']) retrieved from /home/airflow/.local/lib/python3.7/site-packages/airflow/example_dags/example_trigger_controller_dag.py
[2022-01-03 13:27:01,941] {logging_mixin.py:109} INFO - [2022-01-03 13:27:01,940] {dag.py:2396} INFO - Sync 1 DAGs
[2022-01-03 13:27:02,033] {logging_mixin.py:109} INFO - [2022-01-03 13:27:02,026] {dag.py:2928} INFO - Setting next_dagrun for example_trigger_controller_dag to 2021-01-01T00:00:00+00:00
[2022-01-03 13:27:02,107] {processor.py:171} INFO - Processing /home/airflow/.local/lib/python3.7/site-packages/airflow/example_dags/example_trigger_controller_dag.py took 0.376 seconds
[2022-01-03 13:27:32,244] {processor.py:163} INFO - Started process (PID=1518) to work on /home/airflow/.local/lib/python3.7/site-packages/airflow/example_dags/example_trigger_controller_dag.py
[2022-01-03 13:27:32,267] {processor.py:625} INFO - Processing file /home/airflow/.local/lib/python3.7/site-packages/airflow/example_dags/example_trigger_controller_dag.py for tasks to queue
[2022-01-03 13:27:32,268] {logging_mixin.py:109} INFO - [2022-01-03 13:27:32,268] {dagbag.py:500} INFO - Filling up the DagBag from /home/airflow/.local/lib/python3.7/site-packages/airflow/example_dags/example_trigger_controller_dag.py
[2022-01-03 13:27:32,331] {processor.py:637} INFO - DAG(s) dict_keys(['example_trigger_controller_dag']) retrieved from /home/airflow/.local/lib/python3.7/site-packages/airflow/example_dags/example_trigger_controller_dag.py
[2022-01-03 13:27:32,346] {logging_mixin.py:109} INFO - [2022-01-03 13:27:32,346] {dag.py:2396} INFO - Sync 1 DAGs
[2022-01-03 13:27:32,371] {logging_mixin.py:109} INFO - [2022-01-03 13:27:32,371] {dag.py:2928} INFO - Setting next_dagrun for example_trigger_controller_dag to 2021-01-01T00:00:00+00:00
[2022-01-03 13:27:32,395] {processor.py:171} INFO - Processing /home/airflow/.local/lib/python3.7/site-packages/airflow/example_dags/example_trigger_controller_dag.py took 0.156 seconds
[2022-01-03 13:28:02,507] {processor.py:163} INFO - Started process (PID=1569) to work on /home/airflow/.local/lib/python3.7/site-packages/airflow/example_dags/example_trigger_controller_dag.py
[2022-01-03 13:28:02,508] {processor.py:625} INFO - Processing file /home/airflow/.local/lib/python3.7/site-packages/airflow/example_dags/example_trigger_controller_dag.py for tasks to queue
[2022-01-03 13:28:02,509] {logging_mixin.py:109} INFO - [2022-01-03 13:28:02,509] {dagbag.py:500} INFO - Filling up the DagBag from /home/airflow/.local/lib/python3.7/site-packages/airflow/example_dags/example_trigger_controller_dag.py
[2022-01-03 13:28:02,539] {processor.py:637} INFO - DAG(s) dict_keys(['example_trigger_controller_dag']) retrieved from /home/airflow/.local/lib/python3.7/site-packages/airflow/example_dags/example_trigger_controller_dag.py
[2022-01-03 13:28:02,551] {logging_mixin.py:109} INFO - [2022-01-03 13:28:02,551] {dag.py:2396} INFO - Sync 1 DAGs
[2022-01-03 13:28:02,571] {logging_mixin.py:109} INFO - [2022-01-03 13:28:02,570] {dag.py:2928} INFO - Setting next_dagrun for example_trigger_controller_dag to 2021-01-01T00:00:00+00:00
[2022-01-03 13:28:02,582] {processor.py:171} INFO - Processing /home/airflow/.local/lib/python3.7/site-packages/airflow/example_dags/example_trigger_controller_dag.py took 0.079 seconds
[2022-01-03 13:28:32,926] {processor.py:163} INFO - Started process (PID=1624) to work on /home/airflow/.local/lib/python3.7/site-packages/airflow/example_dags/example_trigger_controller_dag.py
[2022-01-03 13:28:32,928] {processor.py:625} INFO - Processing file /home/airflow/.local/lib/python3.7/site-packages/airflow/example_dags/example_trigger_controller_dag.py for tasks to queue
[2022-01-03 13:28:32,929] {logging_mixin.py:109} INFO - [2022-01-03 13:28:32,928] {dagbag.py:500} INFO - Filling up the DagBag from /home/airflow/.local/lib/python3.7/site-packages/airflow/example_dags/example_trigger_controller_dag.py
[2022-01-03 13:28:33,001] {processor.py:637} INFO - DAG(s) dict_keys(['example_trigger_controller_dag']) retrieved from /home/airflow/.local/lib/python3.7/site-packages/airflow/example_dags/example_trigger_controller_dag.py
[2022-01-03 13:28:33,023] {logging_mixin.py:109} INFO - [2022-01-03 13:28:33,023] {dag.py:2396} INFO - Sync 1 DAGs
[2022-01-03 13:28:33,074] {logging_mixin.py:109} INFO - [2022-01-03 13:28:33,074] {dag.py:2928} INFO - Setting next_dagrun for example_trigger_controller_dag to 2021-01-01T00:00:00+00:00
[2022-01-03 13:28:33,092] {processor.py:171} INFO - Processing /home/airflow/.local/lib/python3.7/site-packages/airflow/example_dags/example_trigger_controller_dag.py took 0.181 seconds
[2022-01-03 13:29:03,371] {processor.py:163} INFO - Started process (PID=1677) to work on /home/airflow/.local/lib/python3.7/site-packages/airflow/example_dags/example_trigger_controller_dag.py
[2022-01-03 13:29:03,375] {processor.py:625} INFO - Processing file /home/airflow/.local/lib/python3.7/site-packages/airflow/example_dags/example_trigger_controller_dag.py for tasks to queue
[2022-01-03 13:29:03,376] {logging_mixin.py:109} INFO - [2022-01-03 13:29:03,376] {dagbag.py:500} INFO - Filling up the DagBag from /home/airflow/.local/lib/python3.7/site-packages/airflow/example_dags/example_trigger_controller_dag.py
[2022-01-03 13:29:03,437] {processor.py:637} INFO - DAG(s) dict_keys(['example_trigger_controller_dag']) retrieved from /home/airflow/.local/lib/python3.7/site-packages/airflow/example_dags/example_trigger_controller_dag.py
[2022-01-03 13:29:03,463] {logging_mixin.py:109} INFO - [2022-01-03 13:29:03,463] {dag.py:2396} INFO - Sync 1 DAGs
[2022-01-03 13:29:03,502] {logging_mixin.py:109} INFO - [2022-01-03 13:29:03,502] {dag.py:2928} INFO - Setting next_dagrun for example_trigger_controller_dag to 2021-01-01T00:00:00+00:00
[2022-01-03 13:29:03,526] {processor.py:171} INFO - Processing /home/airflow/.local/lib/python3.7/site-packages/airflow/example_dags/example_trigger_controller_dag.py took 0.164 seconds
[2022-01-03 13:29:33,937] {processor.py:163} INFO - Started process (PID=1737) to work on /home/airflow/.local/lib/python3.7/site-packages/airflow/example_dags/example_trigger_controller_dag.py
[2022-01-03 13:29:33,939] {processor.py:625} INFO - Processing file /home/airflow/.local/lib/python3.7/site-packages/airflow/example_dags/example_trigger_controller_dag.py for tasks to queue
[2022-01-03 13:29:33,939] {logging_mixin.py:109} INFO - [2022-01-03 13:29:33,939] {dagbag.py:500} INFO - Filling up the DagBag from /home/airflow/.local/lib/python3.7/site-packages/airflow/example_dags/example_trigger_controller_dag.py
[2022-01-03 13:29:33,984] {processor.py:637} INFO - DAG(s) dict_keys(['example_trigger_controller_dag']) retrieved from /home/airflow/.local/lib/python3.7/site-packages/airflow/example_dags/example_trigger_controller_dag.py
[2022-01-03 13:29:34,001] {logging_mixin.py:109} INFO - [2022-01-03 13:29:34,001] {dag.py:2396} INFO - Sync 1 DAGs
[2022-01-03 13:29:34,034] {logging_mixin.py:109} INFO - [2022-01-03 13:29:34,034] {dag.py:2928} INFO - Setting next_dagrun for example_trigger_controller_dag to 2021-01-01T00:00:00+00:00
[2022-01-03 13:29:34,048] {processor.py:171} INFO - Processing /home/airflow/.local/lib/python3.7/site-packages/airflow/example_dags/example_trigger_controller_dag.py took 0.114 seconds
[2022-01-03 13:30:05,004] {processor.py:163} INFO - Started process (PID=1787) to work on /home/airflow/.local/lib/python3.7/site-packages/airflow/example_dags/example_trigger_controller_dag.py
[2022-01-03 13:30:05,009] {processor.py:625} INFO - Processing file /home/airflow/.local/lib/python3.7/site-packages/airflow/example_dags/example_trigger_controller_dag.py for tasks to queue
[2022-01-03 13:30:05,011] {logging_mixin.py:109} INFO - [2022-01-03 13:30:05,011] {dagbag.py:500} INFO - Filling up the DagBag from /home/airflow/.local/lib/python3.7/site-packages/airflow/example_dags/example_trigger_controller_dag.py
[2022-01-03 13:30:05,078] {processor.py:637} INFO - DAG(s) dict_keys(['example_trigger_controller_dag']) retrieved from /home/airflow/.local/lib/python3.7/site-packages/airflow/example_dags/example_trigger_controller_dag.py
[2022-01-03 13:30:05,089] {logging_mixin.py:109} INFO - [2022-01-03 13:30:05,089] {dag.py:2396} INFO - Sync 1 DAGs
[2022-01-03 13:30:05,111] {logging_mixin.py:109} INFO - [2022-01-03 13:30:05,111] {dag.py:2928} INFO - Setting next_dagrun for example_trigger_controller_dag to 2021-01-01T00:00:00+00:00
[2022-01-03 13:30:05,123] {processor.py:171} INFO - Processing /home/airflow/.local/lib/python3.7/site-packages/airflow/example_dags/example_trigger_controller_dag.py took 0.130 seconds
[2022-01-03 13:30:36,032] {processor.py:163} INFO - Started process (PID=1842) to work on /home/airflow/.local/lib/python3.7/site-packages/airflow/example_dags/example_trigger_controller_dag.py
[2022-01-03 13:30:36,035] {processor.py:625} INFO - Processing file /home/airflow/.local/lib/python3.7/site-packages/airflow/example_dags/example_trigger_controller_dag.py for tasks to queue
[2022-01-03 13:30:36,036] {logging_mixin.py:109} INFO - [2022-01-03 13:30:36,035] {dagbag.py:500} INFO - Filling up the DagBag from /home/airflow/.local/lib/python3.7/site-packages/airflow/example_dags/example_trigger_controller_dag.py
[2022-01-03 13:30:36,095] {processor.py:637} INFO - DAG(s) dict_keys(['example_trigger_controller_dag']) retrieved from /home/airflow/.local/lib/python3.7/site-packages/airflow/example_dags/example_trigger_controller_dag.py
[2022-01-03 13:30:36,135] {logging_mixin.py:109} INFO - [2022-01-03 13:30:36,135] {dag.py:2396} INFO - Sync 1 DAGs
[2022-01-03 13:30:36,206] {logging_mixin.py:109} INFO - [2022-01-03 13:30:36,206] {dag.py:2928} INFO - Setting next_dagrun for example_trigger_controller_dag to 2021-01-01T00:00:00+00:00
[2022-01-03 13:30:36,250] {processor.py:171} INFO - Processing /home/airflow/.local/lib/python3.7/site-packages/airflow/example_dags/example_trigger_controller_dag.py took 0.222 seconds
[2022-01-03 13:31:06,736] {processor.py:163} INFO - Started process (PID=1895) to work on /home/airflow/.local/lib/python3.7/site-packages/airflow/example_dags/example_trigger_controller_dag.py
[2022-01-03 13:31:06,739] {processor.py:625} INFO - Processing file /home/airflow/.local/lib/python3.7/site-packages/airflow/example_dags/example_trigger_controller_dag.py for tasks to queue
[2022-01-03 13:31:06,741] {logging_mixin.py:109} INFO - [2022-01-03 13:31:06,741] {dagbag.py:500} INFO - Filling up the DagBag from /home/airflow/.local/lib/python3.7/site-packages/airflow/example_dags/example_trigger_controller_dag.py
[2022-01-03 13:31:06,788] {processor.py:637} INFO - DAG(s) dict_keys(['example_trigger_controller_dag']) retrieved from /home/airflow/.local/lib/python3.7/site-packages/airflow/example_dags/example_trigger_controller_dag.py
[2022-01-03 13:31:06,802] {logging_mixin.py:109} INFO - [2022-01-03 13:31:06,801] {dag.py:2396} INFO - Sync 1 DAGs
[2022-01-03 13:31:06,821] {logging_mixin.py:109} INFO - [2022-01-03 13:31:06,821] {dag.py:2928} INFO - Setting next_dagrun for example_trigger_controller_dag to 2021-01-01T00:00:00+00:00
[2022-01-03 13:31:06,835] {processor.py:171} INFO - Processing /home/airflow/.local/lib/python3.7/site-packages/airflow/example_dags/example_trigger_controller_dag.py took 0.109 seconds
[2022-01-03 13:31:36,959] {processor.py:163} INFO - Started process (PID=1946) to work on /home/airflow/.local/lib/python3.7/site-packages/airflow/example_dags/example_trigger_controller_dag.py
[2022-01-03 13:31:36,961] {processor.py:625} INFO - Processing file /home/airflow/.local/lib/python3.7/site-packages/airflow/example_dags/example_trigger_controller_dag.py for tasks to queue
[2022-01-03 13:31:36,961] {logging_mixin.py:109} INFO - [2022-01-03 13:31:36,961] {dagbag.py:500} INFO - Filling up the DagBag from /home/airflow/.local/lib/python3.7/site-packages/airflow/example_dags/example_trigger_controller_dag.py
[2022-01-03 13:31:37,003] {processor.py:637} INFO - DAG(s) dict_keys(['example_trigger_controller_dag']) retrieved from /home/airflow/.local/lib/python3.7/site-packages/airflow/example_dags/example_trigger_controller_dag.py
[2022-01-03 13:31:37,018] {logging_mixin.py:109} INFO - [2022-01-03 13:31:37,018] {dag.py:2396} INFO - Sync 1 DAGs
[2022-01-03 13:31:37,042] {logging_mixin.py:109} INFO - [2022-01-03 13:31:37,042] {dag.py:2928} INFO - Setting next_dagrun for example_trigger_controller_dag to 2021-01-01T00:00:00+00:00
[2022-01-03 13:31:37,056] {processor.py:171} INFO - Processing /home/airflow/.local/lib/python3.7/site-packages/airflow/example_dags/example_trigger_controller_dag.py took 0.100 seconds
[2022-01-03 13:37:57,617] {processor.py:163} INFO - Started process (PID=123) to work on /home/airflow/.local/lib/python3.7/site-packages/airflow/example_dags/example_trigger_controller_dag.py
[2022-01-03 13:37:57,622] {processor.py:625} INFO - Processing file /home/airflow/.local/lib/python3.7/site-packages/airflow/example_dags/example_trigger_controller_dag.py for tasks to queue
[2022-01-03 13:37:57,623] {logging_mixin.py:109} INFO - [2022-01-03 13:37:57,623] {dagbag.py:500} INFO - Filling up the DagBag from /home/airflow/.local/lib/python3.7/site-packages/airflow/example_dags/example_trigger_controller_dag.py
[2022-01-03 13:37:57,671] {processor.py:637} INFO - DAG(s) dict_keys(['example_trigger_controller_dag']) retrieved from /home/airflow/.local/lib/python3.7/site-packages/airflow/example_dags/example_trigger_controller_dag.py
[2022-01-03 13:38:00,433] {logging_mixin.py:109} INFO - [2022-01-03 13:38:00,433] {providers_manager.py:156} WARNING - Exception when importing 'airflow.providers.google.leveldb.hooks.leveldb.LevelDBHook' from 'apache-airflow-providers-google' package: No module named 'plyvel'
[2022-01-03 13:38:01,497] {logging_mixin.py:109} INFO - [2022-01-03 13:38:01,497] {providers_manager.py:156} WARNING - Exception when importing 'airflow.providers.google.leveldb.hooks.leveldb.LevelDBHook' from 'apache-airflow-providers-google' package: No module named 'plyvel'
[2022-01-03 13:38:01,604] {logging_mixin.py:109} INFO - [2022-01-03 13:38:01,604] {manager.py:496} INFO - Created Permission View: can edit on DAG:example_trigger_controller_dag
[2022-01-03 13:38:01,659] {logging_mixin.py:109} INFO - [2022-01-03 13:38:01,658] {manager.py:496} INFO - Created Permission View: can read on DAG:example_trigger_controller_dag
[2022-01-03 13:38:01,662] {logging_mixin.py:109} INFO - [2022-01-03 13:38:01,659] {dag.py:2396} INFO - Sync 1 DAGs
[2022-01-03 13:38:01,690] {logging_mixin.py:109} INFO - [2022-01-03 13:38:01,690] {dag.py:2415} INFO - Creating ORM DAG for example_trigger_controller_dag
[2022-01-03 13:38:01,707] {logging_mixin.py:109} INFO - [2022-01-03 13:38:01,707] {dag.py:2928} INFO - Setting next_dagrun for example_trigger_controller_dag to 2021-01-01T00:00:00+00:00
[2022-01-03 13:38:01,731] {processor.py:171} INFO - Processing /home/airflow/.local/lib/python3.7/site-packages/airflow/example_dags/example_trigger_controller_dag.py took 4.118 seconds
[2022-01-03 13:38:35,685] {processor.py:163} INFO - Started process (PID=264) to work on /home/airflow/.local/lib/python3.7/site-packages/airflow/example_dags/example_trigger_controller_dag.py
[2022-01-03 13:38:35,687] {processor.py:625} INFO - Processing file /home/airflow/.local/lib/python3.7/site-packages/airflow/example_dags/example_trigger_controller_dag.py for tasks to queue
[2022-01-03 13:38:35,688] {logging_mixin.py:109} INFO - [2022-01-03 13:38:35,688] {dagbag.py:500} INFO - Filling up the DagBag from /home/airflow/.local/lib/python3.7/site-packages/airflow/example_dags/example_trigger_controller_dag.py
[2022-01-03 13:38:35,730] {processor.py:637} INFO - DAG(s) dict_keys(['example_trigger_controller_dag']) retrieved from /home/airflow/.local/lib/python3.7/site-packages/airflow/example_dags/example_trigger_controller_dag.py
[2022-01-03 13:38:35,743] {logging_mixin.py:109} INFO - [2022-01-03 13:38:35,743] {dag.py:2396} INFO - Sync 1 DAGs
[2022-01-03 13:38:35,776] {logging_mixin.py:109} INFO - [2022-01-03 13:38:35,776] {dag.py:2928} INFO - Setting next_dagrun for example_trigger_controller_dag to 2021-01-01T00:00:00+00:00
[2022-01-03 13:38:35,798] {processor.py:171} INFO - Processing /home/airflow/.local/lib/python3.7/site-packages/airflow/example_dags/example_trigger_controller_dag.py took 0.118 seconds
[2022-01-03 13:39:05,967] {processor.py:163} INFO - Started process (PID=313) to work on /home/airflow/.local/lib/python3.7/site-packages/airflow/example_dags/example_trigger_controller_dag.py
[2022-01-03 13:39:05,969] {processor.py:625} INFO - Processing file /home/airflow/.local/lib/python3.7/site-packages/airflow/example_dags/example_trigger_controller_dag.py for tasks to queue
[2022-01-03 13:39:05,970] {logging_mixin.py:109} INFO - [2022-01-03 13:39:05,970] {dagbag.py:500} INFO - Filling up the DagBag from /home/airflow/.local/lib/python3.7/site-packages/airflow/example_dags/example_trigger_controller_dag.py
[2022-01-03 13:39:06,046] {processor.py:637} INFO - DAG(s) dict_keys(['example_trigger_controller_dag']) retrieved from /home/airflow/.local/lib/python3.7/site-packages/airflow/example_dags/example_trigger_controller_dag.py
[2022-01-03 13:39:06,074] {logging_mixin.py:109} INFO - [2022-01-03 13:39:06,074] {dag.py:2396} INFO - Sync 1 DAGs
[2022-01-03 13:39:06,131] {logging_mixin.py:109} INFO - [2022-01-03 13:39:06,131] {dag.py:2928} INFO - Setting next_dagrun for example_trigger_controller_dag to 2021-01-01T00:00:00+00:00
[2022-01-03 13:39:06,174] {processor.py:171} INFO - Processing /home/airflow/.local/lib/python3.7/site-packages/airflow/example_dags/example_trigger_controller_dag.py took 0.211 seconds
[2022-01-03 13:42:50,579] {processor.py:163} INFO - Started process (PID=119) to work on /home/airflow/.local/lib/python3.7/site-packages/airflow/example_dags/example_trigger_controller_dag.py
[2022-01-03 13:42:50,581] {processor.py:625} INFO - Processing file /home/airflow/.local/lib/python3.7/site-packages/airflow/example_dags/example_trigger_controller_dag.py for tasks to queue
[2022-01-03 13:42:50,581] {logging_mixin.py:109} INFO - [2022-01-03 13:42:50,581] {dagbag.py:500} INFO - Filling up the DagBag from /home/airflow/.local/lib/python3.7/site-packages/airflow/example_dags/example_trigger_controller_dag.py
[2022-01-03 13:42:50,639] {processor.py:637} INFO - DAG(s) dict_keys(['example_trigger_controller_dag']) retrieved from /home/airflow/.local/lib/python3.7/site-packages/airflow/example_dags/example_trigger_controller_dag.py
[2022-01-03 13:42:53,201] {logging_mixin.py:109} INFO - [2022-01-03 13:42:53,201] {providers_manager.py:156} WARNING - Exception when importing 'airflow.providers.google.leveldb.hooks.leveldb.LevelDBHook' from 'apache-airflow-providers-google' package: No module named 'plyvel'
[2022-01-03 13:42:53,889] {logging_mixin.py:109} INFO - [2022-01-03 13:42:53,889] {providers_manager.py:156} WARNING - Exception when importing 'airflow.providers.google.leveldb.hooks.leveldb.LevelDBHook' from 'apache-airflow-providers-google' package: No module named 'plyvel'
[2022-01-03 13:42:53,923] {logging_mixin.py:109} INFO - [2022-01-03 13:42:53,923] {manager.py:496} INFO - Created Permission View: can read on DAG:example_trigger_controller_dag
[2022-01-03 13:42:53,939] {logging_mixin.py:109} INFO - [2022-01-03 13:42:53,939] {manager.py:496} INFO - Created Permission View: can edit on DAG:example_trigger_controller_dag
[2022-01-03 13:42:53,943] {logging_mixin.py:109} INFO - [2022-01-03 13:42:53,939] {dag.py:2396} INFO - Sync 1 DAGs
[2022-01-03 13:42:53,953] {logging_mixin.py:109} INFO - [2022-01-03 13:42:53,953] {dag.py:2415} INFO - Creating ORM DAG for example_trigger_controller_dag
[2022-01-03 13:42:53,967] {logging_mixin.py:109} INFO - [2022-01-03 13:42:53,967] {dag.py:2928} INFO - Setting next_dagrun for example_trigger_controller_dag to 2021-01-01T00:00:00+00:00
[2022-01-03 13:42:53,984] {processor.py:171} INFO - Processing /home/airflow/.local/lib/python3.7/site-packages/airflow/example_dags/example_trigger_controller_dag.py took 3.416 seconds
[2022-01-03 13:43:28,298] {processor.py:163} INFO - Started process (PID=253) to work on /home/airflow/.local/lib/python3.7/site-packages/airflow/example_dags/example_trigger_controller_dag.py
[2022-01-03 13:43:28,299] {processor.py:625} INFO - Processing file /home/airflow/.local/lib/python3.7/site-packages/airflow/example_dags/example_trigger_controller_dag.py for tasks to queue
[2022-01-03 13:43:28,300] {logging_mixin.py:109} INFO - [2022-01-03 13:43:28,300] {dagbag.py:500} INFO - Filling up the DagBag from /home/airflow/.local/lib/python3.7/site-packages/airflow/example_dags/example_trigger_controller_dag.py
[2022-01-03 13:43:28,324] {processor.py:637} INFO - DAG(s) dict_keys(['example_trigger_controller_dag']) retrieved from /home/airflow/.local/lib/python3.7/site-packages/airflow/example_dags/example_trigger_controller_dag.py
[2022-01-03 13:43:28,334] {logging_mixin.py:109} INFO - [2022-01-03 13:43:28,333] {dag.py:2396} INFO - Sync 1 DAGs
[2022-01-03 13:43:28,350] {logging_mixin.py:109} INFO - [2022-01-03 13:43:28,350] {dag.py:2928} INFO - Setting next_dagrun for example_trigger_controller_dag to 2021-01-01T00:00:00+00:00
[2022-01-03 13:43:28,360] {processor.py:171} INFO - Processing /home/airflow/.local/lib/python3.7/site-packages/airflow/example_dags/example_trigger_controller_dag.py took 0.064 seconds
[2022-01-03 13:43:59,282] {processor.py:163} INFO - Started process (PID=312) to work on /home/airflow/.local/lib/python3.7/site-packages/airflow/example_dags/example_trigger_controller_dag.py
[2022-01-03 13:43:59,291] {processor.py:625} INFO - Processing file /home/airflow/.local/lib/python3.7/site-packages/airflow/example_dags/example_trigger_controller_dag.py for tasks to queue
[2022-01-03 13:43:59,292] {logging_mixin.py:109} INFO - [2022-01-03 13:43:59,292] {dagbag.py:500} INFO - Filling up the DagBag from /home/airflow/.local/lib/python3.7/site-packages/airflow/example_dags/example_trigger_controller_dag.py
[2022-01-03 13:43:59,350] {processor.py:637} INFO - DAG(s) dict_keys(['example_trigger_controller_dag']) retrieved from /home/airflow/.local/lib/python3.7/site-packages/airflow/example_dags/example_trigger_controller_dag.py
[2022-01-03 13:43:59,364] {logging_mixin.py:109} INFO - [2022-01-03 13:43:59,364] {dag.py:2396} INFO - Sync 1 DAGs
[2022-01-03 13:43:59,390] {logging_mixin.py:109} INFO - [2022-01-03 13:43:59,390] {dag.py:2928} INFO - Setting next_dagrun for example_trigger_controller_dag to 2021-01-01T00:00:00+00:00
[2022-01-03 13:43:59,408] {processor.py:171} INFO - Processing /home/airflow/.local/lib/python3.7/site-packages/airflow/example_dags/example_trigger_controller_dag.py took 0.130 seconds
[2022-01-03 13:44:30,334] {processor.py:163} INFO - Started process (PID=362) to work on /home/airflow/.local/lib/python3.7/site-packages/airflow/example_dags/example_trigger_controller_dag.py
[2022-01-03 13:44:30,335] {processor.py:625} INFO - Processing file /home/airflow/.local/lib/python3.7/site-packages/airflow/example_dags/example_trigger_controller_dag.py for tasks to queue
[2022-01-03 13:44:30,336] {logging_mixin.py:109} INFO - [2022-01-03 13:44:30,336] {dagbag.py:500} INFO - Filling up the DagBag from /home/airflow/.local/lib/python3.7/site-packages/airflow/example_dags/example_trigger_controller_dag.py
[2022-01-03 13:44:30,363] {processor.py:637} INFO - DAG(s) dict_keys(['example_trigger_controller_dag']) retrieved from /home/airflow/.local/lib/python3.7/site-packages/airflow/example_dags/example_trigger_controller_dag.py
[2022-01-03 13:44:30,373] {logging_mixin.py:109} INFO - [2022-01-03 13:44:30,373] {dag.py:2396} INFO - Sync 1 DAGs
[2022-01-03 13:44:30,393] {logging_mixin.py:109} INFO - [2022-01-03 13:44:30,393] {dag.py:2928} INFO - Setting next_dagrun for example_trigger_controller_dag to 2021-01-01T00:00:00+00:00
[2022-01-03 13:44:30,402] {processor.py:171} INFO - Processing /home/airflow/.local/lib/python3.7/site-packages/airflow/example_dags/example_trigger_controller_dag.py took 0.071 seconds
[2022-01-03 13:45:00,770] {processor.py:163} INFO - Started process (PID=411) to work on /home/airflow/.local/lib/python3.7/site-packages/airflow/example_dags/example_trigger_controller_dag.py
[2022-01-03 13:45:00,772] {processor.py:625} INFO - Processing file /home/airflow/.local/lib/python3.7/site-packages/airflow/example_dags/example_trigger_controller_dag.py for tasks to queue
[2022-01-03 13:45:00,772] {logging_mixin.py:109} INFO - [2022-01-03 13:45:00,772] {dagbag.py:500} INFO - Filling up the DagBag from /home/airflow/.local/lib/python3.7/site-packages/airflow/example_dags/example_trigger_controller_dag.py
[2022-01-03 13:45:00,890] {processor.py:637} INFO - DAG(s) dict_keys(['example_trigger_controller_dag']) retrieved from /home/airflow/.local/lib/python3.7/site-packages/airflow/example_dags/example_trigger_controller_dag.py
[2022-01-03 13:45:00,914] {logging_mixin.py:109} INFO - [2022-01-03 13:45:00,914] {dag.py:2396} INFO - Sync 1 DAGs
[2022-01-03 13:45:00,947] {logging_mixin.py:109} INFO - [2022-01-03 13:45:00,947] {dag.py:2928} INFO - Setting next_dagrun for example_trigger_controller_dag to 2021-01-01T00:00:00+00:00
[2022-01-03 13:45:00,975] {processor.py:171} INFO - Processing /home/airflow/.local/lib/python3.7/site-packages/airflow/example_dags/example_trigger_controller_dag.py took 0.208 seconds
[2022-01-03 13:45:31,306] {processor.py:163} INFO - Started process (PID=463) to work on /home/airflow/.local/lib/python3.7/site-packages/airflow/example_dags/example_trigger_controller_dag.py
[2022-01-03 13:45:31,309] {processor.py:625} INFO - Processing file /home/airflow/.local/lib/python3.7/site-packages/airflow/example_dags/example_trigger_controller_dag.py for tasks to queue
[2022-01-03 13:45:31,310] {logging_mixin.py:109} INFO - [2022-01-03 13:45:31,310] {dagbag.py:500} INFO - Filling up the DagBag from /home/airflow/.local/lib/python3.7/site-packages/airflow/example_dags/example_trigger_controller_dag.py
[2022-01-03 13:45:31,345] {processor.py:637} INFO - DAG(s) dict_keys(['example_trigger_controller_dag']) retrieved from /home/airflow/.local/lib/python3.7/site-packages/airflow/example_dags/example_trigger_controller_dag.py
[2022-01-03 13:45:31,360] {logging_mixin.py:109} INFO - [2022-01-03 13:45:31,360] {dag.py:2396} INFO - Sync 1 DAGs
[2022-01-03 13:45:31,384] {logging_mixin.py:109} INFO - [2022-01-03 13:45:31,384] {dag.py:2928} INFO - Setting next_dagrun for example_trigger_controller_dag to 2021-01-01T00:00:00+00:00
[2022-01-03 13:45:31,397] {processor.py:171} INFO - Processing /home/airflow/.local/lib/python3.7/site-packages/airflow/example_dags/example_trigger_controller_dag.py took 0.095 seconds
[2022-01-03 13:46:01,498] {processor.py:163} INFO - Started process (PID=526) to work on /home/airflow/.local/lib/python3.7/site-packages/airflow/example_dags/example_trigger_controller_dag.py
[2022-01-03 13:46:01,499] {processor.py:625} INFO - Processing file /home/airflow/.local/lib/python3.7/site-packages/airflow/example_dags/example_trigger_controller_dag.py for tasks to queue
[2022-01-03 13:46:01,500] {logging_mixin.py:109} INFO - [2022-01-03 13:46:01,500] {dagbag.py:500} INFO - Filling up the DagBag from /home/airflow/.local/lib/python3.7/site-packages/airflow/example_dags/example_trigger_controller_dag.py
[2022-01-03 13:46:01,539] {processor.py:637} INFO - DAG(s) dict_keys(['example_trigger_controller_dag']) retrieved from /home/airflow/.local/lib/python3.7/site-packages/airflow/example_dags/example_trigger_controller_dag.py
[2022-01-03 13:46:01,551] {logging_mixin.py:109} INFO - [2022-01-03 13:46:01,551] {dag.py:2396} INFO - Sync 1 DAGs
[2022-01-03 13:46:01,579] {logging_mixin.py:109} INFO - [2022-01-03 13:46:01,579] {dag.py:2928} INFO - Setting next_dagrun for example_trigger_controller_dag to 2021-01-01T00:00:00+00:00
[2022-01-03 13:46:01,591] {processor.py:171} INFO - Processing /home/airflow/.local/lib/python3.7/site-packages/airflow/example_dags/example_trigger_controller_dag.py took 0.097 seconds
[2022-01-03 13:46:32,347] {processor.py:163} INFO - Started process (PID=577) to work on /home/airflow/.local/lib/python3.7/site-packages/airflow/example_dags/example_trigger_controller_dag.py
[2022-01-03 13:46:32,356] {processor.py:625} INFO - Processing file /home/airflow/.local/lib/python3.7/site-packages/airflow/example_dags/example_trigger_controller_dag.py for tasks to queue
[2022-01-03 13:46:32,359] {logging_mixin.py:109} INFO - [2022-01-03 13:46:32,358] {dagbag.py:500} INFO - Filling up the DagBag from /home/airflow/.local/lib/python3.7/site-packages/airflow/example_dags/example_trigger_controller_dag.py
[2022-01-03 13:46:32,487] {processor.py:637} INFO - DAG(s) dict_keys(['example_trigger_controller_dag']) retrieved from /home/airflow/.local/lib/python3.7/site-packages/airflow/example_dags/example_trigger_controller_dag.py
[2022-01-03 13:46:32,507] {logging_mixin.py:109} INFO - [2022-01-03 13:46:32,507] {dag.py:2396} INFO - Sync 1 DAGs
[2022-01-03 13:46:32,538] {logging_mixin.py:109} INFO - [2022-01-03 13:46:32,537] {dag.py:2928} INFO - Setting next_dagrun for example_trigger_controller_dag to 2021-01-01T00:00:00+00:00
[2022-01-03 13:46:32,558] {processor.py:171} INFO - Processing /home/airflow/.local/lib/python3.7/site-packages/airflow/example_dags/example_trigger_controller_dag.py took 0.224 seconds
