[2022-01-03 12:28:49,464] {processor.py:163} INFO - Started process (PID=241) to work on /home/airflow/.local/lib/python3.7/site-packages/airflow/example_dags/example_time_delta_sensor_async.py
[2022-01-03 12:28:49,465] {processor.py:625} INFO - Processing file /home/airflow/.local/lib/python3.7/site-packages/airflow/example_dags/example_time_delta_sensor_async.py for tasks to queue
[2022-01-03 12:28:49,470] {logging_mixin.py:109} INFO - [2022-01-03 12:28:49,470] {dagbag.py:500} INFO - Filling up the DagBag from /home/airflow/.local/lib/python3.7/site-packages/airflow/example_dags/example_time_delta_sensor_async.py
[2022-01-03 12:28:49,613] {processor.py:637} INFO - DAG(s) dict_keys(['example_time_delta_sensor_async']) retrieved from /home/airflow/.local/lib/python3.7/site-packages/airflow/example_dags/example_time_delta_sensor_async.py
[2022-01-03 12:28:53,092] {logging_mixin.py:109} INFO - [2022-01-03 12:28:53,092] {providers_manager.py:156} WARNING - Exception when importing 'airflow.providers.google.leveldb.hooks.leveldb.LevelDBHook' from 'apache-airflow-providers-google' package: No module named 'plyvel'
[2022-01-03 12:28:53,848] {logging_mixin.py:109} INFO - [2022-01-03 12:28:53,848] {providers_manager.py:156} WARNING - Exception when importing 'airflow.providers.google.leveldb.hooks.leveldb.LevelDBHook' from 'apache-airflow-providers-google' package: No module named 'plyvel'
[2022-01-03 12:28:53,887] {logging_mixin.py:109} INFO - [2022-01-03 12:28:53,887] {manager.py:496} INFO - Created Permission View: can read on DAG:example_time_delta_sensor_async
[2022-01-03 12:28:53,908] {logging_mixin.py:109} INFO - [2022-01-03 12:28:53,908] {manager.py:496} INFO - Created Permission View: can edit on DAG:example_time_delta_sensor_async
[2022-01-03 12:28:53,909] {logging_mixin.py:109} INFO - [2022-01-03 12:28:53,908] {dag.py:2396} INFO - Sync 1 DAGs
[2022-01-03 12:28:53,921] {logging_mixin.py:109} INFO - [2022-01-03 12:28:53,920] {dag.py:2415} INFO - Creating ORM DAG for example_time_delta_sensor_async
[2022-01-03 12:28:53,933] {logging_mixin.py:109} INFO - [2022-01-03 12:28:53,933] {dag.py:2928} INFO - Setting next_dagrun for example_time_delta_sensor_async to None
[2022-01-03 12:28:53,955] {processor.py:171} INFO - Processing /home/airflow/.local/lib/python3.7/site-packages/airflow/example_dags/example_time_delta_sensor_async.py took 4.509 seconds
[2022-01-03 12:29:24,238] {processor.py:163} INFO - Started process (PID=309) to work on /home/airflow/.local/lib/python3.7/site-packages/airflow/example_dags/example_time_delta_sensor_async.py
[2022-01-03 12:29:24,241] {processor.py:625} INFO - Processing file /home/airflow/.local/lib/python3.7/site-packages/airflow/example_dags/example_time_delta_sensor_async.py for tasks to queue
[2022-01-03 12:29:24,243] {logging_mixin.py:109} INFO - [2022-01-03 12:29:24,242] {dagbag.py:500} INFO - Filling up the DagBag from /home/airflow/.local/lib/python3.7/site-packages/airflow/example_dags/example_time_delta_sensor_async.py
[2022-01-03 12:29:24,303] {processor.py:637} INFO - DAG(s) dict_keys(['example_time_delta_sensor_async']) retrieved from /home/airflow/.local/lib/python3.7/site-packages/airflow/example_dags/example_time_delta_sensor_async.py
[2022-01-03 12:29:24,326] {logging_mixin.py:109} INFO - [2022-01-03 12:29:24,325] {dag.py:2396} INFO - Sync 1 DAGs
[2022-01-03 12:29:24,364] {logging_mixin.py:109} INFO - [2022-01-03 12:29:24,364] {dag.py:2928} INFO - Setting next_dagrun for example_time_delta_sensor_async to None
[2022-01-03 12:29:24,384] {processor.py:171} INFO - Processing /home/airflow/.local/lib/python3.7/site-packages/airflow/example_dags/example_time_delta_sensor_async.py took 0.151 seconds
[2022-01-03 12:29:54,679] {processor.py:163} INFO - Started process (PID=361) to work on /home/airflow/.local/lib/python3.7/site-packages/airflow/example_dags/example_time_delta_sensor_async.py
[2022-01-03 12:29:54,681] {processor.py:625} INFO - Processing file /home/airflow/.local/lib/python3.7/site-packages/airflow/example_dags/example_time_delta_sensor_async.py for tasks to queue
[2022-01-03 12:29:54,682] {logging_mixin.py:109} INFO - [2022-01-03 12:29:54,681] {dagbag.py:500} INFO - Filling up the DagBag from /home/airflow/.local/lib/python3.7/site-packages/airflow/example_dags/example_time_delta_sensor_async.py
[2022-01-03 12:29:54,842] {processor.py:637} INFO - DAG(s) dict_keys(['example_time_delta_sensor_async']) retrieved from /home/airflow/.local/lib/python3.7/site-packages/airflow/example_dags/example_time_delta_sensor_async.py
[2022-01-03 12:29:54,874] {logging_mixin.py:109} INFO - [2022-01-03 12:29:54,874] {dag.py:2396} INFO - Sync 1 DAGs
[2022-01-03 12:29:54,919] {logging_mixin.py:109} INFO - [2022-01-03 12:29:54,919] {dag.py:2928} INFO - Setting next_dagrun for example_time_delta_sensor_async to None
[2022-01-03 12:29:54,966] {processor.py:171} INFO - Processing /home/airflow/.local/lib/python3.7/site-packages/airflow/example_dags/example_time_delta_sensor_async.py took 0.304 seconds
[2022-01-03 12:30:25,221] {processor.py:163} INFO - Started process (PID=414) to work on /home/airflow/.local/lib/python3.7/site-packages/airflow/example_dags/example_time_delta_sensor_async.py
[2022-01-03 12:30:25,225] {processor.py:625} INFO - Processing file /home/airflow/.local/lib/python3.7/site-packages/airflow/example_dags/example_time_delta_sensor_async.py for tasks to queue
[2022-01-03 12:30:25,226] {logging_mixin.py:109} INFO - [2022-01-03 12:30:25,226] {dagbag.py:500} INFO - Filling up the DagBag from /home/airflow/.local/lib/python3.7/site-packages/airflow/example_dags/example_time_delta_sensor_async.py
[2022-01-03 12:30:25,401] {processor.py:637} INFO - DAG(s) dict_keys(['example_time_delta_sensor_async']) retrieved from /home/airflow/.local/lib/python3.7/site-packages/airflow/example_dags/example_time_delta_sensor_async.py
[2022-01-03 12:30:25,474] {logging_mixin.py:109} INFO - [2022-01-03 12:30:25,474] {dag.py:2396} INFO - Sync 1 DAGs
[2022-01-03 12:30:25,599] {logging_mixin.py:109} INFO - [2022-01-03 12:30:25,598] {dag.py:2928} INFO - Setting next_dagrun for example_time_delta_sensor_async to None
[2022-01-03 12:30:25,658] {processor.py:171} INFO - Processing /home/airflow/.local/lib/python3.7/site-packages/airflow/example_dags/example_time_delta_sensor_async.py took 0.463 seconds
[2022-01-03 12:30:55,842] {processor.py:163} INFO - Started process (PID=455) to work on /home/airflow/.local/lib/python3.7/site-packages/airflow/example_dags/example_time_delta_sensor_async.py
[2022-01-03 12:30:55,843] {processor.py:625} INFO - Processing file /home/airflow/.local/lib/python3.7/site-packages/airflow/example_dags/example_time_delta_sensor_async.py for tasks to queue
[2022-01-03 12:30:55,844] {logging_mixin.py:109} INFO - [2022-01-03 12:30:55,844] {dagbag.py:500} INFO - Filling up the DagBag from /home/airflow/.local/lib/python3.7/site-packages/airflow/example_dags/example_time_delta_sensor_async.py
[2022-01-03 12:30:55,887] {processor.py:637} INFO - DAG(s) dict_keys(['example_time_delta_sensor_async']) retrieved from /home/airflow/.local/lib/python3.7/site-packages/airflow/example_dags/example_time_delta_sensor_async.py
[2022-01-03 12:30:55,905] {logging_mixin.py:109} INFO - [2022-01-03 12:30:55,905] {dag.py:2396} INFO - Sync 1 DAGs
[2022-01-03 12:30:55,930] {logging_mixin.py:109} INFO - [2022-01-03 12:30:55,930] {dag.py:2928} INFO - Setting next_dagrun for example_time_delta_sensor_async to None
[2022-01-03 12:30:55,945] {processor.py:171} INFO - Processing /home/airflow/.local/lib/python3.7/site-packages/airflow/example_dags/example_time_delta_sensor_async.py took 0.106 seconds
[2022-01-03 12:31:26,072] {processor.py:163} INFO - Started process (PID=506) to work on /home/airflow/.local/lib/python3.7/site-packages/airflow/example_dags/example_time_delta_sensor_async.py
[2022-01-03 12:31:26,073] {processor.py:625} INFO - Processing file /home/airflow/.local/lib/python3.7/site-packages/airflow/example_dags/example_time_delta_sensor_async.py for tasks to queue
[2022-01-03 12:31:26,074] {logging_mixin.py:109} INFO - [2022-01-03 12:31:26,074] {dagbag.py:500} INFO - Filling up the DagBag from /home/airflow/.local/lib/python3.7/site-packages/airflow/example_dags/example_time_delta_sensor_async.py
[2022-01-03 12:31:26,111] {processor.py:637} INFO - DAG(s) dict_keys(['example_time_delta_sensor_async']) retrieved from /home/airflow/.local/lib/python3.7/site-packages/airflow/example_dags/example_time_delta_sensor_async.py
[2022-01-03 12:31:26,127] {logging_mixin.py:109} INFO - [2022-01-03 12:31:26,127] {dag.py:2396} INFO - Sync 1 DAGs
[2022-01-03 12:31:26,155] {logging_mixin.py:109} INFO - [2022-01-03 12:31:26,155] {dag.py:2928} INFO - Setting next_dagrun for example_time_delta_sensor_async to None
[2022-01-03 12:31:26,169] {processor.py:171} INFO - Processing /home/airflow/.local/lib/python3.7/site-packages/airflow/example_dags/example_time_delta_sensor_async.py took 0.100 seconds
[2022-01-03 12:31:56,374] {processor.py:163} INFO - Started process (PID=564) to work on /home/airflow/.local/lib/python3.7/site-packages/airflow/example_dags/example_time_delta_sensor_async.py
[2022-01-03 12:31:56,376] {processor.py:625} INFO - Processing file /home/airflow/.local/lib/python3.7/site-packages/airflow/example_dags/example_time_delta_sensor_async.py for tasks to queue
[2022-01-03 12:31:56,377] {logging_mixin.py:109} INFO - [2022-01-03 12:31:56,376] {dagbag.py:500} INFO - Filling up the DagBag from /home/airflow/.local/lib/python3.7/site-packages/airflow/example_dags/example_time_delta_sensor_async.py
[2022-01-03 12:31:56,449] {processor.py:637} INFO - DAG(s) dict_keys(['example_time_delta_sensor_async']) retrieved from /home/airflow/.local/lib/python3.7/site-packages/airflow/example_dags/example_time_delta_sensor_async.py
[2022-01-03 12:31:56,465] {logging_mixin.py:109} INFO - [2022-01-03 12:31:56,464] {dag.py:2396} INFO - Sync 1 DAGs
[2022-01-03 12:31:56,492] {logging_mixin.py:109} INFO - [2022-01-03 12:31:56,492] {dag.py:2928} INFO - Setting next_dagrun for example_time_delta_sensor_async to None
[2022-01-03 12:31:56,507] {processor.py:171} INFO - Processing /home/airflow/.local/lib/python3.7/site-packages/airflow/example_dags/example_time_delta_sensor_async.py took 0.149 seconds
[2022-01-03 12:32:26,691] {processor.py:163} INFO - Started process (PID=615) to work on /home/airflow/.local/lib/python3.7/site-packages/airflow/example_dags/example_time_delta_sensor_async.py
[2022-01-03 12:32:26,694] {processor.py:625} INFO - Processing file /home/airflow/.local/lib/python3.7/site-packages/airflow/example_dags/example_time_delta_sensor_async.py for tasks to queue
[2022-01-03 12:32:26,695] {logging_mixin.py:109} INFO - [2022-01-03 12:32:26,695] {dagbag.py:500} INFO - Filling up the DagBag from /home/airflow/.local/lib/python3.7/site-packages/airflow/example_dags/example_time_delta_sensor_async.py
[2022-01-03 12:32:26,742] {processor.py:637} INFO - DAG(s) dict_keys(['example_time_delta_sensor_async']) retrieved from /home/airflow/.local/lib/python3.7/site-packages/airflow/example_dags/example_time_delta_sensor_async.py
[2022-01-03 12:32:26,758] {logging_mixin.py:109} INFO - [2022-01-03 12:32:26,758] {dag.py:2396} INFO - Sync 1 DAGs
[2022-01-03 12:32:26,790] {logging_mixin.py:109} INFO - [2022-01-03 12:32:26,790] {dag.py:2928} INFO - Setting next_dagrun for example_time_delta_sensor_async to None
[2022-01-03 12:32:26,803] {processor.py:171} INFO - Processing /home/airflow/.local/lib/python3.7/site-packages/airflow/example_dags/example_time_delta_sensor_async.py took 0.126 seconds
[2022-01-03 13:13:49,879] {processor.py:163} INFO - Started process (PID=76) to work on /home/airflow/.local/lib/python3.7/site-packages/airflow/example_dags/example_time_delta_sensor_async.py
[2022-01-03 13:13:49,880] {processor.py:625} INFO - Processing file /home/airflow/.local/lib/python3.7/site-packages/airflow/example_dags/example_time_delta_sensor_async.py for tasks to queue
[2022-01-03 13:13:49,881] {logging_mixin.py:109} INFO - [2022-01-03 13:13:49,881] {dagbag.py:500} INFO - Filling up the DagBag from /home/airflow/.local/lib/python3.7/site-packages/airflow/example_dags/example_time_delta_sensor_async.py
[2022-01-03 13:13:49,907] {processor.py:637} INFO - DAG(s) dict_keys(['example_time_delta_sensor_async']) retrieved from /home/airflow/.local/lib/python3.7/site-packages/airflow/example_dags/example_time_delta_sensor_async.py
[2022-01-03 13:13:49,916] {logging_mixin.py:109} INFO - [2022-01-03 13:13:49,916] {dag.py:2396} INFO - Sync 1 DAGs
[2022-01-03 13:13:49,934] {logging_mixin.py:109} INFO - [2022-01-03 13:13:49,934] {dag.py:2928} INFO - Setting next_dagrun for example_time_delta_sensor_async to None
[2022-01-03 13:13:49,943] {processor.py:171} INFO - Processing /home/airflow/.local/lib/python3.7/site-packages/airflow/example_dags/example_time_delta_sensor_async.py took 0.067 seconds
[2022-01-03 13:14:20,753] {processor.py:163} INFO - Started process (PID=133) to work on /home/airflow/.local/lib/python3.7/site-packages/airflow/example_dags/example_time_delta_sensor_async.py
[2022-01-03 13:14:20,754] {processor.py:625} INFO - Processing file /home/airflow/.local/lib/python3.7/site-packages/airflow/example_dags/example_time_delta_sensor_async.py for tasks to queue
[2022-01-03 13:14:20,755] {logging_mixin.py:109} INFO - [2022-01-03 13:14:20,755] {dagbag.py:500} INFO - Filling up the DagBag from /home/airflow/.local/lib/python3.7/site-packages/airflow/example_dags/example_time_delta_sensor_async.py
[2022-01-03 13:14:20,779] {processor.py:637} INFO - DAG(s) dict_keys(['example_time_delta_sensor_async']) retrieved from /home/airflow/.local/lib/python3.7/site-packages/airflow/example_dags/example_time_delta_sensor_async.py
[2022-01-03 13:14:20,789] {logging_mixin.py:109} INFO - [2022-01-03 13:14:20,789] {dag.py:2396} INFO - Sync 1 DAGs
[2022-01-03 13:14:20,810] {logging_mixin.py:109} INFO - [2022-01-03 13:14:20,810] {dag.py:2928} INFO - Setting next_dagrun for example_time_delta_sensor_async to None
[2022-01-03 13:14:20,821] {processor.py:171} INFO - Processing /home/airflow/.local/lib/python3.7/site-packages/airflow/example_dags/example_time_delta_sensor_async.py took 0.071 seconds
[2022-01-03 13:14:51,660] {processor.py:163} INFO - Started process (PID=187) to work on /home/airflow/.local/lib/python3.7/site-packages/airflow/example_dags/example_time_delta_sensor_async.py
[2022-01-03 13:14:51,662] {processor.py:625} INFO - Processing file /home/airflow/.local/lib/python3.7/site-packages/airflow/example_dags/example_time_delta_sensor_async.py for tasks to queue
[2022-01-03 13:14:51,663] {logging_mixin.py:109} INFO - [2022-01-03 13:14:51,663] {dagbag.py:500} INFO - Filling up the DagBag from /home/airflow/.local/lib/python3.7/site-packages/airflow/example_dags/example_time_delta_sensor_async.py
[2022-01-03 13:14:51,700] {processor.py:637} INFO - DAG(s) dict_keys(['example_time_delta_sensor_async']) retrieved from /home/airflow/.local/lib/python3.7/site-packages/airflow/example_dags/example_time_delta_sensor_async.py
[2022-01-03 13:14:51,713] {logging_mixin.py:109} INFO - [2022-01-03 13:14:51,713] {dag.py:2396} INFO - Sync 1 DAGs
[2022-01-03 13:14:51,747] {logging_mixin.py:109} INFO - [2022-01-03 13:14:51,746] {dag.py:2928} INFO - Setting next_dagrun for example_time_delta_sensor_async to None
[2022-01-03 13:14:51,803] {processor.py:171} INFO - Processing /home/airflow/.local/lib/python3.7/site-packages/airflow/example_dags/example_time_delta_sensor_async.py took 0.146 seconds
[2022-01-03 13:15:22,540] {processor.py:163} INFO - Started process (PID=253) to work on /home/airflow/.local/lib/python3.7/site-packages/airflow/example_dags/example_time_delta_sensor_async.py
[2022-01-03 13:15:22,542] {processor.py:625} INFO - Processing file /home/airflow/.local/lib/python3.7/site-packages/airflow/example_dags/example_time_delta_sensor_async.py for tasks to queue
[2022-01-03 13:15:22,543] {logging_mixin.py:109} INFO - [2022-01-03 13:15:22,543] {dagbag.py:500} INFO - Filling up the DagBag from /home/airflow/.local/lib/python3.7/site-packages/airflow/example_dags/example_time_delta_sensor_async.py
[2022-01-03 13:15:22,601] {processor.py:637} INFO - DAG(s) dict_keys(['example_time_delta_sensor_async']) retrieved from /home/airflow/.local/lib/python3.7/site-packages/airflow/example_dags/example_time_delta_sensor_async.py
[2022-01-03 13:15:22,615] {logging_mixin.py:109} INFO - [2022-01-03 13:15:22,615] {dag.py:2396} INFO - Sync 1 DAGs
[2022-01-03 13:15:22,650] {logging_mixin.py:109} INFO - [2022-01-03 13:15:22,650] {dag.py:2928} INFO - Setting next_dagrun for example_time_delta_sensor_async to None
[2022-01-03 13:15:22,669] {processor.py:171} INFO - Processing /home/airflow/.local/lib/python3.7/site-packages/airflow/example_dags/example_time_delta_sensor_async.py took 0.136 seconds
[2022-01-03 13:15:53,380] {processor.py:163} INFO - Started process (PID=306) to work on /home/airflow/.local/lib/python3.7/site-packages/airflow/example_dags/example_time_delta_sensor_async.py
[2022-01-03 13:15:53,382] {processor.py:625} INFO - Processing file /home/airflow/.local/lib/python3.7/site-packages/airflow/example_dags/example_time_delta_sensor_async.py for tasks to queue
[2022-01-03 13:15:53,383] {logging_mixin.py:109} INFO - [2022-01-03 13:15:53,383] {dagbag.py:500} INFO - Filling up the DagBag from /home/airflow/.local/lib/python3.7/site-packages/airflow/example_dags/example_time_delta_sensor_async.py
[2022-01-03 13:15:53,426] {processor.py:637} INFO - DAG(s) dict_keys(['example_time_delta_sensor_async']) retrieved from /home/airflow/.local/lib/python3.7/site-packages/airflow/example_dags/example_time_delta_sensor_async.py
[2022-01-03 13:15:53,439] {logging_mixin.py:109} INFO - [2022-01-03 13:15:53,439] {dag.py:2396} INFO - Sync 1 DAGs
[2022-01-03 13:15:53,467] {logging_mixin.py:109} INFO - [2022-01-03 13:15:53,466] {dag.py:2928} INFO - Setting next_dagrun for example_time_delta_sensor_async to None
[2022-01-03 13:15:53,481] {processor.py:171} INFO - Processing /home/airflow/.local/lib/python3.7/site-packages/airflow/example_dags/example_time_delta_sensor_async.py took 0.108 seconds
[2022-01-03 13:16:23,794] {processor.py:163} INFO - Started process (PID=362) to work on /home/airflow/.local/lib/python3.7/site-packages/airflow/example_dags/example_time_delta_sensor_async.py
[2022-01-03 13:16:23,795] {processor.py:625} INFO - Processing file /home/airflow/.local/lib/python3.7/site-packages/airflow/example_dags/example_time_delta_sensor_async.py for tasks to queue
[2022-01-03 13:16:23,796] {logging_mixin.py:109} INFO - [2022-01-03 13:16:23,796] {dagbag.py:500} INFO - Filling up the DagBag from /home/airflow/.local/lib/python3.7/site-packages/airflow/example_dags/example_time_delta_sensor_async.py
[2022-01-03 13:16:23,863] {processor.py:637} INFO - DAG(s) dict_keys(['example_time_delta_sensor_async']) retrieved from /home/airflow/.local/lib/python3.7/site-packages/airflow/example_dags/example_time_delta_sensor_async.py
[2022-01-03 13:16:23,877] {logging_mixin.py:109} INFO - [2022-01-03 13:16:23,877] {dag.py:2396} INFO - Sync 1 DAGs
[2022-01-03 13:16:23,904] {logging_mixin.py:109} INFO - [2022-01-03 13:16:23,904] {dag.py:2928} INFO - Setting next_dagrun for example_time_delta_sensor_async to None
[2022-01-03 13:16:23,921] {processor.py:171} INFO - Processing /home/airflow/.local/lib/python3.7/site-packages/airflow/example_dags/example_time_delta_sensor_async.py took 0.131 seconds
[2022-01-03 13:16:54,143] {processor.py:163} INFO - Started process (PID=411) to work on /home/airflow/.local/lib/python3.7/site-packages/airflow/example_dags/example_time_delta_sensor_async.py
[2022-01-03 13:16:54,146] {processor.py:625} INFO - Processing file /home/airflow/.local/lib/python3.7/site-packages/airflow/example_dags/example_time_delta_sensor_async.py for tasks to queue
[2022-01-03 13:16:54,146] {logging_mixin.py:109} INFO - [2022-01-03 13:16:54,146] {dagbag.py:500} INFO - Filling up the DagBag from /home/airflow/.local/lib/python3.7/site-packages/airflow/example_dags/example_time_delta_sensor_async.py
[2022-01-03 13:16:54,190] {processor.py:637} INFO - DAG(s) dict_keys(['example_time_delta_sensor_async']) retrieved from /home/airflow/.local/lib/python3.7/site-packages/airflow/example_dags/example_time_delta_sensor_async.py
[2022-01-03 13:16:54,231] {logging_mixin.py:109} INFO - [2022-01-03 13:16:54,231] {dag.py:2396} INFO - Sync 1 DAGs
[2022-01-03 13:16:54,263] {logging_mixin.py:109} INFO - [2022-01-03 13:16:54,263] {dag.py:2928} INFO - Setting next_dagrun for example_time_delta_sensor_async to None
[2022-01-03 13:16:54,279] {processor.py:171} INFO - Processing /home/airflow/.local/lib/python3.7/site-packages/airflow/example_dags/example_time_delta_sensor_async.py took 0.141 seconds
[2022-01-03 13:17:24,539] {processor.py:163} INFO - Started process (PID=461) to work on /home/airflow/.local/lib/python3.7/site-packages/airflow/example_dags/example_time_delta_sensor_async.py
[2022-01-03 13:17:24,540] {processor.py:625} INFO - Processing file /home/airflow/.local/lib/python3.7/site-packages/airflow/example_dags/example_time_delta_sensor_async.py for tasks to queue
[2022-01-03 13:17:24,541] {logging_mixin.py:109} INFO - [2022-01-03 13:17:24,541] {dagbag.py:500} INFO - Filling up the DagBag from /home/airflow/.local/lib/python3.7/site-packages/airflow/example_dags/example_time_delta_sensor_async.py
[2022-01-03 13:17:24,592] {processor.py:637} INFO - DAG(s) dict_keys(['example_time_delta_sensor_async']) retrieved from /home/airflow/.local/lib/python3.7/site-packages/airflow/example_dags/example_time_delta_sensor_async.py
[2022-01-03 13:17:24,625] {logging_mixin.py:109} INFO - [2022-01-03 13:17:24,625] {dag.py:2396} INFO - Sync 1 DAGs
[2022-01-03 13:17:24,669] {logging_mixin.py:109} INFO - [2022-01-03 13:17:24,669] {dag.py:2928} INFO - Setting next_dagrun for example_time_delta_sensor_async to None
[2022-01-03 13:17:24,687] {processor.py:171} INFO - Processing /home/airflow/.local/lib/python3.7/site-packages/airflow/example_dags/example_time_delta_sensor_async.py took 0.157 seconds
[2022-01-03 13:17:55,452] {processor.py:163} INFO - Started process (PID=523) to work on /home/airflow/.local/lib/python3.7/site-packages/airflow/example_dags/example_time_delta_sensor_async.py
[2022-01-03 13:17:55,453] {processor.py:625} INFO - Processing file /home/airflow/.local/lib/python3.7/site-packages/airflow/example_dags/example_time_delta_sensor_async.py for tasks to queue
[2022-01-03 13:17:55,454] {logging_mixin.py:109} INFO - [2022-01-03 13:17:55,454] {dagbag.py:500} INFO - Filling up the DagBag from /home/airflow/.local/lib/python3.7/site-packages/airflow/example_dags/example_time_delta_sensor_async.py
[2022-01-03 13:17:55,487] {processor.py:637} INFO - DAG(s) dict_keys(['example_time_delta_sensor_async']) retrieved from /home/airflow/.local/lib/python3.7/site-packages/airflow/example_dags/example_time_delta_sensor_async.py
[2022-01-03 13:17:55,502] {logging_mixin.py:109} INFO - [2022-01-03 13:17:55,502] {dag.py:2396} INFO - Sync 1 DAGs
[2022-01-03 13:17:55,531] {logging_mixin.py:109} INFO - [2022-01-03 13:17:55,531] {dag.py:2928} INFO - Setting next_dagrun for example_time_delta_sensor_async to None
[2022-01-03 13:17:55,549] {processor.py:171} INFO - Processing /home/airflow/.local/lib/python3.7/site-packages/airflow/example_dags/example_time_delta_sensor_async.py took 0.118 seconds
[2022-01-03 13:18:27,303] {processor.py:163} INFO - Started process (PID=575) to work on /home/airflow/.local/lib/python3.7/site-packages/airflow/example_dags/example_time_delta_sensor_async.py
[2022-01-03 13:18:27,306] {processor.py:625} INFO - Processing file /home/airflow/.local/lib/python3.7/site-packages/airflow/example_dags/example_time_delta_sensor_async.py for tasks to queue
[2022-01-03 13:18:27,307] {logging_mixin.py:109} INFO - [2022-01-03 13:18:27,307] {dagbag.py:500} INFO - Filling up the DagBag from /home/airflow/.local/lib/python3.7/site-packages/airflow/example_dags/example_time_delta_sensor_async.py
[2022-01-03 13:18:27,401] {processor.py:637} INFO - DAG(s) dict_keys(['example_time_delta_sensor_async']) retrieved from /home/airflow/.local/lib/python3.7/site-packages/airflow/example_dags/example_time_delta_sensor_async.py
[2022-01-03 13:18:27,426] {logging_mixin.py:109} INFO - [2022-01-03 13:18:27,426] {dag.py:2396} INFO - Sync 1 DAGs
[2022-01-03 13:18:27,468] {logging_mixin.py:109} INFO - [2022-01-03 13:18:27,468] {dag.py:2928} INFO - Setting next_dagrun for example_time_delta_sensor_async to None
[2022-01-03 13:18:27,488] {processor.py:171} INFO - Processing /home/airflow/.local/lib/python3.7/site-packages/airflow/example_dags/example_time_delta_sensor_async.py took 0.202 seconds
[2022-01-03 13:18:57,918] {processor.py:163} INFO - Started process (PID=626) to work on /home/airflow/.local/lib/python3.7/site-packages/airflow/example_dags/example_time_delta_sensor_async.py
[2022-01-03 13:18:57,919] {processor.py:625} INFO - Processing file /home/airflow/.local/lib/python3.7/site-packages/airflow/example_dags/example_time_delta_sensor_async.py for tasks to queue
[2022-01-03 13:18:57,920] {logging_mixin.py:109} INFO - [2022-01-03 13:18:57,920] {dagbag.py:500} INFO - Filling up the DagBag from /home/airflow/.local/lib/python3.7/site-packages/airflow/example_dags/example_time_delta_sensor_async.py
[2022-01-03 13:18:57,953] {processor.py:637} INFO - DAG(s) dict_keys(['example_time_delta_sensor_async']) retrieved from /home/airflow/.local/lib/python3.7/site-packages/airflow/example_dags/example_time_delta_sensor_async.py
[2022-01-03 13:18:57,967] {logging_mixin.py:109} INFO - [2022-01-03 13:18:57,966] {dag.py:2396} INFO - Sync 1 DAGs
[2022-01-03 13:18:57,990] {logging_mixin.py:109} INFO - [2022-01-03 13:18:57,990] {dag.py:2928} INFO - Setting next_dagrun for example_time_delta_sensor_async to None
[2022-01-03 13:18:58,000] {processor.py:171} INFO - Processing /home/airflow/.local/lib/python3.7/site-packages/airflow/example_dags/example_time_delta_sensor_async.py took 0.086 seconds
[2022-01-03 13:19:28,163] {processor.py:163} INFO - Started process (PID=676) to work on /home/airflow/.local/lib/python3.7/site-packages/airflow/example_dags/example_time_delta_sensor_async.py
[2022-01-03 13:19:28,171] {processor.py:625} INFO - Processing file /home/airflow/.local/lib/python3.7/site-packages/airflow/example_dags/example_time_delta_sensor_async.py for tasks to queue
[2022-01-03 13:19:28,179] {logging_mixin.py:109} INFO - [2022-01-03 13:19:28,179] {dagbag.py:500} INFO - Filling up the DagBag from /home/airflow/.local/lib/python3.7/site-packages/airflow/example_dags/example_time_delta_sensor_async.py
[2022-01-03 13:19:28,234] {processor.py:637} INFO - DAG(s) dict_keys(['example_time_delta_sensor_async']) retrieved from /home/airflow/.local/lib/python3.7/site-packages/airflow/example_dags/example_time_delta_sensor_async.py
[2022-01-03 13:19:28,248] {logging_mixin.py:109} INFO - [2022-01-03 13:19:28,248] {dag.py:2396} INFO - Sync 1 DAGs
[2022-01-03 13:19:28,274] {logging_mixin.py:109} INFO - [2022-01-03 13:19:28,274] {dag.py:2928} INFO - Setting next_dagrun for example_time_delta_sensor_async to None
[2022-01-03 13:19:28,297] {processor.py:171} INFO - Processing /home/airflow/.local/lib/python3.7/site-packages/airflow/example_dags/example_time_delta_sensor_async.py took 0.148 seconds
[2022-01-03 13:19:58,972] {processor.py:163} INFO - Started process (PID=726) to work on /home/airflow/.local/lib/python3.7/site-packages/airflow/example_dags/example_time_delta_sensor_async.py
[2022-01-03 13:19:58,973] {processor.py:625} INFO - Processing file /home/airflow/.local/lib/python3.7/site-packages/airflow/example_dags/example_time_delta_sensor_async.py for tasks to queue
[2022-01-03 13:19:58,974] {logging_mixin.py:109} INFO - [2022-01-03 13:19:58,974] {dagbag.py:500} INFO - Filling up the DagBag from /home/airflow/.local/lib/python3.7/site-packages/airflow/example_dags/example_time_delta_sensor_async.py
[2022-01-03 13:19:59,010] {processor.py:637} INFO - DAG(s) dict_keys(['example_time_delta_sensor_async']) retrieved from /home/airflow/.local/lib/python3.7/site-packages/airflow/example_dags/example_time_delta_sensor_async.py
[2022-01-03 13:19:59,024] {logging_mixin.py:109} INFO - [2022-01-03 13:19:59,024] {dag.py:2396} INFO - Sync 1 DAGs
[2022-01-03 13:19:59,048] {logging_mixin.py:109} INFO - [2022-01-03 13:19:59,048] {dag.py:2928} INFO - Setting next_dagrun for example_time_delta_sensor_async to None
[2022-01-03 13:19:59,073] {processor.py:171} INFO - Processing /home/airflow/.local/lib/python3.7/site-packages/airflow/example_dags/example_time_delta_sensor_async.py took 0.106 seconds
[2022-01-03 13:20:29,469] {processor.py:163} INFO - Started process (PID=779) to work on /home/airflow/.local/lib/python3.7/site-packages/airflow/example_dags/example_time_delta_sensor_async.py
[2022-01-03 13:20:29,484] {processor.py:625} INFO - Processing file /home/airflow/.local/lib/python3.7/site-packages/airflow/example_dags/example_time_delta_sensor_async.py for tasks to queue
[2022-01-03 13:20:29,484] {logging_mixin.py:109} INFO - [2022-01-03 13:20:29,484] {dagbag.py:500} INFO - Filling up the DagBag from /home/airflow/.local/lib/python3.7/site-packages/airflow/example_dags/example_time_delta_sensor_async.py
[2022-01-03 13:20:29,531] {processor.py:637} INFO - DAG(s) dict_keys(['example_time_delta_sensor_async']) retrieved from /home/airflow/.local/lib/python3.7/site-packages/airflow/example_dags/example_time_delta_sensor_async.py
[2022-01-03 13:20:29,546] {logging_mixin.py:109} INFO - [2022-01-03 13:20:29,546] {dag.py:2396} INFO - Sync 1 DAGs
[2022-01-03 13:20:29,572] {logging_mixin.py:109} INFO - [2022-01-03 13:20:29,572] {dag.py:2928} INFO - Setting next_dagrun for example_time_delta_sensor_async to None
[2022-01-03 13:20:29,586] {processor.py:171} INFO - Processing /home/airflow/.local/lib/python3.7/site-packages/airflow/example_dags/example_time_delta_sensor_async.py took 0.120 seconds
[2022-01-03 13:20:59,770] {processor.py:163} INFO - Started process (PID=829) to work on /home/airflow/.local/lib/python3.7/site-packages/airflow/example_dags/example_time_delta_sensor_async.py
[2022-01-03 13:20:59,773] {processor.py:625} INFO - Processing file /home/airflow/.local/lib/python3.7/site-packages/airflow/example_dags/example_time_delta_sensor_async.py for tasks to queue
[2022-01-03 13:20:59,774] {logging_mixin.py:109} INFO - [2022-01-03 13:20:59,773] {dagbag.py:500} INFO - Filling up the DagBag from /home/airflow/.local/lib/python3.7/site-packages/airflow/example_dags/example_time_delta_sensor_async.py
[2022-01-03 13:20:59,815] {processor.py:637} INFO - DAG(s) dict_keys(['example_time_delta_sensor_async']) retrieved from /home/airflow/.local/lib/python3.7/site-packages/airflow/example_dags/example_time_delta_sensor_async.py
[2022-01-03 13:20:59,838] {logging_mixin.py:109} INFO - [2022-01-03 13:20:59,838] {dag.py:2396} INFO - Sync 1 DAGs
[2022-01-03 13:20:59,869] {logging_mixin.py:109} INFO - [2022-01-03 13:20:59,869] {dag.py:2928} INFO - Setting next_dagrun for example_time_delta_sensor_async to None
[2022-01-03 13:20:59,917] {processor.py:171} INFO - Processing /home/airflow/.local/lib/python3.7/site-packages/airflow/example_dags/example_time_delta_sensor_async.py took 0.152 seconds
[2022-01-03 13:21:30,343] {processor.py:163} INFO - Started process (PID=889) to work on /home/airflow/.local/lib/python3.7/site-packages/airflow/example_dags/example_time_delta_sensor_async.py
[2022-01-03 13:21:30,346] {processor.py:625} INFO - Processing file /home/airflow/.local/lib/python3.7/site-packages/airflow/example_dags/example_time_delta_sensor_async.py for tasks to queue
[2022-01-03 13:21:30,347] {logging_mixin.py:109} INFO - [2022-01-03 13:21:30,347] {dagbag.py:500} INFO - Filling up the DagBag from /home/airflow/.local/lib/python3.7/site-packages/airflow/example_dags/example_time_delta_sensor_async.py
[2022-01-03 13:21:30,389] {processor.py:637} INFO - DAG(s) dict_keys(['example_time_delta_sensor_async']) retrieved from /home/airflow/.local/lib/python3.7/site-packages/airflow/example_dags/example_time_delta_sensor_async.py
[2022-01-03 13:21:30,406] {logging_mixin.py:109} INFO - [2022-01-03 13:21:30,406] {dag.py:2396} INFO - Sync 1 DAGs
[2022-01-03 13:21:30,439] {logging_mixin.py:109} INFO - [2022-01-03 13:21:30,439] {dag.py:2928} INFO - Setting next_dagrun for example_time_delta_sensor_async to None
[2022-01-03 13:21:30,462] {processor.py:171} INFO - Processing /home/airflow/.local/lib/python3.7/site-packages/airflow/example_dags/example_time_delta_sensor_async.py took 0.131 seconds
[2022-01-03 13:22:00,521] {processor.py:163} INFO - Started process (PID=940) to work on /home/airflow/.local/lib/python3.7/site-packages/airflow/example_dags/example_time_delta_sensor_async.py
[2022-01-03 13:22:00,522] {processor.py:625} INFO - Processing file /home/airflow/.local/lib/python3.7/site-packages/airflow/example_dags/example_time_delta_sensor_async.py for tasks to queue
[2022-01-03 13:22:00,523] {logging_mixin.py:109} INFO - [2022-01-03 13:22:00,523] {dagbag.py:500} INFO - Filling up the DagBag from /home/airflow/.local/lib/python3.7/site-packages/airflow/example_dags/example_time_delta_sensor_async.py
[2022-01-03 13:22:00,586] {processor.py:637} INFO - DAG(s) dict_keys(['example_time_delta_sensor_async']) retrieved from /home/airflow/.local/lib/python3.7/site-packages/airflow/example_dags/example_time_delta_sensor_async.py
[2022-01-03 13:22:00,601] {logging_mixin.py:109} INFO - [2022-01-03 13:22:00,600] {dag.py:2396} INFO - Sync 1 DAGs
[2022-01-03 13:22:00,627] {logging_mixin.py:109} INFO - [2022-01-03 13:22:00,627] {dag.py:2928} INFO - Setting next_dagrun for example_time_delta_sensor_async to None
[2022-01-03 13:22:00,641] {processor.py:171} INFO - Processing /home/airflow/.local/lib/python3.7/site-packages/airflow/example_dags/example_time_delta_sensor_async.py took 0.124 seconds
[2022-01-03 13:22:30,837] {processor.py:163} INFO - Started process (PID=992) to work on /home/airflow/.local/lib/python3.7/site-packages/airflow/example_dags/example_time_delta_sensor_async.py
[2022-01-03 13:22:30,839] {processor.py:625} INFO - Processing file /home/airflow/.local/lib/python3.7/site-packages/airflow/example_dags/example_time_delta_sensor_async.py for tasks to queue
[2022-01-03 13:22:30,840] {logging_mixin.py:109} INFO - [2022-01-03 13:22:30,840] {dagbag.py:500} INFO - Filling up the DagBag from /home/airflow/.local/lib/python3.7/site-packages/airflow/example_dags/example_time_delta_sensor_async.py
[2022-01-03 13:22:30,875] {processor.py:637} INFO - DAG(s) dict_keys(['example_time_delta_sensor_async']) retrieved from /home/airflow/.local/lib/python3.7/site-packages/airflow/example_dags/example_time_delta_sensor_async.py
[2022-01-03 13:22:30,889] {logging_mixin.py:109} INFO - [2022-01-03 13:22:30,889] {dag.py:2396} INFO - Sync 1 DAGs
[2022-01-03 13:22:30,914] {logging_mixin.py:109} INFO - [2022-01-03 13:22:30,914] {dag.py:2928} INFO - Setting next_dagrun for example_time_delta_sensor_async to None
[2022-01-03 13:22:30,927] {processor.py:171} INFO - Processing /home/airflow/.local/lib/python3.7/site-packages/airflow/example_dags/example_time_delta_sensor_async.py took 0.093 seconds
[2022-01-03 13:23:00,964] {processor.py:163} INFO - Started process (PID=1045) to work on /home/airflow/.local/lib/python3.7/site-packages/airflow/example_dags/example_time_delta_sensor_async.py
[2022-01-03 13:23:00,965] {processor.py:625} INFO - Processing file /home/airflow/.local/lib/python3.7/site-packages/airflow/example_dags/example_time_delta_sensor_async.py for tasks to queue
[2022-01-03 13:23:00,966] {logging_mixin.py:109} INFO - [2022-01-03 13:23:00,966] {dagbag.py:500} INFO - Filling up the DagBag from /home/airflow/.local/lib/python3.7/site-packages/airflow/example_dags/example_time_delta_sensor_async.py
[2022-01-03 13:23:00,996] {processor.py:637} INFO - DAG(s) dict_keys(['example_time_delta_sensor_async']) retrieved from /home/airflow/.local/lib/python3.7/site-packages/airflow/example_dags/example_time_delta_sensor_async.py
[2022-01-03 13:23:01,007] {logging_mixin.py:109} INFO - [2022-01-03 13:23:01,007] {dag.py:2396} INFO - Sync 1 DAGs
[2022-01-03 13:23:01,025] {logging_mixin.py:109} INFO - [2022-01-03 13:23:01,025] {dag.py:2928} INFO - Setting next_dagrun for example_time_delta_sensor_async to None
[2022-01-03 13:23:01,035] {processor.py:171} INFO - Processing /home/airflow/.local/lib/python3.7/site-packages/airflow/example_dags/example_time_delta_sensor_async.py took 0.076 seconds
[2022-01-03 13:23:31,370] {processor.py:163} INFO - Started process (PID=1097) to work on /home/airflow/.local/lib/python3.7/site-packages/airflow/example_dags/example_time_delta_sensor_async.py
[2022-01-03 13:23:31,371] {processor.py:625} INFO - Processing file /home/airflow/.local/lib/python3.7/site-packages/airflow/example_dags/example_time_delta_sensor_async.py for tasks to queue
[2022-01-03 13:23:31,372] {logging_mixin.py:109} INFO - [2022-01-03 13:23:31,372] {dagbag.py:500} INFO - Filling up the DagBag from /home/airflow/.local/lib/python3.7/site-packages/airflow/example_dags/example_time_delta_sensor_async.py
[2022-01-03 13:23:31,405] {processor.py:637} INFO - DAG(s) dict_keys(['example_time_delta_sensor_async']) retrieved from /home/airflow/.local/lib/python3.7/site-packages/airflow/example_dags/example_time_delta_sensor_async.py
[2022-01-03 13:23:31,416] {logging_mixin.py:109} INFO - [2022-01-03 13:23:31,415] {dag.py:2396} INFO - Sync 1 DAGs
[2022-01-03 13:23:31,438] {logging_mixin.py:109} INFO - [2022-01-03 13:23:31,438] {dag.py:2928} INFO - Setting next_dagrun for example_time_delta_sensor_async to None
[2022-01-03 13:23:31,450] {processor.py:171} INFO - Processing /home/airflow/.local/lib/python3.7/site-packages/airflow/example_dags/example_time_delta_sensor_async.py took 0.083 seconds
[2022-01-03 13:24:01,625] {processor.py:163} INFO - Started process (PID=1157) to work on /home/airflow/.local/lib/python3.7/site-packages/airflow/example_dags/example_time_delta_sensor_async.py
[2022-01-03 13:24:01,627] {processor.py:625} INFO - Processing file /home/airflow/.local/lib/python3.7/site-packages/airflow/example_dags/example_time_delta_sensor_async.py for tasks to queue
[2022-01-03 13:24:01,627] {logging_mixin.py:109} INFO - [2022-01-03 13:24:01,627] {dagbag.py:500} INFO - Filling up the DagBag from /home/airflow/.local/lib/python3.7/site-packages/airflow/example_dags/example_time_delta_sensor_async.py
[2022-01-03 13:24:01,658] {processor.py:637} INFO - DAG(s) dict_keys(['example_time_delta_sensor_async']) retrieved from /home/airflow/.local/lib/python3.7/site-packages/airflow/example_dags/example_time_delta_sensor_async.py
[2022-01-03 13:24:01,668] {logging_mixin.py:109} INFO - [2022-01-03 13:24:01,667] {dag.py:2396} INFO - Sync 1 DAGs
[2022-01-03 13:24:01,685] {logging_mixin.py:109} INFO - [2022-01-03 13:24:01,685] {dag.py:2928} INFO - Setting next_dagrun for example_time_delta_sensor_async to None
[2022-01-03 13:24:01,694] {processor.py:171} INFO - Processing /home/airflow/.local/lib/python3.7/site-packages/airflow/example_dags/example_time_delta_sensor_async.py took 0.072 seconds
[2022-01-03 13:24:31,987] {processor.py:163} INFO - Started process (PID=1208) to work on /home/airflow/.local/lib/python3.7/site-packages/airflow/example_dags/example_time_delta_sensor_async.py
[2022-01-03 13:24:31,989] {processor.py:625} INFO - Processing file /home/airflow/.local/lib/python3.7/site-packages/airflow/example_dags/example_time_delta_sensor_async.py for tasks to queue
[2022-01-03 13:24:31,989] {logging_mixin.py:109} INFO - [2022-01-03 13:24:31,989] {dagbag.py:500} INFO - Filling up the DagBag from /home/airflow/.local/lib/python3.7/site-packages/airflow/example_dags/example_time_delta_sensor_async.py
[2022-01-03 13:24:32,022] {processor.py:637} INFO - DAG(s) dict_keys(['example_time_delta_sensor_async']) retrieved from /home/airflow/.local/lib/python3.7/site-packages/airflow/example_dags/example_time_delta_sensor_async.py
[2022-01-03 13:24:32,036] {logging_mixin.py:109} INFO - [2022-01-03 13:24:32,036] {dag.py:2396} INFO - Sync 1 DAGs
[2022-01-03 13:24:32,062] {logging_mixin.py:109} INFO - [2022-01-03 13:24:32,061] {dag.py:2928} INFO - Setting next_dagrun for example_time_delta_sensor_async to None
[2022-01-03 13:24:32,071] {processor.py:171} INFO - Processing /home/airflow/.local/lib/python3.7/site-packages/airflow/example_dags/example_time_delta_sensor_async.py took 0.088 seconds
[2022-01-03 13:25:02,253] {processor.py:163} INFO - Started process (PID=1258) to work on /home/airflow/.local/lib/python3.7/site-packages/airflow/example_dags/example_time_delta_sensor_async.py
[2022-01-03 13:25:02,255] {processor.py:625} INFO - Processing file /home/airflow/.local/lib/python3.7/site-packages/airflow/example_dags/example_time_delta_sensor_async.py for tasks to queue
[2022-01-03 13:25:02,256] {logging_mixin.py:109} INFO - [2022-01-03 13:25:02,256] {dagbag.py:500} INFO - Filling up the DagBag from /home/airflow/.local/lib/python3.7/site-packages/airflow/example_dags/example_time_delta_sensor_async.py
[2022-01-03 13:25:02,296] {processor.py:637} INFO - DAG(s) dict_keys(['example_time_delta_sensor_async']) retrieved from /home/airflow/.local/lib/python3.7/site-packages/airflow/example_dags/example_time_delta_sensor_async.py
[2022-01-03 13:25:02,310] {logging_mixin.py:109} INFO - [2022-01-03 13:25:02,310] {dag.py:2396} INFO - Sync 1 DAGs
[2022-01-03 13:25:02,337] {logging_mixin.py:109} INFO - [2022-01-03 13:25:02,337] {dag.py:2928} INFO - Setting next_dagrun for example_time_delta_sensor_async to None
[2022-01-03 13:25:02,371] {processor.py:171} INFO - Processing /home/airflow/.local/lib/python3.7/site-packages/airflow/example_dags/example_time_delta_sensor_async.py took 0.122 seconds
[2022-01-03 13:25:32,737] {processor.py:163} INFO - Started process (PID=1309) to work on /home/airflow/.local/lib/python3.7/site-packages/airflow/example_dags/example_time_delta_sensor_async.py
[2022-01-03 13:25:32,738] {processor.py:625} INFO - Processing file /home/airflow/.local/lib/python3.7/site-packages/airflow/example_dags/example_time_delta_sensor_async.py for tasks to queue
[2022-01-03 13:25:32,739] {logging_mixin.py:109} INFO - [2022-01-03 13:25:32,738] {dagbag.py:500} INFO - Filling up the DagBag from /home/airflow/.local/lib/python3.7/site-packages/airflow/example_dags/example_time_delta_sensor_async.py
[2022-01-03 13:25:32,773] {processor.py:637} INFO - DAG(s) dict_keys(['example_time_delta_sensor_async']) retrieved from /home/airflow/.local/lib/python3.7/site-packages/airflow/example_dags/example_time_delta_sensor_async.py
[2022-01-03 13:25:32,784] {logging_mixin.py:109} INFO - [2022-01-03 13:25:32,784] {dag.py:2396} INFO - Sync 1 DAGs
[2022-01-03 13:25:32,805] {logging_mixin.py:109} INFO - [2022-01-03 13:25:32,804] {dag.py:2928} INFO - Setting next_dagrun for example_time_delta_sensor_async to None
[2022-01-03 13:25:32,813] {processor.py:171} INFO - Processing /home/airflow/.local/lib/python3.7/site-packages/airflow/example_dags/example_time_delta_sensor_async.py took 0.081 seconds
[2022-01-03 13:26:03,231] {processor.py:163} INFO - Started process (PID=1377) to work on /home/airflow/.local/lib/python3.7/site-packages/airflow/example_dags/example_time_delta_sensor_async.py
[2022-01-03 13:26:03,232] {processor.py:625} INFO - Processing file /home/airflow/.local/lib/python3.7/site-packages/airflow/example_dags/example_time_delta_sensor_async.py for tasks to queue
[2022-01-03 13:26:03,232] {logging_mixin.py:109} INFO - [2022-01-03 13:26:03,232] {dagbag.py:500} INFO - Filling up the DagBag from /home/airflow/.local/lib/python3.7/site-packages/airflow/example_dags/example_time_delta_sensor_async.py
[2022-01-03 13:26:03,264] {processor.py:637} INFO - DAG(s) dict_keys(['example_time_delta_sensor_async']) retrieved from /home/airflow/.local/lib/python3.7/site-packages/airflow/example_dags/example_time_delta_sensor_async.py
[2022-01-03 13:26:03,279] {logging_mixin.py:109} INFO - [2022-01-03 13:26:03,279] {dag.py:2396} INFO - Sync 1 DAGs
[2022-01-03 13:26:03,302] {logging_mixin.py:109} INFO - [2022-01-03 13:26:03,302] {dag.py:2928} INFO - Setting next_dagrun for example_time_delta_sensor_async to None
[2022-01-03 13:26:03,312] {processor.py:171} INFO - Processing /home/airflow/.local/lib/python3.7/site-packages/airflow/example_dags/example_time_delta_sensor_async.py took 0.087 seconds
[2022-01-03 13:26:34,010] {processor.py:163} INFO - Started process (PID=1427) to work on /home/airflow/.local/lib/python3.7/site-packages/airflow/example_dags/example_time_delta_sensor_async.py
[2022-01-03 13:26:34,011] {processor.py:625} INFO - Processing file /home/airflow/.local/lib/python3.7/site-packages/airflow/example_dags/example_time_delta_sensor_async.py for tasks to queue
[2022-01-03 13:26:34,011] {logging_mixin.py:109} INFO - [2022-01-03 13:26:34,011] {dagbag.py:500} INFO - Filling up the DagBag from /home/airflow/.local/lib/python3.7/site-packages/airflow/example_dags/example_time_delta_sensor_async.py
[2022-01-03 13:26:34,041] {processor.py:637} INFO - DAG(s) dict_keys(['example_time_delta_sensor_async']) retrieved from /home/airflow/.local/lib/python3.7/site-packages/airflow/example_dags/example_time_delta_sensor_async.py
[2022-01-03 13:26:34,051] {logging_mixin.py:109} INFO - [2022-01-03 13:26:34,051] {dag.py:2396} INFO - Sync 1 DAGs
[2022-01-03 13:26:34,070] {logging_mixin.py:109} INFO - [2022-01-03 13:26:34,070] {dag.py:2928} INFO - Setting next_dagrun for example_time_delta_sensor_async to None
[2022-01-03 13:26:34,080] {processor.py:171} INFO - Processing /home/airflow/.local/lib/python3.7/site-packages/airflow/example_dags/example_time_delta_sensor_async.py took 0.073 seconds
[2022-01-03 13:27:04,543] {processor.py:163} INFO - Started process (PID=1478) to work on /home/airflow/.local/lib/python3.7/site-packages/airflow/example_dags/example_time_delta_sensor_async.py
[2022-01-03 13:27:04,548] {processor.py:625} INFO - Processing file /home/airflow/.local/lib/python3.7/site-packages/airflow/example_dags/example_time_delta_sensor_async.py for tasks to queue
[2022-01-03 13:27:04,549] {logging_mixin.py:109} INFO - [2022-01-03 13:27:04,549] {dagbag.py:500} INFO - Filling up the DagBag from /home/airflow/.local/lib/python3.7/site-packages/airflow/example_dags/example_time_delta_sensor_async.py
[2022-01-03 13:27:04,597] {processor.py:637} INFO - DAG(s) dict_keys(['example_time_delta_sensor_async']) retrieved from /home/airflow/.local/lib/python3.7/site-packages/airflow/example_dags/example_time_delta_sensor_async.py
[2022-01-03 13:27:04,615] {logging_mixin.py:109} INFO - [2022-01-03 13:27:04,615] {dag.py:2396} INFO - Sync 1 DAGs
[2022-01-03 13:27:04,643] {logging_mixin.py:109} INFO - [2022-01-03 13:27:04,643] {dag.py:2928} INFO - Setting next_dagrun for example_time_delta_sensor_async to None
[2022-01-03 13:27:04,656] {processor.py:171} INFO - Processing /home/airflow/.local/lib/python3.7/site-packages/airflow/example_dags/example_time_delta_sensor_async.py took 0.120 seconds
[2022-01-03 13:27:35,063] {processor.py:163} INFO - Started process (PID=1528) to work on /home/airflow/.local/lib/python3.7/site-packages/airflow/example_dags/example_time_delta_sensor_async.py
[2022-01-03 13:27:35,064] {processor.py:625} INFO - Processing file /home/airflow/.local/lib/python3.7/site-packages/airflow/example_dags/example_time_delta_sensor_async.py for tasks to queue
[2022-01-03 13:27:35,075] {logging_mixin.py:109} INFO - [2022-01-03 13:27:35,075] {dagbag.py:500} INFO - Filling up the DagBag from /home/airflow/.local/lib/python3.7/site-packages/airflow/example_dags/example_time_delta_sensor_async.py
[2022-01-03 13:27:35,180] {processor.py:637} INFO - DAG(s) dict_keys(['example_time_delta_sensor_async']) retrieved from /home/airflow/.local/lib/python3.7/site-packages/airflow/example_dags/example_time_delta_sensor_async.py
[2022-01-03 13:27:35,199] {logging_mixin.py:109} INFO - [2022-01-03 13:27:35,199] {dag.py:2396} INFO - Sync 1 DAGs
[2022-01-03 13:27:35,222] {logging_mixin.py:109} INFO - [2022-01-03 13:27:35,222] {dag.py:2928} INFO - Setting next_dagrun for example_time_delta_sensor_async to None
[2022-01-03 13:27:35,236] {processor.py:171} INFO - Processing /home/airflow/.local/lib/python3.7/site-packages/airflow/example_dags/example_time_delta_sensor_async.py took 0.177 seconds
[2022-01-03 13:28:06,248] {processor.py:163} INFO - Started process (PID=1580) to work on /home/airflow/.local/lib/python3.7/site-packages/airflow/example_dags/example_time_delta_sensor_async.py
[2022-01-03 13:28:06,250] {processor.py:625} INFO - Processing file /home/airflow/.local/lib/python3.7/site-packages/airflow/example_dags/example_time_delta_sensor_async.py for tasks to queue
[2022-01-03 13:28:06,251] {logging_mixin.py:109} INFO - [2022-01-03 13:28:06,251] {dagbag.py:500} INFO - Filling up the DagBag from /home/airflow/.local/lib/python3.7/site-packages/airflow/example_dags/example_time_delta_sensor_async.py
[2022-01-03 13:28:06,287] {processor.py:637} INFO - DAG(s) dict_keys(['example_time_delta_sensor_async']) retrieved from /home/airflow/.local/lib/python3.7/site-packages/airflow/example_dags/example_time_delta_sensor_async.py
[2022-01-03 13:28:06,304] {logging_mixin.py:109} INFO - [2022-01-03 13:28:06,304] {dag.py:2396} INFO - Sync 1 DAGs
[2022-01-03 13:28:06,329] {logging_mixin.py:109} INFO - [2022-01-03 13:28:06,329] {dag.py:2928} INFO - Setting next_dagrun for example_time_delta_sensor_async to None
[2022-01-03 13:28:06,341] {processor.py:171} INFO - Processing /home/airflow/.local/lib/python3.7/site-packages/airflow/example_dags/example_time_delta_sensor_async.py took 0.097 seconds
[2022-01-03 13:28:37,042] {processor.py:163} INFO - Started process (PID=1635) to work on /home/airflow/.local/lib/python3.7/site-packages/airflow/example_dags/example_time_delta_sensor_async.py
[2022-01-03 13:28:37,052] {processor.py:625} INFO - Processing file /home/airflow/.local/lib/python3.7/site-packages/airflow/example_dags/example_time_delta_sensor_async.py for tasks to queue
[2022-01-03 13:28:37,053] {logging_mixin.py:109} INFO - [2022-01-03 13:28:37,053] {dagbag.py:500} INFO - Filling up the DagBag from /home/airflow/.local/lib/python3.7/site-packages/airflow/example_dags/example_time_delta_sensor_async.py
[2022-01-03 13:28:37,144] {processor.py:637} INFO - DAG(s) dict_keys(['example_time_delta_sensor_async']) retrieved from /home/airflow/.local/lib/python3.7/site-packages/airflow/example_dags/example_time_delta_sensor_async.py
[2022-01-03 13:28:37,168] {logging_mixin.py:109} INFO - [2022-01-03 13:28:37,168] {dag.py:2396} INFO - Sync 1 DAGs
[2022-01-03 13:28:37,200] {logging_mixin.py:109} INFO - [2022-01-03 13:28:37,200] {dag.py:2928} INFO - Setting next_dagrun for example_time_delta_sensor_async to None
[2022-01-03 13:28:37,221] {processor.py:171} INFO - Processing /home/airflow/.local/lib/python3.7/site-packages/airflow/example_dags/example_time_delta_sensor_async.py took 0.189 seconds
[2022-01-03 13:29:07,433] {processor.py:163} INFO - Started process (PID=1697) to work on /home/airflow/.local/lib/python3.7/site-packages/airflow/example_dags/example_time_delta_sensor_async.py
[2022-01-03 13:29:07,437] {processor.py:625} INFO - Processing file /home/airflow/.local/lib/python3.7/site-packages/airflow/example_dags/example_time_delta_sensor_async.py for tasks to queue
[2022-01-03 13:29:07,439] {logging_mixin.py:109} INFO - [2022-01-03 13:29:07,439] {dagbag.py:500} INFO - Filling up the DagBag from /home/airflow/.local/lib/python3.7/site-packages/airflow/example_dags/example_time_delta_sensor_async.py
[2022-01-03 13:29:07,478] {processor.py:637} INFO - DAG(s) dict_keys(['example_time_delta_sensor_async']) retrieved from /home/airflow/.local/lib/python3.7/site-packages/airflow/example_dags/example_time_delta_sensor_async.py
[2022-01-03 13:29:07,496] {logging_mixin.py:109} INFO - [2022-01-03 13:29:07,496] {dag.py:2396} INFO - Sync 1 DAGs
[2022-01-03 13:29:07,535] {logging_mixin.py:109} INFO - [2022-01-03 13:29:07,535] {dag.py:2928} INFO - Setting next_dagrun for example_time_delta_sensor_async to None
[2022-01-03 13:29:07,550] {processor.py:171} INFO - Processing /home/airflow/.local/lib/python3.7/site-packages/airflow/example_dags/example_time_delta_sensor_async.py took 0.121 seconds
[2022-01-03 13:29:37,644] {processor.py:163} INFO - Started process (PID=1747) to work on /home/airflow/.local/lib/python3.7/site-packages/airflow/example_dags/example_time_delta_sensor_async.py
[2022-01-03 13:29:37,645] {processor.py:625} INFO - Processing file /home/airflow/.local/lib/python3.7/site-packages/airflow/example_dags/example_time_delta_sensor_async.py for tasks to queue
[2022-01-03 13:29:37,645] {logging_mixin.py:109} INFO - [2022-01-03 13:29:37,645] {dagbag.py:500} INFO - Filling up the DagBag from /home/airflow/.local/lib/python3.7/site-packages/airflow/example_dags/example_time_delta_sensor_async.py
[2022-01-03 13:29:37,673] {processor.py:637} INFO - DAG(s) dict_keys(['example_time_delta_sensor_async']) retrieved from /home/airflow/.local/lib/python3.7/site-packages/airflow/example_dags/example_time_delta_sensor_async.py
[2022-01-03 13:29:37,684] {logging_mixin.py:109} INFO - [2022-01-03 13:29:37,684] {dag.py:2396} INFO - Sync 1 DAGs
[2022-01-03 13:29:37,705] {logging_mixin.py:109} INFO - [2022-01-03 13:29:37,704] {dag.py:2928} INFO - Setting next_dagrun for example_time_delta_sensor_async to None
[2022-01-03 13:29:37,717] {processor.py:171} INFO - Processing /home/airflow/.local/lib/python3.7/site-packages/airflow/example_dags/example_time_delta_sensor_async.py took 0.076 seconds
[2022-01-03 13:30:08,701] {processor.py:163} INFO - Started process (PID=1798) to work on /home/airflow/.local/lib/python3.7/site-packages/airflow/example_dags/example_time_delta_sensor_async.py
[2022-01-03 13:30:08,702] {processor.py:625} INFO - Processing file /home/airflow/.local/lib/python3.7/site-packages/airflow/example_dags/example_time_delta_sensor_async.py for tasks to queue
[2022-01-03 13:30:08,703] {logging_mixin.py:109} INFO - [2022-01-03 13:30:08,703] {dagbag.py:500} INFO - Filling up the DagBag from /home/airflow/.local/lib/python3.7/site-packages/airflow/example_dags/example_time_delta_sensor_async.py
[2022-01-03 13:30:08,749] {processor.py:637} INFO - DAG(s) dict_keys(['example_time_delta_sensor_async']) retrieved from /home/airflow/.local/lib/python3.7/site-packages/airflow/example_dags/example_time_delta_sensor_async.py
[2022-01-03 13:30:08,763] {logging_mixin.py:109} INFO - [2022-01-03 13:30:08,763] {dag.py:2396} INFO - Sync 1 DAGs
[2022-01-03 13:30:08,787] {logging_mixin.py:109} INFO - [2022-01-03 13:30:08,787] {dag.py:2928} INFO - Setting next_dagrun for example_time_delta_sensor_async to None
[2022-01-03 13:30:08,797] {processor.py:171} INFO - Processing /home/airflow/.local/lib/python3.7/site-packages/airflow/example_dags/example_time_delta_sensor_async.py took 0.100 seconds
[2022-01-03 13:30:38,942] {processor.py:163} INFO - Started process (PID=1853) to work on /home/airflow/.local/lib/python3.7/site-packages/airflow/example_dags/example_time_delta_sensor_async.py
[2022-01-03 13:30:38,944] {processor.py:625} INFO - Processing file /home/airflow/.local/lib/python3.7/site-packages/airflow/example_dags/example_time_delta_sensor_async.py for tasks to queue
[2022-01-03 13:30:38,945] {logging_mixin.py:109} INFO - [2022-01-03 13:30:38,945] {dagbag.py:500} INFO - Filling up the DagBag from /home/airflow/.local/lib/python3.7/site-packages/airflow/example_dags/example_time_delta_sensor_async.py
[2022-01-03 13:30:38,979] {processor.py:637} INFO - DAG(s) dict_keys(['example_time_delta_sensor_async']) retrieved from /home/airflow/.local/lib/python3.7/site-packages/airflow/example_dags/example_time_delta_sensor_async.py
[2022-01-03 13:30:38,994] {logging_mixin.py:109} INFO - [2022-01-03 13:30:38,994] {dag.py:2396} INFO - Sync 1 DAGs
[2022-01-03 13:30:39,016] {logging_mixin.py:109} INFO - [2022-01-03 13:30:39,016] {dag.py:2928} INFO - Setting next_dagrun for example_time_delta_sensor_async to None
[2022-01-03 13:30:39,032] {processor.py:171} INFO - Processing /home/airflow/.local/lib/python3.7/site-packages/airflow/example_dags/example_time_delta_sensor_async.py took 0.094 seconds
[2022-01-03 13:31:09,991] {processor.py:163} INFO - Started process (PID=1914) to work on /home/airflow/.local/lib/python3.7/site-packages/airflow/example_dags/example_time_delta_sensor_async.py
[2022-01-03 13:31:09,995] {processor.py:625} INFO - Processing file /home/airflow/.local/lib/python3.7/site-packages/airflow/example_dags/example_time_delta_sensor_async.py for tasks to queue
[2022-01-03 13:31:09,996] {logging_mixin.py:109} INFO - [2022-01-03 13:31:09,996] {dagbag.py:500} INFO - Filling up the DagBag from /home/airflow/.local/lib/python3.7/site-packages/airflow/example_dags/example_time_delta_sensor_async.py
[2022-01-03 13:31:10,028] {processor.py:637} INFO - DAG(s) dict_keys(['example_time_delta_sensor_async']) retrieved from /home/airflow/.local/lib/python3.7/site-packages/airflow/example_dags/example_time_delta_sensor_async.py
[2022-01-03 13:31:10,041] {logging_mixin.py:109} INFO - [2022-01-03 13:31:10,041] {dag.py:2396} INFO - Sync 1 DAGs
[2022-01-03 13:31:10,059] {logging_mixin.py:109} INFO - [2022-01-03 13:31:10,059] {dag.py:2928} INFO - Setting next_dagrun for example_time_delta_sensor_async to None
[2022-01-03 13:31:10,078] {processor.py:171} INFO - Processing /home/airflow/.local/lib/python3.7/site-packages/airflow/example_dags/example_time_delta_sensor_async.py took 0.092 seconds
[2022-01-03 13:31:40,876] {processor.py:163} INFO - Started process (PID=1967) to work on /home/airflow/.local/lib/python3.7/site-packages/airflow/example_dags/example_time_delta_sensor_async.py
[2022-01-03 13:31:40,877] {processor.py:625} INFO - Processing file /home/airflow/.local/lib/python3.7/site-packages/airflow/example_dags/example_time_delta_sensor_async.py for tasks to queue
[2022-01-03 13:31:40,878] {logging_mixin.py:109} INFO - [2022-01-03 13:31:40,878] {dagbag.py:500} INFO - Filling up the DagBag from /home/airflow/.local/lib/python3.7/site-packages/airflow/example_dags/example_time_delta_sensor_async.py
[2022-01-03 13:31:40,933] {processor.py:637} INFO - DAG(s) dict_keys(['example_time_delta_sensor_async']) retrieved from /home/airflow/.local/lib/python3.7/site-packages/airflow/example_dags/example_time_delta_sensor_async.py
[2022-01-03 13:31:40,966] {logging_mixin.py:109} INFO - [2022-01-03 13:31:40,966] {dag.py:2396} INFO - Sync 1 DAGs
[2022-01-03 13:31:41,039] {logging_mixin.py:109} INFO - [2022-01-03 13:31:41,039] {dag.py:2928} INFO - Setting next_dagrun for example_time_delta_sensor_async to None
[2022-01-03 13:31:41,067] {processor.py:171} INFO - Processing /home/airflow/.local/lib/python3.7/site-packages/airflow/example_dags/example_time_delta_sensor_async.py took 0.195 seconds
[2022-01-03 13:38:25,957] {processor.py:163} INFO - Started process (PID=221) to work on /home/airflow/.local/lib/python3.7/site-packages/airflow/example_dags/example_time_delta_sensor_async.py
[2022-01-03 13:38:25,958] {processor.py:625} INFO - Processing file /home/airflow/.local/lib/python3.7/site-packages/airflow/example_dags/example_time_delta_sensor_async.py for tasks to queue
[2022-01-03 13:38:25,959] {logging_mixin.py:109} INFO - [2022-01-03 13:38:25,959] {dagbag.py:500} INFO - Filling up the DagBag from /home/airflow/.local/lib/python3.7/site-packages/airflow/example_dags/example_time_delta_sensor_async.py
[2022-01-03 13:38:25,997] {processor.py:637} INFO - DAG(s) dict_keys(['example_time_delta_sensor_async']) retrieved from /home/airflow/.local/lib/python3.7/site-packages/airflow/example_dags/example_time_delta_sensor_async.py
[2022-01-03 13:38:28,236] {logging_mixin.py:109} INFO - [2022-01-03 13:38:28,236] {providers_manager.py:156} WARNING - Exception when importing 'airflow.providers.google.leveldb.hooks.leveldb.LevelDBHook' from 'apache-airflow-providers-google' package: No module named 'plyvel'
[2022-01-03 13:38:28,965] {logging_mixin.py:109} INFO - [2022-01-03 13:38:28,965] {providers_manager.py:156} WARNING - Exception when importing 'airflow.providers.google.leveldb.hooks.leveldb.LevelDBHook' from 'apache-airflow-providers-google' package: No module named 'plyvel'
[2022-01-03 13:38:28,994] {logging_mixin.py:109} INFO - [2022-01-03 13:38:28,993] {manager.py:496} INFO - Created Permission View: can edit on DAG:example_time_delta_sensor_async
[2022-01-03 13:38:29,006] {logging_mixin.py:109} INFO - [2022-01-03 13:38:29,006] {manager.py:496} INFO - Created Permission View: can read on DAG:example_time_delta_sensor_async
[2022-01-03 13:38:29,008] {logging_mixin.py:109} INFO - [2022-01-03 13:38:29,006] {dag.py:2396} INFO - Sync 1 DAGs
[2022-01-03 13:38:29,018] {logging_mixin.py:109} INFO - [2022-01-03 13:38:29,018] {dag.py:2415} INFO - Creating ORM DAG for example_time_delta_sensor_async
[2022-01-03 13:38:29,028] {logging_mixin.py:109} INFO - [2022-01-03 13:38:29,028] {dag.py:2928} INFO - Setting next_dagrun for example_time_delta_sensor_async to None
[2022-01-03 13:38:29,044] {processor.py:171} INFO - Processing /home/airflow/.local/lib/python3.7/site-packages/airflow/example_dags/example_time_delta_sensor_async.py took 3.091 seconds
[2022-01-03 13:38:59,488] {processor.py:163} INFO - Started process (PID=288) to work on /home/airflow/.local/lib/python3.7/site-packages/airflow/example_dags/example_time_delta_sensor_async.py
[2022-01-03 13:38:59,498] {processor.py:625} INFO - Processing file /home/airflow/.local/lib/python3.7/site-packages/airflow/example_dags/example_time_delta_sensor_async.py for tasks to queue
[2022-01-03 13:38:59,499] {logging_mixin.py:109} INFO - [2022-01-03 13:38:59,499] {dagbag.py:500} INFO - Filling up the DagBag from /home/airflow/.local/lib/python3.7/site-packages/airflow/example_dags/example_time_delta_sensor_async.py
[2022-01-03 13:38:59,534] {processor.py:637} INFO - DAG(s) dict_keys(['example_time_delta_sensor_async']) retrieved from /home/airflow/.local/lib/python3.7/site-packages/airflow/example_dags/example_time_delta_sensor_async.py
[2022-01-03 13:38:59,558] {logging_mixin.py:109} INFO - [2022-01-03 13:38:59,558] {dag.py:2396} INFO - Sync 1 DAGs
[2022-01-03 13:38:59,593] {logging_mixin.py:109} INFO - [2022-01-03 13:38:59,593] {dag.py:2928} INFO - Setting next_dagrun for example_time_delta_sensor_async to None
[2022-01-03 13:38:59,606] {processor.py:171} INFO - Processing /home/airflow/.local/lib/python3.7/site-packages/airflow/example_dags/example_time_delta_sensor_async.py took 0.129 seconds
[2022-01-03 13:43:19,809] {processor.py:163} INFO - Started process (PID=216) to work on /home/airflow/.local/lib/python3.7/site-packages/airflow/example_dags/example_time_delta_sensor_async.py
[2022-01-03 13:43:19,812] {processor.py:625} INFO - Processing file /home/airflow/.local/lib/python3.7/site-packages/airflow/example_dags/example_time_delta_sensor_async.py for tasks to queue
[2022-01-03 13:43:19,813] {logging_mixin.py:109} INFO - [2022-01-03 13:43:19,812] {dagbag.py:500} INFO - Filling up the DagBag from /home/airflow/.local/lib/python3.7/site-packages/airflow/example_dags/example_time_delta_sensor_async.py
[2022-01-03 13:43:19,861] {processor.py:637} INFO - DAG(s) dict_keys(['example_time_delta_sensor_async']) retrieved from /home/airflow/.local/lib/python3.7/site-packages/airflow/example_dags/example_time_delta_sensor_async.py
[2022-01-03 13:43:22,465] {logging_mixin.py:109} INFO - [2022-01-03 13:43:22,465] {providers_manager.py:156} WARNING - Exception when importing 'airflow.providers.google.leveldb.hooks.leveldb.LevelDBHook' from 'apache-airflow-providers-google' package: No module named 'plyvel'
[2022-01-03 13:43:23,148] {logging_mixin.py:109} INFO - [2022-01-03 13:43:23,148] {providers_manager.py:156} WARNING - Exception when importing 'airflow.providers.google.leveldb.hooks.leveldb.LevelDBHook' from 'apache-airflow-providers-google' package: No module named 'plyvel'
[2022-01-03 13:43:23,183] {logging_mixin.py:109} INFO - [2022-01-03 13:43:23,183] {manager.py:496} INFO - Created Permission View: can read on DAG:example_time_delta_sensor_async
[2022-01-03 13:43:23,195] {logging_mixin.py:109} INFO - [2022-01-03 13:43:23,195] {manager.py:496} INFO - Created Permission View: can edit on DAG:example_time_delta_sensor_async
[2022-01-03 13:43:23,199] {logging_mixin.py:109} INFO - [2022-01-03 13:43:23,196] {dag.py:2396} INFO - Sync 1 DAGs
[2022-01-03 13:43:23,209] {logging_mixin.py:109} INFO - [2022-01-03 13:43:23,209] {dag.py:2415} INFO - Creating ORM DAG for example_time_delta_sensor_async
[2022-01-03 13:43:23,223] {logging_mixin.py:109} INFO - [2022-01-03 13:43:23,223] {dag.py:2928} INFO - Setting next_dagrun for example_time_delta_sensor_async to None
[2022-01-03 13:43:23,240] {processor.py:171} INFO - Processing /home/airflow/.local/lib/python3.7/site-packages/airflow/example_dags/example_time_delta_sensor_async.py took 3.434 seconds
[2022-01-03 13:43:53,669] {processor.py:163} INFO - Started process (PID=286) to work on /home/airflow/.local/lib/python3.7/site-packages/airflow/example_dags/example_time_delta_sensor_async.py
[2022-01-03 13:43:53,670] {processor.py:625} INFO - Processing file /home/airflow/.local/lib/python3.7/site-packages/airflow/example_dags/example_time_delta_sensor_async.py for tasks to queue
[2022-01-03 13:43:53,671] {logging_mixin.py:109} INFO - [2022-01-03 13:43:53,671] {dagbag.py:500} INFO - Filling up the DagBag from /home/airflow/.local/lib/python3.7/site-packages/airflow/example_dags/example_time_delta_sensor_async.py
[2022-01-03 13:43:53,704] {processor.py:637} INFO - DAG(s) dict_keys(['example_time_delta_sensor_async']) retrieved from /home/airflow/.local/lib/python3.7/site-packages/airflow/example_dags/example_time_delta_sensor_async.py
[2022-01-03 13:43:53,717] {logging_mixin.py:109} INFO - [2022-01-03 13:43:53,717] {dag.py:2396} INFO - Sync 1 DAGs
[2022-01-03 13:43:53,741] {logging_mixin.py:109} INFO - [2022-01-03 13:43:53,741] {dag.py:2928} INFO - Setting next_dagrun for example_time_delta_sensor_async to None
[2022-01-03 13:43:53,753] {processor.py:171} INFO - Processing /home/airflow/.local/lib/python3.7/site-packages/airflow/example_dags/example_time_delta_sensor_async.py took 0.088 seconds
[2022-01-03 13:44:24,255] {processor.py:163} INFO - Started process (PID=346) to work on /home/airflow/.local/lib/python3.7/site-packages/airflow/example_dags/example_time_delta_sensor_async.py
[2022-01-03 13:44:24,257] {processor.py:625} INFO - Processing file /home/airflow/.local/lib/python3.7/site-packages/airflow/example_dags/example_time_delta_sensor_async.py for tasks to queue
[2022-01-03 13:44:24,258] {logging_mixin.py:109} INFO - [2022-01-03 13:44:24,257] {dagbag.py:500} INFO - Filling up the DagBag from /home/airflow/.local/lib/python3.7/site-packages/airflow/example_dags/example_time_delta_sensor_async.py
[2022-01-03 13:44:24,299] {processor.py:637} INFO - DAG(s) dict_keys(['example_time_delta_sensor_async']) retrieved from /home/airflow/.local/lib/python3.7/site-packages/airflow/example_dags/example_time_delta_sensor_async.py
[2022-01-03 13:44:24,314] {logging_mixin.py:109} INFO - [2022-01-03 13:44:24,314] {dag.py:2396} INFO - Sync 1 DAGs
[2022-01-03 13:44:24,365] {logging_mixin.py:109} INFO - [2022-01-03 13:44:24,365] {dag.py:2928} INFO - Setting next_dagrun for example_time_delta_sensor_async to None
[2022-01-03 13:44:24,413] {processor.py:171} INFO - Processing /home/airflow/.local/lib/python3.7/site-packages/airflow/example_dags/example_time_delta_sensor_async.py took 0.161 seconds
[2022-01-03 13:44:54,968] {processor.py:163} INFO - Started process (PID=396) to work on /home/airflow/.local/lib/python3.7/site-packages/airflow/example_dags/example_time_delta_sensor_async.py
[2022-01-03 13:44:54,969] {processor.py:625} INFO - Processing file /home/airflow/.local/lib/python3.7/site-packages/airflow/example_dags/example_time_delta_sensor_async.py for tasks to queue
[2022-01-03 13:44:54,970] {logging_mixin.py:109} INFO - [2022-01-03 13:44:54,970] {dagbag.py:500} INFO - Filling up the DagBag from /home/airflow/.local/lib/python3.7/site-packages/airflow/example_dags/example_time_delta_sensor_async.py
[2022-01-03 13:44:55,002] {processor.py:637} INFO - DAG(s) dict_keys(['example_time_delta_sensor_async']) retrieved from /home/airflow/.local/lib/python3.7/site-packages/airflow/example_dags/example_time_delta_sensor_async.py
[2022-01-03 13:44:55,018] {logging_mixin.py:109} INFO - [2022-01-03 13:44:55,017] {dag.py:2396} INFO - Sync 1 DAGs
[2022-01-03 13:44:55,042] {logging_mixin.py:109} INFO - [2022-01-03 13:44:55,042] {dag.py:2928} INFO - Setting next_dagrun for example_time_delta_sensor_async to None
[2022-01-03 13:44:55,055] {processor.py:171} INFO - Processing /home/airflow/.local/lib/python3.7/site-packages/airflow/example_dags/example_time_delta_sensor_async.py took 0.090 seconds
[2022-01-03 13:45:25,245] {processor.py:163} INFO - Started process (PID=447) to work on /home/airflow/.local/lib/python3.7/site-packages/airflow/example_dags/example_time_delta_sensor_async.py
[2022-01-03 13:45:25,247] {processor.py:625} INFO - Processing file /home/airflow/.local/lib/python3.7/site-packages/airflow/example_dags/example_time_delta_sensor_async.py for tasks to queue
[2022-01-03 13:45:25,247] {logging_mixin.py:109} INFO - [2022-01-03 13:45:25,247] {dagbag.py:500} INFO - Filling up the DagBag from /home/airflow/.local/lib/python3.7/site-packages/airflow/example_dags/example_time_delta_sensor_async.py
[2022-01-03 13:45:25,274] {processor.py:637} INFO - DAG(s) dict_keys(['example_time_delta_sensor_async']) retrieved from /home/airflow/.local/lib/python3.7/site-packages/airflow/example_dags/example_time_delta_sensor_async.py
[2022-01-03 13:45:25,284] {logging_mixin.py:109} INFO - [2022-01-03 13:45:25,284] {dag.py:2396} INFO - Sync 1 DAGs
[2022-01-03 13:45:25,305] {logging_mixin.py:109} INFO - [2022-01-03 13:45:25,305] {dag.py:2928} INFO - Setting next_dagrun for example_time_delta_sensor_async to None
[2022-01-03 13:45:25,315] {processor.py:171} INFO - Processing /home/airflow/.local/lib/python3.7/site-packages/airflow/example_dags/example_time_delta_sensor_async.py took 0.073 seconds
[2022-01-03 13:45:56,337] {processor.py:163} INFO - Started process (PID=497) to work on /home/airflow/.local/lib/python3.7/site-packages/airflow/example_dags/example_time_delta_sensor_async.py
[2022-01-03 13:45:56,338] {processor.py:625} INFO - Processing file /home/airflow/.local/lib/python3.7/site-packages/airflow/example_dags/example_time_delta_sensor_async.py for tasks to queue
[2022-01-03 13:45:56,338] {logging_mixin.py:109} INFO - [2022-01-03 13:45:56,338] {dagbag.py:500} INFO - Filling up the DagBag from /home/airflow/.local/lib/python3.7/site-packages/airflow/example_dags/example_time_delta_sensor_async.py
[2022-01-03 13:45:56,363] {processor.py:637} INFO - DAG(s) dict_keys(['example_time_delta_sensor_async']) retrieved from /home/airflow/.local/lib/python3.7/site-packages/airflow/example_dags/example_time_delta_sensor_async.py
[2022-01-03 13:45:56,373] {logging_mixin.py:109} INFO - [2022-01-03 13:45:56,373] {dag.py:2396} INFO - Sync 1 DAGs
[2022-01-03 13:45:56,389] {logging_mixin.py:109} INFO - [2022-01-03 13:45:56,389] {dag.py:2928} INFO - Setting next_dagrun for example_time_delta_sensor_async to None
[2022-01-03 13:45:56,399] {processor.py:171} INFO - Processing /home/airflow/.local/lib/python3.7/site-packages/airflow/example_dags/example_time_delta_sensor_async.py took 0.065 seconds
[2022-01-03 13:46:27,045] {processor.py:163} INFO - Started process (PID=552) to work on /home/airflow/.local/lib/python3.7/site-packages/airflow/example_dags/example_time_delta_sensor_async.py
[2022-01-03 13:46:27,055] {processor.py:625} INFO - Processing file /home/airflow/.local/lib/python3.7/site-packages/airflow/example_dags/example_time_delta_sensor_async.py for tasks to queue
[2022-01-03 13:46:27,056] {logging_mixin.py:109} INFO - [2022-01-03 13:46:27,055] {dagbag.py:500} INFO - Filling up the DagBag from /home/airflow/.local/lib/python3.7/site-packages/airflow/example_dags/example_time_delta_sensor_async.py
[2022-01-03 13:46:27,095] {processor.py:637} INFO - DAG(s) dict_keys(['example_time_delta_sensor_async']) retrieved from /home/airflow/.local/lib/python3.7/site-packages/airflow/example_dags/example_time_delta_sensor_async.py
[2022-01-03 13:46:27,105] {logging_mixin.py:109} INFO - [2022-01-03 13:46:27,105] {dag.py:2396} INFO - Sync 1 DAGs
[2022-01-03 13:46:27,144] {logging_mixin.py:109} INFO - [2022-01-03 13:46:27,144] {dag.py:2928} INFO - Setting next_dagrun for example_time_delta_sensor_async to None
[2022-01-03 13:46:27,164] {processor.py:171} INFO - Processing /home/airflow/.local/lib/python3.7/site-packages/airflow/example_dags/example_time_delta_sensor_async.py took 0.122 seconds
