[2022-01-03 12:28:32,205] {processor.py:163} INFO - Started process (PID=189) to work on /home/airflow/.local/lib/python3.7/site-packages/airflow/example_dags/example_xcom.py
[2022-01-03 12:28:32,213] {processor.py:625} INFO - Processing file /home/airflow/.local/lib/python3.7/site-packages/airflow/example_dags/example_xcom.py for tasks to queue
[2022-01-03 12:28:32,219] {logging_mixin.py:109} INFO - [2022-01-03 12:28:32,219] {dagbag.py:500} INFO - Filling up the DagBag from /home/airflow/.local/lib/python3.7/site-packages/airflow/example_dags/example_xcom.py
[2022-01-03 12:28:32,349] {processor.py:637} INFO - DAG(s) dict_keys(['example_xcom']) retrieved from /home/airflow/.local/lib/python3.7/site-packages/airflow/example_dags/example_xcom.py
[2022-01-03 12:28:36,099] {logging_mixin.py:109} INFO - [2022-01-03 12:28:36,098] {providers_manager.py:156} WARNING - Exception when importing 'airflow.providers.google.leveldb.hooks.leveldb.LevelDBHook' from 'apache-airflow-providers-google' package: No module named 'plyvel'
[2022-01-03 12:28:37,043] {logging_mixin.py:109} INFO - [2022-01-03 12:28:37,043] {providers_manager.py:156} WARNING - Exception when importing 'airflow.providers.google.leveldb.hooks.leveldb.LevelDBHook' from 'apache-airflow-providers-google' package: No module named 'plyvel'
[2022-01-03 12:28:37,078] {logging_mixin.py:109} INFO - [2022-01-03 12:28:37,078] {manager.py:496} INFO - Created Permission View: can read on DAG:example_xcom
[2022-01-03 12:28:37,091] {logging_mixin.py:109} INFO - [2022-01-03 12:28:37,090] {manager.py:496} INFO - Created Permission View: can edit on DAG:example_xcom
[2022-01-03 12:28:37,091] {logging_mixin.py:109} INFO - [2022-01-03 12:28:37,091] {dag.py:2396} INFO - Sync 1 DAGs
[2022-01-03 12:28:37,107] {logging_mixin.py:109} INFO - [2022-01-03 12:28:37,106] {dag.py:2415} INFO - Creating ORM DAG for example_xcom
[2022-01-03 12:28:37,117] {logging_mixin.py:109} INFO - [2022-01-03 12:28:37,117] {dag.py:2928} INFO - Setting next_dagrun for example_xcom to 2021-01-01T00:00:00+00:00
[2022-01-03 12:28:37,144] {processor.py:171} INFO - Processing /home/airflow/.local/lib/python3.7/site-packages/airflow/example_dags/example_xcom.py took 4.967 seconds
[2022-01-03 12:29:07,471] {processor.py:163} INFO - Started process (PID=292) to work on /home/airflow/.local/lib/python3.7/site-packages/airflow/example_dags/example_xcom.py
[2022-01-03 12:29:07,473] {processor.py:625} INFO - Processing file /home/airflow/.local/lib/python3.7/site-packages/airflow/example_dags/example_xcom.py for tasks to queue
[2022-01-03 12:29:07,474] {logging_mixin.py:109} INFO - [2022-01-03 12:29:07,474] {dagbag.py:500} INFO - Filling up the DagBag from /home/airflow/.local/lib/python3.7/site-packages/airflow/example_dags/example_xcom.py
[2022-01-03 12:29:07,530] {processor.py:637} INFO - DAG(s) dict_keys(['example_xcom']) retrieved from /home/airflow/.local/lib/python3.7/site-packages/airflow/example_dags/example_xcom.py
[2022-01-03 12:29:07,910] {logging_mixin.py:109} INFO - [2022-01-03 12:29:07,910] {dag.py:2396} INFO - Sync 1 DAGs
[2022-01-03 12:29:07,931] {logging_mixin.py:109} INFO - [2022-01-03 12:29:07,931] {dag.py:2928} INFO - Setting next_dagrun for example_xcom to 2021-01-01T00:00:00+00:00
[2022-01-03 12:29:07,945] {processor.py:171} INFO - Processing /home/airflow/.local/lib/python3.7/site-packages/airflow/example_dags/example_xcom.py took 0.480 seconds
[2022-01-03 12:29:37,991] {processor.py:163} INFO - Started process (PID=343) to work on /home/airflow/.local/lib/python3.7/site-packages/airflow/example_dags/example_xcom.py
[2022-01-03 12:29:37,993] {processor.py:625} INFO - Processing file /home/airflow/.local/lib/python3.7/site-packages/airflow/example_dags/example_xcom.py for tasks to queue
[2022-01-03 12:29:37,993] {logging_mixin.py:109} INFO - [2022-01-03 12:29:37,993] {dagbag.py:500} INFO - Filling up the DagBag from /home/airflow/.local/lib/python3.7/site-packages/airflow/example_dags/example_xcom.py
[2022-01-03 12:29:38,051] {processor.py:637} INFO - DAG(s) dict_keys(['example_xcom']) retrieved from /home/airflow/.local/lib/python3.7/site-packages/airflow/example_dags/example_xcom.py
[2022-01-03 12:29:38,911] {logging_mixin.py:109} INFO - [2022-01-03 12:29:38,910] {dag.py:2396} INFO - Sync 1 DAGs
[2022-01-03 12:29:39,009] {logging_mixin.py:109} INFO - [2022-01-03 12:29:39,009] {dag.py:2928} INFO - Setting next_dagrun for example_xcom to 2021-01-01T00:00:00+00:00
[2022-01-03 12:29:39,058] {processor.py:171} INFO - Processing /home/airflow/.local/lib/python3.7/site-packages/airflow/example_dags/example_xcom.py took 1.072 seconds
[2022-01-03 12:30:09,828] {processor.py:163} INFO - Started process (PID=395) to work on /home/airflow/.local/lib/python3.7/site-packages/airflow/example_dags/example_xcom.py
[2022-01-03 12:30:09,858] {processor.py:625} INFO - Processing file /home/airflow/.local/lib/python3.7/site-packages/airflow/example_dags/example_xcom.py for tasks to queue
[2022-01-03 12:30:09,858] {logging_mixin.py:109} INFO - [2022-01-03 12:30:09,858] {dagbag.py:500} INFO - Filling up the DagBag from /home/airflow/.local/lib/python3.7/site-packages/airflow/example_dags/example_xcom.py
[2022-01-03 12:30:10,049] {processor.py:637} INFO - DAG(s) dict_keys(['example_xcom']) retrieved from /home/airflow/.local/lib/python3.7/site-packages/airflow/example_dags/example_xcom.py
[2022-01-03 12:30:10,907] {logging_mixin.py:109} INFO - [2022-01-03 12:30:10,907] {dag.py:2396} INFO - Sync 1 DAGs
[2022-01-03 12:30:10,936] {logging_mixin.py:109} INFO - [2022-01-03 12:30:10,935] {dag.py:2928} INFO - Setting next_dagrun for example_xcom to 2021-01-01T00:00:00+00:00
[2022-01-03 12:30:10,961] {processor.py:171} INFO - Processing /home/airflow/.local/lib/python3.7/site-packages/airflow/example_dags/example_xcom.py took 1.168 seconds
[2022-01-03 12:30:41,422] {processor.py:163} INFO - Started process (PID=447) to work on /home/airflow/.local/lib/python3.7/site-packages/airflow/example_dags/example_xcom.py
[2022-01-03 12:30:41,428] {processor.py:625} INFO - Processing file /home/airflow/.local/lib/python3.7/site-packages/airflow/example_dags/example_xcom.py for tasks to queue
[2022-01-03 12:30:41,429] {logging_mixin.py:109} INFO - [2022-01-03 12:30:41,429] {dagbag.py:500} INFO - Filling up the DagBag from /home/airflow/.local/lib/python3.7/site-packages/airflow/example_dags/example_xcom.py
[2022-01-03 12:30:41,521] {processor.py:637} INFO - DAG(s) dict_keys(['example_xcom']) retrieved from /home/airflow/.local/lib/python3.7/site-packages/airflow/example_dags/example_xcom.py
[2022-01-03 12:30:42,266] {logging_mixin.py:109} INFO - [2022-01-03 12:30:42,266] {dag.py:2396} INFO - Sync 1 DAGs
[2022-01-03 12:30:42,299] {logging_mixin.py:109} INFO - [2022-01-03 12:30:42,299] {dag.py:2928} INFO - Setting next_dagrun for example_xcom to 2021-01-01T00:00:00+00:00
[2022-01-03 12:30:42,320] {processor.py:171} INFO - Processing /home/airflow/.local/lib/python3.7/site-packages/airflow/example_dags/example_xcom.py took 0.902 seconds
[2022-01-03 12:31:12,916] {processor.py:163} INFO - Started process (PID=491) to work on /home/airflow/.local/lib/python3.7/site-packages/airflow/example_dags/example_xcom.py
[2022-01-03 12:31:12,917] {processor.py:625} INFO - Processing file /home/airflow/.local/lib/python3.7/site-packages/airflow/example_dags/example_xcom.py for tasks to queue
[2022-01-03 12:31:12,918] {logging_mixin.py:109} INFO - [2022-01-03 12:31:12,918] {dagbag.py:500} INFO - Filling up the DagBag from /home/airflow/.local/lib/python3.7/site-packages/airflow/example_dags/example_xcom.py
[2022-01-03 12:31:12,966] {processor.py:637} INFO - DAG(s) dict_keys(['example_xcom']) retrieved from /home/airflow/.local/lib/python3.7/site-packages/airflow/example_dags/example_xcom.py
[2022-01-03 12:31:13,408] {logging_mixin.py:109} INFO - [2022-01-03 12:31:13,408] {dag.py:2396} INFO - Sync 1 DAGs
[2022-01-03 12:31:13,428] {logging_mixin.py:109} INFO - [2022-01-03 12:31:13,428] {dag.py:2928} INFO - Setting next_dagrun for example_xcom to 2021-01-01T00:00:00+00:00
[2022-01-03 12:31:13,445] {processor.py:171} INFO - Processing /home/airflow/.local/lib/python3.7/site-packages/airflow/example_dags/example_xcom.py took 0.536 seconds
[2022-01-03 12:31:44,194] {processor.py:163} INFO - Started process (PID=550) to work on /home/airflow/.local/lib/python3.7/site-packages/airflow/example_dags/example_xcom.py
[2022-01-03 12:31:44,196] {processor.py:625} INFO - Processing file /home/airflow/.local/lib/python3.7/site-packages/airflow/example_dags/example_xcom.py for tasks to queue
[2022-01-03 12:31:44,197] {logging_mixin.py:109} INFO - [2022-01-03 12:31:44,197] {dagbag.py:500} INFO - Filling up the DagBag from /home/airflow/.local/lib/python3.7/site-packages/airflow/example_dags/example_xcom.py
[2022-01-03 12:31:44,322] {processor.py:637} INFO - DAG(s) dict_keys(['example_xcom']) retrieved from /home/airflow/.local/lib/python3.7/site-packages/airflow/example_dags/example_xcom.py
[2022-01-03 12:31:45,089] {logging_mixin.py:109} INFO - [2022-01-03 12:31:45,088] {dag.py:2396} INFO - Sync 1 DAGs
[2022-01-03 12:31:45,135] {logging_mixin.py:109} INFO - [2022-01-03 12:31:45,135] {dag.py:2928} INFO - Setting next_dagrun for example_xcom to 2021-01-01T00:00:00+00:00
[2022-01-03 12:31:45,183] {processor.py:171} INFO - Processing /home/airflow/.local/lib/python3.7/site-packages/airflow/example_dags/example_xcom.py took 0.993 seconds
[2022-01-03 12:32:15,786] {processor.py:163} INFO - Started process (PID=602) to work on /home/airflow/.local/lib/python3.7/site-packages/airflow/example_dags/example_xcom.py
[2022-01-03 12:32:15,788] {processor.py:625} INFO - Processing file /home/airflow/.local/lib/python3.7/site-packages/airflow/example_dags/example_xcom.py for tasks to queue
[2022-01-03 12:32:15,790] {logging_mixin.py:109} INFO - [2022-01-03 12:32:15,789] {dagbag.py:500} INFO - Filling up the DagBag from /home/airflow/.local/lib/python3.7/site-packages/airflow/example_dags/example_xcom.py
[2022-01-03 12:32:15,861] {processor.py:637} INFO - DAG(s) dict_keys(['example_xcom']) retrieved from /home/airflow/.local/lib/python3.7/site-packages/airflow/example_dags/example_xcom.py
[2022-01-03 12:32:16,290] {logging_mixin.py:109} INFO - [2022-01-03 12:32:16,290] {dag.py:2396} INFO - Sync 1 DAGs
[2022-01-03 12:32:16,307] {logging_mixin.py:109} INFO - [2022-01-03 12:32:16,307] {dag.py:2928} INFO - Setting next_dagrun for example_xcom to 2021-01-01T00:00:00+00:00
[2022-01-03 12:32:16,326] {processor.py:171} INFO - Processing /home/airflow/.local/lib/python3.7/site-packages/airflow/example_dags/example_xcom.py took 0.547 seconds
[2022-01-03 13:13:46,976] {processor.py:163} INFO - Started process (PID=68) to work on /home/airflow/.local/lib/python3.7/site-packages/airflow/example_dags/example_xcom.py
[2022-01-03 13:13:46,979] {processor.py:625} INFO - Processing file /home/airflow/.local/lib/python3.7/site-packages/airflow/example_dags/example_xcom.py for tasks to queue
[2022-01-03 13:13:46,980] {logging_mixin.py:109} INFO - [2022-01-03 13:13:46,980] {dagbag.py:500} INFO - Filling up the DagBag from /home/airflow/.local/lib/python3.7/site-packages/airflow/example_dags/example_xcom.py
[2022-01-03 13:13:47,062] {processor.py:637} INFO - DAG(s) dict_keys(['example_xcom']) retrieved from /home/airflow/.local/lib/python3.7/site-packages/airflow/example_dags/example_xcom.py
[2022-01-03 13:13:48,348] {logging_mixin.py:109} INFO - [2022-01-03 13:13:48,346] {dag.py:2396} INFO - Sync 1 DAGs
[2022-01-03 13:13:48,405] {logging_mixin.py:109} INFO - [2022-01-03 13:13:48,405] {dag.py:2928} INFO - Setting next_dagrun for example_xcom to 2021-01-01T00:00:00+00:00
[2022-01-03 13:13:48,441] {processor.py:171} INFO - Processing /home/airflow/.local/lib/python3.7/site-packages/airflow/example_dags/example_xcom.py took 1.471 seconds
[2022-01-03 13:14:18,645] {processor.py:163} INFO - Started process (PID=128) to work on /home/airflow/.local/lib/python3.7/site-packages/airflow/example_dags/example_xcom.py
[2022-01-03 13:14:18,646] {processor.py:625} INFO - Processing file /home/airflow/.local/lib/python3.7/site-packages/airflow/example_dags/example_xcom.py for tasks to queue
[2022-01-03 13:14:18,647] {logging_mixin.py:109} INFO - [2022-01-03 13:14:18,647] {dagbag.py:500} INFO - Filling up the DagBag from /home/airflow/.local/lib/python3.7/site-packages/airflow/example_dags/example_xcom.py
[2022-01-03 13:14:18,688] {processor.py:637} INFO - DAG(s) dict_keys(['example_xcom']) retrieved from /home/airflow/.local/lib/python3.7/site-packages/airflow/example_dags/example_xcom.py
[2022-01-03 13:14:19,099] {logging_mixin.py:109} INFO - [2022-01-03 13:14:19,099] {dag.py:2396} INFO - Sync 1 DAGs
[2022-01-03 13:14:19,123] {logging_mixin.py:109} INFO - [2022-01-03 13:14:19,123] {dag.py:2928} INFO - Setting next_dagrun for example_xcom to 2021-01-01T00:00:00+00:00
[2022-01-03 13:14:19,143] {processor.py:171} INFO - Processing /home/airflow/.local/lib/python3.7/site-packages/airflow/example_dags/example_xcom.py took 0.502 seconds
[2022-01-03 13:14:49,189] {processor.py:163} INFO - Started process (PID=180) to work on /home/airflow/.local/lib/python3.7/site-packages/airflow/example_dags/example_xcom.py
[2022-01-03 13:14:49,192] {processor.py:625} INFO - Processing file /home/airflow/.local/lib/python3.7/site-packages/airflow/example_dags/example_xcom.py for tasks to queue
[2022-01-03 13:14:49,193] {logging_mixin.py:109} INFO - [2022-01-03 13:14:49,193] {dagbag.py:500} INFO - Filling up the DagBag from /home/airflow/.local/lib/python3.7/site-packages/airflow/example_dags/example_xcom.py
[2022-01-03 13:14:49,253] {processor.py:637} INFO - DAG(s) dict_keys(['example_xcom']) retrieved from /home/airflow/.local/lib/python3.7/site-packages/airflow/example_dags/example_xcom.py
[2022-01-03 13:14:49,275] {logging_mixin.py:109} INFO - [2022-01-03 13:14:49,275] {dag.py:2396} INFO - Sync 1 DAGs
[2022-01-03 13:14:49,382] {logging_mixin.py:109} INFO - [2022-01-03 13:14:49,382] {dag.py:2928} INFO - Setting next_dagrun for example_xcom to 2021-01-01T00:00:00+00:00
[2022-01-03 13:14:49,402] {processor.py:171} INFO - Processing /home/airflow/.local/lib/python3.7/site-packages/airflow/example_dags/example_xcom.py took 0.217 seconds
[2022-01-03 13:15:20,210] {processor.py:163} INFO - Started process (PID=232) to work on /home/airflow/.local/lib/python3.7/site-packages/airflow/example_dags/example_xcom.py
[2022-01-03 13:15:20,211] {processor.py:625} INFO - Processing file /home/airflow/.local/lib/python3.7/site-packages/airflow/example_dags/example_xcom.py for tasks to queue
[2022-01-03 13:15:20,212] {logging_mixin.py:109} INFO - [2022-01-03 13:15:20,212] {dagbag.py:500} INFO - Filling up the DagBag from /home/airflow/.local/lib/python3.7/site-packages/airflow/example_dags/example_xcom.py
[2022-01-03 13:15:20,276] {processor.py:637} INFO - DAG(s) dict_keys(['example_xcom']) retrieved from /home/airflow/.local/lib/python3.7/site-packages/airflow/example_dags/example_xcom.py
[2022-01-03 13:15:20,681] {logging_mixin.py:109} INFO - [2022-01-03 13:15:20,680] {dag.py:2396} INFO - Sync 1 DAGs
[2022-01-03 13:15:20,699] {logging_mixin.py:109} INFO - [2022-01-03 13:15:20,698] {dag.py:2928} INFO - Setting next_dagrun for example_xcom to 2021-01-01T00:00:00+00:00
[2022-01-03 13:15:20,712] {processor.py:171} INFO - Processing /home/airflow/.local/lib/python3.7/site-packages/airflow/example_dags/example_xcom.py took 0.506 seconds
[2022-01-03 13:15:51,436] {processor.py:163} INFO - Started process (PID=302) to work on /home/airflow/.local/lib/python3.7/site-packages/airflow/example_dags/example_xcom.py
[2022-01-03 13:15:51,438] {processor.py:625} INFO - Processing file /home/airflow/.local/lib/python3.7/site-packages/airflow/example_dags/example_xcom.py for tasks to queue
[2022-01-03 13:15:51,438] {logging_mixin.py:109} INFO - [2022-01-03 13:15:51,438] {dagbag.py:500} INFO - Filling up the DagBag from /home/airflow/.local/lib/python3.7/site-packages/airflow/example_dags/example_xcom.py
[2022-01-03 13:15:51,482] {processor.py:637} INFO - DAG(s) dict_keys(['example_xcom']) retrieved from /home/airflow/.local/lib/python3.7/site-packages/airflow/example_dags/example_xcom.py
[2022-01-03 13:15:51,902] {logging_mixin.py:109} INFO - [2022-01-03 13:15:51,902] {dag.py:2396} INFO - Sync 1 DAGs
[2022-01-03 13:15:51,919] {logging_mixin.py:109} INFO - [2022-01-03 13:15:51,919] {dag.py:2928} INFO - Setting next_dagrun for example_xcom to 2021-01-01T00:00:00+00:00
[2022-01-03 13:15:51,930] {processor.py:171} INFO - Processing /home/airflow/.local/lib/python3.7/site-packages/airflow/example_dags/example_xcom.py took 0.497 seconds
[2022-01-03 13:16:22,159] {processor.py:163} INFO - Started process (PID=359) to work on /home/airflow/.local/lib/python3.7/site-packages/airflow/example_dags/example_xcom.py
[2022-01-03 13:16:22,160] {processor.py:625} INFO - Processing file /home/airflow/.local/lib/python3.7/site-packages/airflow/example_dags/example_xcom.py for tasks to queue
[2022-01-03 13:16:22,161] {logging_mixin.py:109} INFO - [2022-01-03 13:16:22,161] {dagbag.py:500} INFO - Filling up the DagBag from /home/airflow/.local/lib/python3.7/site-packages/airflow/example_dags/example_xcom.py
[2022-01-03 13:16:22,198] {processor.py:637} INFO - DAG(s) dict_keys(['example_xcom']) retrieved from /home/airflow/.local/lib/python3.7/site-packages/airflow/example_dags/example_xcom.py
[2022-01-03 13:16:22,528] {logging_mixin.py:109} INFO - [2022-01-03 13:16:22,528] {dag.py:2396} INFO - Sync 1 DAGs
[2022-01-03 13:16:22,553] {logging_mixin.py:109} INFO - [2022-01-03 13:16:22,553] {dag.py:2928} INFO - Setting next_dagrun for example_xcom to 2021-01-01T00:00:00+00:00
[2022-01-03 13:16:22,571] {processor.py:171} INFO - Processing /home/airflow/.local/lib/python3.7/site-packages/airflow/example_dags/example_xcom.py took 0.415 seconds
[2022-01-03 13:16:53,089] {processor.py:163} INFO - Started process (PID=409) to work on /home/airflow/.local/lib/python3.7/site-packages/airflow/example_dags/example_xcom.py
[2022-01-03 13:16:53,090] {processor.py:625} INFO - Processing file /home/airflow/.local/lib/python3.7/site-packages/airflow/example_dags/example_xcom.py for tasks to queue
[2022-01-03 13:16:53,091] {logging_mixin.py:109} INFO - [2022-01-03 13:16:53,091] {dagbag.py:500} INFO - Filling up the DagBag from /home/airflow/.local/lib/python3.7/site-packages/airflow/example_dags/example_xcom.py
[2022-01-03 13:16:53,124] {processor.py:637} INFO - DAG(s) dict_keys(['example_xcom']) retrieved from /home/airflow/.local/lib/python3.7/site-packages/airflow/example_dags/example_xcom.py
[2022-01-03 13:16:53,450] {logging_mixin.py:109} INFO - [2022-01-03 13:16:53,450] {dag.py:2396} INFO - Sync 1 DAGs
[2022-01-03 13:16:53,465] {logging_mixin.py:109} INFO - [2022-01-03 13:16:53,465] {dag.py:2928} INFO - Setting next_dagrun for example_xcom to 2021-01-01T00:00:00+00:00
[2022-01-03 13:16:53,476] {processor.py:171} INFO - Processing /home/airflow/.local/lib/python3.7/site-packages/airflow/example_dags/example_xcom.py took 0.390 seconds
[2022-01-03 13:17:23,818] {processor.py:163} INFO - Started process (PID=458) to work on /home/airflow/.local/lib/python3.7/site-packages/airflow/example_dags/example_xcom.py
[2022-01-03 13:17:23,822] {processor.py:625} INFO - Processing file /home/airflow/.local/lib/python3.7/site-packages/airflow/example_dags/example_xcom.py for tasks to queue
[2022-01-03 13:17:23,823] {logging_mixin.py:109} INFO - [2022-01-03 13:17:23,823] {dagbag.py:500} INFO - Filling up the DagBag from /home/airflow/.local/lib/python3.7/site-packages/airflow/example_dags/example_xcom.py
[2022-01-03 13:17:23,914] {processor.py:637} INFO - DAG(s) dict_keys(['example_xcom']) retrieved from /home/airflow/.local/lib/python3.7/site-packages/airflow/example_dags/example_xcom.py
[2022-01-03 13:17:24,460] {logging_mixin.py:109} INFO - [2022-01-03 13:17:24,460] {dag.py:2396} INFO - Sync 1 DAGs
[2022-01-03 13:17:24,483] {logging_mixin.py:109} INFO - [2022-01-03 13:17:24,482] {dag.py:2928} INFO - Setting next_dagrun for example_xcom to 2021-01-01T00:00:00+00:00
[2022-01-03 13:17:24,501] {processor.py:171} INFO - Processing /home/airflow/.local/lib/python3.7/site-packages/airflow/example_dags/example_xcom.py took 0.687 seconds
[2022-01-03 13:17:55,429] {processor.py:163} INFO - Started process (PID=522) to work on /home/airflow/.local/lib/python3.7/site-packages/airflow/example_dags/example_xcom.py
[2022-01-03 13:17:55,436] {processor.py:625} INFO - Processing file /home/airflow/.local/lib/python3.7/site-packages/airflow/example_dags/example_xcom.py for tasks to queue
[2022-01-03 13:17:55,437] {logging_mixin.py:109} INFO - [2022-01-03 13:17:55,437] {dagbag.py:500} INFO - Filling up the DagBag from /home/airflow/.local/lib/python3.7/site-packages/airflow/example_dags/example_xcom.py
[2022-01-03 13:17:55,477] {processor.py:637} INFO - DAG(s) dict_keys(['example_xcom']) retrieved from /home/airflow/.local/lib/python3.7/site-packages/airflow/example_dags/example_xcom.py
[2022-01-03 13:17:55,830] {logging_mixin.py:109} INFO - [2022-01-03 13:17:55,830] {dag.py:2396} INFO - Sync 1 DAGs
[2022-01-03 13:17:55,849] {logging_mixin.py:109} INFO - [2022-01-03 13:17:55,849] {dag.py:2928} INFO - Setting next_dagrun for example_xcom to 2021-01-01T00:00:00+00:00
[2022-01-03 13:17:55,873] {processor.py:171} INFO - Processing /home/airflow/.local/lib/python3.7/site-packages/airflow/example_dags/example_xcom.py took 0.449 seconds
[2022-01-03 13:18:26,715] {processor.py:163} INFO - Started process (PID=574) to work on /home/airflow/.local/lib/python3.7/site-packages/airflow/example_dags/example_xcom.py
[2022-01-03 13:18:26,717] {processor.py:625} INFO - Processing file /home/airflow/.local/lib/python3.7/site-packages/airflow/example_dags/example_xcom.py for tasks to queue
[2022-01-03 13:18:26,718] {logging_mixin.py:109} INFO - [2022-01-03 13:18:26,718] {dagbag.py:500} INFO - Filling up the DagBag from /home/airflow/.local/lib/python3.7/site-packages/airflow/example_dags/example_xcom.py
[2022-01-03 13:18:26,855] {processor.py:637} INFO - DAG(s) dict_keys(['example_xcom']) retrieved from /home/airflow/.local/lib/python3.7/site-packages/airflow/example_dags/example_xcom.py
[2022-01-03 13:18:27,925] {logging_mixin.py:109} INFO - [2022-01-03 13:18:27,924] {dag.py:2396} INFO - Sync 1 DAGs
[2022-01-03 13:18:27,949] {logging_mixin.py:109} INFO - [2022-01-03 13:18:27,949] {dag.py:2928} INFO - Setting next_dagrun for example_xcom to 2021-01-01T00:00:00+00:00
[2022-01-03 13:18:28,000] {processor.py:171} INFO - Processing /home/airflow/.local/lib/python3.7/site-packages/airflow/example_dags/example_xcom.py took 1.341 seconds
[2022-01-03 13:18:59,050] {processor.py:163} INFO - Started process (PID=628) to work on /home/airflow/.local/lib/python3.7/site-packages/airflow/example_dags/example_xcom.py
[2022-01-03 13:18:59,052] {processor.py:625} INFO - Processing file /home/airflow/.local/lib/python3.7/site-packages/airflow/example_dags/example_xcom.py for tasks to queue
[2022-01-03 13:18:59,053] {logging_mixin.py:109} INFO - [2022-01-03 13:18:59,053] {dagbag.py:500} INFO - Filling up the DagBag from /home/airflow/.local/lib/python3.7/site-packages/airflow/example_dags/example_xcom.py
[2022-01-03 13:18:59,096] {processor.py:637} INFO - DAG(s) dict_keys(['example_xcom']) retrieved from /home/airflow/.local/lib/python3.7/site-packages/airflow/example_dags/example_xcom.py
[2022-01-03 13:18:59,599] {logging_mixin.py:109} INFO - [2022-01-03 13:18:59,599] {dag.py:2396} INFO - Sync 1 DAGs
[2022-01-03 13:18:59,632] {logging_mixin.py:109} INFO - [2022-01-03 13:18:59,632] {dag.py:2928} INFO - Setting next_dagrun for example_xcom to 2021-01-01T00:00:00+00:00
[2022-01-03 13:18:59,662] {processor.py:171} INFO - Processing /home/airflow/.local/lib/python3.7/site-packages/airflow/example_dags/example_xcom.py took 0.617 seconds
[2022-01-03 13:19:29,875] {processor.py:163} INFO - Started process (PID=678) to work on /home/airflow/.local/lib/python3.7/site-packages/airflow/example_dags/example_xcom.py
[2022-01-03 13:19:29,879] {processor.py:625} INFO - Processing file /home/airflow/.local/lib/python3.7/site-packages/airflow/example_dags/example_xcom.py for tasks to queue
[2022-01-03 13:19:29,880] {logging_mixin.py:109} INFO - [2022-01-03 13:19:29,880] {dagbag.py:500} INFO - Filling up the DagBag from /home/airflow/.local/lib/python3.7/site-packages/airflow/example_dags/example_xcom.py
[2022-01-03 13:19:29,931] {processor.py:637} INFO - DAG(s) dict_keys(['example_xcom']) retrieved from /home/airflow/.local/lib/python3.7/site-packages/airflow/example_dags/example_xcom.py
[2022-01-03 13:19:30,719] {logging_mixin.py:109} INFO - [2022-01-03 13:19:30,719] {dag.py:2396} INFO - Sync 1 DAGs
[2022-01-03 13:19:30,744] {logging_mixin.py:109} INFO - [2022-01-03 13:19:30,744] {dag.py:2928} INFO - Setting next_dagrun for example_xcom to 2021-01-01T00:00:00+00:00
[2022-01-03 13:19:30,762] {processor.py:171} INFO - Processing /home/airflow/.local/lib/python3.7/site-packages/airflow/example_dags/example_xcom.py took 0.891 seconds
[2022-01-03 13:20:01,165] {processor.py:163} INFO - Started process (PID=740) to work on /home/airflow/.local/lib/python3.7/site-packages/airflow/example_dags/example_xcom.py
[2022-01-03 13:20:01,170] {processor.py:625} INFO - Processing file /home/airflow/.local/lib/python3.7/site-packages/airflow/example_dags/example_xcom.py for tasks to queue
[2022-01-03 13:20:01,171] {logging_mixin.py:109} INFO - [2022-01-03 13:20:01,171] {dagbag.py:500} INFO - Filling up the DagBag from /home/airflow/.local/lib/python3.7/site-packages/airflow/example_dags/example_xcom.py
[2022-01-03 13:20:01,279] {processor.py:637} INFO - DAG(s) dict_keys(['example_xcom']) retrieved from /home/airflow/.local/lib/python3.7/site-packages/airflow/example_dags/example_xcom.py
[2022-01-03 13:20:02,023] {logging_mixin.py:109} INFO - [2022-01-03 13:20:02,023] {dag.py:2396} INFO - Sync 1 DAGs
[2022-01-03 13:20:02,046] {logging_mixin.py:109} INFO - [2022-01-03 13:20:02,045] {dag.py:2928} INFO - Setting next_dagrun for example_xcom to 2021-01-01T00:00:00+00:00
[2022-01-03 13:20:02,067] {processor.py:171} INFO - Processing /home/airflow/.local/lib/python3.7/site-packages/airflow/example_dags/example_xcom.py took 0.908 seconds
[2022-01-03 13:20:32,145] {processor.py:163} INFO - Started process (PID=791) to work on /home/airflow/.local/lib/python3.7/site-packages/airflow/example_dags/example_xcom.py
[2022-01-03 13:20:32,147] {processor.py:625} INFO - Processing file /home/airflow/.local/lib/python3.7/site-packages/airflow/example_dags/example_xcom.py for tasks to queue
[2022-01-03 13:20:32,148] {logging_mixin.py:109} INFO - [2022-01-03 13:20:32,148] {dagbag.py:500} INFO - Filling up the DagBag from /home/airflow/.local/lib/python3.7/site-packages/airflow/example_dags/example_xcom.py
[2022-01-03 13:20:32,189] {processor.py:637} INFO - DAG(s) dict_keys(['example_xcom']) retrieved from /home/airflow/.local/lib/python3.7/site-packages/airflow/example_dags/example_xcom.py
[2022-01-03 13:20:33,135] {logging_mixin.py:109} INFO - [2022-01-03 13:20:33,135] {dag.py:2396} INFO - Sync 1 DAGs
[2022-01-03 13:20:33,181] {logging_mixin.py:109} INFO - [2022-01-03 13:20:33,181] {dag.py:2928} INFO - Setting next_dagrun for example_xcom to 2021-01-01T00:00:00+00:00
[2022-01-03 13:20:33,214] {processor.py:171} INFO - Processing /home/airflow/.local/lib/python3.7/site-packages/airflow/example_dags/example_xcom.py took 1.074 seconds
[2022-01-03 13:21:04,012] {processor.py:163} INFO - Started process (PID=842) to work on /home/airflow/.local/lib/python3.7/site-packages/airflow/example_dags/example_xcom.py
[2022-01-03 13:21:04,022] {processor.py:625} INFO - Processing file /home/airflow/.local/lib/python3.7/site-packages/airflow/example_dags/example_xcom.py for tasks to queue
[2022-01-03 13:21:04,022] {logging_mixin.py:109} INFO - [2022-01-03 13:21:04,022] {dagbag.py:500} INFO - Filling up the DagBag from /home/airflow/.local/lib/python3.7/site-packages/airflow/example_dags/example_xcom.py
[2022-01-03 13:21:04,176] {processor.py:637} INFO - DAG(s) dict_keys(['example_xcom']) retrieved from /home/airflow/.local/lib/python3.7/site-packages/airflow/example_dags/example_xcom.py
[2022-01-03 13:21:04,985] {logging_mixin.py:109} INFO - [2022-01-03 13:21:04,985] {dag.py:2396} INFO - Sync 1 DAGs
[2022-01-03 13:21:05,031] {logging_mixin.py:109} INFO - [2022-01-03 13:21:05,031] {dag.py:2928} INFO - Setting next_dagrun for example_xcom to 2021-01-01T00:00:00+00:00
[2022-01-03 13:21:05,051] {processor.py:171} INFO - Processing /home/airflow/.local/lib/python3.7/site-packages/airflow/example_dags/example_xcom.py took 1.043 seconds
[2022-01-03 13:21:35,331] {processor.py:163} INFO - Started process (PID=894) to work on /home/airflow/.local/lib/python3.7/site-packages/airflow/example_dags/example_xcom.py
[2022-01-03 13:21:35,332] {processor.py:625} INFO - Processing file /home/airflow/.local/lib/python3.7/site-packages/airflow/example_dags/example_xcom.py for tasks to queue
[2022-01-03 13:21:35,332] {logging_mixin.py:109} INFO - [2022-01-03 13:21:35,332] {dagbag.py:500} INFO - Filling up the DagBag from /home/airflow/.local/lib/python3.7/site-packages/airflow/example_dags/example_xcom.py
[2022-01-03 13:21:35,398] {processor.py:637} INFO - DAG(s) dict_keys(['example_xcom']) retrieved from /home/airflow/.local/lib/python3.7/site-packages/airflow/example_dags/example_xcom.py
[2022-01-03 13:21:35,815] {logging_mixin.py:109} INFO - [2022-01-03 13:21:35,815] {dag.py:2396} INFO - Sync 1 DAGs
[2022-01-03 13:21:35,838] {logging_mixin.py:109} INFO - [2022-01-03 13:21:35,838] {dag.py:2928} INFO - Setting next_dagrun for example_xcom to 2021-01-01T00:00:00+00:00
[2022-01-03 13:21:35,855] {processor.py:171} INFO - Processing /home/airflow/.local/lib/python3.7/site-packages/airflow/example_dags/example_xcom.py took 0.528 seconds
[2022-01-03 13:22:06,187] {processor.py:163} INFO - Started process (PID=947) to work on /home/airflow/.local/lib/python3.7/site-packages/airflow/example_dags/example_xcom.py
[2022-01-03 13:22:06,189] {processor.py:625} INFO - Processing file /home/airflow/.local/lib/python3.7/site-packages/airflow/example_dags/example_xcom.py for tasks to queue
[2022-01-03 13:22:06,191] {logging_mixin.py:109} INFO - [2022-01-03 13:22:06,190] {dagbag.py:500} INFO - Filling up the DagBag from /home/airflow/.local/lib/python3.7/site-packages/airflow/example_dags/example_xcom.py
[2022-01-03 13:22:06,269] {processor.py:637} INFO - DAG(s) dict_keys(['example_xcom']) retrieved from /home/airflow/.local/lib/python3.7/site-packages/airflow/example_dags/example_xcom.py
[2022-01-03 13:22:06,684] {logging_mixin.py:109} INFO - [2022-01-03 13:22:06,684] {dag.py:2396} INFO - Sync 1 DAGs
[2022-01-03 13:22:06,702] {logging_mixin.py:109} INFO - [2022-01-03 13:22:06,702] {dag.py:2928} INFO - Setting next_dagrun for example_xcom to 2021-01-01T00:00:00+00:00
[2022-01-03 13:22:06,717] {processor.py:171} INFO - Processing /home/airflow/.local/lib/python3.7/site-packages/airflow/example_dags/example_xcom.py took 0.536 seconds
[2022-01-03 13:22:37,007] {processor.py:163} INFO - Started process (PID=1006) to work on /home/airflow/.local/lib/python3.7/site-packages/airflow/example_dags/example_xcom.py
[2022-01-03 13:22:37,013] {processor.py:625} INFO - Processing file /home/airflow/.local/lib/python3.7/site-packages/airflow/example_dags/example_xcom.py for tasks to queue
[2022-01-03 13:22:37,014] {logging_mixin.py:109} INFO - [2022-01-03 13:22:37,014] {dagbag.py:500} INFO - Filling up the DagBag from /home/airflow/.local/lib/python3.7/site-packages/airflow/example_dags/example_xcom.py
[2022-01-03 13:22:37,063] {processor.py:637} INFO - DAG(s) dict_keys(['example_xcom']) retrieved from /home/airflow/.local/lib/python3.7/site-packages/airflow/example_dags/example_xcom.py
[2022-01-03 13:22:37,482] {logging_mixin.py:109} INFO - [2022-01-03 13:22:37,482] {dag.py:2396} INFO - Sync 1 DAGs
[2022-01-03 13:22:37,503] {logging_mixin.py:109} INFO - [2022-01-03 13:22:37,503] {dag.py:2928} INFO - Setting next_dagrun for example_xcom to 2021-01-01T00:00:00+00:00
[2022-01-03 13:22:37,519] {processor.py:171} INFO - Processing /home/airflow/.local/lib/python3.7/site-packages/airflow/example_dags/example_xcom.py took 0.517 seconds
[2022-01-03 13:23:08,357] {processor.py:163} INFO - Started process (PID=1059) to work on /home/airflow/.local/lib/python3.7/site-packages/airflow/example_dags/example_xcom.py
[2022-01-03 13:23:08,365] {processor.py:625} INFO - Processing file /home/airflow/.local/lib/python3.7/site-packages/airflow/example_dags/example_xcom.py for tasks to queue
[2022-01-03 13:23:08,367] {logging_mixin.py:109} INFO - [2022-01-03 13:23:08,366] {dagbag.py:500} INFO - Filling up the DagBag from /home/airflow/.local/lib/python3.7/site-packages/airflow/example_dags/example_xcom.py
[2022-01-03 13:23:08,442] {processor.py:637} INFO - DAG(s) dict_keys(['example_xcom']) retrieved from /home/airflow/.local/lib/python3.7/site-packages/airflow/example_dags/example_xcom.py
[2022-01-03 13:23:08,888] {logging_mixin.py:109} INFO - [2022-01-03 13:23:08,888] {dag.py:2396} INFO - Sync 1 DAGs
[2022-01-03 13:23:08,912] {logging_mixin.py:109} INFO - [2022-01-03 13:23:08,911] {dag.py:2928} INFO - Setting next_dagrun for example_xcom to 2021-01-01T00:00:00+00:00
[2022-01-03 13:23:08,929] {processor.py:171} INFO - Processing /home/airflow/.local/lib/python3.7/site-packages/airflow/example_dags/example_xcom.py took 0.575 seconds
[2022-01-03 13:23:39,393] {processor.py:163} INFO - Started process (PID=1110) to work on /home/airflow/.local/lib/python3.7/site-packages/airflow/example_dags/example_xcom.py
[2022-01-03 13:23:39,395] {processor.py:625} INFO - Processing file /home/airflow/.local/lib/python3.7/site-packages/airflow/example_dags/example_xcom.py for tasks to queue
[2022-01-03 13:23:39,395] {logging_mixin.py:109} INFO - [2022-01-03 13:23:39,395] {dagbag.py:500} INFO - Filling up the DagBag from /home/airflow/.local/lib/python3.7/site-packages/airflow/example_dags/example_xcom.py
[2022-01-03 13:23:39,441] {processor.py:637} INFO - DAG(s) dict_keys(['example_xcom']) retrieved from /home/airflow/.local/lib/python3.7/site-packages/airflow/example_dags/example_xcom.py
[2022-01-03 13:23:40,176] {logging_mixin.py:109} INFO - [2022-01-03 13:23:40,176] {dag.py:2396} INFO - Sync 1 DAGs
[2022-01-03 13:23:40,213] {logging_mixin.py:109} INFO - [2022-01-03 13:23:40,213] {dag.py:2928} INFO - Setting next_dagrun for example_xcom to 2021-01-01T00:00:00+00:00
[2022-01-03 13:23:40,240] {processor.py:171} INFO - Processing /home/airflow/.local/lib/python3.7/site-packages/airflow/example_dags/example_xcom.py took 0.849 seconds
[2022-01-03 13:24:10,353] {processor.py:163} INFO - Started process (PID=1162) to work on /home/airflow/.local/lib/python3.7/site-packages/airflow/example_dags/example_xcom.py
[2022-01-03 13:24:10,359] {processor.py:625} INFO - Processing file /home/airflow/.local/lib/python3.7/site-packages/airflow/example_dags/example_xcom.py for tasks to queue
[2022-01-03 13:24:10,360] {logging_mixin.py:109} INFO - [2022-01-03 13:24:10,360] {dagbag.py:500} INFO - Filling up the DagBag from /home/airflow/.local/lib/python3.7/site-packages/airflow/example_dags/example_xcom.py
[2022-01-03 13:24:10,403] {processor.py:637} INFO - DAG(s) dict_keys(['example_xcom']) retrieved from /home/airflow/.local/lib/python3.7/site-packages/airflow/example_dags/example_xcom.py
[2022-01-03 13:24:10,827] {logging_mixin.py:109} INFO - [2022-01-03 13:24:10,827] {dag.py:2396} INFO - Sync 1 DAGs
[2022-01-03 13:24:10,845] {logging_mixin.py:109} INFO - [2022-01-03 13:24:10,845] {dag.py:2928} INFO - Setting next_dagrun for example_xcom to 2021-01-01T00:00:00+00:00
[2022-01-03 13:24:10,867] {processor.py:171} INFO - Processing /home/airflow/.local/lib/python3.7/site-packages/airflow/example_dags/example_xcom.py took 0.519 seconds
[2022-01-03 13:24:41,844] {processor.py:163} INFO - Started process (PID=1214) to work on /home/airflow/.local/lib/python3.7/site-packages/airflow/example_dags/example_xcom.py
[2022-01-03 13:24:41,847] {processor.py:625} INFO - Processing file /home/airflow/.local/lib/python3.7/site-packages/airflow/example_dags/example_xcom.py for tasks to queue
[2022-01-03 13:24:41,849] {logging_mixin.py:109} INFO - [2022-01-03 13:24:41,848] {dagbag.py:500} INFO - Filling up the DagBag from /home/airflow/.local/lib/python3.7/site-packages/airflow/example_dags/example_xcom.py
[2022-01-03 13:24:41,922] {processor.py:637} INFO - DAG(s) dict_keys(['example_xcom']) retrieved from /home/airflow/.local/lib/python3.7/site-packages/airflow/example_dags/example_xcom.py
[2022-01-03 13:24:42,471] {logging_mixin.py:109} INFO - [2022-01-03 13:24:42,470] {dag.py:2396} INFO - Sync 1 DAGs
[2022-01-03 13:24:42,491] {logging_mixin.py:109} INFO - [2022-01-03 13:24:42,491] {dag.py:2928} INFO - Setting next_dagrun for example_xcom to 2021-01-01T00:00:00+00:00
[2022-01-03 13:24:42,508] {processor.py:171} INFO - Processing /home/airflow/.local/lib/python3.7/site-packages/airflow/example_dags/example_xcom.py took 0.674 seconds
[2022-01-03 13:25:13,042] {processor.py:163} INFO - Started process (PID=1273) to work on /home/airflow/.local/lib/python3.7/site-packages/airflow/example_dags/example_xcom.py
[2022-01-03 13:25:13,049] {processor.py:625} INFO - Processing file /home/airflow/.local/lib/python3.7/site-packages/airflow/example_dags/example_xcom.py for tasks to queue
[2022-01-03 13:25:13,050] {logging_mixin.py:109} INFO - [2022-01-03 13:25:13,050] {dagbag.py:500} INFO - Filling up the DagBag from /home/airflow/.local/lib/python3.7/site-packages/airflow/example_dags/example_xcom.py
[2022-01-03 13:25:13,083] {processor.py:637} INFO - DAG(s) dict_keys(['example_xcom']) retrieved from /home/airflow/.local/lib/python3.7/site-packages/airflow/example_dags/example_xcom.py
[2022-01-03 13:25:13,590] {logging_mixin.py:109} INFO - [2022-01-03 13:25:13,590] {dag.py:2396} INFO - Sync 1 DAGs
[2022-01-03 13:25:13,612] {logging_mixin.py:109} INFO - [2022-01-03 13:25:13,612] {dag.py:2928} INFO - Setting next_dagrun for example_xcom to 2021-01-01T00:00:00+00:00
[2022-01-03 13:25:13,627] {processor.py:171} INFO - Processing /home/airflow/.local/lib/python3.7/site-packages/airflow/example_dags/example_xcom.py took 0.595 seconds
[2022-01-03 13:25:43,745] {processor.py:163} INFO - Started process (PID=1330) to work on /home/airflow/.local/lib/python3.7/site-packages/airflow/example_dags/example_xcom.py
[2022-01-03 13:25:43,746] {processor.py:625} INFO - Processing file /home/airflow/.local/lib/python3.7/site-packages/airflow/example_dags/example_xcom.py for tasks to queue
[2022-01-03 13:25:43,747] {logging_mixin.py:109} INFO - [2022-01-03 13:25:43,747] {dagbag.py:500} INFO - Filling up the DagBag from /home/airflow/.local/lib/python3.7/site-packages/airflow/example_dags/example_xcom.py
[2022-01-03 13:25:43,816] {processor.py:637} INFO - DAG(s) dict_keys(['example_xcom']) retrieved from /home/airflow/.local/lib/python3.7/site-packages/airflow/example_dags/example_xcom.py
[2022-01-03 13:25:44,445] {logging_mixin.py:109} INFO - [2022-01-03 13:25:44,445] {dag.py:2396} INFO - Sync 1 DAGs
[2022-01-03 13:25:44,477] {logging_mixin.py:109} INFO - [2022-01-03 13:25:44,477] {dag.py:2928} INFO - Setting next_dagrun for example_xcom to 2021-01-01T00:00:00+00:00
[2022-01-03 13:25:44,500] {processor.py:171} INFO - Processing /home/airflow/.local/lib/python3.7/site-packages/airflow/example_dags/example_xcom.py took 0.759 seconds
[2022-01-03 13:26:15,192] {processor.py:163} INFO - Started process (PID=1382) to work on /home/airflow/.local/lib/python3.7/site-packages/airflow/example_dags/example_xcom.py
[2022-01-03 13:26:15,194] {processor.py:625} INFO - Processing file /home/airflow/.local/lib/python3.7/site-packages/airflow/example_dags/example_xcom.py for tasks to queue
[2022-01-03 13:26:15,194] {logging_mixin.py:109} INFO - [2022-01-03 13:26:15,194] {dagbag.py:500} INFO - Filling up the DagBag from /home/airflow/.local/lib/python3.7/site-packages/airflow/example_dags/example_xcom.py
[2022-01-03 13:26:15,231] {processor.py:637} INFO - DAG(s) dict_keys(['example_xcom']) retrieved from /home/airflow/.local/lib/python3.7/site-packages/airflow/example_dags/example_xcom.py
[2022-01-03 13:26:16,037] {logging_mixin.py:109} INFO - [2022-01-03 13:26:16,037] {dag.py:2396} INFO - Sync 1 DAGs
[2022-01-03 13:26:16,064] {logging_mixin.py:109} INFO - [2022-01-03 13:26:16,064] {dag.py:2928} INFO - Setting next_dagrun for example_xcom to 2021-01-01T00:00:00+00:00
[2022-01-03 13:26:16,080] {processor.py:171} INFO - Processing /home/airflow/.local/lib/python3.7/site-packages/airflow/example_dags/example_xcom.py took 0.891 seconds
[2022-01-03 13:26:47,007] {processor.py:163} INFO - Started process (PID=1441) to work on /home/airflow/.local/lib/python3.7/site-packages/airflow/example_dags/example_xcom.py
[2022-01-03 13:26:47,009] {processor.py:625} INFO - Processing file /home/airflow/.local/lib/python3.7/site-packages/airflow/example_dags/example_xcom.py for tasks to queue
[2022-01-03 13:26:47,010] {logging_mixin.py:109} INFO - [2022-01-03 13:26:47,009] {dagbag.py:500} INFO - Filling up the DagBag from /home/airflow/.local/lib/python3.7/site-packages/airflow/example_dags/example_xcom.py
[2022-01-03 13:26:47,051] {processor.py:637} INFO - DAG(s) dict_keys(['example_xcom']) retrieved from /home/airflow/.local/lib/python3.7/site-packages/airflow/example_dags/example_xcom.py
[2022-01-03 13:26:47,549] {logging_mixin.py:109} INFO - [2022-01-03 13:26:47,548] {dag.py:2396} INFO - Sync 1 DAGs
[2022-01-03 13:26:47,571] {logging_mixin.py:109} INFO - [2022-01-03 13:26:47,571] {dag.py:2928} INFO - Setting next_dagrun for example_xcom to 2021-01-01T00:00:00+00:00
[2022-01-03 13:26:47,592] {processor.py:171} INFO - Processing /home/airflow/.local/lib/python3.7/site-packages/airflow/example_dags/example_xcom.py took 0.589 seconds
[2022-01-03 13:27:18,534] {processor.py:163} INFO - Started process (PID=1491) to work on /home/airflow/.local/lib/python3.7/site-packages/airflow/example_dags/example_xcom.py
[2022-01-03 13:27:18,536] {processor.py:625} INFO - Processing file /home/airflow/.local/lib/python3.7/site-packages/airflow/example_dags/example_xcom.py for tasks to queue
[2022-01-03 13:27:18,537] {logging_mixin.py:109} INFO - [2022-01-03 13:27:18,537] {dagbag.py:500} INFO - Filling up the DagBag from /home/airflow/.local/lib/python3.7/site-packages/airflow/example_dags/example_xcom.py
[2022-01-03 13:27:18,634] {processor.py:637} INFO - DAG(s) dict_keys(['example_xcom']) retrieved from /home/airflow/.local/lib/python3.7/site-packages/airflow/example_dags/example_xcom.py
[2022-01-03 13:27:19,573] {logging_mixin.py:109} INFO - [2022-01-03 13:27:19,573] {dag.py:2396} INFO - Sync 1 DAGs
[2022-01-03 13:27:19,597] {logging_mixin.py:109} INFO - [2022-01-03 13:27:19,597] {dag.py:2928} INFO - Setting next_dagrun for example_xcom to 2021-01-01T00:00:00+00:00
[2022-01-03 13:27:19,612] {processor.py:171} INFO - Processing /home/airflow/.local/lib/python3.7/site-packages/airflow/example_dags/example_xcom.py took 1.083 seconds
[2022-01-03 13:27:49,970] {processor.py:163} INFO - Started process (PID=1543) to work on /home/airflow/.local/lib/python3.7/site-packages/airflow/example_dags/example_xcom.py
[2022-01-03 13:27:49,978] {processor.py:625} INFO - Processing file /home/airflow/.local/lib/python3.7/site-packages/airflow/example_dags/example_xcom.py for tasks to queue
[2022-01-03 13:27:49,980] {logging_mixin.py:109} INFO - [2022-01-03 13:27:49,980] {dagbag.py:500} INFO - Filling up the DagBag from /home/airflow/.local/lib/python3.7/site-packages/airflow/example_dags/example_xcom.py
[2022-01-03 13:27:50,044] {processor.py:637} INFO - DAG(s) dict_keys(['example_xcom']) retrieved from /home/airflow/.local/lib/python3.7/site-packages/airflow/example_dags/example_xcom.py
[2022-01-03 13:27:50,374] {logging_mixin.py:109} INFO - [2022-01-03 13:27:50,374] {dag.py:2396} INFO - Sync 1 DAGs
[2022-01-03 13:27:50,390] {logging_mixin.py:109} INFO - [2022-01-03 13:27:50,390] {dag.py:2928} INFO - Setting next_dagrun for example_xcom to 2021-01-01T00:00:00+00:00
[2022-01-03 13:27:50,406] {processor.py:171} INFO - Processing /home/airflow/.local/lib/python3.7/site-packages/airflow/example_dags/example_xcom.py took 0.445 seconds
[2022-01-03 13:28:21,217] {processor.py:163} INFO - Started process (PID=1597) to work on /home/airflow/.local/lib/python3.7/site-packages/airflow/example_dags/example_xcom.py
[2022-01-03 13:28:21,218] {processor.py:625} INFO - Processing file /home/airflow/.local/lib/python3.7/site-packages/airflow/example_dags/example_xcom.py for tasks to queue
[2022-01-03 13:28:21,219] {logging_mixin.py:109} INFO - [2022-01-03 13:28:21,219] {dagbag.py:500} INFO - Filling up the DagBag from /home/airflow/.local/lib/python3.7/site-packages/airflow/example_dags/example_xcom.py
[2022-01-03 13:28:21,268] {processor.py:637} INFO - DAG(s) dict_keys(['example_xcom']) retrieved from /home/airflow/.local/lib/python3.7/site-packages/airflow/example_dags/example_xcom.py
[2022-01-03 13:28:21,866] {logging_mixin.py:109} INFO - [2022-01-03 13:28:21,866] {dag.py:2396} INFO - Sync 1 DAGs
[2022-01-03 13:28:21,894] {logging_mixin.py:109} INFO - [2022-01-03 13:28:21,894] {dag.py:2928} INFO - Setting next_dagrun for example_xcom to 2021-01-01T00:00:00+00:00
[2022-01-03 13:28:21,915] {processor.py:171} INFO - Processing /home/airflow/.local/lib/python3.7/site-packages/airflow/example_dags/example_xcom.py took 0.703 seconds
[2022-01-03 13:28:51,989] {processor.py:163} INFO - Started process (PID=1657) to work on /home/airflow/.local/lib/python3.7/site-packages/airflow/example_dags/example_xcom.py
[2022-01-03 13:28:51,995] {processor.py:625} INFO - Processing file /home/airflow/.local/lib/python3.7/site-packages/airflow/example_dags/example_xcom.py for tasks to queue
[2022-01-03 13:28:51,996] {logging_mixin.py:109} INFO - [2022-01-03 13:28:51,996] {dagbag.py:500} INFO - Filling up the DagBag from /home/airflow/.local/lib/python3.7/site-packages/airflow/example_dags/example_xcom.py
[2022-01-03 13:28:52,057] {processor.py:637} INFO - DAG(s) dict_keys(['example_xcom']) retrieved from /home/airflow/.local/lib/python3.7/site-packages/airflow/example_dags/example_xcom.py
[2022-01-03 13:28:52,566] {logging_mixin.py:109} INFO - [2022-01-03 13:28:52,566] {dag.py:2396} INFO - Sync 1 DAGs
[2022-01-03 13:28:52,583] {logging_mixin.py:109} INFO - [2022-01-03 13:28:52,583] {dag.py:2928} INFO - Setting next_dagrun for example_xcom to 2021-01-01T00:00:00+00:00
[2022-01-03 13:28:52,598] {processor.py:171} INFO - Processing /home/airflow/.local/lib/python3.7/site-packages/airflow/example_dags/example_xcom.py took 0.613 seconds
[2022-01-03 13:29:22,656] {processor.py:163} INFO - Started process (PID=1714) to work on /home/airflow/.local/lib/python3.7/site-packages/airflow/example_dags/example_xcom.py
[2022-01-03 13:29:22,660] {processor.py:625} INFO - Processing file /home/airflow/.local/lib/python3.7/site-packages/airflow/example_dags/example_xcom.py for tasks to queue
[2022-01-03 13:29:22,660] {logging_mixin.py:109} INFO - [2022-01-03 13:29:22,660] {dagbag.py:500} INFO - Filling up the DagBag from /home/airflow/.local/lib/python3.7/site-packages/airflow/example_dags/example_xcom.py
[2022-01-03 13:29:22,717] {processor.py:637} INFO - DAG(s) dict_keys(['example_xcom']) retrieved from /home/airflow/.local/lib/python3.7/site-packages/airflow/example_dags/example_xcom.py
[2022-01-03 13:29:23,310] {logging_mixin.py:109} INFO - [2022-01-03 13:29:23,310] {dag.py:2396} INFO - Sync 1 DAGs
[2022-01-03 13:29:23,334] {logging_mixin.py:109} INFO - [2022-01-03 13:29:23,334] {dag.py:2928} INFO - Setting next_dagrun for example_xcom to 2021-01-01T00:00:00+00:00
[2022-01-03 13:29:23,353] {processor.py:171} INFO - Processing /home/airflow/.local/lib/python3.7/site-packages/airflow/example_dags/example_xcom.py took 0.701 seconds
[2022-01-03 13:29:53,780] {processor.py:163} INFO - Started process (PID=1763) to work on /home/airflow/.local/lib/python3.7/site-packages/airflow/example_dags/example_xcom.py
[2022-01-03 13:29:53,786] {processor.py:625} INFO - Processing file /home/airflow/.local/lib/python3.7/site-packages/airflow/example_dags/example_xcom.py for tasks to queue
[2022-01-03 13:29:53,790] {logging_mixin.py:109} INFO - [2022-01-03 13:29:53,790] {dagbag.py:500} INFO - Filling up the DagBag from /home/airflow/.local/lib/python3.7/site-packages/airflow/example_dags/example_xcom.py
[2022-01-03 13:29:53,829] {processor.py:637} INFO - DAG(s) dict_keys(['example_xcom']) retrieved from /home/airflow/.local/lib/python3.7/site-packages/airflow/example_dags/example_xcom.py
[2022-01-03 13:29:54,272] {logging_mixin.py:109} INFO - [2022-01-03 13:29:54,272] {dag.py:2396} INFO - Sync 1 DAGs
[2022-01-03 13:29:54,297] {logging_mixin.py:109} INFO - [2022-01-03 13:29:54,297] {dag.py:2928} INFO - Setting next_dagrun for example_xcom to 2021-01-01T00:00:00+00:00
[2022-01-03 13:29:54,319] {processor.py:171} INFO - Processing /home/airflow/.local/lib/python3.7/site-packages/airflow/example_dags/example_xcom.py took 0.543 seconds
[2022-01-03 13:30:25,104] {processor.py:163} INFO - Started process (PID=1815) to work on /home/airflow/.local/lib/python3.7/site-packages/airflow/example_dags/example_xcom.py
[2022-01-03 13:30:25,105] {processor.py:625} INFO - Processing file /home/airflow/.local/lib/python3.7/site-packages/airflow/example_dags/example_xcom.py for tasks to queue
[2022-01-03 13:30:25,106] {logging_mixin.py:109} INFO - [2022-01-03 13:30:25,106] {dagbag.py:500} INFO - Filling up the DagBag from /home/airflow/.local/lib/python3.7/site-packages/airflow/example_dags/example_xcom.py
[2022-01-03 13:30:25,142] {processor.py:637} INFO - DAG(s) dict_keys(['example_xcom']) retrieved from /home/airflow/.local/lib/python3.7/site-packages/airflow/example_dags/example_xcom.py
[2022-01-03 13:30:25,531] {logging_mixin.py:109} INFO - [2022-01-03 13:30:25,531] {dag.py:2396} INFO - Sync 1 DAGs
[2022-01-03 13:30:25,548] {logging_mixin.py:109} INFO - [2022-01-03 13:30:25,547] {dag.py:2928} INFO - Setting next_dagrun for example_xcom to 2021-01-01T00:00:00+00:00
[2022-01-03 13:30:25,567] {processor.py:171} INFO - Processing /home/airflow/.local/lib/python3.7/site-packages/airflow/example_dags/example_xcom.py took 0.467 seconds
[2022-01-03 13:30:56,232] {processor.py:163} INFO - Started process (PID=1880) to work on /home/airflow/.local/lib/python3.7/site-packages/airflow/example_dags/example_xcom.py
[2022-01-03 13:30:56,239] {processor.py:625} INFO - Processing file /home/airflow/.local/lib/python3.7/site-packages/airflow/example_dags/example_xcom.py for tasks to queue
[2022-01-03 13:30:56,239] {logging_mixin.py:109} INFO - [2022-01-03 13:30:56,239] {dagbag.py:500} INFO - Filling up the DagBag from /home/airflow/.local/lib/python3.7/site-packages/airflow/example_dags/example_xcom.py
[2022-01-03 13:30:56,288] {processor.py:637} INFO - DAG(s) dict_keys(['example_xcom']) retrieved from /home/airflow/.local/lib/python3.7/site-packages/airflow/example_dags/example_xcom.py
[2022-01-03 13:30:57,302] {logging_mixin.py:109} INFO - [2022-01-03 13:30:57,302] {dag.py:2396} INFO - Sync 1 DAGs
[2022-01-03 13:30:57,360] {logging_mixin.py:109} INFO - [2022-01-03 13:30:57,360] {dag.py:2928} INFO - Setting next_dagrun for example_xcom to 2021-01-01T00:00:00+00:00
[2022-01-03 13:30:57,387] {processor.py:171} INFO - Processing /home/airflow/.local/lib/python3.7/site-packages/airflow/example_dags/example_xcom.py took 1.165 seconds
[2022-01-03 13:31:27,652] {processor.py:163} INFO - Started process (PID=1931) to work on /home/airflow/.local/lib/python3.7/site-packages/airflow/example_dags/example_xcom.py
[2022-01-03 13:31:27,653] {processor.py:625} INFO - Processing file /home/airflow/.local/lib/python3.7/site-packages/airflow/example_dags/example_xcom.py for tasks to queue
[2022-01-03 13:31:27,654] {logging_mixin.py:109} INFO - [2022-01-03 13:31:27,654] {dagbag.py:500} INFO - Filling up the DagBag from /home/airflow/.local/lib/python3.7/site-packages/airflow/example_dags/example_xcom.py
[2022-01-03 13:31:27,724] {processor.py:637} INFO - DAG(s) dict_keys(['example_xcom']) retrieved from /home/airflow/.local/lib/python3.7/site-packages/airflow/example_dags/example_xcom.py
[2022-01-03 13:31:29,179] {logging_mixin.py:109} INFO - [2022-01-03 13:31:29,179] {dag.py:2396} INFO - Sync 1 DAGs
[2022-01-03 13:31:29,215] {logging_mixin.py:109} INFO - [2022-01-03 13:31:29,214] {dag.py:2928} INFO - Setting next_dagrun for example_xcom to 2021-01-01T00:00:00+00:00
[2022-01-03 13:31:29,239] {processor.py:171} INFO - Processing /home/airflow/.local/lib/python3.7/site-packages/airflow/example_dags/example_xcom.py took 1.594 seconds
[2022-01-03 13:31:59,441] {processor.py:163} INFO - Started process (PID=1983) to work on /home/airflow/.local/lib/python3.7/site-packages/airflow/example_dags/example_xcom.py
[2022-01-03 13:31:59,449] {processor.py:625} INFO - Processing file /home/airflow/.local/lib/python3.7/site-packages/airflow/example_dags/example_xcom.py for tasks to queue
[2022-01-03 13:31:59,460] {logging_mixin.py:109} INFO - [2022-01-03 13:31:59,460] {dagbag.py:500} INFO - Filling up the DagBag from /home/airflow/.local/lib/python3.7/site-packages/airflow/example_dags/example_xcom.py
[2022-01-03 13:31:59,645] {processor.py:637} INFO - DAG(s) dict_keys(['example_xcom']) retrieved from /home/airflow/.local/lib/python3.7/site-packages/airflow/example_dags/example_xcom.py
[2022-01-03 13:32:00,279] {logging_mixin.py:109} INFO - [2022-01-03 13:32:00,278] {dag.py:2396} INFO - Sync 1 DAGs
[2022-01-03 13:32:00,328] {logging_mixin.py:109} INFO - [2022-01-03 13:32:00,328] {dag.py:2928} INFO - Setting next_dagrun for example_xcom to 2021-01-01T00:00:00+00:00
[2022-01-03 13:32:00,358] {processor.py:171} INFO - Processing /home/airflow/.local/lib/python3.7/site-packages/airflow/example_dags/example_xcom.py took 0.922 seconds
[2022-01-03 13:38:11,720] {processor.py:163} INFO - Started process (PID=172) to work on /home/airflow/.local/lib/python3.7/site-packages/airflow/example_dags/example_xcom.py
[2022-01-03 13:38:11,722] {processor.py:625} INFO - Processing file /home/airflow/.local/lib/python3.7/site-packages/airflow/example_dags/example_xcom.py for tasks to queue
[2022-01-03 13:38:11,722] {logging_mixin.py:109} INFO - [2022-01-03 13:38:11,722] {dagbag.py:500} INFO - Filling up the DagBag from /home/airflow/.local/lib/python3.7/site-packages/airflow/example_dags/example_xcom.py
[2022-01-03 13:38:11,758] {processor.py:637} INFO - DAG(s) dict_keys(['example_xcom']) retrieved from /home/airflow/.local/lib/python3.7/site-packages/airflow/example_dags/example_xcom.py
[2022-01-03 13:38:13,780] {logging_mixin.py:109} INFO - [2022-01-03 13:38:13,780] {providers_manager.py:156} WARNING - Exception when importing 'airflow.providers.google.leveldb.hooks.leveldb.LevelDBHook' from 'apache-airflow-providers-google' package: No module named 'plyvel'
[2022-01-03 13:38:14,835] {logging_mixin.py:109} INFO - [2022-01-03 13:38:14,835] {providers_manager.py:156} WARNING - Exception when importing 'airflow.providers.google.leveldb.hooks.leveldb.LevelDBHook' from 'apache-airflow-providers-google' package: No module named 'plyvel'
[2022-01-03 13:38:14,879] {logging_mixin.py:109} INFO - [2022-01-03 13:38:14,878] {manager.py:496} INFO - Created Permission View: can edit on DAG:example_xcom
[2022-01-03 13:38:14,895] {logging_mixin.py:109} INFO - [2022-01-03 13:38:14,895] {manager.py:496} INFO - Created Permission View: can read on DAG:example_xcom
[2022-01-03 13:38:14,896] {logging_mixin.py:109} INFO - [2022-01-03 13:38:14,895] {dag.py:2396} INFO - Sync 1 DAGs
[2022-01-03 13:38:14,916] {logging_mixin.py:109} INFO - [2022-01-03 13:38:14,915] {dag.py:2415} INFO - Creating ORM DAG for example_xcom
[2022-01-03 13:38:14,930] {logging_mixin.py:109} INFO - [2022-01-03 13:38:14,930] {dag.py:2928} INFO - Setting next_dagrun for example_xcom to 2021-01-01T00:00:00+00:00
[2022-01-03 13:38:14,952] {processor.py:171} INFO - Processing /home/airflow/.local/lib/python3.7/site-packages/airflow/example_dags/example_xcom.py took 3.235 seconds
[2022-01-03 13:38:45,207] {processor.py:163} INFO - Started process (PID=272) to work on /home/airflow/.local/lib/python3.7/site-packages/airflow/example_dags/example_xcom.py
[2022-01-03 13:38:45,209] {processor.py:625} INFO - Processing file /home/airflow/.local/lib/python3.7/site-packages/airflow/example_dags/example_xcom.py for tasks to queue
[2022-01-03 13:38:45,211] {logging_mixin.py:109} INFO - [2022-01-03 13:38:45,211] {dagbag.py:500} INFO - Filling up the DagBag from /home/airflow/.local/lib/python3.7/site-packages/airflow/example_dags/example_xcom.py
[2022-01-03 13:38:45,272] {processor.py:637} INFO - DAG(s) dict_keys(['example_xcom']) retrieved from /home/airflow/.local/lib/python3.7/site-packages/airflow/example_dags/example_xcom.py
[2022-01-03 13:38:45,684] {logging_mixin.py:109} INFO - [2022-01-03 13:38:45,684] {dag.py:2396} INFO - Sync 1 DAGs
[2022-01-03 13:38:45,700] {logging_mixin.py:109} INFO - [2022-01-03 13:38:45,700] {dag.py:2928} INFO - Setting next_dagrun for example_xcom to 2021-01-01T00:00:00+00:00
[2022-01-03 13:38:45,713] {processor.py:171} INFO - Processing /home/airflow/.local/lib/python3.7/site-packages/airflow/example_dags/example_xcom.py took 0.515 seconds
[2022-01-03 13:39:16,058] {processor.py:163} INFO - Started process (PID=322) to work on /home/airflow/.local/lib/python3.7/site-packages/airflow/example_dags/example_xcom.py
[2022-01-03 13:39:16,066] {processor.py:625} INFO - Processing file /home/airflow/.local/lib/python3.7/site-packages/airflow/example_dags/example_xcom.py for tasks to queue
[2022-01-03 13:39:16,068] {logging_mixin.py:109} INFO - [2022-01-03 13:39:16,068] {dagbag.py:500} INFO - Filling up the DagBag from /home/airflow/.local/lib/python3.7/site-packages/airflow/example_dags/example_xcom.py
[2022-01-03 13:39:16,144] {processor.py:637} INFO - DAG(s) dict_keys(['example_xcom']) retrieved from /home/airflow/.local/lib/python3.7/site-packages/airflow/example_dags/example_xcom.py
[2022-01-03 13:39:16,482] {logging_mixin.py:109} INFO - [2022-01-03 13:39:16,481] {dag.py:2396} INFO - Sync 1 DAGs
[2022-01-03 13:39:16,503] {logging_mixin.py:109} INFO - [2022-01-03 13:39:16,503] {dag.py:2928} INFO - Setting next_dagrun for example_xcom to 2021-01-01T00:00:00+00:00
[2022-01-03 13:39:16,531] {processor.py:171} INFO - Processing /home/airflow/.local/lib/python3.7/site-packages/airflow/example_dags/example_xcom.py took 0.483 seconds
[2022-01-03 13:43:05,264] {processor.py:163} INFO - Started process (PID=168) to work on /home/airflow/.local/lib/python3.7/site-packages/airflow/example_dags/example_xcom.py
[2022-01-03 13:43:05,266] {processor.py:625} INFO - Processing file /home/airflow/.local/lib/python3.7/site-packages/airflow/example_dags/example_xcom.py for tasks to queue
[2022-01-03 13:43:05,267] {logging_mixin.py:109} INFO - [2022-01-03 13:43:05,267] {dagbag.py:500} INFO - Filling up the DagBag from /home/airflow/.local/lib/python3.7/site-packages/airflow/example_dags/example_xcom.py
[2022-01-03 13:43:05,311] {processor.py:637} INFO - DAG(s) dict_keys(['example_xcom']) retrieved from /home/airflow/.local/lib/python3.7/site-packages/airflow/example_dags/example_xcom.py
[2022-01-03 13:43:07,170] {logging_mixin.py:109} INFO - [2022-01-03 13:43:07,170] {providers_manager.py:156} WARNING - Exception when importing 'airflow.providers.google.leveldb.hooks.leveldb.LevelDBHook' from 'apache-airflow-providers-google' package: No module named 'plyvel'
[2022-01-03 13:43:08,029] {logging_mixin.py:109} INFO - [2022-01-03 13:43:08,029] {providers_manager.py:156} WARNING - Exception when importing 'airflow.providers.google.leveldb.hooks.leveldb.LevelDBHook' from 'apache-airflow-providers-google' package: No module named 'plyvel'
[2022-01-03 13:43:08,058] {logging_mixin.py:109} INFO - [2022-01-03 13:43:08,058] {manager.py:496} INFO - Created Permission View: can read on DAG:example_xcom
[2022-01-03 13:43:08,070] {logging_mixin.py:109} INFO - [2022-01-03 13:43:08,070] {manager.py:496} INFO - Created Permission View: can edit on DAG:example_xcom
[2022-01-03 13:43:08,070] {logging_mixin.py:109} INFO - [2022-01-03 13:43:08,070] {dag.py:2396} INFO - Sync 1 DAGs
[2022-01-03 13:43:08,080] {logging_mixin.py:109} INFO - [2022-01-03 13:43:08,079] {dag.py:2415} INFO - Creating ORM DAG for example_xcom
[2022-01-03 13:43:08,090] {logging_mixin.py:109} INFO - [2022-01-03 13:43:08,090] {dag.py:2928} INFO - Setting next_dagrun for example_xcom to 2021-01-01T00:00:00+00:00
[2022-01-03 13:43:08,104] {processor.py:171} INFO - Processing /home/airflow/.local/lib/python3.7/site-packages/airflow/example_dags/example_xcom.py took 2.842 seconds
[2022-01-03 13:43:38,460] {processor.py:163} INFO - Started process (PID=270) to work on /home/airflow/.local/lib/python3.7/site-packages/airflow/example_dags/example_xcom.py
[2022-01-03 13:43:38,461] {processor.py:625} INFO - Processing file /home/airflow/.local/lib/python3.7/site-packages/airflow/example_dags/example_xcom.py for tasks to queue
[2022-01-03 13:43:38,462] {logging_mixin.py:109} INFO - [2022-01-03 13:43:38,462] {dagbag.py:500} INFO - Filling up the DagBag from /home/airflow/.local/lib/python3.7/site-packages/airflow/example_dags/example_xcom.py
[2022-01-03 13:43:38,492] {processor.py:637} INFO - DAG(s) dict_keys(['example_xcom']) retrieved from /home/airflow/.local/lib/python3.7/site-packages/airflow/example_dags/example_xcom.py
[2022-01-03 13:43:38,832] {logging_mixin.py:109} INFO - [2022-01-03 13:43:38,832] {dag.py:2396} INFO - Sync 1 DAGs
[2022-01-03 13:43:38,847] {logging_mixin.py:109} INFO - [2022-01-03 13:43:38,847] {dag.py:2928} INFO - Setting next_dagrun for example_xcom to 2021-01-01T00:00:00+00:00
[2022-01-03 13:43:38,858] {processor.py:171} INFO - Processing /home/airflow/.local/lib/python3.7/site-packages/airflow/example_dags/example_xcom.py took 0.401 seconds
[2022-01-03 13:44:09,271] {processor.py:163} INFO - Started process (PID=321) to work on /home/airflow/.local/lib/python3.7/site-packages/airflow/example_dags/example_xcom.py
[2022-01-03 13:44:09,273] {processor.py:625} INFO - Processing file /home/airflow/.local/lib/python3.7/site-packages/airflow/example_dags/example_xcom.py for tasks to queue
[2022-01-03 13:44:09,274] {logging_mixin.py:109} INFO - [2022-01-03 13:44:09,274] {dagbag.py:500} INFO - Filling up the DagBag from /home/airflow/.local/lib/python3.7/site-packages/airflow/example_dags/example_xcom.py
[2022-01-03 13:44:09,307] {processor.py:637} INFO - DAG(s) dict_keys(['example_xcom']) retrieved from /home/airflow/.local/lib/python3.7/site-packages/airflow/example_dags/example_xcom.py
[2022-01-03 13:44:09,611] {logging_mixin.py:109} INFO - [2022-01-03 13:44:09,610] {dag.py:2396} INFO - Sync 1 DAGs
[2022-01-03 13:44:09,630] {logging_mixin.py:109} INFO - [2022-01-03 13:44:09,630] {dag.py:2928} INFO - Setting next_dagrun for example_xcom to 2021-01-01T00:00:00+00:00
[2022-01-03 13:44:09,646] {processor.py:171} INFO - Processing /home/airflow/.local/lib/python3.7/site-packages/airflow/example_dags/example_xcom.py took 0.381 seconds
[2022-01-03 13:44:39,873] {processor.py:163} INFO - Started process (PID=379) to work on /home/airflow/.local/lib/python3.7/site-packages/airflow/example_dags/example_xcom.py
[2022-01-03 13:44:39,874] {processor.py:625} INFO - Processing file /home/airflow/.local/lib/python3.7/site-packages/airflow/example_dags/example_xcom.py for tasks to queue
[2022-01-03 13:44:39,875] {logging_mixin.py:109} INFO - [2022-01-03 13:44:39,875] {dagbag.py:500} INFO - Filling up the DagBag from /home/airflow/.local/lib/python3.7/site-packages/airflow/example_dags/example_xcom.py
[2022-01-03 13:44:39,935] {processor.py:637} INFO - DAG(s) dict_keys(['example_xcom']) retrieved from /home/airflow/.local/lib/python3.7/site-packages/airflow/example_dags/example_xcom.py
[2022-01-03 13:44:40,478] {logging_mixin.py:109} INFO - [2022-01-03 13:44:40,478] {dag.py:2396} INFO - Sync 1 DAGs
[2022-01-03 13:44:40,494] {logging_mixin.py:109} INFO - [2022-01-03 13:44:40,494] {dag.py:2928} INFO - Setting next_dagrun for example_xcom to 2021-01-01T00:00:00+00:00
[2022-01-03 13:44:40,511] {processor.py:171} INFO - Processing /home/airflow/.local/lib/python3.7/site-packages/airflow/example_dags/example_xcom.py took 0.642 seconds
[2022-01-03 13:45:10,988] {processor.py:163} INFO - Started process (PID=430) to work on /home/airflow/.local/lib/python3.7/site-packages/airflow/example_dags/example_xcom.py
[2022-01-03 13:45:10,989] {processor.py:625} INFO - Processing file /home/airflow/.local/lib/python3.7/site-packages/airflow/example_dags/example_xcom.py for tasks to queue
[2022-01-03 13:45:10,990] {logging_mixin.py:109} INFO - [2022-01-03 13:45:10,990] {dagbag.py:500} INFO - Filling up the DagBag from /home/airflow/.local/lib/python3.7/site-packages/airflow/example_dags/example_xcom.py
[2022-01-03 13:45:11,037] {processor.py:637} INFO - DAG(s) dict_keys(['example_xcom']) retrieved from /home/airflow/.local/lib/python3.7/site-packages/airflow/example_dags/example_xcom.py
[2022-01-03 13:45:11,454] {logging_mixin.py:109} INFO - [2022-01-03 13:45:11,454] {dag.py:2396} INFO - Sync 1 DAGs
[2022-01-03 13:45:11,481] {logging_mixin.py:109} INFO - [2022-01-03 13:45:11,481] {dag.py:2928} INFO - Setting next_dagrun for example_xcom to 2021-01-01T00:00:00+00:00
[2022-01-03 13:45:11,500] {processor.py:171} INFO - Processing /home/airflow/.local/lib/python3.7/site-packages/airflow/example_dags/example_xcom.py took 0.516 seconds
[2022-01-03 13:45:41,967] {processor.py:163} INFO - Started process (PID=482) to work on /home/airflow/.local/lib/python3.7/site-packages/airflow/example_dags/example_xcom.py
[2022-01-03 13:45:41,968] {processor.py:625} INFO - Processing file /home/airflow/.local/lib/python3.7/site-packages/airflow/example_dags/example_xcom.py for tasks to queue
[2022-01-03 13:45:41,969] {logging_mixin.py:109} INFO - [2022-01-03 13:45:41,969] {dagbag.py:500} INFO - Filling up the DagBag from /home/airflow/.local/lib/python3.7/site-packages/airflow/example_dags/example_xcom.py
[2022-01-03 13:45:42,004] {processor.py:637} INFO - DAG(s) dict_keys(['example_xcom']) retrieved from /home/airflow/.local/lib/python3.7/site-packages/airflow/example_dags/example_xcom.py
[2022-01-03 13:45:42,366] {logging_mixin.py:109} INFO - [2022-01-03 13:45:42,366] {dag.py:2396} INFO - Sync 1 DAGs
[2022-01-03 13:45:42,390] {logging_mixin.py:109} INFO - [2022-01-03 13:45:42,390] {dag.py:2928} INFO - Setting next_dagrun for example_xcom to 2021-01-01T00:00:00+00:00
[2022-01-03 13:45:42,401] {processor.py:171} INFO - Processing /home/airflow/.local/lib/python3.7/site-packages/airflow/example_dags/example_xcom.py took 0.438 seconds
[2022-01-03 13:46:12,545] {processor.py:163} INFO - Started process (PID=536) to work on /home/airflow/.local/lib/python3.7/site-packages/airflow/example_dags/example_xcom.py
[2022-01-03 13:46:12,547] {processor.py:625} INFO - Processing file /home/airflow/.local/lib/python3.7/site-packages/airflow/example_dags/example_xcom.py for tasks to queue
[2022-01-03 13:46:12,547] {logging_mixin.py:109} INFO - [2022-01-03 13:46:12,547] {dagbag.py:500} INFO - Filling up the DagBag from /home/airflow/.local/lib/python3.7/site-packages/airflow/example_dags/example_xcom.py
[2022-01-03 13:46:12,583] {processor.py:637} INFO - DAG(s) dict_keys(['example_xcom']) retrieved from /home/airflow/.local/lib/python3.7/site-packages/airflow/example_dags/example_xcom.py
[2022-01-03 13:46:13,027] {logging_mixin.py:109} INFO - [2022-01-03 13:46:13,027] {dag.py:2396} INFO - Sync 1 DAGs
[2022-01-03 13:46:13,044] {logging_mixin.py:109} INFO - [2022-01-03 13:46:13,044] {dag.py:2928} INFO - Setting next_dagrun for example_xcom to 2021-01-01T00:00:00+00:00
[2022-01-03 13:46:13,055] {processor.py:171} INFO - Processing /home/airflow/.local/lib/python3.7/site-packages/airflow/example_dags/example_xcom.py took 0.513 seconds
