[2022-01-03 12:27:51,033] {processor.py:163} INFO - Started process (PID=99) to work on /home/airflow/.local/lib/python3.7/site-packages/airflow/example_dags/example_external_task_marker_dag.py
[2022-01-03 12:27:51,071] {processor.py:625} INFO - Processing file /home/airflow/.local/lib/python3.7/site-packages/airflow/example_dags/example_external_task_marker_dag.py for tasks to queue
[2022-01-03 12:27:51,072] {logging_mixin.py:109} INFO - [2022-01-03 12:27:51,072] {dagbag.py:500} INFO - Filling up the DagBag from /home/airflow/.local/lib/python3.7/site-packages/airflow/example_dags/example_external_task_marker_dag.py
[2022-01-03 12:27:51,292] {processor.py:637} INFO - DAG(s) dict_keys(['example_external_task_marker_parent', 'example_external_task_marker_child']) retrieved from /home/airflow/.local/lib/python3.7/site-packages/airflow/example_dags/example_external_task_marker_dag.py
[2022-01-03 12:27:58,782] {logging_mixin.py:109} INFO - [2022-01-03 12:27:58,782] {providers_manager.py:156} WARNING - Exception when importing 'airflow.providers.google.leveldb.hooks.leveldb.LevelDBHook' from 'apache-airflow-providers-google' package: No module named 'plyvel'
[2022-01-03 12:28:00,699] {logging_mixin.py:109} INFO - [2022-01-03 12:28:00,699] {providers_manager.py:156} WARNING - Exception when importing 'airflow.providers.google.leveldb.hooks.leveldb.LevelDBHook' from 'apache-airflow-providers-google' package: No module named 'plyvel'
[2022-01-03 12:28:00,790] {logging_mixin.py:109} INFO - [2022-01-03 12:28:00,790] {manager.py:496} INFO - Created Permission View: can read on DAG:example_external_task_marker_parent
[2022-01-03 12:28:00,844] {logging_mixin.py:109} INFO - [2022-01-03 12:28:00,844] {manager.py:496} INFO - Created Permission View: can edit on DAG:example_external_task_marker_parent
[2022-01-03 12:28:00,969] {logging_mixin.py:109} INFO - [2022-01-03 12:28:00,969] {manager.py:496} INFO - Created Permission View: can read on DAG:example_external_task_marker_child
[2022-01-03 12:28:01,045] {logging_mixin.py:109} INFO - [2022-01-03 12:28:01,045] {manager.py:496} INFO - Created Permission View: can edit on DAG:example_external_task_marker_child
[2022-01-03 12:28:01,046] {logging_mixin.py:109} INFO - [2022-01-03 12:28:01,045] {dag.py:2396} INFO - Sync 2 DAGs
[2022-01-03 12:28:01,069] {logging_mixin.py:109} INFO - [2022-01-03 12:28:01,069] {dag.py:2415} INFO - Creating ORM DAG for example_external_task_marker_parent
[2022-01-03 12:28:01,070] {logging_mixin.py:109} INFO - [2022-01-03 12:28:01,070] {dag.py:2415} INFO - Creating ORM DAG for example_external_task_marker_child
[2022-01-03 12:28:01,103] {logging_mixin.py:109} INFO - [2022-01-03 12:28:01,103] {dag.py:2928} INFO - Setting next_dagrun for example_external_task_marker_child to None
[2022-01-03 12:28:01,104] {logging_mixin.py:109} INFO - [2022-01-03 12:28:01,104] {dag.py:2928} INFO - Setting next_dagrun for example_external_task_marker_parent to None
[2022-01-03 12:28:01,151] {processor.py:171} INFO - Processing /home/airflow/.local/lib/python3.7/site-packages/airflow/example_dags/example_external_task_marker_dag.py took 10.141 seconds
[2022-01-03 12:28:59,359] {processor.py:163} INFO - Started process (PID=269) to work on /home/airflow/.local/lib/python3.7/site-packages/airflow/example_dags/example_external_task_marker_dag.py
[2022-01-03 12:28:59,361] {processor.py:625} INFO - Processing file /home/airflow/.local/lib/python3.7/site-packages/airflow/example_dags/example_external_task_marker_dag.py for tasks to queue
[2022-01-03 12:28:59,363] {logging_mixin.py:109} INFO - [2022-01-03 12:28:59,362] {dagbag.py:500} INFO - Filling up the DagBag from /home/airflow/.local/lib/python3.7/site-packages/airflow/example_dags/example_external_task_marker_dag.py
[2022-01-03 12:28:59,427] {processor.py:637} INFO - DAG(s) dict_keys(['example_external_task_marker_parent', 'example_external_task_marker_child']) retrieved from /home/airflow/.local/lib/python3.7/site-packages/airflow/example_dags/example_external_task_marker_dag.py
[2022-01-03 12:28:59,453] {logging_mixin.py:109} INFO - [2022-01-03 12:28:59,452] {dag.py:2396} INFO - Sync 2 DAGs
[2022-01-03 12:28:59,499] {logging_mixin.py:109} INFO - [2022-01-03 12:28:59,499] {dag.py:2928} INFO - Setting next_dagrun for example_external_task_marker_child to None
[2022-01-03 12:28:59,500] {logging_mixin.py:109} INFO - [2022-01-03 12:28:59,500] {dag.py:2928} INFO - Setting next_dagrun for example_external_task_marker_parent to None
[2022-01-03 12:28:59,520] {processor.py:171} INFO - Processing /home/airflow/.local/lib/python3.7/site-packages/airflow/example_dags/example_external_task_marker_dag.py took 0.166 seconds
[2022-01-03 12:29:29,733] {processor.py:163} INFO - Started process (PID=319) to work on /home/airflow/.local/lib/python3.7/site-packages/airflow/example_dags/example_external_task_marker_dag.py
[2022-01-03 12:29:29,735] {processor.py:625} INFO - Processing file /home/airflow/.local/lib/python3.7/site-packages/airflow/example_dags/example_external_task_marker_dag.py for tasks to queue
[2022-01-03 12:29:29,735] {logging_mixin.py:109} INFO - [2022-01-03 12:29:29,735] {dagbag.py:500} INFO - Filling up the DagBag from /home/airflow/.local/lib/python3.7/site-packages/airflow/example_dags/example_external_task_marker_dag.py
[2022-01-03 12:29:29,781] {processor.py:637} INFO - DAG(s) dict_keys(['example_external_task_marker_parent', 'example_external_task_marker_child']) retrieved from /home/airflow/.local/lib/python3.7/site-packages/airflow/example_dags/example_external_task_marker_dag.py
[2022-01-03 12:29:29,801] {logging_mixin.py:109} INFO - [2022-01-03 12:29:29,800] {dag.py:2396} INFO - Sync 2 DAGs
[2022-01-03 12:29:29,834] {logging_mixin.py:109} INFO - [2022-01-03 12:29:29,834] {dag.py:2928} INFO - Setting next_dagrun for example_external_task_marker_child to None
[2022-01-03 12:29:29,834] {logging_mixin.py:109} INFO - [2022-01-03 12:29:29,834] {dag.py:2928} INFO - Setting next_dagrun for example_external_task_marker_parent to None
[2022-01-03 12:29:29,850] {processor.py:171} INFO - Processing /home/airflow/.local/lib/python3.7/site-packages/airflow/example_dags/example_external_task_marker_dag.py took 0.120 seconds
[2022-01-03 12:30:00,607] {processor.py:163} INFO - Started process (PID=371) to work on /home/airflow/.local/lib/python3.7/site-packages/airflow/example_dags/example_external_task_marker_dag.py
[2022-01-03 12:30:00,610] {processor.py:625} INFO - Processing file /home/airflow/.local/lib/python3.7/site-packages/airflow/example_dags/example_external_task_marker_dag.py for tasks to queue
[2022-01-03 12:30:00,612] {logging_mixin.py:109} INFO - [2022-01-03 12:30:00,611] {dagbag.py:500} INFO - Filling up the DagBag from /home/airflow/.local/lib/python3.7/site-packages/airflow/example_dags/example_external_task_marker_dag.py
[2022-01-03 12:30:00,667] {processor.py:637} INFO - DAG(s) dict_keys(['example_external_task_marker_parent', 'example_external_task_marker_child']) retrieved from /home/airflow/.local/lib/python3.7/site-packages/airflow/example_dags/example_external_task_marker_dag.py
[2022-01-03 12:30:00,689] {logging_mixin.py:109} INFO - [2022-01-03 12:30:00,689] {dag.py:2396} INFO - Sync 2 DAGs
[2022-01-03 12:30:00,718] {logging_mixin.py:109} INFO - [2022-01-03 12:30:00,718] {dag.py:2928} INFO - Setting next_dagrun for example_external_task_marker_child to None
[2022-01-03 12:30:00,719] {logging_mixin.py:109} INFO - [2022-01-03 12:30:00,719] {dag.py:2928} INFO - Setting next_dagrun for example_external_task_marker_parent to None
[2022-01-03 12:30:00,740] {processor.py:171} INFO - Processing /home/airflow/.local/lib/python3.7/site-packages/airflow/example_dags/example_external_task_marker_dag.py took 0.138 seconds
[2022-01-03 12:30:31,357] {processor.py:163} INFO - Started process (PID=424) to work on /home/airflow/.local/lib/python3.7/site-packages/airflow/example_dags/example_external_task_marker_dag.py
[2022-01-03 12:30:31,358] {processor.py:625} INFO - Processing file /home/airflow/.local/lib/python3.7/site-packages/airflow/example_dags/example_external_task_marker_dag.py for tasks to queue
[2022-01-03 12:30:31,359] {logging_mixin.py:109} INFO - [2022-01-03 12:30:31,359] {dagbag.py:500} INFO - Filling up the DagBag from /home/airflow/.local/lib/python3.7/site-packages/airflow/example_dags/example_external_task_marker_dag.py
[2022-01-03 12:30:31,424] {processor.py:637} INFO - DAG(s) dict_keys(['example_external_task_marker_parent', 'example_external_task_marker_child']) retrieved from /home/airflow/.local/lib/python3.7/site-packages/airflow/example_dags/example_external_task_marker_dag.py
[2022-01-03 12:30:31,446] {logging_mixin.py:109} INFO - [2022-01-03 12:30:31,446] {dag.py:2396} INFO - Sync 2 DAGs
[2022-01-03 12:30:31,477] {logging_mixin.py:109} INFO - [2022-01-03 12:30:31,477] {dag.py:2928} INFO - Setting next_dagrun for example_external_task_marker_child to None
[2022-01-03 12:30:31,478] {logging_mixin.py:109} INFO - [2022-01-03 12:30:31,478] {dag.py:2928} INFO - Setting next_dagrun for example_external_task_marker_parent to None
[2022-01-03 12:30:31,493] {processor.py:171} INFO - Processing /home/airflow/.local/lib/python3.7/site-packages/airflow/example_dags/example_external_task_marker_dag.py took 0.141 seconds
[2022-01-03 12:31:02,455] {processor.py:163} INFO - Started process (PID=475) to work on /home/airflow/.local/lib/python3.7/site-packages/airflow/example_dags/example_external_task_marker_dag.py
[2022-01-03 12:31:02,477] {processor.py:625} INFO - Processing file /home/airflow/.local/lib/python3.7/site-packages/airflow/example_dags/example_external_task_marker_dag.py for tasks to queue
[2022-01-03 12:31:02,477] {logging_mixin.py:109} INFO - [2022-01-03 12:31:02,477] {dagbag.py:500} INFO - Filling up the DagBag from /home/airflow/.local/lib/python3.7/site-packages/airflow/example_dags/example_external_task_marker_dag.py
[2022-01-03 12:31:02,615] {processor.py:637} INFO - DAG(s) dict_keys(['example_external_task_marker_parent', 'example_external_task_marker_child']) retrieved from /home/airflow/.local/lib/python3.7/site-packages/airflow/example_dags/example_external_task_marker_dag.py
[2022-01-03 12:31:02,724] {logging_mixin.py:109} INFO - [2022-01-03 12:31:02,724] {dag.py:2396} INFO - Sync 2 DAGs
[2022-01-03 12:31:02,771] {logging_mixin.py:109} INFO - [2022-01-03 12:31:02,771] {dag.py:2928} INFO - Setting next_dagrun for example_external_task_marker_child to None
[2022-01-03 12:31:02,771] {logging_mixin.py:109} INFO - [2022-01-03 12:31:02,771] {dag.py:2928} INFO - Setting next_dagrun for example_external_task_marker_parent to None
[2022-01-03 12:31:02,833] {processor.py:171} INFO - Processing /home/airflow/.local/lib/python3.7/site-packages/airflow/example_dags/example_external_task_marker_dag.py took 0.399 seconds
[2022-01-03 12:31:33,542] {processor.py:163} INFO - Started process (PID=526) to work on /home/airflow/.local/lib/python3.7/site-packages/airflow/example_dags/example_external_task_marker_dag.py
[2022-01-03 12:31:33,544] {processor.py:625} INFO - Processing file /home/airflow/.local/lib/python3.7/site-packages/airflow/example_dags/example_external_task_marker_dag.py for tasks to queue
[2022-01-03 12:31:33,550] {logging_mixin.py:109} INFO - [2022-01-03 12:31:33,550] {dagbag.py:500} INFO - Filling up the DagBag from /home/airflow/.local/lib/python3.7/site-packages/airflow/example_dags/example_external_task_marker_dag.py
[2022-01-03 12:31:33,643] {processor.py:637} INFO - DAG(s) dict_keys(['example_external_task_marker_parent', 'example_external_task_marker_child']) retrieved from /home/airflow/.local/lib/python3.7/site-packages/airflow/example_dags/example_external_task_marker_dag.py
[2022-01-03 12:31:33,673] {logging_mixin.py:109} INFO - [2022-01-03 12:31:33,673] {dag.py:2396} INFO - Sync 2 DAGs
[2022-01-03 12:31:33,736] {logging_mixin.py:109} INFO - [2022-01-03 12:31:33,735] {dag.py:2928} INFO - Setting next_dagrun for example_external_task_marker_child to None
[2022-01-03 12:31:33,736] {logging_mixin.py:109} INFO - [2022-01-03 12:31:33,736] {dag.py:2928} INFO - Setting next_dagrun for example_external_task_marker_parent to None
[2022-01-03 12:31:33,771] {processor.py:171} INFO - Processing /home/airflow/.local/lib/python3.7/site-packages/airflow/example_dags/example_external_task_marker_dag.py took 0.241 seconds
[2022-01-03 12:32:03,892] {processor.py:163} INFO - Started process (PID=575) to work on /home/airflow/.local/lib/python3.7/site-packages/airflow/example_dags/example_external_task_marker_dag.py
[2022-01-03 12:32:03,899] {processor.py:625} INFO - Processing file /home/airflow/.local/lib/python3.7/site-packages/airflow/example_dags/example_external_task_marker_dag.py for tasks to queue
[2022-01-03 12:32:03,900] {logging_mixin.py:109} INFO - [2022-01-03 12:32:03,900] {dagbag.py:500} INFO - Filling up the DagBag from /home/airflow/.local/lib/python3.7/site-packages/airflow/example_dags/example_external_task_marker_dag.py
[2022-01-03 12:32:04,020] {processor.py:637} INFO - DAG(s) dict_keys(['example_external_task_marker_parent', 'example_external_task_marker_child']) retrieved from /home/airflow/.local/lib/python3.7/site-packages/airflow/example_dags/example_external_task_marker_dag.py
[2022-01-03 12:32:04,057] {logging_mixin.py:109} INFO - [2022-01-03 12:32:04,057] {dag.py:2396} INFO - Sync 2 DAGs
[2022-01-03 12:32:04,096] {logging_mixin.py:109} INFO - [2022-01-03 12:32:04,096] {dag.py:2928} INFO - Setting next_dagrun for example_external_task_marker_child to None
[2022-01-03 12:32:04,097] {logging_mixin.py:109} INFO - [2022-01-03 12:32:04,097] {dag.py:2928} INFO - Setting next_dagrun for example_external_task_marker_parent to None
[2022-01-03 12:32:04,120] {processor.py:171} INFO - Processing /home/airflow/.local/lib/python3.7/site-packages/airflow/example_dags/example_external_task_marker_dag.py took 0.240 seconds
[2022-01-03 13:13:42,807] {processor.py:163} INFO - Started process (PID=54) to work on /home/airflow/.local/lib/python3.7/site-packages/airflow/example_dags/example_external_task_marker_dag.py
[2022-01-03 13:13:42,817] {processor.py:625} INFO - Processing file /home/airflow/.local/lib/python3.7/site-packages/airflow/example_dags/example_external_task_marker_dag.py for tasks to queue
[2022-01-03 13:13:42,818] {logging_mixin.py:109} INFO - [2022-01-03 13:13:42,817] {dagbag.py:500} INFO - Filling up the DagBag from /home/airflow/.local/lib/python3.7/site-packages/airflow/example_dags/example_external_task_marker_dag.py
[2022-01-03 13:13:42,966] {processor.py:637} INFO - DAG(s) dict_keys(['example_external_task_marker_parent', 'example_external_task_marker_child']) retrieved from /home/airflow/.local/lib/python3.7/site-packages/airflow/example_dags/example_external_task_marker_dag.py
[2022-01-03 13:13:43,035] {logging_mixin.py:109} INFO - [2022-01-03 13:13:43,035] {dag.py:2396} INFO - Sync 2 DAGs
[2022-01-03 13:13:43,133] {logging_mixin.py:109} INFO - [2022-01-03 13:13:43,133] {dag.py:2928} INFO - Setting next_dagrun for example_external_task_marker_child to None
[2022-01-03 13:13:43,134] {logging_mixin.py:109} INFO - [2022-01-03 13:13:43,134] {dag.py:2928} INFO - Setting next_dagrun for example_external_task_marker_parent to None
[2022-01-03 13:13:43,165] {processor.py:171} INFO - Processing /home/airflow/.local/lib/python3.7/site-packages/airflow/example_dags/example_external_task_marker_dag.py took 0.363 seconds
[2022-01-03 13:14:13,893] {processor.py:163} INFO - Started process (PID=101) to work on /home/airflow/.local/lib/python3.7/site-packages/airflow/example_dags/example_external_task_marker_dag.py
[2022-01-03 13:14:13,896] {processor.py:625} INFO - Processing file /home/airflow/.local/lib/python3.7/site-packages/airflow/example_dags/example_external_task_marker_dag.py for tasks to queue
[2022-01-03 13:14:13,897] {logging_mixin.py:109} INFO - [2022-01-03 13:14:13,897] {dagbag.py:500} INFO - Filling up the DagBag from /home/airflow/.local/lib/python3.7/site-packages/airflow/example_dags/example_external_task_marker_dag.py
[2022-01-03 13:14:13,929] {processor.py:637} INFO - DAG(s) dict_keys(['example_external_task_marker_parent', 'example_external_task_marker_child']) retrieved from /home/airflow/.local/lib/python3.7/site-packages/airflow/example_dags/example_external_task_marker_dag.py
[2022-01-03 13:14:13,944] {logging_mixin.py:109} INFO - [2022-01-03 13:14:13,944] {dag.py:2396} INFO - Sync 2 DAGs
[2022-01-03 13:14:13,962] {logging_mixin.py:109} INFO - [2022-01-03 13:14:13,962] {dag.py:2928} INFO - Setting next_dagrun for example_external_task_marker_child to None
[2022-01-03 13:14:13,962] {logging_mixin.py:109} INFO - [2022-01-03 13:14:13,962] {dag.py:2928} INFO - Setting next_dagrun for example_external_task_marker_parent to None
[2022-01-03 13:14:13,973] {processor.py:171} INFO - Processing /home/airflow/.local/lib/python3.7/site-packages/airflow/example_dags/example_external_task_marker_dag.py took 0.087 seconds
[2022-01-03 13:14:44,433] {processor.py:163} INFO - Started process (PID=166) to work on /home/airflow/.local/lib/python3.7/site-packages/airflow/example_dags/example_external_task_marker_dag.py
[2022-01-03 13:14:44,440] {processor.py:625} INFO - Processing file /home/airflow/.local/lib/python3.7/site-packages/airflow/example_dags/example_external_task_marker_dag.py for tasks to queue
[2022-01-03 13:14:44,440] {logging_mixin.py:109} INFO - [2022-01-03 13:14:44,440] {dagbag.py:500} INFO - Filling up the DagBag from /home/airflow/.local/lib/python3.7/site-packages/airflow/example_dags/example_external_task_marker_dag.py
[2022-01-03 13:14:44,526] {processor.py:637} INFO - DAG(s) dict_keys(['example_external_task_marker_parent', 'example_external_task_marker_child']) retrieved from /home/airflow/.local/lib/python3.7/site-packages/airflow/example_dags/example_external_task_marker_dag.py
[2022-01-03 13:14:44,570] {logging_mixin.py:109} INFO - [2022-01-03 13:14:44,570] {dag.py:2396} INFO - Sync 2 DAGs
[2022-01-03 13:14:44,632] {logging_mixin.py:109} INFO - [2022-01-03 13:14:44,632] {dag.py:2928} INFO - Setting next_dagrun for example_external_task_marker_child to None
[2022-01-03 13:14:44,633] {logging_mixin.py:109} INFO - [2022-01-03 13:14:44,633] {dag.py:2928} INFO - Setting next_dagrun for example_external_task_marker_parent to None
[2022-01-03 13:14:44,659] {processor.py:171} INFO - Processing /home/airflow/.local/lib/python3.7/site-packages/airflow/example_dags/example_external_task_marker_dag.py took 0.231 seconds
[2022-01-03 13:15:14,723] {processor.py:163} INFO - Started process (PID=218) to work on /home/airflow/.local/lib/python3.7/site-packages/airflow/example_dags/example_external_task_marker_dag.py
[2022-01-03 13:15:14,724] {processor.py:625} INFO - Processing file /home/airflow/.local/lib/python3.7/site-packages/airflow/example_dags/example_external_task_marker_dag.py for tasks to queue
[2022-01-03 13:15:14,725] {logging_mixin.py:109} INFO - [2022-01-03 13:15:14,725] {dagbag.py:500} INFO - Filling up the DagBag from /home/airflow/.local/lib/python3.7/site-packages/airflow/example_dags/example_external_task_marker_dag.py
[2022-01-03 13:15:14,770] {processor.py:637} INFO - DAG(s) dict_keys(['example_external_task_marker_parent', 'example_external_task_marker_child']) retrieved from /home/airflow/.local/lib/python3.7/site-packages/airflow/example_dags/example_external_task_marker_dag.py
[2022-01-03 13:15:14,802] {logging_mixin.py:109} INFO - [2022-01-03 13:15:14,802] {dag.py:2396} INFO - Sync 2 DAGs
[2022-01-03 13:15:14,848] {logging_mixin.py:109} INFO - [2022-01-03 13:15:14,848] {dag.py:2928} INFO - Setting next_dagrun for example_external_task_marker_child to None
[2022-01-03 13:15:14,848] {logging_mixin.py:109} INFO - [2022-01-03 13:15:14,848] {dag.py:2928} INFO - Setting next_dagrun for example_external_task_marker_parent to None
[2022-01-03 13:15:14,860] {processor.py:171} INFO - Processing /home/airflow/.local/lib/python3.7/site-packages/airflow/example_dags/example_external_task_marker_dag.py took 0.142 seconds
[2022-01-03 13:15:45,743] {processor.py:163} INFO - Started process (PID=274) to work on /home/airflow/.local/lib/python3.7/site-packages/airflow/example_dags/example_external_task_marker_dag.py
[2022-01-03 13:15:45,744] {processor.py:625} INFO - Processing file /home/airflow/.local/lib/python3.7/site-packages/airflow/example_dags/example_external_task_marker_dag.py for tasks to queue
[2022-01-03 13:15:45,745] {logging_mixin.py:109} INFO - [2022-01-03 13:15:45,745] {dagbag.py:500} INFO - Filling up the DagBag from /home/airflow/.local/lib/python3.7/site-packages/airflow/example_dags/example_external_task_marker_dag.py
[2022-01-03 13:15:45,790] {processor.py:637} INFO - DAG(s) dict_keys(['example_external_task_marker_parent', 'example_external_task_marker_child']) retrieved from /home/airflow/.local/lib/python3.7/site-packages/airflow/example_dags/example_external_task_marker_dag.py
[2022-01-03 13:15:45,829] {logging_mixin.py:109} INFO - [2022-01-03 13:15:45,829] {dag.py:2396} INFO - Sync 2 DAGs
[2022-01-03 13:15:45,873] {logging_mixin.py:109} INFO - [2022-01-03 13:15:45,873] {dag.py:2928} INFO - Setting next_dagrun for example_external_task_marker_child to None
[2022-01-03 13:15:45,874] {logging_mixin.py:109} INFO - [2022-01-03 13:15:45,874] {dag.py:2928} INFO - Setting next_dagrun for example_external_task_marker_parent to None
[2022-01-03 13:15:45,901] {processor.py:171} INFO - Processing /home/airflow/.local/lib/python3.7/site-packages/airflow/example_dags/example_external_task_marker_dag.py took 0.168 seconds
[2022-01-03 13:16:16,350] {processor.py:163} INFO - Started process (PID=341) to work on /home/airflow/.local/lib/python3.7/site-packages/airflow/example_dags/example_external_task_marker_dag.py
[2022-01-03 13:16:16,352] {processor.py:625} INFO - Processing file /home/airflow/.local/lib/python3.7/site-packages/airflow/example_dags/example_external_task_marker_dag.py for tasks to queue
[2022-01-03 13:16:16,353] {logging_mixin.py:109} INFO - [2022-01-03 13:16:16,352] {dagbag.py:500} INFO - Filling up the DagBag from /home/airflow/.local/lib/python3.7/site-packages/airflow/example_dags/example_external_task_marker_dag.py
[2022-01-03 13:16:16,423] {processor.py:637} INFO - DAG(s) dict_keys(['example_external_task_marker_parent', 'example_external_task_marker_child']) retrieved from /home/airflow/.local/lib/python3.7/site-packages/airflow/example_dags/example_external_task_marker_dag.py
[2022-01-03 13:16:16,444] {logging_mixin.py:109} INFO - [2022-01-03 13:16:16,444] {dag.py:2396} INFO - Sync 2 DAGs
[2022-01-03 13:16:16,473] {logging_mixin.py:109} INFO - [2022-01-03 13:16:16,473] {dag.py:2928} INFO - Setting next_dagrun for example_external_task_marker_child to None
[2022-01-03 13:16:16,473] {logging_mixin.py:109} INFO - [2022-01-03 13:16:16,473] {dag.py:2928} INFO - Setting next_dagrun for example_external_task_marker_parent to None
[2022-01-03 13:16:16,492] {processor.py:171} INFO - Processing /home/airflow/.local/lib/python3.7/site-packages/airflow/example_dags/example_external_task_marker_dag.py took 0.162 seconds
[2022-01-03 13:16:46,603] {processor.py:163} INFO - Started process (PID=391) to work on /home/airflow/.local/lib/python3.7/site-packages/airflow/example_dags/example_external_task_marker_dag.py
[2022-01-03 13:16:46,606] {processor.py:625} INFO - Processing file /home/airflow/.local/lib/python3.7/site-packages/airflow/example_dags/example_external_task_marker_dag.py for tasks to queue
[2022-01-03 13:16:46,607] {logging_mixin.py:109} INFO - [2022-01-03 13:16:46,607] {dagbag.py:500} INFO - Filling up the DagBag from /home/airflow/.local/lib/python3.7/site-packages/airflow/example_dags/example_external_task_marker_dag.py
[2022-01-03 13:16:46,668] {processor.py:637} INFO - DAG(s) dict_keys(['example_external_task_marker_parent', 'example_external_task_marker_child']) retrieved from /home/airflow/.local/lib/python3.7/site-packages/airflow/example_dags/example_external_task_marker_dag.py
[2022-01-03 13:16:46,688] {logging_mixin.py:109} INFO - [2022-01-03 13:16:46,688] {dag.py:2396} INFO - Sync 2 DAGs
[2022-01-03 13:16:46,714] {logging_mixin.py:109} INFO - [2022-01-03 13:16:46,713] {dag.py:2928} INFO - Setting next_dagrun for example_external_task_marker_child to None
[2022-01-03 13:16:46,714] {logging_mixin.py:109} INFO - [2022-01-03 13:16:46,714] {dag.py:2928} INFO - Setting next_dagrun for example_external_task_marker_parent to None
[2022-01-03 13:16:46,733] {processor.py:171} INFO - Processing /home/airflow/.local/lib/python3.7/site-packages/airflow/example_dags/example_external_task_marker_dag.py took 0.138 seconds
[2022-01-03 13:17:16,830] {processor.py:163} INFO - Started process (PID=442) to work on /home/airflow/.local/lib/python3.7/site-packages/airflow/example_dags/example_external_task_marker_dag.py
[2022-01-03 13:17:16,831] {processor.py:625} INFO - Processing file /home/airflow/.local/lib/python3.7/site-packages/airflow/example_dags/example_external_task_marker_dag.py for tasks to queue
[2022-01-03 13:17:16,832] {logging_mixin.py:109} INFO - [2022-01-03 13:17:16,832] {dagbag.py:500} INFO - Filling up the DagBag from /home/airflow/.local/lib/python3.7/site-packages/airflow/example_dags/example_external_task_marker_dag.py
[2022-01-03 13:17:16,862] {processor.py:637} INFO - DAG(s) dict_keys(['example_external_task_marker_parent', 'example_external_task_marker_child']) retrieved from /home/airflow/.local/lib/python3.7/site-packages/airflow/example_dags/example_external_task_marker_dag.py
[2022-01-03 13:17:16,877] {logging_mixin.py:109} INFO - [2022-01-03 13:17:16,877] {dag.py:2396} INFO - Sync 2 DAGs
[2022-01-03 13:17:16,897] {logging_mixin.py:109} INFO - [2022-01-03 13:17:16,897] {dag.py:2928} INFO - Setting next_dagrun for example_external_task_marker_child to None
[2022-01-03 13:17:16,898] {logging_mixin.py:109} INFO - [2022-01-03 13:17:16,898] {dag.py:2928} INFO - Setting next_dagrun for example_external_task_marker_parent to None
[2022-01-03 13:17:16,907] {processor.py:171} INFO - Processing /home/airflow/.local/lib/python3.7/site-packages/airflow/example_dags/example_external_task_marker_dag.py took 0.080 seconds
[2022-01-03 13:17:47,938] {processor.py:163} INFO - Started process (PID=495) to work on /home/airflow/.local/lib/python3.7/site-packages/airflow/example_dags/example_external_task_marker_dag.py
[2022-01-03 13:17:47,939] {processor.py:625} INFO - Processing file /home/airflow/.local/lib/python3.7/site-packages/airflow/example_dags/example_external_task_marker_dag.py for tasks to queue
[2022-01-03 13:17:47,940] {logging_mixin.py:109} INFO - [2022-01-03 13:17:47,940] {dagbag.py:500} INFO - Filling up the DagBag from /home/airflow/.local/lib/python3.7/site-packages/airflow/example_dags/example_external_task_marker_dag.py
[2022-01-03 13:17:47,973] {processor.py:637} INFO - DAG(s) dict_keys(['example_external_task_marker_parent', 'example_external_task_marker_child']) retrieved from /home/airflow/.local/lib/python3.7/site-packages/airflow/example_dags/example_external_task_marker_dag.py
[2022-01-03 13:17:47,990] {logging_mixin.py:109} INFO - [2022-01-03 13:17:47,990] {dag.py:2396} INFO - Sync 2 DAGs
[2022-01-03 13:17:48,012] {logging_mixin.py:109} INFO - [2022-01-03 13:17:48,012] {dag.py:2928} INFO - Setting next_dagrun for example_external_task_marker_child to None
[2022-01-03 13:17:48,013] {logging_mixin.py:109} INFO - [2022-01-03 13:17:48,013] {dag.py:2928} INFO - Setting next_dagrun for example_external_task_marker_parent to None
[2022-01-03 13:17:48,023] {processor.py:171} INFO - Processing /home/airflow/.local/lib/python3.7/site-packages/airflow/example_dags/example_external_task_marker_dag.py took 0.089 seconds
[2022-01-03 13:18:18,306] {processor.py:163} INFO - Started process (PID=546) to work on /home/airflow/.local/lib/python3.7/site-packages/airflow/example_dags/example_external_task_marker_dag.py
[2022-01-03 13:18:18,310] {processor.py:625} INFO - Processing file /home/airflow/.local/lib/python3.7/site-packages/airflow/example_dags/example_external_task_marker_dag.py for tasks to queue
[2022-01-03 13:18:18,311] {logging_mixin.py:109} INFO - [2022-01-03 13:18:18,311] {dagbag.py:500} INFO - Filling up the DagBag from /home/airflow/.local/lib/python3.7/site-packages/airflow/example_dags/example_external_task_marker_dag.py
[2022-01-03 13:18:18,345] {processor.py:637} INFO - DAG(s) dict_keys(['example_external_task_marker_parent', 'example_external_task_marker_child']) retrieved from /home/airflow/.local/lib/python3.7/site-packages/airflow/example_dags/example_external_task_marker_dag.py
[2022-01-03 13:18:18,364] {logging_mixin.py:109} INFO - [2022-01-03 13:18:18,364] {dag.py:2396} INFO - Sync 2 DAGs
[2022-01-03 13:18:18,387] {logging_mixin.py:109} INFO - [2022-01-03 13:18:18,387] {dag.py:2928} INFO - Setting next_dagrun for example_external_task_marker_child to None
[2022-01-03 13:18:18,387] {logging_mixin.py:109} INFO - [2022-01-03 13:18:18,387] {dag.py:2928} INFO - Setting next_dagrun for example_external_task_marker_parent to None
[2022-01-03 13:18:18,400] {processor.py:171} INFO - Processing /home/airflow/.local/lib/python3.7/site-packages/airflow/example_dags/example_external_task_marker_dag.py took 0.106 seconds
[2022-01-03 13:18:48,734] {processor.py:163} INFO - Started process (PID=598) to work on /home/airflow/.local/lib/python3.7/site-packages/airflow/example_dags/example_external_task_marker_dag.py
[2022-01-03 13:18:48,736] {processor.py:625} INFO - Processing file /home/airflow/.local/lib/python3.7/site-packages/airflow/example_dags/example_external_task_marker_dag.py for tasks to queue
[2022-01-03 13:18:48,737] {logging_mixin.py:109} INFO - [2022-01-03 13:18:48,737] {dagbag.py:500} INFO - Filling up the DagBag from /home/airflow/.local/lib/python3.7/site-packages/airflow/example_dags/example_external_task_marker_dag.py
[2022-01-03 13:18:48,773] {processor.py:637} INFO - DAG(s) dict_keys(['example_external_task_marker_parent', 'example_external_task_marker_child']) retrieved from /home/airflow/.local/lib/python3.7/site-packages/airflow/example_dags/example_external_task_marker_dag.py
[2022-01-03 13:18:48,795] {logging_mixin.py:109} INFO - [2022-01-03 13:18:48,795] {dag.py:2396} INFO - Sync 2 DAGs
[2022-01-03 13:18:48,821] {logging_mixin.py:109} INFO - [2022-01-03 13:18:48,821] {dag.py:2928} INFO - Setting next_dagrun for example_external_task_marker_child to None
[2022-01-03 13:18:48,822] {logging_mixin.py:109} INFO - [2022-01-03 13:18:48,821] {dag.py:2928} INFO - Setting next_dagrun for example_external_task_marker_parent to None
[2022-01-03 13:18:48,838] {processor.py:171} INFO - Processing /home/airflow/.local/lib/python3.7/site-packages/airflow/example_dags/example_external_task_marker_dag.py took 0.108 seconds
[2022-01-03 13:19:19,381] {processor.py:163} INFO - Started process (PID=658) to work on /home/airflow/.local/lib/python3.7/site-packages/airflow/example_dags/example_external_task_marker_dag.py
[2022-01-03 13:19:19,385] {processor.py:625} INFO - Processing file /home/airflow/.local/lib/python3.7/site-packages/airflow/example_dags/example_external_task_marker_dag.py for tasks to queue
[2022-01-03 13:19:19,386] {logging_mixin.py:109} INFO - [2022-01-03 13:19:19,386] {dagbag.py:500} INFO - Filling up the DagBag from /home/airflow/.local/lib/python3.7/site-packages/airflow/example_dags/example_external_task_marker_dag.py
[2022-01-03 13:19:19,436] {processor.py:637} INFO - DAG(s) dict_keys(['example_external_task_marker_parent', 'example_external_task_marker_child']) retrieved from /home/airflow/.local/lib/python3.7/site-packages/airflow/example_dags/example_external_task_marker_dag.py
[2022-01-03 13:19:19,457] {logging_mixin.py:109} INFO - [2022-01-03 13:19:19,457] {dag.py:2396} INFO - Sync 2 DAGs
[2022-01-03 13:19:19,480] {logging_mixin.py:109} INFO - [2022-01-03 13:19:19,480] {dag.py:2928} INFO - Setting next_dagrun for example_external_task_marker_child to None
[2022-01-03 13:19:19,481] {logging_mixin.py:109} INFO - [2022-01-03 13:19:19,481] {dag.py:2928} INFO - Setting next_dagrun for example_external_task_marker_parent to None
[2022-01-03 13:19:19,495] {processor.py:171} INFO - Processing /home/airflow/.local/lib/python3.7/site-packages/airflow/example_dags/example_external_task_marker_dag.py took 0.118 seconds
[2022-01-03 13:19:50,037] {processor.py:163} INFO - Started process (PID=708) to work on /home/airflow/.local/lib/python3.7/site-packages/airflow/example_dags/example_external_task_marker_dag.py
[2022-01-03 13:19:50,039] {processor.py:625} INFO - Processing file /home/airflow/.local/lib/python3.7/site-packages/airflow/example_dags/example_external_task_marker_dag.py for tasks to queue
[2022-01-03 13:19:50,040] {logging_mixin.py:109} INFO - [2022-01-03 13:19:50,040] {dagbag.py:500} INFO - Filling up the DagBag from /home/airflow/.local/lib/python3.7/site-packages/airflow/example_dags/example_external_task_marker_dag.py
[2022-01-03 13:19:50,107] {processor.py:637} INFO - DAG(s) dict_keys(['example_external_task_marker_parent', 'example_external_task_marker_child']) retrieved from /home/airflow/.local/lib/python3.7/site-packages/airflow/example_dags/example_external_task_marker_dag.py
[2022-01-03 13:19:50,158] {logging_mixin.py:109} INFO - [2022-01-03 13:19:50,157] {dag.py:2396} INFO - Sync 2 DAGs
[2022-01-03 13:19:50,203] {logging_mixin.py:109} INFO - [2022-01-03 13:19:50,203] {dag.py:2928} INFO - Setting next_dagrun for example_external_task_marker_child to None
[2022-01-03 13:19:50,204] {logging_mixin.py:109} INFO - [2022-01-03 13:19:50,204] {dag.py:2928} INFO - Setting next_dagrun for example_external_task_marker_parent to None
[2022-01-03 13:19:50,248] {processor.py:171} INFO - Processing /home/airflow/.local/lib/python3.7/site-packages/airflow/example_dags/example_external_task_marker_dag.py took 0.215 seconds
[2022-01-03 13:20:20,994] {processor.py:163} INFO - Started process (PID=762) to work on /home/airflow/.local/lib/python3.7/site-packages/airflow/example_dags/example_external_task_marker_dag.py
[2022-01-03 13:20:20,995] {processor.py:625} INFO - Processing file /home/airflow/.local/lib/python3.7/site-packages/airflow/example_dags/example_external_task_marker_dag.py for tasks to queue
[2022-01-03 13:20:20,995] {logging_mixin.py:109} INFO - [2022-01-03 13:20:20,995] {dagbag.py:500} INFO - Filling up the DagBag from /home/airflow/.local/lib/python3.7/site-packages/airflow/example_dags/example_external_task_marker_dag.py
[2022-01-03 13:20:21,029] {processor.py:637} INFO - DAG(s) dict_keys(['example_external_task_marker_parent', 'example_external_task_marker_child']) retrieved from /home/airflow/.local/lib/python3.7/site-packages/airflow/example_dags/example_external_task_marker_dag.py
[2022-01-03 13:20:21,048] {logging_mixin.py:109} INFO - [2022-01-03 13:20:21,048] {dag.py:2396} INFO - Sync 2 DAGs
[2022-01-03 13:20:21,075] {logging_mixin.py:109} INFO - [2022-01-03 13:20:21,075] {dag.py:2928} INFO - Setting next_dagrun for example_external_task_marker_child to None
[2022-01-03 13:20:21,075] {logging_mixin.py:109} INFO - [2022-01-03 13:20:21,075] {dag.py:2928} INFO - Setting next_dagrun for example_external_task_marker_parent to None
[2022-01-03 13:20:21,086] {processor.py:171} INFO - Processing /home/airflow/.local/lib/python3.7/site-packages/airflow/example_dags/example_external_task_marker_dag.py took 0.097 seconds
[2022-01-03 13:20:51,324] {processor.py:163} INFO - Started process (PID=813) to work on /home/airflow/.local/lib/python3.7/site-packages/airflow/example_dags/example_external_task_marker_dag.py
[2022-01-03 13:20:51,326] {processor.py:625} INFO - Processing file /home/airflow/.local/lib/python3.7/site-packages/airflow/example_dags/example_external_task_marker_dag.py for tasks to queue
[2022-01-03 13:20:51,327] {logging_mixin.py:109} INFO - [2022-01-03 13:20:51,327] {dagbag.py:500} INFO - Filling up the DagBag from /home/airflow/.local/lib/python3.7/site-packages/airflow/example_dags/example_external_task_marker_dag.py
[2022-01-03 13:20:51,366] {processor.py:637} INFO - DAG(s) dict_keys(['example_external_task_marker_parent', 'example_external_task_marker_child']) retrieved from /home/airflow/.local/lib/python3.7/site-packages/airflow/example_dags/example_external_task_marker_dag.py
[2022-01-03 13:20:51,385] {logging_mixin.py:109} INFO - [2022-01-03 13:20:51,385] {dag.py:2396} INFO - Sync 2 DAGs
[2022-01-03 13:20:51,412] {logging_mixin.py:109} INFO - [2022-01-03 13:20:51,412] {dag.py:2928} INFO - Setting next_dagrun for example_external_task_marker_child to None
[2022-01-03 13:20:51,413] {logging_mixin.py:109} INFO - [2022-01-03 13:20:51,413] {dag.py:2928} INFO - Setting next_dagrun for example_external_task_marker_parent to None
[2022-01-03 13:20:51,428] {processor.py:171} INFO - Processing /home/airflow/.local/lib/python3.7/site-packages/airflow/example_dags/example_external_task_marker_dag.py took 0.108 seconds
[2022-01-03 13:21:22,293] {processor.py:163} INFO - Started process (PID=863) to work on /home/airflow/.local/lib/python3.7/site-packages/airflow/example_dags/example_external_task_marker_dag.py
[2022-01-03 13:21:22,295] {processor.py:625} INFO - Processing file /home/airflow/.local/lib/python3.7/site-packages/airflow/example_dags/example_external_task_marker_dag.py for tasks to queue
[2022-01-03 13:21:22,296] {logging_mixin.py:109} INFO - [2022-01-03 13:21:22,296] {dagbag.py:500} INFO - Filling up the DagBag from /home/airflow/.local/lib/python3.7/site-packages/airflow/example_dags/example_external_task_marker_dag.py
[2022-01-03 13:21:22,334] {processor.py:637} INFO - DAG(s) dict_keys(['example_external_task_marker_parent', 'example_external_task_marker_child']) retrieved from /home/airflow/.local/lib/python3.7/site-packages/airflow/example_dags/example_external_task_marker_dag.py
[2022-01-03 13:21:22,367] {logging_mixin.py:109} INFO - [2022-01-03 13:21:22,367] {dag.py:2396} INFO - Sync 2 DAGs
[2022-01-03 13:21:22,402] {logging_mixin.py:109} INFO - [2022-01-03 13:21:22,401] {dag.py:2928} INFO - Setting next_dagrun for example_external_task_marker_child to None
[2022-01-03 13:21:22,402] {logging_mixin.py:109} INFO - [2022-01-03 13:21:22,402] {dag.py:2928} INFO - Setting next_dagrun for example_external_task_marker_parent to None
[2022-01-03 13:21:22,419] {processor.py:171} INFO - Processing /home/airflow/.local/lib/python3.7/site-packages/airflow/example_dags/example_external_task_marker_dag.py took 0.134 seconds
[2022-01-03 13:21:53,085] {processor.py:163} INFO - Started process (PID=914) to work on /home/airflow/.local/lib/python3.7/site-packages/airflow/example_dags/example_external_task_marker_dag.py
[2022-01-03 13:21:53,087] {processor.py:625} INFO - Processing file /home/airflow/.local/lib/python3.7/site-packages/airflow/example_dags/example_external_task_marker_dag.py for tasks to queue
[2022-01-03 13:21:53,087] {logging_mixin.py:109} INFO - [2022-01-03 13:21:53,087] {dagbag.py:500} INFO - Filling up the DagBag from /home/airflow/.local/lib/python3.7/site-packages/airflow/example_dags/example_external_task_marker_dag.py
[2022-01-03 13:21:53,135] {processor.py:637} INFO - DAG(s) dict_keys(['example_external_task_marker_parent', 'example_external_task_marker_child']) retrieved from /home/airflow/.local/lib/python3.7/site-packages/airflow/example_dags/example_external_task_marker_dag.py
[2022-01-03 13:21:53,169] {logging_mixin.py:109} INFO - [2022-01-03 13:21:53,168] {dag.py:2396} INFO - Sync 2 DAGs
[2022-01-03 13:21:53,197] {logging_mixin.py:109} INFO - [2022-01-03 13:21:53,196] {dag.py:2928} INFO - Setting next_dagrun for example_external_task_marker_child to None
[2022-01-03 13:21:53,197] {logging_mixin.py:109} INFO - [2022-01-03 13:21:53,197] {dag.py:2928} INFO - Setting next_dagrun for example_external_task_marker_parent to None
[2022-01-03 13:21:53,209] {processor.py:171} INFO - Processing /home/airflow/.local/lib/python3.7/site-packages/airflow/example_dags/example_external_task_marker_dag.py took 0.128 seconds
[2022-01-03 13:22:23,859] {processor.py:163} INFO - Started process (PID=976) to work on /home/airflow/.local/lib/python3.7/site-packages/airflow/example_dags/example_external_task_marker_dag.py
[2022-01-03 13:22:23,860] {processor.py:625} INFO - Processing file /home/airflow/.local/lib/python3.7/site-packages/airflow/example_dags/example_external_task_marker_dag.py for tasks to queue
[2022-01-03 13:22:23,861] {logging_mixin.py:109} INFO - [2022-01-03 13:22:23,861] {dagbag.py:500} INFO - Filling up the DagBag from /home/airflow/.local/lib/python3.7/site-packages/airflow/example_dags/example_external_task_marker_dag.py
[2022-01-03 13:22:23,902] {processor.py:637} INFO - DAG(s) dict_keys(['example_external_task_marker_parent', 'example_external_task_marker_child']) retrieved from /home/airflow/.local/lib/python3.7/site-packages/airflow/example_dags/example_external_task_marker_dag.py
[2022-01-03 13:22:23,922] {logging_mixin.py:109} INFO - [2022-01-03 13:22:23,922] {dag.py:2396} INFO - Sync 2 DAGs
[2022-01-03 13:22:23,948] {logging_mixin.py:109} INFO - [2022-01-03 13:22:23,948] {dag.py:2928} INFO - Setting next_dagrun for example_external_task_marker_child to None
[2022-01-03 13:22:23,949] {logging_mixin.py:109} INFO - [2022-01-03 13:22:23,948] {dag.py:2928} INFO - Setting next_dagrun for example_external_task_marker_parent to None
[2022-01-03 13:22:23,961] {processor.py:171} INFO - Processing /home/airflow/.local/lib/python3.7/site-packages/airflow/example_dags/example_external_task_marker_dag.py took 0.108 seconds
[2022-01-03 13:22:54,848] {processor.py:163} INFO - Started process (PID=1029) to work on /home/airflow/.local/lib/python3.7/site-packages/airflow/example_dags/example_external_task_marker_dag.py
[2022-01-03 13:22:54,849] {processor.py:625} INFO - Processing file /home/airflow/.local/lib/python3.7/site-packages/airflow/example_dags/example_external_task_marker_dag.py for tasks to queue
[2022-01-03 13:22:54,850] {logging_mixin.py:109} INFO - [2022-01-03 13:22:54,850] {dagbag.py:500} INFO - Filling up the DagBag from /home/airflow/.local/lib/python3.7/site-packages/airflow/example_dags/example_external_task_marker_dag.py
[2022-01-03 13:22:54,895] {processor.py:637} INFO - DAG(s) dict_keys(['example_external_task_marker_parent', 'example_external_task_marker_child']) retrieved from /home/airflow/.local/lib/python3.7/site-packages/airflow/example_dags/example_external_task_marker_dag.py
[2022-01-03 13:22:54,912] {logging_mixin.py:109} INFO - [2022-01-03 13:22:54,912] {dag.py:2396} INFO - Sync 2 DAGs
[2022-01-03 13:22:54,936] {logging_mixin.py:109} INFO - [2022-01-03 13:22:54,936] {dag.py:2928} INFO - Setting next_dagrun for example_external_task_marker_child to None
[2022-01-03 13:22:54,936] {logging_mixin.py:109} INFO - [2022-01-03 13:22:54,936] {dag.py:2928} INFO - Setting next_dagrun for example_external_task_marker_parent to None
[2022-01-03 13:22:54,950] {processor.py:171} INFO - Processing /home/airflow/.local/lib/python3.7/site-packages/airflow/example_dags/example_external_task_marker_dag.py took 0.106 seconds
[2022-01-03 13:23:25,002] {processor.py:163} INFO - Started process (PID=1081) to work on /home/airflow/.local/lib/python3.7/site-packages/airflow/example_dags/example_external_task_marker_dag.py
[2022-01-03 13:23:25,003] {processor.py:625} INFO - Processing file /home/airflow/.local/lib/python3.7/site-packages/airflow/example_dags/example_external_task_marker_dag.py for tasks to queue
[2022-01-03 13:23:25,004] {logging_mixin.py:109} INFO - [2022-01-03 13:23:25,004] {dagbag.py:500} INFO - Filling up the DagBag from /home/airflow/.local/lib/python3.7/site-packages/airflow/example_dags/example_external_task_marker_dag.py
[2022-01-03 13:23:25,032] {processor.py:637} INFO - DAG(s) dict_keys(['example_external_task_marker_parent', 'example_external_task_marker_child']) retrieved from /home/airflow/.local/lib/python3.7/site-packages/airflow/example_dags/example_external_task_marker_dag.py
[2022-01-03 13:23:25,047] {logging_mixin.py:109} INFO - [2022-01-03 13:23:25,046] {dag.py:2396} INFO - Sync 2 DAGs
[2022-01-03 13:23:25,065] {logging_mixin.py:109} INFO - [2022-01-03 13:23:25,064] {dag.py:2928} INFO - Setting next_dagrun for example_external_task_marker_child to None
[2022-01-03 13:23:25,065] {logging_mixin.py:109} INFO - [2022-01-03 13:23:25,065] {dag.py:2928} INFO - Setting next_dagrun for example_external_task_marker_parent to None
[2022-01-03 13:23:25,075] {processor.py:171} INFO - Processing /home/airflow/.local/lib/python3.7/site-packages/airflow/example_dags/example_external_task_marker_dag.py took 0.076 seconds
[2022-01-03 13:23:55,306] {processor.py:163} INFO - Started process (PID=1131) to work on /home/airflow/.local/lib/python3.7/site-packages/airflow/example_dags/example_external_task_marker_dag.py
[2022-01-03 13:23:55,316] {processor.py:625} INFO - Processing file /home/airflow/.local/lib/python3.7/site-packages/airflow/example_dags/example_external_task_marker_dag.py for tasks to queue
[2022-01-03 13:23:55,317] {logging_mixin.py:109} INFO - [2022-01-03 13:23:55,317] {dagbag.py:500} INFO - Filling up the DagBag from /home/airflow/.local/lib/python3.7/site-packages/airflow/example_dags/example_external_task_marker_dag.py
[2022-01-03 13:23:55,357] {processor.py:637} INFO - DAG(s) dict_keys(['example_external_task_marker_parent', 'example_external_task_marker_child']) retrieved from /home/airflow/.local/lib/python3.7/site-packages/airflow/example_dags/example_external_task_marker_dag.py
[2022-01-03 13:23:55,376] {logging_mixin.py:109} INFO - [2022-01-03 13:23:55,376] {dag.py:2396} INFO - Sync 2 DAGs
[2022-01-03 13:23:55,402] {logging_mixin.py:109} INFO - [2022-01-03 13:23:55,402] {dag.py:2928} INFO - Setting next_dagrun for example_external_task_marker_child to None
[2022-01-03 13:23:55,403] {logging_mixin.py:109} INFO - [2022-01-03 13:23:55,403] {dag.py:2928} INFO - Setting next_dagrun for example_external_task_marker_parent to None
[2022-01-03 13:23:55,414] {processor.py:171} INFO - Processing /home/airflow/.local/lib/python3.7/site-packages/airflow/example_dags/example_external_task_marker_dag.py took 0.112 seconds
[2022-01-03 13:24:26,027] {processor.py:163} INFO - Started process (PID=1183) to work on /home/airflow/.local/lib/python3.7/site-packages/airflow/example_dags/example_external_task_marker_dag.py
[2022-01-03 13:24:26,028] {processor.py:625} INFO - Processing file /home/airflow/.local/lib/python3.7/site-packages/airflow/example_dags/example_external_task_marker_dag.py for tasks to queue
[2022-01-03 13:24:26,028] {logging_mixin.py:109} INFO - [2022-01-03 13:24:26,028] {dagbag.py:500} INFO - Filling up the DagBag from /home/airflow/.local/lib/python3.7/site-packages/airflow/example_dags/example_external_task_marker_dag.py
[2022-01-03 13:24:26,055] {processor.py:637} INFO - DAG(s) dict_keys(['example_external_task_marker_parent', 'example_external_task_marker_child']) retrieved from /home/airflow/.local/lib/python3.7/site-packages/airflow/example_dags/example_external_task_marker_dag.py
[2022-01-03 13:24:26,071] {logging_mixin.py:109} INFO - [2022-01-03 13:24:26,071] {dag.py:2396} INFO - Sync 2 DAGs
[2022-01-03 13:24:26,088] {logging_mixin.py:109} INFO - [2022-01-03 13:24:26,088] {dag.py:2928} INFO - Setting next_dagrun for example_external_task_marker_child to None
[2022-01-03 13:24:26,088] {logging_mixin.py:109} INFO - [2022-01-03 13:24:26,088] {dag.py:2928} INFO - Setting next_dagrun for example_external_task_marker_parent to None
[2022-01-03 13:24:26,102] {processor.py:171} INFO - Processing /home/airflow/.local/lib/python3.7/site-packages/airflow/example_dags/example_external_task_marker_dag.py took 0.078 seconds
[2022-01-03 13:24:56,542] {processor.py:163} INFO - Started process (PID=1243) to work on /home/airflow/.local/lib/python3.7/site-packages/airflow/example_dags/example_external_task_marker_dag.py
[2022-01-03 13:24:56,543] {processor.py:625} INFO - Processing file /home/airflow/.local/lib/python3.7/site-packages/airflow/example_dags/example_external_task_marker_dag.py for tasks to queue
[2022-01-03 13:24:56,544] {logging_mixin.py:109} INFO - [2022-01-03 13:24:56,544] {dagbag.py:500} INFO - Filling up the DagBag from /home/airflow/.local/lib/python3.7/site-packages/airflow/example_dags/example_external_task_marker_dag.py
[2022-01-03 13:24:56,569] {processor.py:637} INFO - DAG(s) dict_keys(['example_external_task_marker_parent', 'example_external_task_marker_child']) retrieved from /home/airflow/.local/lib/python3.7/site-packages/airflow/example_dags/example_external_task_marker_dag.py
[2022-01-03 13:24:56,584] {logging_mixin.py:109} INFO - [2022-01-03 13:24:56,584] {dag.py:2396} INFO - Sync 2 DAGs
[2022-01-03 13:24:56,604] {logging_mixin.py:109} INFO - [2022-01-03 13:24:56,604] {dag.py:2928} INFO - Setting next_dagrun for example_external_task_marker_child to None
[2022-01-03 13:24:56,604] {logging_mixin.py:109} INFO - [2022-01-03 13:24:56,604] {dag.py:2928} INFO - Setting next_dagrun for example_external_task_marker_parent to None
[2022-01-03 13:24:56,617] {processor.py:171} INFO - Processing /home/airflow/.local/lib/python3.7/site-packages/airflow/example_dags/example_external_task_marker_dag.py took 0.077 seconds
[2022-01-03 13:25:26,669] {processor.py:163} INFO - Started process (PID=1294) to work on /home/airflow/.local/lib/python3.7/site-packages/airflow/example_dags/example_external_task_marker_dag.py
[2022-01-03 13:25:26,670] {processor.py:625} INFO - Processing file /home/airflow/.local/lib/python3.7/site-packages/airflow/example_dags/example_external_task_marker_dag.py for tasks to queue
[2022-01-03 13:25:26,670] {logging_mixin.py:109} INFO - [2022-01-03 13:25:26,670] {dagbag.py:500} INFO - Filling up the DagBag from /home/airflow/.local/lib/python3.7/site-packages/airflow/example_dags/example_external_task_marker_dag.py
[2022-01-03 13:25:26,696] {processor.py:637} INFO - DAG(s) dict_keys(['example_external_task_marker_parent', 'example_external_task_marker_child']) retrieved from /home/airflow/.local/lib/python3.7/site-packages/airflow/example_dags/example_external_task_marker_dag.py
[2022-01-03 13:25:26,710] {logging_mixin.py:109} INFO - [2022-01-03 13:25:26,710] {dag.py:2396} INFO - Sync 2 DAGs
[2022-01-03 13:25:26,729] {logging_mixin.py:109} INFO - [2022-01-03 13:25:26,729] {dag.py:2928} INFO - Setting next_dagrun for example_external_task_marker_child to None
[2022-01-03 13:25:26,730] {logging_mixin.py:109} INFO - [2022-01-03 13:25:26,729] {dag.py:2928} INFO - Setting next_dagrun for example_external_task_marker_parent to None
[2022-01-03 13:25:26,739] {processor.py:171} INFO - Processing /home/airflow/.local/lib/python3.7/site-packages/airflow/example_dags/example_external_task_marker_dag.py took 0.074 seconds
[2022-01-03 13:25:57,088] {processor.py:163} INFO - Started process (PID=1352) to work on /home/airflow/.local/lib/python3.7/site-packages/airflow/example_dags/example_external_task_marker_dag.py
[2022-01-03 13:25:57,089] {processor.py:625} INFO - Processing file /home/airflow/.local/lib/python3.7/site-packages/airflow/example_dags/example_external_task_marker_dag.py for tasks to queue
[2022-01-03 13:25:57,090] {logging_mixin.py:109} INFO - [2022-01-03 13:25:57,090] {dagbag.py:500} INFO - Filling up the DagBag from /home/airflow/.local/lib/python3.7/site-packages/airflow/example_dags/example_external_task_marker_dag.py
[2022-01-03 13:25:57,126] {processor.py:637} INFO - DAG(s) dict_keys(['example_external_task_marker_parent', 'example_external_task_marker_child']) retrieved from /home/airflow/.local/lib/python3.7/site-packages/airflow/example_dags/example_external_task_marker_dag.py
[2022-01-03 13:25:57,148] {logging_mixin.py:109} INFO - [2022-01-03 13:25:57,148] {dag.py:2396} INFO - Sync 2 DAGs
[2022-01-03 13:25:57,168] {logging_mixin.py:109} INFO - [2022-01-03 13:25:57,168] {dag.py:2928} INFO - Setting next_dagrun for example_external_task_marker_child to None
[2022-01-03 13:25:57,169] {logging_mixin.py:109} INFO - [2022-01-03 13:25:57,168] {dag.py:2928} INFO - Setting next_dagrun for example_external_task_marker_parent to None
[2022-01-03 13:25:57,184] {processor.py:171} INFO - Processing /home/airflow/.local/lib/python3.7/site-packages/airflow/example_dags/example_external_task_marker_dag.py took 0.098 seconds
[2022-01-03 13:26:27,911] {processor.py:163} INFO - Started process (PID=1402) to work on /home/airflow/.local/lib/python3.7/site-packages/airflow/example_dags/example_external_task_marker_dag.py
[2022-01-03 13:26:27,912] {processor.py:625} INFO - Processing file /home/airflow/.local/lib/python3.7/site-packages/airflow/example_dags/example_external_task_marker_dag.py for tasks to queue
[2022-01-03 13:26:27,913] {logging_mixin.py:109} INFO - [2022-01-03 13:26:27,912] {dagbag.py:500} INFO - Filling up the DagBag from /home/airflow/.local/lib/python3.7/site-packages/airflow/example_dags/example_external_task_marker_dag.py
[2022-01-03 13:26:27,948] {processor.py:637} INFO - DAG(s) dict_keys(['example_external_task_marker_parent', 'example_external_task_marker_child']) retrieved from /home/airflow/.local/lib/python3.7/site-packages/airflow/example_dags/example_external_task_marker_dag.py
[2022-01-03 13:26:27,966] {logging_mixin.py:109} INFO - [2022-01-03 13:26:27,966] {dag.py:2396} INFO - Sync 2 DAGs
[2022-01-03 13:26:27,990] {logging_mixin.py:109} INFO - [2022-01-03 13:26:27,990] {dag.py:2928} INFO - Setting next_dagrun for example_external_task_marker_child to None
[2022-01-03 13:26:27,991] {logging_mixin.py:109} INFO - [2022-01-03 13:26:27,991] {dag.py:2928} INFO - Setting next_dagrun for example_external_task_marker_parent to None
[2022-01-03 13:26:28,002] {processor.py:171} INFO - Processing /home/airflow/.local/lib/python3.7/site-packages/airflow/example_dags/example_external_task_marker_dag.py took 0.095 seconds
[2022-01-03 13:26:59,018] {processor.py:163} INFO - Started process (PID=1460) to work on /home/airflow/.local/lib/python3.7/site-packages/airflow/example_dags/example_external_task_marker_dag.py
[2022-01-03 13:26:59,023] {processor.py:625} INFO - Processing file /home/airflow/.local/lib/python3.7/site-packages/airflow/example_dags/example_external_task_marker_dag.py for tasks to queue
[2022-01-03 13:26:59,024] {logging_mixin.py:109} INFO - [2022-01-03 13:26:59,024] {dagbag.py:500} INFO - Filling up the DagBag from /home/airflow/.local/lib/python3.7/site-packages/airflow/example_dags/example_external_task_marker_dag.py
[2022-01-03 13:26:59,123] {processor.py:637} INFO - DAG(s) dict_keys(['example_external_task_marker_parent', 'example_external_task_marker_child']) retrieved from /home/airflow/.local/lib/python3.7/site-packages/airflow/example_dags/example_external_task_marker_dag.py
[2022-01-03 13:26:59,151] {logging_mixin.py:109} INFO - [2022-01-03 13:26:59,151] {dag.py:2396} INFO - Sync 2 DAGs
[2022-01-03 13:26:59,191] {logging_mixin.py:109} INFO - [2022-01-03 13:26:59,191] {dag.py:2928} INFO - Setting next_dagrun for example_external_task_marker_child to None
[2022-01-03 13:26:59,191] {logging_mixin.py:109} INFO - [2022-01-03 13:26:59,191] {dag.py:2928} INFO - Setting next_dagrun for example_external_task_marker_parent to None
[2022-01-03 13:26:59,226] {processor.py:171} INFO - Processing /home/airflow/.local/lib/python3.7/site-packages/airflow/example_dags/example_external_task_marker_dag.py took 0.223 seconds
[2022-01-03 13:27:29,832] {processor.py:163} INFO - Started process (PID=1513) to work on /home/airflow/.local/lib/python3.7/site-packages/airflow/example_dags/example_external_task_marker_dag.py
[2022-01-03 13:27:29,838] {processor.py:625} INFO - Processing file /home/airflow/.local/lib/python3.7/site-packages/airflow/example_dags/example_external_task_marker_dag.py for tasks to queue
[2022-01-03 13:27:29,839] {logging_mixin.py:109} INFO - [2022-01-03 13:27:29,839] {dagbag.py:500} INFO - Filling up the DagBag from /home/airflow/.local/lib/python3.7/site-packages/airflow/example_dags/example_external_task_marker_dag.py
[2022-01-03 13:27:29,895] {processor.py:637} INFO - DAG(s) dict_keys(['example_external_task_marker_parent', 'example_external_task_marker_child']) retrieved from /home/airflow/.local/lib/python3.7/site-packages/airflow/example_dags/example_external_task_marker_dag.py
[2022-01-03 13:27:29,917] {logging_mixin.py:109} INFO - [2022-01-03 13:27:29,917] {dag.py:2396} INFO - Sync 2 DAGs
[2022-01-03 13:27:29,942] {logging_mixin.py:109} INFO - [2022-01-03 13:27:29,941] {dag.py:2928} INFO - Setting next_dagrun for example_external_task_marker_child to None
[2022-01-03 13:27:29,942] {logging_mixin.py:109} INFO - [2022-01-03 13:27:29,942] {dag.py:2928} INFO - Setting next_dagrun for example_external_task_marker_parent to None
[2022-01-03 13:27:29,959] {processor.py:171} INFO - Processing /home/airflow/.local/lib/python3.7/site-packages/airflow/example_dags/example_external_task_marker_dag.py took 0.138 seconds
[2022-01-03 13:28:00,990] {processor.py:163} INFO - Started process (PID=1564) to work on /home/airflow/.local/lib/python3.7/site-packages/airflow/example_dags/example_external_task_marker_dag.py
[2022-01-03 13:28:00,993] {processor.py:625} INFO - Processing file /home/airflow/.local/lib/python3.7/site-packages/airflow/example_dags/example_external_task_marker_dag.py for tasks to queue
[2022-01-03 13:28:00,994] {logging_mixin.py:109} INFO - [2022-01-03 13:28:00,994] {dagbag.py:500} INFO - Filling up the DagBag from /home/airflow/.local/lib/python3.7/site-packages/airflow/example_dags/example_external_task_marker_dag.py
[2022-01-03 13:28:01,094] {processor.py:637} INFO - DAG(s) dict_keys(['example_external_task_marker_parent', 'example_external_task_marker_child']) retrieved from /home/airflow/.local/lib/python3.7/site-packages/airflow/example_dags/example_external_task_marker_dag.py
[2022-01-03 13:28:01,195] {logging_mixin.py:109} INFO - [2022-01-03 13:28:01,195] {dag.py:2396} INFO - Sync 2 DAGs
[2022-01-03 13:28:01,231] {logging_mixin.py:109} INFO - [2022-01-03 13:28:01,231] {dag.py:2928} INFO - Setting next_dagrun for example_external_task_marker_child to None
[2022-01-03 13:28:01,232] {logging_mixin.py:109} INFO - [2022-01-03 13:28:01,232] {dag.py:2928} INFO - Setting next_dagrun for example_external_task_marker_parent to None
[2022-01-03 13:28:01,268] {processor.py:171} INFO - Processing /home/airflow/.local/lib/python3.7/site-packages/airflow/example_dags/example_external_task_marker_dag.py took 0.303 seconds
[2022-01-03 13:28:31,468] {processor.py:163} INFO - Started process (PID=1620) to work on /home/airflow/.local/lib/python3.7/site-packages/airflow/example_dags/example_external_task_marker_dag.py
[2022-01-03 13:28:31,469] {processor.py:625} INFO - Processing file /home/airflow/.local/lib/python3.7/site-packages/airflow/example_dags/example_external_task_marker_dag.py for tasks to queue
[2022-01-03 13:28:31,476] {logging_mixin.py:109} INFO - [2022-01-03 13:28:31,475] {dagbag.py:500} INFO - Filling up the DagBag from /home/airflow/.local/lib/python3.7/site-packages/airflow/example_dags/example_external_task_marker_dag.py
[2022-01-03 13:28:31,635] {processor.py:637} INFO - DAG(s) dict_keys(['example_external_task_marker_parent', 'example_external_task_marker_child']) retrieved from /home/airflow/.local/lib/python3.7/site-packages/airflow/example_dags/example_external_task_marker_dag.py
[2022-01-03 13:28:31,694] {logging_mixin.py:109} INFO - [2022-01-03 13:28:31,694] {dag.py:2396} INFO - Sync 2 DAGs
[2022-01-03 13:28:31,794] {logging_mixin.py:109} INFO - [2022-01-03 13:28:31,793] {dag.py:2928} INFO - Setting next_dagrun for example_external_task_marker_child to None
[2022-01-03 13:28:31,806] {logging_mixin.py:109} INFO - [2022-01-03 13:28:31,806] {dag.py:2928} INFO - Setting next_dagrun for example_external_task_marker_parent to None
[2022-01-03 13:28:31,853] {processor.py:171} INFO - Processing /home/airflow/.local/lib/python3.7/site-packages/airflow/example_dags/example_external_task_marker_dag.py took 0.389 seconds
[2022-01-03 13:29:01,997] {processor.py:163} INFO - Started process (PID=1673) to work on /home/airflow/.local/lib/python3.7/site-packages/airflow/example_dags/example_external_task_marker_dag.py
[2022-01-03 13:29:01,999] {processor.py:625} INFO - Processing file /home/airflow/.local/lib/python3.7/site-packages/airflow/example_dags/example_external_task_marker_dag.py for tasks to queue
[2022-01-03 13:29:02,004] {logging_mixin.py:109} INFO - [2022-01-03 13:29:02,004] {dagbag.py:500} INFO - Filling up the DagBag from /home/airflow/.local/lib/python3.7/site-packages/airflow/example_dags/example_external_task_marker_dag.py
[2022-01-03 13:29:02,055] {processor.py:637} INFO - DAG(s) dict_keys(['example_external_task_marker_parent', 'example_external_task_marker_child']) retrieved from /home/airflow/.local/lib/python3.7/site-packages/airflow/example_dags/example_external_task_marker_dag.py
[2022-01-03 13:29:02,076] {logging_mixin.py:109} INFO - [2022-01-03 13:29:02,076] {dag.py:2396} INFO - Sync 2 DAGs
[2022-01-03 13:29:02,107] {logging_mixin.py:109} INFO - [2022-01-03 13:29:02,107] {dag.py:2928} INFO - Setting next_dagrun for example_external_task_marker_child to None
[2022-01-03 13:29:02,108] {logging_mixin.py:109} INFO - [2022-01-03 13:29:02,108] {dag.py:2928} INFO - Setting next_dagrun for example_external_task_marker_parent to None
[2022-01-03 13:29:02,136] {processor.py:171} INFO - Processing /home/airflow/.local/lib/python3.7/site-packages/airflow/example_dags/example_external_task_marker_dag.py took 0.146 seconds
[2022-01-03 13:29:32,729] {processor.py:163} INFO - Started process (PID=1723) to work on /home/airflow/.local/lib/python3.7/site-packages/airflow/example_dags/example_external_task_marker_dag.py
[2022-01-03 13:29:32,730] {processor.py:625} INFO - Processing file /home/airflow/.local/lib/python3.7/site-packages/airflow/example_dags/example_external_task_marker_dag.py for tasks to queue
[2022-01-03 13:29:32,731] {logging_mixin.py:109} INFO - [2022-01-03 13:29:32,731] {dagbag.py:500} INFO - Filling up the DagBag from /home/airflow/.local/lib/python3.7/site-packages/airflow/example_dags/example_external_task_marker_dag.py
[2022-01-03 13:29:32,762] {processor.py:637} INFO - DAG(s) dict_keys(['example_external_task_marker_parent', 'example_external_task_marker_child']) retrieved from /home/airflow/.local/lib/python3.7/site-packages/airflow/example_dags/example_external_task_marker_dag.py
[2022-01-03 13:29:32,777] {logging_mixin.py:109} INFO - [2022-01-03 13:29:32,777] {dag.py:2396} INFO - Sync 2 DAGs
[2022-01-03 13:29:32,799] {logging_mixin.py:109} INFO - [2022-01-03 13:29:32,799] {dag.py:2928} INFO - Setting next_dagrun for example_external_task_marker_child to None
[2022-01-03 13:29:32,800] {logging_mixin.py:109} INFO - [2022-01-03 13:29:32,800] {dag.py:2928} INFO - Setting next_dagrun for example_external_task_marker_parent to None
[2022-01-03 13:29:32,810] {processor.py:171} INFO - Processing /home/airflow/.local/lib/python3.7/site-packages/airflow/example_dags/example_external_task_marker_dag.py took 0.084 seconds
[2022-01-03 13:30:03,734] {processor.py:163} INFO - Started process (PID=1782) to work on /home/airflow/.local/lib/python3.7/site-packages/airflow/example_dags/example_external_task_marker_dag.py
[2022-01-03 13:30:03,735] {processor.py:625} INFO - Processing file /home/airflow/.local/lib/python3.7/site-packages/airflow/example_dags/example_external_task_marker_dag.py for tasks to queue
[2022-01-03 13:30:03,736] {logging_mixin.py:109} INFO - [2022-01-03 13:30:03,736] {dagbag.py:500} INFO - Filling up the DagBag from /home/airflow/.local/lib/python3.7/site-packages/airflow/example_dags/example_external_task_marker_dag.py
[2022-01-03 13:30:03,770] {processor.py:637} INFO - DAG(s) dict_keys(['example_external_task_marker_parent', 'example_external_task_marker_child']) retrieved from /home/airflow/.local/lib/python3.7/site-packages/airflow/example_dags/example_external_task_marker_dag.py
[2022-01-03 13:30:03,787] {logging_mixin.py:109} INFO - [2022-01-03 13:30:03,787] {dag.py:2396} INFO - Sync 2 DAGs
[2022-01-03 13:30:03,807] {logging_mixin.py:109} INFO - [2022-01-03 13:30:03,806] {dag.py:2928} INFO - Setting next_dagrun for example_external_task_marker_child to None
[2022-01-03 13:30:03,808] {logging_mixin.py:109} INFO - [2022-01-03 13:30:03,807] {dag.py:2928} INFO - Setting next_dagrun for example_external_task_marker_parent to None
[2022-01-03 13:30:03,818] {processor.py:171} INFO - Processing /home/airflow/.local/lib/python3.7/site-packages/airflow/example_dags/example_external_task_marker_dag.py took 0.088 seconds
[2022-01-03 13:30:34,785] {processor.py:163} INFO - Started process (PID=1837) to work on /home/airflow/.local/lib/python3.7/site-packages/airflow/example_dags/example_external_task_marker_dag.py
[2022-01-03 13:30:34,786] {processor.py:625} INFO - Processing file /home/airflow/.local/lib/python3.7/site-packages/airflow/example_dags/example_external_task_marker_dag.py for tasks to queue
[2022-01-03 13:30:34,787] {logging_mixin.py:109} INFO - [2022-01-03 13:30:34,787] {dagbag.py:500} INFO - Filling up the DagBag from /home/airflow/.local/lib/python3.7/site-packages/airflow/example_dags/example_external_task_marker_dag.py
[2022-01-03 13:30:34,816] {processor.py:637} INFO - DAG(s) dict_keys(['example_external_task_marker_parent', 'example_external_task_marker_child']) retrieved from /home/airflow/.local/lib/python3.7/site-packages/airflow/example_dags/example_external_task_marker_dag.py
[2022-01-03 13:30:34,832] {logging_mixin.py:109} INFO - [2022-01-03 13:30:34,832] {dag.py:2396} INFO - Sync 2 DAGs
[2022-01-03 13:30:34,852] {logging_mixin.py:109} INFO - [2022-01-03 13:30:34,852] {dag.py:2928} INFO - Setting next_dagrun for example_external_task_marker_child to None
[2022-01-03 13:30:34,852] {logging_mixin.py:109} INFO - [2022-01-03 13:30:34,852] {dag.py:2928} INFO - Setting next_dagrun for example_external_task_marker_parent to None
[2022-01-03 13:30:34,863] {processor.py:171} INFO - Processing /home/airflow/.local/lib/python3.7/site-packages/airflow/example_dags/example_external_task_marker_dag.py took 0.081 seconds
[2022-01-03 13:31:05,474] {processor.py:163} INFO - Started process (PID=1890) to work on /home/airflow/.local/lib/python3.7/site-packages/airflow/example_dags/example_external_task_marker_dag.py
[2022-01-03 13:31:05,477] {processor.py:625} INFO - Processing file /home/airflow/.local/lib/python3.7/site-packages/airflow/example_dags/example_external_task_marker_dag.py for tasks to queue
[2022-01-03 13:31:05,478] {logging_mixin.py:109} INFO - [2022-01-03 13:31:05,478] {dagbag.py:500} INFO - Filling up the DagBag from /home/airflow/.local/lib/python3.7/site-packages/airflow/example_dags/example_external_task_marker_dag.py
[2022-01-03 13:31:05,517] {processor.py:637} INFO - DAG(s) dict_keys(['example_external_task_marker_parent', 'example_external_task_marker_child']) retrieved from /home/airflow/.local/lib/python3.7/site-packages/airflow/example_dags/example_external_task_marker_dag.py
[2022-01-03 13:31:05,533] {logging_mixin.py:109} INFO - [2022-01-03 13:31:05,533] {dag.py:2396} INFO - Sync 2 DAGs
[2022-01-03 13:31:05,552] {logging_mixin.py:109} INFO - [2022-01-03 13:31:05,552] {dag.py:2928} INFO - Setting next_dagrun for example_external_task_marker_child to None
[2022-01-03 13:31:05,553] {logging_mixin.py:109} INFO - [2022-01-03 13:31:05,553] {dag.py:2928} INFO - Setting next_dagrun for example_external_task_marker_parent to None
[2022-01-03 13:31:05,565] {processor.py:171} INFO - Processing /home/airflow/.local/lib/python3.7/site-packages/airflow/example_dags/example_external_task_marker_dag.py took 0.096 seconds
[2022-01-03 13:31:35,695] {processor.py:163} INFO - Started process (PID=1941) to work on /home/airflow/.local/lib/python3.7/site-packages/airflow/example_dags/example_external_task_marker_dag.py
[2022-01-03 13:31:35,697] {processor.py:625} INFO - Processing file /home/airflow/.local/lib/python3.7/site-packages/airflow/example_dags/example_external_task_marker_dag.py for tasks to queue
[2022-01-03 13:31:35,698] {logging_mixin.py:109} INFO - [2022-01-03 13:31:35,698] {dagbag.py:500} INFO - Filling up the DagBag from /home/airflow/.local/lib/python3.7/site-packages/airflow/example_dags/example_external_task_marker_dag.py
[2022-01-03 13:31:35,739] {processor.py:637} INFO - DAG(s) dict_keys(['example_external_task_marker_parent', 'example_external_task_marker_child']) retrieved from /home/airflow/.local/lib/python3.7/site-packages/airflow/example_dags/example_external_task_marker_dag.py
[2022-01-03 13:31:35,760] {logging_mixin.py:109} INFO - [2022-01-03 13:31:35,759] {dag.py:2396} INFO - Sync 2 DAGs
[2022-01-03 13:31:35,786] {logging_mixin.py:109} INFO - [2022-01-03 13:31:35,786] {dag.py:2928} INFO - Setting next_dagrun for example_external_task_marker_child to None
[2022-01-03 13:31:35,788] {logging_mixin.py:109} INFO - [2022-01-03 13:31:35,788] {dag.py:2928} INFO - Setting next_dagrun for example_external_task_marker_parent to None
[2022-01-03 13:31:35,805] {processor.py:171} INFO - Processing /home/airflow/.local/lib/python3.7/site-packages/airflow/example_dags/example_external_task_marker_dag.py took 0.114 seconds
[2022-01-03 13:37:36,672] {processor.py:163} INFO - Started process (PID=79) to work on /home/airflow/.local/lib/python3.7/site-packages/airflow/example_dags/example_external_task_marker_dag.py
[2022-01-03 13:37:36,676] {processor.py:625} INFO - Processing file /home/airflow/.local/lib/python3.7/site-packages/airflow/example_dags/example_external_task_marker_dag.py for tasks to queue
[2022-01-03 13:37:36,682] {logging_mixin.py:109} INFO - [2022-01-03 13:37:36,681] {dagbag.py:500} INFO - Filling up the DagBag from /home/airflow/.local/lib/python3.7/site-packages/airflow/example_dags/example_external_task_marker_dag.py
[2022-01-03 13:37:36,764] {processor.py:637} INFO - DAG(s) dict_keys(['example_external_task_marker_parent', 'example_external_task_marker_child']) retrieved from /home/airflow/.local/lib/python3.7/site-packages/airflow/example_dags/example_external_task_marker_dag.py
[2022-01-03 13:37:43,994] {logging_mixin.py:109} INFO - [2022-01-03 13:37:43,994] {providers_manager.py:156} WARNING - Exception when importing 'airflow.providers.google.leveldb.hooks.leveldb.LevelDBHook' from 'apache-airflow-providers-google' package: No module named 'plyvel'
[2022-01-03 13:37:46,915] {logging_mixin.py:109} INFO - [2022-01-03 13:37:46,914] {providers_manager.py:156} WARNING - Exception when importing 'airflow.providers.google.leveldb.hooks.leveldb.LevelDBHook' from 'apache-airflow-providers-google' package: No module named 'plyvel'
[2022-01-03 13:37:46,988] {logging_mixin.py:109} INFO - [2022-01-03 13:37:46,988] {manager.py:496} INFO - Created Permission View: can edit on DAG:example_external_task_marker_parent
[2022-01-03 13:37:47,012] {logging_mixin.py:109} INFO - [2022-01-03 13:37:47,012] {manager.py:496} INFO - Created Permission View: can read on DAG:example_external_task_marker_parent
[2022-01-03 13:37:47,088] {logging_mixin.py:109} INFO - [2022-01-03 13:37:47,088] {manager.py:496} INFO - Created Permission View: can edit on DAG:example_external_task_marker_child
[2022-01-03 13:37:47,134] {logging_mixin.py:109} INFO - [2022-01-03 13:37:47,134] {manager.py:496} INFO - Created Permission View: can read on DAG:example_external_task_marker_child
[2022-01-03 13:37:47,141] {logging_mixin.py:109} INFO - [2022-01-03 13:37:47,136] {dag.py:2396} INFO - Sync 2 DAGs
[2022-01-03 13:37:47,172] {logging_mixin.py:109} INFO - [2022-01-03 13:37:47,171] {dag.py:2415} INFO - Creating ORM DAG for example_external_task_marker_parent
[2022-01-03 13:37:47,173] {logging_mixin.py:109} INFO - [2022-01-03 13:37:47,173] {dag.py:2415} INFO - Creating ORM DAG for example_external_task_marker_child
[2022-01-03 13:37:47,204] {logging_mixin.py:109} INFO - [2022-01-03 13:37:47,204] {dag.py:2928} INFO - Setting next_dagrun for example_external_task_marker_child to None
[2022-01-03 13:37:47,205] {logging_mixin.py:109} INFO - [2022-01-03 13:37:47,205] {dag.py:2928} INFO - Setting next_dagrun for example_external_task_marker_parent to None
[2022-01-03 13:37:47,263] {processor.py:171} INFO - Processing /home/airflow/.local/lib/python3.7/site-packages/airflow/example_dags/example_external_task_marker_dag.py took 10.596 seconds
[2022-01-03 13:38:34,113] {processor.py:163} INFO - Started process (PID=258) to work on /home/airflow/.local/lib/python3.7/site-packages/airflow/example_dags/example_external_task_marker_dag.py
[2022-01-03 13:38:34,115] {processor.py:625} INFO - Processing file /home/airflow/.local/lib/python3.7/site-packages/airflow/example_dags/example_external_task_marker_dag.py for tasks to queue
[2022-01-03 13:38:34,116] {logging_mixin.py:109} INFO - [2022-01-03 13:38:34,116] {dagbag.py:500} INFO - Filling up the DagBag from /home/airflow/.local/lib/python3.7/site-packages/airflow/example_dags/example_external_task_marker_dag.py
[2022-01-03 13:38:34,161] {processor.py:637} INFO - DAG(s) dict_keys(['example_external_task_marker_parent', 'example_external_task_marker_child']) retrieved from /home/airflow/.local/lib/python3.7/site-packages/airflow/example_dags/example_external_task_marker_dag.py
[2022-01-03 13:38:34,185] {logging_mixin.py:109} INFO - [2022-01-03 13:38:34,184] {dag.py:2396} INFO - Sync 2 DAGs
[2022-01-03 13:38:34,219] {logging_mixin.py:109} INFO - [2022-01-03 13:38:34,219] {dag.py:2928} INFO - Setting next_dagrun for example_external_task_marker_child to None
[2022-01-03 13:38:34,220] {logging_mixin.py:109} INFO - [2022-01-03 13:38:34,220] {dag.py:2928} INFO - Setting next_dagrun for example_external_task_marker_parent to None
[2022-01-03 13:38:34,237] {processor.py:171} INFO - Processing /home/airflow/.local/lib/python3.7/site-packages/airflow/example_dags/example_external_task_marker_dag.py took 0.127 seconds
[2022-01-03 13:39:04,702] {processor.py:163} INFO - Started process (PID=307) to work on /home/airflow/.local/lib/python3.7/site-packages/airflow/example_dags/example_external_task_marker_dag.py
[2022-01-03 13:39:04,703] {processor.py:625} INFO - Processing file /home/airflow/.local/lib/python3.7/site-packages/airflow/example_dags/example_external_task_marker_dag.py for tasks to queue
[2022-01-03 13:39:04,704] {logging_mixin.py:109} INFO - [2022-01-03 13:39:04,704] {dagbag.py:500} INFO - Filling up the DagBag from /home/airflow/.local/lib/python3.7/site-packages/airflow/example_dags/example_external_task_marker_dag.py
[2022-01-03 13:39:04,795] {processor.py:637} INFO - DAG(s) dict_keys(['example_external_task_marker_parent', 'example_external_task_marker_child']) retrieved from /home/airflow/.local/lib/python3.7/site-packages/airflow/example_dags/example_external_task_marker_dag.py
[2022-01-03 13:39:04,845] {logging_mixin.py:109} INFO - [2022-01-03 13:39:04,845] {dag.py:2396} INFO - Sync 2 DAGs
[2022-01-03 13:39:04,899] {logging_mixin.py:109} INFO - [2022-01-03 13:39:04,898] {dag.py:2928} INFO - Setting next_dagrun for example_external_task_marker_child to None
[2022-01-03 13:39:04,899] {logging_mixin.py:109} INFO - [2022-01-03 13:39:04,899] {dag.py:2928} INFO - Setting next_dagrun for example_external_task_marker_parent to None
[2022-01-03 13:39:04,933] {processor.py:171} INFO - Processing /home/airflow/.local/lib/python3.7/site-packages/airflow/example_dags/example_external_task_marker_dag.py took 0.235 seconds
[2022-01-03 13:42:32,473] {processor.py:163} INFO - Started process (PID=80) to work on /home/airflow/.local/lib/python3.7/site-packages/airflow/example_dags/example_external_task_marker_dag.py
[2022-01-03 13:42:32,478] {processor.py:625} INFO - Processing file /home/airflow/.local/lib/python3.7/site-packages/airflow/example_dags/example_external_task_marker_dag.py for tasks to queue
[2022-01-03 13:42:32,478] {logging_mixin.py:109} INFO - [2022-01-03 13:42:32,478] {dagbag.py:500} INFO - Filling up the DagBag from /home/airflow/.local/lib/python3.7/site-packages/airflow/example_dags/example_external_task_marker_dag.py
[2022-01-03 13:42:32,582] {processor.py:637} INFO - DAG(s) dict_keys(['example_external_task_marker_parent', 'example_external_task_marker_child']) retrieved from /home/airflow/.local/lib/python3.7/site-packages/airflow/example_dags/example_external_task_marker_dag.py
[2022-01-03 13:42:38,919] {logging_mixin.py:109} INFO - [2022-01-03 13:42:38,898] {providers_manager.py:156} WARNING - Exception when importing 'airflow.providers.google.leveldb.hooks.leveldb.LevelDBHook' from 'apache-airflow-providers-google' package: No module named 'plyvel'
[2022-01-03 13:42:41,289] {logging_mixin.py:109} INFO - [2022-01-03 13:42:41,289] {providers_manager.py:156} WARNING - Exception when importing 'airflow.providers.google.leveldb.hooks.leveldb.LevelDBHook' from 'apache-airflow-providers-google' package: No module named 'plyvel'
[2022-01-03 13:42:41,412] {logging_mixin.py:109} INFO - [2022-01-03 13:42:41,412] {manager.py:496} INFO - Created Permission View: can read on DAG:example_external_task_marker_parent
[2022-01-03 13:42:41,447] {logging_mixin.py:109} INFO - [2022-01-03 13:42:41,447] {manager.py:496} INFO - Created Permission View: can edit on DAG:example_external_task_marker_parent
[2022-01-03 13:42:41,502] {logging_mixin.py:109} INFO - [2022-01-03 13:42:41,502] {manager.py:496} INFO - Created Permission View: can read on DAG:example_external_task_marker_child
[2022-01-03 13:42:41,524] {logging_mixin.py:109} INFO - [2022-01-03 13:42:41,524] {manager.py:496} INFO - Created Permission View: can edit on DAG:example_external_task_marker_child
[2022-01-03 13:42:41,525] {logging_mixin.py:109} INFO - [2022-01-03 13:42:41,525] {dag.py:2396} INFO - Sync 2 DAGs
[2022-01-03 13:42:41,549] {logging_mixin.py:109} INFO - [2022-01-03 13:42:41,548] {dag.py:2415} INFO - Creating ORM DAG for example_external_task_marker_child
[2022-01-03 13:42:41,550] {logging_mixin.py:109} INFO - [2022-01-03 13:42:41,549] {dag.py:2415} INFO - Creating ORM DAG for example_external_task_marker_parent
[2022-01-03 13:42:41,576] {logging_mixin.py:109} INFO - [2022-01-03 13:42:41,576] {dag.py:2928} INFO - Setting next_dagrun for example_external_task_marker_child to None
[2022-01-03 13:42:41,577] {logging_mixin.py:109} INFO - [2022-01-03 13:42:41,577] {dag.py:2928} INFO - Setting next_dagrun for example_external_task_marker_parent to None
[2022-01-03 13:42:41,632] {processor.py:171} INFO - Processing /home/airflow/.local/lib/python3.7/site-packages/airflow/example_dags/example_external_task_marker_dag.py took 9.171 seconds
[2022-01-03 13:43:27,320] {processor.py:163} INFO - Started process (PID=246) to work on /home/airflow/.local/lib/python3.7/site-packages/airflow/example_dags/example_external_task_marker_dag.py
[2022-01-03 13:43:27,321] {processor.py:625} INFO - Processing file /home/airflow/.local/lib/python3.7/site-packages/airflow/example_dags/example_external_task_marker_dag.py for tasks to queue
[2022-01-03 13:43:27,322] {logging_mixin.py:109} INFO - [2022-01-03 13:43:27,322] {dagbag.py:500} INFO - Filling up the DagBag from /home/airflow/.local/lib/python3.7/site-packages/airflow/example_dags/example_external_task_marker_dag.py
[2022-01-03 13:43:27,356] {processor.py:637} INFO - DAG(s) dict_keys(['example_external_task_marker_parent', 'example_external_task_marker_child']) retrieved from /home/airflow/.local/lib/python3.7/site-packages/airflow/example_dags/example_external_task_marker_dag.py
[2022-01-03 13:43:27,377] {logging_mixin.py:109} INFO - [2022-01-03 13:43:27,377] {dag.py:2396} INFO - Sync 2 DAGs
[2022-01-03 13:43:27,408] {logging_mixin.py:109} INFO - [2022-01-03 13:43:27,408] {dag.py:2928} INFO - Setting next_dagrun for example_external_task_marker_child to None
[2022-01-03 13:43:27,408] {logging_mixin.py:109} INFO - [2022-01-03 13:43:27,408] {dag.py:2928} INFO - Setting next_dagrun for example_external_task_marker_parent to None
[2022-01-03 13:43:27,425] {processor.py:171} INFO - Processing /home/airflow/.local/lib/python3.7/site-packages/airflow/example_dags/example_external_task_marker_dag.py took 0.109 seconds
[2022-01-03 13:43:58,315] {processor.py:163} INFO - Started process (PID=306) to work on /home/airflow/.local/lib/python3.7/site-packages/airflow/example_dags/example_external_task_marker_dag.py
[2022-01-03 13:43:58,316] {processor.py:625} INFO - Processing file /home/airflow/.local/lib/python3.7/site-packages/airflow/example_dags/example_external_task_marker_dag.py for tasks to queue
[2022-01-03 13:43:58,317] {logging_mixin.py:109} INFO - [2022-01-03 13:43:58,317] {dagbag.py:500} INFO - Filling up the DagBag from /home/airflow/.local/lib/python3.7/site-packages/airflow/example_dags/example_external_task_marker_dag.py
[2022-01-03 13:43:58,418] {processor.py:637} INFO - DAG(s) dict_keys(['example_external_task_marker_parent', 'example_external_task_marker_child']) retrieved from /home/airflow/.local/lib/python3.7/site-packages/airflow/example_dags/example_external_task_marker_dag.py
[2022-01-03 13:43:58,454] {logging_mixin.py:109} INFO - [2022-01-03 13:43:58,454] {dag.py:2396} INFO - Sync 2 DAGs
[2022-01-03 13:43:58,483] {logging_mixin.py:109} INFO - [2022-01-03 13:43:58,483] {dag.py:2928} INFO - Setting next_dagrun for example_external_task_marker_child to None
[2022-01-03 13:43:58,483] {logging_mixin.py:109} INFO - [2022-01-03 13:43:58,483] {dag.py:2928} INFO - Setting next_dagrun for example_external_task_marker_parent to None
[2022-01-03 13:43:58,499] {processor.py:171} INFO - Processing /home/airflow/.local/lib/python3.7/site-packages/airflow/example_dags/example_external_task_marker_dag.py took 0.192 seconds
[2022-01-03 13:44:28,962] {processor.py:163} INFO - Started process (PID=356) to work on /home/airflow/.local/lib/python3.7/site-packages/airflow/example_dags/example_external_task_marker_dag.py
[2022-01-03 13:44:28,963] {processor.py:625} INFO - Processing file /home/airflow/.local/lib/python3.7/site-packages/airflow/example_dags/example_external_task_marker_dag.py for tasks to queue
[2022-01-03 13:44:28,965] {logging_mixin.py:109} INFO - [2022-01-03 13:44:28,964] {dagbag.py:500} INFO - Filling up the DagBag from /home/airflow/.local/lib/python3.7/site-packages/airflow/example_dags/example_external_task_marker_dag.py
[2022-01-03 13:44:28,997] {processor.py:637} INFO - DAG(s) dict_keys(['example_external_task_marker_parent', 'example_external_task_marker_child']) retrieved from /home/airflow/.local/lib/python3.7/site-packages/airflow/example_dags/example_external_task_marker_dag.py
[2022-01-03 13:44:29,012] {logging_mixin.py:109} INFO - [2022-01-03 13:44:29,012] {dag.py:2396} INFO - Sync 2 DAGs
[2022-01-03 13:44:29,030] {logging_mixin.py:109} INFO - [2022-01-03 13:44:29,030] {dag.py:2928} INFO - Setting next_dagrun for example_external_task_marker_child to None
[2022-01-03 13:44:29,031] {logging_mixin.py:109} INFO - [2022-01-03 13:44:29,031] {dag.py:2928} INFO - Setting next_dagrun for example_external_task_marker_parent to None
[2022-01-03 13:44:29,040] {processor.py:171} INFO - Processing /home/airflow/.local/lib/python3.7/site-packages/airflow/example_dags/example_external_task_marker_dag.py took 0.083 seconds
[2022-01-03 13:44:59,489] {processor.py:163} INFO - Started process (PID=406) to work on /home/airflow/.local/lib/python3.7/site-packages/airflow/example_dags/example_external_task_marker_dag.py
[2022-01-03 13:44:59,491] {processor.py:625} INFO - Processing file /home/airflow/.local/lib/python3.7/site-packages/airflow/example_dags/example_external_task_marker_dag.py for tasks to queue
[2022-01-03 13:44:59,491] {logging_mixin.py:109} INFO - [2022-01-03 13:44:59,491] {dagbag.py:500} INFO - Filling up the DagBag from /home/airflow/.local/lib/python3.7/site-packages/airflow/example_dags/example_external_task_marker_dag.py
[2022-01-03 13:44:59,519] {processor.py:637} INFO - DAG(s) dict_keys(['example_external_task_marker_parent', 'example_external_task_marker_child']) retrieved from /home/airflow/.local/lib/python3.7/site-packages/airflow/example_dags/example_external_task_marker_dag.py
[2022-01-03 13:44:59,536] {logging_mixin.py:109} INFO - [2022-01-03 13:44:59,536] {dag.py:2396} INFO - Sync 2 DAGs
[2022-01-03 13:44:59,555] {logging_mixin.py:109} INFO - [2022-01-03 13:44:59,555] {dag.py:2928} INFO - Setting next_dagrun for example_external_task_marker_child to None
[2022-01-03 13:44:59,555] {logging_mixin.py:109} INFO - [2022-01-03 13:44:59,555] {dag.py:2928} INFO - Setting next_dagrun for example_external_task_marker_parent to None
[2022-01-03 13:44:59,565] {processor.py:171} INFO - Processing /home/airflow/.local/lib/python3.7/site-packages/airflow/example_dags/example_external_task_marker_dag.py took 0.079 seconds
[2022-01-03 13:45:30,078] {processor.py:163} INFO - Started process (PID=458) to work on /home/airflow/.local/lib/python3.7/site-packages/airflow/example_dags/example_external_task_marker_dag.py
[2022-01-03 13:45:30,079] {processor.py:625} INFO - Processing file /home/airflow/.local/lib/python3.7/site-packages/airflow/example_dags/example_external_task_marker_dag.py for tasks to queue
[2022-01-03 13:45:30,080] {logging_mixin.py:109} INFO - [2022-01-03 13:45:30,080] {dagbag.py:500} INFO - Filling up the DagBag from /home/airflow/.local/lib/python3.7/site-packages/airflow/example_dags/example_external_task_marker_dag.py
[2022-01-03 13:45:30,121] {processor.py:637} INFO - DAG(s) dict_keys(['example_external_task_marker_parent', 'example_external_task_marker_child']) retrieved from /home/airflow/.local/lib/python3.7/site-packages/airflow/example_dags/example_external_task_marker_dag.py
[2022-01-03 13:45:30,143] {logging_mixin.py:109} INFO - [2022-01-03 13:45:30,143] {dag.py:2396} INFO - Sync 2 DAGs
[2022-01-03 13:45:30,167] {logging_mixin.py:109} INFO - [2022-01-03 13:45:30,167] {dag.py:2928} INFO - Setting next_dagrun for example_external_task_marker_child to None
[2022-01-03 13:45:30,168] {logging_mixin.py:109} INFO - [2022-01-03 13:45:30,168] {dag.py:2928} INFO - Setting next_dagrun for example_external_task_marker_parent to None
[2022-01-03 13:45:30,180] {processor.py:171} INFO - Processing /home/airflow/.local/lib/python3.7/site-packages/airflow/example_dags/example_external_task_marker_dag.py took 0.106 seconds
[2022-01-03 13:46:00,497] {processor.py:163} INFO - Started process (PID=521) to work on /home/airflow/.local/lib/python3.7/site-packages/airflow/example_dags/example_external_task_marker_dag.py
[2022-01-03 13:46:00,498] {processor.py:625} INFO - Processing file /home/airflow/.local/lib/python3.7/site-packages/airflow/example_dags/example_external_task_marker_dag.py for tasks to queue
[2022-01-03 13:46:00,501] {logging_mixin.py:109} INFO - [2022-01-03 13:46:00,500] {dagbag.py:500} INFO - Filling up the DagBag from /home/airflow/.local/lib/python3.7/site-packages/airflow/example_dags/example_external_task_marker_dag.py
[2022-01-03 13:46:00,782] {processor.py:637} INFO - DAG(s) dict_keys(['example_external_task_marker_parent', 'example_external_task_marker_child']) retrieved from /home/airflow/.local/lib/python3.7/site-packages/airflow/example_dags/example_external_task_marker_dag.py
[2022-01-03 13:46:00,846] {logging_mixin.py:109} INFO - [2022-01-03 13:46:00,845] {dag.py:2396} INFO - Sync 2 DAGs
[2022-01-03 13:46:00,881] {logging_mixin.py:109} INFO - [2022-01-03 13:46:00,881] {dag.py:2928} INFO - Setting next_dagrun for example_external_task_marker_child to None
[2022-01-03 13:46:00,882] {logging_mixin.py:109} INFO - [2022-01-03 13:46:00,882] {dag.py:2928} INFO - Setting next_dagrun for example_external_task_marker_parent to None
[2022-01-03 13:46:00,907] {processor.py:171} INFO - Processing /home/airflow/.local/lib/python3.7/site-packages/airflow/example_dags/example_external_task_marker_dag.py took 0.428 seconds
[2022-01-03 13:46:30,974] {processor.py:163} INFO - Started process (PID=572) to work on /home/airflow/.local/lib/python3.7/site-packages/airflow/example_dags/example_external_task_marker_dag.py
[2022-01-03 13:46:30,981] {processor.py:625} INFO - Processing file /home/airflow/.local/lib/python3.7/site-packages/airflow/example_dags/example_external_task_marker_dag.py for tasks to queue
[2022-01-03 13:46:30,984] {logging_mixin.py:109} INFO - [2022-01-03 13:46:30,983] {dagbag.py:500} INFO - Filling up the DagBag from /home/airflow/.local/lib/python3.7/site-packages/airflow/example_dags/example_external_task_marker_dag.py
[2022-01-03 13:46:31,049] {processor.py:637} INFO - DAG(s) dict_keys(['example_external_task_marker_parent', 'example_external_task_marker_child']) retrieved from /home/airflow/.local/lib/python3.7/site-packages/airflow/example_dags/example_external_task_marker_dag.py
[2022-01-03 13:46:31,072] {logging_mixin.py:109} INFO - [2022-01-03 13:46:31,071] {dag.py:2396} INFO - Sync 2 DAGs
[2022-01-03 13:46:31,100] {logging_mixin.py:109} INFO - [2022-01-03 13:46:31,099] {dag.py:2928} INFO - Setting next_dagrun for example_external_task_marker_child to None
[2022-01-03 13:46:31,100] {logging_mixin.py:109} INFO - [2022-01-03 13:46:31,100] {dag.py:2928} INFO - Setting next_dagrun for example_external_task_marker_parent to None
[2022-01-03 13:46:31,116] {processor.py:171} INFO - Processing /home/airflow/.local/lib/python3.7/site-packages/airflow/example_dags/example_external_task_marker_dag.py took 0.146 seconds
