[2022-01-03 12:28:12,829] {processor.py:163} INFO - Started process (PID=145) to work on /home/airflow/.local/lib/python3.7/site-packages/airflow/example_dags/example_branch_python_dop_operator_3.py
[2022-01-03 12:28:12,833] {processor.py:625} INFO - Processing file /home/airflow/.local/lib/python3.7/site-packages/airflow/example_dags/example_branch_python_dop_operator_3.py for tasks to queue
[2022-01-03 12:28:12,833] {logging_mixin.py:109} INFO - [2022-01-03 12:28:12,833] {dagbag.py:500} INFO - Filling up the DagBag from /home/airflow/.local/lib/python3.7/site-packages/airflow/example_dags/example_branch_python_dop_operator_3.py
[2022-01-03 12:28:13,014] {processor.py:637} INFO - DAG(s) dict_keys(['example_branch_dop_operator_v3']) retrieved from /home/airflow/.local/lib/python3.7/site-packages/airflow/example_dags/example_branch_python_dop_operator_3.py
[2022-01-03 12:28:17,991] {logging_mixin.py:109} INFO - [2022-01-03 12:28:17,991] {providers_manager.py:156} WARNING - Exception when importing 'airflow.providers.google.leveldb.hooks.leveldb.LevelDBHook' from 'apache-airflow-providers-google' package: No module named 'plyvel'
[2022-01-03 12:28:18,993] {logging_mixin.py:109} INFO - [2022-01-03 12:28:18,993] {providers_manager.py:156} WARNING - Exception when importing 'airflow.providers.google.leveldb.hooks.leveldb.LevelDBHook' from 'apache-airflow-providers-google' package: No module named 'plyvel'
[2022-01-03 12:28:19,038] {logging_mixin.py:109} INFO - [2022-01-03 12:28:19,038] {manager.py:496} INFO - Created Permission View: can read on DAG:example_branch_dop_operator_v3
[2022-01-03 12:28:19,060] {logging_mixin.py:109} INFO - [2022-01-03 12:28:19,060] {manager.py:496} INFO - Created Permission View: can edit on DAG:example_branch_dop_operator_v3
[2022-01-03 12:28:19,061] {logging_mixin.py:109} INFO - [2022-01-03 12:28:19,060] {dag.py:2396} INFO - Sync 1 DAGs
[2022-01-03 12:28:19,079] {logging_mixin.py:109} INFO - [2022-01-03 12:28:19,079] {dag.py:2415} INFO - Creating ORM DAG for example_branch_dop_operator_v3
[2022-01-03 12:28:19,113] {logging_mixin.py:109} INFO - [2022-01-03 12:28:19,113] {dag.py:2928} INFO - Setting next_dagrun for example_branch_dop_operator_v3 to 2022-01-03T12:27:00+00:00
[2022-01-03 12:28:19,145] {processor.py:171} INFO - Processing /home/airflow/.local/lib/python3.7/site-packages/airflow/example_dags/example_branch_python_dop_operator_3.py took 6.323 seconds
[2022-01-03 12:29:00,662] {processor.py:163} INFO - Started process (PID=276) to work on /home/airflow/.local/lib/python3.7/site-packages/airflow/example_dags/example_branch_python_dop_operator_3.py
[2022-01-03 12:29:00,663] {processor.py:625} INFO - Processing file /home/airflow/.local/lib/python3.7/site-packages/airflow/example_dags/example_branch_python_dop_operator_3.py for tasks to queue
[2022-01-03 12:29:00,664] {logging_mixin.py:109} INFO - [2022-01-03 12:29:00,664] {dagbag.py:500} INFO - Filling up the DagBag from /home/airflow/.local/lib/python3.7/site-packages/airflow/example_dags/example_branch_python_dop_operator_3.py
[2022-01-03 12:29:00,704] {processor.py:637} INFO - DAG(s) dict_keys(['example_branch_dop_operator_v3']) retrieved from /home/airflow/.local/lib/python3.7/site-packages/airflow/example_dags/example_branch_python_dop_operator_3.py
[2022-01-03 12:29:00,719] {logging_mixin.py:109} INFO - [2022-01-03 12:29:00,718] {dag.py:2396} INFO - Sync 1 DAGs
[2022-01-03 12:29:00,753] {logging_mixin.py:109} INFO - [2022-01-03 12:29:00,753] {dag.py:2928} INFO - Setting next_dagrun for example_branch_dop_operator_v3 to 2022-01-03T12:28:00+00:00
[2022-01-03 12:29:00,765] {processor.py:171} INFO - Processing /home/airflow/.local/lib/python3.7/site-packages/airflow/example_dags/example_branch_python_dop_operator_3.py took 0.107 seconds
[2022-01-03 12:29:31,184] {processor.py:163} INFO - Started process (PID=325) to work on /home/airflow/.local/lib/python3.7/site-packages/airflow/example_dags/example_branch_python_dop_operator_3.py
[2022-01-03 12:29:31,186] {processor.py:625} INFO - Processing file /home/airflow/.local/lib/python3.7/site-packages/airflow/example_dags/example_branch_python_dop_operator_3.py for tasks to queue
[2022-01-03 12:29:31,186] {logging_mixin.py:109} INFO - [2022-01-03 12:29:31,186] {dagbag.py:500} INFO - Filling up the DagBag from /home/airflow/.local/lib/python3.7/site-packages/airflow/example_dags/example_branch_python_dop_operator_3.py
[2022-01-03 12:29:31,231] {processor.py:637} INFO - DAG(s) dict_keys(['example_branch_dop_operator_v3']) retrieved from /home/airflow/.local/lib/python3.7/site-packages/airflow/example_dags/example_branch_python_dop_operator_3.py
[2022-01-03 12:29:31,247] {logging_mixin.py:109} INFO - [2022-01-03 12:29:31,246] {dag.py:2396} INFO - Sync 1 DAGs
[2022-01-03 12:29:31,282] {logging_mixin.py:109} INFO - [2022-01-03 12:29:31,282] {dag.py:2928} INFO - Setting next_dagrun for example_branch_dop_operator_v3 to 2022-01-03T12:28:00+00:00
[2022-01-03 12:29:31,293] {processor.py:171} INFO - Processing /home/airflow/.local/lib/python3.7/site-packages/airflow/example_dags/example_branch_python_dop_operator_3.py took 0.112 seconds
[2022-01-03 12:30:02,033] {processor.py:163} INFO - Started process (PID=377) to work on /home/airflow/.local/lib/python3.7/site-packages/airflow/example_dags/example_branch_python_dop_operator_3.py
[2022-01-03 12:30:02,034] {processor.py:625} INFO - Processing file /home/airflow/.local/lib/python3.7/site-packages/airflow/example_dags/example_branch_python_dop_operator_3.py for tasks to queue
[2022-01-03 12:30:02,035] {logging_mixin.py:109} INFO - [2022-01-03 12:30:02,035] {dagbag.py:500} INFO - Filling up the DagBag from /home/airflow/.local/lib/python3.7/site-packages/airflow/example_dags/example_branch_python_dop_operator_3.py
[2022-01-03 12:30:02,072] {processor.py:637} INFO - DAG(s) dict_keys(['example_branch_dop_operator_v3']) retrieved from /home/airflow/.local/lib/python3.7/site-packages/airflow/example_dags/example_branch_python_dop_operator_3.py
[2022-01-03 12:30:02,090] {logging_mixin.py:109} INFO - [2022-01-03 12:30:02,090] {dag.py:2396} INFO - Sync 1 DAGs
[2022-01-03 12:30:02,122] {logging_mixin.py:109} INFO - [2022-01-03 12:30:02,122] {dag.py:2928} INFO - Setting next_dagrun for example_branch_dop_operator_v3 to 2022-01-03T12:29:00+00:00
[2022-01-03 12:30:02,138] {processor.py:171} INFO - Processing /home/airflow/.local/lib/python3.7/site-packages/airflow/example_dags/example_branch_python_dop_operator_3.py took 0.115 seconds
[2022-01-03 12:30:32,808] {processor.py:163} INFO - Started process (PID=430) to work on /home/airflow/.local/lib/python3.7/site-packages/airflow/example_dags/example_branch_python_dop_operator_3.py
[2022-01-03 12:30:32,811] {processor.py:625} INFO - Processing file /home/airflow/.local/lib/python3.7/site-packages/airflow/example_dags/example_branch_python_dop_operator_3.py for tasks to queue
[2022-01-03 12:30:32,812] {logging_mixin.py:109} INFO - [2022-01-03 12:30:32,812] {dagbag.py:500} INFO - Filling up the DagBag from /home/airflow/.local/lib/python3.7/site-packages/airflow/example_dags/example_branch_python_dop_operator_3.py
[2022-01-03 12:30:32,897] {processor.py:637} INFO - DAG(s) dict_keys(['example_branch_dop_operator_v3']) retrieved from /home/airflow/.local/lib/python3.7/site-packages/airflow/example_dags/example_branch_python_dop_operator_3.py
[2022-01-03 12:30:32,923] {logging_mixin.py:109} INFO - [2022-01-03 12:30:32,922] {dag.py:2396} INFO - Sync 1 DAGs
[2022-01-03 12:30:32,960] {logging_mixin.py:109} INFO - [2022-01-03 12:30:32,960] {dag.py:2928} INFO - Setting next_dagrun for example_branch_dop_operator_v3 to 2022-01-03T12:29:00+00:00
[2022-01-03 12:30:32,974] {processor.py:171} INFO - Processing /home/airflow/.local/lib/python3.7/site-packages/airflow/example_dags/example_branch_python_dop_operator_3.py took 0.175 seconds
[2022-01-03 12:31:04,381] {processor.py:163} INFO - Started process (PID=482) to work on /home/airflow/.local/lib/python3.7/site-packages/airflow/example_dags/example_branch_python_dop_operator_3.py
[2022-01-03 12:31:04,391] {processor.py:625} INFO - Processing file /home/airflow/.local/lib/python3.7/site-packages/airflow/example_dags/example_branch_python_dop_operator_3.py for tasks to queue
[2022-01-03 12:31:04,392] {logging_mixin.py:109} INFO - [2022-01-03 12:31:04,392] {dagbag.py:500} INFO - Filling up the DagBag from /home/airflow/.local/lib/python3.7/site-packages/airflow/example_dags/example_branch_python_dop_operator_3.py
[2022-01-03 12:31:04,584] {processor.py:637} INFO - DAG(s) dict_keys(['example_branch_dop_operator_v3']) retrieved from /home/airflow/.local/lib/python3.7/site-packages/airflow/example_dags/example_branch_python_dop_operator_3.py
[2022-01-03 12:31:04,722] {logging_mixin.py:109} INFO - [2022-01-03 12:31:04,722] {dag.py:2396} INFO - Sync 1 DAGs
[2022-01-03 12:31:04,916] {logging_mixin.py:109} INFO - [2022-01-03 12:31:04,916] {dag.py:2928} INFO - Setting next_dagrun for example_branch_dop_operator_v3 to 2022-01-03T12:30:00+00:00
[2022-01-03 12:31:05,011] {processor.py:171} INFO - Processing /home/airflow/.local/lib/python3.7/site-packages/airflow/example_dags/example_branch_python_dop_operator_3.py took 0.650 seconds
[2022-01-03 12:31:35,656] {processor.py:163} INFO - Started process (PID=534) to work on /home/airflow/.local/lib/python3.7/site-packages/airflow/example_dags/example_branch_python_dop_operator_3.py
[2022-01-03 12:31:35,657] {processor.py:625} INFO - Processing file /home/airflow/.local/lib/python3.7/site-packages/airflow/example_dags/example_branch_python_dop_operator_3.py for tasks to queue
[2022-01-03 12:31:35,662] {logging_mixin.py:109} INFO - [2022-01-03 12:31:35,658] {dagbag.py:500} INFO - Filling up the DagBag from /home/airflow/.local/lib/python3.7/site-packages/airflow/example_dags/example_branch_python_dop_operator_3.py
[2022-01-03 12:31:35,789] {processor.py:637} INFO - DAG(s) dict_keys(['example_branch_dop_operator_v3']) retrieved from /home/airflow/.local/lib/python3.7/site-packages/airflow/example_dags/example_branch_python_dop_operator_3.py
[2022-01-03 12:31:35,860] {logging_mixin.py:109} INFO - [2022-01-03 12:31:35,860] {dag.py:2396} INFO - Sync 1 DAGs
[2022-01-03 12:31:36,042] {logging_mixin.py:109} INFO - [2022-01-03 12:31:36,042] {dag.py:2928} INFO - Setting next_dagrun for example_branch_dop_operator_v3 to 2022-01-03T12:30:00+00:00
[2022-01-03 12:31:36,110] {processor.py:171} INFO - Processing /home/airflow/.local/lib/python3.7/site-packages/airflow/example_dags/example_branch_python_dop_operator_3.py took 0.474 seconds
[2022-01-03 12:32:06,495] {processor.py:163} INFO - Started process (PID=581) to work on /home/airflow/.local/lib/python3.7/site-packages/airflow/example_dags/example_branch_python_dop_operator_3.py
[2022-01-03 12:32:06,503] {processor.py:625} INFO - Processing file /home/airflow/.local/lib/python3.7/site-packages/airflow/example_dags/example_branch_python_dop_operator_3.py for tasks to queue
[2022-01-03 12:32:06,504] {logging_mixin.py:109} INFO - [2022-01-03 12:32:06,504] {dagbag.py:500} INFO - Filling up the DagBag from /home/airflow/.local/lib/python3.7/site-packages/airflow/example_dags/example_branch_python_dop_operator_3.py
[2022-01-03 12:32:06,564] {processor.py:637} INFO - DAG(s) dict_keys(['example_branch_dop_operator_v3']) retrieved from /home/airflow/.local/lib/python3.7/site-packages/airflow/example_dags/example_branch_python_dop_operator_3.py
[2022-01-03 12:32:06,579] {logging_mixin.py:109} INFO - [2022-01-03 12:32:06,579] {dag.py:2396} INFO - Sync 1 DAGs
[2022-01-03 12:32:06,617] {logging_mixin.py:109} INFO - [2022-01-03 12:32:06,617] {dag.py:2928} INFO - Setting next_dagrun for example_branch_dop_operator_v3 to 2022-01-03T12:31:00+00:00
[2022-01-03 12:32:06,632] {processor.py:171} INFO - Processing /home/airflow/.local/lib/python3.7/site-packages/airflow/example_dags/example_branch_python_dop_operator_3.py took 0.145 seconds
[2022-01-03 13:13:44,731] {processor.py:163} INFO - Started process (PID=61) to work on /home/airflow/.local/lib/python3.7/site-packages/airflow/example_dags/example_branch_python_dop_operator_3.py
[2022-01-03 13:13:44,740] {processor.py:625} INFO - Processing file /home/airflow/.local/lib/python3.7/site-packages/airflow/example_dags/example_branch_python_dop_operator_3.py for tasks to queue
[2022-01-03 13:13:44,741] {logging_mixin.py:109} INFO - [2022-01-03 13:13:44,741] {dagbag.py:500} INFO - Filling up the DagBag from /home/airflow/.local/lib/python3.7/site-packages/airflow/example_dags/example_branch_python_dop_operator_3.py
[2022-01-03 13:13:44,930] {processor.py:637} INFO - DAG(s) dict_keys(['example_branch_dop_operator_v3']) retrieved from /home/airflow/.local/lib/python3.7/site-packages/airflow/example_dags/example_branch_python_dop_operator_3.py
[2022-01-03 13:13:45,019] {logging_mixin.py:109} INFO - [2022-01-03 13:13:45,019] {dag.py:2396} INFO - Sync 1 DAGs
[2022-01-03 13:13:45,249] {logging_mixin.py:109} INFO - [2022-01-03 13:13:45,249] {dag.py:2928} INFO - Setting next_dagrun for example_branch_dop_operator_v3 to 2022-01-03T13:12:00+00:00
[2022-01-03 13:13:45,300] {processor.py:171} INFO - Processing /home/airflow/.local/lib/python3.7/site-packages/airflow/example_dags/example_branch_python_dop_operator_3.py took 0.596 seconds
[2022-01-03 13:14:16,172] {processor.py:163} INFO - Started process (PID=118) to work on /home/airflow/.local/lib/python3.7/site-packages/airflow/example_dags/example_branch_python_dop_operator_3.py
[2022-01-03 13:14:16,174] {processor.py:625} INFO - Processing file /home/airflow/.local/lib/python3.7/site-packages/airflow/example_dags/example_branch_python_dop_operator_3.py for tasks to queue
[2022-01-03 13:14:16,175] {logging_mixin.py:109} INFO - [2022-01-03 13:14:16,175] {dagbag.py:500} INFO - Filling up the DagBag from /home/airflow/.local/lib/python3.7/site-packages/airflow/example_dags/example_branch_python_dop_operator_3.py
[2022-01-03 13:14:16,213] {processor.py:637} INFO - DAG(s) dict_keys(['example_branch_dop_operator_v3']) retrieved from /home/airflow/.local/lib/python3.7/site-packages/airflow/example_dags/example_branch_python_dop_operator_3.py
[2022-01-03 13:14:16,227] {logging_mixin.py:109} INFO - [2022-01-03 13:14:16,226] {dag.py:2396} INFO - Sync 1 DAGs
[2022-01-03 13:14:16,266] {logging_mixin.py:109} INFO - [2022-01-03 13:14:16,266] {dag.py:2928} INFO - Setting next_dagrun for example_branch_dop_operator_v3 to 2022-01-03T13:13:00+00:00
[2022-01-03 13:14:16,279] {processor.py:171} INFO - Processing /home/airflow/.local/lib/python3.7/site-packages/airflow/example_dags/example_branch_python_dop_operator_3.py took 0.110 seconds
[2022-01-03 13:14:47,215] {processor.py:163} INFO - Started process (PID=172) to work on /home/airflow/.local/lib/python3.7/site-packages/airflow/example_dags/example_branch_python_dop_operator_3.py
[2022-01-03 13:14:47,217] {processor.py:625} INFO - Processing file /home/airflow/.local/lib/python3.7/site-packages/airflow/example_dags/example_branch_python_dop_operator_3.py for tasks to queue
[2022-01-03 13:14:47,218] {logging_mixin.py:109} INFO - [2022-01-03 13:14:47,218] {dagbag.py:500} INFO - Filling up the DagBag from /home/airflow/.local/lib/python3.7/site-packages/airflow/example_dags/example_branch_python_dop_operator_3.py
[2022-01-03 13:14:47,260] {processor.py:637} INFO - DAG(s) dict_keys(['example_branch_dop_operator_v3']) retrieved from /home/airflow/.local/lib/python3.7/site-packages/airflow/example_dags/example_branch_python_dop_operator_3.py
[2022-01-03 13:14:47,274] {logging_mixin.py:109} INFO - [2022-01-03 13:14:47,274] {dag.py:2396} INFO - Sync 1 DAGs
[2022-01-03 13:14:47,308] {logging_mixin.py:109} INFO - [2022-01-03 13:14:47,308] {dag.py:2928} INFO - Setting next_dagrun for example_branch_dop_operator_v3 to 2022-01-03T13:13:00+00:00
[2022-01-03 13:14:47,323] {processor.py:171} INFO - Processing /home/airflow/.local/lib/python3.7/site-packages/airflow/example_dags/example_branch_python_dop_operator_3.py took 0.112 seconds
[2022-01-03 13:15:18,245] {processor.py:163} INFO - Started process (PID=224) to work on /home/airflow/.local/lib/python3.7/site-packages/airflow/example_dags/example_branch_python_dop_operator_3.py
[2022-01-03 13:15:18,247] {processor.py:625} INFO - Processing file /home/airflow/.local/lib/python3.7/site-packages/airflow/example_dags/example_branch_python_dop_operator_3.py for tasks to queue
[2022-01-03 13:15:18,248] {logging_mixin.py:109} INFO - [2022-01-03 13:15:18,247] {dagbag.py:500} INFO - Filling up the DagBag from /home/airflow/.local/lib/python3.7/site-packages/airflow/example_dags/example_branch_python_dop_operator_3.py
[2022-01-03 13:15:18,287] {processor.py:637} INFO - DAG(s) dict_keys(['example_branch_dop_operator_v3']) retrieved from /home/airflow/.local/lib/python3.7/site-packages/airflow/example_dags/example_branch_python_dop_operator_3.py
[2022-01-03 13:15:18,304] {logging_mixin.py:109} INFO - [2022-01-03 13:15:18,304] {dag.py:2396} INFO - Sync 1 DAGs
[2022-01-03 13:15:18,337] {logging_mixin.py:109} INFO - [2022-01-03 13:15:18,337] {dag.py:2928} INFO - Setting next_dagrun for example_branch_dop_operator_v3 to 2022-01-03T13:14:00+00:00
[2022-01-03 13:15:18,352] {processor.py:171} INFO - Processing /home/airflow/.local/lib/python3.7/site-packages/airflow/example_dags/example_branch_python_dop_operator_3.py took 0.110 seconds
[2022-01-03 13:15:49,245] {processor.py:163} INFO - Started process (PID=289) to work on /home/airflow/.local/lib/python3.7/site-packages/airflow/example_dags/example_branch_python_dop_operator_3.py
[2022-01-03 13:15:49,247] {processor.py:625} INFO - Processing file /home/airflow/.local/lib/python3.7/site-packages/airflow/example_dags/example_branch_python_dop_operator_3.py for tasks to queue
[2022-01-03 13:15:49,247] {logging_mixin.py:109} INFO - [2022-01-03 13:15:49,247] {dagbag.py:500} INFO - Filling up the DagBag from /home/airflow/.local/lib/python3.7/site-packages/airflow/example_dags/example_branch_python_dop_operator_3.py
[2022-01-03 13:15:49,282] {processor.py:637} INFO - DAG(s) dict_keys(['example_branch_dop_operator_v3']) retrieved from /home/airflow/.local/lib/python3.7/site-packages/airflow/example_dags/example_branch_python_dop_operator_3.py
[2022-01-03 13:15:49,294] {logging_mixin.py:109} INFO - [2022-01-03 13:15:49,294] {dag.py:2396} INFO - Sync 1 DAGs
[2022-01-03 13:15:49,322] {logging_mixin.py:109} INFO - [2022-01-03 13:15:49,322] {dag.py:2928} INFO - Setting next_dagrun for example_branch_dop_operator_v3 to 2022-01-03T13:14:00+00:00
[2022-01-03 13:15:49,332] {processor.py:171} INFO - Processing /home/airflow/.local/lib/python3.7/site-packages/airflow/example_dags/example_branch_python_dop_operator_3.py took 0.093 seconds
[2022-01-03 13:16:19,784] {processor.py:163} INFO - Started process (PID=347) to work on /home/airflow/.local/lib/python3.7/site-packages/airflow/example_dags/example_branch_python_dop_operator_3.py
[2022-01-03 13:16:19,790] {processor.py:625} INFO - Processing file /home/airflow/.local/lib/python3.7/site-packages/airflow/example_dags/example_branch_python_dop_operator_3.py for tasks to queue
[2022-01-03 13:16:19,792] {logging_mixin.py:109} INFO - [2022-01-03 13:16:19,792] {dagbag.py:500} INFO - Filling up the DagBag from /home/airflow/.local/lib/python3.7/site-packages/airflow/example_dags/example_branch_python_dop_operator_3.py
[2022-01-03 13:16:19,864] {processor.py:637} INFO - DAG(s) dict_keys(['example_branch_dop_operator_v3']) retrieved from /home/airflow/.local/lib/python3.7/site-packages/airflow/example_dags/example_branch_python_dop_operator_3.py
[2022-01-03 13:16:19,875] {logging_mixin.py:109} INFO - [2022-01-03 13:16:19,875] {dag.py:2396} INFO - Sync 1 DAGs
[2022-01-03 13:16:19,903] {logging_mixin.py:109} INFO - [2022-01-03 13:16:19,903] {dag.py:2928} INFO - Setting next_dagrun for example_branch_dop_operator_v3 to 2022-01-03T13:15:00+00:00
[2022-01-03 13:16:19,914] {processor.py:171} INFO - Processing /home/airflow/.local/lib/python3.7/site-packages/airflow/example_dags/example_branch_python_dop_operator_3.py took 0.140 seconds
[2022-01-03 13:16:49,997] {processor.py:163} INFO - Started process (PID=397) to work on /home/airflow/.local/lib/python3.7/site-packages/airflow/example_dags/example_branch_python_dop_operator_3.py
[2022-01-03 13:16:49,999] {processor.py:625} INFO - Processing file /home/airflow/.local/lib/python3.7/site-packages/airflow/example_dags/example_branch_python_dop_operator_3.py for tasks to queue
[2022-01-03 13:16:50,000] {logging_mixin.py:109} INFO - [2022-01-03 13:16:50,000] {dagbag.py:500} INFO - Filling up the DagBag from /home/airflow/.local/lib/python3.7/site-packages/airflow/example_dags/example_branch_python_dop_operator_3.py
[2022-01-03 13:16:50,043] {processor.py:637} INFO - DAG(s) dict_keys(['example_branch_dop_operator_v3']) retrieved from /home/airflow/.local/lib/python3.7/site-packages/airflow/example_dags/example_branch_python_dop_operator_3.py
[2022-01-03 13:16:50,058] {logging_mixin.py:109} INFO - [2022-01-03 13:16:50,057] {dag.py:2396} INFO - Sync 1 DAGs
[2022-01-03 13:16:50,090] {logging_mixin.py:109} INFO - [2022-01-03 13:16:50,090] {dag.py:2928} INFO - Setting next_dagrun for example_branch_dop_operator_v3 to 2022-01-03T13:15:00+00:00
[2022-01-03 13:16:50,100] {processor.py:171} INFO - Processing /home/airflow/.local/lib/python3.7/site-packages/airflow/example_dags/example_branch_python_dop_operator_3.py took 0.107 seconds
[2022-01-03 13:17:20,266] {processor.py:163} INFO - Started process (PID=448) to work on /home/airflow/.local/lib/python3.7/site-packages/airflow/example_dags/example_branch_python_dop_operator_3.py
[2022-01-03 13:17:20,268] {processor.py:625} INFO - Processing file /home/airflow/.local/lib/python3.7/site-packages/airflow/example_dags/example_branch_python_dop_operator_3.py for tasks to queue
[2022-01-03 13:17:20,269] {logging_mixin.py:109} INFO - [2022-01-03 13:17:20,268] {dagbag.py:500} INFO - Filling up the DagBag from /home/airflow/.local/lib/python3.7/site-packages/airflow/example_dags/example_branch_python_dop_operator_3.py
[2022-01-03 13:17:20,334] {processor.py:637} INFO - DAG(s) dict_keys(['example_branch_dop_operator_v3']) retrieved from /home/airflow/.local/lib/python3.7/site-packages/airflow/example_dags/example_branch_python_dop_operator_3.py
[2022-01-03 13:17:20,353] {logging_mixin.py:109} INFO - [2022-01-03 13:17:20,352] {dag.py:2396} INFO - Sync 1 DAGs
[2022-01-03 13:17:20,394] {logging_mixin.py:109} INFO - [2022-01-03 13:17:20,393] {dag.py:2928} INFO - Setting next_dagrun for example_branch_dop_operator_v3 to 2022-01-03T13:16:00+00:00
[2022-01-03 13:17:20,410] {processor.py:171} INFO - Processing /home/airflow/.local/lib/python3.7/site-packages/airflow/example_dags/example_branch_python_dop_operator_3.py took 0.147 seconds
[2022-01-03 13:17:51,301] {processor.py:163} INFO - Started process (PID=501) to work on /home/airflow/.local/lib/python3.7/site-packages/airflow/example_dags/example_branch_python_dop_operator_3.py
[2022-01-03 13:17:51,302] {processor.py:625} INFO - Processing file /home/airflow/.local/lib/python3.7/site-packages/airflow/example_dags/example_branch_python_dop_operator_3.py for tasks to queue
[2022-01-03 13:17:51,303] {logging_mixin.py:109} INFO - [2022-01-03 13:17:51,303] {dagbag.py:500} INFO - Filling up the DagBag from /home/airflow/.local/lib/python3.7/site-packages/airflow/example_dags/example_branch_python_dop_operator_3.py
[2022-01-03 13:17:51,379] {processor.py:637} INFO - DAG(s) dict_keys(['example_branch_dop_operator_v3']) retrieved from /home/airflow/.local/lib/python3.7/site-packages/airflow/example_dags/example_branch_python_dop_operator_3.py
[2022-01-03 13:17:51,408] {logging_mixin.py:109} INFO - [2022-01-03 13:17:51,408] {dag.py:2396} INFO - Sync 1 DAGs
[2022-01-03 13:17:51,445] {logging_mixin.py:109} INFO - [2022-01-03 13:17:51,445] {dag.py:2928} INFO - Setting next_dagrun for example_branch_dop_operator_v3 to 2022-01-03T13:16:00+00:00
[2022-01-03 13:17:51,459] {processor.py:171} INFO - Processing /home/airflow/.local/lib/python3.7/site-packages/airflow/example_dags/example_branch_python_dop_operator_3.py took 0.163 seconds
[2022-01-03 13:18:21,764] {processor.py:163} INFO - Started process (PID=552) to work on /home/airflow/.local/lib/python3.7/site-packages/airflow/example_dags/example_branch_python_dop_operator_3.py
[2022-01-03 13:18:21,766] {processor.py:625} INFO - Processing file /home/airflow/.local/lib/python3.7/site-packages/airflow/example_dags/example_branch_python_dop_operator_3.py for tasks to queue
[2022-01-03 13:18:21,767] {logging_mixin.py:109} INFO - [2022-01-03 13:18:21,767] {dagbag.py:500} INFO - Filling up the DagBag from /home/airflow/.local/lib/python3.7/site-packages/airflow/example_dags/example_branch_python_dop_operator_3.py
[2022-01-03 13:18:21,822] {processor.py:637} INFO - DAG(s) dict_keys(['example_branch_dop_operator_v3']) retrieved from /home/airflow/.local/lib/python3.7/site-packages/airflow/example_dags/example_branch_python_dop_operator_3.py
[2022-01-03 13:18:21,838] {logging_mixin.py:109} INFO - [2022-01-03 13:18:21,838] {dag.py:2396} INFO - Sync 1 DAGs
[2022-01-03 13:18:21,879] {logging_mixin.py:109} INFO - [2022-01-03 13:18:21,879] {dag.py:2928} INFO - Setting next_dagrun for example_branch_dop_operator_v3 to 2022-01-03T13:17:00+00:00
[2022-01-03 13:18:21,903] {processor.py:171} INFO - Processing /home/airflow/.local/lib/python3.7/site-packages/airflow/example_dags/example_branch_python_dop_operator_3.py took 0.144 seconds
[2022-01-03 13:18:52,204] {processor.py:163} INFO - Started process (PID=614) to work on /home/airflow/.local/lib/python3.7/site-packages/airflow/example_dags/example_branch_python_dop_operator_3.py
[2022-01-03 13:18:52,210] {processor.py:625} INFO - Processing file /home/airflow/.local/lib/python3.7/site-packages/airflow/example_dags/example_branch_python_dop_operator_3.py for tasks to queue
[2022-01-03 13:18:52,215] {logging_mixin.py:109} INFO - [2022-01-03 13:18:52,211] {dagbag.py:500} INFO - Filling up the DagBag from /home/airflow/.local/lib/python3.7/site-packages/airflow/example_dags/example_branch_python_dop_operator_3.py
[2022-01-03 13:18:52,269] {processor.py:637} INFO - DAG(s) dict_keys(['example_branch_dop_operator_v3']) retrieved from /home/airflow/.local/lib/python3.7/site-packages/airflow/example_dags/example_branch_python_dop_operator_3.py
[2022-01-03 13:18:52,283] {logging_mixin.py:109} INFO - [2022-01-03 13:18:52,283] {dag.py:2396} INFO - Sync 1 DAGs
[2022-01-03 13:18:52,324] {logging_mixin.py:109} INFO - [2022-01-03 13:18:52,324] {dag.py:2928} INFO - Setting next_dagrun for example_branch_dop_operator_v3 to 2022-01-03T13:17:00+00:00
[2022-01-03 13:18:52,342] {processor.py:171} INFO - Processing /home/airflow/.local/lib/python3.7/site-packages/airflow/example_dags/example_branch_python_dop_operator_3.py took 0.143 seconds
[2022-01-03 13:19:22,729] {processor.py:163} INFO - Started process (PID=664) to work on /home/airflow/.local/lib/python3.7/site-packages/airflow/example_dags/example_branch_python_dop_operator_3.py
[2022-01-03 13:19:22,731] {processor.py:625} INFO - Processing file /home/airflow/.local/lib/python3.7/site-packages/airflow/example_dags/example_branch_python_dop_operator_3.py for tasks to queue
[2022-01-03 13:19:22,732] {logging_mixin.py:109} INFO - [2022-01-03 13:19:22,732] {dagbag.py:500} INFO - Filling up the DagBag from /home/airflow/.local/lib/python3.7/site-packages/airflow/example_dags/example_branch_python_dop_operator_3.py
[2022-01-03 13:19:22,776] {processor.py:637} INFO - DAG(s) dict_keys(['example_branch_dop_operator_v3']) retrieved from /home/airflow/.local/lib/python3.7/site-packages/airflow/example_dags/example_branch_python_dop_operator_3.py
[2022-01-03 13:19:22,792] {logging_mixin.py:109} INFO - [2022-01-03 13:19:22,792] {dag.py:2396} INFO - Sync 1 DAGs
[2022-01-03 13:19:22,823] {logging_mixin.py:109} INFO - [2022-01-03 13:19:22,823] {dag.py:2928} INFO - Setting next_dagrun for example_branch_dop_operator_v3 to 2022-01-03T13:18:00+00:00
[2022-01-03 13:19:22,836] {processor.py:171} INFO - Processing /home/airflow/.local/lib/python3.7/site-packages/airflow/example_dags/example_branch_python_dop_operator_3.py took 0.111 seconds
[2022-01-03 13:19:53,562] {processor.py:163} INFO - Started process (PID=714) to work on /home/airflow/.local/lib/python3.7/site-packages/airflow/example_dags/example_branch_python_dop_operator_3.py
[2022-01-03 13:19:53,563] {processor.py:625} INFO - Processing file /home/airflow/.local/lib/python3.7/site-packages/airflow/example_dags/example_branch_python_dop_operator_3.py for tasks to queue
[2022-01-03 13:19:53,564] {logging_mixin.py:109} INFO - [2022-01-03 13:19:53,564] {dagbag.py:500} INFO - Filling up the DagBag from /home/airflow/.local/lib/python3.7/site-packages/airflow/example_dags/example_branch_python_dop_operator_3.py
[2022-01-03 13:19:53,598] {processor.py:637} INFO - DAG(s) dict_keys(['example_branch_dop_operator_v3']) retrieved from /home/airflow/.local/lib/python3.7/site-packages/airflow/example_dags/example_branch_python_dop_operator_3.py
[2022-01-03 13:19:53,613] {logging_mixin.py:109} INFO - [2022-01-03 13:19:53,613] {dag.py:2396} INFO - Sync 1 DAGs
[2022-01-03 13:19:53,645] {logging_mixin.py:109} INFO - [2022-01-03 13:19:53,644] {dag.py:2928} INFO - Setting next_dagrun for example_branch_dop_operator_v3 to 2022-01-03T13:18:00+00:00
[2022-01-03 13:19:53,658] {processor.py:171} INFO - Processing /home/airflow/.local/lib/python3.7/site-packages/airflow/example_dags/example_branch_python_dop_operator_3.py took 0.100 seconds
[2022-01-03 13:20:24,352] {processor.py:163} INFO - Started process (PID=768) to work on /home/airflow/.local/lib/python3.7/site-packages/airflow/example_dags/example_branch_python_dop_operator_3.py
[2022-01-03 13:20:24,353] {processor.py:625} INFO - Processing file /home/airflow/.local/lib/python3.7/site-packages/airflow/example_dags/example_branch_python_dop_operator_3.py for tasks to queue
[2022-01-03 13:20:24,354] {logging_mixin.py:109} INFO - [2022-01-03 13:20:24,353] {dagbag.py:500} INFO - Filling up the DagBag from /home/airflow/.local/lib/python3.7/site-packages/airflow/example_dags/example_branch_python_dop_operator_3.py
[2022-01-03 13:20:24,386] {processor.py:637} INFO - DAG(s) dict_keys(['example_branch_dop_operator_v3']) retrieved from /home/airflow/.local/lib/python3.7/site-packages/airflow/example_dags/example_branch_python_dop_operator_3.py
[2022-01-03 13:20:24,400] {logging_mixin.py:109} INFO - [2022-01-03 13:20:24,400] {dag.py:2396} INFO - Sync 1 DAGs
[2022-01-03 13:20:24,434] {logging_mixin.py:109} INFO - [2022-01-03 13:20:24,434] {dag.py:2928} INFO - Setting next_dagrun for example_branch_dop_operator_v3 to 2022-01-03T13:19:00+00:00
[2022-01-03 13:20:24,446] {processor.py:171} INFO - Processing /home/airflow/.local/lib/python3.7/site-packages/airflow/example_dags/example_branch_python_dop_operator_3.py took 0.098 seconds
[2022-01-03 13:20:54,851] {processor.py:163} INFO - Started process (PID=819) to work on /home/airflow/.local/lib/python3.7/site-packages/airflow/example_dags/example_branch_python_dop_operator_3.py
[2022-01-03 13:20:54,852] {processor.py:625} INFO - Processing file /home/airflow/.local/lib/python3.7/site-packages/airflow/example_dags/example_branch_python_dop_operator_3.py for tasks to queue
[2022-01-03 13:20:54,853] {logging_mixin.py:109} INFO - [2022-01-03 13:20:54,853] {dagbag.py:500} INFO - Filling up the DagBag from /home/airflow/.local/lib/python3.7/site-packages/airflow/example_dags/example_branch_python_dop_operator_3.py
[2022-01-03 13:20:54,893] {processor.py:637} INFO - DAG(s) dict_keys(['example_branch_dop_operator_v3']) retrieved from /home/airflow/.local/lib/python3.7/site-packages/airflow/example_dags/example_branch_python_dop_operator_3.py
[2022-01-03 13:20:54,910] {logging_mixin.py:109} INFO - [2022-01-03 13:20:54,910] {dag.py:2396} INFO - Sync 1 DAGs
[2022-01-03 13:20:54,942] {logging_mixin.py:109} INFO - [2022-01-03 13:20:54,942] {dag.py:2928} INFO - Setting next_dagrun for example_branch_dop_operator_v3 to 2022-01-03T13:19:00+00:00
[2022-01-03 13:20:54,955] {processor.py:171} INFO - Processing /home/airflow/.local/lib/python3.7/site-packages/airflow/example_dags/example_branch_python_dop_operator_3.py took 0.107 seconds
[2022-01-03 13:21:25,743] {processor.py:163} INFO - Started process (PID=869) to work on /home/airflow/.local/lib/python3.7/site-packages/airflow/example_dags/example_branch_python_dop_operator_3.py
[2022-01-03 13:21:25,744] {processor.py:625} INFO - Processing file /home/airflow/.local/lib/python3.7/site-packages/airflow/example_dags/example_branch_python_dop_operator_3.py for tasks to queue
[2022-01-03 13:21:25,745] {logging_mixin.py:109} INFO - [2022-01-03 13:21:25,745] {dagbag.py:500} INFO - Filling up the DagBag from /home/airflow/.local/lib/python3.7/site-packages/airflow/example_dags/example_branch_python_dop_operator_3.py
[2022-01-03 13:21:25,797] {processor.py:637} INFO - DAG(s) dict_keys(['example_branch_dop_operator_v3']) retrieved from /home/airflow/.local/lib/python3.7/site-packages/airflow/example_dags/example_branch_python_dop_operator_3.py
[2022-01-03 13:21:25,813] {logging_mixin.py:109} INFO - [2022-01-03 13:21:25,813] {dag.py:2396} INFO - Sync 1 DAGs
[2022-01-03 13:21:25,864] {logging_mixin.py:109} INFO - [2022-01-03 13:21:25,863] {dag.py:2928} INFO - Setting next_dagrun for example_branch_dop_operator_v3 to 2022-01-03T13:20:00+00:00
[2022-01-03 13:21:25,883] {processor.py:171} INFO - Processing /home/airflow/.local/lib/python3.7/site-packages/airflow/example_dags/example_branch_python_dop_operator_3.py took 0.145 seconds
[2022-01-03 13:21:56,502] {processor.py:163} INFO - Started process (PID=930) to work on /home/airflow/.local/lib/python3.7/site-packages/airflow/example_dags/example_branch_python_dop_operator_3.py
[2022-01-03 13:21:56,503] {processor.py:625} INFO - Processing file /home/airflow/.local/lib/python3.7/site-packages/airflow/example_dags/example_branch_python_dop_operator_3.py for tasks to queue
[2022-01-03 13:21:56,504] {logging_mixin.py:109} INFO - [2022-01-03 13:21:56,504] {dagbag.py:500} INFO - Filling up the DagBag from /home/airflow/.local/lib/python3.7/site-packages/airflow/example_dags/example_branch_python_dop_operator_3.py
[2022-01-03 13:21:56,546] {processor.py:637} INFO - DAG(s) dict_keys(['example_branch_dop_operator_v3']) retrieved from /home/airflow/.local/lib/python3.7/site-packages/airflow/example_dags/example_branch_python_dop_operator_3.py
[2022-01-03 13:21:56,563] {logging_mixin.py:109} INFO - [2022-01-03 13:21:56,563] {dag.py:2396} INFO - Sync 1 DAGs
[2022-01-03 13:21:56,607] {logging_mixin.py:109} INFO - [2022-01-03 13:21:56,607] {dag.py:2928} INFO - Setting next_dagrun for example_branch_dop_operator_v3 to 2022-01-03T13:20:00+00:00
[2022-01-03 13:21:56,620] {processor.py:171} INFO - Processing /home/airflow/.local/lib/python3.7/site-packages/airflow/example_dags/example_branch_python_dop_operator_3.py took 0.122 seconds
[2022-01-03 13:22:27,259] {processor.py:163} INFO - Started process (PID=982) to work on /home/airflow/.local/lib/python3.7/site-packages/airflow/example_dags/example_branch_python_dop_operator_3.py
[2022-01-03 13:22:27,266] {processor.py:625} INFO - Processing file /home/airflow/.local/lib/python3.7/site-packages/airflow/example_dags/example_branch_python_dop_operator_3.py for tasks to queue
[2022-01-03 13:22:27,267] {logging_mixin.py:109} INFO - [2022-01-03 13:22:27,267] {dagbag.py:500} INFO - Filling up the DagBag from /home/airflow/.local/lib/python3.7/site-packages/airflow/example_dags/example_branch_python_dop_operator_3.py
[2022-01-03 13:22:27,305] {processor.py:637} INFO - DAG(s) dict_keys(['example_branch_dop_operator_v3']) retrieved from /home/airflow/.local/lib/python3.7/site-packages/airflow/example_dags/example_branch_python_dop_operator_3.py
[2022-01-03 13:22:27,327] {logging_mixin.py:109} INFO - [2022-01-03 13:22:27,327] {dag.py:2396} INFO - Sync 1 DAGs
[2022-01-03 13:22:27,357] {logging_mixin.py:109} INFO - [2022-01-03 13:22:27,357] {dag.py:2928} INFO - Setting next_dagrun for example_branch_dop_operator_v3 to 2022-01-03T13:21:00+00:00
[2022-01-03 13:22:27,368] {processor.py:171} INFO - Processing /home/airflow/.local/lib/python3.7/site-packages/airflow/example_dags/example_branch_python_dop_operator_3.py took 0.113 seconds
[2022-01-03 13:22:58,305] {processor.py:163} INFO - Started process (PID=1035) to work on /home/airflow/.local/lib/python3.7/site-packages/airflow/example_dags/example_branch_python_dop_operator_3.py
[2022-01-03 13:22:58,307] {processor.py:625} INFO - Processing file /home/airflow/.local/lib/python3.7/site-packages/airflow/example_dags/example_branch_python_dop_operator_3.py for tasks to queue
[2022-01-03 13:22:58,307] {logging_mixin.py:109} INFO - [2022-01-03 13:22:58,307] {dagbag.py:500} INFO - Filling up the DagBag from /home/airflow/.local/lib/python3.7/site-packages/airflow/example_dags/example_branch_python_dop_operator_3.py
[2022-01-03 13:22:58,339] {processor.py:637} INFO - DAG(s) dict_keys(['example_branch_dop_operator_v3']) retrieved from /home/airflow/.local/lib/python3.7/site-packages/airflow/example_dags/example_branch_python_dop_operator_3.py
[2022-01-03 13:22:58,353] {logging_mixin.py:109} INFO - [2022-01-03 13:22:58,353] {dag.py:2396} INFO - Sync 1 DAGs
[2022-01-03 13:22:58,381] {logging_mixin.py:109} INFO - [2022-01-03 13:22:58,381] {dag.py:2928} INFO - Setting next_dagrun for example_branch_dop_operator_v3 to 2022-01-03T13:21:00+00:00
[2022-01-03 13:22:58,393] {processor.py:171} INFO - Processing /home/airflow/.local/lib/python3.7/site-packages/airflow/example_dags/example_branch_python_dop_operator_3.py took 0.091 seconds
[2022-01-03 13:23:28,508] {processor.py:163} INFO - Started process (PID=1087) to work on /home/airflow/.local/lib/python3.7/site-packages/airflow/example_dags/example_branch_python_dop_operator_3.py
[2022-01-03 13:23:28,509] {processor.py:625} INFO - Processing file /home/airflow/.local/lib/python3.7/site-packages/airflow/example_dags/example_branch_python_dop_operator_3.py for tasks to queue
[2022-01-03 13:23:28,510] {logging_mixin.py:109} INFO - [2022-01-03 13:23:28,510] {dagbag.py:500} INFO - Filling up the DagBag from /home/airflow/.local/lib/python3.7/site-packages/airflow/example_dags/example_branch_python_dop_operator_3.py
[2022-01-03 13:23:28,545] {processor.py:637} INFO - DAG(s) dict_keys(['example_branch_dop_operator_v3']) retrieved from /home/airflow/.local/lib/python3.7/site-packages/airflow/example_dags/example_branch_python_dop_operator_3.py
[2022-01-03 13:23:28,560] {logging_mixin.py:109} INFO - [2022-01-03 13:23:28,560] {dag.py:2396} INFO - Sync 1 DAGs
[2022-01-03 13:23:28,593] {logging_mixin.py:109} INFO - [2022-01-03 13:23:28,592] {dag.py:2928} INFO - Setting next_dagrun for example_branch_dop_operator_v3 to 2022-01-03T13:22:00+00:00
[2022-01-03 13:23:28,606] {processor.py:171} INFO - Processing /home/airflow/.local/lib/python3.7/site-packages/airflow/example_dags/example_branch_python_dop_operator_3.py took 0.101 seconds
[2022-01-03 13:23:58,732] {processor.py:163} INFO - Started process (PID=1137) to work on /home/airflow/.local/lib/python3.7/site-packages/airflow/example_dags/example_branch_python_dop_operator_3.py
[2022-01-03 13:23:58,738] {processor.py:625} INFO - Processing file /home/airflow/.local/lib/python3.7/site-packages/airflow/example_dags/example_branch_python_dop_operator_3.py for tasks to queue
[2022-01-03 13:23:58,739] {logging_mixin.py:109} INFO - [2022-01-03 13:23:58,739] {dagbag.py:500} INFO - Filling up the DagBag from /home/airflow/.local/lib/python3.7/site-packages/airflow/example_dags/example_branch_python_dop_operator_3.py
[2022-01-03 13:23:58,795] {processor.py:637} INFO - DAG(s) dict_keys(['example_branch_dop_operator_v3']) retrieved from /home/airflow/.local/lib/python3.7/site-packages/airflow/example_dags/example_branch_python_dop_operator_3.py
[2022-01-03 13:23:58,813] {logging_mixin.py:109} INFO - [2022-01-03 13:23:58,813] {dag.py:2396} INFO - Sync 1 DAGs
[2022-01-03 13:23:58,854] {logging_mixin.py:109} INFO - [2022-01-03 13:23:58,854] {dag.py:2928} INFO - Setting next_dagrun for example_branch_dop_operator_v3 to 2022-01-03T13:22:00+00:00
[2022-01-03 13:23:58,872] {processor.py:171} INFO - Processing /home/airflow/.local/lib/python3.7/site-packages/airflow/example_dags/example_branch_python_dop_operator_3.py took 0.146 seconds
[2022-01-03 13:24:29,293] {processor.py:163} INFO - Started process (PID=1199) to work on /home/airflow/.local/lib/python3.7/site-packages/airflow/example_dags/example_branch_python_dop_operator_3.py
[2022-01-03 13:24:29,297] {processor.py:625} INFO - Processing file /home/airflow/.local/lib/python3.7/site-packages/airflow/example_dags/example_branch_python_dop_operator_3.py for tasks to queue
[2022-01-03 13:24:29,299] {logging_mixin.py:109} INFO - [2022-01-03 13:24:29,298] {dagbag.py:500} INFO - Filling up the DagBag from /home/airflow/.local/lib/python3.7/site-packages/airflow/example_dags/example_branch_python_dop_operator_3.py
[2022-01-03 13:24:29,331] {processor.py:637} INFO - DAG(s) dict_keys(['example_branch_dop_operator_v3']) retrieved from /home/airflow/.local/lib/python3.7/site-packages/airflow/example_dags/example_branch_python_dop_operator_3.py
[2022-01-03 13:24:29,344] {logging_mixin.py:109} INFO - [2022-01-03 13:24:29,344] {dag.py:2396} INFO - Sync 1 DAGs
[2022-01-03 13:24:29,379] {logging_mixin.py:109} INFO - [2022-01-03 13:24:29,379] {dag.py:2928} INFO - Setting next_dagrun for example_branch_dop_operator_v3 to 2022-01-03T13:23:00+00:00
[2022-01-03 13:24:29,391] {processor.py:171} INFO - Processing /home/airflow/.local/lib/python3.7/site-packages/airflow/example_dags/example_branch_python_dop_operator_3.py took 0.101 seconds
[2022-01-03 13:24:59,770] {processor.py:163} INFO - Started process (PID=1249) to work on /home/airflow/.local/lib/python3.7/site-packages/airflow/example_dags/example_branch_python_dop_operator_3.py
[2022-01-03 13:24:59,771] {processor.py:625} INFO - Processing file /home/airflow/.local/lib/python3.7/site-packages/airflow/example_dags/example_branch_python_dop_operator_3.py for tasks to queue
[2022-01-03 13:24:59,772] {logging_mixin.py:109} INFO - [2022-01-03 13:24:59,772] {dagbag.py:500} INFO - Filling up the DagBag from /home/airflow/.local/lib/python3.7/site-packages/airflow/example_dags/example_branch_python_dop_operator_3.py
[2022-01-03 13:24:59,801] {processor.py:637} INFO - DAG(s) dict_keys(['example_branch_dop_operator_v3']) retrieved from /home/airflow/.local/lib/python3.7/site-packages/airflow/example_dags/example_branch_python_dop_operator_3.py
[2022-01-03 13:24:59,815] {logging_mixin.py:109} INFO - [2022-01-03 13:24:59,815] {dag.py:2396} INFO - Sync 1 DAGs
[2022-01-03 13:24:59,845] {logging_mixin.py:109} INFO - [2022-01-03 13:24:59,845] {dag.py:2928} INFO - Setting next_dagrun for example_branch_dop_operator_v3 to 2022-01-03T13:23:00+00:00
[2022-01-03 13:24:59,856] {processor.py:171} INFO - Processing /home/airflow/.local/lib/python3.7/site-packages/airflow/example_dags/example_branch_python_dop_operator_3.py took 0.089 seconds
[2022-01-03 13:25:29,907] {processor.py:163} INFO - Started process (PID=1300) to work on /home/airflow/.local/lib/python3.7/site-packages/airflow/example_dags/example_branch_python_dop_operator_3.py
[2022-01-03 13:25:29,908] {processor.py:625} INFO - Processing file /home/airflow/.local/lib/python3.7/site-packages/airflow/example_dags/example_branch_python_dop_operator_3.py for tasks to queue
[2022-01-03 13:25:29,909] {logging_mixin.py:109} INFO - [2022-01-03 13:25:29,908] {dagbag.py:500} INFO - Filling up the DagBag from /home/airflow/.local/lib/python3.7/site-packages/airflow/example_dags/example_branch_python_dop_operator_3.py
[2022-01-03 13:25:29,952] {processor.py:637} INFO - DAG(s) dict_keys(['example_branch_dop_operator_v3']) retrieved from /home/airflow/.local/lib/python3.7/site-packages/airflow/example_dags/example_branch_python_dop_operator_3.py
[2022-01-03 13:25:29,966] {logging_mixin.py:109} INFO - [2022-01-03 13:25:29,966] {dag.py:2396} INFO - Sync 1 DAGs
[2022-01-03 13:25:30,016] {logging_mixin.py:109} INFO - [2022-01-03 13:25:30,016] {dag.py:2928} INFO - Setting next_dagrun for example_branch_dop_operator_v3 to 2022-01-03T13:24:00+00:00
[2022-01-03 13:25:30,042] {processor.py:171} INFO - Processing /home/airflow/.local/lib/python3.7/site-packages/airflow/example_dags/example_branch_python_dop_operator_3.py took 0.139 seconds
[2022-01-03 13:26:00,535] {processor.py:163} INFO - Started process (PID=1358) to work on /home/airflow/.local/lib/python3.7/site-packages/airflow/example_dags/example_branch_python_dop_operator_3.py
[2022-01-03 13:26:00,536] {processor.py:625} INFO - Processing file /home/airflow/.local/lib/python3.7/site-packages/airflow/example_dags/example_branch_python_dop_operator_3.py for tasks to queue
[2022-01-03 13:26:00,537] {logging_mixin.py:109} INFO - [2022-01-03 13:26:00,537] {dagbag.py:500} INFO - Filling up the DagBag from /home/airflow/.local/lib/python3.7/site-packages/airflow/example_dags/example_branch_python_dop_operator_3.py
[2022-01-03 13:26:00,572] {processor.py:637} INFO - DAG(s) dict_keys(['example_branch_dop_operator_v3']) retrieved from /home/airflow/.local/lib/python3.7/site-packages/airflow/example_dags/example_branch_python_dop_operator_3.py
[2022-01-03 13:26:00,586] {logging_mixin.py:109} INFO - [2022-01-03 13:26:00,585] {dag.py:2396} INFO - Sync 1 DAGs
[2022-01-03 13:26:00,621] {logging_mixin.py:109} INFO - [2022-01-03 13:26:00,621] {dag.py:2928} INFO - Setting next_dagrun for example_branch_dop_operator_v3 to 2022-01-03T13:25:00+00:00
[2022-01-03 13:26:00,638] {processor.py:171} INFO - Processing /home/airflow/.local/lib/python3.7/site-packages/airflow/example_dags/example_branch_python_dop_operator_3.py took 0.107 seconds
[2022-01-03 13:26:31,302] {processor.py:163} INFO - Started process (PID=1417) to work on /home/airflow/.local/lib/python3.7/site-packages/airflow/example_dags/example_branch_python_dop_operator_3.py
[2022-01-03 13:26:31,311] {processor.py:625} INFO - Processing file /home/airflow/.local/lib/python3.7/site-packages/airflow/example_dags/example_branch_python_dop_operator_3.py for tasks to queue
[2022-01-03 13:26:31,312] {logging_mixin.py:109} INFO - [2022-01-03 13:26:31,312] {dagbag.py:500} INFO - Filling up the DagBag from /home/airflow/.local/lib/python3.7/site-packages/airflow/example_dags/example_branch_python_dop_operator_3.py
[2022-01-03 13:26:31,393] {processor.py:637} INFO - DAG(s) dict_keys(['example_branch_dop_operator_v3']) retrieved from /home/airflow/.local/lib/python3.7/site-packages/airflow/example_dags/example_branch_python_dop_operator_3.py
[2022-01-03 13:26:31,413] {logging_mixin.py:109} INFO - [2022-01-03 13:26:31,413] {dag.py:2396} INFO - Sync 1 DAGs
[2022-01-03 13:26:31,452] {logging_mixin.py:109} INFO - [2022-01-03 13:26:31,452] {dag.py:2928} INFO - Setting next_dagrun for example_branch_dop_operator_v3 to 2022-01-03T13:25:00+00:00
[2022-01-03 13:26:31,468] {processor.py:171} INFO - Processing /home/airflow/.local/lib/python3.7/site-packages/airflow/example_dags/example_branch_python_dop_operator_3.py took 0.170 seconds
[2022-01-03 13:27:02,145] {processor.py:163} INFO - Started process (PID=1468) to work on /home/airflow/.local/lib/python3.7/site-packages/airflow/example_dags/example_branch_python_dop_operator_3.py
[2022-01-03 13:27:02,148] {processor.py:625} INFO - Processing file /home/airflow/.local/lib/python3.7/site-packages/airflow/example_dags/example_branch_python_dop_operator_3.py for tasks to queue
[2022-01-03 13:27:02,149] {logging_mixin.py:109} INFO - [2022-01-03 13:27:02,149] {dagbag.py:500} INFO - Filling up the DagBag from /home/airflow/.local/lib/python3.7/site-packages/airflow/example_dags/example_branch_python_dop_operator_3.py
[2022-01-03 13:27:02,244] {processor.py:637} INFO - DAG(s) dict_keys(['example_branch_dop_operator_v3']) retrieved from /home/airflow/.local/lib/python3.7/site-packages/airflow/example_dags/example_branch_python_dop_operator_3.py
[2022-01-03 13:27:02,278] {logging_mixin.py:109} INFO - [2022-01-03 13:27:02,278] {dag.py:2396} INFO - Sync 1 DAGs
[2022-01-03 13:27:02,395] {logging_mixin.py:109} INFO - [2022-01-03 13:27:02,395] {dag.py:2928} INFO - Setting next_dagrun for example_branch_dop_operator_v3 to 2022-01-03T13:26:00+00:00
[2022-01-03 13:27:02,444] {processor.py:171} INFO - Processing /home/airflow/.local/lib/python3.7/site-packages/airflow/example_dags/example_branch_python_dop_operator_3.py took 0.304 seconds
[2022-01-03 13:27:33,396] {processor.py:163} INFO - Started process (PID=1519) to work on /home/airflow/.local/lib/python3.7/site-packages/airflow/example_dags/example_branch_python_dop_operator_3.py
[2022-01-03 13:27:33,398] {processor.py:625} INFO - Processing file /home/airflow/.local/lib/python3.7/site-packages/airflow/example_dags/example_branch_python_dop_operator_3.py for tasks to queue
[2022-01-03 13:27:33,399] {logging_mixin.py:109} INFO - [2022-01-03 13:27:33,399] {dagbag.py:500} INFO - Filling up the DagBag from /home/airflow/.local/lib/python3.7/site-packages/airflow/example_dags/example_branch_python_dop_operator_3.py
[2022-01-03 13:27:33,495] {processor.py:637} INFO - DAG(s) dict_keys(['example_branch_dop_operator_v3']) retrieved from /home/airflow/.local/lib/python3.7/site-packages/airflow/example_dags/example_branch_python_dop_operator_3.py
[2022-01-03 13:27:33,512] {logging_mixin.py:109} INFO - [2022-01-03 13:27:33,512] {dag.py:2396} INFO - Sync 1 DAGs
[2022-01-03 13:27:33,558] {logging_mixin.py:109} INFO - [2022-01-03 13:27:33,558] {dag.py:2928} INFO - Setting next_dagrun for example_branch_dop_operator_v3 to 2022-01-03T13:26:00+00:00
[2022-01-03 13:27:33,573] {processor.py:171} INFO - Processing /home/airflow/.local/lib/python3.7/site-packages/airflow/example_dags/example_branch_python_dop_operator_3.py took 0.182 seconds
[2022-01-03 13:28:04,523] {processor.py:163} INFO - Started process (PID=1570) to work on /home/airflow/.local/lib/python3.7/site-packages/airflow/example_dags/example_branch_python_dop_operator_3.py
[2022-01-03 13:28:04,527] {processor.py:625} INFO - Processing file /home/airflow/.local/lib/python3.7/site-packages/airflow/example_dags/example_branch_python_dop_operator_3.py for tasks to queue
[2022-01-03 13:28:04,536] {logging_mixin.py:109} INFO - [2022-01-03 13:28:04,535] {dagbag.py:500} INFO - Filling up the DagBag from /home/airflow/.local/lib/python3.7/site-packages/airflow/example_dags/example_branch_python_dop_operator_3.py
[2022-01-03 13:28:04,577] {processor.py:637} INFO - DAG(s) dict_keys(['example_branch_dop_operator_v3']) retrieved from /home/airflow/.local/lib/python3.7/site-packages/airflow/example_dags/example_branch_python_dop_operator_3.py
[2022-01-03 13:28:04,591] {logging_mixin.py:109} INFO - [2022-01-03 13:28:04,591] {dag.py:2396} INFO - Sync 1 DAGs
[2022-01-03 13:28:04,624] {logging_mixin.py:109} INFO - [2022-01-03 13:28:04,624] {dag.py:2928} INFO - Setting next_dagrun for example_branch_dop_operator_v3 to 2022-01-03T13:27:00+00:00
[2022-01-03 13:28:04,636] {processor.py:171} INFO - Processing /home/airflow/.local/lib/python3.7/site-packages/airflow/example_dags/example_branch_python_dop_operator_3.py took 0.117 seconds
[2022-01-03 13:28:35,121] {processor.py:163} INFO - Started process (PID=1625) to work on /home/airflow/.local/lib/python3.7/site-packages/airflow/example_dags/example_branch_python_dop_operator_3.py
[2022-01-03 13:28:35,127] {processor.py:625} INFO - Processing file /home/airflow/.local/lib/python3.7/site-packages/airflow/example_dags/example_branch_python_dop_operator_3.py for tasks to queue
[2022-01-03 13:28:35,128] {logging_mixin.py:109} INFO - [2022-01-03 13:28:35,128] {dagbag.py:500} INFO - Filling up the DagBag from /home/airflow/.local/lib/python3.7/site-packages/airflow/example_dags/example_branch_python_dop_operator_3.py
[2022-01-03 13:28:35,168] {processor.py:637} INFO - DAG(s) dict_keys(['example_branch_dop_operator_v3']) retrieved from /home/airflow/.local/lib/python3.7/site-packages/airflow/example_dags/example_branch_python_dop_operator_3.py
[2022-01-03 13:28:35,192] {logging_mixin.py:109} INFO - [2022-01-03 13:28:35,192] {dag.py:2396} INFO - Sync 1 DAGs
[2022-01-03 13:28:35,228] {logging_mixin.py:109} INFO - [2022-01-03 13:28:35,228] {dag.py:2928} INFO - Setting next_dagrun for example_branch_dop_operator_v3 to 2022-01-03T13:27:00+00:00
[2022-01-03 13:28:35,241] {processor.py:171} INFO - Processing /home/airflow/.local/lib/python3.7/site-packages/airflow/example_dags/example_branch_python_dop_operator_3.py took 0.123 seconds
[2022-01-03 13:29:05,574] {processor.py:163} INFO - Started process (PID=1678) to work on /home/airflow/.local/lib/python3.7/site-packages/airflow/example_dags/example_branch_python_dop_operator_3.py
[2022-01-03 13:29:05,576] {processor.py:625} INFO - Processing file /home/airflow/.local/lib/python3.7/site-packages/airflow/example_dags/example_branch_python_dop_operator_3.py for tasks to queue
[2022-01-03 13:29:05,578] {logging_mixin.py:109} INFO - [2022-01-03 13:29:05,577] {dagbag.py:500} INFO - Filling up the DagBag from /home/airflow/.local/lib/python3.7/site-packages/airflow/example_dags/example_branch_python_dop_operator_3.py
[2022-01-03 13:29:05,619] {processor.py:637} INFO - DAG(s) dict_keys(['example_branch_dop_operator_v3']) retrieved from /home/airflow/.local/lib/python3.7/site-packages/airflow/example_dags/example_branch_python_dop_operator_3.py
[2022-01-03 13:29:05,638] {logging_mixin.py:109} INFO - [2022-01-03 13:29:05,638] {dag.py:2396} INFO - Sync 1 DAGs
[2022-01-03 13:29:05,667] {logging_mixin.py:109} INFO - [2022-01-03 13:29:05,667] {dag.py:2928} INFO - Setting next_dagrun for example_branch_dop_operator_v3 to 2022-01-03T13:28:00+00:00
[2022-01-03 13:29:05,680] {processor.py:171} INFO - Processing /home/airflow/.local/lib/python3.7/site-packages/airflow/example_dags/example_branch_python_dop_operator_3.py took 0.114 seconds
[2022-01-03 13:29:36,054] {processor.py:163} INFO - Started process (PID=1738) to work on /home/airflow/.local/lib/python3.7/site-packages/airflow/example_dags/example_branch_python_dop_operator_3.py
[2022-01-03 13:29:36,055] {processor.py:625} INFO - Processing file /home/airflow/.local/lib/python3.7/site-packages/airflow/example_dags/example_branch_python_dop_operator_3.py for tasks to queue
[2022-01-03 13:29:36,056] {logging_mixin.py:109} INFO - [2022-01-03 13:29:36,056] {dagbag.py:500} INFO - Filling up the DagBag from /home/airflow/.local/lib/python3.7/site-packages/airflow/example_dags/example_branch_python_dop_operator_3.py
[2022-01-03 13:29:36,102] {processor.py:637} INFO - DAG(s) dict_keys(['example_branch_dop_operator_v3']) retrieved from /home/airflow/.local/lib/python3.7/site-packages/airflow/example_dags/example_branch_python_dop_operator_3.py
[2022-01-03 13:29:36,119] {logging_mixin.py:109} INFO - [2022-01-03 13:29:36,119] {dag.py:2396} INFO - Sync 1 DAGs
[2022-01-03 13:29:36,157] {logging_mixin.py:109} INFO - [2022-01-03 13:29:36,157] {dag.py:2928} INFO - Setting next_dagrun for example_branch_dop_operator_v3 to 2022-01-03T13:28:00+00:00
[2022-01-03 13:29:36,174] {processor.py:171} INFO - Processing /home/airflow/.local/lib/python3.7/site-packages/airflow/example_dags/example_branch_python_dop_operator_3.py took 0.125 seconds
[2022-01-03 13:30:07,150] {processor.py:163} INFO - Started process (PID=1788) to work on /home/airflow/.local/lib/python3.7/site-packages/airflow/example_dags/example_branch_python_dop_operator_3.py
[2022-01-03 13:30:07,152] {processor.py:625} INFO - Processing file /home/airflow/.local/lib/python3.7/site-packages/airflow/example_dags/example_branch_python_dop_operator_3.py for tasks to queue
[2022-01-03 13:30:07,153] {logging_mixin.py:109} INFO - [2022-01-03 13:30:07,153] {dagbag.py:500} INFO - Filling up the DagBag from /home/airflow/.local/lib/python3.7/site-packages/airflow/example_dags/example_branch_python_dop_operator_3.py
[2022-01-03 13:30:07,196] {processor.py:637} INFO - DAG(s) dict_keys(['example_branch_dop_operator_v3']) retrieved from /home/airflow/.local/lib/python3.7/site-packages/airflow/example_dags/example_branch_python_dop_operator_3.py
[2022-01-03 13:30:07,211] {logging_mixin.py:109} INFO - [2022-01-03 13:30:07,211] {dag.py:2396} INFO - Sync 1 DAGs
[2022-01-03 13:30:07,245] {logging_mixin.py:109} INFO - [2022-01-03 13:30:07,245] {dag.py:2928} INFO - Setting next_dagrun for example_branch_dop_operator_v3 to 2022-01-03T13:29:00+00:00
[2022-01-03 13:30:07,258] {processor.py:171} INFO - Processing /home/airflow/.local/lib/python3.7/site-packages/airflow/example_dags/example_branch_python_dop_operator_3.py took 0.112 seconds
[2022-01-03 13:30:37,297] {processor.py:163} INFO - Started process (PID=1843) to work on /home/airflow/.local/lib/python3.7/site-packages/airflow/example_dags/example_branch_python_dop_operator_3.py
[2022-01-03 13:30:37,300] {processor.py:625} INFO - Processing file /home/airflow/.local/lib/python3.7/site-packages/airflow/example_dags/example_branch_python_dop_operator_3.py for tasks to queue
[2022-01-03 13:30:37,302] {logging_mixin.py:109} INFO - [2022-01-03 13:30:37,302] {dagbag.py:500} INFO - Filling up the DagBag from /home/airflow/.local/lib/python3.7/site-packages/airflow/example_dags/example_branch_python_dop_operator_3.py
[2022-01-03 13:30:37,344] {processor.py:637} INFO - DAG(s) dict_keys(['example_branch_dop_operator_v3']) retrieved from /home/airflow/.local/lib/python3.7/site-packages/airflow/example_dags/example_branch_python_dop_operator_3.py
[2022-01-03 13:30:37,355] {logging_mixin.py:109} INFO - [2022-01-03 13:30:37,355] {dag.py:2396} INFO - Sync 1 DAGs
[2022-01-03 13:30:37,377] {logging_mixin.py:109} INFO - [2022-01-03 13:30:37,377] {dag.py:2928} INFO - Setting next_dagrun for example_branch_dop_operator_v3 to 2022-01-03T13:29:00+00:00
[2022-01-03 13:30:37,387] {processor.py:171} INFO - Processing /home/airflow/.local/lib/python3.7/site-packages/airflow/example_dags/example_branch_python_dop_operator_3.py took 0.097 seconds
[2022-01-03 13:31:07,883] {processor.py:163} INFO - Started process (PID=1896) to work on /home/airflow/.local/lib/python3.7/site-packages/airflow/example_dags/example_branch_python_dop_operator_3.py
[2022-01-03 13:31:07,892] {processor.py:625} INFO - Processing file /home/airflow/.local/lib/python3.7/site-packages/airflow/example_dags/example_branch_python_dop_operator_3.py for tasks to queue
[2022-01-03 13:31:07,895] {logging_mixin.py:109} INFO - [2022-01-03 13:31:07,895] {dagbag.py:500} INFO - Filling up the DagBag from /home/airflow/.local/lib/python3.7/site-packages/airflow/example_dags/example_branch_python_dop_operator_3.py
[2022-01-03 13:31:07,958] {processor.py:637} INFO - DAG(s) dict_keys(['example_branch_dop_operator_v3']) retrieved from /home/airflow/.local/lib/python3.7/site-packages/airflow/example_dags/example_branch_python_dop_operator_3.py
[2022-01-03 13:31:07,970] {logging_mixin.py:109} INFO - [2022-01-03 13:31:07,970] {dag.py:2396} INFO - Sync 1 DAGs
[2022-01-03 13:31:08,002] {logging_mixin.py:109} INFO - [2022-01-03 13:31:08,002] {dag.py:2928} INFO - Setting next_dagrun for example_branch_dop_operator_v3 to 2022-01-03T13:30:00+00:00
[2022-01-03 13:31:08,014] {processor.py:171} INFO - Processing /home/airflow/.local/lib/python3.7/site-packages/airflow/example_dags/example_branch_python_dop_operator_3.py took 0.146 seconds
[2022-01-03 13:31:38,079] {processor.py:163} INFO - Started process (PID=1947) to work on /home/airflow/.local/lib/python3.7/site-packages/airflow/example_dags/example_branch_python_dop_operator_3.py
[2022-01-03 13:31:38,083] {processor.py:625} INFO - Processing file /home/airflow/.local/lib/python3.7/site-packages/airflow/example_dags/example_branch_python_dop_operator_3.py for tasks to queue
[2022-01-03 13:31:38,085] {logging_mixin.py:109} INFO - [2022-01-03 13:31:38,084] {dagbag.py:500} INFO - Filling up the DagBag from /home/airflow/.local/lib/python3.7/site-packages/airflow/example_dags/example_branch_python_dop_operator_3.py
[2022-01-03 13:31:38,126] {processor.py:637} INFO - DAG(s) dict_keys(['example_branch_dop_operator_v3']) retrieved from /home/airflow/.local/lib/python3.7/site-packages/airflow/example_dags/example_branch_python_dop_operator_3.py
[2022-01-03 13:31:38,142] {logging_mixin.py:109} INFO - [2022-01-03 13:31:38,142] {dag.py:2396} INFO - Sync 1 DAGs
[2022-01-03 13:31:38,172] {logging_mixin.py:109} INFO - [2022-01-03 13:31:38,172] {dag.py:2928} INFO - Setting next_dagrun for example_branch_dop_operator_v3 to 2022-01-03T13:30:00+00:00
[2022-01-03 13:31:38,185] {processor.py:171} INFO - Processing /home/airflow/.local/lib/python3.7/site-packages/airflow/example_dags/example_branch_python_dop_operator_3.py took 0.110 seconds
[2022-01-03 13:37:59,752] {processor.py:163} INFO - Started process (PID=138) to work on /home/airflow/.local/lib/python3.7/site-packages/airflow/example_dags/example_branch_python_dop_operator_3.py
[2022-01-03 13:37:59,759] {processor.py:625} INFO - Processing file /home/airflow/.local/lib/python3.7/site-packages/airflow/example_dags/example_branch_python_dop_operator_3.py for tasks to queue
[2022-01-03 13:37:59,762] {logging_mixin.py:109} INFO - [2022-01-03 13:37:59,761] {dagbag.py:500} INFO - Filling up the DagBag from /home/airflow/.local/lib/python3.7/site-packages/airflow/example_dags/example_branch_python_dop_operator_3.py
[2022-01-03 13:37:59,805] {processor.py:637} INFO - DAG(s) dict_keys(['example_branch_dop_operator_v3']) retrieved from /home/airflow/.local/lib/python3.7/site-packages/airflow/example_dags/example_branch_python_dop_operator_3.py
[2022-01-03 13:38:02,990] {logging_mixin.py:109} INFO - [2022-01-03 13:38:02,990] {providers_manager.py:156} WARNING - Exception when importing 'airflow.providers.google.leveldb.hooks.leveldb.LevelDBHook' from 'apache-airflow-providers-google' package: No module named 'plyvel'
[2022-01-03 13:38:04,241] {logging_mixin.py:109} INFO - [2022-01-03 13:38:04,241] {providers_manager.py:156} WARNING - Exception when importing 'airflow.providers.google.leveldb.hooks.leveldb.LevelDBHook' from 'apache-airflow-providers-google' package: No module named 'plyvel'
[2022-01-03 13:38:04,272] {logging_mixin.py:109} INFO - [2022-01-03 13:38:04,272] {manager.py:496} INFO - Created Permission View: can edit on DAG:example_branch_dop_operator_v3
[2022-01-03 13:38:04,283] {logging_mixin.py:109} INFO - [2022-01-03 13:38:04,283] {manager.py:496} INFO - Created Permission View: can read on DAG:example_branch_dop_operator_v3
[2022-01-03 13:38:04,283] {logging_mixin.py:109} INFO - [2022-01-03 13:38:04,283] {dag.py:2396} INFO - Sync 1 DAGs
[2022-01-03 13:38:04,294] {logging_mixin.py:109} INFO - [2022-01-03 13:38:04,294] {dag.py:2415} INFO - Creating ORM DAG for example_branch_dop_operator_v3
[2022-01-03 13:38:04,315] {logging_mixin.py:109} INFO - [2022-01-03 13:38:04,314] {dag.py:2928} INFO - Setting next_dagrun for example_branch_dop_operator_v3 to 2022-01-03T13:37:00+00:00
[2022-01-03 13:38:04,352] {processor.py:171} INFO - Processing /home/airflow/.local/lib/python3.7/site-packages/airflow/example_dags/example_branch_python_dop_operator_3.py took 4.611 seconds
[2022-01-03 13:38:35,825] {processor.py:163} INFO - Started process (PID=265) to work on /home/airflow/.local/lib/python3.7/site-packages/airflow/example_dags/example_branch_python_dop_operator_3.py
[2022-01-03 13:38:35,827] {processor.py:625} INFO - Processing file /home/airflow/.local/lib/python3.7/site-packages/airflow/example_dags/example_branch_python_dop_operator_3.py for tasks to queue
[2022-01-03 13:38:35,828] {logging_mixin.py:109} INFO - [2022-01-03 13:38:35,828] {dagbag.py:500} INFO - Filling up the DagBag from /home/airflow/.local/lib/python3.7/site-packages/airflow/example_dags/example_branch_python_dop_operator_3.py
[2022-01-03 13:38:35,876] {processor.py:637} INFO - DAG(s) dict_keys(['example_branch_dop_operator_v3']) retrieved from /home/airflow/.local/lib/python3.7/site-packages/airflow/example_dags/example_branch_python_dop_operator_3.py
[2022-01-03 13:38:35,895] {logging_mixin.py:109} INFO - [2022-01-03 13:38:35,895] {dag.py:2396} INFO - Sync 1 DAGs
[2022-01-03 13:38:35,933] {logging_mixin.py:109} INFO - [2022-01-03 13:38:35,933] {dag.py:2928} INFO - Setting next_dagrun for example_branch_dop_operator_v3 to 2022-01-03T13:37:00+00:00
[2022-01-03 13:38:35,948] {processor.py:171} INFO - Processing /home/airflow/.local/lib/python3.7/site-packages/airflow/example_dags/example_branch_python_dop_operator_3.py took 0.128 seconds
[2022-01-03 13:39:06,256] {processor.py:163} INFO - Started process (PID=315) to work on /home/airflow/.local/lib/python3.7/site-packages/airflow/example_dags/example_branch_python_dop_operator_3.py
[2022-01-03 13:39:06,257] {processor.py:625} INFO - Processing file /home/airflow/.local/lib/python3.7/site-packages/airflow/example_dags/example_branch_python_dop_operator_3.py for tasks to queue
[2022-01-03 13:39:06,264] {logging_mixin.py:109} INFO - [2022-01-03 13:39:06,263] {dagbag.py:500} INFO - Filling up the DagBag from /home/airflow/.local/lib/python3.7/site-packages/airflow/example_dags/example_branch_python_dop_operator_3.py
[2022-01-03 13:39:06,376] {processor.py:637} INFO - DAG(s) dict_keys(['example_branch_dop_operator_v3']) retrieved from /home/airflow/.local/lib/python3.7/site-packages/airflow/example_dags/example_branch_python_dop_operator_3.py
[2022-01-03 13:39:06,393] {logging_mixin.py:109} INFO - [2022-01-03 13:39:06,393] {dag.py:2396} INFO - Sync 1 DAGs
[2022-01-03 13:39:06,442] {logging_mixin.py:109} INFO - [2022-01-03 13:39:06,441] {dag.py:2928} INFO - Setting next_dagrun for example_branch_dop_operator_v3 to 2022-01-03T13:38:00+00:00
[2022-01-03 13:39:06,467] {processor.py:171} INFO - Processing /home/airflow/.local/lib/python3.7/site-packages/airflow/example_dags/example_branch_python_dop_operator_3.py took 0.238 seconds
[2022-01-03 13:42:53,804] {processor.py:163} INFO - Started process (PID=128) to work on /home/airflow/.local/lib/python3.7/site-packages/airflow/example_dags/example_branch_python_dop_operator_3.py
[2022-01-03 13:42:53,806] {processor.py:625} INFO - Processing file /home/airflow/.local/lib/python3.7/site-packages/airflow/example_dags/example_branch_python_dop_operator_3.py for tasks to queue
[2022-01-03 13:42:53,807] {logging_mixin.py:109} INFO - [2022-01-03 13:42:53,807] {dagbag.py:500} INFO - Filling up the DagBag from /home/airflow/.local/lib/python3.7/site-packages/airflow/example_dags/example_branch_python_dop_operator_3.py
[2022-01-03 13:42:53,867] {processor.py:637} INFO - DAG(s) dict_keys(['example_branch_dop_operator_v3']) retrieved from /home/airflow/.local/lib/python3.7/site-packages/airflow/example_dags/example_branch_python_dop_operator_3.py
[2022-01-03 13:42:56,303] {logging_mixin.py:109} INFO - [2022-01-03 13:42:56,302] {providers_manager.py:156} WARNING - Exception when importing 'airflow.providers.google.leveldb.hooks.leveldb.LevelDBHook' from 'apache-airflow-providers-google' package: No module named 'plyvel'
[2022-01-03 13:42:57,492] {logging_mixin.py:109} INFO - [2022-01-03 13:42:57,492] {providers_manager.py:156} WARNING - Exception when importing 'airflow.providers.google.leveldb.hooks.leveldb.LevelDBHook' from 'apache-airflow-providers-google' package: No module named 'plyvel'
[2022-01-03 13:42:57,530] {logging_mixin.py:109} INFO - [2022-01-03 13:42:57,530] {manager.py:496} INFO - Created Permission View: can read on DAG:example_branch_dop_operator_v3
[2022-01-03 13:42:57,550] {logging_mixin.py:109} INFO - [2022-01-03 13:42:57,550] {manager.py:496} INFO - Created Permission View: can edit on DAG:example_branch_dop_operator_v3
[2022-01-03 13:42:57,551] {logging_mixin.py:109} INFO - [2022-01-03 13:42:57,551] {dag.py:2396} INFO - Sync 1 DAGs
[2022-01-03 13:42:57,570] {logging_mixin.py:109} INFO - [2022-01-03 13:42:57,570] {dag.py:2415} INFO - Creating ORM DAG for example_branch_dop_operator_v3
[2022-01-03 13:42:57,603] {logging_mixin.py:109} INFO - [2022-01-03 13:42:57,603] {dag.py:2928} INFO - Setting next_dagrun for example_branch_dop_operator_v3 to 2022-01-03T13:41:00+00:00
[2022-01-03 13:42:57,637] {processor.py:171} INFO - Processing /home/airflow/.local/lib/python3.7/site-packages/airflow/example_dags/example_branch_python_dop_operator_3.py took 3.837 seconds
[2022-01-03 13:43:28,375] {processor.py:163} INFO - Started process (PID=254) to work on /home/airflow/.local/lib/python3.7/site-packages/airflow/example_dags/example_branch_python_dop_operator_3.py
[2022-01-03 13:43:28,376] {processor.py:625} INFO - Processing file /home/airflow/.local/lib/python3.7/site-packages/airflow/example_dags/example_branch_python_dop_operator_3.py for tasks to queue
[2022-01-03 13:43:28,377] {logging_mixin.py:109} INFO - [2022-01-03 13:43:28,377] {dagbag.py:500} INFO - Filling up the DagBag from /home/airflow/.local/lib/python3.7/site-packages/airflow/example_dags/example_branch_python_dop_operator_3.py
[2022-01-03 13:43:28,406] {processor.py:637} INFO - DAG(s) dict_keys(['example_branch_dop_operator_v3']) retrieved from /home/airflow/.local/lib/python3.7/site-packages/airflow/example_dags/example_branch_python_dop_operator_3.py
[2022-01-03 13:43:28,415] {logging_mixin.py:109} INFO - [2022-01-03 13:43:28,415] {dag.py:2396} INFO - Sync 1 DAGs
[2022-01-03 13:43:28,438] {logging_mixin.py:109} INFO - [2022-01-03 13:43:28,438] {dag.py:2928} INFO - Setting next_dagrun for example_branch_dop_operator_v3 to 2022-01-03T13:42:00+00:00
[2022-01-03 13:43:28,447] {processor.py:171} INFO - Processing /home/airflow/.local/lib/python3.7/site-packages/airflow/example_dags/example_branch_python_dop_operator_3.py took 0.075 seconds
[2022-01-03 13:43:59,466] {processor.py:163} INFO - Started process (PID=313) to work on /home/airflow/.local/lib/python3.7/site-packages/airflow/example_dags/example_branch_python_dop_operator_3.py
[2022-01-03 13:43:59,470] {processor.py:625} INFO - Processing file /home/airflow/.local/lib/python3.7/site-packages/airflow/example_dags/example_branch_python_dop_operator_3.py for tasks to queue
[2022-01-03 13:43:59,475] {logging_mixin.py:109} INFO - [2022-01-03 13:43:59,475] {dagbag.py:500} INFO - Filling up the DagBag from /home/airflow/.local/lib/python3.7/site-packages/airflow/example_dags/example_branch_python_dop_operator_3.py
[2022-01-03 13:43:59,645] {processor.py:637} INFO - DAG(s) dict_keys(['example_branch_dop_operator_v3']) retrieved from /home/airflow/.local/lib/python3.7/site-packages/airflow/example_dags/example_branch_python_dop_operator_3.py
[2022-01-03 13:43:59,705] {logging_mixin.py:109} INFO - [2022-01-03 13:43:59,705] {dag.py:2396} INFO - Sync 1 DAGs
[2022-01-03 13:43:59,832] {logging_mixin.py:109} INFO - [2022-01-03 13:43:59,831] {dag.py:2928} INFO - Setting next_dagrun for example_branch_dop_operator_v3 to 2022-01-03T13:42:00+00:00
[2022-01-03 13:43:59,858] {processor.py:171} INFO - Processing /home/airflow/.local/lib/python3.7/site-packages/airflow/example_dags/example_branch_python_dop_operator_3.py took 0.413 seconds
[2022-01-03 13:44:30,421] {processor.py:163} INFO - Started process (PID=363) to work on /home/airflow/.local/lib/python3.7/site-packages/airflow/example_dags/example_branch_python_dop_operator_3.py
[2022-01-03 13:44:30,423] {processor.py:625} INFO - Processing file /home/airflow/.local/lib/python3.7/site-packages/airflow/example_dags/example_branch_python_dop_operator_3.py for tasks to queue
[2022-01-03 13:44:30,424] {logging_mixin.py:109} INFO - [2022-01-03 13:44:30,424] {dagbag.py:500} INFO - Filling up the DagBag from /home/airflow/.local/lib/python3.7/site-packages/airflow/example_dags/example_branch_python_dop_operator_3.py
[2022-01-03 13:44:30,469] {processor.py:637} INFO - DAG(s) dict_keys(['example_branch_dop_operator_v3']) retrieved from /home/airflow/.local/lib/python3.7/site-packages/airflow/example_dags/example_branch_python_dop_operator_3.py
[2022-01-03 13:44:30,482] {logging_mixin.py:109} INFO - [2022-01-03 13:44:30,482] {dag.py:2396} INFO - Sync 1 DAGs
[2022-01-03 13:44:30,506] {logging_mixin.py:109} INFO - [2022-01-03 13:44:30,506] {dag.py:2928} INFO - Setting next_dagrun for example_branch_dop_operator_v3 to 2022-01-03T13:43:00+00:00
[2022-01-03 13:44:30,516] {processor.py:171} INFO - Processing /home/airflow/.local/lib/python3.7/site-packages/airflow/example_dags/example_branch_python_dop_operator_3.py took 0.100 seconds
[2022-01-03 13:45:00,900] {processor.py:163} INFO - Started process (PID=412) to work on /home/airflow/.local/lib/python3.7/site-packages/airflow/example_dags/example_branch_python_dop_operator_3.py
[2022-01-03 13:45:00,902] {processor.py:625} INFO - Processing file /home/airflow/.local/lib/python3.7/site-packages/airflow/example_dags/example_branch_python_dop_operator_3.py for tasks to queue
[2022-01-03 13:45:00,903] {logging_mixin.py:109} INFO - [2022-01-03 13:45:00,903] {dagbag.py:500} INFO - Filling up the DagBag from /home/airflow/.local/lib/python3.7/site-packages/airflow/example_dags/example_branch_python_dop_operator_3.py
[2022-01-03 13:45:00,961] {processor.py:637} INFO - DAG(s) dict_keys(['example_branch_dop_operator_v3']) retrieved from /home/airflow/.local/lib/python3.7/site-packages/airflow/example_dags/example_branch_python_dop_operator_3.py
[2022-01-03 13:45:00,978] {logging_mixin.py:109} INFO - [2022-01-03 13:45:00,977] {dag.py:2396} INFO - Sync 1 DAGs
[2022-01-03 13:45:01,007] {logging_mixin.py:109} INFO - [2022-01-03 13:45:01,006] {dag.py:2928} INFO - Setting next_dagrun for example_branch_dop_operator_v3 to 2022-01-03T13:44:00+00:00
[2022-01-03 13:45:01,017] {processor.py:171} INFO - Processing /home/airflow/.local/lib/python3.7/site-packages/airflow/example_dags/example_branch_python_dop_operator_3.py took 0.121 seconds
[2022-01-03 13:45:31,417] {processor.py:163} INFO - Started process (PID=464) to work on /home/airflow/.local/lib/python3.7/site-packages/airflow/example_dags/example_branch_python_dop_operator_3.py
[2022-01-03 13:45:31,418] {processor.py:625} INFO - Processing file /home/airflow/.local/lib/python3.7/site-packages/airflow/example_dags/example_branch_python_dop_operator_3.py for tasks to queue
[2022-01-03 13:45:31,419] {logging_mixin.py:109} INFO - [2022-01-03 13:45:31,419] {dagbag.py:500} INFO - Filling up the DagBag from /home/airflow/.local/lib/python3.7/site-packages/airflow/example_dags/example_branch_python_dop_operator_3.py
[2022-01-03 13:45:31,456] {processor.py:637} INFO - DAG(s) dict_keys(['example_branch_dop_operator_v3']) retrieved from /home/airflow/.local/lib/python3.7/site-packages/airflow/example_dags/example_branch_python_dop_operator_3.py
[2022-01-03 13:45:31,468] {logging_mixin.py:109} INFO - [2022-01-03 13:45:31,468] {dag.py:2396} INFO - Sync 1 DAGs
[2022-01-03 13:45:31,508] {logging_mixin.py:109} INFO - [2022-01-03 13:45:31,508] {dag.py:2928} INFO - Setting next_dagrun for example_branch_dop_operator_v3 to 2022-01-03T13:44:00+00:00
[2022-01-03 13:45:31,521] {processor.py:171} INFO - Processing /home/airflow/.local/lib/python3.7/site-packages/airflow/example_dags/example_branch_python_dop_operator_3.py took 0.107 seconds
[2022-01-03 13:46:01,611] {processor.py:163} INFO - Started process (PID=527) to work on /home/airflow/.local/lib/python3.7/site-packages/airflow/example_dags/example_branch_python_dop_operator_3.py
[2022-01-03 13:46:01,612] {processor.py:625} INFO - Processing file /home/airflow/.local/lib/python3.7/site-packages/airflow/example_dags/example_branch_python_dop_operator_3.py for tasks to queue
[2022-01-03 13:46:01,613] {logging_mixin.py:109} INFO - [2022-01-03 13:46:01,613] {dagbag.py:500} INFO - Filling up the DagBag from /home/airflow/.local/lib/python3.7/site-packages/airflow/example_dags/example_branch_python_dop_operator_3.py
[2022-01-03 13:46:01,659] {processor.py:637} INFO - DAG(s) dict_keys(['example_branch_dop_operator_v3']) retrieved from /home/airflow/.local/lib/python3.7/site-packages/airflow/example_dags/example_branch_python_dop_operator_3.py
[2022-01-03 13:46:01,678] {logging_mixin.py:109} INFO - [2022-01-03 13:46:01,678] {dag.py:2396} INFO - Sync 1 DAGs
[2022-01-03 13:46:01,715] {logging_mixin.py:109} INFO - [2022-01-03 13:46:01,715] {dag.py:2928} INFO - Setting next_dagrun for example_branch_dop_operator_v3 to 2022-01-03T13:45:00+00:00
[2022-01-03 13:46:01,729] {processor.py:171} INFO - Processing /home/airflow/.local/lib/python3.7/site-packages/airflow/example_dags/example_branch_python_dop_operator_3.py took 0.122 seconds
[2022-01-03 13:46:32,500] {processor.py:163} INFO - Started process (PID=578) to work on /home/airflow/.local/lib/python3.7/site-packages/airflow/example_dags/example_branch_python_dop_operator_3.py
[2022-01-03 13:46:32,503] {processor.py:625} INFO - Processing file /home/airflow/.local/lib/python3.7/site-packages/airflow/example_dags/example_branch_python_dop_operator_3.py for tasks to queue
[2022-01-03 13:46:32,504] {logging_mixin.py:109} INFO - [2022-01-03 13:46:32,504] {dagbag.py:500} INFO - Filling up the DagBag from /home/airflow/.local/lib/python3.7/site-packages/airflow/example_dags/example_branch_python_dop_operator_3.py
[2022-01-03 13:46:32,592] {processor.py:637} INFO - DAG(s) dict_keys(['example_branch_dop_operator_v3']) retrieved from /home/airflow/.local/lib/python3.7/site-packages/airflow/example_dags/example_branch_python_dop_operator_3.py
[2022-01-03 13:46:32,617] {logging_mixin.py:109} INFO - [2022-01-03 13:46:32,617] {dag.py:2396} INFO - Sync 1 DAGs
[2022-01-03 13:46:32,669] {logging_mixin.py:109} INFO - [2022-01-03 13:46:32,669] {dag.py:2928} INFO - Setting next_dagrun for example_branch_dop_operator_v3 to 2022-01-03T13:45:00+00:00
[2022-01-03 13:46:32,689] {processor.py:171} INFO - Processing /home/airflow/.local/lib/python3.7/site-packages/airflow/example_dags/example_branch_python_dop_operator_3.py took 0.198 seconds
