[2022-01-03 12:28:38,116] {processor.py:163} INFO - Started process (PID=203) to work on /home/airflow/.local/lib/python3.7/site-packages/airflow/example_dags/example_branch_datetime_operator.py
[2022-01-03 12:28:38,117] {processor.py:625} INFO - Processing file /home/airflow/.local/lib/python3.7/site-packages/airflow/example_dags/example_branch_datetime_operator.py for tasks to queue
[2022-01-03 12:28:38,118] {logging_mixin.py:109} INFO - [2022-01-03 12:28:38,118] {dagbag.py:500} INFO - Filling up the DagBag from /home/airflow/.local/lib/python3.7/site-packages/airflow/example_dags/example_branch_datetime_operator.py
[2022-01-03 12:28:38,157] {processor.py:637} INFO - DAG(s) dict_keys(['example_branch_datetime_operator_2']) retrieved from /home/airflow/.local/lib/python3.7/site-packages/airflow/example_dags/example_branch_datetime_operator.py
[2022-01-03 12:28:40,292] {logging_mixin.py:109} INFO - [2022-01-03 12:28:40,292] {providers_manager.py:156} WARNING - Exception when importing 'airflow.providers.google.leveldb.hooks.leveldb.LevelDBHook' from 'apache-airflow-providers-google' package: No module named 'plyvel'
[2022-01-03 12:28:41,198] {logging_mixin.py:109} INFO - [2022-01-03 12:28:41,197] {providers_manager.py:156} WARNING - Exception when importing 'airflow.providers.google.leveldb.hooks.leveldb.LevelDBHook' from 'apache-airflow-providers-google' package: No module named 'plyvel'
[2022-01-03 12:28:41,242] {logging_mixin.py:109} INFO - [2022-01-03 12:28:41,242] {manager.py:496} INFO - Created Permission View: can read on DAG:example_branch_datetime_operator_2
[2022-01-03 12:28:41,257] {logging_mixin.py:109} INFO - [2022-01-03 12:28:41,256] {manager.py:496} INFO - Created Permission View: can edit on DAG:example_branch_datetime_operator_2
[2022-01-03 12:28:41,257] {logging_mixin.py:109} INFO - [2022-01-03 12:28:41,257] {dag.py:2396} INFO - Sync 1 DAGs
[2022-01-03 12:28:41,278] {logging_mixin.py:109} INFO - [2022-01-03 12:28:41,278] {dag.py:2415} INFO - Creating ORM DAG for example_branch_datetime_operator_2
[2022-01-03 12:28:41,298] {logging_mixin.py:109} INFO - [2022-01-03 12:28:41,297] {dag.py:2928} INFO - Setting next_dagrun for example_branch_datetime_operator_2 to 2022-01-02 00:00:00+00:00
[2022-01-03 12:28:41,334] {processor.py:171} INFO - Processing /home/airflow/.local/lib/python3.7/site-packages/airflow/example_dags/example_branch_datetime_operator.py took 3.224 seconds
[2022-01-03 12:29:11,825] {processor.py:163} INFO - Started process (PID=295) to work on /home/airflow/.local/lib/python3.7/site-packages/airflow/example_dags/example_branch_datetime_operator.py
[2022-01-03 12:29:11,826] {processor.py:625} INFO - Processing file /home/airflow/.local/lib/python3.7/site-packages/airflow/example_dags/example_branch_datetime_operator.py for tasks to queue
[2022-01-03 12:29:11,827] {logging_mixin.py:109} INFO - [2022-01-03 12:29:11,827] {dagbag.py:500} INFO - Filling up the DagBag from /home/airflow/.local/lib/python3.7/site-packages/airflow/example_dags/example_branch_datetime_operator.py
[2022-01-03 12:29:11,866] {processor.py:637} INFO - DAG(s) dict_keys(['example_branch_datetime_operator_2']) retrieved from /home/airflow/.local/lib/python3.7/site-packages/airflow/example_dags/example_branch_datetime_operator.py
[2022-01-03 12:29:11,880] {logging_mixin.py:109} INFO - [2022-01-03 12:29:11,879] {dag.py:2396} INFO - Sync 1 DAGs
[2022-01-03 12:29:11,912] {logging_mixin.py:109} INFO - [2022-01-03 12:29:11,912] {dag.py:2928} INFO - Setting next_dagrun for example_branch_datetime_operator_2 to 2022-01-02 00:00:00+00:00
[2022-01-03 12:29:11,926] {processor.py:171} INFO - Processing /home/airflow/.local/lib/python3.7/site-packages/airflow/example_dags/example_branch_datetime_operator.py took 0.106 seconds
[2022-01-03 12:29:42,118] {processor.py:163} INFO - Started process (PID=346) to work on /home/airflow/.local/lib/python3.7/site-packages/airflow/example_dags/example_branch_datetime_operator.py
[2022-01-03 12:29:42,120] {processor.py:625} INFO - Processing file /home/airflow/.local/lib/python3.7/site-packages/airflow/example_dags/example_branch_datetime_operator.py for tasks to queue
[2022-01-03 12:29:42,121] {logging_mixin.py:109} INFO - [2022-01-03 12:29:42,121] {dagbag.py:500} INFO - Filling up the DagBag from /home/airflow/.local/lib/python3.7/site-packages/airflow/example_dags/example_branch_datetime_operator.py
[2022-01-03 12:29:42,165] {processor.py:637} INFO - DAG(s) dict_keys(['example_branch_datetime_operator_2']) retrieved from /home/airflow/.local/lib/python3.7/site-packages/airflow/example_dags/example_branch_datetime_operator.py
[2022-01-03 12:29:42,182] {logging_mixin.py:109} INFO - [2022-01-03 12:29:42,181] {dag.py:2396} INFO - Sync 1 DAGs
[2022-01-03 12:29:42,208] {logging_mixin.py:109} INFO - [2022-01-03 12:29:42,207] {dag.py:2928} INFO - Setting next_dagrun for example_branch_datetime_operator_2 to 2022-01-02 00:00:00+00:00
[2022-01-03 12:29:42,219] {processor.py:171} INFO - Processing /home/airflow/.local/lib/python3.7/site-packages/airflow/example_dags/example_branch_datetime_operator.py took 0.105 seconds
[2022-01-03 12:30:12,465] {processor.py:163} INFO - Started process (PID=398) to work on /home/airflow/.local/lib/python3.7/site-packages/airflow/example_dags/example_branch_datetime_operator.py
[2022-01-03 12:30:12,483] {processor.py:625} INFO - Processing file /home/airflow/.local/lib/python3.7/site-packages/airflow/example_dags/example_branch_datetime_operator.py for tasks to queue
[2022-01-03 12:30:12,484] {logging_mixin.py:109} INFO - [2022-01-03 12:30:12,484] {dagbag.py:500} INFO - Filling up the DagBag from /home/airflow/.local/lib/python3.7/site-packages/airflow/example_dags/example_branch_datetime_operator.py
[2022-01-03 12:30:12,607] {processor.py:637} INFO - DAG(s) dict_keys(['example_branch_datetime_operator_2']) retrieved from /home/airflow/.local/lib/python3.7/site-packages/airflow/example_dags/example_branch_datetime_operator.py
[2022-01-03 12:30:12,639] {logging_mixin.py:109} INFO - [2022-01-03 12:30:12,638] {dag.py:2396} INFO - Sync 1 DAGs
[2022-01-03 12:30:12,698] {logging_mixin.py:109} INFO - [2022-01-03 12:30:12,698] {dag.py:2928} INFO - Setting next_dagrun for example_branch_datetime_operator_2 to 2022-01-02 00:00:00+00:00
[2022-01-03 12:30:12,723] {processor.py:171} INFO - Processing /home/airflow/.local/lib/python3.7/site-packages/airflow/example_dags/example_branch_datetime_operator.py took 0.262 seconds
[2022-01-03 12:30:43,547] {processor.py:163} INFO - Started process (PID=451) to work on /home/airflow/.local/lib/python3.7/site-packages/airflow/example_dags/example_branch_datetime_operator.py
[2022-01-03 12:30:43,550] {processor.py:625} INFO - Processing file /home/airflow/.local/lib/python3.7/site-packages/airflow/example_dags/example_branch_datetime_operator.py for tasks to queue
[2022-01-03 12:30:43,551] {logging_mixin.py:109} INFO - [2022-01-03 12:30:43,551] {dagbag.py:500} INFO - Filling up the DagBag from /home/airflow/.local/lib/python3.7/site-packages/airflow/example_dags/example_branch_datetime_operator.py
[2022-01-03 12:30:43,601] {processor.py:637} INFO - DAG(s) dict_keys(['example_branch_datetime_operator_2']) retrieved from /home/airflow/.local/lib/python3.7/site-packages/airflow/example_dags/example_branch_datetime_operator.py
[2022-01-03 12:30:43,615] {logging_mixin.py:109} INFO - [2022-01-03 12:30:43,615] {dag.py:2396} INFO - Sync 1 DAGs
[2022-01-03 12:30:43,645] {logging_mixin.py:109} INFO - [2022-01-03 12:30:43,645] {dag.py:2928} INFO - Setting next_dagrun for example_branch_datetime_operator_2 to 2022-01-02 00:00:00+00:00
[2022-01-03 12:30:43,673] {processor.py:171} INFO - Processing /home/airflow/.local/lib/python3.7/site-packages/airflow/example_dags/example_branch_datetime_operator.py took 0.134 seconds
[2022-01-03 12:31:14,076] {processor.py:163} INFO - Started process (PID=493) to work on /home/airflow/.local/lib/python3.7/site-packages/airflow/example_dags/example_branch_datetime_operator.py
[2022-01-03 12:31:14,077] {processor.py:625} INFO - Processing file /home/airflow/.local/lib/python3.7/site-packages/airflow/example_dags/example_branch_datetime_operator.py for tasks to queue
[2022-01-03 12:31:14,077] {logging_mixin.py:109} INFO - [2022-01-03 12:31:14,077] {dagbag.py:500} INFO - Filling up the DagBag from /home/airflow/.local/lib/python3.7/site-packages/airflow/example_dags/example_branch_datetime_operator.py
[2022-01-03 12:31:14,119] {processor.py:637} INFO - DAG(s) dict_keys(['example_branch_datetime_operator_2']) retrieved from /home/airflow/.local/lib/python3.7/site-packages/airflow/example_dags/example_branch_datetime_operator.py
[2022-01-03 12:31:14,135] {logging_mixin.py:109} INFO - [2022-01-03 12:31:14,135] {dag.py:2396} INFO - Sync 1 DAGs
[2022-01-03 12:31:14,160] {logging_mixin.py:109} INFO - [2022-01-03 12:31:14,160] {dag.py:2928} INFO - Setting next_dagrun for example_branch_datetime_operator_2 to 2022-01-02 00:00:00+00:00
[2022-01-03 12:31:14,174] {processor.py:171} INFO - Processing /home/airflow/.local/lib/python3.7/site-packages/airflow/example_dags/example_branch_datetime_operator.py took 0.102 seconds
[2022-01-03 12:31:44,467] {processor.py:163} INFO - Started process (PID=551) to work on /home/airflow/.local/lib/python3.7/site-packages/airflow/example_dags/example_branch_datetime_operator.py
[2022-01-03 12:31:44,475] {processor.py:625} INFO - Processing file /home/airflow/.local/lib/python3.7/site-packages/airflow/example_dags/example_branch_datetime_operator.py for tasks to queue
[2022-01-03 12:31:44,485] {logging_mixin.py:109} INFO - [2022-01-03 12:31:44,475] {dagbag.py:500} INFO - Filling up the DagBag from /home/airflow/.local/lib/python3.7/site-packages/airflow/example_dags/example_branch_datetime_operator.py
[2022-01-03 12:31:44,562] {processor.py:637} INFO - DAG(s) dict_keys(['example_branch_datetime_operator_2']) retrieved from /home/airflow/.local/lib/python3.7/site-packages/airflow/example_dags/example_branch_datetime_operator.py
[2022-01-03 12:31:44,590] {logging_mixin.py:109} INFO - [2022-01-03 12:31:44,590] {dag.py:2396} INFO - Sync 1 DAGs
[2022-01-03 12:31:44,658] {logging_mixin.py:109} INFO - [2022-01-03 12:31:44,657] {dag.py:2928} INFO - Setting next_dagrun for example_branch_datetime_operator_2 to 2022-01-03T00:00:00+00:00
[2022-01-03 12:31:44,700] {processor.py:171} INFO - Processing /home/airflow/.local/lib/python3.7/site-packages/airflow/example_dags/example_branch_datetime_operator.py took 0.248 seconds
[2022-01-03 12:32:14,772] {processor.py:163} INFO - Started process (PID=601) to work on /home/airflow/.local/lib/python3.7/site-packages/airflow/example_dags/example_branch_datetime_operator.py
[2022-01-03 12:32:14,774] {processor.py:625} INFO - Processing file /home/airflow/.local/lib/python3.7/site-packages/airflow/example_dags/example_branch_datetime_operator.py for tasks to queue
[2022-01-03 12:32:14,774] {logging_mixin.py:109} INFO - [2022-01-03 12:32:14,774] {dagbag.py:500} INFO - Filling up the DagBag from /home/airflow/.local/lib/python3.7/site-packages/airflow/example_dags/example_branch_datetime_operator.py
[2022-01-03 12:32:14,820] {processor.py:637} INFO - DAG(s) dict_keys(['example_branch_datetime_operator_2']) retrieved from /home/airflow/.local/lib/python3.7/site-packages/airflow/example_dags/example_branch_datetime_operator.py
[2022-01-03 12:32:14,838] {logging_mixin.py:109} INFO - [2022-01-03 12:32:14,838] {dag.py:2396} INFO - Sync 1 DAGs
[2022-01-03 12:32:14,870] {logging_mixin.py:109} INFO - [2022-01-03 12:32:14,870] {dag.py:2928} INFO - Setting next_dagrun for example_branch_datetime_operator_2 to 2022-01-03T00:00:00+00:00
[2022-01-03 12:32:14,883] {processor.py:171} INFO - Processing /home/airflow/.local/lib/python3.7/site-packages/airflow/example_dags/example_branch_datetime_operator.py took 0.116 seconds
[2022-01-03 13:13:48,313] {processor.py:163} INFO - Started process (PID=71) to work on /home/airflow/.local/lib/python3.7/site-packages/airflow/example_dags/example_branch_datetime_operator.py
[2022-01-03 13:13:48,323] {processor.py:625} INFO - Processing file /home/airflow/.local/lib/python3.7/site-packages/airflow/example_dags/example_branch_datetime_operator.py for tasks to queue
[2022-01-03 13:13:48,324] {logging_mixin.py:109} INFO - [2022-01-03 13:13:48,324] {dagbag.py:500} INFO - Filling up the DagBag from /home/airflow/.local/lib/python3.7/site-packages/airflow/example_dags/example_branch_datetime_operator.py
[2022-01-03 13:13:48,502] {processor.py:637} INFO - DAG(s) dict_keys(['example_branch_datetime_operator_2']) retrieved from /home/airflow/.local/lib/python3.7/site-packages/airflow/example_dags/example_branch_datetime_operator.py
[2022-01-03 13:13:48,543] {logging_mixin.py:109} INFO - [2022-01-03 13:13:48,543] {dag.py:2396} INFO - Sync 1 DAGs
[2022-01-03 13:13:48,642] {logging_mixin.py:109} INFO - [2022-01-03 13:13:48,642] {dag.py:2928} INFO - Setting next_dagrun for example_branch_datetime_operator_2 to 2022-01-03T00:00:00+00:00
[2022-01-03 13:13:48,676] {processor.py:171} INFO - Processing /home/airflow/.local/lib/python3.7/site-packages/airflow/example_dags/example_branch_datetime_operator.py took 0.381 seconds
[2022-01-03 13:14:19,172] {processor.py:163} INFO - Started process (PID=129) to work on /home/airflow/.local/lib/python3.7/site-packages/airflow/example_dags/example_branch_datetime_operator.py
[2022-01-03 13:14:19,174] {processor.py:625} INFO - Processing file /home/airflow/.local/lib/python3.7/site-packages/airflow/example_dags/example_branch_datetime_operator.py for tasks to queue
[2022-01-03 13:14:19,174] {logging_mixin.py:109} INFO - [2022-01-03 13:14:19,174] {dagbag.py:500} INFO - Filling up the DagBag from /home/airflow/.local/lib/python3.7/site-packages/airflow/example_dags/example_branch_datetime_operator.py
[2022-01-03 13:14:19,213] {processor.py:637} INFO - DAG(s) dict_keys(['example_branch_datetime_operator_2']) retrieved from /home/airflow/.local/lib/python3.7/site-packages/airflow/example_dags/example_branch_datetime_operator.py
[2022-01-03 13:14:19,226] {logging_mixin.py:109} INFO - [2022-01-03 13:14:19,226] {dag.py:2396} INFO - Sync 1 DAGs
[2022-01-03 13:14:19,252] {logging_mixin.py:109} INFO - [2022-01-03 13:14:19,252] {dag.py:2928} INFO - Setting next_dagrun for example_branch_datetime_operator_2 to 2022-01-03T00:00:00+00:00
[2022-01-03 13:14:19,265] {processor.py:171} INFO - Processing /home/airflow/.local/lib/python3.7/site-packages/airflow/example_dags/example_branch_datetime_operator.py took 0.099 seconds
[2022-01-03 13:14:49,644] {processor.py:163} INFO - Started process (PID=183) to work on /home/airflow/.local/lib/python3.7/site-packages/airflow/example_dags/example_branch_datetime_operator.py
[2022-01-03 13:14:49,655] {processor.py:625} INFO - Processing file /home/airflow/.local/lib/python3.7/site-packages/airflow/example_dags/example_branch_datetime_operator.py for tasks to queue
[2022-01-03 13:14:49,656] {logging_mixin.py:109} INFO - [2022-01-03 13:14:49,656] {dagbag.py:500} INFO - Filling up the DagBag from /home/airflow/.local/lib/python3.7/site-packages/airflow/example_dags/example_branch_datetime_operator.py
[2022-01-03 13:14:49,743] {processor.py:637} INFO - DAG(s) dict_keys(['example_branch_datetime_operator_2']) retrieved from /home/airflow/.local/lib/python3.7/site-packages/airflow/example_dags/example_branch_datetime_operator.py
[2022-01-03 13:14:49,774] {logging_mixin.py:109} INFO - [2022-01-03 13:14:49,774] {dag.py:2396} INFO - Sync 1 DAGs
[2022-01-03 13:14:49,894] {logging_mixin.py:109} INFO - [2022-01-03 13:14:49,894] {dag.py:2928} INFO - Setting next_dagrun for example_branch_datetime_operator_2 to 2022-01-03T00:00:00+00:00
[2022-01-03 13:14:49,927] {processor.py:171} INFO - Processing /home/airflow/.local/lib/python3.7/site-packages/airflow/example_dags/example_branch_datetime_operator.py took 0.294 seconds
[2022-01-03 13:15:20,477] {processor.py:163} INFO - Started process (PID=235) to work on /home/airflow/.local/lib/python3.7/site-packages/airflow/example_dags/example_branch_datetime_operator.py
[2022-01-03 13:15:20,478] {processor.py:625} INFO - Processing file /home/airflow/.local/lib/python3.7/site-packages/airflow/example_dags/example_branch_datetime_operator.py for tasks to queue
[2022-01-03 13:15:20,478] {logging_mixin.py:109} INFO - [2022-01-03 13:15:20,478] {dagbag.py:500} INFO - Filling up the DagBag from /home/airflow/.local/lib/python3.7/site-packages/airflow/example_dags/example_branch_datetime_operator.py
[2022-01-03 13:15:20,512] {processor.py:637} INFO - DAG(s) dict_keys(['example_branch_datetime_operator_2']) retrieved from /home/airflow/.local/lib/python3.7/site-packages/airflow/example_dags/example_branch_datetime_operator.py
[2022-01-03 13:15:20,524] {logging_mixin.py:109} INFO - [2022-01-03 13:15:20,524] {dag.py:2396} INFO - Sync 1 DAGs
[2022-01-03 13:15:20,551] {logging_mixin.py:109} INFO - [2022-01-03 13:15:20,551] {dag.py:2928} INFO - Setting next_dagrun for example_branch_datetime_operator_2 to 2022-01-03T00:00:00+00:00
[2022-01-03 13:15:20,564] {processor.py:171} INFO - Processing /home/airflow/.local/lib/python3.7/site-packages/airflow/example_dags/example_branch_datetime_operator.py took 0.090 seconds
[2022-01-03 13:15:51,346] {processor.py:163} INFO - Started process (PID=301) to work on /home/airflow/.local/lib/python3.7/site-packages/airflow/example_dags/example_branch_datetime_operator.py
[2022-01-03 13:15:51,357] {processor.py:625} INFO - Processing file /home/airflow/.local/lib/python3.7/site-packages/airflow/example_dags/example_branch_datetime_operator.py for tasks to queue
[2022-01-03 13:15:51,357] {logging_mixin.py:109} INFO - [2022-01-03 13:15:51,357] {dagbag.py:500} INFO - Filling up the DagBag from /home/airflow/.local/lib/python3.7/site-packages/airflow/example_dags/example_branch_datetime_operator.py
[2022-01-03 13:15:51,396] {processor.py:637} INFO - DAG(s) dict_keys(['example_branch_datetime_operator_2']) retrieved from /home/airflow/.local/lib/python3.7/site-packages/airflow/example_dags/example_branch_datetime_operator.py
[2022-01-03 13:15:51,410] {logging_mixin.py:109} INFO - [2022-01-03 13:15:51,410] {dag.py:2396} INFO - Sync 1 DAGs
[2022-01-03 13:15:51,441] {logging_mixin.py:109} INFO - [2022-01-03 13:15:51,441] {dag.py:2928} INFO - Setting next_dagrun for example_branch_datetime_operator_2 to 2022-01-03T00:00:00+00:00
[2022-01-03 13:15:51,454] {processor.py:171} INFO - Processing /home/airflow/.local/lib/python3.7/site-packages/airflow/example_dags/example_branch_datetime_operator.py took 0.112 seconds
[2022-01-03 13:16:21,929] {processor.py:163} INFO - Started process (PID=357) to work on /home/airflow/.local/lib/python3.7/site-packages/airflow/example_dags/example_branch_datetime_operator.py
[2022-01-03 13:16:21,930] {processor.py:625} INFO - Processing file /home/airflow/.local/lib/python3.7/site-packages/airflow/example_dags/example_branch_datetime_operator.py for tasks to queue
[2022-01-03 13:16:21,931] {logging_mixin.py:109} INFO - [2022-01-03 13:16:21,931] {dagbag.py:500} INFO - Filling up the DagBag from /home/airflow/.local/lib/python3.7/site-packages/airflow/example_dags/example_branch_datetime_operator.py
[2022-01-03 13:16:21,969] {processor.py:637} INFO - DAG(s) dict_keys(['example_branch_datetime_operator_2']) retrieved from /home/airflow/.local/lib/python3.7/site-packages/airflow/example_dags/example_branch_datetime_operator.py
[2022-01-03 13:16:21,981] {logging_mixin.py:109} INFO - [2022-01-03 13:16:21,981] {dag.py:2396} INFO - Sync 1 DAGs
[2022-01-03 13:16:22,003] {logging_mixin.py:109} INFO - [2022-01-03 13:16:22,003] {dag.py:2928} INFO - Setting next_dagrun for example_branch_datetime_operator_2 to 2022-01-03T00:00:00+00:00
[2022-01-03 13:16:22,015] {processor.py:171} INFO - Processing /home/airflow/.local/lib/python3.7/site-packages/airflow/example_dags/example_branch_datetime_operator.py took 0.092 seconds
[2022-01-03 13:16:53,000] {processor.py:163} INFO - Started process (PID=407) to work on /home/airflow/.local/lib/python3.7/site-packages/airflow/example_dags/example_branch_datetime_operator.py
[2022-01-03 13:16:53,001] {processor.py:625} INFO - Processing file /home/airflow/.local/lib/python3.7/site-packages/airflow/example_dags/example_branch_datetime_operator.py for tasks to queue
[2022-01-03 13:16:53,002] {logging_mixin.py:109} INFO - [2022-01-03 13:16:53,001] {dagbag.py:500} INFO - Filling up the DagBag from /home/airflow/.local/lib/python3.7/site-packages/airflow/example_dags/example_branch_datetime_operator.py
[2022-01-03 13:16:53,031] {processor.py:637} INFO - DAG(s) dict_keys(['example_branch_datetime_operator_2']) retrieved from /home/airflow/.local/lib/python3.7/site-packages/airflow/example_dags/example_branch_datetime_operator.py
[2022-01-03 13:16:53,041] {logging_mixin.py:109} INFO - [2022-01-03 13:16:53,041] {dag.py:2396} INFO - Sync 1 DAGs
[2022-01-03 13:16:53,063] {logging_mixin.py:109} INFO - [2022-01-03 13:16:53,063] {dag.py:2928} INFO - Setting next_dagrun for example_branch_datetime_operator_2 to 2022-01-03T00:00:00+00:00
[2022-01-03 13:16:53,074] {processor.py:171} INFO - Processing /home/airflow/.local/lib/python3.7/site-packages/airflow/example_dags/example_branch_datetime_operator.py took 0.077 seconds
[2022-01-03 13:17:23,899] {processor.py:163} INFO - Started process (PID=459) to work on /home/airflow/.local/lib/python3.7/site-packages/airflow/example_dags/example_branch_datetime_operator.py
[2022-01-03 13:17:23,901] {processor.py:625} INFO - Processing file /home/airflow/.local/lib/python3.7/site-packages/airflow/example_dags/example_branch_datetime_operator.py for tasks to queue
[2022-01-03 13:17:23,901] {logging_mixin.py:109} INFO - [2022-01-03 13:17:23,901] {dagbag.py:500} INFO - Filling up the DagBag from /home/airflow/.local/lib/python3.7/site-packages/airflow/example_dags/example_branch_datetime_operator.py
[2022-01-03 13:17:23,942] {processor.py:637} INFO - DAG(s) dict_keys(['example_branch_datetime_operator_2']) retrieved from /home/airflow/.local/lib/python3.7/site-packages/airflow/example_dags/example_branch_datetime_operator.py
[2022-01-03 13:17:23,955] {logging_mixin.py:109} INFO - [2022-01-03 13:17:23,955] {dag.py:2396} INFO - Sync 1 DAGs
[2022-01-03 13:17:23,983] {logging_mixin.py:109} INFO - [2022-01-03 13:17:23,983] {dag.py:2928} INFO - Setting next_dagrun for example_branch_datetime_operator_2 to 2022-01-03T00:00:00+00:00
[2022-01-03 13:17:23,996] {processor.py:171} INFO - Processing /home/airflow/.local/lib/python3.7/site-packages/airflow/example_dags/example_branch_datetime_operator.py took 0.101 seconds
[2022-01-03 13:17:54,241] {processor.py:163} INFO - Started process (PID=511) to work on /home/airflow/.local/lib/python3.7/site-packages/airflow/example_dags/example_branch_datetime_operator.py
[2022-01-03 13:17:54,242] {processor.py:625} INFO - Processing file /home/airflow/.local/lib/python3.7/site-packages/airflow/example_dags/example_branch_datetime_operator.py for tasks to queue
[2022-01-03 13:17:54,243] {logging_mixin.py:109} INFO - [2022-01-03 13:17:54,243] {dagbag.py:500} INFO - Filling up the DagBag from /home/airflow/.local/lib/python3.7/site-packages/airflow/example_dags/example_branch_datetime_operator.py
[2022-01-03 13:17:54,271] {processor.py:637} INFO - DAG(s) dict_keys(['example_branch_datetime_operator_2']) retrieved from /home/airflow/.local/lib/python3.7/site-packages/airflow/example_dags/example_branch_datetime_operator.py
[2022-01-03 13:17:54,282] {logging_mixin.py:109} INFO - [2022-01-03 13:17:54,281] {dag.py:2396} INFO - Sync 1 DAGs
[2022-01-03 13:17:54,307] {logging_mixin.py:109} INFO - [2022-01-03 13:17:54,307] {dag.py:2928} INFO - Setting next_dagrun for example_branch_datetime_operator_2 to 2022-01-03T00:00:00+00:00
[2022-01-03 13:17:54,318] {processor.py:171} INFO - Processing /home/airflow/.local/lib/python3.7/site-packages/airflow/example_dags/example_branch_datetime_operator.py took 0.080 seconds
[2022-01-03 13:18:24,936] {processor.py:163} INFO - Started process (PID=571) to work on /home/airflow/.local/lib/python3.7/site-packages/airflow/example_dags/example_branch_datetime_operator.py
[2022-01-03 13:18:24,937] {processor.py:625} INFO - Processing file /home/airflow/.local/lib/python3.7/site-packages/airflow/example_dags/example_branch_datetime_operator.py for tasks to queue
[2022-01-03 13:18:24,939] {logging_mixin.py:109} INFO - [2022-01-03 13:18:24,939] {dagbag.py:500} INFO - Filling up the DagBag from /home/airflow/.local/lib/python3.7/site-packages/airflow/example_dags/example_branch_datetime_operator.py
[2022-01-03 13:18:25,021] {processor.py:637} INFO - DAG(s) dict_keys(['example_branch_datetime_operator_2']) retrieved from /home/airflow/.local/lib/python3.7/site-packages/airflow/example_dags/example_branch_datetime_operator.py
[2022-01-03 13:18:25,037] {logging_mixin.py:109} INFO - [2022-01-03 13:18:25,037] {dag.py:2396} INFO - Sync 1 DAGs
[2022-01-03 13:18:25,075] {logging_mixin.py:109} INFO - [2022-01-03 13:18:25,075] {dag.py:2928} INFO - Setting next_dagrun for example_branch_datetime_operator_2 to 2022-01-03T00:00:00+00:00
[2022-01-03 13:18:25,109] {processor.py:171} INFO - Processing /home/airflow/.local/lib/python3.7/site-packages/airflow/example_dags/example_branch_datetime_operator.py took 0.187 seconds
[2022-01-03 13:18:55,617] {processor.py:163} INFO - Started process (PID=622) to work on /home/airflow/.local/lib/python3.7/site-packages/airflow/example_dags/example_branch_datetime_operator.py
[2022-01-03 13:18:55,620] {processor.py:625} INFO - Processing file /home/airflow/.local/lib/python3.7/site-packages/airflow/example_dags/example_branch_datetime_operator.py for tasks to queue
[2022-01-03 13:18:55,621] {logging_mixin.py:109} INFO - [2022-01-03 13:18:55,621] {dagbag.py:500} INFO - Filling up the DagBag from /home/airflow/.local/lib/python3.7/site-packages/airflow/example_dags/example_branch_datetime_operator.py
[2022-01-03 13:18:55,661] {processor.py:637} INFO - DAG(s) dict_keys(['example_branch_datetime_operator_2']) retrieved from /home/airflow/.local/lib/python3.7/site-packages/airflow/example_dags/example_branch_datetime_operator.py
[2022-01-03 13:18:55,677] {logging_mixin.py:109} INFO - [2022-01-03 13:18:55,677] {dag.py:2396} INFO - Sync 1 DAGs
[2022-01-03 13:18:55,732] {logging_mixin.py:109} INFO - [2022-01-03 13:18:55,732] {dag.py:2928} INFO - Setting next_dagrun for example_branch_datetime_operator_2 to 2022-01-03T00:00:00+00:00
[2022-01-03 13:18:55,748] {processor.py:171} INFO - Processing /home/airflow/.local/lib/python3.7/site-packages/airflow/example_dags/example_branch_datetime_operator.py took 0.135 seconds
[2022-01-03 13:19:26,201] {processor.py:163} INFO - Started process (PID=672) to work on /home/airflow/.local/lib/python3.7/site-packages/airflow/example_dags/example_branch_datetime_operator.py
[2022-01-03 13:19:26,204] {processor.py:625} INFO - Processing file /home/airflow/.local/lib/python3.7/site-packages/airflow/example_dags/example_branch_datetime_operator.py for tasks to queue
[2022-01-03 13:19:26,205] {logging_mixin.py:109} INFO - [2022-01-03 13:19:26,205] {dagbag.py:500} INFO - Filling up the DagBag from /home/airflow/.local/lib/python3.7/site-packages/airflow/example_dags/example_branch_datetime_operator.py
[2022-01-03 13:19:26,245] {processor.py:637} INFO - DAG(s) dict_keys(['example_branch_datetime_operator_2']) retrieved from /home/airflow/.local/lib/python3.7/site-packages/airflow/example_dags/example_branch_datetime_operator.py
[2022-01-03 13:19:26,256] {logging_mixin.py:109} INFO - [2022-01-03 13:19:26,256] {dag.py:2396} INFO - Sync 1 DAGs
[2022-01-03 13:19:26,290] {logging_mixin.py:109} INFO - [2022-01-03 13:19:26,290] {dag.py:2928} INFO - Setting next_dagrun for example_branch_datetime_operator_2 to 2022-01-03T00:00:00+00:00
[2022-01-03 13:19:26,319] {processor.py:171} INFO - Processing /home/airflow/.local/lib/python3.7/site-packages/airflow/example_dags/example_branch_datetime_operator.py took 0.142 seconds
[2022-01-03 13:19:56,940] {processor.py:163} INFO - Started process (PID=722) to work on /home/airflow/.local/lib/python3.7/site-packages/airflow/example_dags/example_branch_datetime_operator.py
[2022-01-03 13:19:56,942] {processor.py:625} INFO - Processing file /home/airflow/.local/lib/python3.7/site-packages/airflow/example_dags/example_branch_datetime_operator.py for tasks to queue
[2022-01-03 13:19:56,943] {logging_mixin.py:109} INFO - [2022-01-03 13:19:56,943] {dagbag.py:500} INFO - Filling up the DagBag from /home/airflow/.local/lib/python3.7/site-packages/airflow/example_dags/example_branch_datetime_operator.py
[2022-01-03 13:19:56,985] {processor.py:637} INFO - DAG(s) dict_keys(['example_branch_datetime_operator_2']) retrieved from /home/airflow/.local/lib/python3.7/site-packages/airflow/example_dags/example_branch_datetime_operator.py
[2022-01-03 13:19:57,007] {logging_mixin.py:109} INFO - [2022-01-03 13:19:57,006] {dag.py:2396} INFO - Sync 1 DAGs
[2022-01-03 13:19:57,044] {logging_mixin.py:109} INFO - [2022-01-03 13:19:57,044] {dag.py:2928} INFO - Setting next_dagrun for example_branch_datetime_operator_2 to 2022-01-03T00:00:00+00:00
[2022-01-03 13:19:57,062] {processor.py:171} INFO - Processing /home/airflow/.local/lib/python3.7/site-packages/airflow/example_dags/example_branch_datetime_operator.py took 0.125 seconds
[2022-01-03 13:20:27,934] {processor.py:163} INFO - Started process (PID=776) to work on /home/airflow/.local/lib/python3.7/site-packages/airflow/example_dags/example_branch_datetime_operator.py
[2022-01-03 13:20:27,936] {processor.py:625} INFO - Processing file /home/airflow/.local/lib/python3.7/site-packages/airflow/example_dags/example_branch_datetime_operator.py for tasks to queue
[2022-01-03 13:20:27,937] {logging_mixin.py:109} INFO - [2022-01-03 13:20:27,936] {dagbag.py:500} INFO - Filling up the DagBag from /home/airflow/.local/lib/python3.7/site-packages/airflow/example_dags/example_branch_datetime_operator.py
[2022-01-03 13:20:27,976] {processor.py:637} INFO - DAG(s) dict_keys(['example_branch_datetime_operator_2']) retrieved from /home/airflow/.local/lib/python3.7/site-packages/airflow/example_dags/example_branch_datetime_operator.py
[2022-01-03 13:20:28,396] {logging_mixin.py:109} INFO - [2022-01-03 13:20:28,395] {dag.py:2396} INFO - Sync 1 DAGs
[2022-01-03 13:20:28,405] {logging_mixin.py:109} INFO - [2022-01-03 13:20:28,405] {dag.py:2415} INFO - Creating ORM DAG for example_branch_datetime_operator_2
[2022-01-03 13:20:28,418] {logging_mixin.py:109} INFO - [2022-01-03 13:20:28,418] {dag.py:2928} INFO - Setting next_dagrun for example_branch_datetime_operator_2 to 2022-01-02 00:00:00+00:00
[2022-01-03 13:20:28,435] {processor.py:171} INFO - Processing /home/airflow/.local/lib/python3.7/site-packages/airflow/example_dags/example_branch_datetime_operator.py took 0.505 seconds
[2022-01-03 13:20:58,528] {processor.py:163} INFO - Started process (PID=827) to work on /home/airflow/.local/lib/python3.7/site-packages/airflow/example_dags/example_branch_datetime_operator.py
[2022-01-03 13:20:58,529] {processor.py:625} INFO - Processing file /home/airflow/.local/lib/python3.7/site-packages/airflow/example_dags/example_branch_datetime_operator.py for tasks to queue
[2022-01-03 13:20:58,530] {logging_mixin.py:109} INFO - [2022-01-03 13:20:58,530] {dagbag.py:500} INFO - Filling up the DagBag from /home/airflow/.local/lib/python3.7/site-packages/airflow/example_dags/example_branch_datetime_operator.py
[2022-01-03 13:20:58,568] {processor.py:637} INFO - DAG(s) dict_keys(['example_branch_datetime_operator_2']) retrieved from /home/airflow/.local/lib/python3.7/site-packages/airflow/example_dags/example_branch_datetime_operator.py
[2022-01-03 13:20:58,580] {logging_mixin.py:109} INFO - [2022-01-03 13:20:58,580] {dag.py:2396} INFO - Sync 1 DAGs
[2022-01-03 13:20:58,601] {logging_mixin.py:109} INFO - [2022-01-03 13:20:58,600] {dag.py:2928} INFO - Setting next_dagrun for example_branch_datetime_operator_2 to 2022-01-02 00:00:00+00:00
[2022-01-03 13:20:58,612] {processor.py:171} INFO - Processing /home/airflow/.local/lib/python3.7/site-packages/airflow/example_dags/example_branch_datetime_operator.py took 0.087 seconds
[2022-01-03 13:21:28,660] {processor.py:163} INFO - Started process (PID=886) to work on /home/airflow/.local/lib/python3.7/site-packages/airflow/example_dags/example_branch_datetime_operator.py
[2022-01-03 13:21:28,662] {processor.py:625} INFO - Processing file /home/airflow/.local/lib/python3.7/site-packages/airflow/example_dags/example_branch_datetime_operator.py for tasks to queue
[2022-01-03 13:21:28,663] {logging_mixin.py:109} INFO - [2022-01-03 13:21:28,663] {dagbag.py:500} INFO - Filling up the DagBag from /home/airflow/.local/lib/python3.7/site-packages/airflow/example_dags/example_branch_datetime_operator.py
[2022-01-03 13:21:28,693] {processor.py:637} INFO - DAG(s) dict_keys(['example_branch_datetime_operator_2']) retrieved from /home/airflow/.local/lib/python3.7/site-packages/airflow/example_dags/example_branch_datetime_operator.py
[2022-01-03 13:21:29,118] {logging_mixin.py:109} INFO - [2022-01-03 13:21:29,117] {dag.py:2396} INFO - Sync 1 DAGs
[2022-01-03 13:21:29,128] {logging_mixin.py:109} INFO - [2022-01-03 13:21:29,128] {dag.py:2415} INFO - Creating ORM DAG for example_branch_datetime_operator_2
[2022-01-03 13:21:29,144] {logging_mixin.py:109} INFO - [2022-01-03 13:21:29,144] {dag.py:2928} INFO - Setting next_dagrun for example_branch_datetime_operator_2 to 2022-01-02 00:00:00+00:00
[2022-01-03 13:21:29,168] {processor.py:171} INFO - Processing /home/airflow/.local/lib/python3.7/site-packages/airflow/example_dags/example_branch_datetime_operator.py took 0.512 seconds
[2022-01-03 13:21:59,277] {processor.py:163} INFO - Started process (PID=937) to work on /home/airflow/.local/lib/python3.7/site-packages/airflow/example_dags/example_branch_datetime_operator.py
[2022-01-03 13:21:59,281] {processor.py:625} INFO - Processing file /home/airflow/.local/lib/python3.7/site-packages/airflow/example_dags/example_branch_datetime_operator.py for tasks to queue
[2022-01-03 13:21:59,283] {logging_mixin.py:109} INFO - [2022-01-03 13:21:59,283] {dagbag.py:500} INFO - Filling up the DagBag from /home/airflow/.local/lib/python3.7/site-packages/airflow/example_dags/example_branch_datetime_operator.py
[2022-01-03 13:21:59,336] {processor.py:637} INFO - DAG(s) dict_keys(['example_branch_datetime_operator_2']) retrieved from /home/airflow/.local/lib/python3.7/site-packages/airflow/example_dags/example_branch_datetime_operator.py
[2022-01-03 13:21:59,356] {logging_mixin.py:109} INFO - [2022-01-03 13:21:59,355] {dag.py:2396} INFO - Sync 1 DAGs
[2022-01-03 13:21:59,383] {logging_mixin.py:109} INFO - [2022-01-03 13:21:59,383] {dag.py:2928} INFO - Setting next_dagrun for example_branch_datetime_operator_2 to 2022-01-02 00:00:00+00:00
[2022-01-03 13:21:59,397] {processor.py:171} INFO - Processing /home/airflow/.local/lib/python3.7/site-packages/airflow/example_dags/example_branch_datetime_operator.py took 0.130 seconds
[2022-01-03 13:22:29,720] {processor.py:163} INFO - Started process (PID=990) to work on /home/airflow/.local/lib/python3.7/site-packages/airflow/example_dags/example_branch_datetime_operator.py
[2022-01-03 13:22:29,721] {processor.py:625} INFO - Processing file /home/airflow/.local/lib/python3.7/site-packages/airflow/example_dags/example_branch_datetime_operator.py for tasks to queue
[2022-01-03 13:22:29,722] {logging_mixin.py:109} INFO - [2022-01-03 13:22:29,722] {dagbag.py:500} INFO - Filling up the DagBag from /home/airflow/.local/lib/python3.7/site-packages/airflow/example_dags/example_branch_datetime_operator.py
[2022-01-03 13:22:29,760] {processor.py:637} INFO - DAG(s) dict_keys(['example_branch_datetime_operator_2']) retrieved from /home/airflow/.local/lib/python3.7/site-packages/airflow/example_dags/example_branch_datetime_operator.py
[2022-01-03 13:22:29,776] {logging_mixin.py:109} INFO - [2022-01-03 13:22:29,776] {dag.py:2396} INFO - Sync 1 DAGs
[2022-01-03 13:22:29,800] {logging_mixin.py:109} INFO - [2022-01-03 13:22:29,800] {dag.py:2928} INFO - Setting next_dagrun for example_branch_datetime_operator_2 to 2022-01-02 00:00:00+00:00
[2022-01-03 13:22:29,812] {processor.py:171} INFO - Processing /home/airflow/.local/lib/python3.7/site-packages/airflow/example_dags/example_branch_datetime_operator.py took 0.096 seconds
[2022-01-03 13:23:00,792] {processor.py:163} INFO - Started process (PID=1043) to work on /home/airflow/.local/lib/python3.7/site-packages/airflow/example_dags/example_branch_datetime_operator.py
[2022-01-03 13:23:00,793] {processor.py:625} INFO - Processing file /home/airflow/.local/lib/python3.7/site-packages/airflow/example_dags/example_branch_datetime_operator.py for tasks to queue
[2022-01-03 13:23:00,794] {logging_mixin.py:109} INFO - [2022-01-03 13:23:00,794] {dagbag.py:500} INFO - Filling up the DagBag from /home/airflow/.local/lib/python3.7/site-packages/airflow/example_dags/example_branch_datetime_operator.py
[2022-01-03 13:23:00,828] {processor.py:637} INFO - DAG(s) dict_keys(['example_branch_datetime_operator_2']) retrieved from /home/airflow/.local/lib/python3.7/site-packages/airflow/example_dags/example_branch_datetime_operator.py
[2022-01-03 13:23:00,841] {logging_mixin.py:109} INFO - [2022-01-03 13:23:00,841] {dag.py:2396} INFO - Sync 1 DAGs
[2022-01-03 13:23:00,868] {logging_mixin.py:109} INFO - [2022-01-03 13:23:00,868] {dag.py:2928} INFO - Setting next_dagrun for example_branch_datetime_operator_2 to 2022-01-02 00:00:00+00:00
[2022-01-03 13:23:00,882] {processor.py:171} INFO - Processing /home/airflow/.local/lib/python3.7/site-packages/airflow/example_dags/example_branch_datetime_operator.py took 0.094 seconds
[2022-01-03 13:23:31,248] {processor.py:163} INFO - Started process (PID=1095) to work on /home/airflow/.local/lib/python3.7/site-packages/airflow/example_dags/example_branch_datetime_operator.py
[2022-01-03 13:23:31,250] {processor.py:625} INFO - Processing file /home/airflow/.local/lib/python3.7/site-packages/airflow/example_dags/example_branch_datetime_operator.py for tasks to queue
[2022-01-03 13:23:31,251] {logging_mixin.py:109} INFO - [2022-01-03 13:23:31,251] {dagbag.py:500} INFO - Filling up the DagBag from /home/airflow/.local/lib/python3.7/site-packages/airflow/example_dags/example_branch_datetime_operator.py
[2022-01-03 13:23:31,301] {processor.py:637} INFO - DAG(s) dict_keys(['example_branch_datetime_operator_2']) retrieved from /home/airflow/.local/lib/python3.7/site-packages/airflow/example_dags/example_branch_datetime_operator.py
[2022-01-03 13:23:31,314] {logging_mixin.py:109} INFO - [2022-01-03 13:23:31,314] {dag.py:2396} INFO - Sync 1 DAGs
[2022-01-03 13:23:31,339] {logging_mixin.py:109} INFO - [2022-01-03 13:23:31,339] {dag.py:2928} INFO - Setting next_dagrun for example_branch_datetime_operator_2 to 2022-01-02 00:00:00+00:00
[2022-01-03 13:23:31,350] {processor.py:171} INFO - Processing /home/airflow/.local/lib/python3.7/site-packages/airflow/example_dags/example_branch_datetime_operator.py took 0.106 seconds
[2022-01-03 13:24:01,425] {processor.py:163} INFO - Started process (PID=1153) to work on /home/airflow/.local/lib/python3.7/site-packages/airflow/example_dags/example_branch_datetime_operator.py
[2022-01-03 13:24:01,426] {processor.py:625} INFO - Processing file /home/airflow/.local/lib/python3.7/site-packages/airflow/example_dags/example_branch_datetime_operator.py for tasks to queue
[2022-01-03 13:24:01,427] {logging_mixin.py:109} INFO - [2022-01-03 13:24:01,427] {dagbag.py:500} INFO - Filling up the DagBag from /home/airflow/.local/lib/python3.7/site-packages/airflow/example_dags/example_branch_datetime_operator.py
[2022-01-03 13:24:01,459] {processor.py:637} INFO - DAG(s) dict_keys(['example_branch_datetime_operator_2']) retrieved from /home/airflow/.local/lib/python3.7/site-packages/airflow/example_dags/example_branch_datetime_operator.py
[2022-01-03 13:24:01,468] {logging_mixin.py:109} INFO - [2022-01-03 13:24:01,468] {dag.py:2396} INFO - Sync 1 DAGs
[2022-01-03 13:24:01,491] {logging_mixin.py:109} INFO - [2022-01-03 13:24:01,491] {dag.py:2928} INFO - Setting next_dagrun for example_branch_datetime_operator_2 to 2022-01-02 00:00:00+00:00
[2022-01-03 13:24:01,501] {processor.py:171} INFO - Processing /home/airflow/.local/lib/python3.7/site-packages/airflow/example_dags/example_branch_datetime_operator.py took 0.078 seconds
[2022-01-03 13:24:31,721] {processor.py:163} INFO - Started process (PID=1206) to work on /home/airflow/.local/lib/python3.7/site-packages/airflow/example_dags/example_branch_datetime_operator.py
[2022-01-03 13:24:31,723] {processor.py:625} INFO - Processing file /home/airflow/.local/lib/python3.7/site-packages/airflow/example_dags/example_branch_datetime_operator.py for tasks to queue
[2022-01-03 13:24:31,724] {logging_mixin.py:109} INFO - [2022-01-03 13:24:31,724] {dagbag.py:500} INFO - Filling up the DagBag from /home/airflow/.local/lib/python3.7/site-packages/airflow/example_dags/example_branch_datetime_operator.py
[2022-01-03 13:24:31,767] {processor.py:637} INFO - DAG(s) dict_keys(['example_branch_datetime_operator_2']) retrieved from /home/airflow/.local/lib/python3.7/site-packages/airflow/example_dags/example_branch_datetime_operator.py
[2022-01-03 13:24:31,788] {logging_mixin.py:109} INFO - [2022-01-03 13:24:31,788] {dag.py:2396} INFO - Sync 1 DAGs
[2022-01-03 13:24:31,816] {logging_mixin.py:109} INFO - [2022-01-03 13:24:31,816] {dag.py:2928} INFO - Setting next_dagrun for example_branch_datetime_operator_2 to 2022-01-02 00:00:00+00:00
[2022-01-03 13:24:31,830] {processor.py:171} INFO - Processing /home/airflow/.local/lib/python3.7/site-packages/airflow/example_dags/example_branch_datetime_operator.py took 0.113 seconds
[2022-01-03 13:25:02,115] {processor.py:163} INFO - Started process (PID=1256) to work on /home/airflow/.local/lib/python3.7/site-packages/airflow/example_dags/example_branch_datetime_operator.py
[2022-01-03 13:25:02,116] {processor.py:625} INFO - Processing file /home/airflow/.local/lib/python3.7/site-packages/airflow/example_dags/example_branch_datetime_operator.py for tasks to queue
[2022-01-03 13:25:02,117] {logging_mixin.py:109} INFO - [2022-01-03 13:25:02,117] {dagbag.py:500} INFO - Filling up the DagBag from /home/airflow/.local/lib/python3.7/site-packages/airflow/example_dags/example_branch_datetime_operator.py
[2022-01-03 13:25:02,165] {processor.py:637} INFO - DAG(s) dict_keys(['example_branch_datetime_operator_2']) retrieved from /home/airflow/.local/lib/python3.7/site-packages/airflow/example_dags/example_branch_datetime_operator.py
[2022-01-03 13:25:02,179] {logging_mixin.py:109} INFO - [2022-01-03 13:25:02,179] {dag.py:2396} INFO - Sync 1 DAGs
[2022-01-03 13:25:02,206] {logging_mixin.py:109} INFO - [2022-01-03 13:25:02,206] {dag.py:2928} INFO - Setting next_dagrun for example_branch_datetime_operator_2 to 2022-01-02 00:00:00+00:00
[2022-01-03 13:25:02,229] {processor.py:171} INFO - Processing /home/airflow/.local/lib/python3.7/site-packages/airflow/example_dags/example_branch_datetime_operator.py took 0.119 seconds
[2022-01-03 13:25:32,547] {processor.py:163} INFO - Started process (PID=1307) to work on /home/airflow/.local/lib/python3.7/site-packages/airflow/example_dags/example_branch_datetime_operator.py
[2022-01-03 13:25:32,549] {processor.py:625} INFO - Processing file /home/airflow/.local/lib/python3.7/site-packages/airflow/example_dags/example_branch_datetime_operator.py for tasks to queue
[2022-01-03 13:25:32,550] {logging_mixin.py:109} INFO - [2022-01-03 13:25:32,550] {dagbag.py:500} INFO - Filling up the DagBag from /home/airflow/.local/lib/python3.7/site-packages/airflow/example_dags/example_branch_datetime_operator.py
[2022-01-03 13:25:32,637] {processor.py:637} INFO - DAG(s) dict_keys(['example_branch_datetime_operator_2']) retrieved from /home/airflow/.local/lib/python3.7/site-packages/airflow/example_dags/example_branch_datetime_operator.py
[2022-01-03 13:25:32,651] {logging_mixin.py:109} INFO - [2022-01-03 13:25:32,651] {dag.py:2396} INFO - Sync 1 DAGs
[2022-01-03 13:25:32,678] {logging_mixin.py:109} INFO - [2022-01-03 13:25:32,677] {dag.py:2928} INFO - Setting next_dagrun for example_branch_datetime_operator_2 to 2022-01-02 00:00:00+00:00
[2022-01-03 13:25:32,690] {processor.py:171} INFO - Processing /home/airflow/.local/lib/python3.7/site-packages/airflow/example_dags/example_branch_datetime_operator.py took 0.150 seconds
[2022-01-03 13:26:03,087] {processor.py:163} INFO - Started process (PID=1375) to work on /home/airflow/.local/lib/python3.7/site-packages/airflow/example_dags/example_branch_datetime_operator.py
[2022-01-03 13:26:03,088] {processor.py:625} INFO - Processing file /home/airflow/.local/lib/python3.7/site-packages/airflow/example_dags/example_branch_datetime_operator.py for tasks to queue
[2022-01-03 13:26:03,089] {logging_mixin.py:109} INFO - [2022-01-03 13:26:03,089] {dagbag.py:500} INFO - Filling up the DagBag from /home/airflow/.local/lib/python3.7/site-packages/airflow/example_dags/example_branch_datetime_operator.py
[2022-01-03 13:26:03,138] {processor.py:637} INFO - DAG(s) dict_keys(['example_branch_datetime_operator_2']) retrieved from /home/airflow/.local/lib/python3.7/site-packages/airflow/example_dags/example_branch_datetime_operator.py
[2022-01-03 13:26:03,152] {logging_mixin.py:109} INFO - [2022-01-03 13:26:03,152] {dag.py:2396} INFO - Sync 1 DAGs
[2022-01-03 13:26:03,190] {logging_mixin.py:109} INFO - [2022-01-03 13:26:03,189] {dag.py:2928} INFO - Setting next_dagrun for example_branch_datetime_operator_2 to 2022-01-02 00:00:00+00:00
[2022-01-03 13:26:03,208] {processor.py:171} INFO - Processing /home/airflow/.local/lib/python3.7/site-packages/airflow/example_dags/example_branch_datetime_operator.py took 0.125 seconds
[2022-01-03 13:26:33,885] {processor.py:163} INFO - Started process (PID=1425) to work on /home/airflow/.local/lib/python3.7/site-packages/airflow/example_dags/example_branch_datetime_operator.py
[2022-01-03 13:26:33,893] {processor.py:625} INFO - Processing file /home/airflow/.local/lib/python3.7/site-packages/airflow/example_dags/example_branch_datetime_operator.py for tasks to queue
[2022-01-03 13:26:33,894] {logging_mixin.py:109} INFO - [2022-01-03 13:26:33,894] {dagbag.py:500} INFO - Filling up the DagBag from /home/airflow/.local/lib/python3.7/site-packages/airflow/example_dags/example_branch_datetime_operator.py
[2022-01-03 13:26:33,946] {processor.py:637} INFO - DAG(s) dict_keys(['example_branch_datetime_operator_2']) retrieved from /home/airflow/.local/lib/python3.7/site-packages/airflow/example_dags/example_branch_datetime_operator.py
[2022-01-03 13:26:33,958] {logging_mixin.py:109} INFO - [2022-01-03 13:26:33,958] {dag.py:2396} INFO - Sync 1 DAGs
[2022-01-03 13:26:33,982] {logging_mixin.py:109} INFO - [2022-01-03 13:26:33,982] {dag.py:2928} INFO - Setting next_dagrun for example_branch_datetime_operator_2 to 2022-01-02 00:00:00+00:00
[2022-01-03 13:26:33,994] {processor.py:171} INFO - Processing /home/airflow/.local/lib/python3.7/site-packages/airflow/example_dags/example_branch_datetime_operator.py took 0.114 seconds
[2022-01-03 13:27:04,268] {processor.py:163} INFO - Started process (PID=1476) to work on /home/airflow/.local/lib/python3.7/site-packages/airflow/example_dags/example_branch_datetime_operator.py
[2022-01-03 13:27:04,269] {processor.py:625} INFO - Processing file /home/airflow/.local/lib/python3.7/site-packages/airflow/example_dags/example_branch_datetime_operator.py for tasks to queue
[2022-01-03 13:27:04,270] {logging_mixin.py:109} INFO - [2022-01-03 13:27:04,270] {dagbag.py:500} INFO - Filling up the DagBag from /home/airflow/.local/lib/python3.7/site-packages/airflow/example_dags/example_branch_datetime_operator.py
[2022-01-03 13:27:04,312] {processor.py:637} INFO - DAG(s) dict_keys(['example_branch_datetime_operator_2']) retrieved from /home/airflow/.local/lib/python3.7/site-packages/airflow/example_dags/example_branch_datetime_operator.py
[2022-01-03 13:27:04,818] {logging_mixin.py:109} INFO - [2022-01-03 13:27:04,818] {dag.py:2396} INFO - Sync 1 DAGs
[2022-01-03 13:27:04,830] {logging_mixin.py:109} INFO - [2022-01-03 13:27:04,830] {dag.py:2415} INFO - Creating ORM DAG for example_branch_datetime_operator_2
[2022-01-03 13:27:04,850] {logging_mixin.py:109} INFO - [2022-01-03 13:27:04,850] {dag.py:2928} INFO - Setting next_dagrun for example_branch_datetime_operator_2 to 2022-01-02 00:00:00+00:00
[2022-01-03 13:27:04,872] {processor.py:171} INFO - Processing /home/airflow/.local/lib/python3.7/site-packages/airflow/example_dags/example_branch_datetime_operator.py took 0.616 seconds
[2022-01-03 13:27:35,241] {processor.py:163} INFO - Started process (PID=1529) to work on /home/airflow/.local/lib/python3.7/site-packages/airflow/example_dags/example_branch_datetime_operator.py
[2022-01-03 13:27:35,242] {processor.py:625} INFO - Processing file /home/airflow/.local/lib/python3.7/site-packages/airflow/example_dags/example_branch_datetime_operator.py for tasks to queue
[2022-01-03 13:27:35,243] {logging_mixin.py:109} INFO - [2022-01-03 13:27:35,243] {dagbag.py:500} INFO - Filling up the DagBag from /home/airflow/.local/lib/python3.7/site-packages/airflow/example_dags/example_branch_datetime_operator.py
[2022-01-03 13:27:35,276] {processor.py:637} INFO - DAG(s) dict_keys(['example_branch_datetime_operator_2']) retrieved from /home/airflow/.local/lib/python3.7/site-packages/airflow/example_dags/example_branch_datetime_operator.py
[2022-01-03 13:27:35,286] {logging_mixin.py:109} INFO - [2022-01-03 13:27:35,286] {dag.py:2396} INFO - Sync 1 DAGs
[2022-01-03 13:27:35,306] {logging_mixin.py:109} INFO - [2022-01-03 13:27:35,306] {dag.py:2928} INFO - Setting next_dagrun for example_branch_datetime_operator_2 to 2022-01-02 00:00:00+00:00
[2022-01-03 13:27:35,316] {processor.py:171} INFO - Processing /home/airflow/.local/lib/python3.7/site-packages/airflow/example_dags/example_branch_datetime_operator.py took 0.079 seconds
[2022-01-03 13:28:06,126] {processor.py:163} INFO - Started process (PID=1578) to work on /home/airflow/.local/lib/python3.7/site-packages/airflow/example_dags/example_branch_datetime_operator.py
[2022-01-03 13:28:06,128] {processor.py:625} INFO - Processing file /home/airflow/.local/lib/python3.7/site-packages/airflow/example_dags/example_branch_datetime_operator.py for tasks to queue
[2022-01-03 13:28:06,128] {logging_mixin.py:109} INFO - [2022-01-03 13:28:06,128] {dagbag.py:500} INFO - Filling up the DagBag from /home/airflow/.local/lib/python3.7/site-packages/airflow/example_dags/example_branch_datetime_operator.py
[2022-01-03 13:28:06,171] {processor.py:637} INFO - DAG(s) dict_keys(['example_branch_datetime_operator_2']) retrieved from /home/airflow/.local/lib/python3.7/site-packages/airflow/example_dags/example_branch_datetime_operator.py
[2022-01-03 13:28:06,185] {logging_mixin.py:109} INFO - [2022-01-03 13:28:06,185] {dag.py:2396} INFO - Sync 1 DAGs
[2022-01-03 13:28:06,213] {logging_mixin.py:109} INFO - [2022-01-03 13:28:06,213] {dag.py:2928} INFO - Setting next_dagrun for example_branch_datetime_operator_2 to 2022-01-02 00:00:00+00:00
[2022-01-03 13:28:06,225] {processor.py:171} INFO - Processing /home/airflow/.local/lib/python3.7/site-packages/airflow/example_dags/example_branch_datetime_operator.py took 0.103 seconds
[2022-01-03 13:28:36,673] {processor.py:163} INFO - Started process (PID=1633) to work on /home/airflow/.local/lib/python3.7/site-packages/airflow/example_dags/example_branch_datetime_operator.py
[2022-01-03 13:28:36,676] {processor.py:625} INFO - Processing file /home/airflow/.local/lib/python3.7/site-packages/airflow/example_dags/example_branch_datetime_operator.py for tasks to queue
[2022-01-03 13:28:36,677] {logging_mixin.py:109} INFO - [2022-01-03 13:28:36,677] {dagbag.py:500} INFO - Filling up the DagBag from /home/airflow/.local/lib/python3.7/site-packages/airflow/example_dags/example_branch_datetime_operator.py
[2022-01-03 13:28:36,719] {processor.py:637} INFO - DAG(s) dict_keys(['example_branch_datetime_operator_2']) retrieved from /home/airflow/.local/lib/python3.7/site-packages/airflow/example_dags/example_branch_datetime_operator.py
[2022-01-03 13:28:36,733] {logging_mixin.py:109} INFO - [2022-01-03 13:28:36,733] {dag.py:2396} INFO - Sync 1 DAGs
[2022-01-03 13:28:36,771] {logging_mixin.py:109} INFO - [2022-01-03 13:28:36,771] {dag.py:2928} INFO - Setting next_dagrun for example_branch_datetime_operator_2 to 2022-01-02 00:00:00+00:00
[2022-01-03 13:28:36,784] {processor.py:171} INFO - Processing /home/airflow/.local/lib/python3.7/site-packages/airflow/example_dags/example_branch_datetime_operator.py took 0.116 seconds
[2022-01-03 13:29:06,956] {processor.py:163} INFO - Started process (PID=1694) to work on /home/airflow/.local/lib/python3.7/site-packages/airflow/example_dags/example_branch_datetime_operator.py
[2022-01-03 13:29:06,958] {processor.py:625} INFO - Processing file /home/airflow/.local/lib/python3.7/site-packages/airflow/example_dags/example_branch_datetime_operator.py for tasks to queue
[2022-01-03 13:29:06,959] {logging_mixin.py:109} INFO - [2022-01-03 13:29:06,959] {dagbag.py:500} INFO - Filling up the DagBag from /home/airflow/.local/lib/python3.7/site-packages/airflow/example_dags/example_branch_datetime_operator.py
[2022-01-03 13:29:07,008] {processor.py:637} INFO - DAG(s) dict_keys(['example_branch_datetime_operator_2']) retrieved from /home/airflow/.local/lib/python3.7/site-packages/airflow/example_dags/example_branch_datetime_operator.py
[2022-01-03 13:29:07,548] {logging_mixin.py:109} INFO - [2022-01-03 13:29:07,548] {dag.py:2396} INFO - Sync 1 DAGs
[2022-01-03 13:29:07,574] {logging_mixin.py:109} INFO - [2022-01-03 13:29:07,574] {dag.py:2415} INFO - Creating ORM DAG for example_branch_datetime_operator_2
[2022-01-03 13:29:07,601] {logging_mixin.py:109} INFO - [2022-01-03 13:29:07,600] {dag.py:2928} INFO - Setting next_dagrun for example_branch_datetime_operator_2 to 2022-01-02 00:00:00+00:00
[2022-01-03 13:29:07,630] {processor.py:171} INFO - Processing /home/airflow/.local/lib/python3.7/site-packages/airflow/example_dags/example_branch_datetime_operator.py took 0.678 seconds
[2022-01-03 13:29:37,736] {processor.py:163} INFO - Started process (PID=1748) to work on /home/airflow/.local/lib/python3.7/site-packages/airflow/example_dags/example_branch_datetime_operator.py
[2022-01-03 13:29:37,737] {processor.py:625} INFO - Processing file /home/airflow/.local/lib/python3.7/site-packages/airflow/example_dags/example_branch_datetime_operator.py for tasks to queue
[2022-01-03 13:29:37,738] {logging_mixin.py:109} INFO - [2022-01-03 13:29:37,737] {dagbag.py:500} INFO - Filling up the DagBag from /home/airflow/.local/lib/python3.7/site-packages/airflow/example_dags/example_branch_datetime_operator.py
[2022-01-03 13:29:37,770] {processor.py:637} INFO - DAG(s) dict_keys(['example_branch_datetime_operator_2']) retrieved from /home/airflow/.local/lib/python3.7/site-packages/airflow/example_dags/example_branch_datetime_operator.py
[2022-01-03 13:29:37,782] {logging_mixin.py:109} INFO - [2022-01-03 13:29:37,782] {dag.py:2396} INFO - Sync 1 DAGs
[2022-01-03 13:29:37,803] {logging_mixin.py:109} INFO - [2022-01-03 13:29:37,803] {dag.py:2928} INFO - Setting next_dagrun for example_branch_datetime_operator_2 to 2022-01-02 00:00:00+00:00
[2022-01-03 13:29:37,815] {processor.py:171} INFO - Processing /home/airflow/.local/lib/python3.7/site-packages/airflow/example_dags/example_branch_datetime_operator.py took 0.082 seconds
[2022-01-03 13:30:08,575] {processor.py:163} INFO - Started process (PID=1796) to work on /home/airflow/.local/lib/python3.7/site-packages/airflow/example_dags/example_branch_datetime_operator.py
[2022-01-03 13:30:08,580] {processor.py:625} INFO - Processing file /home/airflow/.local/lib/python3.7/site-packages/airflow/example_dags/example_branch_datetime_operator.py for tasks to queue
[2022-01-03 13:30:08,584] {logging_mixin.py:109} INFO - [2022-01-03 13:30:08,584] {dagbag.py:500} INFO - Filling up the DagBag from /home/airflow/.local/lib/python3.7/site-packages/airflow/example_dags/example_branch_datetime_operator.py
[2022-01-03 13:30:08,623] {processor.py:637} INFO - DAG(s) dict_keys(['example_branch_datetime_operator_2']) retrieved from /home/airflow/.local/lib/python3.7/site-packages/airflow/example_dags/example_branch_datetime_operator.py
[2022-01-03 13:30:08,642] {logging_mixin.py:109} INFO - [2022-01-03 13:30:08,642] {dag.py:2396} INFO - Sync 1 DAGs
[2022-01-03 13:30:08,663] {logging_mixin.py:109} INFO - [2022-01-03 13:30:08,663] {dag.py:2928} INFO - Setting next_dagrun for example_branch_datetime_operator_2 to 2022-01-02 00:00:00+00:00
[2022-01-03 13:30:08,679] {processor.py:171} INFO - Processing /home/airflow/.local/lib/python3.7/site-packages/airflow/example_dags/example_branch_datetime_operator.py took 0.109 seconds
[2022-01-03 13:30:38,829] {processor.py:163} INFO - Started process (PID=1851) to work on /home/airflow/.local/lib/python3.7/site-packages/airflow/example_dags/example_branch_datetime_operator.py
[2022-01-03 13:30:38,831] {processor.py:625} INFO - Processing file /home/airflow/.local/lib/python3.7/site-packages/airflow/example_dags/example_branch_datetime_operator.py for tasks to queue
[2022-01-03 13:30:38,831] {logging_mixin.py:109} INFO - [2022-01-03 13:30:38,831] {dagbag.py:500} INFO - Filling up the DagBag from /home/airflow/.local/lib/python3.7/site-packages/airflow/example_dags/example_branch_datetime_operator.py
[2022-01-03 13:30:38,871] {processor.py:637} INFO - DAG(s) dict_keys(['example_branch_datetime_operator_2']) retrieved from /home/airflow/.local/lib/python3.7/site-packages/airflow/example_dags/example_branch_datetime_operator.py
[2022-01-03 13:30:38,886] {logging_mixin.py:109} INFO - [2022-01-03 13:30:38,886] {dag.py:2396} INFO - Sync 1 DAGs
[2022-01-03 13:30:38,911] {logging_mixin.py:109} INFO - [2022-01-03 13:30:38,911] {dag.py:2928} INFO - Setting next_dagrun for example_branch_datetime_operator_2 to 2022-01-02 00:00:00+00:00
[2022-01-03 13:30:38,923] {processor.py:171} INFO - Processing /home/airflow/.local/lib/python3.7/site-packages/airflow/example_dags/example_branch_datetime_operator.py took 0.098 seconds
[2022-01-03 13:31:09,640] {processor.py:163} INFO - Started process (PID=1911) to work on /home/airflow/.local/lib/python3.7/site-packages/airflow/example_dags/example_branch_datetime_operator.py
[2022-01-03 13:31:09,658] {processor.py:625} INFO - Processing file /home/airflow/.local/lib/python3.7/site-packages/airflow/example_dags/example_branch_datetime_operator.py for tasks to queue
[2022-01-03 13:31:09,658] {logging_mixin.py:109} INFO - [2022-01-03 13:31:09,658] {dagbag.py:500} INFO - Filling up the DagBag from /home/airflow/.local/lib/python3.7/site-packages/airflow/example_dags/example_branch_datetime_operator.py
[2022-01-03 13:31:09,759] {processor.py:637} INFO - DAG(s) dict_keys(['example_branch_datetime_operator_2']) retrieved from /home/airflow/.local/lib/python3.7/site-packages/airflow/example_dags/example_branch_datetime_operator.py
[2022-01-03 13:31:09,817] {logging_mixin.py:109} INFO - [2022-01-03 13:31:09,817] {dag.py:2396} INFO - Sync 1 DAGs
[2022-01-03 13:31:09,929] {logging_mixin.py:109} INFO - [2022-01-03 13:31:09,929] {dag.py:2928} INFO - Setting next_dagrun for example_branch_datetime_operator_2 to 2022-01-02 00:00:00+00:00
[2022-01-03 13:31:09,962] {processor.py:171} INFO - Processing /home/airflow/.local/lib/python3.7/site-packages/airflow/example_dags/example_branch_datetime_operator.py took 0.326 seconds
[2022-01-03 13:31:40,716] {processor.py:163} INFO - Started process (PID=1965) to work on /home/airflow/.local/lib/python3.7/site-packages/airflow/example_dags/example_branch_datetime_operator.py
[2022-01-03 13:31:40,727] {processor.py:625} INFO - Processing file /home/airflow/.local/lib/python3.7/site-packages/airflow/example_dags/example_branch_datetime_operator.py for tasks to queue
[2022-01-03 13:31:40,731] {logging_mixin.py:109} INFO - [2022-01-03 13:31:40,731] {dagbag.py:500} INFO - Filling up the DagBag from /home/airflow/.local/lib/python3.7/site-packages/airflow/example_dags/example_branch_datetime_operator.py
[2022-01-03 13:31:40,781] {processor.py:637} INFO - DAG(s) dict_keys(['example_branch_datetime_operator_2']) retrieved from /home/airflow/.local/lib/python3.7/site-packages/airflow/example_dags/example_branch_datetime_operator.py
[2022-01-03 13:31:40,798] {logging_mixin.py:109} INFO - [2022-01-03 13:31:40,798] {dag.py:2396} INFO - Sync 1 DAGs
[2022-01-03 13:31:40,834] {logging_mixin.py:109} INFO - [2022-01-03 13:31:40,834] {dag.py:2928} INFO - Setting next_dagrun for example_branch_datetime_operator_2 to 2022-01-02 00:00:00+00:00
[2022-01-03 13:31:40,848] {processor.py:171} INFO - Processing /home/airflow/.local/lib/python3.7/site-packages/airflow/example_dags/example_branch_datetime_operator.py took 0.136 seconds
[2022-01-03 13:38:17,656] {processor.py:163} INFO - Started process (PID=197) to work on /home/airflow/.local/lib/python3.7/site-packages/airflow/example_dags/example_branch_datetime_operator.py
[2022-01-03 13:38:17,660] {processor.py:625} INFO - Processing file /home/airflow/.local/lib/python3.7/site-packages/airflow/example_dags/example_branch_datetime_operator.py for tasks to queue
[2022-01-03 13:38:17,661] {logging_mixin.py:109} INFO - [2022-01-03 13:38:17,661] {dagbag.py:500} INFO - Filling up the DagBag from /home/airflow/.local/lib/python3.7/site-packages/airflow/example_dags/example_branch_datetime_operator.py
[2022-01-03 13:38:17,706] {processor.py:637} INFO - DAG(s) dict_keys(['example_branch_datetime_operator_2']) retrieved from /home/airflow/.local/lib/python3.7/site-packages/airflow/example_dags/example_branch_datetime_operator.py
[2022-01-03 13:38:20,242] {logging_mixin.py:109} INFO - [2022-01-03 13:38:20,242] {providers_manager.py:156} WARNING - Exception when importing 'airflow.providers.google.leveldb.hooks.leveldb.LevelDBHook' from 'apache-airflow-providers-google' package: No module named 'plyvel'
[2022-01-03 13:38:20,909] {logging_mixin.py:109} INFO - [2022-01-03 13:38:20,909] {providers_manager.py:156} WARNING - Exception when importing 'airflow.providers.google.leveldb.hooks.leveldb.LevelDBHook' from 'apache-airflow-providers-google' package: No module named 'plyvel'
[2022-01-03 13:38:20,934] {logging_mixin.py:109} INFO - [2022-01-03 13:38:20,934] {manager.py:496} INFO - Created Permission View: can edit on DAG:example_branch_datetime_operator_2
[2022-01-03 13:38:20,944] {logging_mixin.py:109} INFO - [2022-01-03 13:38:20,944] {manager.py:496} INFO - Created Permission View: can read on DAG:example_branch_datetime_operator_2
[2022-01-03 13:38:20,949] {logging_mixin.py:109} INFO - [2022-01-03 13:38:20,944] {dag.py:2396} INFO - Sync 1 DAGs
[2022-01-03 13:38:20,957] {logging_mixin.py:109} INFO - [2022-01-03 13:38:20,957] {dag.py:2415} INFO - Creating ORM DAG for example_branch_datetime_operator_2
[2022-01-03 13:38:20,969] {logging_mixin.py:109} INFO - [2022-01-03 13:38:20,969] {dag.py:2928} INFO - Setting next_dagrun for example_branch_datetime_operator_2 to 2022-01-02 00:00:00+00:00
[2022-01-03 13:38:20,984] {processor.py:171} INFO - Processing /home/airflow/.local/lib/python3.7/site-packages/airflow/example_dags/example_branch_datetime_operator.py took 3.332 seconds
[2022-01-03 13:38:51,809] {processor.py:163} INFO - Started process (PID=283) to work on /home/airflow/.local/lib/python3.7/site-packages/airflow/example_dags/example_branch_datetime_operator.py
[2022-01-03 13:38:51,810] {processor.py:625} INFO - Processing file /home/airflow/.local/lib/python3.7/site-packages/airflow/example_dags/example_branch_datetime_operator.py for tasks to queue
[2022-01-03 13:38:51,811] {logging_mixin.py:109} INFO - [2022-01-03 13:38:51,811] {dagbag.py:500} INFO - Filling up the DagBag from /home/airflow/.local/lib/python3.7/site-packages/airflow/example_dags/example_branch_datetime_operator.py
[2022-01-03 13:38:51,838] {processor.py:637} INFO - DAG(s) dict_keys(['example_branch_datetime_operator_2']) retrieved from /home/airflow/.local/lib/python3.7/site-packages/airflow/example_dags/example_branch_datetime_operator.py
[2022-01-03 13:38:51,853] {logging_mixin.py:109} INFO - [2022-01-03 13:38:51,853] {dag.py:2396} INFO - Sync 1 DAGs
[2022-01-03 13:38:51,883] {logging_mixin.py:109} INFO - [2022-01-03 13:38:51,882] {dag.py:2928} INFO - Setting next_dagrun for example_branch_datetime_operator_2 to 2022-01-02 00:00:00+00:00
[2022-01-03 13:38:51,895] {processor.py:171} INFO - Processing /home/airflow/.local/lib/python3.7/site-packages/airflow/example_dags/example_branch_datetime_operator.py took 0.089 seconds
[2022-01-03 13:39:22,223] {processor.py:163} INFO - Started process (PID=336) to work on /home/airflow/.local/lib/python3.7/site-packages/airflow/example_dags/example_branch_datetime_operator.py
[2022-01-03 13:39:22,227] {processor.py:625} INFO - Processing file /home/airflow/.local/lib/python3.7/site-packages/airflow/example_dags/example_branch_datetime_operator.py for tasks to queue
[2022-01-03 13:39:22,228] {logging_mixin.py:109} INFO - [2022-01-03 13:39:22,228] {dagbag.py:500} INFO - Filling up the DagBag from /home/airflow/.local/lib/python3.7/site-packages/airflow/example_dags/example_branch_datetime_operator.py
[2022-01-03 13:43:11,798] {processor.py:163} INFO - Started process (PID=187) to work on /home/airflow/.local/lib/python3.7/site-packages/airflow/example_dags/example_branch_datetime_operator.py
[2022-01-03 13:43:11,800] {processor.py:625} INFO - Processing file /home/airflow/.local/lib/python3.7/site-packages/airflow/example_dags/example_branch_datetime_operator.py for tasks to queue
[2022-01-03 13:43:11,801] {logging_mixin.py:109} INFO - [2022-01-03 13:43:11,801] {dagbag.py:500} INFO - Filling up the DagBag from /home/airflow/.local/lib/python3.7/site-packages/airflow/example_dags/example_branch_datetime_operator.py
[2022-01-03 13:43:11,857] {processor.py:637} INFO - DAG(s) dict_keys(['example_branch_datetime_operator_2']) retrieved from /home/airflow/.local/lib/python3.7/site-packages/airflow/example_dags/example_branch_datetime_operator.py
[2022-01-03 13:43:13,864] {logging_mixin.py:109} INFO - [2022-01-03 13:43:13,864] {providers_manager.py:156} WARNING - Exception when importing 'airflow.providers.google.leveldb.hooks.leveldb.LevelDBHook' from 'apache-airflow-providers-google' package: No module named 'plyvel'
[2022-01-03 13:43:14,639] {logging_mixin.py:109} INFO - [2022-01-03 13:43:14,639] {providers_manager.py:156} WARNING - Exception when importing 'airflow.providers.google.leveldb.hooks.leveldb.LevelDBHook' from 'apache-airflow-providers-google' package: No module named 'plyvel'
[2022-01-03 13:43:14,670] {logging_mixin.py:109} INFO - [2022-01-03 13:43:14,670] {manager.py:496} INFO - Created Permission View: can read on DAG:example_branch_datetime_operator_2
[2022-01-03 13:43:14,685] {logging_mixin.py:109} INFO - [2022-01-03 13:43:14,685] {manager.py:496} INFO - Created Permission View: can edit on DAG:example_branch_datetime_operator_2
[2022-01-03 13:43:14,688] {logging_mixin.py:109} INFO - [2022-01-03 13:43:14,685] {dag.py:2396} INFO - Sync 1 DAGs
[2022-01-03 13:43:14,699] {logging_mixin.py:109} INFO - [2022-01-03 13:43:14,698] {dag.py:2415} INFO - Creating ORM DAG for example_branch_datetime_operator_2
[2022-01-03 13:43:14,714] {logging_mixin.py:109} INFO - [2022-01-03 13:43:14,714] {dag.py:2928} INFO - Setting next_dagrun for example_branch_datetime_operator_2 to 2022-01-02 00:00:00+00:00
[2022-01-03 13:43:14,731] {processor.py:171} INFO - Processing /home/airflow/.local/lib/python3.7/site-packages/airflow/example_dags/example_branch_datetime_operator.py took 2.937 seconds
[2022-01-03 13:43:45,064] {processor.py:163} INFO - Started process (PID=281) to work on /home/airflow/.local/lib/python3.7/site-packages/airflow/example_dags/example_branch_datetime_operator.py
[2022-01-03 13:43:45,067] {processor.py:625} INFO - Processing file /home/airflow/.local/lib/python3.7/site-packages/airflow/example_dags/example_branch_datetime_operator.py for tasks to queue
[2022-01-03 13:43:45,068] {logging_mixin.py:109} INFO - [2022-01-03 13:43:45,068] {dagbag.py:500} INFO - Filling up the DagBag from /home/airflow/.local/lib/python3.7/site-packages/airflow/example_dags/example_branch_datetime_operator.py
[2022-01-03 13:43:45,126] {processor.py:637} INFO - DAG(s) dict_keys(['example_branch_datetime_operator_2']) retrieved from /home/airflow/.local/lib/python3.7/site-packages/airflow/example_dags/example_branch_datetime_operator.py
[2022-01-03 13:43:45,140] {logging_mixin.py:109} INFO - [2022-01-03 13:43:45,140] {dag.py:2396} INFO - Sync 1 DAGs
[2022-01-03 13:43:45,169] {logging_mixin.py:109} INFO - [2022-01-03 13:43:45,169] {dag.py:2928} INFO - Setting next_dagrun for example_branch_datetime_operator_2 to 2022-01-02 00:00:00+00:00
[2022-01-03 13:43:45,182] {processor.py:171} INFO - Processing /home/airflow/.local/lib/python3.7/site-packages/airflow/example_dags/example_branch_datetime_operator.py took 0.127 seconds
[2022-01-03 13:44:15,520] {processor.py:163} INFO - Started process (PID=332) to work on /home/airflow/.local/lib/python3.7/site-packages/airflow/example_dags/example_branch_datetime_operator.py
[2022-01-03 13:44:15,522] {processor.py:625} INFO - Processing file /home/airflow/.local/lib/python3.7/site-packages/airflow/example_dags/example_branch_datetime_operator.py for tasks to queue
[2022-01-03 13:44:15,523] {logging_mixin.py:109} INFO - [2022-01-03 13:44:15,523] {dagbag.py:500} INFO - Filling up the DagBag from /home/airflow/.local/lib/python3.7/site-packages/airflow/example_dags/example_branch_datetime_operator.py
[2022-01-03 13:44:15,555] {processor.py:637} INFO - DAG(s) dict_keys(['example_branch_datetime_operator_2']) retrieved from /home/airflow/.local/lib/python3.7/site-packages/airflow/example_dags/example_branch_datetime_operator.py
[2022-01-03 13:44:15,567] {logging_mixin.py:109} INFO - [2022-01-03 13:44:15,567] {dag.py:2396} INFO - Sync 1 DAGs
[2022-01-03 13:44:15,585] {logging_mixin.py:109} INFO - [2022-01-03 13:44:15,585] {dag.py:2928} INFO - Setting next_dagrun for example_branch_datetime_operator_2 to 2022-01-02 00:00:00+00:00
[2022-01-03 13:44:15,594] {processor.py:171} INFO - Processing /home/airflow/.local/lib/python3.7/site-packages/airflow/example_dags/example_branch_datetime_operator.py took 0.081 seconds
[2022-01-03 13:44:45,654] {processor.py:163} INFO - Started process (PID=382) to work on /home/airflow/.local/lib/python3.7/site-packages/airflow/example_dags/example_branch_datetime_operator.py
[2022-01-03 13:44:45,655] {processor.py:625} INFO - Processing file /home/airflow/.local/lib/python3.7/site-packages/airflow/example_dags/example_branch_datetime_operator.py for tasks to queue
[2022-01-03 13:44:45,656] {logging_mixin.py:109} INFO - [2022-01-03 13:44:45,656] {dagbag.py:500} INFO - Filling up the DagBag from /home/airflow/.local/lib/python3.7/site-packages/airflow/example_dags/example_branch_datetime_operator.py
[2022-01-03 13:44:45,684] {processor.py:637} INFO - DAG(s) dict_keys(['example_branch_datetime_operator_2']) retrieved from /home/airflow/.local/lib/python3.7/site-packages/airflow/example_dags/example_branch_datetime_operator.py
[2022-01-03 13:44:45,695] {logging_mixin.py:109} INFO - [2022-01-03 13:44:45,695] {dag.py:2396} INFO - Sync 1 DAGs
[2022-01-03 13:44:45,719] {logging_mixin.py:109} INFO - [2022-01-03 13:44:45,719] {dag.py:2928} INFO - Setting next_dagrun for example_branch_datetime_operator_2 to 2022-01-02 00:00:00+00:00
[2022-01-03 13:44:45,730] {processor.py:171} INFO - Processing /home/airflow/.local/lib/python3.7/site-packages/airflow/example_dags/example_branch_datetime_operator.py took 0.079 seconds
[2022-01-03 13:45:16,667] {processor.py:163} INFO - Started process (PID=433) to work on /home/airflow/.local/lib/python3.7/site-packages/airflow/example_dags/example_branch_datetime_operator.py
[2022-01-03 13:45:16,669] {processor.py:625} INFO - Processing file /home/airflow/.local/lib/python3.7/site-packages/airflow/example_dags/example_branch_datetime_operator.py for tasks to queue
[2022-01-03 13:45:16,670] {logging_mixin.py:109} INFO - [2022-01-03 13:45:16,669] {dagbag.py:500} INFO - Filling up the DagBag from /home/airflow/.local/lib/python3.7/site-packages/airflow/example_dags/example_branch_datetime_operator.py
[2022-01-03 13:45:16,700] {processor.py:637} INFO - DAG(s) dict_keys(['example_branch_datetime_operator_2']) retrieved from /home/airflow/.local/lib/python3.7/site-packages/airflow/example_dags/example_branch_datetime_operator.py
[2022-01-03 13:45:16,711] {logging_mixin.py:109} INFO - [2022-01-03 13:45:16,711] {dag.py:2396} INFO - Sync 1 DAGs
[2022-01-03 13:45:16,736] {logging_mixin.py:109} INFO - [2022-01-03 13:45:16,736] {dag.py:2928} INFO - Setting next_dagrun for example_branch_datetime_operator_2 to 2022-01-02 00:00:00+00:00
[2022-01-03 13:45:16,748] {processor.py:171} INFO - Processing /home/airflow/.local/lib/python3.7/site-packages/airflow/example_dags/example_branch_datetime_operator.py took 0.084 seconds
[2022-01-03 13:45:47,441] {processor.py:163} INFO - Started process (PID=493) to work on /home/airflow/.local/lib/python3.7/site-packages/airflow/example_dags/example_branch_datetime_operator.py
[2022-01-03 13:45:47,443] {processor.py:625} INFO - Processing file /home/airflow/.local/lib/python3.7/site-packages/airflow/example_dags/example_branch_datetime_operator.py for tasks to queue
[2022-01-03 13:45:47,444] {logging_mixin.py:109} INFO - [2022-01-03 13:45:47,443] {dagbag.py:500} INFO - Filling up the DagBag from /home/airflow/.local/lib/python3.7/site-packages/airflow/example_dags/example_branch_datetime_operator.py
[2022-01-03 13:45:47,478] {processor.py:637} INFO - DAG(s) dict_keys(['example_branch_datetime_operator_2']) retrieved from /home/airflow/.local/lib/python3.7/site-packages/airflow/example_dags/example_branch_datetime_operator.py
[2022-01-03 13:45:47,491] {logging_mixin.py:109} INFO - [2022-01-03 13:45:47,491] {dag.py:2396} INFO - Sync 1 DAGs
[2022-01-03 13:45:47,525] {logging_mixin.py:109} INFO - [2022-01-03 13:45:47,524] {dag.py:2928} INFO - Setting next_dagrun for example_branch_datetime_operator_2 to 2022-01-02 00:00:00+00:00
[2022-01-03 13:45:47,537] {processor.py:171} INFO - Processing /home/airflow/.local/lib/python3.7/site-packages/airflow/example_dags/example_branch_datetime_operator.py took 0.100 seconds
[2022-01-03 13:46:18,243] {processor.py:163} INFO - Started process (PID=548) to work on /home/airflow/.local/lib/python3.7/site-packages/airflow/example_dags/example_branch_datetime_operator.py
[2022-01-03 13:46:18,246] {processor.py:625} INFO - Processing file /home/airflow/.local/lib/python3.7/site-packages/airflow/example_dags/example_branch_datetime_operator.py for tasks to queue
[2022-01-03 13:46:18,248] {logging_mixin.py:109} INFO - [2022-01-03 13:46:18,248] {dagbag.py:500} INFO - Filling up the DagBag from /home/airflow/.local/lib/python3.7/site-packages/airflow/example_dags/example_branch_datetime_operator.py
[2022-01-03 13:46:18,322] {processor.py:637} INFO - DAG(s) dict_keys(['example_branch_datetime_operator_2']) retrieved from /home/airflow/.local/lib/python3.7/site-packages/airflow/example_dags/example_branch_datetime_operator.py
[2022-01-03 13:46:18,337] {logging_mixin.py:109} INFO - [2022-01-03 13:46:18,337] {dag.py:2396} INFO - Sync 1 DAGs
[2022-01-03 13:46:18,359] {logging_mixin.py:109} INFO - [2022-01-03 13:46:18,358] {dag.py:2928} INFO - Setting next_dagrun for example_branch_datetime_operator_2 to 2022-01-02 00:00:00+00:00
[2022-01-03 13:46:18,370] {processor.py:171} INFO - Processing /home/airflow/.local/lib/python3.7/site-packages/airflow/example_dags/example_branch_datetime_operator.py took 0.137 seconds
