[2022-01-03 12:28:41,376] {processor.py:163} INFO - Started process (PID=213) to work on /home/airflow/.local/lib/python3.7/site-packages/airflow/example_dags/example_xcomargs.py
[2022-01-03 12:28:41,378] {processor.py:625} INFO - Processing file /home/airflow/.local/lib/python3.7/site-packages/airflow/example_dags/example_xcomargs.py for tasks to queue
[2022-01-03 12:28:41,379] {logging_mixin.py:109} INFO - [2022-01-03 12:28:41,379] {dagbag.py:500} INFO - Filling up the DagBag from /home/airflow/.local/lib/python3.7/site-packages/airflow/example_dags/example_xcomargs.py
[2022-01-03 12:28:41,436] {processor.py:637} INFO - DAG(s) dict_keys(['example_xcom_args', 'example_xcom_args_with_operators']) retrieved from /home/airflow/.local/lib/python3.7/site-packages/airflow/example_dags/example_xcomargs.py
[2022-01-03 12:28:45,173] {logging_mixin.py:109} INFO - [2022-01-03 12:28:45,173] {providers_manager.py:156} WARNING - Exception when importing 'airflow.providers.google.leveldb.hooks.leveldb.LevelDBHook' from 'apache-airflow-providers-google' package: No module named 'plyvel'
[2022-01-03 12:28:46,060] {logging_mixin.py:109} INFO - [2022-01-03 12:28:46,060] {providers_manager.py:156} WARNING - Exception when importing 'airflow.providers.google.leveldb.hooks.leveldb.LevelDBHook' from 'apache-airflow-providers-google' package: No module named 'plyvel'
[2022-01-03 12:28:46,115] {logging_mixin.py:109} INFO - [2022-01-03 12:28:46,115] {manager.py:496} INFO - Created Permission View: can read on DAG:example_xcom_args
[2022-01-03 12:28:46,133] {logging_mixin.py:109} INFO - [2022-01-03 12:28:46,133] {manager.py:496} INFO - Created Permission View: can edit on DAG:example_xcom_args
[2022-01-03 12:28:46,172] {logging_mixin.py:109} INFO - [2022-01-03 12:28:46,171] {manager.py:496} INFO - Created Permission View: can read on DAG:example_xcom_args_with_operators
[2022-01-03 12:28:46,187] {logging_mixin.py:109} INFO - [2022-01-03 12:28:46,187] {manager.py:496} INFO - Created Permission View: can edit on DAG:example_xcom_args_with_operators
[2022-01-03 12:28:46,188] {logging_mixin.py:109} INFO - [2022-01-03 12:28:46,187] {dag.py:2396} INFO - Sync 2 DAGs
[2022-01-03 12:28:46,202] {logging_mixin.py:109} INFO - [2022-01-03 12:28:46,202] {dag.py:2415} INFO - Creating ORM DAG for example_xcom_args_with_operators
[2022-01-03 12:28:46,203] {logging_mixin.py:109} INFO - [2022-01-03 12:28:46,203] {dag.py:2415} INFO - Creating ORM DAG for example_xcom_args
[2022-01-03 12:28:46,231] {logging_mixin.py:109} INFO - [2022-01-03 12:28:46,231] {dag.py:2928} INFO - Setting next_dagrun for example_xcom_args to None
[2022-01-03 12:28:46,232] {logging_mixin.py:109} INFO - [2022-01-03 12:28:46,232] {dag.py:2928} INFO - Setting next_dagrun for example_xcom_args_with_operators to None
[2022-01-03 12:28:46,255] {processor.py:171} INFO - Processing /home/airflow/.local/lib/python3.7/site-packages/airflow/example_dags/example_xcomargs.py took 4.884 seconds
[2022-01-03 12:29:16,965] {processor.py:163} INFO - Started process (PID=297) to work on /home/airflow/.local/lib/python3.7/site-packages/airflow/example_dags/example_xcomargs.py
[2022-01-03 12:29:16,969] {processor.py:625} INFO - Processing file /home/airflow/.local/lib/python3.7/site-packages/airflow/example_dags/example_xcomargs.py for tasks to queue
[2022-01-03 12:29:16,970] {logging_mixin.py:109} INFO - [2022-01-03 12:29:16,970] {dagbag.py:500} INFO - Filling up the DagBag from /home/airflow/.local/lib/python3.7/site-packages/airflow/example_dags/example_xcomargs.py
[2022-01-03 12:29:17,032] {processor.py:637} INFO - DAG(s) dict_keys(['example_xcom_args', 'example_xcom_args_with_operators']) retrieved from /home/airflow/.local/lib/python3.7/site-packages/airflow/example_dags/example_xcomargs.py
[2022-01-03 12:29:18,193] {logging_mixin.py:109} INFO - [2022-01-03 12:29:18,193] {dag.py:2396} INFO - Sync 2 DAGs
[2022-01-03 12:29:18,263] {logging_mixin.py:109} INFO - [2022-01-03 12:29:18,263] {dag.py:2928} INFO - Setting next_dagrun for example_xcom_args to None
[2022-01-03 12:29:18,264] {logging_mixin.py:109} INFO - [2022-01-03 12:29:18,264] {dag.py:2928} INFO - Setting next_dagrun for example_xcom_args_with_operators to None
[2022-01-03 12:29:18,300] {processor.py:171} INFO - Processing /home/airflow/.local/lib/python3.7/site-packages/airflow/example_dags/example_xcomargs.py took 1.341 seconds
[2022-01-03 12:29:49,303] {processor.py:163} INFO - Started process (PID=349) to work on /home/airflow/.local/lib/python3.7/site-packages/airflow/example_dags/example_xcomargs.py
[2022-01-03 12:29:49,307] {processor.py:625} INFO - Processing file /home/airflow/.local/lib/python3.7/site-packages/airflow/example_dags/example_xcomargs.py for tasks to queue
[2022-01-03 12:29:49,308] {logging_mixin.py:109} INFO - [2022-01-03 12:29:49,308] {dagbag.py:500} INFO - Filling up the DagBag from /home/airflow/.local/lib/python3.7/site-packages/airflow/example_dags/example_xcomargs.py
[2022-01-03 12:29:49,401] {processor.py:637} INFO - DAG(s) dict_keys(['example_xcom_args', 'example_xcom_args_with_operators']) retrieved from /home/airflow/.local/lib/python3.7/site-packages/airflow/example_dags/example_xcomargs.py
[2022-01-03 12:29:49,453] {logging_mixin.py:109} INFO - [2022-01-03 12:29:49,453] {dag.py:2396} INFO - Sync 2 DAGs
[2022-01-03 12:29:49,529] {logging_mixin.py:109} INFO - [2022-01-03 12:29:49,528] {dag.py:2928} INFO - Setting next_dagrun for example_xcom_args to None
[2022-01-03 12:29:49,529] {logging_mixin.py:109} INFO - [2022-01-03 12:29:49,529] {dag.py:2928} INFO - Setting next_dagrun for example_xcom_args_with_operators to None
[2022-01-03 12:29:49,565] {processor.py:171} INFO - Processing /home/airflow/.local/lib/python3.7/site-packages/airflow/example_dags/example_xcomargs.py took 0.270 seconds
[2022-01-03 12:30:19,638] {processor.py:163} INFO - Started process (PID=400) to work on /home/airflow/.local/lib/python3.7/site-packages/airflow/example_dags/example_xcomargs.py
[2022-01-03 12:30:19,639] {processor.py:625} INFO - Processing file /home/airflow/.local/lib/python3.7/site-packages/airflow/example_dags/example_xcomargs.py for tasks to queue
[2022-01-03 12:30:19,640] {logging_mixin.py:109} INFO - [2022-01-03 12:30:19,640] {dagbag.py:500} INFO - Filling up the DagBag from /home/airflow/.local/lib/python3.7/site-packages/airflow/example_dags/example_xcomargs.py
[2022-01-03 12:30:19,693] {processor.py:637} INFO - DAG(s) dict_keys(['example_xcom_args', 'example_xcom_args_with_operators']) retrieved from /home/airflow/.local/lib/python3.7/site-packages/airflow/example_dags/example_xcomargs.py
[2022-01-03 12:30:20,049] {logging_mixin.py:109} INFO - [2022-01-03 12:30:20,049] {dag.py:2396} INFO - Sync 2 DAGs
[2022-01-03 12:30:20,066] {logging_mixin.py:109} INFO - [2022-01-03 12:30:20,066] {dag.py:2928} INFO - Setting next_dagrun for example_xcom_args to None
[2022-01-03 12:30:20,066] {logging_mixin.py:109} INFO - [2022-01-03 12:30:20,066] {dag.py:2928} INFO - Setting next_dagrun for example_xcom_args_with_operators to None
[2022-01-03 12:30:20,088] {processor.py:171} INFO - Processing /home/airflow/.local/lib/python3.7/site-packages/airflow/example_dags/example_xcomargs.py took 0.454 seconds
[2022-01-03 12:30:50,738] {processor.py:163} INFO - Started process (PID=453) to work on /home/airflow/.local/lib/python3.7/site-packages/airflow/example_dags/example_xcomargs.py
[2022-01-03 12:30:50,744] {processor.py:625} INFO - Processing file /home/airflow/.local/lib/python3.7/site-packages/airflow/example_dags/example_xcomargs.py for tasks to queue
[2022-01-03 12:30:50,745] {logging_mixin.py:109} INFO - [2022-01-03 12:30:50,745] {dagbag.py:500} INFO - Filling up the DagBag from /home/airflow/.local/lib/python3.7/site-packages/airflow/example_dags/example_xcomargs.py
[2022-01-03 12:30:50,794] {processor.py:637} INFO - DAG(s) dict_keys(['example_xcom_args', 'example_xcom_args_with_operators']) retrieved from /home/airflow/.local/lib/python3.7/site-packages/airflow/example_dags/example_xcomargs.py
[2022-01-03 12:30:51,152] {logging_mixin.py:109} INFO - [2022-01-03 12:30:51,152] {dag.py:2396} INFO - Sync 2 DAGs
[2022-01-03 12:30:51,172] {logging_mixin.py:109} INFO - [2022-01-03 12:30:51,172] {dag.py:2928} INFO - Setting next_dagrun for example_xcom_args to None
[2022-01-03 12:30:51,172] {logging_mixin.py:109} INFO - [2022-01-03 12:30:51,172] {dag.py:2928} INFO - Setting next_dagrun for example_xcom_args_with_operators to None
[2022-01-03 12:30:51,189] {processor.py:171} INFO - Processing /home/airflow/.local/lib/python3.7/site-packages/airflow/example_dags/example_xcomargs.py took 0.456 seconds
[2022-01-03 12:31:21,261] {processor.py:163} INFO - Started process (PID=504) to work on /home/airflow/.local/lib/python3.7/site-packages/airflow/example_dags/example_xcomargs.py
[2022-01-03 12:31:21,263] {processor.py:625} INFO - Processing file /home/airflow/.local/lib/python3.7/site-packages/airflow/example_dags/example_xcomargs.py for tasks to queue
[2022-01-03 12:31:21,263] {logging_mixin.py:109} INFO - [2022-01-03 12:31:21,263] {dagbag.py:500} INFO - Filling up the DagBag from /home/airflow/.local/lib/python3.7/site-packages/airflow/example_dags/example_xcomargs.py
[2022-01-03 12:31:21,320] {processor.py:637} INFO - DAG(s) dict_keys(['example_xcom_args', 'example_xcom_args_with_operators']) retrieved from /home/airflow/.local/lib/python3.7/site-packages/airflow/example_dags/example_xcomargs.py
[2022-01-03 12:31:22,318] {logging_mixin.py:109} INFO - [2022-01-03 12:31:22,318] {dag.py:2396} INFO - Sync 2 DAGs
[2022-01-03 12:31:22,349] {logging_mixin.py:109} INFO - [2022-01-03 12:31:22,349] {dag.py:2928} INFO - Setting next_dagrun for example_xcom_args to None
[2022-01-03 12:31:22,349] {logging_mixin.py:109} INFO - [2022-01-03 12:31:22,349] {dag.py:2928} INFO - Setting next_dagrun for example_xcom_args_with_operators to None
[2022-01-03 12:31:22,375] {processor.py:171} INFO - Processing /home/airflow/.local/lib/python3.7/site-packages/airflow/example_dags/example_xcomargs.py took 1.118 seconds
[2022-01-03 12:31:52,823] {processor.py:163} INFO - Started process (PID=553) to work on /home/airflow/.local/lib/python3.7/site-packages/airflow/example_dags/example_xcomargs.py
[2022-01-03 12:31:52,825] {processor.py:625} INFO - Processing file /home/airflow/.local/lib/python3.7/site-packages/airflow/example_dags/example_xcomargs.py for tasks to queue
[2022-01-03 12:31:52,826] {logging_mixin.py:109} INFO - [2022-01-03 12:31:52,825] {dagbag.py:500} INFO - Filling up the DagBag from /home/airflow/.local/lib/python3.7/site-packages/airflow/example_dags/example_xcomargs.py
[2022-01-03 12:31:52,863] {processor.py:637} INFO - DAG(s) dict_keys(['example_xcom_args', 'example_xcom_args_with_operators']) retrieved from /home/airflow/.local/lib/python3.7/site-packages/airflow/example_dags/example_xcomargs.py
[2022-01-03 12:31:53,256] {logging_mixin.py:109} INFO - [2022-01-03 12:31:53,256] {dag.py:2396} INFO - Sync 2 DAGs
[2022-01-03 12:31:53,279] {logging_mixin.py:109} INFO - [2022-01-03 12:31:53,279] {dag.py:2928} INFO - Setting next_dagrun for example_xcom_args to None
[2022-01-03 12:31:53,279] {logging_mixin.py:109} INFO - [2022-01-03 12:31:53,279] {dag.py:2928} INFO - Setting next_dagrun for example_xcom_args_with_operators to None
[2022-01-03 12:31:53,300] {processor.py:171} INFO - Processing /home/airflow/.local/lib/python3.7/site-packages/airflow/example_dags/example_xcomargs.py took 0.481 seconds
[2022-01-03 12:32:23,397] {processor.py:163} INFO - Started process (PID=613) to work on /home/airflow/.local/lib/python3.7/site-packages/airflow/example_dags/example_xcomargs.py
[2022-01-03 12:32:23,406] {processor.py:625} INFO - Processing file /home/airflow/.local/lib/python3.7/site-packages/airflow/example_dags/example_xcomargs.py for tasks to queue
[2022-01-03 12:32:23,407] {logging_mixin.py:109} INFO - [2022-01-03 12:32:23,407] {dagbag.py:500} INFO - Filling up the DagBag from /home/airflow/.local/lib/python3.7/site-packages/airflow/example_dags/example_xcomargs.py
[2022-01-03 12:32:23,450] {processor.py:637} INFO - DAG(s) dict_keys(['example_xcom_args', 'example_xcom_args_with_operators']) retrieved from /home/airflow/.local/lib/python3.7/site-packages/airflow/example_dags/example_xcomargs.py
[2022-01-03 12:32:23,903] {logging_mixin.py:109} INFO - [2022-01-03 12:32:23,902] {dag.py:2396} INFO - Sync 2 DAGs
[2022-01-03 12:32:23,929] {logging_mixin.py:109} INFO - [2022-01-03 12:32:23,929] {dag.py:2928} INFO - Setting next_dagrun for example_xcom_args to None
[2022-01-03 12:32:23,930] {logging_mixin.py:109} INFO - [2022-01-03 12:32:23,930] {dag.py:2928} INFO - Setting next_dagrun for example_xcom_args_with_operators to None
[2022-01-03 12:32:23,948] {processor.py:171} INFO - Processing /home/airflow/.local/lib/python3.7/site-packages/airflow/example_dags/example_xcomargs.py took 0.555 seconds
[2022-01-03 13:13:48,718] {processor.py:163} INFO - Started process (PID=73) to work on /home/airflow/.local/lib/python3.7/site-packages/airflow/example_dags/example_xcomargs.py
[2022-01-03 13:13:48,720] {processor.py:625} INFO - Processing file /home/airflow/.local/lib/python3.7/site-packages/airflow/example_dags/example_xcomargs.py for tasks to queue
[2022-01-03 13:13:48,721] {logging_mixin.py:109} INFO - [2022-01-03 13:13:48,720] {dagbag.py:500} INFO - Filling up the DagBag from /home/airflow/.local/lib/python3.7/site-packages/airflow/example_dags/example_xcomargs.py
[2022-01-03 13:13:48,810] {processor.py:637} INFO - DAG(s) dict_keys(['example_xcom_args', 'example_xcom_args_with_operators']) retrieved from /home/airflow/.local/lib/python3.7/site-packages/airflow/example_dags/example_xcomargs.py
[2022-01-03 13:13:49,612] {logging_mixin.py:109} INFO - [2022-01-03 13:13:49,612] {dag.py:2396} INFO - Sync 2 DAGs
[2022-01-03 13:13:49,656] {logging_mixin.py:109} INFO - [2022-01-03 13:13:49,656] {dag.py:2928} INFO - Setting next_dagrun for example_xcom_args to None
[2022-01-03 13:13:49,657] {logging_mixin.py:109} INFO - [2022-01-03 13:13:49,657] {dag.py:2928} INFO - Setting next_dagrun for example_xcom_args_with_operators to None
[2022-01-03 13:13:49,686] {processor.py:171} INFO - Processing /home/airflow/.local/lib/python3.7/site-packages/airflow/example_dags/example_xcomargs.py took 0.979 seconds
[2022-01-03 13:14:20,306] {processor.py:163} INFO - Started process (PID=131) to work on /home/airflow/.local/lib/python3.7/site-packages/airflow/example_dags/example_xcomargs.py
[2022-01-03 13:14:20,310] {processor.py:625} INFO - Processing file /home/airflow/.local/lib/python3.7/site-packages/airflow/example_dags/example_xcomargs.py for tasks to queue
[2022-01-03 13:14:20,312] {logging_mixin.py:109} INFO - [2022-01-03 13:14:20,311] {dagbag.py:500} INFO - Filling up the DagBag from /home/airflow/.local/lib/python3.7/site-packages/airflow/example_dags/example_xcomargs.py
[2022-01-03 13:14:20,392] {processor.py:637} INFO - DAG(s) dict_keys(['example_xcom_args', 'example_xcom_args_with_operators']) retrieved from /home/airflow/.local/lib/python3.7/site-packages/airflow/example_dags/example_xcomargs.py
[2022-01-03 13:14:20,715] {logging_mixin.py:109} INFO - [2022-01-03 13:14:20,715] {dag.py:2396} INFO - Sync 2 DAGs
[2022-01-03 13:14:20,731] {logging_mixin.py:109} INFO - [2022-01-03 13:14:20,731] {dag.py:2928} INFO - Setting next_dagrun for example_xcom_args to None
[2022-01-03 13:14:20,731] {logging_mixin.py:109} INFO - [2022-01-03 13:14:20,731] {dag.py:2928} INFO - Setting next_dagrun for example_xcom_args_with_operators to None
[2022-01-03 13:14:20,742] {processor.py:171} INFO - Processing /home/airflow/.local/lib/python3.7/site-packages/airflow/example_dags/example_xcomargs.py took 0.444 seconds
[2022-01-03 13:14:50,958] {processor.py:163} INFO - Started process (PID=185) to work on /home/airflow/.local/lib/python3.7/site-packages/airflow/example_dags/example_xcomargs.py
[2022-01-03 13:14:50,965] {processor.py:625} INFO - Processing file /home/airflow/.local/lib/python3.7/site-packages/airflow/example_dags/example_xcomargs.py for tasks to queue
[2022-01-03 13:14:50,966] {logging_mixin.py:109} INFO - [2022-01-03 13:14:50,966] {dagbag.py:500} INFO - Filling up the DagBag from /home/airflow/.local/lib/python3.7/site-packages/airflow/example_dags/example_xcomargs.py
[2022-01-03 13:14:51,032] {processor.py:637} INFO - DAG(s) dict_keys(['example_xcom_args', 'example_xcom_args_with_operators']) retrieved from /home/airflow/.local/lib/python3.7/site-packages/airflow/example_dags/example_xcomargs.py
[2022-01-03 13:14:51,630] {logging_mixin.py:109} INFO - [2022-01-03 13:14:51,630] {dag.py:2396} INFO - Sync 2 DAGs
[2022-01-03 13:14:51,655] {logging_mixin.py:109} INFO - [2022-01-03 13:14:51,655] {dag.py:2928} INFO - Setting next_dagrun for example_xcom_args to None
[2022-01-03 13:14:51,655] {logging_mixin.py:109} INFO - [2022-01-03 13:14:51,655] {dag.py:2928} INFO - Setting next_dagrun for example_xcom_args_with_operators to None
[2022-01-03 13:14:51,675] {processor.py:171} INFO - Processing /home/airflow/.local/lib/python3.7/site-packages/airflow/example_dags/example_xcomargs.py took 0.721 seconds
[2022-01-03 13:15:21,713] {processor.py:163} INFO - Started process (PID=237) to work on /home/airflow/.local/lib/python3.7/site-packages/airflow/example_dags/example_xcomargs.py
[2022-01-03 13:15:21,714] {processor.py:625} INFO - Processing file /home/airflow/.local/lib/python3.7/site-packages/airflow/example_dags/example_xcomargs.py for tasks to queue
[2022-01-03 13:15:21,715] {logging_mixin.py:109} INFO - [2022-01-03 13:15:21,715] {dagbag.py:500} INFO - Filling up the DagBag from /home/airflow/.local/lib/python3.7/site-packages/airflow/example_dags/example_xcomargs.py
[2022-01-03 13:15:21,756] {processor.py:637} INFO - DAG(s) dict_keys(['example_xcom_args', 'example_xcom_args_with_operators']) retrieved from /home/airflow/.local/lib/python3.7/site-packages/airflow/example_dags/example_xcomargs.py
[2022-01-03 13:15:22,393] {logging_mixin.py:109} INFO - [2022-01-03 13:15:22,393] {dag.py:2396} INFO - Sync 2 DAGs
[2022-01-03 13:15:22,441] {logging_mixin.py:109} INFO - [2022-01-03 13:15:22,440] {dag.py:2928} INFO - Setting next_dagrun for example_xcom_args to None
[2022-01-03 13:15:22,441] {logging_mixin.py:109} INFO - [2022-01-03 13:15:22,441] {dag.py:2928} INFO - Setting next_dagrun for example_xcom_args_with_operators to None
[2022-01-03 13:15:22,494] {processor.py:171} INFO - Processing /home/airflow/.local/lib/python3.7/site-packages/airflow/example_dags/example_xcomargs.py took 0.784 seconds
[2022-01-03 13:15:52,650] {processor.py:163} INFO - Started process (PID=304) to work on /home/airflow/.local/lib/python3.7/site-packages/airflow/example_dags/example_xcomargs.py
[2022-01-03 13:15:52,652] {processor.py:625} INFO - Processing file /home/airflow/.local/lib/python3.7/site-packages/airflow/example_dags/example_xcomargs.py for tasks to queue
[2022-01-03 13:15:52,653] {logging_mixin.py:109} INFO - [2022-01-03 13:15:52,653] {dagbag.py:500} INFO - Filling up the DagBag from /home/airflow/.local/lib/python3.7/site-packages/airflow/example_dags/example_xcomargs.py
[2022-01-03 13:15:52,692] {processor.py:637} INFO - DAG(s) dict_keys(['example_xcom_args', 'example_xcom_args_with_operators']) retrieved from /home/airflow/.local/lib/python3.7/site-packages/airflow/example_dags/example_xcomargs.py
[2022-01-03 13:15:53,336] {logging_mixin.py:109} INFO - [2022-01-03 13:15:53,336] {dag.py:2396} INFO - Sync 2 DAGs
[2022-01-03 13:15:53,372] {logging_mixin.py:109} INFO - [2022-01-03 13:15:53,372] {dag.py:2928} INFO - Setting next_dagrun for example_xcom_args to None
[2022-01-03 13:15:53,373] {logging_mixin.py:109} INFO - [2022-01-03 13:15:53,373] {dag.py:2928} INFO - Setting next_dagrun for example_xcom_args_with_operators to None
[2022-01-03 13:15:53,397] {processor.py:171} INFO - Processing /home/airflow/.local/lib/python3.7/site-packages/airflow/example_dags/example_xcomargs.py took 0.754 seconds
[2022-01-03 13:16:23,621] {processor.py:163} INFO - Started process (PID=360) to work on /home/airflow/.local/lib/python3.7/site-packages/airflow/example_dags/example_xcomargs.py
[2022-01-03 13:16:23,625] {processor.py:625} INFO - Processing file /home/airflow/.local/lib/python3.7/site-packages/airflow/example_dags/example_xcomargs.py for tasks to queue
[2022-01-03 13:16:23,631] {logging_mixin.py:109} INFO - [2022-01-03 13:16:23,631] {dagbag.py:500} INFO - Filling up the DagBag from /home/airflow/.local/lib/python3.7/site-packages/airflow/example_dags/example_xcomargs.py
[2022-01-03 13:16:23,714] {processor.py:637} INFO - DAG(s) dict_keys(['example_xcom_args', 'example_xcom_args_with_operators']) retrieved from /home/airflow/.local/lib/python3.7/site-packages/airflow/example_dags/example_xcomargs.py
[2022-01-03 13:16:23,734] {logging_mixin.py:109} INFO - [2022-01-03 13:16:23,734] {dag.py:2396} INFO - Sync 2 DAGs
[2022-01-03 13:16:23,759] {logging_mixin.py:109} INFO - [2022-01-03 13:16:23,759] {dag.py:2928} INFO - Setting next_dagrun for example_xcom_args to None
[2022-01-03 13:16:23,759] {logging_mixin.py:109} INFO - [2022-01-03 13:16:23,759] {dag.py:2928} INFO - Setting next_dagrun for example_xcom_args_with_operators to None
[2022-01-03 13:16:23,775] {processor.py:171} INFO - Processing /home/airflow/.local/lib/python3.7/site-packages/airflow/example_dags/example_xcomargs.py took 0.166 seconds
[2022-01-03 13:16:54,138] {processor.py:163} INFO - Started process (PID=410) to work on /home/airflow/.local/lib/python3.7/site-packages/airflow/example_dags/example_xcomargs.py
[2022-01-03 13:16:54,147] {processor.py:625} INFO - Processing file /home/airflow/.local/lib/python3.7/site-packages/airflow/example_dags/example_xcomargs.py for tasks to queue
[2022-01-03 13:16:54,148] {logging_mixin.py:109} INFO - [2022-01-03 13:16:54,148] {dagbag.py:500} INFO - Filling up the DagBag from /home/airflow/.local/lib/python3.7/site-packages/airflow/example_dags/example_xcomargs.py
[2022-01-03 13:16:54,213] {processor.py:637} INFO - DAG(s) dict_keys(['example_xcom_args', 'example_xcom_args_with_operators']) retrieved from /home/airflow/.local/lib/python3.7/site-packages/airflow/example_dags/example_xcomargs.py
[2022-01-03 13:16:54,831] {logging_mixin.py:109} INFO - [2022-01-03 13:16:54,830] {dag.py:2396} INFO - Sync 2 DAGs
[2022-01-03 13:16:54,852] {logging_mixin.py:109} INFO - [2022-01-03 13:16:54,852] {dag.py:2928} INFO - Setting next_dagrun for example_xcom_args to None
[2022-01-03 13:16:54,853] {logging_mixin.py:109} INFO - [2022-01-03 13:16:54,853] {dag.py:2928} INFO - Setting next_dagrun for example_xcom_args_with_operators to None
[2022-01-03 13:16:54,870] {processor.py:171} INFO - Processing /home/airflow/.local/lib/python3.7/site-packages/airflow/example_dags/example_xcomargs.py took 0.736 seconds
[2022-01-03 13:17:25,692] {processor.py:163} INFO - Started process (PID=463) to work on /home/airflow/.local/lib/python3.7/site-packages/airflow/example_dags/example_xcomargs.py
[2022-01-03 13:17:25,693] {processor.py:625} INFO - Processing file /home/airflow/.local/lib/python3.7/site-packages/airflow/example_dags/example_xcomargs.py for tasks to queue
[2022-01-03 13:17:25,694] {logging_mixin.py:109} INFO - [2022-01-03 13:17:25,694] {dagbag.py:500} INFO - Filling up the DagBag from /home/airflow/.local/lib/python3.7/site-packages/airflow/example_dags/example_xcomargs.py
[2022-01-03 13:17:25,741] {processor.py:637} INFO - DAG(s) dict_keys(['example_xcom_args', 'example_xcom_args_with_operators']) retrieved from /home/airflow/.local/lib/python3.7/site-packages/airflow/example_dags/example_xcomargs.py
[2022-01-03 13:17:26,277] {logging_mixin.py:109} INFO - [2022-01-03 13:17:26,277] {dag.py:2396} INFO - Sync 2 DAGs
[2022-01-03 13:17:26,309] {logging_mixin.py:109} INFO - [2022-01-03 13:17:26,309] {dag.py:2928} INFO - Setting next_dagrun for example_xcom_args to None
[2022-01-03 13:17:26,309] {logging_mixin.py:109} INFO - [2022-01-03 13:17:26,309] {dag.py:2928} INFO - Setting next_dagrun for example_xcom_args_with_operators to None
[2022-01-03 13:17:26,334] {processor.py:171} INFO - Processing /home/airflow/.local/lib/python3.7/site-packages/airflow/example_dags/example_xcomargs.py took 0.646 seconds
[2022-01-03 13:17:56,694] {processor.py:163} INFO - Started process (PID=525) to work on /home/airflow/.local/lib/python3.7/site-packages/airflow/example_dags/example_xcomargs.py
[2022-01-03 13:17:56,695] {processor.py:625} INFO - Processing file /home/airflow/.local/lib/python3.7/site-packages/airflow/example_dags/example_xcomargs.py for tasks to queue
[2022-01-03 13:17:56,696] {logging_mixin.py:109} INFO - [2022-01-03 13:17:56,696] {dagbag.py:500} INFO - Filling up the DagBag from /home/airflow/.local/lib/python3.7/site-packages/airflow/example_dags/example_xcomargs.py
[2022-01-03 13:17:56,751] {processor.py:637} INFO - DAG(s) dict_keys(['example_xcom_args', 'example_xcom_args_with_operators']) retrieved from /home/airflow/.local/lib/python3.7/site-packages/airflow/example_dags/example_xcomargs.py
[2022-01-03 13:17:57,218] {logging_mixin.py:109} INFO - [2022-01-03 13:17:57,218] {dag.py:2396} INFO - Sync 2 DAGs
[2022-01-03 13:17:57,242] {logging_mixin.py:109} INFO - [2022-01-03 13:17:57,242] {dag.py:2928} INFO - Setting next_dagrun for example_xcom_args to None
[2022-01-03 13:17:57,242] {logging_mixin.py:109} INFO - [2022-01-03 13:17:57,242] {dag.py:2928} INFO - Setting next_dagrun for example_xcom_args_with_operators to None
[2022-01-03 13:17:57,263] {processor.py:171} INFO - Processing /home/airflow/.local/lib/python3.7/site-packages/airflow/example_dags/example_xcomargs.py took 0.573 seconds
[2022-01-03 13:18:27,676] {processor.py:163} INFO - Started process (PID=577) to work on /home/airflow/.local/lib/python3.7/site-packages/airflow/example_dags/example_xcomargs.py
[2022-01-03 13:18:27,686] {processor.py:625} INFO - Processing file /home/airflow/.local/lib/python3.7/site-packages/airflow/example_dags/example_xcomargs.py for tasks to queue
[2022-01-03 13:18:27,687] {logging_mixin.py:109} INFO - [2022-01-03 13:18:27,687] {dagbag.py:500} INFO - Filling up the DagBag from /home/airflow/.local/lib/python3.7/site-packages/airflow/example_dags/example_xcomargs.py
[2022-01-03 13:18:27,777] {processor.py:637} INFO - DAG(s) dict_keys(['example_xcom_args', 'example_xcom_args_with_operators']) retrieved from /home/airflow/.local/lib/python3.7/site-packages/airflow/example_dags/example_xcomargs.py
[2022-01-03 13:18:28,386] {logging_mixin.py:109} INFO - [2022-01-03 13:18:28,386] {dag.py:2396} INFO - Sync 2 DAGs
[2022-01-03 13:18:28,416] {logging_mixin.py:109} INFO - [2022-01-03 13:18:28,415] {dag.py:2928} INFO - Setting next_dagrun for example_xcom_args to None
[2022-01-03 13:18:28,416] {logging_mixin.py:109} INFO - [2022-01-03 13:18:28,416] {dag.py:2928} INFO - Setting next_dagrun for example_xcom_args_with_operators to None
[2022-01-03 13:18:28,445] {processor.py:171} INFO - Processing /home/airflow/.local/lib/python3.7/site-packages/airflow/example_dags/example_xcomargs.py took 0.773 seconds
[2022-01-03 13:18:59,053] {processor.py:163} INFO - Started process (PID=629) to work on /home/airflow/.local/lib/python3.7/site-packages/airflow/example_dags/example_xcomargs.py
[2022-01-03 13:18:59,071] {processor.py:625} INFO - Processing file /home/airflow/.local/lib/python3.7/site-packages/airflow/example_dags/example_xcomargs.py for tasks to queue
[2022-01-03 13:18:59,072] {logging_mixin.py:109} INFO - [2022-01-03 13:18:59,072] {dagbag.py:500} INFO - Filling up the DagBag from /home/airflow/.local/lib/python3.7/site-packages/airflow/example_dags/example_xcomargs.py
[2022-01-03 13:18:59,185] {processor.py:637} INFO - DAG(s) dict_keys(['example_xcom_args', 'example_xcom_args_with_operators']) retrieved from /home/airflow/.local/lib/python3.7/site-packages/airflow/example_dags/example_xcomargs.py
[2022-01-03 13:18:59,709] {logging_mixin.py:109} INFO - [2022-01-03 13:18:59,709] {dag.py:2396} INFO - Sync 2 DAGs
[2022-01-03 13:18:59,735] {logging_mixin.py:109} INFO - [2022-01-03 13:18:59,735] {dag.py:2928} INFO - Setting next_dagrun for example_xcom_args to None
[2022-01-03 13:18:59,736] {logging_mixin.py:109} INFO - [2022-01-03 13:18:59,736] {dag.py:2928} INFO - Setting next_dagrun for example_xcom_args_with_operators to None
[2022-01-03 13:18:59,751] {processor.py:171} INFO - Processing /home/airflow/.local/lib/python3.7/site-packages/airflow/example_dags/example_xcomargs.py took 0.709 seconds
[2022-01-03 13:19:29,890] {processor.py:163} INFO - Started process (PID=679) to work on /home/airflow/.local/lib/python3.7/site-packages/airflow/example_dags/example_xcomargs.py
[2022-01-03 13:19:29,892] {processor.py:625} INFO - Processing file /home/airflow/.local/lib/python3.7/site-packages/airflow/example_dags/example_xcomargs.py for tasks to queue
[2022-01-03 13:19:29,892] {logging_mixin.py:109} INFO - [2022-01-03 13:19:29,892] {dagbag.py:500} INFO - Filling up the DagBag from /home/airflow/.local/lib/python3.7/site-packages/airflow/example_dags/example_xcomargs.py
[2022-01-03 13:19:29,990] {processor.py:637} INFO - DAG(s) dict_keys(['example_xcom_args', 'example_xcom_args_with_operators']) retrieved from /home/airflow/.local/lib/python3.7/site-packages/airflow/example_dags/example_xcomargs.py
[2022-01-03 13:19:30,506] {logging_mixin.py:109} INFO - [2022-01-03 13:19:30,506] {dag.py:2396} INFO - Sync 2 DAGs
[2022-01-03 13:19:30,535] {logging_mixin.py:109} INFO - [2022-01-03 13:19:30,534] {dag.py:2928} INFO - Setting next_dagrun for example_xcom_args to None
[2022-01-03 13:19:30,535] {logging_mixin.py:109} INFO - [2022-01-03 13:19:30,535] {dag.py:2928} INFO - Setting next_dagrun for example_xcom_args_with_operators to None
[2022-01-03 13:19:30,583] {processor.py:171} INFO - Processing /home/airflow/.local/lib/python3.7/site-packages/airflow/example_dags/example_xcomargs.py took 0.708 seconds
[2022-01-03 13:20:01,172] {processor.py:163} INFO - Started process (PID=741) to work on /home/airflow/.local/lib/python3.7/site-packages/airflow/example_dags/example_xcomargs.py
[2022-01-03 13:20:01,174] {processor.py:625} INFO - Processing file /home/airflow/.local/lib/python3.7/site-packages/airflow/example_dags/example_xcomargs.py for tasks to queue
[2022-01-03 13:20:01,175] {logging_mixin.py:109} INFO - [2022-01-03 13:20:01,175] {dagbag.py:500} INFO - Filling up the DagBag from /home/airflow/.local/lib/python3.7/site-packages/airflow/example_dags/example_xcomargs.py
[2022-01-03 13:20:01,282] {processor.py:637} INFO - DAG(s) dict_keys(['example_xcom_args', 'example_xcom_args_with_operators']) retrieved from /home/airflow/.local/lib/python3.7/site-packages/airflow/example_dags/example_xcomargs.py
[2022-01-03 13:20:02,131] {logging_mixin.py:109} INFO - [2022-01-03 13:20:02,129] {dag.py:2396} INFO - Sync 2 DAGs
[2022-01-03 13:20:02,164] {logging_mixin.py:109} INFO - [2022-01-03 13:20:02,164] {dag.py:2928} INFO - Setting next_dagrun for example_xcom_args to None
[2022-01-03 13:20:02,165] {logging_mixin.py:109} INFO - [2022-01-03 13:20:02,165] {dag.py:2928} INFO - Setting next_dagrun for example_xcom_args_with_operators to None
[2022-01-03 13:20:02,191] {processor.py:171} INFO - Processing /home/airflow/.local/lib/python3.7/site-packages/airflow/example_dags/example_xcomargs.py took 1.041 seconds
[2022-01-03 13:20:32,526] {processor.py:163} INFO - Started process (PID=792) to work on /home/airflow/.local/lib/python3.7/site-packages/airflow/example_dags/example_xcomargs.py
[2022-01-03 13:20:32,527] {processor.py:625} INFO - Processing file /home/airflow/.local/lib/python3.7/site-packages/airflow/example_dags/example_xcomargs.py for tasks to queue
[2022-01-03 13:20:32,528] {logging_mixin.py:109} INFO - [2022-01-03 13:20:32,527] {dagbag.py:500} INFO - Filling up the DagBag from /home/airflow/.local/lib/python3.7/site-packages/airflow/example_dags/example_xcomargs.py
[2022-01-03 13:20:32,728] {processor.py:637} INFO - DAG(s) dict_keys(['example_xcom_args', 'example_xcom_args_with_operators']) retrieved from /home/airflow/.local/lib/python3.7/site-packages/airflow/example_dags/example_xcomargs.py
[2022-01-03 13:20:33,501] {logging_mixin.py:109} INFO - [2022-01-03 13:20:33,501] {dag.py:2396} INFO - Sync 2 DAGs
[2022-01-03 13:20:33,555] {logging_mixin.py:109} INFO - [2022-01-03 13:20:33,555] {dag.py:2928} INFO - Setting next_dagrun for example_xcom_args to None
[2022-01-03 13:20:33,556] {logging_mixin.py:109} INFO - [2022-01-03 13:20:33,556] {dag.py:2928} INFO - Setting next_dagrun for example_xcom_args_with_operators to None
[2022-01-03 13:20:33,591] {processor.py:171} INFO - Processing /home/airflow/.local/lib/python3.7/site-packages/airflow/example_dags/example_xcomargs.py took 1.069 seconds
[2022-01-03 13:21:04,027] {processor.py:163} INFO - Started process (PID=843) to work on /home/airflow/.local/lib/python3.7/site-packages/airflow/example_dags/example_xcomargs.py
[2022-01-03 13:21:04,035] {processor.py:625} INFO - Processing file /home/airflow/.local/lib/python3.7/site-packages/airflow/example_dags/example_xcomargs.py for tasks to queue
[2022-01-03 13:21:04,036] {logging_mixin.py:109} INFO - [2022-01-03 13:21:04,036] {dagbag.py:500} INFO - Filling up the DagBag from /home/airflow/.local/lib/python3.7/site-packages/airflow/example_dags/example_xcomargs.py
[2022-01-03 13:21:04,107] {processor.py:637} INFO - DAG(s) dict_keys(['example_xcom_args', 'example_xcom_args_with_operators']) retrieved from /home/airflow/.local/lib/python3.7/site-packages/airflow/example_dags/example_xcomargs.py
[2022-01-03 13:21:04,680] {logging_mixin.py:109} INFO - [2022-01-03 13:21:04,680] {dag.py:2396} INFO - Sync 2 DAGs
[2022-01-03 13:21:04,708] {logging_mixin.py:109} INFO - [2022-01-03 13:21:04,707] {dag.py:2928} INFO - Setting next_dagrun for example_xcom_args to None
[2022-01-03 13:21:04,708] {logging_mixin.py:109} INFO - [2022-01-03 13:21:04,708] {dag.py:2928} INFO - Setting next_dagrun for example_xcom_args_with_operators to None
[2022-01-03 13:21:04,723] {processor.py:171} INFO - Processing /home/airflow/.local/lib/python3.7/site-packages/airflow/example_dags/example_xcomargs.py took 0.701 seconds
[2022-01-03 13:21:34,778] {processor.py:163} INFO - Started process (PID=893) to work on /home/airflow/.local/lib/python3.7/site-packages/airflow/example_dags/example_xcomargs.py
[2022-01-03 13:21:34,783] {processor.py:625} INFO - Processing file /home/airflow/.local/lib/python3.7/site-packages/airflow/example_dags/example_xcomargs.py for tasks to queue
[2022-01-03 13:21:34,784] {logging_mixin.py:109} INFO - [2022-01-03 13:21:34,784] {dagbag.py:500} INFO - Filling up the DagBag from /home/airflow/.local/lib/python3.7/site-packages/airflow/example_dags/example_xcomargs.py
[2022-01-03 13:21:34,882] {processor.py:637} INFO - DAG(s) dict_keys(['example_xcom_args', 'example_xcom_args_with_operators']) retrieved from /home/airflow/.local/lib/python3.7/site-packages/airflow/example_dags/example_xcomargs.py
[2022-01-03 13:21:35,279] {logging_mixin.py:109} INFO - [2022-01-03 13:21:35,279] {dag.py:2396} INFO - Sync 2 DAGs
[2022-01-03 13:21:35,297] {logging_mixin.py:109} INFO - [2022-01-03 13:21:35,297] {dag.py:2928} INFO - Setting next_dagrun for example_xcom_args to None
[2022-01-03 13:21:35,297] {logging_mixin.py:109} INFO - [2022-01-03 13:21:35,297] {dag.py:2928} INFO - Setting next_dagrun for example_xcom_args_with_operators to None
[2022-01-03 13:21:35,310] {processor.py:171} INFO - Processing /home/airflow/.local/lib/python3.7/site-packages/airflow/example_dags/example_xcomargs.py took 0.542 seconds
[2022-01-03 13:22:05,633] {processor.py:163} INFO - Started process (PID=944) to work on /home/airflow/.local/lib/python3.7/site-packages/airflow/example_dags/example_xcomargs.py
[2022-01-03 13:22:05,635] {processor.py:625} INFO - Processing file /home/airflow/.local/lib/python3.7/site-packages/airflow/example_dags/example_xcomargs.py for tasks to queue
[2022-01-03 13:22:05,635] {logging_mixin.py:109} INFO - [2022-01-03 13:22:05,635] {dagbag.py:500} INFO - Filling up the DagBag from /home/airflow/.local/lib/python3.7/site-packages/airflow/example_dags/example_xcomargs.py
[2022-01-03 13:22:05,697] {processor.py:637} INFO - DAG(s) dict_keys(['example_xcom_args', 'example_xcom_args_with_operators']) retrieved from /home/airflow/.local/lib/python3.7/site-packages/airflow/example_dags/example_xcomargs.py
[2022-01-03 13:22:06,486] {logging_mixin.py:109} INFO - [2022-01-03 13:22:06,486] {dag.py:2396} INFO - Sync 2 DAGs
[2022-01-03 13:22:06,510] {logging_mixin.py:109} INFO - [2022-01-03 13:22:06,510] {dag.py:2928} INFO - Setting next_dagrun for example_xcom_args to None
[2022-01-03 13:22:06,510] {logging_mixin.py:109} INFO - [2022-01-03 13:22:06,510] {dag.py:2928} INFO - Setting next_dagrun for example_xcom_args_with_operators to None
[2022-01-03 13:22:06,522] {processor.py:171} INFO - Processing /home/airflow/.local/lib/python3.7/site-packages/airflow/example_dags/example_xcomargs.py took 0.905 seconds
[2022-01-03 13:22:37,013] {processor.py:163} INFO - Started process (PID=1007) to work on /home/airflow/.local/lib/python3.7/site-packages/airflow/example_dags/example_xcomargs.py
[2022-01-03 13:22:37,015] {processor.py:625} INFO - Processing file /home/airflow/.local/lib/python3.7/site-packages/airflow/example_dags/example_xcomargs.py for tasks to queue
[2022-01-03 13:22:37,016] {logging_mixin.py:109} INFO - [2022-01-03 13:22:37,015] {dagbag.py:500} INFO - Filling up the DagBag from /home/airflow/.local/lib/python3.7/site-packages/airflow/example_dags/example_xcomargs.py
[2022-01-03 13:22:37,067] {processor.py:637} INFO - DAG(s) dict_keys(['example_xcom_args', 'example_xcom_args_with_operators']) retrieved from /home/airflow/.local/lib/python3.7/site-packages/airflow/example_dags/example_xcomargs.py
[2022-01-03 13:22:37,566] {logging_mixin.py:109} INFO - [2022-01-03 13:22:37,566] {dag.py:2396} INFO - Sync 2 DAGs
[2022-01-03 13:22:37,589] {logging_mixin.py:109} INFO - [2022-01-03 13:22:37,589] {dag.py:2928} INFO - Setting next_dagrun for example_xcom_args to None
[2022-01-03 13:22:37,589] {logging_mixin.py:109} INFO - [2022-01-03 13:22:37,589] {dag.py:2928} INFO - Setting next_dagrun for example_xcom_args_with_operators to None
[2022-01-03 13:22:37,604] {processor.py:171} INFO - Processing /home/airflow/.local/lib/python3.7/site-packages/airflow/example_dags/example_xcomargs.py took 0.594 seconds
[2022-01-03 13:23:08,361] {processor.py:163} INFO - Started process (PID=1060) to work on /home/airflow/.local/lib/python3.7/site-packages/airflow/example_dags/example_xcomargs.py
[2022-01-03 13:23:08,365] {processor.py:625} INFO - Processing file /home/airflow/.local/lib/python3.7/site-packages/airflow/example_dags/example_xcomargs.py for tasks to queue
[2022-01-03 13:23:08,367] {logging_mixin.py:109} INFO - [2022-01-03 13:23:08,366] {dagbag.py:500} INFO - Filling up the DagBag from /home/airflow/.local/lib/python3.7/site-packages/airflow/example_dags/example_xcomargs.py
[2022-01-03 13:23:08,448] {processor.py:637} INFO - DAG(s) dict_keys(['example_xcom_args', 'example_xcom_args_with_operators']) retrieved from /home/airflow/.local/lib/python3.7/site-packages/airflow/example_dags/example_xcomargs.py
[2022-01-03 13:23:08,895] {logging_mixin.py:109} INFO - [2022-01-03 13:23:08,894] {dag.py:2396} INFO - Sync 2 DAGs
[2022-01-03 13:23:08,917] {logging_mixin.py:109} INFO - [2022-01-03 13:23:08,917] {dag.py:2928} INFO - Setting next_dagrun for example_xcom_args to None
[2022-01-03 13:23:08,917] {logging_mixin.py:109} INFO - [2022-01-03 13:23:08,917] {dag.py:2928} INFO - Setting next_dagrun for example_xcom_args_with_operators to None
[2022-01-03 13:23:08,930] {processor.py:171} INFO - Processing /home/airflow/.local/lib/python3.7/site-packages/airflow/example_dags/example_xcomargs.py took 0.572 seconds
[2022-01-03 13:23:39,399] {processor.py:163} INFO - Started process (PID=1111) to work on /home/airflow/.local/lib/python3.7/site-packages/airflow/example_dags/example_xcomargs.py
[2022-01-03 13:23:39,400] {processor.py:625} INFO - Processing file /home/airflow/.local/lib/python3.7/site-packages/airflow/example_dags/example_xcomargs.py for tasks to queue
[2022-01-03 13:23:39,401] {logging_mixin.py:109} INFO - [2022-01-03 13:23:39,401] {dagbag.py:500} INFO - Filling up the DagBag from /home/airflow/.local/lib/python3.7/site-packages/airflow/example_dags/example_xcomargs.py
[2022-01-03 13:23:39,490] {processor.py:637} INFO - DAG(s) dict_keys(['example_xcom_args', 'example_xcom_args_with_operators']) retrieved from /home/airflow/.local/lib/python3.7/site-packages/airflow/example_dags/example_xcomargs.py
[2022-01-03 13:23:40,064] {logging_mixin.py:109} INFO - [2022-01-03 13:23:40,063] {dag.py:2396} INFO - Sync 2 DAGs
[2022-01-03 13:23:40,107] {logging_mixin.py:109} INFO - [2022-01-03 13:23:40,107] {dag.py:2928} INFO - Setting next_dagrun for example_xcom_args to None
[2022-01-03 13:23:40,108] {logging_mixin.py:109} INFO - [2022-01-03 13:23:40,108] {dag.py:2928} INFO - Setting next_dagrun for example_xcom_args_with_operators to None
[2022-01-03 13:23:40,138] {processor.py:171} INFO - Processing /home/airflow/.local/lib/python3.7/site-packages/airflow/example_dags/example_xcomargs.py took 0.742 seconds
[2022-01-03 13:24:10,360] {processor.py:163} INFO - Started process (PID=1163) to work on /home/airflow/.local/lib/python3.7/site-packages/airflow/example_dags/example_xcomargs.py
[2022-01-03 13:24:10,361] {processor.py:625} INFO - Processing file /home/airflow/.local/lib/python3.7/site-packages/airflow/example_dags/example_xcomargs.py for tasks to queue
[2022-01-03 13:24:10,362] {logging_mixin.py:109} INFO - [2022-01-03 13:24:10,362] {dagbag.py:500} INFO - Filling up the DagBag from /home/airflow/.local/lib/python3.7/site-packages/airflow/example_dags/example_xcomargs.py
[2022-01-03 13:24:10,411] {processor.py:637} INFO - DAG(s) dict_keys(['example_xcom_args', 'example_xcom_args_with_operators']) retrieved from /home/airflow/.local/lib/python3.7/site-packages/airflow/example_dags/example_xcomargs.py
[2022-01-03 13:24:10,896] {logging_mixin.py:109} INFO - [2022-01-03 13:24:10,896] {dag.py:2396} INFO - Sync 2 DAGs
[2022-01-03 13:24:10,916] {logging_mixin.py:109} INFO - [2022-01-03 13:24:10,916] {dag.py:2928} INFO - Setting next_dagrun for example_xcom_args to None
[2022-01-03 13:24:10,916] {logging_mixin.py:109} INFO - [2022-01-03 13:24:10,916] {dag.py:2928} INFO - Setting next_dagrun for example_xcom_args_with_operators to None
[2022-01-03 13:24:10,930] {processor.py:171} INFO - Processing /home/airflow/.local/lib/python3.7/site-packages/airflow/example_dags/example_xcomargs.py took 0.575 seconds
[2022-01-03 13:24:41,856] {processor.py:163} INFO - Started process (PID=1215) to work on /home/airflow/.local/lib/python3.7/site-packages/airflow/example_dags/example_xcomargs.py
[2022-01-03 13:24:41,860] {processor.py:625} INFO - Processing file /home/airflow/.local/lib/python3.7/site-packages/airflow/example_dags/example_xcomargs.py for tasks to queue
[2022-01-03 13:24:41,862] {logging_mixin.py:109} INFO - [2022-01-03 13:24:41,861] {dagbag.py:500} INFO - Filling up the DagBag from /home/airflow/.local/lib/python3.7/site-packages/airflow/example_dags/example_xcomargs.py
[2022-01-03 13:24:41,929] {processor.py:637} INFO - DAG(s) dict_keys(['example_xcom_args', 'example_xcom_args_with_operators']) retrieved from /home/airflow/.local/lib/python3.7/site-packages/airflow/example_dags/example_xcomargs.py
[2022-01-03 13:24:42,462] {logging_mixin.py:109} INFO - [2022-01-03 13:24:42,461] {dag.py:2396} INFO - Sync 2 DAGs
[2022-01-03 13:24:42,483] {logging_mixin.py:109} INFO - [2022-01-03 13:24:42,483] {dag.py:2928} INFO - Setting next_dagrun for example_xcom_args to None
[2022-01-03 13:24:42,483] {logging_mixin.py:109} INFO - [2022-01-03 13:24:42,483] {dag.py:2928} INFO - Setting next_dagrun for example_xcom_args_with_operators to None
[2022-01-03 13:24:42,503] {processor.py:171} INFO - Processing /home/airflow/.local/lib/python3.7/site-packages/airflow/example_dags/example_xcomargs.py took 0.657 seconds
[2022-01-03 13:25:13,052] {processor.py:163} INFO - Started process (PID=1274) to work on /home/airflow/.local/lib/python3.7/site-packages/airflow/example_dags/example_xcomargs.py
[2022-01-03 13:25:13,053] {processor.py:625} INFO - Processing file /home/airflow/.local/lib/python3.7/site-packages/airflow/example_dags/example_xcomargs.py for tasks to queue
[2022-01-03 13:25:13,054] {logging_mixin.py:109} INFO - [2022-01-03 13:25:13,054] {dagbag.py:500} INFO - Filling up the DagBag from /home/airflow/.local/lib/python3.7/site-packages/airflow/example_dags/example_xcomargs.py
[2022-01-03 13:25:13,123] {processor.py:637} INFO - DAG(s) dict_keys(['example_xcom_args', 'example_xcom_args_with_operators']) retrieved from /home/airflow/.local/lib/python3.7/site-packages/airflow/example_dags/example_xcomargs.py
[2022-01-03 13:25:13,588] {logging_mixin.py:109} INFO - [2022-01-03 13:25:13,587] {dag.py:2396} INFO - Sync 2 DAGs
[2022-01-03 13:25:13,605] {logging_mixin.py:109} INFO - [2022-01-03 13:25:13,605] {dag.py:2928} INFO - Setting next_dagrun for example_xcom_args to None
[2022-01-03 13:25:13,605] {logging_mixin.py:109} INFO - [2022-01-03 13:25:13,605] {dag.py:2928} INFO - Setting next_dagrun for example_xcom_args_with_operators to None
[2022-01-03 13:25:13,623] {processor.py:171} INFO - Processing /home/airflow/.local/lib/python3.7/site-packages/airflow/example_dags/example_xcomargs.py took 0.577 seconds
[2022-01-03 13:25:43,764] {processor.py:163} INFO - Started process (PID=1331) to work on /home/airflow/.local/lib/python3.7/site-packages/airflow/example_dags/example_xcomargs.py
[2022-01-03 13:25:43,765] {processor.py:625} INFO - Processing file /home/airflow/.local/lib/python3.7/site-packages/airflow/example_dags/example_xcomargs.py for tasks to queue
[2022-01-03 13:25:43,766] {logging_mixin.py:109} INFO - [2022-01-03 13:25:43,766] {dagbag.py:500} INFO - Filling up the DagBag from /home/airflow/.local/lib/python3.7/site-packages/airflow/example_dags/example_xcomargs.py
[2022-01-03 13:25:43,817] {processor.py:637} INFO - DAG(s) dict_keys(['example_xcom_args', 'example_xcom_args_with_operators']) retrieved from /home/airflow/.local/lib/python3.7/site-packages/airflow/example_dags/example_xcomargs.py
[2022-01-03 13:25:44,683] {logging_mixin.py:109} INFO - [2022-01-03 13:25:44,683] {dag.py:2396} INFO - Sync 2 DAGs
[2022-01-03 13:25:44,722] {logging_mixin.py:109} INFO - [2022-01-03 13:25:44,722] {dag.py:2928} INFO - Setting next_dagrun for example_xcom_args to None
[2022-01-03 13:25:44,723] {logging_mixin.py:109} INFO - [2022-01-03 13:25:44,723] {dag.py:2928} INFO - Setting next_dagrun for example_xcom_args_with_operators to None
[2022-01-03 13:25:44,757] {processor.py:171} INFO - Processing /home/airflow/.local/lib/python3.7/site-packages/airflow/example_dags/example_xcomargs.py took 0.999 seconds
[2022-01-03 13:26:15,199] {processor.py:163} INFO - Started process (PID=1383) to work on /home/airflow/.local/lib/python3.7/site-packages/airflow/example_dags/example_xcomargs.py
[2022-01-03 13:26:15,201] {processor.py:625} INFO - Processing file /home/airflow/.local/lib/python3.7/site-packages/airflow/example_dags/example_xcomargs.py for tasks to queue
[2022-01-03 13:26:15,202] {logging_mixin.py:109} INFO - [2022-01-03 13:26:15,202] {dagbag.py:500} INFO - Filling up the DagBag from /home/airflow/.local/lib/python3.7/site-packages/airflow/example_dags/example_xcomargs.py
[2022-01-03 13:26:15,264] {processor.py:637} INFO - DAG(s) dict_keys(['example_xcom_args', 'example_xcom_args_with_operators']) retrieved from /home/airflow/.local/lib/python3.7/site-packages/airflow/example_dags/example_xcomargs.py
[2022-01-03 13:26:16,376] {logging_mixin.py:109} INFO - [2022-01-03 13:26:16,376] {dag.py:2396} INFO - Sync 2 DAGs
[2022-01-03 13:26:16,406] {logging_mixin.py:109} INFO - [2022-01-03 13:26:16,406] {dag.py:2928} INFO - Setting next_dagrun for example_xcom_args to None
[2022-01-03 13:26:16,407] {logging_mixin.py:109} INFO - [2022-01-03 13:26:16,407] {dag.py:2928} INFO - Setting next_dagrun for example_xcom_args_with_operators to None
[2022-01-03 13:26:16,437] {processor.py:171} INFO - Processing /home/airflow/.local/lib/python3.7/site-packages/airflow/example_dags/example_xcomargs.py took 1.242 seconds
[2022-01-03 13:26:47,013] {processor.py:163} INFO - Started process (PID=1442) to work on /home/airflow/.local/lib/python3.7/site-packages/airflow/example_dags/example_xcomargs.py
[2022-01-03 13:26:47,014] {processor.py:625} INFO - Processing file /home/airflow/.local/lib/python3.7/site-packages/airflow/example_dags/example_xcomargs.py for tasks to queue
[2022-01-03 13:26:47,015] {logging_mixin.py:109} INFO - [2022-01-03 13:26:47,015] {dagbag.py:500} INFO - Filling up the DagBag from /home/airflow/.local/lib/python3.7/site-packages/airflow/example_dags/example_xcomargs.py
[2022-01-03 13:26:47,082] {processor.py:637} INFO - DAG(s) dict_keys(['example_xcom_args', 'example_xcom_args_with_operators']) retrieved from /home/airflow/.local/lib/python3.7/site-packages/airflow/example_dags/example_xcomargs.py
[2022-01-03 13:26:47,558] {logging_mixin.py:109} INFO - [2022-01-03 13:26:47,558] {dag.py:2396} INFO - Sync 2 DAGs
[2022-01-03 13:26:47,584] {logging_mixin.py:109} INFO - [2022-01-03 13:26:47,584] {dag.py:2928} INFO - Setting next_dagrun for example_xcom_args to None
[2022-01-03 13:26:47,584] {logging_mixin.py:109} INFO - [2022-01-03 13:26:47,584] {dag.py:2928} INFO - Setting next_dagrun for example_xcom_args_with_operators to None
[2022-01-03 13:26:47,598] {processor.py:171} INFO - Processing /home/airflow/.local/lib/python3.7/site-packages/airflow/example_dags/example_xcomargs.py took 0.590 seconds
[2022-01-03 13:27:18,547] {processor.py:163} INFO - Started process (PID=1492) to work on /home/airflow/.local/lib/python3.7/site-packages/airflow/example_dags/example_xcomargs.py
[2022-01-03 13:27:18,551] {processor.py:625} INFO - Processing file /home/airflow/.local/lib/python3.7/site-packages/airflow/example_dags/example_xcomargs.py for tasks to queue
[2022-01-03 13:27:18,552] {logging_mixin.py:109} INFO - [2022-01-03 13:27:18,552] {dagbag.py:500} INFO - Filling up the DagBag from /home/airflow/.local/lib/python3.7/site-packages/airflow/example_dags/example_xcomargs.py
[2022-01-03 13:27:18,635] {processor.py:637} INFO - DAG(s) dict_keys(['example_xcom_args', 'example_xcom_args_with_operators']) retrieved from /home/airflow/.local/lib/python3.7/site-packages/airflow/example_dags/example_xcomargs.py
[2022-01-03 13:27:19,540] {logging_mixin.py:109} INFO - [2022-01-03 13:27:19,539] {dag.py:2396} INFO - Sync 2 DAGs
[2022-01-03 13:27:19,562] {logging_mixin.py:109} INFO - [2022-01-03 13:27:19,562] {dag.py:2928} INFO - Setting next_dagrun for example_xcom_args to None
[2022-01-03 13:27:19,563] {logging_mixin.py:109} INFO - [2022-01-03 13:27:19,563] {dag.py:2928} INFO - Setting next_dagrun for example_xcom_args_with_operators to None
[2022-01-03 13:27:19,581] {processor.py:171} INFO - Processing /home/airflow/.local/lib/python3.7/site-packages/airflow/example_dags/example_xcomargs.py took 1.044 seconds
[2022-01-03 13:27:49,978] {processor.py:163} INFO - Started process (PID=1544) to work on /home/airflow/.local/lib/python3.7/site-packages/airflow/example_dags/example_xcomargs.py
[2022-01-03 13:27:49,982] {processor.py:625} INFO - Processing file /home/airflow/.local/lib/python3.7/site-packages/airflow/example_dags/example_xcomargs.py for tasks to queue
[2022-01-03 13:27:49,984] {logging_mixin.py:109} INFO - [2022-01-03 13:27:49,984] {dagbag.py:500} INFO - Filling up the DagBag from /home/airflow/.local/lib/python3.7/site-packages/airflow/example_dags/example_xcomargs.py
[2022-01-03 13:27:50,051] {processor.py:637} INFO - DAG(s) dict_keys(['example_xcom_args', 'example_xcom_args_with_operators']) retrieved from /home/airflow/.local/lib/python3.7/site-packages/airflow/example_dags/example_xcomargs.py
[2022-01-03 13:27:50,379] {logging_mixin.py:109} INFO - [2022-01-03 13:27:50,379] {dag.py:2396} INFO - Sync 2 DAGs
[2022-01-03 13:27:50,395] {logging_mixin.py:109} INFO - [2022-01-03 13:27:50,395] {dag.py:2928} INFO - Setting next_dagrun for example_xcom_args to None
[2022-01-03 13:27:50,395] {logging_mixin.py:109} INFO - [2022-01-03 13:27:50,395] {dag.py:2928} INFO - Setting next_dagrun for example_xcom_args_with_operators to None
[2022-01-03 13:27:50,407] {processor.py:171} INFO - Processing /home/airflow/.local/lib/python3.7/site-packages/airflow/example_dags/example_xcomargs.py took 0.437 seconds
[2022-01-03 13:28:21,223] {processor.py:163} INFO - Started process (PID=1598) to work on /home/airflow/.local/lib/python3.7/site-packages/airflow/example_dags/example_xcomargs.py
[2022-01-03 13:28:21,225] {processor.py:625} INFO - Processing file /home/airflow/.local/lib/python3.7/site-packages/airflow/example_dags/example_xcomargs.py for tasks to queue
[2022-01-03 13:28:21,226] {logging_mixin.py:109} INFO - [2022-01-03 13:28:21,225] {dagbag.py:500} INFO - Filling up the DagBag from /home/airflow/.local/lib/python3.7/site-packages/airflow/example_dags/example_xcomargs.py
[2022-01-03 13:28:21,281] {processor.py:637} INFO - DAG(s) dict_keys(['example_xcom_args', 'example_xcom_args_with_operators']) retrieved from /home/airflow/.local/lib/python3.7/site-packages/airflow/example_dags/example_xcomargs.py
[2022-01-03 13:28:21,902] {logging_mixin.py:109} INFO - [2022-01-03 13:28:21,902] {dag.py:2396} INFO - Sync 2 DAGs
[2022-01-03 13:28:21,925] {logging_mixin.py:109} INFO - [2022-01-03 13:28:21,925] {dag.py:2928} INFO - Setting next_dagrun for example_xcom_args to None
[2022-01-03 13:28:21,926] {logging_mixin.py:109} INFO - [2022-01-03 13:28:21,926] {dag.py:2928} INFO - Setting next_dagrun for example_xcom_args_with_operators to None
[2022-01-03 13:28:21,945] {processor.py:171} INFO - Processing /home/airflow/.local/lib/python3.7/site-packages/airflow/example_dags/example_xcomargs.py took 0.726 seconds
[2022-01-03 13:28:52,002] {processor.py:163} INFO - Started process (PID=1658) to work on /home/airflow/.local/lib/python3.7/site-packages/airflow/example_dags/example_xcomargs.py
[2022-01-03 13:28:52,003] {processor.py:625} INFO - Processing file /home/airflow/.local/lib/python3.7/site-packages/airflow/example_dags/example_xcomargs.py for tasks to queue
[2022-01-03 13:28:52,004] {logging_mixin.py:109} INFO - [2022-01-03 13:28:52,004] {dagbag.py:500} INFO - Filling up the DagBag from /home/airflow/.local/lib/python3.7/site-packages/airflow/example_dags/example_xcomargs.py
[2022-01-03 13:28:52,118] {processor.py:637} INFO - DAG(s) dict_keys(['example_xcom_args', 'example_xcom_args_with_operators']) retrieved from /home/airflow/.local/lib/python3.7/site-packages/airflow/example_dags/example_xcomargs.py
[2022-01-03 13:28:52,156] {logging_mixin.py:109} INFO - [2022-01-03 13:28:52,156] {dag.py:2396} INFO - Sync 2 DAGs
[2022-01-03 13:28:52,186] {logging_mixin.py:109} INFO - [2022-01-03 13:28:52,186] {dag.py:2928} INFO - Setting next_dagrun for example_xcom_args to None
[2022-01-03 13:28:52,186] {logging_mixin.py:109} INFO - [2022-01-03 13:28:52,186] {dag.py:2928} INFO - Setting next_dagrun for example_xcom_args_with_operators to None
[2022-01-03 13:28:52,202] {processor.py:171} INFO - Processing /home/airflow/.local/lib/python3.7/site-packages/airflow/example_dags/example_xcomargs.py took 0.207 seconds
[2022-01-03 13:29:22,391] {processor.py:163} INFO - Started process (PID=1711) to work on /home/airflow/.local/lib/python3.7/site-packages/airflow/example_dags/example_xcomargs.py
[2022-01-03 13:29:22,392] {processor.py:625} INFO - Processing file /home/airflow/.local/lib/python3.7/site-packages/airflow/example_dags/example_xcomargs.py for tasks to queue
[2022-01-03 13:29:22,393] {logging_mixin.py:109} INFO - [2022-01-03 13:29:22,393] {dagbag.py:500} INFO - Filling up the DagBag from /home/airflow/.local/lib/python3.7/site-packages/airflow/example_dags/example_xcomargs.py
[2022-01-03 13:29:22,453] {processor.py:637} INFO - DAG(s) dict_keys(['example_xcom_args', 'example_xcom_args_with_operators']) retrieved from /home/airflow/.local/lib/python3.7/site-packages/airflow/example_dags/example_xcomargs.py
[2022-01-03 13:29:22,973] {logging_mixin.py:109} INFO - [2022-01-03 13:29:22,973] {dag.py:2396} INFO - Sync 2 DAGs
[2022-01-03 13:29:23,004] {logging_mixin.py:109} INFO - [2022-01-03 13:29:23,004] {dag.py:2928} INFO - Setting next_dagrun for example_xcom_args to None
[2022-01-03 13:29:23,005] {logging_mixin.py:109} INFO - [2022-01-03 13:29:23,005] {dag.py:2928} INFO - Setting next_dagrun for example_xcom_args_with_operators to None
[2022-01-03 13:29:23,026] {processor.py:171} INFO - Processing /home/airflow/.local/lib/python3.7/site-packages/airflow/example_dags/example_xcomargs.py took 0.640 seconds
[2022-01-03 13:29:53,784] {processor.py:163} INFO - Started process (PID=1764) to work on /home/airflow/.local/lib/python3.7/site-packages/airflow/example_dags/example_xcomargs.py
[2022-01-03 13:29:53,786] {processor.py:625} INFO - Processing file /home/airflow/.local/lib/python3.7/site-packages/airflow/example_dags/example_xcomargs.py for tasks to queue
[2022-01-03 13:29:53,788] {logging_mixin.py:109} INFO - [2022-01-03 13:29:53,787] {dagbag.py:500} INFO - Filling up the DagBag from /home/airflow/.local/lib/python3.7/site-packages/airflow/example_dags/example_xcomargs.py
[2022-01-03 13:29:53,835] {processor.py:637} INFO - DAG(s) dict_keys(['example_xcom_args', 'example_xcom_args_with_operators']) retrieved from /home/airflow/.local/lib/python3.7/site-packages/airflow/example_dags/example_xcomargs.py
[2022-01-03 13:29:54,313] {logging_mixin.py:109} INFO - [2022-01-03 13:29:54,313] {dag.py:2396} INFO - Sync 2 DAGs
[2022-01-03 13:29:54,336] {logging_mixin.py:109} INFO - [2022-01-03 13:29:54,335] {dag.py:2928} INFO - Setting next_dagrun for example_xcom_args to None
[2022-01-03 13:29:54,336] {logging_mixin.py:109} INFO - [2022-01-03 13:29:54,336] {dag.py:2928} INFO - Setting next_dagrun for example_xcom_args_with_operators to None
[2022-01-03 13:29:54,364] {processor.py:171} INFO - Processing /home/airflow/.local/lib/python3.7/site-packages/airflow/example_dags/example_xcomargs.py took 0.583 seconds
[2022-01-03 13:30:25,109] {processor.py:163} INFO - Started process (PID=1816) to work on /home/airflow/.local/lib/python3.7/site-packages/airflow/example_dags/example_xcomargs.py
[2022-01-03 13:30:25,111] {processor.py:625} INFO - Processing file /home/airflow/.local/lib/python3.7/site-packages/airflow/example_dags/example_xcomargs.py for tasks to queue
[2022-01-03 13:30:25,111] {logging_mixin.py:109} INFO - [2022-01-03 13:30:25,111] {dagbag.py:500} INFO - Filling up the DagBag from /home/airflow/.local/lib/python3.7/site-packages/airflow/example_dags/example_xcomargs.py
[2022-01-03 13:30:25,157] {processor.py:637} INFO - DAG(s) dict_keys(['example_xcom_args', 'example_xcom_args_with_operators']) retrieved from /home/airflow/.local/lib/python3.7/site-packages/airflow/example_dags/example_xcomargs.py
[2022-01-03 13:30:25,593] {logging_mixin.py:109} INFO - [2022-01-03 13:30:25,593] {dag.py:2396} INFO - Sync 2 DAGs
[2022-01-03 13:30:25,617] {logging_mixin.py:109} INFO - [2022-01-03 13:30:25,617] {dag.py:2928} INFO - Setting next_dagrun for example_xcom_args to None
[2022-01-03 13:30:25,618] {logging_mixin.py:109} INFO - [2022-01-03 13:30:25,618] {dag.py:2928} INFO - Setting next_dagrun for example_xcom_args_with_operators to None
[2022-01-03 13:30:25,636] {processor.py:171} INFO - Processing /home/airflow/.local/lib/python3.7/site-packages/airflow/example_dags/example_xcomargs.py took 0.531 seconds
[2022-01-03 13:30:56,237] {processor.py:163} INFO - Started process (PID=1881) to work on /home/airflow/.local/lib/python3.7/site-packages/airflow/example_dags/example_xcomargs.py
[2022-01-03 13:30:56,239] {processor.py:625} INFO - Processing file /home/airflow/.local/lib/python3.7/site-packages/airflow/example_dags/example_xcomargs.py for tasks to queue
[2022-01-03 13:30:56,239] {logging_mixin.py:109} INFO - [2022-01-03 13:30:56,239] {dagbag.py:500} INFO - Filling up the DagBag from /home/airflow/.local/lib/python3.7/site-packages/airflow/example_dags/example_xcomargs.py
[2022-01-03 13:30:56,301] {processor.py:637} INFO - DAG(s) dict_keys(['example_xcom_args', 'example_xcom_args_with_operators']) retrieved from /home/airflow/.local/lib/python3.7/site-packages/airflow/example_dags/example_xcomargs.py
[2022-01-03 13:30:56,991] {logging_mixin.py:109} INFO - [2022-01-03 13:30:56,991] {dag.py:2396} INFO - Sync 2 DAGs
[2022-01-03 13:30:57,023] {logging_mixin.py:109} INFO - [2022-01-03 13:30:57,023] {dag.py:2928} INFO - Setting next_dagrun for example_xcom_args to None
[2022-01-03 13:30:57,024] {logging_mixin.py:109} INFO - [2022-01-03 13:30:57,023] {dag.py:2928} INFO - Setting next_dagrun for example_xcom_args_with_operators to None
[2022-01-03 13:30:57,044] {processor.py:171} INFO - Processing /home/airflow/.local/lib/python3.7/site-packages/airflow/example_dags/example_xcomargs.py took 0.810 seconds
[2022-01-03 13:31:27,691] {processor.py:163} INFO - Started process (PID=1932) to work on /home/airflow/.local/lib/python3.7/site-packages/airflow/example_dags/example_xcomargs.py
[2022-01-03 13:31:27,692] {processor.py:625} INFO - Processing file /home/airflow/.local/lib/python3.7/site-packages/airflow/example_dags/example_xcomargs.py for tasks to queue
[2022-01-03 13:31:27,693] {logging_mixin.py:109} INFO - [2022-01-03 13:31:27,693] {dagbag.py:500} INFO - Filling up the DagBag from /home/airflow/.local/lib/python3.7/site-packages/airflow/example_dags/example_xcomargs.py
[2022-01-03 13:31:27,817] {processor.py:637} INFO - DAG(s) dict_keys(['example_xcom_args', 'example_xcom_args_with_operators']) retrieved from /home/airflow/.local/lib/python3.7/site-packages/airflow/example_dags/example_xcomargs.py
[2022-01-03 13:31:28,730] {logging_mixin.py:109} INFO - [2022-01-03 13:31:28,730] {dag.py:2396} INFO - Sync 2 DAGs
[2022-01-03 13:31:28,823] {logging_mixin.py:109} INFO - [2022-01-03 13:31:28,823] {dag.py:2928} INFO - Setting next_dagrun for example_xcom_args to None
[2022-01-03 13:31:28,823] {logging_mixin.py:109} INFO - [2022-01-03 13:31:28,823] {dag.py:2928} INFO - Setting next_dagrun for example_xcom_args_with_operators to None
[2022-01-03 13:31:28,899] {processor.py:171} INFO - Processing /home/airflow/.local/lib/python3.7/site-packages/airflow/example_dags/example_xcomargs.py took 1.229 seconds
[2022-01-03 13:31:59,447] {processor.py:163} INFO - Started process (PID=1984) to work on /home/airflow/.local/lib/python3.7/site-packages/airflow/example_dags/example_xcomargs.py
[2022-01-03 13:31:59,448] {processor.py:625} INFO - Processing file /home/airflow/.local/lib/python3.7/site-packages/airflow/example_dags/example_xcomargs.py for tasks to queue
[2022-01-03 13:31:59,449] {logging_mixin.py:109} INFO - [2022-01-03 13:31:59,449] {dagbag.py:500} INFO - Filling up the DagBag from /home/airflow/.local/lib/python3.7/site-packages/airflow/example_dags/example_xcomargs.py
[2022-01-03 13:31:59,648] {processor.py:637} INFO - DAG(s) dict_keys(['example_xcom_args', 'example_xcom_args_with_operators']) retrieved from /home/airflow/.local/lib/python3.7/site-packages/airflow/example_dags/example_xcomargs.py
[2022-01-03 13:32:00,817] {logging_mixin.py:109} INFO - [2022-01-03 13:32:00,817] {dag.py:2396} INFO - Sync 2 DAGs
[2022-01-03 13:32:00,880] {logging_mixin.py:109} INFO - [2022-01-03 13:32:00,880] {dag.py:2928} INFO - Setting next_dagrun for example_xcom_args to None
[2022-01-03 13:32:00,881] {logging_mixin.py:109} INFO - [2022-01-03 13:32:00,881] {dag.py:2928} INFO - Setting next_dagrun for example_xcom_args_with_operators to None
[2022-01-03 13:32:00,928] {processor.py:171} INFO - Processing /home/airflow/.local/lib/python3.7/site-packages/airflow/example_dags/example_xcomargs.py took 1.493 seconds
[2022-01-03 13:38:21,013] {processor.py:163} INFO - Started process (PID=207) to work on /home/airflow/.local/lib/python3.7/site-packages/airflow/example_dags/example_xcomargs.py
[2022-01-03 13:38:21,014] {processor.py:625} INFO - Processing file /home/airflow/.local/lib/python3.7/site-packages/airflow/example_dags/example_xcomargs.py for tasks to queue
[2022-01-03 13:38:21,015] {logging_mixin.py:109} INFO - [2022-01-03 13:38:21,015] {dagbag.py:500} INFO - Filling up the DagBag from /home/airflow/.local/lib/python3.7/site-packages/airflow/example_dags/example_xcomargs.py
[2022-01-03 13:38:21,062] {processor.py:637} INFO - DAG(s) dict_keys(['example_xcom_args', 'example_xcom_args_with_operators']) retrieved from /home/airflow/.local/lib/python3.7/site-packages/airflow/example_dags/example_xcomargs.py
[2022-01-03 13:38:23,078] {logging_mixin.py:109} INFO - [2022-01-03 13:38:23,078] {providers_manager.py:156} WARNING - Exception when importing 'airflow.providers.google.leveldb.hooks.leveldb.LevelDBHook' from 'apache-airflow-providers-google' package: No module named 'plyvel'
[2022-01-03 13:38:23,967] {logging_mixin.py:109} INFO - [2022-01-03 13:38:23,967] {providers_manager.py:156} WARNING - Exception when importing 'airflow.providers.google.leveldb.hooks.leveldb.LevelDBHook' from 'apache-airflow-providers-google' package: No module named 'plyvel'
[2022-01-03 13:38:24,008] {logging_mixin.py:109} INFO - [2022-01-03 13:38:24,008] {manager.py:496} INFO - Created Permission View: can edit on DAG:example_xcom_args
[2022-01-03 13:38:24,023] {logging_mixin.py:109} INFO - [2022-01-03 13:38:24,023] {manager.py:496} INFO - Created Permission View: can read on DAG:example_xcom_args
[2022-01-03 13:38:24,063] {logging_mixin.py:109} INFO - [2022-01-03 13:38:24,063] {manager.py:496} INFO - Created Permission View: can edit on DAG:example_xcom_args_with_operators
[2022-01-03 13:38:24,102] {logging_mixin.py:109} INFO - [2022-01-03 13:38:24,102] {manager.py:496} INFO - Created Permission View: can read on DAG:example_xcom_args_with_operators
[2022-01-03 13:38:24,105] {logging_mixin.py:109} INFO - [2022-01-03 13:38:24,105] {dag.py:2396} INFO - Sync 2 DAGs
[2022-01-03 13:38:24,144] {logging_mixin.py:109} INFO - [2022-01-03 13:38:24,144] {dag.py:2415} INFO - Creating ORM DAG for example_xcom_args_with_operators
[2022-01-03 13:38:24,159] {logging_mixin.py:109} INFO - [2022-01-03 13:38:24,159] {dag.py:2415} INFO - Creating ORM DAG for example_xcom_args
[2022-01-03 13:38:24,192] {logging_mixin.py:109} INFO - [2022-01-03 13:38:24,192] {dag.py:2928} INFO - Setting next_dagrun for example_xcom_args to None
[2022-01-03 13:38:24,193] {logging_mixin.py:109} INFO - [2022-01-03 13:38:24,193] {dag.py:2928} INFO - Setting next_dagrun for example_xcom_args_with_operators to None
[2022-01-03 13:38:24,248] {processor.py:171} INFO - Processing /home/airflow/.local/lib/python3.7/site-packages/airflow/example_dags/example_xcomargs.py took 3.239 seconds
[2022-01-03 13:38:54,943] {processor.py:163} INFO - Started process (PID=285) to work on /home/airflow/.local/lib/python3.7/site-packages/airflow/example_dags/example_xcomargs.py
[2022-01-03 13:38:54,945] {processor.py:625} INFO - Processing file /home/airflow/.local/lib/python3.7/site-packages/airflow/example_dags/example_xcomargs.py for tasks to queue
[2022-01-03 13:38:54,946] {logging_mixin.py:109} INFO - [2022-01-03 13:38:54,946] {dagbag.py:500} INFO - Filling up the DagBag from /home/airflow/.local/lib/python3.7/site-packages/airflow/example_dags/example_xcomargs.py
[2022-01-03 13:38:55,045] {processor.py:637} INFO - DAG(s) dict_keys(['example_xcom_args', 'example_xcom_args_with_operators']) retrieved from /home/airflow/.local/lib/python3.7/site-packages/airflow/example_dags/example_xcomargs.py
[2022-01-03 13:38:55,402] {logging_mixin.py:109} INFO - [2022-01-03 13:38:55,402] {dag.py:2396} INFO - Sync 2 DAGs
[2022-01-03 13:38:55,418] {logging_mixin.py:109} INFO - [2022-01-03 13:38:55,417] {dag.py:2928} INFO - Setting next_dagrun for example_xcom_args to None
[2022-01-03 13:38:55,418] {logging_mixin.py:109} INFO - [2022-01-03 13:38:55,418] {dag.py:2928} INFO - Setting next_dagrun for example_xcom_args_with_operators to None
[2022-01-03 13:38:55,434] {processor.py:171} INFO - Processing /home/airflow/.local/lib/python3.7/site-packages/airflow/example_dags/example_xcomargs.py took 0.499 seconds
[2022-01-03 13:43:14,771] {processor.py:163} INFO - Started process (PID=205) to work on /home/airflow/.local/lib/python3.7/site-packages/airflow/example_dags/example_xcomargs.py
[2022-01-03 13:43:14,774] {processor.py:625} INFO - Processing file /home/airflow/.local/lib/python3.7/site-packages/airflow/example_dags/example_xcomargs.py for tasks to queue
[2022-01-03 13:43:14,775] {logging_mixin.py:109} INFO - [2022-01-03 13:43:14,775] {dagbag.py:500} INFO - Filling up the DagBag from /home/airflow/.local/lib/python3.7/site-packages/airflow/example_dags/example_xcomargs.py
[2022-01-03 13:43:14,843] {processor.py:637} INFO - DAG(s) dict_keys(['example_xcom_args', 'example_xcom_args_with_operators']) retrieved from /home/airflow/.local/lib/python3.7/site-packages/airflow/example_dags/example_xcomargs.py
[2022-01-03 13:43:18,123] {logging_mixin.py:109} INFO - [2022-01-03 13:43:18,122] {providers_manager.py:156} WARNING - Exception when importing 'airflow.providers.google.leveldb.hooks.leveldb.LevelDBHook' from 'apache-airflow-providers-google' package: No module named 'plyvel'
[2022-01-03 13:43:19,207] {logging_mixin.py:109} INFO - [2022-01-03 13:43:19,207] {providers_manager.py:156} WARNING - Exception when importing 'airflow.providers.google.leveldb.hooks.leveldb.LevelDBHook' from 'apache-airflow-providers-google' package: No module named 'plyvel'
[2022-01-03 13:43:19,255] {logging_mixin.py:109} INFO - [2022-01-03 13:43:19,254] {manager.py:496} INFO - Created Permission View: can read on DAG:example_xcom_args
[2022-01-03 13:43:19,286] {logging_mixin.py:109} INFO - [2022-01-03 13:43:19,286] {manager.py:496} INFO - Created Permission View: can edit on DAG:example_xcom_args
[2022-01-03 13:43:19,354] {logging_mixin.py:109} INFO - [2022-01-03 13:43:19,354] {manager.py:496} INFO - Created Permission View: can read on DAG:example_xcom_args_with_operators
[2022-01-03 13:43:19,390] {logging_mixin.py:109} INFO - [2022-01-03 13:43:19,390] {manager.py:496} INFO - Created Permission View: can edit on DAG:example_xcom_args_with_operators
[2022-01-03 13:43:19,391] {logging_mixin.py:109} INFO - [2022-01-03 13:43:19,391] {dag.py:2396} INFO - Sync 2 DAGs
[2022-01-03 13:43:19,418] {logging_mixin.py:109} INFO - [2022-01-03 13:43:19,417] {dag.py:2415} INFO - Creating ORM DAG for example_xcom_args
[2022-01-03 13:43:19,424] {logging_mixin.py:109} INFO - [2022-01-03 13:43:19,424] {dag.py:2415} INFO - Creating ORM DAG for example_xcom_args_with_operators
[2022-01-03 13:43:19,456] {logging_mixin.py:109} INFO - [2022-01-03 13:43:19,456] {dag.py:2928} INFO - Setting next_dagrun for example_xcom_args to None
[2022-01-03 13:43:19,457] {logging_mixin.py:109} INFO - [2022-01-03 13:43:19,457] {dag.py:2928} INFO - Setting next_dagrun for example_xcom_args_with_operators to None
[2022-01-03 13:43:19,511] {processor.py:171} INFO - Processing /home/airflow/.local/lib/python3.7/site-packages/airflow/example_dags/example_xcomargs.py took 4.745 seconds
[2022-01-03 13:43:50,239] {processor.py:163} INFO - Started process (PID=283) to work on /home/airflow/.local/lib/python3.7/site-packages/airflow/example_dags/example_xcomargs.py
[2022-01-03 13:43:50,245] {processor.py:625} INFO - Processing file /home/airflow/.local/lib/python3.7/site-packages/airflow/example_dags/example_xcomargs.py for tasks to queue
[2022-01-03 13:43:50,246] {logging_mixin.py:109} INFO - [2022-01-03 13:43:50,246] {dagbag.py:500} INFO - Filling up the DagBag from /home/airflow/.local/lib/python3.7/site-packages/airflow/example_dags/example_xcomargs.py
[2022-01-03 13:43:50,284] {processor.py:637} INFO - DAG(s) dict_keys(['example_xcom_args', 'example_xcom_args_with_operators']) retrieved from /home/airflow/.local/lib/python3.7/site-packages/airflow/example_dags/example_xcomargs.py
[2022-01-03 13:43:50,634] {logging_mixin.py:109} INFO - [2022-01-03 13:43:50,634] {dag.py:2396} INFO - Sync 2 DAGs
[2022-01-03 13:43:50,651] {logging_mixin.py:109} INFO - [2022-01-03 13:43:50,651] {dag.py:2928} INFO - Setting next_dagrun for example_xcom_args to None
[2022-01-03 13:43:50,651] {logging_mixin.py:109} INFO - [2022-01-03 13:43:50,651] {dag.py:2928} INFO - Setting next_dagrun for example_xcom_args_with_operators to None
[2022-01-03 13:43:50,661] {processor.py:171} INFO - Processing /home/airflow/.local/lib/python3.7/site-packages/airflow/example_dags/example_xcomargs.py took 0.425 seconds
[2022-01-03 13:44:21,649] {processor.py:163} INFO - Started process (PID=334) to work on /home/airflow/.local/lib/python3.7/site-packages/airflow/example_dags/example_xcomargs.py
[2022-01-03 13:44:21,650] {processor.py:625} INFO - Processing file /home/airflow/.local/lib/python3.7/site-packages/airflow/example_dags/example_xcomargs.py for tasks to queue
[2022-01-03 13:44:21,651] {logging_mixin.py:109} INFO - [2022-01-03 13:44:21,651] {dagbag.py:500} INFO - Filling up the DagBag from /home/airflow/.local/lib/python3.7/site-packages/airflow/example_dags/example_xcomargs.py
[2022-01-03 13:44:21,698] {processor.py:637} INFO - DAG(s) dict_keys(['example_xcom_args', 'example_xcom_args_with_operators']) retrieved from /home/airflow/.local/lib/python3.7/site-packages/airflow/example_dags/example_xcomargs.py
[2022-01-03 13:44:22,146] {logging_mixin.py:109} INFO - [2022-01-03 13:44:22,146] {dag.py:2396} INFO - Sync 2 DAGs
[2022-01-03 13:44:22,178] {logging_mixin.py:109} INFO - [2022-01-03 13:44:22,178] {dag.py:2928} INFO - Setting next_dagrun for example_xcom_args to None
[2022-01-03 13:44:22,179] {logging_mixin.py:109} INFO - [2022-01-03 13:44:22,179] {dag.py:2928} INFO - Setting next_dagrun for example_xcom_args_with_operators to None
[2022-01-03 13:44:22,214] {processor.py:171} INFO - Processing /home/airflow/.local/lib/python3.7/site-packages/airflow/example_dags/example_xcomargs.py took 0.569 seconds
[2022-01-03 13:44:52,832] {processor.py:163} INFO - Started process (PID=393) to work on /home/airflow/.local/lib/python3.7/site-packages/airflow/example_dags/example_xcomargs.py
[2022-01-03 13:44:52,843] {processor.py:625} INFO - Processing file /home/airflow/.local/lib/python3.7/site-packages/airflow/example_dags/example_xcomargs.py for tasks to queue
[2022-01-03 13:44:52,844] {logging_mixin.py:109} INFO - [2022-01-03 13:44:52,844] {dagbag.py:500} INFO - Filling up the DagBag from /home/airflow/.local/lib/python3.7/site-packages/airflow/example_dags/example_xcomargs.py
[2022-01-03 13:44:52,981] {processor.py:637} INFO - DAG(s) dict_keys(['example_xcom_args', 'example_xcom_args_with_operators']) retrieved from /home/airflow/.local/lib/python3.7/site-packages/airflow/example_dags/example_xcomargs.py
[2022-01-03 13:44:53,973] {logging_mixin.py:109} INFO - [2022-01-03 13:44:53,973] {dag.py:2396} INFO - Sync 2 DAGs
[2022-01-03 13:44:53,998] {logging_mixin.py:109} INFO - [2022-01-03 13:44:53,998] {dag.py:2928} INFO - Setting next_dagrun for example_xcom_args to None
[2022-01-03 13:44:53,998] {logging_mixin.py:109} INFO - [2022-01-03 13:44:53,998] {dag.py:2928} INFO - Setting next_dagrun for example_xcom_args_with_operators to None
[2022-01-03 13:44:54,030] {processor.py:171} INFO - Processing /home/airflow/.local/lib/python3.7/site-packages/airflow/example_dags/example_xcomargs.py took 1.201 seconds
[2022-01-03 13:45:24,822] {processor.py:163} INFO - Started process (PID=445) to work on /home/airflow/.local/lib/python3.7/site-packages/airflow/example_dags/example_xcomargs.py
[2022-01-03 13:45:24,823] {processor.py:625} INFO - Processing file /home/airflow/.local/lib/python3.7/site-packages/airflow/example_dags/example_xcomargs.py for tasks to queue
[2022-01-03 13:45:24,824] {logging_mixin.py:109} INFO - [2022-01-03 13:45:24,824] {dagbag.py:500} INFO - Filling up the DagBag from /home/airflow/.local/lib/python3.7/site-packages/airflow/example_dags/example_xcomargs.py
[2022-01-03 13:45:24,863] {processor.py:637} INFO - DAG(s) dict_keys(['example_xcom_args', 'example_xcom_args_with_operators']) retrieved from /home/airflow/.local/lib/python3.7/site-packages/airflow/example_dags/example_xcomargs.py
[2022-01-03 13:45:25,203] {logging_mixin.py:109} INFO - [2022-01-03 13:45:25,203] {dag.py:2396} INFO - Sync 2 DAGs
[2022-01-03 13:45:25,221] {logging_mixin.py:109} INFO - [2022-01-03 13:45:25,221] {dag.py:2928} INFO - Setting next_dagrun for example_xcom_args to None
[2022-01-03 13:45:25,221] {logging_mixin.py:109} INFO - [2022-01-03 13:45:25,221] {dag.py:2928} INFO - Setting next_dagrun for example_xcom_args_with_operators to None
[2022-01-03 13:45:25,238] {processor.py:171} INFO - Processing /home/airflow/.local/lib/python3.7/site-packages/airflow/example_dags/example_xcomargs.py took 0.420 seconds
[2022-01-03 13:45:55,652] {processor.py:163} INFO - Started process (PID=495) to work on /home/airflow/.local/lib/python3.7/site-packages/airflow/example_dags/example_xcomargs.py
[2022-01-03 13:45:55,661] {processor.py:625} INFO - Processing file /home/airflow/.local/lib/python3.7/site-packages/airflow/example_dags/example_xcomargs.py for tasks to queue
[2022-01-03 13:45:55,669] {logging_mixin.py:109} INFO - [2022-01-03 13:45:55,668] {dagbag.py:500} INFO - Filling up the DagBag from /home/airflow/.local/lib/python3.7/site-packages/airflow/example_dags/example_xcomargs.py
[2022-01-03 13:45:55,800] {processor.py:637} INFO - DAG(s) dict_keys(['example_xcom_args', 'example_xcom_args_with_operators']) retrieved from /home/airflow/.local/lib/python3.7/site-packages/airflow/example_dags/example_xcomargs.py
[2022-01-03 13:45:56,321] {logging_mixin.py:109} INFO - [2022-01-03 13:45:56,321] {dag.py:2396} INFO - Sync 2 DAGs
[2022-01-03 13:45:56,337] {logging_mixin.py:109} INFO - [2022-01-03 13:45:56,337] {dag.py:2928} INFO - Setting next_dagrun for example_xcom_args to None
[2022-01-03 13:45:56,338] {logging_mixin.py:109} INFO - [2022-01-03 13:45:56,338] {dag.py:2928} INFO - Setting next_dagrun for example_xcom_args_with_operators to None
[2022-01-03 13:45:56,349] {processor.py:171} INFO - Processing /home/airflow/.local/lib/python3.7/site-packages/airflow/example_dags/example_xcomargs.py took 0.709 seconds
[2022-01-03 13:46:26,437] {processor.py:163} INFO - Started process (PID=550) to work on /home/airflow/.local/lib/python3.7/site-packages/airflow/example_dags/example_xcomargs.py
[2022-01-03 13:46:26,439] {processor.py:625} INFO - Processing file /home/airflow/.local/lib/python3.7/site-packages/airflow/example_dags/example_xcomargs.py for tasks to queue
[2022-01-03 13:46:26,440] {logging_mixin.py:109} INFO - [2022-01-03 13:46:26,439] {dagbag.py:500} INFO - Filling up the DagBag from /home/airflow/.local/lib/python3.7/site-packages/airflow/example_dags/example_xcomargs.py
[2022-01-03 13:46:26,485] {processor.py:637} INFO - DAG(s) dict_keys(['example_xcom_args', 'example_xcom_args_with_operators']) retrieved from /home/airflow/.local/lib/python3.7/site-packages/airflow/example_dags/example_xcomargs.py
[2022-01-03 13:46:26,934] {logging_mixin.py:109} INFO - [2022-01-03 13:46:26,934] {dag.py:2396} INFO - Sync 2 DAGs
[2022-01-03 13:46:26,981] {logging_mixin.py:109} INFO - [2022-01-03 13:46:26,980] {dag.py:2928} INFO - Setting next_dagrun for example_xcom_args to None
[2022-01-03 13:46:26,981] {logging_mixin.py:109} INFO - [2022-01-03 13:46:26,981] {dag.py:2928} INFO - Setting next_dagrun for example_xcom_args_with_operators to None
[2022-01-03 13:46:27,022] {processor.py:171} INFO - Processing /home/airflow/.local/lib/python3.7/site-packages/airflow/example_dags/example_xcomargs.py took 0.589 seconds
