[2022-01-03 12:28:23,248] {processor.py:163} INFO - Started process (PID=164) to work on /home/airflow/.local/lib/python3.7/site-packages/airflow/example_dags/example_branch_operator.py
[2022-01-03 12:28:23,249] {processor.py:625} INFO - Processing file /home/airflow/.local/lib/python3.7/site-packages/airflow/example_dags/example_branch_operator.py for tasks to queue
[2022-01-03 12:28:23,250] {logging_mixin.py:109} INFO - [2022-01-03 12:28:23,250] {dagbag.py:500} INFO - Filling up the DagBag from /home/airflow/.local/lib/python3.7/site-packages/airflow/example_dags/example_branch_operator.py
[2022-01-03 12:28:23,311] {processor.py:637} INFO - DAG(s) dict_keys(['example_branch_operator']) retrieved from /home/airflow/.local/lib/python3.7/site-packages/airflow/example_dags/example_branch_operator.py
[2022-01-03 12:28:25,900] {logging_mixin.py:109} INFO - [2022-01-03 12:28:25,900] {providers_manager.py:156} WARNING - Exception when importing 'airflow.providers.google.leveldb.hooks.leveldb.LevelDBHook' from 'apache-airflow-providers-google' package: No module named 'plyvel'
[2022-01-03 12:28:27,528] {logging_mixin.py:109} INFO - [2022-01-03 12:28:27,528] {providers_manager.py:156} WARNING - Exception when importing 'airflow.providers.google.leveldb.hooks.leveldb.LevelDBHook' from 'apache-airflow-providers-google' package: No module named 'plyvel'
[2022-01-03 12:28:27,693] {logging_mixin.py:109} INFO - [2022-01-03 12:28:27,693] {manager.py:496} INFO - Created Permission View: can read on DAG:example_branch_operator
[2022-01-03 12:28:27,782] {logging_mixin.py:109} INFO - [2022-01-03 12:28:27,782] {manager.py:496} INFO - Created Permission View: can edit on DAG:example_branch_operator
[2022-01-03 12:28:27,783] {logging_mixin.py:109} INFO - [2022-01-03 12:28:27,783] {dag.py:2396} INFO - Sync 1 DAGs
[2022-01-03 12:28:27,825] {logging_mixin.py:109} INFO - [2022-01-03 12:28:27,825] {dag.py:2415} INFO - Creating ORM DAG for example_branch_operator
[2022-01-03 12:28:27,903] {logging_mixin.py:109} INFO - [2022-01-03 12:28:27,903] {dag.py:2928} INFO - Setting next_dagrun for example_branch_operator to 2022-01-02 00:00:00+00:00
[2022-01-03 12:28:27,955] {processor.py:171} INFO - Processing /home/airflow/.local/lib/python3.7/site-packages/airflow/example_dags/example_branch_operator.py took 4.712 seconds
[2022-01-03 12:29:01,156] {processor.py:163} INFO - Started process (PID=280) to work on /home/airflow/.local/lib/python3.7/site-packages/airflow/example_dags/example_branch_operator.py
[2022-01-03 12:29:01,158] {processor.py:625} INFO - Processing file /home/airflow/.local/lib/python3.7/site-packages/airflow/example_dags/example_branch_operator.py for tasks to queue
[2022-01-03 12:29:01,159] {logging_mixin.py:109} INFO - [2022-01-03 12:29:01,158] {dagbag.py:500} INFO - Filling up the DagBag from /home/airflow/.local/lib/python3.7/site-packages/airflow/example_dags/example_branch_operator.py
[2022-01-03 12:29:01,272] {processor.py:637} INFO - DAG(s) dict_keys(['example_branch_operator']) retrieved from /home/airflow/.local/lib/python3.7/site-packages/airflow/example_dags/example_branch_operator.py
[2022-01-03 12:29:01,309] {logging_mixin.py:109} INFO - [2022-01-03 12:29:01,309] {dag.py:2396} INFO - Sync 1 DAGs
[2022-01-03 12:29:01,336] {logging_mixin.py:109} INFO - [2022-01-03 12:29:01,336] {dag.py:2928} INFO - Setting next_dagrun for example_branch_operator to 2022-01-02 00:00:00+00:00
[2022-01-03 12:29:01,349] {processor.py:171} INFO - Processing /home/airflow/.local/lib/python3.7/site-packages/airflow/example_dags/example_branch_operator.py took 0.216 seconds
[2022-01-03 12:29:31,811] {processor.py:163} INFO - Started process (PID=331) to work on /home/airflow/.local/lib/python3.7/site-packages/airflow/example_dags/example_branch_operator.py
[2022-01-03 12:29:31,816] {processor.py:625} INFO - Processing file /home/airflow/.local/lib/python3.7/site-packages/airflow/example_dags/example_branch_operator.py for tasks to queue
[2022-01-03 12:29:31,816] {logging_mixin.py:109} INFO - [2022-01-03 12:29:31,816] {dagbag.py:500} INFO - Filling up the DagBag from /home/airflow/.local/lib/python3.7/site-packages/airflow/example_dags/example_branch_operator.py
[2022-01-03 12:29:31,886] {processor.py:637} INFO - DAG(s) dict_keys(['example_branch_operator']) retrieved from /home/airflow/.local/lib/python3.7/site-packages/airflow/example_dags/example_branch_operator.py
[2022-01-03 12:29:31,904] {logging_mixin.py:109} INFO - [2022-01-03 12:29:31,904] {dag.py:2396} INFO - Sync 1 DAGs
[2022-01-03 12:29:31,947] {logging_mixin.py:109} INFO - [2022-01-03 12:29:31,947] {dag.py:2928} INFO - Setting next_dagrun for example_branch_operator to 2022-01-02 00:00:00+00:00
[2022-01-03 12:29:31,965] {processor.py:171} INFO - Processing /home/airflow/.local/lib/python3.7/site-packages/airflow/example_dags/example_branch_operator.py took 0.157 seconds
[2022-01-03 12:30:02,448] {processor.py:163} INFO - Started process (PID=383) to work on /home/airflow/.local/lib/python3.7/site-packages/airflow/example_dags/example_branch_operator.py
[2022-01-03 12:30:02,450] {processor.py:625} INFO - Processing file /home/airflow/.local/lib/python3.7/site-packages/airflow/example_dags/example_branch_operator.py for tasks to queue
[2022-01-03 12:30:02,450] {logging_mixin.py:109} INFO - [2022-01-03 12:30:02,450] {dagbag.py:500} INFO - Filling up the DagBag from /home/airflow/.local/lib/python3.7/site-packages/airflow/example_dags/example_branch_operator.py
[2022-01-03 12:30:02,489] {processor.py:637} INFO - DAG(s) dict_keys(['example_branch_operator']) retrieved from /home/airflow/.local/lib/python3.7/site-packages/airflow/example_dags/example_branch_operator.py
[2022-01-03 12:30:02,505] {logging_mixin.py:109} INFO - [2022-01-03 12:30:02,505] {dag.py:2396} INFO - Sync 1 DAGs
[2022-01-03 12:30:02,534] {logging_mixin.py:109} INFO - [2022-01-03 12:30:02,534] {dag.py:2928} INFO - Setting next_dagrun for example_branch_operator to 2022-01-02 00:00:00+00:00
[2022-01-03 12:30:02,545] {processor.py:171} INFO - Processing /home/airflow/.local/lib/python3.7/site-packages/airflow/example_dags/example_branch_operator.py took 0.100 seconds
[2022-01-03 12:30:33,389] {processor.py:163} INFO - Started process (PID=436) to work on /home/airflow/.local/lib/python3.7/site-packages/airflow/example_dags/example_branch_operator.py
[2022-01-03 12:30:33,390] {processor.py:625} INFO - Processing file /home/airflow/.local/lib/python3.7/site-packages/airflow/example_dags/example_branch_operator.py for tasks to queue
[2022-01-03 12:30:33,391] {logging_mixin.py:109} INFO - [2022-01-03 12:30:33,391] {dagbag.py:500} INFO - Filling up the DagBag from /home/airflow/.local/lib/python3.7/site-packages/airflow/example_dags/example_branch_operator.py
[2022-01-03 12:30:33,435] {processor.py:637} INFO - DAG(s) dict_keys(['example_branch_operator']) retrieved from /home/airflow/.local/lib/python3.7/site-packages/airflow/example_dags/example_branch_operator.py
[2022-01-03 12:30:33,453] {logging_mixin.py:109} INFO - [2022-01-03 12:30:33,452] {dag.py:2396} INFO - Sync 1 DAGs
[2022-01-03 12:30:33,480] {logging_mixin.py:109} INFO - [2022-01-03 12:30:33,479] {dag.py:2928} INFO - Setting next_dagrun for example_branch_operator to 2022-01-02 00:00:00+00:00
[2022-01-03 12:30:33,495] {processor.py:171} INFO - Processing /home/airflow/.local/lib/python3.7/site-packages/airflow/example_dags/example_branch_operator.py took 0.110 seconds
[2022-01-03 12:31:06,168] {processor.py:163} INFO - Started process (PID=486) to work on /home/airflow/.local/lib/python3.7/site-packages/airflow/example_dags/example_branch_operator.py
[2022-01-03 12:31:06,179] {processor.py:625} INFO - Processing file /home/airflow/.local/lib/python3.7/site-packages/airflow/example_dags/example_branch_operator.py for tasks to queue
[2022-01-03 12:31:06,181] {logging_mixin.py:109} INFO - [2022-01-03 12:31:06,181] {dagbag.py:500} INFO - Filling up the DagBag from /home/airflow/.local/lib/python3.7/site-packages/airflow/example_dags/example_branch_operator.py
[2022-01-03 12:31:06,385] {processor.py:637} INFO - DAG(s) dict_keys(['example_branch_operator']) retrieved from /home/airflow/.local/lib/python3.7/site-packages/airflow/example_dags/example_branch_operator.py
[2022-01-03 12:31:06,450] {logging_mixin.py:109} INFO - [2022-01-03 12:31:06,450] {dag.py:2396} INFO - Sync 1 DAGs
[2022-01-03 12:31:06,592] {logging_mixin.py:109} INFO - [2022-01-03 12:31:06,591] {dag.py:2928} INFO - Setting next_dagrun for example_branch_operator to 2022-01-02 00:00:00+00:00
[2022-01-03 12:31:06,665] {processor.py:171} INFO - Processing /home/airflow/.local/lib/python3.7/site-packages/airflow/example_dags/example_branch_operator.py took 0.522 seconds
[2022-01-03 12:31:38,601] {processor.py:163} INFO - Started process (PID=539) to work on /home/airflow/.local/lib/python3.7/site-packages/airflow/example_dags/example_branch_operator.py
[2022-01-03 12:31:38,608] {processor.py:625} INFO - Processing file /home/airflow/.local/lib/python3.7/site-packages/airflow/example_dags/example_branch_operator.py for tasks to queue
[2022-01-03 12:31:38,619] {logging_mixin.py:109} INFO - [2022-01-03 12:31:38,609] {dagbag.py:500} INFO - Filling up the DagBag from /home/airflow/.local/lib/python3.7/site-packages/airflow/example_dags/example_branch_operator.py
[2022-01-03 12:31:38,925] {processor.py:637} INFO - DAG(s) dict_keys(['example_branch_operator']) retrieved from /home/airflow/.local/lib/python3.7/site-packages/airflow/example_dags/example_branch_operator.py
[2022-01-03 12:31:39,090] {logging_mixin.py:109} INFO - [2022-01-03 12:31:39,090] {dag.py:2396} INFO - Sync 1 DAGs
[2022-01-03 12:31:39,268] {logging_mixin.py:109} INFO - [2022-01-03 12:31:39,268] {dag.py:2928} INFO - Setting next_dagrun for example_branch_operator to 2022-01-02 00:00:00+00:00
[2022-01-03 12:31:39,357] {processor.py:171} INFO - Processing /home/airflow/.local/lib/python3.7/site-packages/airflow/example_dags/example_branch_operator.py took 0.775 seconds
[2022-01-03 12:32:09,794] {processor.py:163} INFO - Started process (PID=595) to work on /home/airflow/.local/lib/python3.7/site-packages/airflow/example_dags/example_branch_operator.py
[2022-01-03 12:32:09,796] {processor.py:625} INFO - Processing file /home/airflow/.local/lib/python3.7/site-packages/airflow/example_dags/example_branch_operator.py for tasks to queue
[2022-01-03 12:32:09,797] {logging_mixin.py:109} INFO - [2022-01-03 12:32:09,797] {dagbag.py:500} INFO - Filling up the DagBag from /home/airflow/.local/lib/python3.7/site-packages/airflow/example_dags/example_branch_operator.py
[2022-01-03 12:32:09,848] {processor.py:637} INFO - DAG(s) dict_keys(['example_branch_operator']) retrieved from /home/airflow/.local/lib/python3.7/site-packages/airflow/example_dags/example_branch_operator.py
[2022-01-03 12:32:09,868] {logging_mixin.py:109} INFO - [2022-01-03 12:32:09,868] {dag.py:2396} INFO - Sync 1 DAGs
[2022-01-03 12:32:09,910] {logging_mixin.py:109} INFO - [2022-01-03 12:32:09,910] {dag.py:2928} INFO - Setting next_dagrun for example_branch_operator to 2022-01-03T00:00:00+00:00
[2022-01-03 12:32:09,937] {processor.py:171} INFO - Processing /home/airflow/.local/lib/python3.7/site-packages/airflow/example_dags/example_branch_operator.py took 0.152 seconds
[2022-01-03 13:13:46,076] {processor.py:163} INFO - Started process (PID=65) to work on /home/airflow/.local/lib/python3.7/site-packages/airflow/example_dags/example_branch_operator.py
[2022-01-03 13:13:46,080] {processor.py:625} INFO - Processing file /home/airflow/.local/lib/python3.7/site-packages/airflow/example_dags/example_branch_operator.py for tasks to queue
[2022-01-03 13:13:46,081] {logging_mixin.py:109} INFO - [2022-01-03 13:13:46,080] {dagbag.py:500} INFO - Filling up the DagBag from /home/airflow/.local/lib/python3.7/site-packages/airflow/example_dags/example_branch_operator.py
[2022-01-03 13:13:46,270] {processor.py:637} INFO - DAG(s) dict_keys(['example_branch_operator']) retrieved from /home/airflow/.local/lib/python3.7/site-packages/airflow/example_dags/example_branch_operator.py
[2022-01-03 13:13:46,307] {logging_mixin.py:109} INFO - [2022-01-03 13:13:46,307] {dag.py:2396} INFO - Sync 1 DAGs
[2022-01-03 13:13:46,409] {logging_mixin.py:109} INFO - [2022-01-03 13:13:46,409] {dag.py:2928} INFO - Setting next_dagrun for example_branch_operator to 2022-01-03T00:00:00+00:00
[2022-01-03 13:13:46,470] {processor.py:171} INFO - Processing /home/airflow/.local/lib/python3.7/site-packages/airflow/example_dags/example_branch_operator.py took 0.403 seconds
[2022-01-03 13:14:16,607] {processor.py:163} INFO - Started process (PID=122) to work on /home/airflow/.local/lib/python3.7/site-packages/airflow/example_dags/example_branch_operator.py
[2022-01-03 13:14:16,608] {processor.py:625} INFO - Processing file /home/airflow/.local/lib/python3.7/site-packages/airflow/example_dags/example_branch_operator.py for tasks to queue
[2022-01-03 13:14:16,609] {logging_mixin.py:109} INFO - [2022-01-03 13:14:16,609] {dagbag.py:500} INFO - Filling up the DagBag from /home/airflow/.local/lib/python3.7/site-packages/airflow/example_dags/example_branch_operator.py
[2022-01-03 13:14:16,682] {processor.py:637} INFO - DAG(s) dict_keys(['example_branch_operator']) retrieved from /home/airflow/.local/lib/python3.7/site-packages/airflow/example_dags/example_branch_operator.py
[2022-01-03 13:14:16,707] {logging_mixin.py:109} INFO - [2022-01-03 13:14:16,707] {dag.py:2396} INFO - Sync 1 DAGs
[2022-01-03 13:14:16,749] {logging_mixin.py:109} INFO - [2022-01-03 13:14:16,748] {dag.py:2928} INFO - Setting next_dagrun for example_branch_operator to 2022-01-03T00:00:00+00:00
[2022-01-03 13:14:16,772] {processor.py:171} INFO - Processing /home/airflow/.local/lib/python3.7/site-packages/airflow/example_dags/example_branch_operator.py took 0.169 seconds
[2022-01-03 13:14:47,443] {processor.py:163} INFO - Started process (PID=176) to work on /home/airflow/.local/lib/python3.7/site-packages/airflow/example_dags/example_branch_operator.py
[2022-01-03 13:14:47,445] {processor.py:625} INFO - Processing file /home/airflow/.local/lib/python3.7/site-packages/airflow/example_dags/example_branch_operator.py for tasks to queue
[2022-01-03 13:14:47,445] {logging_mixin.py:109} INFO - [2022-01-03 13:14:47,445] {dagbag.py:500} INFO - Filling up the DagBag from /home/airflow/.local/lib/python3.7/site-packages/airflow/example_dags/example_branch_operator.py
[2022-01-03 13:14:47,478] {processor.py:637} INFO - DAG(s) dict_keys(['example_branch_operator']) retrieved from /home/airflow/.local/lib/python3.7/site-packages/airflow/example_dags/example_branch_operator.py
[2022-01-03 13:14:47,494] {logging_mixin.py:109} INFO - [2022-01-03 13:14:47,494] {dag.py:2396} INFO - Sync 1 DAGs
[2022-01-03 13:14:47,519] {logging_mixin.py:109} INFO - [2022-01-03 13:14:47,519] {dag.py:2928} INFO - Setting next_dagrun for example_branch_operator to 2022-01-03T00:00:00+00:00
[2022-01-03 13:14:47,528] {processor.py:171} INFO - Processing /home/airflow/.local/lib/python3.7/site-packages/airflow/example_dags/example_branch_operator.py took 0.088 seconds
[2022-01-03 13:15:18,497] {processor.py:163} INFO - Started process (PID=228) to work on /home/airflow/.local/lib/python3.7/site-packages/airflow/example_dags/example_branch_operator.py
[2022-01-03 13:15:18,498] {processor.py:625} INFO - Processing file /home/airflow/.local/lib/python3.7/site-packages/airflow/example_dags/example_branch_operator.py for tasks to queue
[2022-01-03 13:15:18,499] {logging_mixin.py:109} INFO - [2022-01-03 13:15:18,499] {dagbag.py:500} INFO - Filling up the DagBag from /home/airflow/.local/lib/python3.7/site-packages/airflow/example_dags/example_branch_operator.py
[2022-01-03 13:15:18,534] {processor.py:637} INFO - DAG(s) dict_keys(['example_branch_operator']) retrieved from /home/airflow/.local/lib/python3.7/site-packages/airflow/example_dags/example_branch_operator.py
[2022-01-03 13:15:18,547] {logging_mixin.py:109} INFO - [2022-01-03 13:15:18,547] {dag.py:2396} INFO - Sync 1 DAGs
[2022-01-03 13:15:18,567] {logging_mixin.py:109} INFO - [2022-01-03 13:15:18,567] {dag.py:2928} INFO - Setting next_dagrun for example_branch_operator to 2022-01-03T00:00:00+00:00
[2022-01-03 13:15:18,578] {processor.py:171} INFO - Processing /home/airflow/.local/lib/python3.7/site-packages/airflow/example_dags/example_branch_operator.py took 0.085 seconds
[2022-01-03 13:15:49,510] {processor.py:163} INFO - Started process (PID=295) to work on /home/airflow/.local/lib/python3.7/site-packages/airflow/example_dags/example_branch_operator.py
[2022-01-03 13:15:49,512] {processor.py:625} INFO - Processing file /home/airflow/.local/lib/python3.7/site-packages/airflow/example_dags/example_branch_operator.py for tasks to queue
[2022-01-03 13:15:49,513] {logging_mixin.py:109} INFO - [2022-01-03 13:15:49,513] {dagbag.py:500} INFO - Filling up the DagBag from /home/airflow/.local/lib/python3.7/site-packages/airflow/example_dags/example_branch_operator.py
[2022-01-03 13:15:49,552] {processor.py:637} INFO - DAG(s) dict_keys(['example_branch_operator']) retrieved from /home/airflow/.local/lib/python3.7/site-packages/airflow/example_dags/example_branch_operator.py
[2022-01-03 13:15:49,568] {logging_mixin.py:109} INFO - [2022-01-03 13:15:49,568] {dag.py:2396} INFO - Sync 1 DAGs
[2022-01-03 13:15:49,595] {logging_mixin.py:109} INFO - [2022-01-03 13:15:49,595] {dag.py:2928} INFO - Setting next_dagrun for example_branch_operator to 2022-01-03T00:00:00+00:00
[2022-01-03 13:15:49,605] {processor.py:171} INFO - Processing /home/airflow/.local/lib/python3.7/site-packages/airflow/example_dags/example_branch_operator.py took 0.098 seconds
[2022-01-03 13:16:20,062] {processor.py:163} INFO - Started process (PID=351) to work on /home/airflow/.local/lib/python3.7/site-packages/airflow/example_dags/example_branch_operator.py
[2022-01-03 13:16:20,064] {processor.py:625} INFO - Processing file /home/airflow/.local/lib/python3.7/site-packages/airflow/example_dags/example_branch_operator.py for tasks to queue
[2022-01-03 13:16:20,065] {logging_mixin.py:109} INFO - [2022-01-03 13:16:20,064] {dagbag.py:500} INFO - Filling up the DagBag from /home/airflow/.local/lib/python3.7/site-packages/airflow/example_dags/example_branch_operator.py
[2022-01-03 13:16:20,099] {processor.py:637} INFO - DAG(s) dict_keys(['example_branch_operator']) retrieved from /home/airflow/.local/lib/python3.7/site-packages/airflow/example_dags/example_branch_operator.py
[2022-01-03 13:16:20,114] {logging_mixin.py:109} INFO - [2022-01-03 13:16:20,114] {dag.py:2396} INFO - Sync 1 DAGs
[2022-01-03 13:16:20,136] {logging_mixin.py:109} INFO - [2022-01-03 13:16:20,136] {dag.py:2928} INFO - Setting next_dagrun for example_branch_operator to 2022-01-03T00:00:00+00:00
[2022-01-03 13:16:20,148] {processor.py:171} INFO - Processing /home/airflow/.local/lib/python3.7/site-packages/airflow/example_dags/example_branch_operator.py took 0.090 seconds
[2022-01-03 13:16:50,267] {processor.py:163} INFO - Started process (PID=401) to work on /home/airflow/.local/lib/python3.7/site-packages/airflow/example_dags/example_branch_operator.py
[2022-01-03 13:16:50,271] {processor.py:625} INFO - Processing file /home/airflow/.local/lib/python3.7/site-packages/airflow/example_dags/example_branch_operator.py for tasks to queue
[2022-01-03 13:16:50,272] {logging_mixin.py:109} INFO - [2022-01-03 13:16:50,272] {dagbag.py:500} INFO - Filling up the DagBag from /home/airflow/.local/lib/python3.7/site-packages/airflow/example_dags/example_branch_operator.py
[2022-01-03 13:16:50,318] {processor.py:637} INFO - DAG(s) dict_keys(['example_branch_operator']) retrieved from /home/airflow/.local/lib/python3.7/site-packages/airflow/example_dags/example_branch_operator.py
[2022-01-03 13:16:50,334] {logging_mixin.py:109} INFO - [2022-01-03 13:16:50,334] {dag.py:2396} INFO - Sync 1 DAGs
[2022-01-03 13:16:50,363] {logging_mixin.py:109} INFO - [2022-01-03 13:16:50,363] {dag.py:2928} INFO - Setting next_dagrun for example_branch_operator to 2022-01-03T00:00:00+00:00
[2022-01-03 13:16:50,378] {processor.py:171} INFO - Processing /home/airflow/.local/lib/python3.7/site-packages/airflow/example_dags/example_branch_operator.py took 0.114 seconds
[2022-01-03 13:17:20,628] {processor.py:163} INFO - Started process (PID=452) to work on /home/airflow/.local/lib/python3.7/site-packages/airflow/example_dags/example_branch_operator.py
[2022-01-03 13:17:20,629] {processor.py:625} INFO - Processing file /home/airflow/.local/lib/python3.7/site-packages/airflow/example_dags/example_branch_operator.py for tasks to queue
[2022-01-03 13:17:20,630] {logging_mixin.py:109} INFO - [2022-01-03 13:17:20,630] {dagbag.py:500} INFO - Filling up the DagBag from /home/airflow/.local/lib/python3.7/site-packages/airflow/example_dags/example_branch_operator.py
[2022-01-03 13:17:20,672] {processor.py:637} INFO - DAG(s) dict_keys(['example_branch_operator']) retrieved from /home/airflow/.local/lib/python3.7/site-packages/airflow/example_dags/example_branch_operator.py
[2022-01-03 13:17:20,696] {logging_mixin.py:109} INFO - [2022-01-03 13:17:20,696] {dag.py:2396} INFO - Sync 1 DAGs
[2022-01-03 13:17:20,764] {logging_mixin.py:109} INFO - [2022-01-03 13:17:20,764] {dag.py:2928} INFO - Setting next_dagrun for example_branch_operator to 2022-01-03T00:00:00+00:00
[2022-01-03 13:17:20,815] {processor.py:171} INFO - Processing /home/airflow/.local/lib/python3.7/site-packages/airflow/example_dags/example_branch_operator.py took 0.192 seconds
[2022-01-03 13:17:51,587] {processor.py:163} INFO - Started process (PID=505) to work on /home/airflow/.local/lib/python3.7/site-packages/airflow/example_dags/example_branch_operator.py
[2022-01-03 13:17:51,588] {processor.py:625} INFO - Processing file /home/airflow/.local/lib/python3.7/site-packages/airflow/example_dags/example_branch_operator.py for tasks to queue
[2022-01-03 13:17:51,589] {logging_mixin.py:109} INFO - [2022-01-03 13:17:51,589] {dagbag.py:500} INFO - Filling up the DagBag from /home/airflow/.local/lib/python3.7/site-packages/airflow/example_dags/example_branch_operator.py
[2022-01-03 13:17:51,627] {processor.py:637} INFO - DAG(s) dict_keys(['example_branch_operator']) retrieved from /home/airflow/.local/lib/python3.7/site-packages/airflow/example_dags/example_branch_operator.py
[2022-01-03 13:17:51,645] {logging_mixin.py:109} INFO - [2022-01-03 13:17:51,645] {dag.py:2396} INFO - Sync 1 DAGs
[2022-01-03 13:17:51,673] {logging_mixin.py:109} INFO - [2022-01-03 13:17:51,673] {dag.py:2928} INFO - Setting next_dagrun for example_branch_operator to 2022-01-03T00:00:00+00:00
[2022-01-03 13:17:51,685] {processor.py:171} INFO - Processing /home/airflow/.local/lib/python3.7/site-packages/airflow/example_dags/example_branch_operator.py took 0.101 seconds
[2022-01-03 13:18:22,179] {processor.py:163} INFO - Started process (PID=563) to work on /home/airflow/.local/lib/python3.7/site-packages/airflow/example_dags/example_branch_operator.py
[2022-01-03 13:18:22,181] {processor.py:625} INFO - Processing file /home/airflow/.local/lib/python3.7/site-packages/airflow/example_dags/example_branch_operator.py for tasks to queue
[2022-01-03 13:18:22,182] {logging_mixin.py:109} INFO - [2022-01-03 13:18:22,182] {dagbag.py:500} INFO - Filling up the DagBag from /home/airflow/.local/lib/python3.7/site-packages/airflow/example_dags/example_branch_operator.py
[2022-01-03 13:18:22,235] {processor.py:637} INFO - DAG(s) dict_keys(['example_branch_operator']) retrieved from /home/airflow/.local/lib/python3.7/site-packages/airflow/example_dags/example_branch_operator.py
[2022-01-03 13:18:22,270] {logging_mixin.py:109} INFO - [2022-01-03 13:18:22,270] {dag.py:2396} INFO - Sync 1 DAGs
[2022-01-03 13:18:22,320] {logging_mixin.py:109} INFO - [2022-01-03 13:18:22,320] {dag.py:2928} INFO - Setting next_dagrun for example_branch_operator to 2022-01-03T00:00:00+00:00
[2022-01-03 13:18:22,358] {processor.py:171} INFO - Processing /home/airflow/.local/lib/python3.7/site-packages/airflow/example_dags/example_branch_operator.py took 0.184 seconds
[2022-01-03 13:18:52,486] {processor.py:163} INFO - Started process (PID=618) to work on /home/airflow/.local/lib/python3.7/site-packages/airflow/example_dags/example_branch_operator.py
[2022-01-03 13:18:52,487] {processor.py:625} INFO - Processing file /home/airflow/.local/lib/python3.7/site-packages/airflow/example_dags/example_branch_operator.py for tasks to queue
[2022-01-03 13:18:52,488] {logging_mixin.py:109} INFO - [2022-01-03 13:18:52,488] {dagbag.py:500} INFO - Filling up the DagBag from /home/airflow/.local/lib/python3.7/site-packages/airflow/example_dags/example_branch_operator.py
[2022-01-03 13:18:52,528] {processor.py:637} INFO - DAG(s) dict_keys(['example_branch_operator']) retrieved from /home/airflow/.local/lib/python3.7/site-packages/airflow/example_dags/example_branch_operator.py
[2022-01-03 13:18:52,541] {logging_mixin.py:109} INFO - [2022-01-03 13:18:52,541] {dag.py:2396} INFO - Sync 1 DAGs
[2022-01-03 13:18:52,565] {logging_mixin.py:109} INFO - [2022-01-03 13:18:52,565] {dag.py:2928} INFO - Setting next_dagrun for example_branch_operator to 2022-01-03T00:00:00+00:00
[2022-01-03 13:18:52,577] {processor.py:171} INFO - Processing /home/airflow/.local/lib/python3.7/site-packages/airflow/example_dags/example_branch_operator.py took 0.095 seconds
[2022-01-03 13:19:22,989] {processor.py:163} INFO - Started process (PID=668) to work on /home/airflow/.local/lib/python3.7/site-packages/airflow/example_dags/example_branch_operator.py
[2022-01-03 13:19:22,991] {processor.py:625} INFO - Processing file /home/airflow/.local/lib/python3.7/site-packages/airflow/example_dags/example_branch_operator.py for tasks to queue
[2022-01-03 13:19:22,992] {logging_mixin.py:109} INFO - [2022-01-03 13:19:22,992] {dagbag.py:500} INFO - Filling up the DagBag from /home/airflow/.local/lib/python3.7/site-packages/airflow/example_dags/example_branch_operator.py
[2022-01-03 13:19:23,041] {processor.py:637} INFO - DAG(s) dict_keys(['example_branch_operator']) retrieved from /home/airflow/.local/lib/python3.7/site-packages/airflow/example_dags/example_branch_operator.py
[2022-01-03 13:19:23,059] {logging_mixin.py:109} INFO - [2022-01-03 13:19:23,059] {dag.py:2396} INFO - Sync 1 DAGs
[2022-01-03 13:19:23,084] {logging_mixin.py:109} INFO - [2022-01-03 13:19:23,084] {dag.py:2928} INFO - Setting next_dagrun for example_branch_operator to 2022-01-03T00:00:00+00:00
[2022-01-03 13:19:23,099] {processor.py:171} INFO - Processing /home/airflow/.local/lib/python3.7/site-packages/airflow/example_dags/example_branch_operator.py took 0.114 seconds
[2022-01-03 13:19:53,807] {processor.py:163} INFO - Started process (PID=718) to work on /home/airflow/.local/lib/python3.7/site-packages/airflow/example_dags/example_branch_operator.py
[2022-01-03 13:19:53,808] {processor.py:625} INFO - Processing file /home/airflow/.local/lib/python3.7/site-packages/airflow/example_dags/example_branch_operator.py for tasks to queue
[2022-01-03 13:19:53,809] {logging_mixin.py:109} INFO - [2022-01-03 13:19:53,809] {dagbag.py:500} INFO - Filling up the DagBag from /home/airflow/.local/lib/python3.7/site-packages/airflow/example_dags/example_branch_operator.py
[2022-01-03 13:19:53,845] {processor.py:637} INFO - DAG(s) dict_keys(['example_branch_operator']) retrieved from /home/airflow/.local/lib/python3.7/site-packages/airflow/example_dags/example_branch_operator.py
[2022-01-03 13:19:53,862] {logging_mixin.py:109} INFO - [2022-01-03 13:19:53,862] {dag.py:2396} INFO - Sync 1 DAGs
[2022-01-03 13:19:53,890] {logging_mixin.py:109} INFO - [2022-01-03 13:19:53,890] {dag.py:2928} INFO - Setting next_dagrun for example_branch_operator to 2022-01-03T00:00:00+00:00
[2022-01-03 13:19:53,901] {processor.py:171} INFO - Processing /home/airflow/.local/lib/python3.7/site-packages/airflow/example_dags/example_branch_operator.py took 0.098 seconds
[2022-01-03 13:20:24,667] {processor.py:163} INFO - Started process (PID=772) to work on /home/airflow/.local/lib/python3.7/site-packages/airflow/example_dags/example_branch_operator.py
[2022-01-03 13:20:24,679] {processor.py:625} INFO - Processing file /home/airflow/.local/lib/python3.7/site-packages/airflow/example_dags/example_branch_operator.py for tasks to queue
[2022-01-03 13:20:24,680] {logging_mixin.py:109} INFO - [2022-01-03 13:20:24,680] {dagbag.py:500} INFO - Filling up the DagBag from /home/airflow/.local/lib/python3.7/site-packages/airflow/example_dags/example_branch_operator.py
[2022-01-03 13:20:24,734] {processor.py:637} INFO - DAG(s) dict_keys(['example_branch_operator']) retrieved from /home/airflow/.local/lib/python3.7/site-packages/airflow/example_dags/example_branch_operator.py
[2022-01-03 13:20:24,753] {logging_mixin.py:109} INFO - [2022-01-03 13:20:24,753] {dag.py:2396} INFO - Sync 1 DAGs
[2022-01-03 13:20:24,785] {logging_mixin.py:109} INFO - [2022-01-03 13:20:24,785] {dag.py:2928} INFO - Setting next_dagrun for example_branch_operator to 2022-01-03T00:00:00+00:00
[2022-01-03 13:20:24,798] {processor.py:171} INFO - Processing /home/airflow/.local/lib/python3.7/site-packages/airflow/example_dags/example_branch_operator.py took 0.135 seconds
[2022-01-03 13:20:55,197] {processor.py:163} INFO - Started process (PID=823) to work on /home/airflow/.local/lib/python3.7/site-packages/airflow/example_dags/example_branch_operator.py
[2022-01-03 13:20:55,199] {processor.py:625} INFO - Processing file /home/airflow/.local/lib/python3.7/site-packages/airflow/example_dags/example_branch_operator.py for tasks to queue
[2022-01-03 13:20:55,200] {logging_mixin.py:109} INFO - [2022-01-03 13:20:55,200] {dagbag.py:500} INFO - Filling up the DagBag from /home/airflow/.local/lib/python3.7/site-packages/airflow/example_dags/example_branch_operator.py
[2022-01-03 13:20:55,301] {processor.py:637} INFO - DAG(s) dict_keys(['example_branch_operator']) retrieved from /home/airflow/.local/lib/python3.7/site-packages/airflow/example_dags/example_branch_operator.py
[2022-01-03 13:20:55,323] {logging_mixin.py:109} INFO - [2022-01-03 13:20:55,322] {dag.py:2396} INFO - Sync 1 DAGs
[2022-01-03 13:20:55,357] {logging_mixin.py:109} INFO - [2022-01-03 13:20:55,357] {dag.py:2928} INFO - Setting next_dagrun for example_branch_operator to 2022-01-03T00:00:00+00:00
[2022-01-03 13:20:55,391] {processor.py:171} INFO - Processing /home/airflow/.local/lib/python3.7/site-packages/airflow/example_dags/example_branch_operator.py took 0.198 seconds
[2022-01-03 13:21:26,298] {processor.py:163} INFO - Started process (PID=873) to work on /home/airflow/.local/lib/python3.7/site-packages/airflow/example_dags/example_branch_operator.py
[2022-01-03 13:21:26,300] {processor.py:625} INFO - Processing file /home/airflow/.local/lib/python3.7/site-packages/airflow/example_dags/example_branch_operator.py for tasks to queue
[2022-01-03 13:21:26,301] {logging_mixin.py:109} INFO - [2022-01-03 13:21:26,301] {dagbag.py:500} INFO - Filling up the DagBag from /home/airflow/.local/lib/python3.7/site-packages/airflow/example_dags/example_branch_operator.py
[2022-01-03 13:21:26,414] {processor.py:637} INFO - DAG(s) dict_keys(['example_branch_operator']) retrieved from /home/airflow/.local/lib/python3.7/site-packages/airflow/example_dags/example_branch_operator.py
[2022-01-03 13:21:26,453] {logging_mixin.py:109} INFO - [2022-01-03 13:21:26,453] {dag.py:2396} INFO - Sync 1 DAGs
[2022-01-03 13:21:26,487] {logging_mixin.py:109} INFO - [2022-01-03 13:21:26,487] {dag.py:2928} INFO - Setting next_dagrun for example_branch_operator to 2022-01-03T00:00:00+00:00
[2022-01-03 13:21:26,504] {processor.py:171} INFO - Processing /home/airflow/.local/lib/python3.7/site-packages/airflow/example_dags/example_branch_operator.py took 0.217 seconds
[2022-01-03 13:21:56,932] {processor.py:163} INFO - Started process (PID=934) to work on /home/airflow/.local/lib/python3.7/site-packages/airflow/example_dags/example_branch_operator.py
[2022-01-03 13:21:56,934] {processor.py:625} INFO - Processing file /home/airflow/.local/lib/python3.7/site-packages/airflow/example_dags/example_branch_operator.py for tasks to queue
[2022-01-03 13:21:56,935] {logging_mixin.py:109} INFO - [2022-01-03 13:21:56,935] {dagbag.py:500} INFO - Filling up the DagBag from /home/airflow/.local/lib/python3.7/site-packages/airflow/example_dags/example_branch_operator.py
[2022-01-03 13:21:57,053] {processor.py:637} INFO - DAG(s) dict_keys(['example_branch_operator']) retrieved from /home/airflow/.local/lib/python3.7/site-packages/airflow/example_dags/example_branch_operator.py
[2022-01-03 13:21:57,087] {logging_mixin.py:109} INFO - [2022-01-03 13:21:57,087] {dag.py:2396} INFO - Sync 1 DAGs
[2022-01-03 13:21:57,162] {logging_mixin.py:109} INFO - [2022-01-03 13:21:57,161] {dag.py:2928} INFO - Setting next_dagrun for example_branch_operator to 2022-01-03T00:00:00+00:00
[2022-01-03 13:21:57,198] {processor.py:171} INFO - Processing /home/airflow/.local/lib/python3.7/site-packages/airflow/example_dags/example_branch_operator.py took 0.273 seconds
[2022-01-03 13:22:27,515] {processor.py:163} INFO - Started process (PID=986) to work on /home/airflow/.local/lib/python3.7/site-packages/airflow/example_dags/example_branch_operator.py
[2022-01-03 13:22:27,517] {processor.py:625} INFO - Processing file /home/airflow/.local/lib/python3.7/site-packages/airflow/example_dags/example_branch_operator.py for tasks to queue
[2022-01-03 13:22:27,517] {logging_mixin.py:109} INFO - [2022-01-03 13:22:27,517] {dagbag.py:500} INFO - Filling up the DagBag from /home/airflow/.local/lib/python3.7/site-packages/airflow/example_dags/example_branch_operator.py
[2022-01-03 13:22:27,558] {processor.py:637} INFO - DAG(s) dict_keys(['example_branch_operator']) retrieved from /home/airflow/.local/lib/python3.7/site-packages/airflow/example_dags/example_branch_operator.py
[2022-01-03 13:22:27,572] {logging_mixin.py:109} INFO - [2022-01-03 13:22:27,572] {dag.py:2396} INFO - Sync 1 DAGs
[2022-01-03 13:22:27,596] {logging_mixin.py:109} INFO - [2022-01-03 13:22:27,596] {dag.py:2928} INFO - Setting next_dagrun for example_branch_operator to 2022-01-03T00:00:00+00:00
[2022-01-03 13:22:27,607] {processor.py:171} INFO - Processing /home/airflow/.local/lib/python3.7/site-packages/airflow/example_dags/example_branch_operator.py took 0.095 seconds
[2022-01-03 13:22:58,553] {processor.py:163} INFO - Started process (PID=1039) to work on /home/airflow/.local/lib/python3.7/site-packages/airflow/example_dags/example_branch_operator.py
[2022-01-03 13:22:58,555] {processor.py:625} INFO - Processing file /home/airflow/.local/lib/python3.7/site-packages/airflow/example_dags/example_branch_operator.py for tasks to queue
[2022-01-03 13:22:58,555] {logging_mixin.py:109} INFO - [2022-01-03 13:22:58,555] {dagbag.py:500} INFO - Filling up the DagBag from /home/airflow/.local/lib/python3.7/site-packages/airflow/example_dags/example_branch_operator.py
[2022-01-03 13:22:58,592] {processor.py:637} INFO - DAG(s) dict_keys(['example_branch_operator']) retrieved from /home/airflow/.local/lib/python3.7/site-packages/airflow/example_dags/example_branch_operator.py
[2022-01-03 13:22:58,609] {logging_mixin.py:109} INFO - [2022-01-03 13:22:58,609] {dag.py:2396} INFO - Sync 1 DAGs
[2022-01-03 13:22:58,633] {logging_mixin.py:109} INFO - [2022-01-03 13:22:58,633] {dag.py:2928} INFO - Setting next_dagrun for example_branch_operator to 2022-01-03T00:00:00+00:00
[2022-01-03 13:22:58,645] {processor.py:171} INFO - Processing /home/airflow/.local/lib/python3.7/site-packages/airflow/example_dags/example_branch_operator.py took 0.096 seconds
[2022-01-03 13:23:28,889] {processor.py:163} INFO - Started process (PID=1091) to work on /home/airflow/.local/lib/python3.7/site-packages/airflow/example_dags/example_branch_operator.py
[2022-01-03 13:23:28,891] {processor.py:625} INFO - Processing file /home/airflow/.local/lib/python3.7/site-packages/airflow/example_dags/example_branch_operator.py for tasks to queue
[2022-01-03 13:23:28,892] {logging_mixin.py:109} INFO - [2022-01-03 13:23:28,891] {dagbag.py:500} INFO - Filling up the DagBag from /home/airflow/.local/lib/python3.7/site-packages/airflow/example_dags/example_branch_operator.py
[2022-01-03 13:23:28,952] {processor.py:637} INFO - DAG(s) dict_keys(['example_branch_operator']) retrieved from /home/airflow/.local/lib/python3.7/site-packages/airflow/example_dags/example_branch_operator.py
[2022-01-03 13:23:28,972] {logging_mixin.py:109} INFO - [2022-01-03 13:23:28,972] {dag.py:2396} INFO - Sync 1 DAGs
[2022-01-03 13:23:28,998] {logging_mixin.py:109} INFO - [2022-01-03 13:23:28,998] {dag.py:2928} INFO - Setting next_dagrun for example_branch_operator to 2022-01-03T00:00:00+00:00
[2022-01-03 13:23:29,008] {processor.py:171} INFO - Processing /home/airflow/.local/lib/python3.7/site-packages/airflow/example_dags/example_branch_operator.py took 0.122 seconds
[2022-01-03 13:23:59,130] {processor.py:163} INFO - Started process (PID=1141) to work on /home/airflow/.local/lib/python3.7/site-packages/airflow/example_dags/example_branch_operator.py
[2022-01-03 13:23:59,135] {processor.py:625} INFO - Processing file /home/airflow/.local/lib/python3.7/site-packages/airflow/example_dags/example_branch_operator.py for tasks to queue
[2022-01-03 13:23:59,136] {logging_mixin.py:109} INFO - [2022-01-03 13:23:59,136] {dagbag.py:500} INFO - Filling up the DagBag from /home/airflow/.local/lib/python3.7/site-packages/airflow/example_dags/example_branch_operator.py
[2022-01-03 13:23:59,188] {processor.py:637} INFO - DAG(s) dict_keys(['example_branch_operator']) retrieved from /home/airflow/.local/lib/python3.7/site-packages/airflow/example_dags/example_branch_operator.py
[2022-01-03 13:23:59,208] {logging_mixin.py:109} INFO - [2022-01-03 13:23:59,208] {dag.py:2396} INFO - Sync 1 DAGs
[2022-01-03 13:23:59,252] {logging_mixin.py:109} INFO - [2022-01-03 13:23:59,251] {dag.py:2928} INFO - Setting next_dagrun for example_branch_operator to 2022-01-03T00:00:00+00:00
[2022-01-03 13:23:59,266] {processor.py:171} INFO - Processing /home/airflow/.local/lib/python3.7/site-packages/airflow/example_dags/example_branch_operator.py took 0.140 seconds
[2022-01-03 13:24:29,560] {processor.py:163} INFO - Started process (PID=1203) to work on /home/airflow/.local/lib/python3.7/site-packages/airflow/example_dags/example_branch_operator.py
[2022-01-03 13:24:29,562] {processor.py:625} INFO - Processing file /home/airflow/.local/lib/python3.7/site-packages/airflow/example_dags/example_branch_operator.py for tasks to queue
[2022-01-03 13:24:29,563] {logging_mixin.py:109} INFO - [2022-01-03 13:24:29,563] {dagbag.py:500} INFO - Filling up the DagBag from /home/airflow/.local/lib/python3.7/site-packages/airflow/example_dags/example_branch_operator.py
[2022-01-03 13:24:29,621] {processor.py:637} INFO - DAG(s) dict_keys(['example_branch_operator']) retrieved from /home/airflow/.local/lib/python3.7/site-packages/airflow/example_dags/example_branch_operator.py
[2022-01-03 13:24:29,637] {logging_mixin.py:109} INFO - [2022-01-03 13:24:29,637] {dag.py:2396} INFO - Sync 1 DAGs
[2022-01-03 13:24:29,669] {logging_mixin.py:109} INFO - [2022-01-03 13:24:29,669] {dag.py:2928} INFO - Setting next_dagrun for example_branch_operator to 2022-01-03T00:00:00+00:00
[2022-01-03 13:24:29,692] {processor.py:171} INFO - Processing /home/airflow/.local/lib/python3.7/site-packages/airflow/example_dags/example_branch_operator.py took 0.136 seconds
[2022-01-03 13:25:00,078] {processor.py:163} INFO - Started process (PID=1253) to work on /home/airflow/.local/lib/python3.7/site-packages/airflow/example_dags/example_branch_operator.py
[2022-01-03 13:25:00,079] {processor.py:625} INFO - Processing file /home/airflow/.local/lib/python3.7/site-packages/airflow/example_dags/example_branch_operator.py for tasks to queue
[2022-01-03 13:25:00,080] {logging_mixin.py:109} INFO - [2022-01-03 13:25:00,080] {dagbag.py:500} INFO - Filling up the DagBag from /home/airflow/.local/lib/python3.7/site-packages/airflow/example_dags/example_branch_operator.py
[2022-01-03 13:25:00,115] {processor.py:637} INFO - DAG(s) dict_keys(['example_branch_operator']) retrieved from /home/airflow/.local/lib/python3.7/site-packages/airflow/example_dags/example_branch_operator.py
[2022-01-03 13:25:00,132] {logging_mixin.py:109} INFO - [2022-01-03 13:25:00,132] {dag.py:2396} INFO - Sync 1 DAGs
[2022-01-03 13:25:00,159] {logging_mixin.py:109} INFO - [2022-01-03 13:25:00,159] {dag.py:2928} INFO - Setting next_dagrun for example_branch_operator to 2022-01-03T00:00:00+00:00
[2022-01-03 13:25:00,170] {processor.py:171} INFO - Processing /home/airflow/.local/lib/python3.7/site-packages/airflow/example_dags/example_branch_operator.py took 0.096 seconds
[2022-01-03 13:25:30,342] {processor.py:163} INFO - Started process (PID=1304) to work on /home/airflow/.local/lib/python3.7/site-packages/airflow/example_dags/example_branch_operator.py
[2022-01-03 13:25:30,344] {processor.py:625} INFO - Processing file /home/airflow/.local/lib/python3.7/site-packages/airflow/example_dags/example_branch_operator.py for tasks to queue
[2022-01-03 13:25:30,345] {logging_mixin.py:109} INFO - [2022-01-03 13:25:30,345] {dagbag.py:500} INFO - Filling up the DagBag from /home/airflow/.local/lib/python3.7/site-packages/airflow/example_dags/example_branch_operator.py
[2022-01-03 13:25:30,395] {processor.py:637} INFO - DAG(s) dict_keys(['example_branch_operator']) retrieved from /home/airflow/.local/lib/python3.7/site-packages/airflow/example_dags/example_branch_operator.py
[2022-01-03 13:25:30,412] {logging_mixin.py:109} INFO - [2022-01-03 13:25:30,412] {dag.py:2396} INFO - Sync 1 DAGs
[2022-01-03 13:25:30,439] {logging_mixin.py:109} INFO - [2022-01-03 13:25:30,438] {dag.py:2928} INFO - Setting next_dagrun for example_branch_operator to 2022-01-03T00:00:00+00:00
[2022-01-03 13:25:30,459] {processor.py:171} INFO - Processing /home/airflow/.local/lib/python3.7/site-packages/airflow/example_dags/example_branch_operator.py took 0.120 seconds
[2022-01-03 13:26:00,793] {processor.py:163} INFO - Started process (PID=1362) to work on /home/airflow/.local/lib/python3.7/site-packages/airflow/example_dags/example_branch_operator.py
[2022-01-03 13:26:00,795] {processor.py:625} INFO - Processing file /home/airflow/.local/lib/python3.7/site-packages/airflow/example_dags/example_branch_operator.py for tasks to queue
[2022-01-03 13:26:00,795] {logging_mixin.py:109} INFO - [2022-01-03 13:26:00,795] {dagbag.py:500} INFO - Filling up the DagBag from /home/airflow/.local/lib/python3.7/site-packages/airflow/example_dags/example_branch_operator.py
[2022-01-03 13:26:00,838] {processor.py:637} INFO - DAG(s) dict_keys(['example_branch_operator']) retrieved from /home/airflow/.local/lib/python3.7/site-packages/airflow/example_dags/example_branch_operator.py
[2022-01-03 13:26:00,852] {logging_mixin.py:109} INFO - [2022-01-03 13:26:00,852] {dag.py:2396} INFO - Sync 1 DAGs
[2022-01-03 13:26:00,881] {logging_mixin.py:109} INFO - [2022-01-03 13:26:00,881] {dag.py:2928} INFO - Setting next_dagrun for example_branch_operator to 2022-01-03T00:00:00+00:00
[2022-01-03 13:26:00,896] {processor.py:171} INFO - Processing /home/airflow/.local/lib/python3.7/site-packages/airflow/example_dags/example_branch_operator.py took 0.106 seconds
[2022-01-03 13:26:31,682] {processor.py:163} INFO - Started process (PID=1421) to work on /home/airflow/.local/lib/python3.7/site-packages/airflow/example_dags/example_branch_operator.py
[2022-01-03 13:26:31,684] {processor.py:625} INFO - Processing file /home/airflow/.local/lib/python3.7/site-packages/airflow/example_dags/example_branch_operator.py for tasks to queue
[2022-01-03 13:26:31,691] {logging_mixin.py:109} INFO - [2022-01-03 13:26:31,691] {dagbag.py:500} INFO - Filling up the DagBag from /home/airflow/.local/lib/python3.7/site-packages/airflow/example_dags/example_branch_operator.py
[2022-01-03 13:26:31,759] {processor.py:637} INFO - DAG(s) dict_keys(['example_branch_operator']) retrieved from /home/airflow/.local/lib/python3.7/site-packages/airflow/example_dags/example_branch_operator.py
[2022-01-03 13:26:31,777] {logging_mixin.py:109} INFO - [2022-01-03 13:26:31,776] {dag.py:2396} INFO - Sync 1 DAGs
[2022-01-03 13:26:31,806] {logging_mixin.py:109} INFO - [2022-01-03 13:26:31,806] {dag.py:2928} INFO - Setting next_dagrun for example_branch_operator to 2022-01-03T00:00:00+00:00
[2022-01-03 13:26:31,818] {processor.py:171} INFO - Processing /home/airflow/.local/lib/python3.7/site-packages/airflow/example_dags/example_branch_operator.py took 0.141 seconds
[2022-01-03 13:27:02,901] {processor.py:163} INFO - Started process (PID=1472) to work on /home/airflow/.local/lib/python3.7/site-packages/airflow/example_dags/example_branch_operator.py
[2022-01-03 13:27:02,907] {processor.py:625} INFO - Processing file /home/airflow/.local/lib/python3.7/site-packages/airflow/example_dags/example_branch_operator.py for tasks to queue
[2022-01-03 13:27:02,908] {logging_mixin.py:109} INFO - [2022-01-03 13:27:02,908] {dagbag.py:500} INFO - Filling up the DagBag from /home/airflow/.local/lib/python3.7/site-packages/airflow/example_dags/example_branch_operator.py
[2022-01-03 13:27:02,963] {processor.py:637} INFO - DAG(s) dict_keys(['example_branch_operator']) retrieved from /home/airflow/.local/lib/python3.7/site-packages/airflow/example_dags/example_branch_operator.py
[2022-01-03 13:27:02,983] {logging_mixin.py:109} INFO - [2022-01-03 13:27:02,983] {dag.py:2396} INFO - Sync 1 DAGs
[2022-01-03 13:27:03,016] {logging_mixin.py:109} INFO - [2022-01-03 13:27:03,016] {dag.py:2928} INFO - Setting next_dagrun for example_branch_operator to 2022-01-03T00:00:00+00:00
[2022-01-03 13:27:03,031] {processor.py:171} INFO - Processing /home/airflow/.local/lib/python3.7/site-packages/airflow/example_dags/example_branch_operator.py took 0.137 seconds
[2022-01-03 13:27:33,799] {processor.py:163} INFO - Started process (PID=1523) to work on /home/airflow/.local/lib/python3.7/site-packages/airflow/example_dags/example_branch_operator.py
[2022-01-03 13:27:33,800] {processor.py:625} INFO - Processing file /home/airflow/.local/lib/python3.7/site-packages/airflow/example_dags/example_branch_operator.py for tasks to queue
[2022-01-03 13:27:33,801] {logging_mixin.py:109} INFO - [2022-01-03 13:27:33,801] {dagbag.py:500} INFO - Filling up the DagBag from /home/airflow/.local/lib/python3.7/site-packages/airflow/example_dags/example_branch_operator.py
[2022-01-03 13:27:33,842] {processor.py:637} INFO - DAG(s) dict_keys(['example_branch_operator']) retrieved from /home/airflow/.local/lib/python3.7/site-packages/airflow/example_dags/example_branch_operator.py
[2022-01-03 13:27:33,854] {logging_mixin.py:109} INFO - [2022-01-03 13:27:33,854] {dag.py:2396} INFO - Sync 1 DAGs
[2022-01-03 13:27:33,879] {logging_mixin.py:109} INFO - [2022-01-03 13:27:33,879] {dag.py:2928} INFO - Setting next_dagrun for example_branch_operator to 2022-01-03T00:00:00+00:00
[2022-01-03 13:27:33,895] {processor.py:171} INFO - Processing /home/airflow/.local/lib/python3.7/site-packages/airflow/example_dags/example_branch_operator.py took 0.100 seconds
[2022-01-03 13:28:04,814] {processor.py:163} INFO - Started process (PID=1574) to work on /home/airflow/.local/lib/python3.7/site-packages/airflow/example_dags/example_branch_operator.py
[2022-01-03 13:28:04,815] {processor.py:625} INFO - Processing file /home/airflow/.local/lib/python3.7/site-packages/airflow/example_dags/example_branch_operator.py for tasks to queue
[2022-01-03 13:28:04,816] {logging_mixin.py:109} INFO - [2022-01-03 13:28:04,816] {dagbag.py:500} INFO - Filling up the DagBag from /home/airflow/.local/lib/python3.7/site-packages/airflow/example_dags/example_branch_operator.py
[2022-01-03 13:28:04,851] {processor.py:637} INFO - DAG(s) dict_keys(['example_branch_operator']) retrieved from /home/airflow/.local/lib/python3.7/site-packages/airflow/example_dags/example_branch_operator.py
[2022-01-03 13:28:04,868] {logging_mixin.py:109} INFO - [2022-01-03 13:28:04,868] {dag.py:2396} INFO - Sync 1 DAGs
[2022-01-03 13:28:04,896] {logging_mixin.py:109} INFO - [2022-01-03 13:28:04,896] {dag.py:2928} INFO - Setting next_dagrun for example_branch_operator to 2022-01-03T00:00:00+00:00
[2022-01-03 13:28:04,908] {processor.py:171} INFO - Processing /home/airflow/.local/lib/python3.7/site-packages/airflow/example_dags/example_branch_operator.py took 0.098 seconds
[2022-01-03 13:28:35,379] {processor.py:163} INFO - Started process (PID=1629) to work on /home/airflow/.local/lib/python3.7/site-packages/airflow/example_dags/example_branch_operator.py
[2022-01-03 13:28:35,380] {processor.py:625} INFO - Processing file /home/airflow/.local/lib/python3.7/site-packages/airflow/example_dags/example_branch_operator.py for tasks to queue
[2022-01-03 13:28:35,381] {logging_mixin.py:109} INFO - [2022-01-03 13:28:35,381] {dagbag.py:500} INFO - Filling up the DagBag from /home/airflow/.local/lib/python3.7/site-packages/airflow/example_dags/example_branch_operator.py
[2022-01-03 13:28:35,438] {processor.py:637} INFO - DAG(s) dict_keys(['example_branch_operator']) retrieved from /home/airflow/.local/lib/python3.7/site-packages/airflow/example_dags/example_branch_operator.py
[2022-01-03 13:28:35,464] {logging_mixin.py:109} INFO - [2022-01-03 13:28:35,464] {dag.py:2396} INFO - Sync 1 DAGs
[2022-01-03 13:28:35,492] {logging_mixin.py:109} INFO - [2022-01-03 13:28:35,491] {dag.py:2928} INFO - Setting next_dagrun for example_branch_operator to 2022-01-03T00:00:00+00:00
[2022-01-03 13:28:35,511] {processor.py:171} INFO - Processing /home/airflow/.local/lib/python3.7/site-packages/airflow/example_dags/example_branch_operator.py took 0.136 seconds
[2022-01-03 13:29:05,820] {processor.py:163} INFO - Started process (PID=1682) to work on /home/airflow/.local/lib/python3.7/site-packages/airflow/example_dags/example_branch_operator.py
[2022-01-03 13:29:05,822] {processor.py:625} INFO - Processing file /home/airflow/.local/lib/python3.7/site-packages/airflow/example_dags/example_branch_operator.py for tasks to queue
[2022-01-03 13:29:05,822] {logging_mixin.py:109} INFO - [2022-01-03 13:29:05,822] {dagbag.py:500} INFO - Filling up the DagBag from /home/airflow/.local/lib/python3.7/site-packages/airflow/example_dags/example_branch_operator.py
[2022-01-03 13:29:05,859] {processor.py:637} INFO - DAG(s) dict_keys(['example_branch_operator']) retrieved from /home/airflow/.local/lib/python3.7/site-packages/airflow/example_dags/example_branch_operator.py
[2022-01-03 13:29:05,876] {logging_mixin.py:109} INFO - [2022-01-03 13:29:05,875] {dag.py:2396} INFO - Sync 1 DAGs
[2022-01-03 13:29:05,904] {logging_mixin.py:109} INFO - [2022-01-03 13:29:05,904] {dag.py:2928} INFO - Setting next_dagrun for example_branch_operator to 2022-01-03T00:00:00+00:00
[2022-01-03 13:29:05,916] {processor.py:171} INFO - Processing /home/airflow/.local/lib/python3.7/site-packages/airflow/example_dags/example_branch_operator.py took 0.100 seconds
[2022-01-03 13:29:36,344] {processor.py:163} INFO - Started process (PID=1742) to work on /home/airflow/.local/lib/python3.7/site-packages/airflow/example_dags/example_branch_operator.py
[2022-01-03 13:29:36,347] {processor.py:625} INFO - Processing file /home/airflow/.local/lib/python3.7/site-packages/airflow/example_dags/example_branch_operator.py for tasks to queue
[2022-01-03 13:29:36,348] {logging_mixin.py:109} INFO - [2022-01-03 13:29:36,348] {dagbag.py:500} INFO - Filling up the DagBag from /home/airflow/.local/lib/python3.7/site-packages/airflow/example_dags/example_branch_operator.py
[2022-01-03 13:29:36,403] {processor.py:637} INFO - DAG(s) dict_keys(['example_branch_operator']) retrieved from /home/airflow/.local/lib/python3.7/site-packages/airflow/example_dags/example_branch_operator.py
[2022-01-03 13:29:36,421] {logging_mixin.py:109} INFO - [2022-01-03 13:29:36,421] {dag.py:2396} INFO - Sync 1 DAGs
[2022-01-03 13:29:36,451] {logging_mixin.py:109} INFO - [2022-01-03 13:29:36,451] {dag.py:2928} INFO - Setting next_dagrun for example_branch_operator to 2022-01-03T00:00:00+00:00
[2022-01-03 13:29:36,461] {processor.py:171} INFO - Processing /home/airflow/.local/lib/python3.7/site-packages/airflow/example_dags/example_branch_operator.py took 0.120 seconds
[2022-01-03 13:30:07,423] {processor.py:163} INFO - Started process (PID=1792) to work on /home/airflow/.local/lib/python3.7/site-packages/airflow/example_dags/example_branch_operator.py
[2022-01-03 13:30:07,425] {processor.py:625} INFO - Processing file /home/airflow/.local/lib/python3.7/site-packages/airflow/example_dags/example_branch_operator.py for tasks to queue
[2022-01-03 13:30:07,426] {logging_mixin.py:109} INFO - [2022-01-03 13:30:07,426] {dagbag.py:500} INFO - Filling up the DagBag from /home/airflow/.local/lib/python3.7/site-packages/airflow/example_dags/example_branch_operator.py
[2022-01-03 13:30:07,470] {processor.py:637} INFO - DAG(s) dict_keys(['example_branch_operator']) retrieved from /home/airflow/.local/lib/python3.7/site-packages/airflow/example_dags/example_branch_operator.py
[2022-01-03 13:30:07,489] {logging_mixin.py:109} INFO - [2022-01-03 13:30:07,489] {dag.py:2396} INFO - Sync 1 DAGs
[2022-01-03 13:30:07,524] {logging_mixin.py:109} INFO - [2022-01-03 13:30:07,524] {dag.py:2928} INFO - Setting next_dagrun for example_branch_operator to 2022-01-03T00:00:00+00:00
[2022-01-03 13:30:07,536] {processor.py:171} INFO - Processing /home/airflow/.local/lib/python3.7/site-packages/airflow/example_dags/example_branch_operator.py took 0.117 seconds
[2022-01-03 13:30:37,597] {processor.py:163} INFO - Started process (PID=1847) to work on /home/airflow/.local/lib/python3.7/site-packages/airflow/example_dags/example_branch_operator.py
[2022-01-03 13:30:37,598] {processor.py:625} INFO - Processing file /home/airflow/.local/lib/python3.7/site-packages/airflow/example_dags/example_branch_operator.py for tasks to queue
[2022-01-03 13:30:37,599] {logging_mixin.py:109} INFO - [2022-01-03 13:30:37,599] {dagbag.py:500} INFO - Filling up the DagBag from /home/airflow/.local/lib/python3.7/site-packages/airflow/example_dags/example_branch_operator.py
[2022-01-03 13:30:37,646] {processor.py:637} INFO - DAG(s) dict_keys(['example_branch_operator']) retrieved from /home/airflow/.local/lib/python3.7/site-packages/airflow/example_dags/example_branch_operator.py
[2022-01-03 13:30:37,664] {logging_mixin.py:109} INFO - [2022-01-03 13:30:37,664] {dag.py:2396} INFO - Sync 1 DAGs
[2022-01-03 13:30:37,691] {logging_mixin.py:109} INFO - [2022-01-03 13:30:37,691] {dag.py:2928} INFO - Setting next_dagrun for example_branch_operator to 2022-01-03T00:00:00+00:00
[2022-01-03 13:30:37,702] {processor.py:171} INFO - Processing /home/airflow/.local/lib/python3.7/site-packages/airflow/example_dags/example_branch_operator.py took 0.109 seconds
[2022-01-03 13:31:08,163] {processor.py:163} INFO - Started process (PID=1900) to work on /home/airflow/.local/lib/python3.7/site-packages/airflow/example_dags/example_branch_operator.py
[2022-01-03 13:31:08,164] {processor.py:625} INFO - Processing file /home/airflow/.local/lib/python3.7/site-packages/airflow/example_dags/example_branch_operator.py for tasks to queue
[2022-01-03 13:31:08,165] {logging_mixin.py:109} INFO - [2022-01-03 13:31:08,165] {dagbag.py:500} INFO - Filling up the DagBag from /home/airflow/.local/lib/python3.7/site-packages/airflow/example_dags/example_branch_operator.py
[2022-01-03 13:31:08,215] {processor.py:637} INFO - DAG(s) dict_keys(['example_branch_operator']) retrieved from /home/airflow/.local/lib/python3.7/site-packages/airflow/example_dags/example_branch_operator.py
[2022-01-03 13:31:08,231] {logging_mixin.py:109} INFO - [2022-01-03 13:31:08,231] {dag.py:2396} INFO - Sync 1 DAGs
[2022-01-03 13:31:08,257] {logging_mixin.py:109} INFO - [2022-01-03 13:31:08,257] {dag.py:2928} INFO - Setting next_dagrun for example_branch_operator to 2022-01-03T00:00:00+00:00
[2022-01-03 13:31:08,270] {processor.py:171} INFO - Processing /home/airflow/.local/lib/python3.7/site-packages/airflow/example_dags/example_branch_operator.py took 0.110 seconds
[2022-01-03 13:31:38,347] {processor.py:163} INFO - Started process (PID=1951) to work on /home/airflow/.local/lib/python3.7/site-packages/airflow/example_dags/example_branch_operator.py
[2022-01-03 13:31:38,350] {processor.py:625} INFO - Processing file /home/airflow/.local/lib/python3.7/site-packages/airflow/example_dags/example_branch_operator.py for tasks to queue
[2022-01-03 13:31:38,350] {logging_mixin.py:109} INFO - [2022-01-03 13:31:38,350] {dagbag.py:500} INFO - Filling up the DagBag from /home/airflow/.local/lib/python3.7/site-packages/airflow/example_dags/example_branch_operator.py
[2022-01-03 13:31:38,415] {processor.py:637} INFO - DAG(s) dict_keys(['example_branch_operator']) retrieved from /home/airflow/.local/lib/python3.7/site-packages/airflow/example_dags/example_branch_operator.py
[2022-01-03 13:31:38,434] {logging_mixin.py:109} INFO - [2022-01-03 13:31:38,434] {dag.py:2396} INFO - Sync 1 DAGs
[2022-01-03 13:31:38,463] {logging_mixin.py:109} INFO - [2022-01-03 13:31:38,463] {dag.py:2928} INFO - Setting next_dagrun for example_branch_operator to 2022-01-03T00:00:00+00:00
[2022-01-03 13:31:38,479] {processor.py:171} INFO - Processing /home/airflow/.local/lib/python3.7/site-packages/airflow/example_dags/example_branch_operator.py took 0.137 seconds
[2022-01-03 13:38:07,120] {processor.py:163} INFO - Started process (PID=158) to work on /home/airflow/.local/lib/python3.7/site-packages/airflow/example_dags/example_branch_operator.py
[2022-01-03 13:38:07,122] {processor.py:625} INFO - Processing file /home/airflow/.local/lib/python3.7/site-packages/airflow/example_dags/example_branch_operator.py for tasks to queue
[2022-01-03 13:38:07,123] {logging_mixin.py:109} INFO - [2022-01-03 13:38:07,123] {dagbag.py:500} INFO - Filling up the DagBag from /home/airflow/.local/lib/python3.7/site-packages/airflow/example_dags/example_branch_operator.py
[2022-01-03 13:38:07,159] {processor.py:637} INFO - DAG(s) dict_keys(['example_branch_operator']) retrieved from /home/airflow/.local/lib/python3.7/site-packages/airflow/example_dags/example_branch_operator.py
[2022-01-03 13:38:09,308] {logging_mixin.py:109} INFO - [2022-01-03 13:38:09,308] {providers_manager.py:156} WARNING - Exception when importing 'airflow.providers.google.leveldb.hooks.leveldb.LevelDBHook' from 'apache-airflow-providers-google' package: No module named 'plyvel'
[2022-01-03 13:38:10,070] {logging_mixin.py:109} INFO - [2022-01-03 13:38:10,070] {providers_manager.py:156} WARNING - Exception when importing 'airflow.providers.google.leveldb.hooks.leveldb.LevelDBHook' from 'apache-airflow-providers-google' package: No module named 'plyvel'
[2022-01-03 13:38:10,116] {logging_mixin.py:109} INFO - [2022-01-03 13:38:10,116] {manager.py:496} INFO - Created Permission View: can edit on DAG:example_branch_operator
[2022-01-03 13:38:10,134] {logging_mixin.py:109} INFO - [2022-01-03 13:38:10,133] {manager.py:496} INFO - Created Permission View: can read on DAG:example_branch_operator
[2022-01-03 13:38:10,134] {logging_mixin.py:109} INFO - [2022-01-03 13:38:10,134] {dag.py:2396} INFO - Sync 1 DAGs
[2022-01-03 13:38:10,153] {logging_mixin.py:109} INFO - [2022-01-03 13:38:10,152] {dag.py:2415} INFO - Creating ORM DAG for example_branch_operator
[2022-01-03 13:38:10,169] {logging_mixin.py:109} INFO - [2022-01-03 13:38:10,169] {dag.py:2928} INFO - Setting next_dagrun for example_branch_operator to 2022-01-02 00:00:00+00:00
[2022-01-03 13:38:10,191] {processor.py:171} INFO - Processing /home/airflow/.local/lib/python3.7/site-packages/airflow/example_dags/example_branch_operator.py took 3.073 seconds
[2022-01-03 13:38:40,360] {processor.py:163} INFO - Started process (PID=269) to work on /home/airflow/.local/lib/python3.7/site-packages/airflow/example_dags/example_branch_operator.py
[2022-01-03 13:38:40,362] {processor.py:625} INFO - Processing file /home/airflow/.local/lib/python3.7/site-packages/airflow/example_dags/example_branch_operator.py for tasks to queue
[2022-01-03 13:38:40,363] {logging_mixin.py:109} INFO - [2022-01-03 13:38:40,363] {dagbag.py:500} INFO - Filling up the DagBag from /home/airflow/.local/lib/python3.7/site-packages/airflow/example_dags/example_branch_operator.py
[2022-01-03 13:38:40,407] {processor.py:637} INFO - DAG(s) dict_keys(['example_branch_operator']) retrieved from /home/airflow/.local/lib/python3.7/site-packages/airflow/example_dags/example_branch_operator.py
[2022-01-03 13:38:40,424] {logging_mixin.py:109} INFO - [2022-01-03 13:38:40,423] {dag.py:2396} INFO - Sync 1 DAGs
[2022-01-03 13:38:40,448] {logging_mixin.py:109} INFO - [2022-01-03 13:38:40,448] {dag.py:2928} INFO - Setting next_dagrun for example_branch_operator to 2022-01-02 00:00:00+00:00
[2022-01-03 13:38:40,459] {processor.py:171} INFO - Processing /home/airflow/.local/lib/python3.7/site-packages/airflow/example_dags/example_branch_operator.py took 0.103 seconds
[2022-01-03 13:39:10,804] {processor.py:163} INFO - Started process (PID=319) to work on /home/airflow/.local/lib/python3.7/site-packages/airflow/example_dags/example_branch_operator.py
[2022-01-03 13:39:10,812] {processor.py:625} INFO - Processing file /home/airflow/.local/lib/python3.7/site-packages/airflow/example_dags/example_branch_operator.py for tasks to queue
[2022-01-03 13:39:10,814] {logging_mixin.py:109} INFO - [2022-01-03 13:39:10,813] {dagbag.py:500} INFO - Filling up the DagBag from /home/airflow/.local/lib/python3.7/site-packages/airflow/example_dags/example_branch_operator.py
[2022-01-03 13:39:10,858] {processor.py:637} INFO - DAG(s) dict_keys(['example_branch_operator']) retrieved from /home/airflow/.local/lib/python3.7/site-packages/airflow/example_dags/example_branch_operator.py
[2022-01-03 13:39:10,872] {logging_mixin.py:109} INFO - [2022-01-03 13:39:10,872] {dag.py:2396} INFO - Sync 1 DAGs
[2022-01-03 13:39:10,892] {logging_mixin.py:109} INFO - [2022-01-03 13:39:10,892] {dag.py:2928} INFO - Setting next_dagrun for example_branch_operator to 2022-01-02 00:00:00+00:00
[2022-01-03 13:39:10,903] {processor.py:171} INFO - Processing /home/airflow/.local/lib/python3.7/site-packages/airflow/example_dags/example_branch_operator.py took 0.111 seconds
[2022-01-03 13:43:01,662] {processor.py:163} INFO - Started process (PID=157) to work on /home/airflow/.local/lib/python3.7/site-packages/airflow/example_dags/example_branch_operator.py
[2022-01-03 13:43:01,667] {processor.py:625} INFO - Processing file /home/airflow/.local/lib/python3.7/site-packages/airflow/example_dags/example_branch_operator.py for tasks to queue
[2022-01-03 13:43:01,668] {logging_mixin.py:109} INFO - [2022-01-03 13:43:01,667] {dagbag.py:500} INFO - Filling up the DagBag from /home/airflow/.local/lib/python3.7/site-packages/airflow/example_dags/example_branch_operator.py
[2022-01-03 13:43:01,712] {processor.py:637} INFO - DAG(s) dict_keys(['example_branch_operator']) retrieved from /home/airflow/.local/lib/python3.7/site-packages/airflow/example_dags/example_branch_operator.py
[2022-01-03 13:43:03,863] {logging_mixin.py:109} INFO - [2022-01-03 13:43:03,863] {providers_manager.py:156} WARNING - Exception when importing 'airflow.providers.google.leveldb.hooks.leveldb.LevelDBHook' from 'apache-airflow-providers-google' package: No module named 'plyvel'
[2022-01-03 13:43:04,598] {logging_mixin.py:109} INFO - [2022-01-03 13:43:04,598] {providers_manager.py:156} WARNING - Exception when importing 'airflow.providers.google.leveldb.hooks.leveldb.LevelDBHook' from 'apache-airflow-providers-google' package: No module named 'plyvel'
[2022-01-03 13:43:04,675] {logging_mixin.py:109} INFO - [2022-01-03 13:43:04,675] {manager.py:496} INFO - Created Permission View: can read on DAG:example_branch_operator
[2022-01-03 13:43:04,712] {logging_mixin.py:109} INFO - [2022-01-03 13:43:04,712] {manager.py:496} INFO - Created Permission View: can edit on DAG:example_branch_operator
[2022-01-03 13:43:04,712] {logging_mixin.py:109} INFO - [2022-01-03 13:43:04,712] {dag.py:2396} INFO - Sync 1 DAGs
[2022-01-03 13:43:04,732] {logging_mixin.py:109} INFO - [2022-01-03 13:43:04,732] {dag.py:2415} INFO - Creating ORM DAG for example_branch_operator
[2022-01-03 13:43:04,754] {logging_mixin.py:109} INFO - [2022-01-03 13:43:04,754] {dag.py:2928} INFO - Setting next_dagrun for example_branch_operator to 2022-01-02 00:00:00+00:00
[2022-01-03 13:43:04,790] {processor.py:171} INFO - Processing /home/airflow/.local/lib/python3.7/site-packages/airflow/example_dags/example_branch_operator.py took 3.132 seconds
[2022-01-03 13:43:34,879] {processor.py:163} INFO - Started process (PID=267) to work on /home/airflow/.local/lib/python3.7/site-packages/airflow/example_dags/example_branch_operator.py
[2022-01-03 13:43:34,885] {processor.py:625} INFO - Processing file /home/airflow/.local/lib/python3.7/site-packages/airflow/example_dags/example_branch_operator.py for tasks to queue
[2022-01-03 13:43:34,886] {logging_mixin.py:109} INFO - [2022-01-03 13:43:34,886] {dagbag.py:500} INFO - Filling up the DagBag from /home/airflow/.local/lib/python3.7/site-packages/airflow/example_dags/example_branch_operator.py
[2022-01-03 13:43:34,923] {processor.py:637} INFO - DAG(s) dict_keys(['example_branch_operator']) retrieved from /home/airflow/.local/lib/python3.7/site-packages/airflow/example_dags/example_branch_operator.py
[2022-01-03 13:43:34,938] {logging_mixin.py:109} INFO - [2022-01-03 13:43:34,938] {dag.py:2396} INFO - Sync 1 DAGs
[2022-01-03 13:43:34,958] {logging_mixin.py:109} INFO - [2022-01-03 13:43:34,958] {dag.py:2928} INFO - Setting next_dagrun for example_branch_operator to 2022-01-02 00:00:00+00:00
[2022-01-03 13:43:34,968] {processor.py:171} INFO - Processing /home/airflow/.local/lib/python3.7/site-packages/airflow/example_dags/example_branch_operator.py took 0.093 seconds
[2022-01-03 13:44:05,150] {processor.py:163} INFO - Started process (PID=318) to work on /home/airflow/.local/lib/python3.7/site-packages/airflow/example_dags/example_branch_operator.py
[2022-01-03 13:44:05,152] {processor.py:625} INFO - Processing file /home/airflow/.local/lib/python3.7/site-packages/airflow/example_dags/example_branch_operator.py for tasks to queue
[2022-01-03 13:44:05,153] {logging_mixin.py:109} INFO - [2022-01-03 13:44:05,153] {dagbag.py:500} INFO - Filling up the DagBag from /home/airflow/.local/lib/python3.7/site-packages/airflow/example_dags/example_branch_operator.py
[2022-01-03 13:44:05,186] {processor.py:637} INFO - DAG(s) dict_keys(['example_branch_operator']) retrieved from /home/airflow/.local/lib/python3.7/site-packages/airflow/example_dags/example_branch_operator.py
[2022-01-03 13:44:05,197] {logging_mixin.py:109} INFO - [2022-01-03 13:44:05,197] {dag.py:2396} INFO - Sync 1 DAGs
[2022-01-03 13:44:05,215] {logging_mixin.py:109} INFO - [2022-01-03 13:44:05,215] {dag.py:2928} INFO - Setting next_dagrun for example_branch_operator to 2022-01-02 00:00:00+00:00
[2022-01-03 13:44:05,225] {processor.py:171} INFO - Processing /home/airflow/.local/lib/python3.7/site-packages/airflow/example_dags/example_branch_operator.py took 0.083 seconds
[2022-01-03 13:44:35,743] {processor.py:163} INFO - Started process (PID=368) to work on /home/airflow/.local/lib/python3.7/site-packages/airflow/example_dags/example_branch_operator.py
[2022-01-03 13:44:35,744] {processor.py:625} INFO - Processing file /home/airflow/.local/lib/python3.7/site-packages/airflow/example_dags/example_branch_operator.py for tasks to queue
[2022-01-03 13:44:35,744] {logging_mixin.py:109} INFO - [2022-01-03 13:44:35,744] {dagbag.py:500} INFO - Filling up the DagBag from /home/airflow/.local/lib/python3.7/site-packages/airflow/example_dags/example_branch_operator.py
[2022-01-03 13:44:35,772] {processor.py:637} INFO - DAG(s) dict_keys(['example_branch_operator']) retrieved from /home/airflow/.local/lib/python3.7/site-packages/airflow/example_dags/example_branch_operator.py
[2022-01-03 13:44:35,785] {logging_mixin.py:109} INFO - [2022-01-03 13:44:35,785] {dag.py:2396} INFO - Sync 1 DAGs
[2022-01-03 13:44:35,803] {logging_mixin.py:109} INFO - [2022-01-03 13:44:35,803] {dag.py:2928} INFO - Setting next_dagrun for example_branch_operator to 2022-01-02 00:00:00+00:00
[2022-01-03 13:44:35,813] {processor.py:171} INFO - Processing /home/airflow/.local/lib/python3.7/site-packages/airflow/example_dags/example_branch_operator.py took 0.073 seconds
[2022-01-03 13:45:06,264] {processor.py:163} INFO - Started process (PID=427) to work on /home/airflow/.local/lib/python3.7/site-packages/airflow/example_dags/example_branch_operator.py
[2022-01-03 13:45:06,266] {processor.py:625} INFO - Processing file /home/airflow/.local/lib/python3.7/site-packages/airflow/example_dags/example_branch_operator.py for tasks to queue
[2022-01-03 13:45:06,267] {logging_mixin.py:109} INFO - [2022-01-03 13:45:06,266] {dagbag.py:500} INFO - Filling up the DagBag from /home/airflow/.local/lib/python3.7/site-packages/airflow/example_dags/example_branch_operator.py
[2022-01-03 13:45:06,305] {processor.py:637} INFO - DAG(s) dict_keys(['example_branch_operator']) retrieved from /home/airflow/.local/lib/python3.7/site-packages/airflow/example_dags/example_branch_operator.py
[2022-01-03 13:45:06,322] {logging_mixin.py:109} INFO - [2022-01-03 13:45:06,322] {dag.py:2396} INFO - Sync 1 DAGs
[2022-01-03 13:45:06,348] {logging_mixin.py:109} INFO - [2022-01-03 13:45:06,348] {dag.py:2928} INFO - Setting next_dagrun for example_branch_operator to 2022-01-02 00:00:00+00:00
[2022-01-03 13:45:06,359] {processor.py:171} INFO - Processing /home/airflow/.local/lib/python3.7/site-packages/airflow/example_dags/example_branch_operator.py took 0.100 seconds
[2022-01-03 13:45:36,804] {processor.py:163} INFO - Started process (PID=479) to work on /home/airflow/.local/lib/python3.7/site-packages/airflow/example_dags/example_branch_operator.py
[2022-01-03 13:45:36,806] {processor.py:625} INFO - Processing file /home/airflow/.local/lib/python3.7/site-packages/airflow/example_dags/example_branch_operator.py for tasks to queue
[2022-01-03 13:45:36,806] {logging_mixin.py:109} INFO - [2022-01-03 13:45:36,806] {dagbag.py:500} INFO - Filling up the DagBag from /home/airflow/.local/lib/python3.7/site-packages/airflow/example_dags/example_branch_operator.py
[2022-01-03 13:45:36,837] {processor.py:637} INFO - DAG(s) dict_keys(['example_branch_operator']) retrieved from /home/airflow/.local/lib/python3.7/site-packages/airflow/example_dags/example_branch_operator.py
[2022-01-03 13:45:36,852] {logging_mixin.py:109} INFO - [2022-01-03 13:45:36,852] {dag.py:2396} INFO - Sync 1 DAGs
[2022-01-03 13:45:36,875] {logging_mixin.py:109} INFO - [2022-01-03 13:45:36,874] {dag.py:2928} INFO - Setting next_dagrun for example_branch_operator to 2022-01-02 00:00:00+00:00
[2022-01-03 13:45:36,888] {processor.py:171} INFO - Processing /home/airflow/.local/lib/python3.7/site-packages/airflow/example_dags/example_branch_operator.py took 0.086 seconds
[2022-01-03 13:46:07,375] {processor.py:163} INFO - Started process (PID=533) to work on /home/airflow/.local/lib/python3.7/site-packages/airflow/example_dags/example_branch_operator.py
[2022-01-03 13:46:07,382] {processor.py:625} INFO - Processing file /home/airflow/.local/lib/python3.7/site-packages/airflow/example_dags/example_branch_operator.py for tasks to queue
[2022-01-03 13:46:07,384] {logging_mixin.py:109} INFO - [2022-01-03 13:46:07,384] {dagbag.py:500} INFO - Filling up the DagBag from /home/airflow/.local/lib/python3.7/site-packages/airflow/example_dags/example_branch_operator.py
[2022-01-03 13:46:07,424] {processor.py:637} INFO - DAG(s) dict_keys(['example_branch_operator']) retrieved from /home/airflow/.local/lib/python3.7/site-packages/airflow/example_dags/example_branch_operator.py
[2022-01-03 13:46:07,436] {logging_mixin.py:109} INFO - [2022-01-03 13:46:07,436] {dag.py:2396} INFO - Sync 1 DAGs
[2022-01-03 13:46:07,455] {logging_mixin.py:109} INFO - [2022-01-03 13:46:07,454] {dag.py:2928} INFO - Setting next_dagrun for example_branch_operator to 2022-01-02 00:00:00+00:00
[2022-01-03 13:46:07,464] {processor.py:171} INFO - Processing /home/airflow/.local/lib/python3.7/site-packages/airflow/example_dags/example_branch_operator.py took 0.098 seconds
