[2022-01-03 12:27:45,954] {processor.py:163} INFO - Started process (PID=86) to work on /home/airflow/.local/lib/python3.7/site-packages/airflow/example_dags/example_kubernetes_executor.py
[2022-01-03 12:27:45,955] {processor.py:625} INFO - Processing file /home/airflow/.local/lib/python3.7/site-packages/airflow/example_dags/example_kubernetes_executor.py for tasks to queue
[2022-01-03 12:27:45,956] {logging_mixin.py:109} INFO - [2022-01-03 12:27:45,956] {dagbag.py:500} INFO - Filling up the DagBag from /home/airflow/.local/lib/python3.7/site-packages/airflow/example_dags/example_kubernetes_executor.py
[2022-01-03 12:27:46,066] {processor.py:637} INFO - DAG(s) dict_keys(['example_kubernetes_executor']) retrieved from /home/airflow/.local/lib/python3.7/site-packages/airflow/example_dags/example_kubernetes_executor.py
[2022-01-03 12:27:57,200] {logging_mixin.py:109} INFO - [2022-01-03 12:27:57,200] {providers_manager.py:156} WARNING - Exception when importing 'airflow.providers.google.leveldb.hooks.leveldb.LevelDBHook' from 'apache-airflow-providers-google' package: No module named 'plyvel'
[2022-01-03 12:27:58,410] {logging_mixin.py:109} INFO - [2022-01-03 12:27:58,410] {providers_manager.py:156} WARNING - Exception when importing 'airflow.providers.google.leveldb.hooks.leveldb.LevelDBHook' from 'apache-airflow-providers-google' package: No module named 'plyvel'
[2022-01-03 12:27:58,469] {logging_mixin.py:109} INFO - [2022-01-03 12:27:58,469] {manager.py:496} INFO - Created Permission View: can read on DAG:example_kubernetes_executor
[2022-01-03 12:27:58,493] {logging_mixin.py:109} INFO - [2022-01-03 12:27:58,492] {manager.py:496} INFO - Created Permission View: can edit on DAG:example_kubernetes_executor
[2022-01-03 12:27:58,493] {logging_mixin.py:109} INFO - [2022-01-03 12:27:58,493] {dag.py:2396} INFO - Sync 1 DAGs
[2022-01-03 12:27:58,528] {logging_mixin.py:109} INFO - [2022-01-03 12:27:58,527] {dag.py:2415} INFO - Creating ORM DAG for example_kubernetes_executor
[2022-01-03 12:27:58,545] {logging_mixin.py:109} INFO - [2022-01-03 12:27:58,545] {dag.py:2928} INFO - Setting next_dagrun for example_kubernetes_executor to None
[2022-01-03 12:27:58,598] {processor.py:171} INFO - Processing /home/airflow/.local/lib/python3.7/site-packages/airflow/example_dags/example_kubernetes_executor.py took 12.676 seconds
[2022-01-03 12:28:59,198] {processor.py:163} INFO - Started process (PID=268) to work on /home/airflow/.local/lib/python3.7/site-packages/airflow/example_dags/example_kubernetes_executor.py
[2022-01-03 12:28:59,202] {processor.py:625} INFO - Processing file /home/airflow/.local/lib/python3.7/site-packages/airflow/example_dags/example_kubernetes_executor.py for tasks to queue
[2022-01-03 12:28:59,203] {logging_mixin.py:109} INFO - [2022-01-03 12:28:59,203] {dagbag.py:500} INFO - Filling up the DagBag from /home/airflow/.local/lib/python3.7/site-packages/airflow/example_dags/example_kubernetes_executor.py
[2022-01-03 12:28:59,246] {processor.py:637} INFO - DAG(s) dict_keys(['example_kubernetes_executor']) retrieved from /home/airflow/.local/lib/python3.7/site-packages/airflow/example_dags/example_kubernetes_executor.py
[2022-01-03 12:28:59,262] {logging_mixin.py:109} INFO - [2022-01-03 12:28:59,262] {dag.py:2396} INFO - Sync 1 DAGs
[2022-01-03 12:28:59,301] {logging_mixin.py:109} INFO - [2022-01-03 12:28:59,300] {dag.py:2928} INFO - Setting next_dagrun for example_kubernetes_executor to None
[2022-01-03 12:28:59,325] {processor.py:171} INFO - Processing /home/airflow/.local/lib/python3.7/site-packages/airflow/example_dags/example_kubernetes_executor.py took 0.137 seconds
[2022-01-03 12:29:29,656] {processor.py:163} INFO - Started process (PID=318) to work on /home/airflow/.local/lib/python3.7/site-packages/airflow/example_dags/example_kubernetes_executor.py
[2022-01-03 12:29:29,657] {processor.py:625} INFO - Processing file /home/airflow/.local/lib/python3.7/site-packages/airflow/example_dags/example_kubernetes_executor.py for tasks to queue
[2022-01-03 12:29:29,664] {logging_mixin.py:109} INFO - [2022-01-03 12:29:29,664] {dagbag.py:500} INFO - Filling up the DagBag from /home/airflow/.local/lib/python3.7/site-packages/airflow/example_dags/example_kubernetes_executor.py
[2022-01-03 12:29:29,719] {processor.py:637} INFO - DAG(s) dict_keys(['example_kubernetes_executor']) retrieved from /home/airflow/.local/lib/python3.7/site-packages/airflow/example_dags/example_kubernetes_executor.py
[2022-01-03 12:29:29,735] {logging_mixin.py:109} INFO - [2022-01-03 12:29:29,735] {dag.py:2396} INFO - Sync 1 DAGs
[2022-01-03 12:29:29,765] {logging_mixin.py:109} INFO - [2022-01-03 12:29:29,764] {dag.py:2928} INFO - Setting next_dagrun for example_kubernetes_executor to None
[2022-01-03 12:29:29,781] {processor.py:171} INFO - Processing /home/airflow/.local/lib/python3.7/site-packages/airflow/example_dags/example_kubernetes_executor.py took 0.128 seconds
[2022-01-03 12:30:00,473] {processor.py:163} INFO - Started process (PID=370) to work on /home/airflow/.local/lib/python3.7/site-packages/airflow/example_dags/example_kubernetes_executor.py
[2022-01-03 12:30:00,474] {processor.py:625} INFO - Processing file /home/airflow/.local/lib/python3.7/site-packages/airflow/example_dags/example_kubernetes_executor.py for tasks to queue
[2022-01-03 12:30:00,475] {logging_mixin.py:109} INFO - [2022-01-03 12:30:00,475] {dagbag.py:500} INFO - Filling up the DagBag from /home/airflow/.local/lib/python3.7/site-packages/airflow/example_dags/example_kubernetes_executor.py
[2022-01-03 12:30:00,525] {processor.py:637} INFO - DAG(s) dict_keys(['example_kubernetes_executor']) retrieved from /home/airflow/.local/lib/python3.7/site-packages/airflow/example_dags/example_kubernetes_executor.py
[2022-01-03 12:30:00,542] {logging_mixin.py:109} INFO - [2022-01-03 12:30:00,542] {dag.py:2396} INFO - Sync 1 DAGs
[2022-01-03 12:30:00,568] {logging_mixin.py:109} INFO - [2022-01-03 12:30:00,568] {dag.py:2928} INFO - Setting next_dagrun for example_kubernetes_executor to None
[2022-01-03 12:30:00,585] {processor.py:171} INFO - Processing /home/airflow/.local/lib/python3.7/site-packages/airflow/example_dags/example_kubernetes_executor.py took 0.117 seconds
[2022-01-03 12:30:31,167] {processor.py:163} INFO - Started process (PID=423) to work on /home/airflow/.local/lib/python3.7/site-packages/airflow/example_dags/example_kubernetes_executor.py
[2022-01-03 12:30:31,175] {processor.py:625} INFO - Processing file /home/airflow/.local/lib/python3.7/site-packages/airflow/example_dags/example_kubernetes_executor.py for tasks to queue
[2022-01-03 12:30:31,176] {logging_mixin.py:109} INFO - [2022-01-03 12:30:31,176] {dagbag.py:500} INFO - Filling up the DagBag from /home/airflow/.local/lib/python3.7/site-packages/airflow/example_dags/example_kubernetes_executor.py
[2022-01-03 12:30:31,261] {processor.py:637} INFO - DAG(s) dict_keys(['example_kubernetes_executor']) retrieved from /home/airflow/.local/lib/python3.7/site-packages/airflow/example_dags/example_kubernetes_executor.py
[2022-01-03 12:30:31,289] {logging_mixin.py:109} INFO - [2022-01-03 12:30:31,289] {dag.py:2396} INFO - Sync 1 DAGs
[2022-01-03 12:30:31,343] {logging_mixin.py:109} INFO - [2022-01-03 12:30:31,343] {dag.py:2928} INFO - Setting next_dagrun for example_kubernetes_executor to None
[2022-01-03 12:30:31,359] {processor.py:171} INFO - Processing /home/airflow/.local/lib/python3.7/site-packages/airflow/example_dags/example_kubernetes_executor.py took 0.197 seconds
[2022-01-03 12:31:02,013] {processor.py:163} INFO - Started process (PID=474) to work on /home/airflow/.local/lib/python3.7/site-packages/airflow/example_dags/example_kubernetes_executor.py
[2022-01-03 12:31:02,019] {processor.py:625} INFO - Processing file /home/airflow/.local/lib/python3.7/site-packages/airflow/example_dags/example_kubernetes_executor.py for tasks to queue
[2022-01-03 12:31:02,020] {logging_mixin.py:109} INFO - [2022-01-03 12:31:02,020] {dagbag.py:500} INFO - Filling up the DagBag from /home/airflow/.local/lib/python3.7/site-packages/airflow/example_dags/example_kubernetes_executor.py
[2022-01-03 12:31:02,342] {processor.py:637} INFO - DAG(s) dict_keys(['example_kubernetes_executor']) retrieved from /home/airflow/.local/lib/python3.7/site-packages/airflow/example_dags/example_kubernetes_executor.py
[2022-01-03 12:31:02,391] {logging_mixin.py:109} INFO - [2022-01-03 12:31:02,391] {dag.py:2396} INFO - Sync 1 DAGs
[2022-01-03 12:31:02,519] {logging_mixin.py:109} INFO - [2022-01-03 12:31:02,519] {dag.py:2928} INFO - Setting next_dagrun for example_kubernetes_executor to None
[2022-01-03 12:31:02,570] {processor.py:171} INFO - Processing /home/airflow/.local/lib/python3.7/site-packages/airflow/example_dags/example_kubernetes_executor.py took 0.564 seconds
[2022-01-03 12:31:33,511] {processor.py:163} INFO - Started process (PID=525) to work on /home/airflow/.local/lib/python3.7/site-packages/airflow/example_dags/example_kubernetes_executor.py
[2022-01-03 12:31:33,512] {processor.py:625} INFO - Processing file /home/airflow/.local/lib/python3.7/site-packages/airflow/example_dags/example_kubernetes_executor.py for tasks to queue
[2022-01-03 12:31:33,513] {logging_mixin.py:109} INFO - [2022-01-03 12:31:33,513] {dagbag.py:500} INFO - Filling up the DagBag from /home/airflow/.local/lib/python3.7/site-packages/airflow/example_dags/example_kubernetes_executor.py
[2022-01-03 12:31:33,636] {processor.py:637} INFO - DAG(s) dict_keys(['example_kubernetes_executor']) retrieved from /home/airflow/.local/lib/python3.7/site-packages/airflow/example_dags/example_kubernetes_executor.py
[2022-01-03 12:31:33,673] {logging_mixin.py:109} INFO - [2022-01-03 12:31:33,673] {dag.py:2396} INFO - Sync 1 DAGs
[2022-01-03 12:31:33,712] {logging_mixin.py:109} INFO - [2022-01-03 12:31:33,712] {dag.py:2928} INFO - Setting next_dagrun for example_kubernetes_executor to None
[2022-01-03 12:31:33,752] {processor.py:171} INFO - Processing /home/airflow/.local/lib/python3.7/site-packages/airflow/example_dags/example_kubernetes_executor.py took 0.256 seconds
[2022-01-03 12:32:03,900] {processor.py:163} INFO - Started process (PID=574) to work on /home/airflow/.local/lib/python3.7/site-packages/airflow/example_dags/example_kubernetes_executor.py
[2022-01-03 12:32:03,911] {processor.py:625} INFO - Processing file /home/airflow/.local/lib/python3.7/site-packages/airflow/example_dags/example_kubernetes_executor.py for tasks to queue
[2022-01-03 12:32:03,912] {logging_mixin.py:109} INFO - [2022-01-03 12:32:03,912] {dagbag.py:500} INFO - Filling up the DagBag from /home/airflow/.local/lib/python3.7/site-packages/airflow/example_dags/example_kubernetes_executor.py
[2022-01-03 12:32:04,002] {processor.py:637} INFO - DAG(s) dict_keys(['example_kubernetes_executor']) retrieved from /home/airflow/.local/lib/python3.7/site-packages/airflow/example_dags/example_kubernetes_executor.py
[2022-01-03 12:32:04,022] {logging_mixin.py:109} INFO - [2022-01-03 12:32:04,022] {dag.py:2396} INFO - Sync 1 DAGs
[2022-01-03 12:32:04,051] {logging_mixin.py:109} INFO - [2022-01-03 12:32:04,051] {dag.py:2928} INFO - Setting next_dagrun for example_kubernetes_executor to None
[2022-01-03 12:32:04,091] {processor.py:171} INFO - Processing /home/airflow/.local/lib/python3.7/site-packages/airflow/example_dags/example_kubernetes_executor.py took 0.201 seconds
[2022-01-03 13:13:42,485] {processor.py:163} INFO - Started process (PID=53) to work on /home/airflow/.local/lib/python3.7/site-packages/airflow/example_dags/example_kubernetes_executor.py
[2022-01-03 13:13:42,500] {processor.py:625} INFO - Processing file /home/airflow/.local/lib/python3.7/site-packages/airflow/example_dags/example_kubernetes_executor.py for tasks to queue
[2022-01-03 13:13:42,501] {logging_mixin.py:109} INFO - [2022-01-03 13:13:42,501] {dagbag.py:500} INFO - Filling up the DagBag from /home/airflow/.local/lib/python3.7/site-packages/airflow/example_dags/example_kubernetes_executor.py
[2022-01-03 13:13:42,615] {processor.py:637} INFO - DAG(s) dict_keys(['example_kubernetes_executor']) retrieved from /home/airflow/.local/lib/python3.7/site-packages/airflow/example_dags/example_kubernetes_executor.py
[2022-01-03 13:13:42,674] {logging_mixin.py:109} INFO - [2022-01-03 13:13:42,674] {dag.py:2396} INFO - Sync 1 DAGs
[2022-01-03 13:13:42,741] {logging_mixin.py:109} INFO - [2022-01-03 13:13:42,741] {dag.py:2928} INFO - Setting next_dagrun for example_kubernetes_executor to None
[2022-01-03 13:13:42,795] {processor.py:171} INFO - Processing /home/airflow/.local/lib/python3.7/site-packages/airflow/example_dags/example_kubernetes_executor.py took 0.313 seconds
[2022-01-03 13:14:12,873] {processor.py:163} INFO - Started process (PID=100) to work on /home/airflow/.local/lib/python3.7/site-packages/airflow/example_dags/example_kubernetes_executor.py
[2022-01-03 13:14:12,875] {processor.py:625} INFO - Processing file /home/airflow/.local/lib/python3.7/site-packages/airflow/example_dags/example_kubernetes_executor.py for tasks to queue
[2022-01-03 13:14:12,879] {logging_mixin.py:109} INFO - [2022-01-03 13:14:12,875] {dagbag.py:500} INFO - Filling up the DagBag from /home/airflow/.local/lib/python3.7/site-packages/airflow/example_dags/example_kubernetes_executor.py
[2022-01-03 13:14:12,962] {processor.py:637} INFO - DAG(s) dict_keys(['example_kubernetes_executor']) retrieved from /home/airflow/.local/lib/python3.7/site-packages/airflow/example_dags/example_kubernetes_executor.py
[2022-01-03 13:14:12,976] {logging_mixin.py:109} INFO - [2022-01-03 13:14:12,976] {dag.py:2396} INFO - Sync 1 DAGs
[2022-01-03 13:14:13,001] {logging_mixin.py:109} INFO - [2022-01-03 13:14:13,001] {dag.py:2928} INFO - Setting next_dagrun for example_kubernetes_executor to None
[2022-01-03 13:14:13,017] {processor.py:171} INFO - Processing /home/airflow/.local/lib/python3.7/site-packages/airflow/example_dags/example_kubernetes_executor.py took 0.147 seconds
[2022-01-03 13:14:43,408] {processor.py:163} INFO - Started process (PID=165) to work on /home/airflow/.local/lib/python3.7/site-packages/airflow/example_dags/example_kubernetes_executor.py
[2022-01-03 13:14:43,409] {processor.py:625} INFO - Processing file /home/airflow/.local/lib/python3.7/site-packages/airflow/example_dags/example_kubernetes_executor.py for tasks to queue
[2022-01-03 13:14:43,409] {logging_mixin.py:109} INFO - [2022-01-03 13:14:43,409] {dagbag.py:500} INFO - Filling up the DagBag from /home/airflow/.local/lib/python3.7/site-packages/airflow/example_dags/example_kubernetes_executor.py
[2022-01-03 13:14:43,438] {processor.py:637} INFO - DAG(s) dict_keys(['example_kubernetes_executor']) retrieved from /home/airflow/.local/lib/python3.7/site-packages/airflow/example_dags/example_kubernetes_executor.py
[2022-01-03 13:14:43,449] {logging_mixin.py:109} INFO - [2022-01-03 13:14:43,449] {dag.py:2396} INFO - Sync 1 DAGs
[2022-01-03 13:14:43,468] {logging_mixin.py:109} INFO - [2022-01-03 13:14:43,468] {dag.py:2928} INFO - Setting next_dagrun for example_kubernetes_executor to None
[2022-01-03 13:14:43,479] {processor.py:171} INFO - Processing /home/airflow/.local/lib/python3.7/site-packages/airflow/example_dags/example_kubernetes_executor.py took 0.074 seconds
[2022-01-03 13:15:13,615] {processor.py:163} INFO - Started process (PID=217) to work on /home/airflow/.local/lib/python3.7/site-packages/airflow/example_dags/example_kubernetes_executor.py
[2022-01-03 13:15:13,616] {processor.py:625} INFO - Processing file /home/airflow/.local/lib/python3.7/site-packages/airflow/example_dags/example_kubernetes_executor.py for tasks to queue
[2022-01-03 13:15:13,617] {logging_mixin.py:109} INFO - [2022-01-03 13:15:13,617] {dagbag.py:500} INFO - Filling up the DagBag from /home/airflow/.local/lib/python3.7/site-packages/airflow/example_dags/example_kubernetes_executor.py
[2022-01-03 13:15:13,650] {processor.py:637} INFO - DAG(s) dict_keys(['example_kubernetes_executor']) retrieved from /home/airflow/.local/lib/python3.7/site-packages/airflow/example_dags/example_kubernetes_executor.py
[2022-01-03 13:15:13,666] {logging_mixin.py:109} INFO - [2022-01-03 13:15:13,665] {dag.py:2396} INFO - Sync 1 DAGs
[2022-01-03 13:15:13,685] {logging_mixin.py:109} INFO - [2022-01-03 13:15:13,685] {dag.py:2928} INFO - Setting next_dagrun for example_kubernetes_executor to None
[2022-01-03 13:15:13,698] {processor.py:171} INFO - Processing /home/airflow/.local/lib/python3.7/site-packages/airflow/example_dags/example_kubernetes_executor.py took 0.087 seconds
[2022-01-03 13:15:44,681] {processor.py:163} INFO - Started process (PID=273) to work on /home/airflow/.local/lib/python3.7/site-packages/airflow/example_dags/example_kubernetes_executor.py
[2022-01-03 13:15:44,683] {processor.py:625} INFO - Processing file /home/airflow/.local/lib/python3.7/site-packages/airflow/example_dags/example_kubernetes_executor.py for tasks to queue
[2022-01-03 13:15:44,684] {logging_mixin.py:109} INFO - [2022-01-03 13:15:44,684] {dagbag.py:500} INFO - Filling up the DagBag from /home/airflow/.local/lib/python3.7/site-packages/airflow/example_dags/example_kubernetes_executor.py
[2022-01-03 13:15:44,724] {processor.py:637} INFO - DAG(s) dict_keys(['example_kubernetes_executor']) retrieved from /home/airflow/.local/lib/python3.7/site-packages/airflow/example_dags/example_kubernetes_executor.py
[2022-01-03 13:15:44,743] {logging_mixin.py:109} INFO - [2022-01-03 13:15:44,743] {dag.py:2396} INFO - Sync 1 DAGs
[2022-01-03 13:15:44,768] {logging_mixin.py:109} INFO - [2022-01-03 13:15:44,768] {dag.py:2928} INFO - Setting next_dagrun for example_kubernetes_executor to None
[2022-01-03 13:15:44,791] {processor.py:171} INFO - Processing /home/airflow/.local/lib/python3.7/site-packages/airflow/example_dags/example_kubernetes_executor.py took 0.113 seconds
[2022-01-03 13:16:15,290] {processor.py:163} INFO - Started process (PID=327) to work on /home/airflow/.local/lib/python3.7/site-packages/airflow/example_dags/example_kubernetes_executor.py
[2022-01-03 13:16:15,292] {processor.py:625} INFO - Processing file /home/airflow/.local/lib/python3.7/site-packages/airflow/example_dags/example_kubernetes_executor.py for tasks to queue
[2022-01-03 13:16:15,293] {logging_mixin.py:109} INFO - [2022-01-03 13:16:15,292] {dagbag.py:500} INFO - Filling up the DagBag from /home/airflow/.local/lib/python3.7/site-packages/airflow/example_dags/example_kubernetes_executor.py
[2022-01-03 13:16:15,345] {processor.py:637} INFO - DAG(s) dict_keys(['example_kubernetes_executor']) retrieved from /home/airflow/.local/lib/python3.7/site-packages/airflow/example_dags/example_kubernetes_executor.py
[2022-01-03 13:16:15,362] {logging_mixin.py:109} INFO - [2022-01-03 13:16:15,362] {dag.py:2396} INFO - Sync 1 DAGs
[2022-01-03 13:16:15,387] {logging_mixin.py:109} INFO - [2022-01-03 13:16:15,387] {dag.py:2928} INFO - Setting next_dagrun for example_kubernetes_executor to None
[2022-01-03 13:16:15,401] {processor.py:171} INFO - Processing /home/airflow/.local/lib/python3.7/site-packages/airflow/example_dags/example_kubernetes_executor.py took 0.115 seconds
[2022-01-03 13:16:46,437] {processor.py:163} INFO - Started process (PID=390) to work on /home/airflow/.local/lib/python3.7/site-packages/airflow/example_dags/example_kubernetes_executor.py
[2022-01-03 13:16:46,439] {processor.py:625} INFO - Processing file /home/airflow/.local/lib/python3.7/site-packages/airflow/example_dags/example_kubernetes_executor.py for tasks to queue
[2022-01-03 13:16:46,440] {logging_mixin.py:109} INFO - [2022-01-03 13:16:46,440] {dagbag.py:500} INFO - Filling up the DagBag from /home/airflow/.local/lib/python3.7/site-packages/airflow/example_dags/example_kubernetes_executor.py
[2022-01-03 13:16:46,505] {processor.py:637} INFO - DAG(s) dict_keys(['example_kubernetes_executor']) retrieved from /home/airflow/.local/lib/python3.7/site-packages/airflow/example_dags/example_kubernetes_executor.py
[2022-01-03 13:16:46,527] {logging_mixin.py:109} INFO - [2022-01-03 13:16:46,527] {dag.py:2396} INFO - Sync 1 DAGs
[2022-01-03 13:16:46,556] {logging_mixin.py:109} INFO - [2022-01-03 13:16:46,555] {dag.py:2928} INFO - Setting next_dagrun for example_kubernetes_executor to None
[2022-01-03 13:16:46,566] {processor.py:171} INFO - Processing /home/airflow/.local/lib/python3.7/site-packages/airflow/example_dags/example_kubernetes_executor.py took 0.136 seconds
[2022-01-03 13:17:16,823] {processor.py:163} INFO - Started process (PID=441) to work on /home/airflow/.local/lib/python3.7/site-packages/airflow/example_dags/example_kubernetes_executor.py
[2022-01-03 13:17:16,824] {processor.py:625} INFO - Processing file /home/airflow/.local/lib/python3.7/site-packages/airflow/example_dags/example_kubernetes_executor.py for tasks to queue
[2022-01-03 13:17:16,825] {logging_mixin.py:109} INFO - [2022-01-03 13:17:16,825] {dagbag.py:500} INFO - Filling up the DagBag from /home/airflow/.local/lib/python3.7/site-packages/airflow/example_dags/example_kubernetes_executor.py
[2022-01-03 13:17:16,853] {processor.py:637} INFO - DAG(s) dict_keys(['example_kubernetes_executor']) retrieved from /home/airflow/.local/lib/python3.7/site-packages/airflow/example_dags/example_kubernetes_executor.py
[2022-01-03 13:17:16,865] {logging_mixin.py:109} INFO - [2022-01-03 13:17:16,865] {dag.py:2396} INFO - Sync 1 DAGs
[2022-01-03 13:17:16,883] {logging_mixin.py:109} INFO - [2022-01-03 13:17:16,883] {dag.py:2928} INFO - Setting next_dagrun for example_kubernetes_executor to None
[2022-01-03 13:17:16,894] {processor.py:171} INFO - Processing /home/airflow/.local/lib/python3.7/site-packages/airflow/example_dags/example_kubernetes_executor.py took 0.074 seconds
[2022-01-03 13:17:47,910] {processor.py:163} INFO - Started process (PID=494) to work on /home/airflow/.local/lib/python3.7/site-packages/airflow/example_dags/example_kubernetes_executor.py
[2022-01-03 13:17:47,911] {processor.py:625} INFO - Processing file /home/airflow/.local/lib/python3.7/site-packages/airflow/example_dags/example_kubernetes_executor.py for tasks to queue
[2022-01-03 13:17:47,912] {logging_mixin.py:109} INFO - [2022-01-03 13:17:47,912] {dagbag.py:500} INFO - Filling up the DagBag from /home/airflow/.local/lib/python3.7/site-packages/airflow/example_dags/example_kubernetes_executor.py
[2022-01-03 13:17:47,942] {processor.py:637} INFO - DAG(s) dict_keys(['example_kubernetes_executor']) retrieved from /home/airflow/.local/lib/python3.7/site-packages/airflow/example_dags/example_kubernetes_executor.py
[2022-01-03 13:17:47,955] {logging_mixin.py:109} INFO - [2022-01-03 13:17:47,955] {dag.py:2396} INFO - Sync 1 DAGs
[2022-01-03 13:17:47,979] {logging_mixin.py:109} INFO - [2022-01-03 13:17:47,979] {dag.py:2928} INFO - Setting next_dagrun for example_kubernetes_executor to None
[2022-01-03 13:17:47,989] {processor.py:171} INFO - Processing /home/airflow/.local/lib/python3.7/site-packages/airflow/example_dags/example_kubernetes_executor.py took 0.083 seconds
[2022-01-03 13:18:18,267] {processor.py:163} INFO - Started process (PID=545) to work on /home/airflow/.local/lib/python3.7/site-packages/airflow/example_dags/example_kubernetes_executor.py
[2022-01-03 13:18:18,269] {processor.py:625} INFO - Processing file /home/airflow/.local/lib/python3.7/site-packages/airflow/example_dags/example_kubernetes_executor.py for tasks to queue
[2022-01-03 13:18:18,269] {logging_mixin.py:109} INFO - [2022-01-03 13:18:18,269] {dagbag.py:500} INFO - Filling up the DagBag from /home/airflow/.local/lib/python3.7/site-packages/airflow/example_dags/example_kubernetes_executor.py
[2022-01-03 13:18:18,316] {processor.py:637} INFO - DAG(s) dict_keys(['example_kubernetes_executor']) retrieved from /home/airflow/.local/lib/python3.7/site-packages/airflow/example_dags/example_kubernetes_executor.py
[2022-01-03 13:18:18,330] {logging_mixin.py:109} INFO - [2022-01-03 13:18:18,330] {dag.py:2396} INFO - Sync 1 DAGs
[2022-01-03 13:18:18,356] {logging_mixin.py:109} INFO - [2022-01-03 13:18:18,356] {dag.py:2928} INFO - Setting next_dagrun for example_kubernetes_executor to None
[2022-01-03 13:18:18,368] {processor.py:171} INFO - Processing /home/airflow/.local/lib/python3.7/site-packages/airflow/example_dags/example_kubernetes_executor.py took 0.104 seconds
[2022-01-03 13:18:48,645] {processor.py:163} INFO - Started process (PID=597) to work on /home/airflow/.local/lib/python3.7/site-packages/airflow/example_dags/example_kubernetes_executor.py
[2022-01-03 13:18:48,646] {processor.py:625} INFO - Processing file /home/airflow/.local/lib/python3.7/site-packages/airflow/example_dags/example_kubernetes_executor.py for tasks to queue
[2022-01-03 13:18:48,647] {logging_mixin.py:109} INFO - [2022-01-03 13:18:48,647] {dagbag.py:500} INFO - Filling up the DagBag from /home/airflow/.local/lib/python3.7/site-packages/airflow/example_dags/example_kubernetes_executor.py
[2022-01-03 13:18:48,676] {processor.py:637} INFO - DAG(s) dict_keys(['example_kubernetes_executor']) retrieved from /home/airflow/.local/lib/python3.7/site-packages/airflow/example_dags/example_kubernetes_executor.py
[2022-01-03 13:18:48,688] {logging_mixin.py:109} INFO - [2022-01-03 13:18:48,688] {dag.py:2396} INFO - Sync 1 DAGs
[2022-01-03 13:18:48,706] {logging_mixin.py:109} INFO - [2022-01-03 13:18:48,706] {dag.py:2928} INFO - Setting next_dagrun for example_kubernetes_executor to None
[2022-01-03 13:18:48,716] {processor.py:171} INFO - Processing /home/airflow/.local/lib/python3.7/site-packages/airflow/example_dags/example_kubernetes_executor.py took 0.074 seconds
[2022-01-03 13:19:19,363] {processor.py:163} INFO - Started process (PID=657) to work on /home/airflow/.local/lib/python3.7/site-packages/airflow/example_dags/example_kubernetes_executor.py
[2022-01-03 13:19:19,365] {processor.py:625} INFO - Processing file /home/airflow/.local/lib/python3.7/site-packages/airflow/example_dags/example_kubernetes_executor.py for tasks to queue
[2022-01-03 13:19:19,365] {logging_mixin.py:109} INFO - [2022-01-03 13:19:19,365] {dagbag.py:500} INFO - Filling up the DagBag from /home/airflow/.local/lib/python3.7/site-packages/airflow/example_dags/example_kubernetes_executor.py
[2022-01-03 13:19:19,404] {processor.py:637} INFO - DAG(s) dict_keys(['example_kubernetes_executor']) retrieved from /home/airflow/.local/lib/python3.7/site-packages/airflow/example_dags/example_kubernetes_executor.py
[2022-01-03 13:19:19,416] {logging_mixin.py:109} INFO - [2022-01-03 13:19:19,415] {dag.py:2396} INFO - Sync 1 DAGs
[2022-01-03 13:19:19,444] {logging_mixin.py:109} INFO - [2022-01-03 13:19:19,444] {dag.py:2928} INFO - Setting next_dagrun for example_kubernetes_executor to None
[2022-01-03 13:19:19,453] {processor.py:171} INFO - Processing /home/airflow/.local/lib/python3.7/site-packages/airflow/example_dags/example_kubernetes_executor.py took 0.094 seconds
[2022-01-03 13:19:49,988] {processor.py:163} INFO - Started process (PID=707) to work on /home/airflow/.local/lib/python3.7/site-packages/airflow/example_dags/example_kubernetes_executor.py
[2022-01-03 13:19:49,989] {processor.py:625} INFO - Processing file /home/airflow/.local/lib/python3.7/site-packages/airflow/example_dags/example_kubernetes_executor.py for tasks to queue
[2022-01-03 13:19:49,990] {logging_mixin.py:109} INFO - [2022-01-03 13:19:49,990] {dagbag.py:500} INFO - Filling up the DagBag from /home/airflow/.local/lib/python3.7/site-packages/airflow/example_dags/example_kubernetes_executor.py
[2022-01-03 13:19:50,028] {processor.py:637} INFO - DAG(s) dict_keys(['example_kubernetes_executor']) retrieved from /home/airflow/.local/lib/python3.7/site-packages/airflow/example_dags/example_kubernetes_executor.py
[2022-01-03 13:19:50,046] {logging_mixin.py:109} INFO - [2022-01-03 13:19:50,046] {dag.py:2396} INFO - Sync 1 DAGs
[2022-01-03 13:19:50,109] {logging_mixin.py:109} INFO - [2022-01-03 13:19:50,109] {dag.py:2928} INFO - Setting next_dagrun for example_kubernetes_executor to None
[2022-01-03 13:19:50,129] {processor.py:171} INFO - Processing /home/airflow/.local/lib/python3.7/site-packages/airflow/example_dags/example_kubernetes_executor.py took 0.144 seconds
[2022-01-03 13:20:20,896] {processor.py:163} INFO - Started process (PID=761) to work on /home/airflow/.local/lib/python3.7/site-packages/airflow/example_dags/example_kubernetes_executor.py
[2022-01-03 13:20:20,897] {processor.py:625} INFO - Processing file /home/airflow/.local/lib/python3.7/site-packages/airflow/example_dags/example_kubernetes_executor.py for tasks to queue
[2022-01-03 13:20:20,898] {logging_mixin.py:109} INFO - [2022-01-03 13:20:20,897] {dagbag.py:500} INFO - Filling up the DagBag from /home/airflow/.local/lib/python3.7/site-packages/airflow/example_dags/example_kubernetes_executor.py
[2022-01-03 13:20:20,931] {processor.py:637} INFO - DAG(s) dict_keys(['example_kubernetes_executor']) retrieved from /home/airflow/.local/lib/python3.7/site-packages/airflow/example_dags/example_kubernetes_executor.py
[2022-01-03 13:20:20,945] {logging_mixin.py:109} INFO - [2022-01-03 13:20:20,944] {dag.py:2396} INFO - Sync 1 DAGs
[2022-01-03 13:20:20,965] {logging_mixin.py:109} INFO - [2022-01-03 13:20:20,965] {dag.py:2928} INFO - Setting next_dagrun for example_kubernetes_executor to None
[2022-01-03 13:20:20,976] {processor.py:171} INFO - Processing /home/airflow/.local/lib/python3.7/site-packages/airflow/example_dags/example_kubernetes_executor.py took 0.085 seconds
[2022-01-03 13:20:51,224] {processor.py:163} INFO - Started process (PID=812) to work on /home/airflow/.local/lib/python3.7/site-packages/airflow/example_dags/example_kubernetes_executor.py
[2022-01-03 13:20:51,226] {processor.py:625} INFO - Processing file /home/airflow/.local/lib/python3.7/site-packages/airflow/example_dags/example_kubernetes_executor.py for tasks to queue
[2022-01-03 13:20:51,227] {logging_mixin.py:109} INFO - [2022-01-03 13:20:51,227] {dagbag.py:500} INFO - Filling up the DagBag from /home/airflow/.local/lib/python3.7/site-packages/airflow/example_dags/example_kubernetes_executor.py
[2022-01-03 13:20:51,263] {processor.py:637} INFO - DAG(s) dict_keys(['example_kubernetes_executor']) retrieved from /home/airflow/.local/lib/python3.7/site-packages/airflow/example_dags/example_kubernetes_executor.py
[2022-01-03 13:20:51,276] {logging_mixin.py:109} INFO - [2022-01-03 13:20:51,276] {dag.py:2396} INFO - Sync 1 DAGs
[2022-01-03 13:20:51,295] {logging_mixin.py:109} INFO - [2022-01-03 13:20:51,295] {dag.py:2928} INFO - Setting next_dagrun for example_kubernetes_executor to None
[2022-01-03 13:20:51,306] {processor.py:171} INFO - Processing /home/airflow/.local/lib/python3.7/site-packages/airflow/example_dags/example_kubernetes_executor.py took 0.086 seconds
[2022-01-03 13:21:22,168] {processor.py:163} INFO - Started process (PID=862) to work on /home/airflow/.local/lib/python3.7/site-packages/airflow/example_dags/example_kubernetes_executor.py
[2022-01-03 13:21:22,169] {processor.py:625} INFO - Processing file /home/airflow/.local/lib/python3.7/site-packages/airflow/example_dags/example_kubernetes_executor.py for tasks to queue
[2022-01-03 13:21:22,170] {logging_mixin.py:109} INFO - [2022-01-03 13:21:22,170] {dagbag.py:500} INFO - Filling up the DagBag from /home/airflow/.local/lib/python3.7/site-packages/airflow/example_dags/example_kubernetes_executor.py
[2022-01-03 13:21:22,224] {processor.py:637} INFO - DAG(s) dict_keys(['example_kubernetes_executor']) retrieved from /home/airflow/.local/lib/python3.7/site-packages/airflow/example_dags/example_kubernetes_executor.py
[2022-01-03 13:21:22,238] {logging_mixin.py:109} INFO - [2022-01-03 13:21:22,238] {dag.py:2396} INFO - Sync 1 DAGs
[2022-01-03 13:21:22,263] {logging_mixin.py:109} INFO - [2022-01-03 13:21:22,262] {dag.py:2928} INFO - Setting next_dagrun for example_kubernetes_executor to None
[2022-01-03 13:21:22,276] {processor.py:171} INFO - Processing /home/airflow/.local/lib/python3.7/site-packages/airflow/example_dags/example_kubernetes_executor.py took 0.112 seconds
[2022-01-03 13:21:53,076] {processor.py:163} INFO - Started process (PID=913) to work on /home/airflow/.local/lib/python3.7/site-packages/airflow/example_dags/example_kubernetes_executor.py
[2022-01-03 13:21:53,077] {processor.py:625} INFO - Processing file /home/airflow/.local/lib/python3.7/site-packages/airflow/example_dags/example_kubernetes_executor.py for tasks to queue
[2022-01-03 13:21:53,078] {logging_mixin.py:109} INFO - [2022-01-03 13:21:53,078] {dagbag.py:500} INFO - Filling up the DagBag from /home/airflow/.local/lib/python3.7/site-packages/airflow/example_dags/example_kubernetes_executor.py
[2022-01-03 13:21:53,116] {processor.py:637} INFO - DAG(s) dict_keys(['example_kubernetes_executor']) retrieved from /home/airflow/.local/lib/python3.7/site-packages/airflow/example_dags/example_kubernetes_executor.py
[2022-01-03 13:21:53,146] {logging_mixin.py:109} INFO - [2022-01-03 13:21:53,146] {dag.py:2396} INFO - Sync 1 DAGs
[2022-01-03 13:21:53,175] {logging_mixin.py:109} INFO - [2022-01-03 13:21:53,175] {dag.py:2928} INFO - Setting next_dagrun for example_kubernetes_executor to None
[2022-01-03 13:21:53,187] {processor.py:171} INFO - Processing /home/airflow/.local/lib/python3.7/site-packages/airflow/example_dags/example_kubernetes_executor.py took 0.116 seconds
[2022-01-03 13:22:23,755] {processor.py:163} INFO - Started process (PID=975) to work on /home/airflow/.local/lib/python3.7/site-packages/airflow/example_dags/example_kubernetes_executor.py
[2022-01-03 13:22:23,756] {processor.py:625} INFO - Processing file /home/airflow/.local/lib/python3.7/site-packages/airflow/example_dags/example_kubernetes_executor.py for tasks to queue
[2022-01-03 13:22:23,757] {logging_mixin.py:109} INFO - [2022-01-03 13:22:23,757] {dagbag.py:500} INFO - Filling up the DagBag from /home/airflow/.local/lib/python3.7/site-packages/airflow/example_dags/example_kubernetes_executor.py
[2022-01-03 13:22:23,798] {processor.py:637} INFO - DAG(s) dict_keys(['example_kubernetes_executor']) retrieved from /home/airflow/.local/lib/python3.7/site-packages/airflow/example_dags/example_kubernetes_executor.py
[2022-01-03 13:22:23,813] {logging_mixin.py:109} INFO - [2022-01-03 13:22:23,813] {dag.py:2396} INFO - Sync 1 DAGs
[2022-01-03 13:22:23,840] {logging_mixin.py:109} INFO - [2022-01-03 13:22:23,840] {dag.py:2928} INFO - Setting next_dagrun for example_kubernetes_executor to None
[2022-01-03 13:22:23,852] {processor.py:171} INFO - Processing /home/airflow/.local/lib/python3.7/site-packages/airflow/example_dags/example_kubernetes_executor.py took 0.102 seconds
[2022-01-03 13:22:54,700] {processor.py:163} INFO - Started process (PID=1028) to work on /home/airflow/.local/lib/python3.7/site-packages/airflow/example_dags/example_kubernetes_executor.py
[2022-01-03 13:22:54,703] {processor.py:625} INFO - Processing file /home/airflow/.local/lib/python3.7/site-packages/airflow/example_dags/example_kubernetes_executor.py for tasks to queue
[2022-01-03 13:22:54,704] {logging_mixin.py:109} INFO - [2022-01-03 13:22:54,703] {dagbag.py:500} INFO - Filling up the DagBag from /home/airflow/.local/lib/python3.7/site-packages/airflow/example_dags/example_kubernetes_executor.py
[2022-01-03 13:22:54,753] {processor.py:637} INFO - DAG(s) dict_keys(['example_kubernetes_executor']) retrieved from /home/airflow/.local/lib/python3.7/site-packages/airflow/example_dags/example_kubernetes_executor.py
[2022-01-03 13:22:54,774] {logging_mixin.py:109} INFO - [2022-01-03 13:22:54,773] {dag.py:2396} INFO - Sync 1 DAGs
[2022-01-03 13:22:54,799] {logging_mixin.py:109} INFO - [2022-01-03 13:22:54,798] {dag.py:2928} INFO - Setting next_dagrun for example_kubernetes_executor to None
[2022-01-03 13:22:54,830] {processor.py:171} INFO - Processing /home/airflow/.local/lib/python3.7/site-packages/airflow/example_dags/example_kubernetes_executor.py took 0.134 seconds
[2022-01-03 13:23:24,893] {processor.py:163} INFO - Started process (PID=1080) to work on /home/airflow/.local/lib/python3.7/site-packages/airflow/example_dags/example_kubernetes_executor.py
[2022-01-03 13:23:24,894] {processor.py:625} INFO - Processing file /home/airflow/.local/lib/python3.7/site-packages/airflow/example_dags/example_kubernetes_executor.py for tasks to queue
[2022-01-03 13:23:24,895] {logging_mixin.py:109} INFO - [2022-01-03 13:23:24,895] {dagbag.py:500} INFO - Filling up the DagBag from /home/airflow/.local/lib/python3.7/site-packages/airflow/example_dags/example_kubernetes_executor.py
[2022-01-03 13:23:24,933] {processor.py:637} INFO - DAG(s) dict_keys(['example_kubernetes_executor']) retrieved from /home/airflow/.local/lib/python3.7/site-packages/airflow/example_dags/example_kubernetes_executor.py
[2022-01-03 13:23:24,951] {logging_mixin.py:109} INFO - [2022-01-03 13:23:24,950] {dag.py:2396} INFO - Sync 1 DAGs
[2022-01-03 13:23:24,973] {logging_mixin.py:109} INFO - [2022-01-03 13:23:24,973] {dag.py:2928} INFO - Setting next_dagrun for example_kubernetes_executor to None
[2022-01-03 13:23:24,986] {processor.py:171} INFO - Processing /home/airflow/.local/lib/python3.7/site-packages/airflow/example_dags/example_kubernetes_executor.py took 0.097 seconds
[2022-01-03 13:23:55,241] {processor.py:163} INFO - Started process (PID=1130) to work on /home/airflow/.local/lib/python3.7/site-packages/airflow/example_dags/example_kubernetes_executor.py
[2022-01-03 13:23:55,242] {processor.py:625} INFO - Processing file /home/airflow/.local/lib/python3.7/site-packages/airflow/example_dags/example_kubernetes_executor.py for tasks to queue
[2022-01-03 13:23:55,243] {logging_mixin.py:109} INFO - [2022-01-03 13:23:55,243] {dagbag.py:500} INFO - Filling up the DagBag from /home/airflow/.local/lib/python3.7/site-packages/airflow/example_dags/example_kubernetes_executor.py
[2022-01-03 13:23:55,283] {processor.py:637} INFO - DAG(s) dict_keys(['example_kubernetes_executor']) retrieved from /home/airflow/.local/lib/python3.7/site-packages/airflow/example_dags/example_kubernetes_executor.py
[2022-01-03 13:23:55,301] {logging_mixin.py:109} INFO - [2022-01-03 13:23:55,301] {dag.py:2396} INFO - Sync 1 DAGs
[2022-01-03 13:23:55,327] {logging_mixin.py:109} INFO - [2022-01-03 13:23:55,327] {dag.py:2928} INFO - Setting next_dagrun for example_kubernetes_executor to None
[2022-01-03 13:23:55,342] {processor.py:171} INFO - Processing /home/airflow/.local/lib/python3.7/site-packages/airflow/example_dags/example_kubernetes_executor.py took 0.105 seconds
[2022-01-03 13:24:25,934] {processor.py:163} INFO - Started process (PID=1182) to work on /home/airflow/.local/lib/python3.7/site-packages/airflow/example_dags/example_kubernetes_executor.py
[2022-01-03 13:24:25,935] {processor.py:625} INFO - Processing file /home/airflow/.local/lib/python3.7/site-packages/airflow/example_dags/example_kubernetes_executor.py for tasks to queue
[2022-01-03 13:24:25,935] {logging_mixin.py:109} INFO - [2022-01-03 13:24:25,935] {dagbag.py:500} INFO - Filling up the DagBag from /home/airflow/.local/lib/python3.7/site-packages/airflow/example_dags/example_kubernetes_executor.py
[2022-01-03 13:24:25,967] {processor.py:637} INFO - DAG(s) dict_keys(['example_kubernetes_executor']) retrieved from /home/airflow/.local/lib/python3.7/site-packages/airflow/example_dags/example_kubernetes_executor.py
[2022-01-03 13:24:25,979] {logging_mixin.py:109} INFO - [2022-01-03 13:24:25,979] {dag.py:2396} INFO - Sync 1 DAGs
[2022-01-03 13:24:26,000] {logging_mixin.py:109} INFO - [2022-01-03 13:24:25,999] {dag.py:2928} INFO - Setting next_dagrun for example_kubernetes_executor to None
[2022-01-03 13:24:26,011] {processor.py:171} INFO - Processing /home/airflow/.local/lib/python3.7/site-packages/airflow/example_dags/example_kubernetes_executor.py took 0.080 seconds
[2022-01-03 13:24:56,458] {processor.py:163} INFO - Started process (PID=1242) to work on /home/airflow/.local/lib/python3.7/site-packages/airflow/example_dags/example_kubernetes_executor.py
[2022-01-03 13:24:56,459] {processor.py:625} INFO - Processing file /home/airflow/.local/lib/python3.7/site-packages/airflow/example_dags/example_kubernetes_executor.py for tasks to queue
[2022-01-03 13:24:56,460] {logging_mixin.py:109} INFO - [2022-01-03 13:24:56,460] {dagbag.py:500} INFO - Filling up the DagBag from /home/airflow/.local/lib/python3.7/site-packages/airflow/example_dags/example_kubernetes_executor.py
[2022-01-03 13:24:56,489] {processor.py:637} INFO - DAG(s) dict_keys(['example_kubernetes_executor']) retrieved from /home/airflow/.local/lib/python3.7/site-packages/airflow/example_dags/example_kubernetes_executor.py
[2022-01-03 13:24:56,501] {logging_mixin.py:109} INFO - [2022-01-03 13:24:56,500] {dag.py:2396} INFO - Sync 1 DAGs
[2022-01-03 13:24:56,518] {logging_mixin.py:109} INFO - [2022-01-03 13:24:56,518] {dag.py:2928} INFO - Setting next_dagrun for example_kubernetes_executor to None
[2022-01-03 13:24:56,528] {processor.py:171} INFO - Processing /home/airflow/.local/lib/python3.7/site-packages/airflow/example_dags/example_kubernetes_executor.py took 0.073 seconds
[2022-01-03 13:25:26,583] {processor.py:163} INFO - Started process (PID=1293) to work on /home/airflow/.local/lib/python3.7/site-packages/airflow/example_dags/example_kubernetes_executor.py
[2022-01-03 13:25:26,584] {processor.py:625} INFO - Processing file /home/airflow/.local/lib/python3.7/site-packages/airflow/example_dags/example_kubernetes_executor.py for tasks to queue
[2022-01-03 13:25:26,584] {logging_mixin.py:109} INFO - [2022-01-03 13:25:26,584] {dagbag.py:500} INFO - Filling up the DagBag from /home/airflow/.local/lib/python3.7/site-packages/airflow/example_dags/example_kubernetes_executor.py
[2022-01-03 13:25:26,611] {processor.py:637} INFO - DAG(s) dict_keys(['example_kubernetes_executor']) retrieved from /home/airflow/.local/lib/python3.7/site-packages/airflow/example_dags/example_kubernetes_executor.py
[2022-01-03 13:25:26,621] {logging_mixin.py:109} INFO - [2022-01-03 13:25:26,621] {dag.py:2396} INFO - Sync 1 DAGs
[2022-01-03 13:25:26,638] {logging_mixin.py:109} INFO - [2022-01-03 13:25:26,638] {dag.py:2928} INFO - Setting next_dagrun for example_kubernetes_executor to None
[2022-01-03 13:25:26,650] {processor.py:171} INFO - Processing /home/airflow/.local/lib/python3.7/site-packages/airflow/example_dags/example_kubernetes_executor.py took 0.070 seconds
[2022-01-03 13:25:56,988] {processor.py:163} INFO - Started process (PID=1351) to work on /home/airflow/.local/lib/python3.7/site-packages/airflow/example_dags/example_kubernetes_executor.py
[2022-01-03 13:25:56,989] {processor.py:625} INFO - Processing file /home/airflow/.local/lib/python3.7/site-packages/airflow/example_dags/example_kubernetes_executor.py for tasks to queue
[2022-01-03 13:25:56,990] {logging_mixin.py:109} INFO - [2022-01-03 13:25:56,989] {dagbag.py:500} INFO - Filling up the DagBag from /home/airflow/.local/lib/python3.7/site-packages/airflow/example_dags/example_kubernetes_executor.py
[2022-01-03 13:25:57,023] {processor.py:637} INFO - DAG(s) dict_keys(['example_kubernetes_executor']) retrieved from /home/airflow/.local/lib/python3.7/site-packages/airflow/example_dags/example_kubernetes_executor.py
[2022-01-03 13:25:57,038] {logging_mixin.py:109} INFO - [2022-01-03 13:25:57,038] {dag.py:2396} INFO - Sync 1 DAGs
[2022-01-03 13:25:57,057] {logging_mixin.py:109} INFO - [2022-01-03 13:25:57,057] {dag.py:2928} INFO - Setting next_dagrun for example_kubernetes_executor to None
[2022-01-03 13:25:57,070] {processor.py:171} INFO - Processing /home/airflow/.local/lib/python3.7/site-packages/airflow/example_dags/example_kubernetes_executor.py took 0.085 seconds
[2022-01-03 13:26:27,876] {processor.py:163} INFO - Started process (PID=1401) to work on /home/airflow/.local/lib/python3.7/site-packages/airflow/example_dags/example_kubernetes_executor.py
[2022-01-03 13:26:27,877] {processor.py:625} INFO - Processing file /home/airflow/.local/lib/python3.7/site-packages/airflow/example_dags/example_kubernetes_executor.py for tasks to queue
[2022-01-03 13:26:27,878] {logging_mixin.py:109} INFO - [2022-01-03 13:26:27,878] {dagbag.py:500} INFO - Filling up the DagBag from /home/airflow/.local/lib/python3.7/site-packages/airflow/example_dags/example_kubernetes_executor.py
[2022-01-03 13:26:27,922] {processor.py:637} INFO - DAG(s) dict_keys(['example_kubernetes_executor']) retrieved from /home/airflow/.local/lib/python3.7/site-packages/airflow/example_dags/example_kubernetes_executor.py
[2022-01-03 13:26:27,940] {logging_mixin.py:109} INFO - [2022-01-03 13:26:27,940] {dag.py:2396} INFO - Sync 1 DAGs
[2022-01-03 13:26:27,967] {logging_mixin.py:109} INFO - [2022-01-03 13:26:27,967] {dag.py:2928} INFO - Setting next_dagrun for example_kubernetes_executor to None
[2022-01-03 13:26:27,985] {processor.py:171} INFO - Processing /home/airflow/.local/lib/python3.7/site-packages/airflow/example_dags/example_kubernetes_executor.py took 0.113 seconds
[2022-01-03 13:26:58,878] {processor.py:163} INFO - Started process (PID=1459) to work on /home/airflow/.local/lib/python3.7/site-packages/airflow/example_dags/example_kubernetes_executor.py
[2022-01-03 13:26:58,883] {processor.py:625} INFO - Processing file /home/airflow/.local/lib/python3.7/site-packages/airflow/example_dags/example_kubernetes_executor.py for tasks to queue
[2022-01-03 13:26:58,884] {logging_mixin.py:109} INFO - [2022-01-03 13:26:58,884] {dagbag.py:500} INFO - Filling up the DagBag from /home/airflow/.local/lib/python3.7/site-packages/airflow/example_dags/example_kubernetes_executor.py
[2022-01-03 13:26:58,963] {processor.py:637} INFO - DAG(s) dict_keys(['example_kubernetes_executor']) retrieved from /home/airflow/.local/lib/python3.7/site-packages/airflow/example_dags/example_kubernetes_executor.py
[2022-01-03 13:26:58,997] {logging_mixin.py:109} INFO - [2022-01-03 13:26:58,997] {dag.py:2396} INFO - Sync 1 DAGs
[2022-01-03 13:26:59,048] {logging_mixin.py:109} INFO - [2022-01-03 13:26:59,048] {dag.py:2928} INFO - Setting next_dagrun for example_kubernetes_executor to None
[2022-01-03 13:26:59,072] {processor.py:171} INFO - Processing /home/airflow/.local/lib/python3.7/site-packages/airflow/example_dags/example_kubernetes_executor.py took 0.218 seconds
[2022-01-03 13:27:29,620] {processor.py:163} INFO - Started process (PID=1512) to work on /home/airflow/.local/lib/python3.7/site-packages/airflow/example_dags/example_kubernetes_executor.py
[2022-01-03 13:27:29,622] {processor.py:625} INFO - Processing file /home/airflow/.local/lib/python3.7/site-packages/airflow/example_dags/example_kubernetes_executor.py for tasks to queue
[2022-01-03 13:27:29,623] {logging_mixin.py:109} INFO - [2022-01-03 13:27:29,623] {dagbag.py:500} INFO - Filling up the DagBag from /home/airflow/.local/lib/python3.7/site-packages/airflow/example_dags/example_kubernetes_executor.py
[2022-01-03 13:27:29,698] {processor.py:637} INFO - DAG(s) dict_keys(['example_kubernetes_executor']) retrieved from /home/airflow/.local/lib/python3.7/site-packages/airflow/example_dags/example_kubernetes_executor.py
[2022-01-03 13:27:29,753] {logging_mixin.py:109} INFO - [2022-01-03 13:27:29,752] {dag.py:2396} INFO - Sync 1 DAGs
[2022-01-03 13:27:29,804] {logging_mixin.py:109} INFO - [2022-01-03 13:27:29,804] {dag.py:2928} INFO - Setting next_dagrun for example_kubernetes_executor to None
[2022-01-03 13:27:29,841] {processor.py:171} INFO - Processing /home/airflow/.local/lib/python3.7/site-packages/airflow/example_dags/example_kubernetes_executor.py took 0.224 seconds
[2022-01-03 13:28:00,707] {processor.py:163} INFO - Started process (PID=1563) to work on /home/airflow/.local/lib/python3.7/site-packages/airflow/example_dags/example_kubernetes_executor.py
[2022-01-03 13:28:00,719] {processor.py:625} INFO - Processing file /home/airflow/.local/lib/python3.7/site-packages/airflow/example_dags/example_kubernetes_executor.py for tasks to queue
[2022-01-03 13:28:00,720] {logging_mixin.py:109} INFO - [2022-01-03 13:28:00,720] {dagbag.py:500} INFO - Filling up the DagBag from /home/airflow/.local/lib/python3.7/site-packages/airflow/example_dags/example_kubernetes_executor.py
[2022-01-03 13:28:00,880] {processor.py:637} INFO - DAG(s) dict_keys(['example_kubernetes_executor']) retrieved from /home/airflow/.local/lib/python3.7/site-packages/airflow/example_dags/example_kubernetes_executor.py
[2022-01-03 13:28:00,930] {logging_mixin.py:109} INFO - [2022-01-03 13:28:00,930] {dag.py:2396} INFO - Sync 1 DAGs
[2022-01-03 13:28:00,973] {logging_mixin.py:109} INFO - [2022-01-03 13:28:00,973] {dag.py:2928} INFO - Setting next_dagrun for example_kubernetes_executor to None
[2022-01-03 13:28:01,008] {processor.py:171} INFO - Processing /home/airflow/.local/lib/python3.7/site-packages/airflow/example_dags/example_kubernetes_executor.py took 0.319 seconds
[2022-01-03 13:28:31,093] {processor.py:163} INFO - Started process (PID=1618) to work on /home/airflow/.local/lib/python3.7/site-packages/airflow/example_dags/example_kubernetes_executor.py
[2022-01-03 13:28:31,094] {processor.py:625} INFO - Processing file /home/airflow/.local/lib/python3.7/site-packages/airflow/example_dags/example_kubernetes_executor.py for tasks to queue
[2022-01-03 13:28:31,095] {logging_mixin.py:109} INFO - [2022-01-03 13:28:31,095] {dagbag.py:500} INFO - Filling up the DagBag from /home/airflow/.local/lib/python3.7/site-packages/airflow/example_dags/example_kubernetes_executor.py
[2022-01-03 13:28:31,156] {processor.py:637} INFO - DAG(s) dict_keys(['example_kubernetes_executor']) retrieved from /home/airflow/.local/lib/python3.7/site-packages/airflow/example_dags/example_kubernetes_executor.py
[2022-01-03 13:28:31,171] {logging_mixin.py:109} INFO - [2022-01-03 13:28:31,171] {dag.py:2396} INFO - Sync 1 DAGs
[2022-01-03 13:28:31,196] {logging_mixin.py:109} INFO - [2022-01-03 13:28:31,196] {dag.py:2928} INFO - Setting next_dagrun for example_kubernetes_executor to None
[2022-01-03 13:28:31,212] {processor.py:171} INFO - Processing /home/airflow/.local/lib/python3.7/site-packages/airflow/example_dags/example_kubernetes_executor.py took 0.123 seconds
[2022-01-03 13:29:01,809] {processor.py:163} INFO - Started process (PID=1671) to work on /home/airflow/.local/lib/python3.7/site-packages/airflow/example_dags/example_kubernetes_executor.py
[2022-01-03 13:29:01,812] {processor.py:625} INFO - Processing file /home/airflow/.local/lib/python3.7/site-packages/airflow/example_dags/example_kubernetes_executor.py for tasks to queue
[2022-01-03 13:29:01,813] {logging_mixin.py:109} INFO - [2022-01-03 13:29:01,812] {dagbag.py:500} INFO - Filling up the DagBag from /home/airflow/.local/lib/python3.7/site-packages/airflow/example_dags/example_kubernetes_executor.py
[2022-01-03 13:29:01,855] {processor.py:637} INFO - DAG(s) dict_keys(['example_kubernetes_executor']) retrieved from /home/airflow/.local/lib/python3.7/site-packages/airflow/example_dags/example_kubernetes_executor.py
[2022-01-03 13:29:01,872] {logging_mixin.py:109} INFO - [2022-01-03 13:29:01,872] {dag.py:2396} INFO - Sync 1 DAGs
[2022-01-03 13:29:01,908] {logging_mixin.py:109} INFO - [2022-01-03 13:29:01,908] {dag.py:2928} INFO - Setting next_dagrun for example_kubernetes_executor to None
[2022-01-03 13:29:01,926] {processor.py:171} INFO - Processing /home/airflow/.local/lib/python3.7/site-packages/airflow/example_dags/example_kubernetes_executor.py took 0.119 seconds
[2022-01-03 13:29:32,623] {processor.py:163} INFO - Started process (PID=1722) to work on /home/airflow/.local/lib/python3.7/site-packages/airflow/example_dags/example_kubernetes_executor.py
[2022-01-03 13:29:32,624] {processor.py:625} INFO - Processing file /home/airflow/.local/lib/python3.7/site-packages/airflow/example_dags/example_kubernetes_executor.py for tasks to queue
[2022-01-03 13:29:32,625] {logging_mixin.py:109} INFO - [2022-01-03 13:29:32,625] {dagbag.py:500} INFO - Filling up the DagBag from /home/airflow/.local/lib/python3.7/site-packages/airflow/example_dags/example_kubernetes_executor.py
[2022-01-03 13:29:32,661] {processor.py:637} INFO - DAG(s) dict_keys(['example_kubernetes_executor']) retrieved from /home/airflow/.local/lib/python3.7/site-packages/airflow/example_dags/example_kubernetes_executor.py
[2022-01-03 13:29:32,676] {logging_mixin.py:109} INFO - [2022-01-03 13:29:32,676] {dag.py:2396} INFO - Sync 1 DAGs
[2022-01-03 13:29:32,699] {logging_mixin.py:109} INFO - [2022-01-03 13:29:32,699] {dag.py:2928} INFO - Setting next_dagrun for example_kubernetes_executor to None
[2022-01-03 13:29:32,711] {processor.py:171} INFO - Processing /home/airflow/.local/lib/python3.7/site-packages/airflow/example_dags/example_kubernetes_executor.py took 0.092 seconds
[2022-01-03 13:30:03,651] {processor.py:163} INFO - Started process (PID=1781) to work on /home/airflow/.local/lib/python3.7/site-packages/airflow/example_dags/example_kubernetes_executor.py
[2022-01-03 13:30:03,652] {processor.py:625} INFO - Processing file /home/airflow/.local/lib/python3.7/site-packages/airflow/example_dags/example_kubernetes_executor.py for tasks to queue
[2022-01-03 13:30:03,653] {logging_mixin.py:109} INFO - [2022-01-03 13:30:03,653] {dagbag.py:500} INFO - Filling up the DagBag from /home/airflow/.local/lib/python3.7/site-packages/airflow/example_dags/example_kubernetes_executor.py
[2022-01-03 13:30:03,688] {processor.py:637} INFO - DAG(s) dict_keys(['example_kubernetes_executor']) retrieved from /home/airflow/.local/lib/python3.7/site-packages/airflow/example_dags/example_kubernetes_executor.py
[2022-01-03 13:30:03,699] {logging_mixin.py:109} INFO - [2022-01-03 13:30:03,699] {dag.py:2396} INFO - Sync 1 DAGs
[2022-01-03 13:30:03,720] {logging_mixin.py:109} INFO - [2022-01-03 13:30:03,720] {dag.py:2928} INFO - Setting next_dagrun for example_kubernetes_executor to None
[2022-01-03 13:30:03,732] {processor.py:171} INFO - Processing /home/airflow/.local/lib/python3.7/site-packages/airflow/example_dags/example_kubernetes_executor.py took 0.084 seconds
[2022-01-03 13:30:34,683] {processor.py:163} INFO - Started process (PID=1836) to work on /home/airflow/.local/lib/python3.7/site-packages/airflow/example_dags/example_kubernetes_executor.py
[2022-01-03 13:30:34,684] {processor.py:625} INFO - Processing file /home/airflow/.local/lib/python3.7/site-packages/airflow/example_dags/example_kubernetes_executor.py for tasks to queue
[2022-01-03 13:30:34,685] {logging_mixin.py:109} INFO - [2022-01-03 13:30:34,685] {dagbag.py:500} INFO - Filling up the DagBag from /home/airflow/.local/lib/python3.7/site-packages/airflow/example_dags/example_kubernetes_executor.py
[2022-01-03 13:30:34,724] {processor.py:637} INFO - DAG(s) dict_keys(['example_kubernetes_executor']) retrieved from /home/airflow/.local/lib/python3.7/site-packages/airflow/example_dags/example_kubernetes_executor.py
[2022-01-03 13:30:34,735] {logging_mixin.py:109} INFO - [2022-01-03 13:30:34,735] {dag.py:2396} INFO - Sync 1 DAGs
[2022-01-03 13:30:34,753] {logging_mixin.py:109} INFO - [2022-01-03 13:30:34,753] {dag.py:2928} INFO - Setting next_dagrun for example_kubernetes_executor to None
[2022-01-03 13:30:34,764] {processor.py:171} INFO - Processing /home/airflow/.local/lib/python3.7/site-packages/airflow/example_dags/example_kubernetes_executor.py took 0.085 seconds
[2022-01-03 13:31:05,383] {processor.py:163} INFO - Started process (PID=1889) to work on /home/airflow/.local/lib/python3.7/site-packages/airflow/example_dags/example_kubernetes_executor.py
[2022-01-03 13:31:05,384] {processor.py:625} INFO - Processing file /home/airflow/.local/lib/python3.7/site-packages/airflow/example_dags/example_kubernetes_executor.py for tasks to queue
[2022-01-03 13:31:05,389] {logging_mixin.py:109} INFO - [2022-01-03 13:31:05,389] {dagbag.py:500} INFO - Filling up the DagBag from /home/airflow/.local/lib/python3.7/site-packages/airflow/example_dags/example_kubernetes_executor.py
[2022-01-03 13:31:05,422] {processor.py:637} INFO - DAG(s) dict_keys(['example_kubernetes_executor']) retrieved from /home/airflow/.local/lib/python3.7/site-packages/airflow/example_dags/example_kubernetes_executor.py
[2022-01-03 13:31:05,437] {logging_mixin.py:109} INFO - [2022-01-03 13:31:05,437] {dag.py:2396} INFO - Sync 1 DAGs
[2022-01-03 13:31:05,458] {logging_mixin.py:109} INFO - [2022-01-03 13:31:05,458] {dag.py:2928} INFO - Setting next_dagrun for example_kubernetes_executor to None
[2022-01-03 13:31:05,472] {processor.py:171} INFO - Processing /home/airflow/.local/lib/python3.7/site-packages/airflow/example_dags/example_kubernetes_executor.py took 0.094 seconds
[2022-01-03 13:31:35,597] {processor.py:163} INFO - Started process (PID=1940) to work on /home/airflow/.local/lib/python3.7/site-packages/airflow/example_dags/example_kubernetes_executor.py
[2022-01-03 13:31:35,599] {processor.py:625} INFO - Processing file /home/airflow/.local/lib/python3.7/site-packages/airflow/example_dags/example_kubernetes_executor.py for tasks to queue
[2022-01-03 13:31:35,600] {logging_mixin.py:109} INFO - [2022-01-03 13:31:35,599] {dagbag.py:500} INFO - Filling up the DagBag from /home/airflow/.local/lib/python3.7/site-packages/airflow/example_dags/example_kubernetes_executor.py
[2022-01-03 13:31:35,641] {processor.py:637} INFO - DAG(s) dict_keys(['example_kubernetes_executor']) retrieved from /home/airflow/.local/lib/python3.7/site-packages/airflow/example_dags/example_kubernetes_executor.py
[2022-01-03 13:31:35,656] {logging_mixin.py:109} INFO - [2022-01-03 13:31:35,655] {dag.py:2396} INFO - Sync 1 DAGs
[2022-01-03 13:31:35,679] {logging_mixin.py:109} INFO - [2022-01-03 13:31:35,678] {dag.py:2928} INFO - Setting next_dagrun for example_kubernetes_executor to None
[2022-01-03 13:31:35,693] {processor.py:171} INFO - Processing /home/airflow/.local/lib/python3.7/site-packages/airflow/example_dags/example_kubernetes_executor.py took 0.101 seconds
[2022-01-03 13:37:35,466] {processor.py:163} INFO - Started process (PID=78) to work on /home/airflow/.local/lib/python3.7/site-packages/airflow/example_dags/example_kubernetes_executor.py
[2022-01-03 13:37:35,469] {processor.py:625} INFO - Processing file /home/airflow/.local/lib/python3.7/site-packages/airflow/example_dags/example_kubernetes_executor.py for tasks to queue
[2022-01-03 13:37:35,470] {logging_mixin.py:109} INFO - [2022-01-03 13:37:35,470] {dagbag.py:500} INFO - Filling up the DagBag from /home/airflow/.local/lib/python3.7/site-packages/airflow/example_dags/example_kubernetes_executor.py
[2022-01-03 13:37:35,537] {processor.py:637} INFO - DAG(s) dict_keys(['example_kubernetes_executor']) retrieved from /home/airflow/.local/lib/python3.7/site-packages/airflow/example_dags/example_kubernetes_executor.py
[2022-01-03 13:37:42,482] {logging_mixin.py:109} INFO - [2022-01-03 13:37:42,482] {providers_manager.py:156} WARNING - Exception when importing 'airflow.providers.google.leveldb.hooks.leveldb.LevelDBHook' from 'apache-airflow-providers-google' package: No module named 'plyvel'
[2022-01-03 13:37:44,402] {logging_mixin.py:109} INFO - [2022-01-03 13:37:44,402] {providers_manager.py:156} WARNING - Exception when importing 'airflow.providers.google.leveldb.hooks.leveldb.LevelDBHook' from 'apache-airflow-providers-google' package: No module named 'plyvel'
[2022-01-03 13:37:44,525] {logging_mixin.py:109} INFO - [2022-01-03 13:37:44,525] {manager.py:496} INFO - Created Permission View: can edit on DAG:example_kubernetes_executor
[2022-01-03 13:37:44,582] {logging_mixin.py:109} INFO - [2022-01-03 13:37:44,580] {manager.py:496} INFO - Created Permission View: can read on DAG:example_kubernetes_executor
[2022-01-03 13:37:44,585] {logging_mixin.py:109} INFO - [2022-01-03 13:37:44,584] {dag.py:2396} INFO - Sync 1 DAGs
[2022-01-03 13:37:44,644] {logging_mixin.py:109} INFO - [2022-01-03 13:37:44,643] {dag.py:2415} INFO - Creating ORM DAG for example_kubernetes_executor
[2022-01-03 13:37:44,687] {logging_mixin.py:109} INFO - [2022-01-03 13:37:44,687] {dag.py:2928} INFO - Setting next_dagrun for example_kubernetes_executor to None
[2022-01-03 13:37:44,756] {processor.py:171} INFO - Processing /home/airflow/.local/lib/python3.7/site-packages/airflow/example_dags/example_kubernetes_executor.py took 9.298 seconds
[2022-01-03 13:38:33,850] {processor.py:163} INFO - Started process (PID=257) to work on /home/airflow/.local/lib/python3.7/site-packages/airflow/example_dags/example_kubernetes_executor.py
[2022-01-03 13:38:33,858] {processor.py:625} INFO - Processing file /home/airflow/.local/lib/python3.7/site-packages/airflow/example_dags/example_kubernetes_executor.py for tasks to queue
[2022-01-03 13:38:33,863] {logging_mixin.py:109} INFO - [2022-01-03 13:38:33,862] {dagbag.py:500} INFO - Filling up the DagBag from /home/airflow/.local/lib/python3.7/site-packages/airflow/example_dags/example_kubernetes_executor.py
[2022-01-03 13:38:34,007] {processor.py:637} INFO - DAG(s) dict_keys(['example_kubernetes_executor']) retrieved from /home/airflow/.local/lib/python3.7/site-packages/airflow/example_dags/example_kubernetes_executor.py
[2022-01-03 13:38:34,042] {logging_mixin.py:109} INFO - [2022-01-03 13:38:34,042] {dag.py:2396} INFO - Sync 1 DAGs
[2022-01-03 13:38:34,071] {logging_mixin.py:109} INFO - [2022-01-03 13:38:34,071] {dag.py:2928} INFO - Setting next_dagrun for example_kubernetes_executor to None
[2022-01-03 13:38:34,092] {processor.py:171} INFO - Processing /home/airflow/.local/lib/python3.7/site-packages/airflow/example_dags/example_kubernetes_executor.py took 0.261 seconds
[2022-01-03 13:39:04,500] {processor.py:163} INFO - Started process (PID=306) to work on /home/airflow/.local/lib/python3.7/site-packages/airflow/example_dags/example_kubernetes_executor.py
[2022-01-03 13:39:04,501] {processor.py:625} INFO - Processing file /home/airflow/.local/lib/python3.7/site-packages/airflow/example_dags/example_kubernetes_executor.py for tasks to queue
[2022-01-03 13:39:04,520] {logging_mixin.py:109} INFO - [2022-01-03 13:39:04,520] {dagbag.py:500} INFO - Filling up the DagBag from /home/airflow/.local/lib/python3.7/site-packages/airflow/example_dags/example_kubernetes_executor.py
[2022-01-03 13:39:04,638] {processor.py:637} INFO - DAG(s) dict_keys(['example_kubernetes_executor']) retrieved from /home/airflow/.local/lib/python3.7/site-packages/airflow/example_dags/example_kubernetes_executor.py
[2022-01-03 13:39:04,671] {logging_mixin.py:109} INFO - [2022-01-03 13:39:04,671] {dag.py:2396} INFO - Sync 1 DAGs
[2022-01-03 13:39:04,703] {logging_mixin.py:109} INFO - [2022-01-03 13:39:04,703] {dag.py:2928} INFO - Setting next_dagrun for example_kubernetes_executor to None
[2022-01-03 13:39:04,795] {processor.py:171} INFO - Processing /home/airflow/.local/lib/python3.7/site-packages/airflow/example_dags/example_kubernetes_executor.py took 0.322 seconds
[2022-01-03 13:42:31,747] {processor.py:163} INFO - Started process (PID=79) to work on /home/airflow/.local/lib/python3.7/site-packages/airflow/example_dags/example_kubernetes_executor.py
[2022-01-03 13:42:31,754] {processor.py:625} INFO - Processing file /home/airflow/.local/lib/python3.7/site-packages/airflow/example_dags/example_kubernetes_executor.py for tasks to queue
[2022-01-03 13:42:31,755] {logging_mixin.py:109} INFO - [2022-01-03 13:42:31,755] {dagbag.py:500} INFO - Filling up the DagBag from /home/airflow/.local/lib/python3.7/site-packages/airflow/example_dags/example_kubernetes_executor.py
[2022-01-03 13:42:31,892] {processor.py:637} INFO - DAG(s) dict_keys(['example_kubernetes_executor']) retrieved from /home/airflow/.local/lib/python3.7/site-packages/airflow/example_dags/example_kubernetes_executor.py
[2022-01-03 13:42:38,989] {logging_mixin.py:109} INFO - [2022-01-03 13:42:38,989] {providers_manager.py:156} WARNING - Exception when importing 'airflow.providers.google.leveldb.hooks.leveldb.LevelDBHook' from 'apache-airflow-providers-google' package: No module named 'plyvel'
[2022-01-03 13:42:41,735] {logging_mixin.py:109} INFO - [2022-01-03 13:42:41,735] {providers_manager.py:156} WARNING - Exception when importing 'airflow.providers.google.leveldb.hooks.leveldb.LevelDBHook' from 'apache-airflow-providers-google' package: No module named 'plyvel'
[2022-01-03 13:42:41,795] {logging_mixin.py:109} INFO - [2022-01-03 13:42:41,794] {manager.py:496} INFO - Created Permission View: can read on DAG:example_kubernetes_executor
[2022-01-03 13:42:41,813] {logging_mixin.py:109} INFO - [2022-01-03 13:42:41,813] {manager.py:496} INFO - Created Permission View: can edit on DAG:example_kubernetes_executor
[2022-01-03 13:42:41,813] {logging_mixin.py:109} INFO - [2022-01-03 13:42:41,813] {dag.py:2396} INFO - Sync 1 DAGs
[2022-01-03 13:42:41,844] {logging_mixin.py:109} INFO - [2022-01-03 13:42:41,844] {dag.py:2415} INFO - Creating ORM DAG for example_kubernetes_executor
[2022-01-03 13:42:41,869] {logging_mixin.py:109} INFO - [2022-01-03 13:42:41,869] {dag.py:2928} INFO - Setting next_dagrun for example_kubernetes_executor to None
[2022-01-03 13:42:41,900] {processor.py:171} INFO - Processing /home/airflow/.local/lib/python3.7/site-packages/airflow/example_dags/example_kubernetes_executor.py took 10.170 seconds
[2022-01-03 13:43:27,208] {processor.py:163} INFO - Started process (PID=245) to work on /home/airflow/.local/lib/python3.7/site-packages/airflow/example_dags/example_kubernetes_executor.py
[2022-01-03 13:43:27,210] {processor.py:625} INFO - Processing file /home/airflow/.local/lib/python3.7/site-packages/airflow/example_dags/example_kubernetes_executor.py for tasks to queue
[2022-01-03 13:43:27,210] {logging_mixin.py:109} INFO - [2022-01-03 13:43:27,210] {dagbag.py:500} INFO - Filling up the DagBag from /home/airflow/.local/lib/python3.7/site-packages/airflow/example_dags/example_kubernetes_executor.py
[2022-01-03 13:43:27,246] {processor.py:637} INFO - DAG(s) dict_keys(['example_kubernetes_executor']) retrieved from /home/airflow/.local/lib/python3.7/site-packages/airflow/example_dags/example_kubernetes_executor.py
[2022-01-03 13:43:27,263] {logging_mixin.py:109} INFO - [2022-01-03 13:43:27,262] {dag.py:2396} INFO - Sync 1 DAGs
[2022-01-03 13:43:27,288] {logging_mixin.py:109} INFO - [2022-01-03 13:43:27,288] {dag.py:2928} INFO - Setting next_dagrun for example_kubernetes_executor to None
[2022-01-03 13:43:27,301] {processor.py:171} INFO - Processing /home/airflow/.local/lib/python3.7/site-packages/airflow/example_dags/example_kubernetes_executor.py took 0.096 seconds
[2022-01-03 13:43:58,252] {processor.py:163} INFO - Started process (PID=305) to work on /home/airflow/.local/lib/python3.7/site-packages/airflow/example_dags/example_kubernetes_executor.py
[2022-01-03 13:43:58,255] {processor.py:625} INFO - Processing file /home/airflow/.local/lib/python3.7/site-packages/airflow/example_dags/example_kubernetes_executor.py for tasks to queue
[2022-01-03 13:43:58,256] {logging_mixin.py:109} INFO - [2022-01-03 13:43:58,256] {dagbag.py:500} INFO - Filling up the DagBag from /home/airflow/.local/lib/python3.7/site-packages/airflow/example_dags/example_kubernetes_executor.py
[2022-01-03 13:43:58,373] {processor.py:637} INFO - DAG(s) dict_keys(['example_kubernetes_executor']) retrieved from /home/airflow/.local/lib/python3.7/site-packages/airflow/example_dags/example_kubernetes_executor.py
[2022-01-03 13:43:58,431] {logging_mixin.py:109} INFO - [2022-01-03 13:43:58,431] {dag.py:2396} INFO - Sync 1 DAGs
[2022-01-03 13:43:58,479] {logging_mixin.py:109} INFO - [2022-01-03 13:43:58,479] {dag.py:2928} INFO - Setting next_dagrun for example_kubernetes_executor to None
[2022-01-03 13:43:58,493] {processor.py:171} INFO - Processing /home/airflow/.local/lib/python3.7/site-packages/airflow/example_dags/example_kubernetes_executor.py took 0.248 seconds
[2022-01-03 13:44:28,953] {processor.py:163} INFO - Started process (PID=355) to work on /home/airflow/.local/lib/python3.7/site-packages/airflow/example_dags/example_kubernetes_executor.py
[2022-01-03 13:44:28,955] {processor.py:625} INFO - Processing file /home/airflow/.local/lib/python3.7/site-packages/airflow/example_dags/example_kubernetes_executor.py for tasks to queue
[2022-01-03 13:44:28,956] {logging_mixin.py:109} INFO - [2022-01-03 13:44:28,956] {dagbag.py:500} INFO - Filling up the DagBag from /home/airflow/.local/lib/python3.7/site-packages/airflow/example_dags/example_kubernetes_executor.py
[2022-01-03 13:44:28,990] {processor.py:637} INFO - DAG(s) dict_keys(['example_kubernetes_executor']) retrieved from /home/airflow/.local/lib/python3.7/site-packages/airflow/example_dags/example_kubernetes_executor.py
[2022-01-03 13:44:29,002] {logging_mixin.py:109} INFO - [2022-01-03 13:44:29,002] {dag.py:2396} INFO - Sync 1 DAGs
[2022-01-03 13:44:29,021] {logging_mixin.py:109} INFO - [2022-01-03 13:44:29,021] {dag.py:2928} INFO - Setting next_dagrun for example_kubernetes_executor to None
[2022-01-03 13:44:29,031] {processor.py:171} INFO - Processing /home/airflow/.local/lib/python3.7/site-packages/airflow/example_dags/example_kubernetes_executor.py took 0.081 seconds
[2022-01-03 13:44:59,481] {processor.py:163} INFO - Started process (PID=405) to work on /home/airflow/.local/lib/python3.7/site-packages/airflow/example_dags/example_kubernetes_executor.py
[2022-01-03 13:44:59,482] {processor.py:625} INFO - Processing file /home/airflow/.local/lib/python3.7/site-packages/airflow/example_dags/example_kubernetes_executor.py for tasks to queue
[2022-01-03 13:44:59,483] {logging_mixin.py:109} INFO - [2022-01-03 13:44:59,482] {dagbag.py:500} INFO - Filling up the DagBag from /home/airflow/.local/lib/python3.7/site-packages/airflow/example_dags/example_kubernetes_executor.py
[2022-01-03 13:44:59,510] {processor.py:637} INFO - DAG(s) dict_keys(['example_kubernetes_executor']) retrieved from /home/airflow/.local/lib/python3.7/site-packages/airflow/example_dags/example_kubernetes_executor.py
[2022-01-03 13:44:59,523] {logging_mixin.py:109} INFO - [2022-01-03 13:44:59,523] {dag.py:2396} INFO - Sync 1 DAGs
[2022-01-03 13:44:59,544] {logging_mixin.py:109} INFO - [2022-01-03 13:44:59,544] {dag.py:2928} INFO - Setting next_dagrun for example_kubernetes_executor to None
[2022-01-03 13:44:59,553] {processor.py:171} INFO - Processing /home/airflow/.local/lib/python3.7/site-packages/airflow/example_dags/example_kubernetes_executor.py took 0.076 seconds
[2022-01-03 13:45:29,965] {processor.py:163} INFO - Started process (PID=457) to work on /home/airflow/.local/lib/python3.7/site-packages/airflow/example_dags/example_kubernetes_executor.py
[2022-01-03 13:45:29,975] {processor.py:625} INFO - Processing file /home/airflow/.local/lib/python3.7/site-packages/airflow/example_dags/example_kubernetes_executor.py for tasks to queue
[2022-01-03 13:45:29,977] {logging_mixin.py:109} INFO - [2022-01-03 13:45:29,977] {dagbag.py:500} INFO - Filling up the DagBag from /home/airflow/.local/lib/python3.7/site-packages/airflow/example_dags/example_kubernetes_executor.py
[2022-01-03 13:45:30,018] {processor.py:637} INFO - DAG(s) dict_keys(['example_kubernetes_executor']) retrieved from /home/airflow/.local/lib/python3.7/site-packages/airflow/example_dags/example_kubernetes_executor.py
[2022-01-03 13:45:30,032] {logging_mixin.py:109} INFO - [2022-01-03 13:45:30,031] {dag.py:2396} INFO - Sync 1 DAGs
[2022-01-03 13:45:30,051] {logging_mixin.py:109} INFO - [2022-01-03 13:45:30,051] {dag.py:2928} INFO - Setting next_dagrun for example_kubernetes_executor to None
[2022-01-03 13:45:30,062] {processor.py:171} INFO - Processing /home/airflow/.local/lib/python3.7/site-packages/airflow/example_dags/example_kubernetes_executor.py took 0.124 seconds
[2022-01-03 13:46:00,436] {processor.py:163} INFO - Started process (PID=520) to work on /home/airflow/.local/lib/python3.7/site-packages/airflow/example_dags/example_kubernetes_executor.py
[2022-01-03 13:46:00,440] {processor.py:625} INFO - Processing file /home/airflow/.local/lib/python3.7/site-packages/airflow/example_dags/example_kubernetes_executor.py for tasks to queue
[2022-01-03 13:46:00,446] {logging_mixin.py:109} INFO - [2022-01-03 13:46:00,446] {dagbag.py:500} INFO - Filling up the DagBag from /home/airflow/.local/lib/python3.7/site-packages/airflow/example_dags/example_kubernetes_executor.py
[2022-01-03 13:46:00,499] {processor.py:637} INFO - DAG(s) dict_keys(['example_kubernetes_executor']) retrieved from /home/airflow/.local/lib/python3.7/site-packages/airflow/example_dags/example_kubernetes_executor.py
[2022-01-03 13:46:00,571] {logging_mixin.py:109} INFO - [2022-01-03 13:46:00,571] {dag.py:2396} INFO - Sync 1 DAGs
[2022-01-03 13:46:00,754] {logging_mixin.py:109} INFO - [2022-01-03 13:46:00,754] {dag.py:2928} INFO - Setting next_dagrun for example_kubernetes_executor to None
[2022-01-03 13:46:00,857] {processor.py:171} INFO - Processing /home/airflow/.local/lib/python3.7/site-packages/airflow/example_dags/example_kubernetes_executor.py took 0.428 seconds
[2022-01-03 13:46:30,923] {processor.py:163} INFO - Started process (PID=571) to work on /home/airflow/.local/lib/python3.7/site-packages/airflow/example_dags/example_kubernetes_executor.py
[2022-01-03 13:46:30,930] {processor.py:625} INFO - Processing file /home/airflow/.local/lib/python3.7/site-packages/airflow/example_dags/example_kubernetes_executor.py for tasks to queue
[2022-01-03 13:46:30,932] {logging_mixin.py:109} INFO - [2022-01-03 13:46:30,932] {dagbag.py:500} INFO - Filling up the DagBag from /home/airflow/.local/lib/python3.7/site-packages/airflow/example_dags/example_kubernetes_executor.py
[2022-01-03 13:46:30,974] {processor.py:637} INFO - DAG(s) dict_keys(['example_kubernetes_executor']) retrieved from /home/airflow/.local/lib/python3.7/site-packages/airflow/example_dags/example_kubernetes_executor.py
[2022-01-03 13:46:30,989] {logging_mixin.py:109} INFO - [2022-01-03 13:46:30,989] {dag.py:2396} INFO - Sync 1 DAGs
[2022-01-03 13:46:31,015] {logging_mixin.py:109} INFO - [2022-01-03 13:46:31,015] {dag.py:2928} INFO - Setting next_dagrun for example_kubernetes_executor to None
[2022-01-03 13:46:31,036] {processor.py:171} INFO - Processing /home/airflow/.local/lib/python3.7/site-packages/airflow/example_dags/example_kubernetes_executor.py took 0.118 seconds
