[2022-01-03 12:28:06,556] {processor.py:163} INFO - Started process (PID=127) to work on /home/airflow/.local/lib/python3.7/site-packages/airflow/example_dags/tutorial_etl_dag.py
[2022-01-03 12:28:06,557] {processor.py:625} INFO - Processing file /home/airflow/.local/lib/python3.7/site-packages/airflow/example_dags/tutorial_etl_dag.py for tasks to queue
[2022-01-03 12:28:06,559] {logging_mixin.py:109} INFO - [2022-01-03 12:28:06,558] {dagbag.py:500} INFO - Filling up the DagBag from /home/airflow/.local/lib/python3.7/site-packages/airflow/example_dags/tutorial_etl_dag.py
[2022-01-03 12:28:06,598] {processor.py:637} INFO - DAG(s) dict_keys(['tutorial_etl_dag']) retrieved from /home/airflow/.local/lib/python3.7/site-packages/airflow/example_dags/tutorial_etl_dag.py
[2022-01-03 12:28:11,009] {logging_mixin.py:109} INFO - [2022-01-03 12:28:11,008] {providers_manager.py:156} WARNING - Exception when importing 'airflow.providers.google.leveldb.hooks.leveldb.LevelDBHook' from 'apache-airflow-providers-google' package: No module named 'plyvel'
[2022-01-03 12:28:12,327] {logging_mixin.py:109} INFO - [2022-01-03 12:28:12,327] {providers_manager.py:156} WARNING - Exception when importing 'airflow.providers.google.leveldb.hooks.leveldb.LevelDBHook' from 'apache-airflow-providers-google' package: No module named 'plyvel'
[2022-01-03 12:28:12,420] {logging_mixin.py:109} INFO - [2022-01-03 12:28:12,420] {manager.py:496} INFO - Created Permission View: can read on DAG:tutorial_etl_dag
[2022-01-03 12:28:12,485] {logging_mixin.py:109} INFO - [2022-01-03 12:28:12,485] {manager.py:496} INFO - Created Permission View: can edit on DAG:tutorial_etl_dag
[2022-01-03 12:28:12,485] {logging_mixin.py:109} INFO - [2022-01-03 12:28:12,485] {dag.py:2396} INFO - Sync 1 DAGs
[2022-01-03 12:28:12,576] {logging_mixin.py:109} INFO - [2022-01-03 12:28:12,575] {dag.py:2415} INFO - Creating ORM DAG for tutorial_etl_dag
[2022-01-03 12:28:12,667] {logging_mixin.py:109} INFO - [2022-01-03 12:28:12,666] {dag.py:2928} INFO - Setting next_dagrun for tutorial_etl_dag to None
[2022-01-03 12:28:12,740] {processor.py:171} INFO - Processing /home/airflow/.local/lib/python3.7/site-packages/airflow/example_dags/tutorial_etl_dag.py took 6.189 seconds
[2022-01-03 12:29:00,441] {processor.py:163} INFO - Started process (PID=274) to work on /home/airflow/.local/lib/python3.7/site-packages/airflow/example_dags/tutorial_etl_dag.py
[2022-01-03 12:29:00,442] {processor.py:625} INFO - Processing file /home/airflow/.local/lib/python3.7/site-packages/airflow/example_dags/tutorial_etl_dag.py for tasks to queue
[2022-01-03 12:29:00,443] {logging_mixin.py:109} INFO - [2022-01-03 12:29:00,443] {dagbag.py:500} INFO - Filling up the DagBag from /home/airflow/.local/lib/python3.7/site-packages/airflow/example_dags/tutorial_etl_dag.py
[2022-01-03 12:29:00,477] {processor.py:637} INFO - DAG(s) dict_keys(['tutorial_etl_dag']) retrieved from /home/airflow/.local/lib/python3.7/site-packages/airflow/example_dags/tutorial_etl_dag.py
[2022-01-03 12:29:00,492] {logging_mixin.py:109} INFO - [2022-01-03 12:29:00,492] {dag.py:2396} INFO - Sync 1 DAGs
[2022-01-03 12:29:00,519] {logging_mixin.py:109} INFO - [2022-01-03 12:29:00,519] {dag.py:2928} INFO - Setting next_dagrun for tutorial_etl_dag to None
[2022-01-03 12:29:00,532] {processor.py:171} INFO - Processing /home/airflow/.local/lib/python3.7/site-packages/airflow/example_dags/tutorial_etl_dag.py took 0.096 seconds
[2022-01-03 12:29:31,041] {processor.py:163} INFO - Started process (PID=323) to work on /home/airflow/.local/lib/python3.7/site-packages/airflow/example_dags/tutorial_etl_dag.py
[2022-01-03 12:29:31,043] {processor.py:625} INFO - Processing file /home/airflow/.local/lib/python3.7/site-packages/airflow/example_dags/tutorial_etl_dag.py for tasks to queue
[2022-01-03 12:29:31,043] {logging_mixin.py:109} INFO - [2022-01-03 12:29:31,043] {dagbag.py:500} INFO - Filling up the DagBag from /home/airflow/.local/lib/python3.7/site-packages/airflow/example_dags/tutorial_etl_dag.py
[2022-01-03 12:29:31,101] {processor.py:637} INFO - DAG(s) dict_keys(['tutorial_etl_dag']) retrieved from /home/airflow/.local/lib/python3.7/site-packages/airflow/example_dags/tutorial_etl_dag.py
[2022-01-03 12:29:31,116] {logging_mixin.py:109} INFO - [2022-01-03 12:29:31,116] {dag.py:2396} INFO - Sync 1 DAGs
[2022-01-03 12:29:31,151] {logging_mixin.py:109} INFO - [2022-01-03 12:29:31,151] {dag.py:2928} INFO - Setting next_dagrun for tutorial_etl_dag to None
[2022-01-03 12:29:31,164] {processor.py:171} INFO - Processing /home/airflow/.local/lib/python3.7/site-packages/airflow/example_dags/tutorial_etl_dag.py took 0.125 seconds
[2022-01-03 12:30:01,918] {processor.py:163} INFO - Started process (PID=375) to work on /home/airflow/.local/lib/python3.7/site-packages/airflow/example_dags/tutorial_etl_dag.py
[2022-01-03 12:30:01,919] {processor.py:625} INFO - Processing file /home/airflow/.local/lib/python3.7/site-packages/airflow/example_dags/tutorial_etl_dag.py for tasks to queue
[2022-01-03 12:30:01,920] {logging_mixin.py:109} INFO - [2022-01-03 12:30:01,920] {dagbag.py:500} INFO - Filling up the DagBag from /home/airflow/.local/lib/python3.7/site-packages/airflow/example_dags/tutorial_etl_dag.py
[2022-01-03 12:30:01,954] {processor.py:637} INFO - DAG(s) dict_keys(['tutorial_etl_dag']) retrieved from /home/airflow/.local/lib/python3.7/site-packages/airflow/example_dags/tutorial_etl_dag.py
[2022-01-03 12:30:01,967] {logging_mixin.py:109} INFO - [2022-01-03 12:30:01,967] {dag.py:2396} INFO - Sync 1 DAGs
[2022-01-03 12:30:01,995] {logging_mixin.py:109} INFO - [2022-01-03 12:30:01,995] {dag.py:2928} INFO - Setting next_dagrun for tutorial_etl_dag to None
[2022-01-03 12:30:02,008] {processor.py:171} INFO - Processing /home/airflow/.local/lib/python3.7/site-packages/airflow/example_dags/tutorial_etl_dag.py took 0.093 seconds
[2022-01-03 12:30:32,590] {processor.py:163} INFO - Started process (PID=428) to work on /home/airflow/.local/lib/python3.7/site-packages/airflow/example_dags/tutorial_etl_dag.py
[2022-01-03 12:30:32,594] {processor.py:625} INFO - Processing file /home/airflow/.local/lib/python3.7/site-packages/airflow/example_dags/tutorial_etl_dag.py for tasks to queue
[2022-01-03 12:30:32,595] {logging_mixin.py:109} INFO - [2022-01-03 12:30:32,595] {dagbag.py:500} INFO - Filling up the DagBag from /home/airflow/.local/lib/python3.7/site-packages/airflow/example_dags/tutorial_etl_dag.py
[2022-01-03 12:30:32,663] {processor.py:637} INFO - DAG(s) dict_keys(['tutorial_etl_dag']) retrieved from /home/airflow/.local/lib/python3.7/site-packages/airflow/example_dags/tutorial_etl_dag.py
[2022-01-03 12:30:32,690] {logging_mixin.py:109} INFO - [2022-01-03 12:30:32,690] {dag.py:2396} INFO - Sync 1 DAGs
[2022-01-03 12:30:32,737] {logging_mixin.py:109} INFO - [2022-01-03 12:30:32,737] {dag.py:2928} INFO - Setting next_dagrun for tutorial_etl_dag to None
[2022-01-03 12:30:32,760] {processor.py:171} INFO - Processing /home/airflow/.local/lib/python3.7/site-packages/airflow/example_dags/tutorial_etl_dag.py took 0.174 seconds
[2022-01-03 12:31:03,350] {processor.py:163} INFO - Started process (PID=479) to work on /home/airflow/.local/lib/python3.7/site-packages/airflow/example_dags/tutorial_etl_dag.py
[2022-01-03 12:31:03,361] {processor.py:625} INFO - Processing file /home/airflow/.local/lib/python3.7/site-packages/airflow/example_dags/tutorial_etl_dag.py for tasks to queue
[2022-01-03 12:31:03,362] {logging_mixin.py:109} INFO - [2022-01-03 12:31:03,362] {dagbag.py:500} INFO - Filling up the DagBag from /home/airflow/.local/lib/python3.7/site-packages/airflow/example_dags/tutorial_etl_dag.py
[2022-01-03 12:31:03,537] {processor.py:637} INFO - DAG(s) dict_keys(['tutorial_etl_dag']) retrieved from /home/airflow/.local/lib/python3.7/site-packages/airflow/example_dags/tutorial_etl_dag.py
[2022-01-03 12:31:03,608] {logging_mixin.py:109} INFO - [2022-01-03 12:31:03,607] {dag.py:2396} INFO - Sync 1 DAGs
[2022-01-03 12:31:03,732] {logging_mixin.py:109} INFO - [2022-01-03 12:31:03,732] {dag.py:2928} INFO - Setting next_dagrun for tutorial_etl_dag to None
[2022-01-03 12:31:03,796] {processor.py:171} INFO - Processing /home/airflow/.local/lib/python3.7/site-packages/airflow/example_dags/tutorial_etl_dag.py took 0.483 seconds
[2022-01-03 12:31:34,274] {processor.py:163} INFO - Started process (PID=532) to work on /home/airflow/.local/lib/python3.7/site-packages/airflow/example_dags/tutorial_etl_dag.py
[2022-01-03 12:31:34,276] {processor.py:625} INFO - Processing file /home/airflow/.local/lib/python3.7/site-packages/airflow/example_dags/tutorial_etl_dag.py for tasks to queue
[2022-01-03 12:31:34,277] {logging_mixin.py:109} INFO - [2022-01-03 12:31:34,276] {dagbag.py:500} INFO - Filling up the DagBag from /home/airflow/.local/lib/python3.7/site-packages/airflow/example_dags/tutorial_etl_dag.py
[2022-01-03 12:31:34,407] {processor.py:637} INFO - DAG(s) dict_keys(['tutorial_etl_dag']) retrieved from /home/airflow/.local/lib/python3.7/site-packages/airflow/example_dags/tutorial_etl_dag.py
[2022-01-03 12:31:34,424] {logging_mixin.py:109} INFO - [2022-01-03 12:31:34,423] {dag.py:2396} INFO - Sync 1 DAGs
[2022-01-03 12:31:34,511] {logging_mixin.py:109} INFO - [2022-01-03 12:31:34,511] {dag.py:2928} INFO - Setting next_dagrun for tutorial_etl_dag to None
[2022-01-03 12:31:34,564] {processor.py:171} INFO - Processing /home/airflow/.local/lib/python3.7/site-packages/airflow/example_dags/tutorial_etl_dag.py took 0.298 seconds
[2022-01-03 12:32:05,333] {processor.py:163} INFO - Started process (PID=579) to work on /home/airflow/.local/lib/python3.7/site-packages/airflow/example_dags/tutorial_etl_dag.py
[2022-01-03 12:32:05,335] {processor.py:625} INFO - Processing file /home/airflow/.local/lib/python3.7/site-packages/airflow/example_dags/tutorial_etl_dag.py for tasks to queue
[2022-01-03 12:32:05,336] {logging_mixin.py:109} INFO - [2022-01-03 12:32:05,336] {dagbag.py:500} INFO - Filling up the DagBag from /home/airflow/.local/lib/python3.7/site-packages/airflow/example_dags/tutorial_etl_dag.py
[2022-01-03 12:32:05,389] {processor.py:637} INFO - DAG(s) dict_keys(['tutorial_etl_dag']) retrieved from /home/airflow/.local/lib/python3.7/site-packages/airflow/example_dags/tutorial_etl_dag.py
[2022-01-03 12:32:05,419] {logging_mixin.py:109} INFO - [2022-01-03 12:32:05,419] {dag.py:2396} INFO - Sync 1 DAGs
[2022-01-03 12:32:05,448] {logging_mixin.py:109} INFO - [2022-01-03 12:32:05,448] {dag.py:2928} INFO - Setting next_dagrun for tutorial_etl_dag to None
[2022-01-03 12:32:05,464] {processor.py:171} INFO - Processing /home/airflow/.local/lib/python3.7/site-packages/airflow/example_dags/tutorial_etl_dag.py took 0.140 seconds
[2022-01-03 13:13:43,697] {processor.py:163} INFO - Started process (PID=59) to work on /home/airflow/.local/lib/python3.7/site-packages/airflow/example_dags/tutorial_etl_dag.py
[2022-01-03 13:13:43,737] {processor.py:625} INFO - Processing file /home/airflow/.local/lib/python3.7/site-packages/airflow/example_dags/tutorial_etl_dag.py for tasks to queue
[2022-01-03 13:13:43,743] {logging_mixin.py:109} INFO - [2022-01-03 13:13:43,743] {dagbag.py:500} INFO - Filling up the DagBag from /home/airflow/.local/lib/python3.7/site-packages/airflow/example_dags/tutorial_etl_dag.py
[2022-01-03 13:13:43,918] {processor.py:637} INFO - DAG(s) dict_keys(['tutorial_etl_dag']) retrieved from /home/airflow/.local/lib/python3.7/site-packages/airflow/example_dags/tutorial_etl_dag.py
[2022-01-03 13:13:44,022] {logging_mixin.py:109} INFO - [2022-01-03 13:13:44,022] {dag.py:2396} INFO - Sync 1 DAGs
[2022-01-03 13:13:44,119] {logging_mixin.py:109} INFO - [2022-01-03 13:13:44,119] {dag.py:2928} INFO - Setting next_dagrun for tutorial_etl_dag to None
[2022-01-03 13:13:44,202] {processor.py:171} INFO - Processing /home/airflow/.local/lib/python3.7/site-packages/airflow/example_dags/tutorial_etl_dag.py took 0.508 seconds
[2022-01-03 13:14:15,070] {processor.py:163} INFO - Started process (PID=116) to work on /home/airflow/.local/lib/python3.7/site-packages/airflow/example_dags/tutorial_etl_dag.py
[2022-01-03 13:14:15,075] {processor.py:625} INFO - Processing file /home/airflow/.local/lib/python3.7/site-packages/airflow/example_dags/tutorial_etl_dag.py for tasks to queue
[2022-01-03 13:14:15,076] {logging_mixin.py:109} INFO - [2022-01-03 13:14:15,076] {dagbag.py:500} INFO - Filling up the DagBag from /home/airflow/.local/lib/python3.7/site-packages/airflow/example_dags/tutorial_etl_dag.py
[2022-01-03 13:14:15,103] {processor.py:637} INFO - DAG(s) dict_keys(['tutorial_etl_dag']) retrieved from /home/airflow/.local/lib/python3.7/site-packages/airflow/example_dags/tutorial_etl_dag.py
[2022-01-03 13:14:15,115] {logging_mixin.py:109} INFO - [2022-01-03 13:14:15,115] {dag.py:2396} INFO - Sync 1 DAGs
[2022-01-03 13:14:15,139] {logging_mixin.py:109} INFO - [2022-01-03 13:14:15,139] {dag.py:2928} INFO - Setting next_dagrun for tutorial_etl_dag to None
[2022-01-03 13:14:15,151] {processor.py:171} INFO - Processing /home/airflow/.local/lib/python3.7/site-packages/airflow/example_dags/tutorial_etl_dag.py took 0.085 seconds
[2022-01-03 13:14:45,871] {processor.py:163} INFO - Started process (PID=170) to work on /home/airflow/.local/lib/python3.7/site-packages/airflow/example_dags/tutorial_etl_dag.py
[2022-01-03 13:14:45,873] {processor.py:625} INFO - Processing file /home/airflow/.local/lib/python3.7/site-packages/airflow/example_dags/tutorial_etl_dag.py for tasks to queue
[2022-01-03 13:14:45,874] {logging_mixin.py:109} INFO - [2022-01-03 13:14:45,874] {dagbag.py:500} INFO - Filling up the DagBag from /home/airflow/.local/lib/python3.7/site-packages/airflow/example_dags/tutorial_etl_dag.py
[2022-01-03 13:14:45,978] {processor.py:637} INFO - DAG(s) dict_keys(['tutorial_etl_dag']) retrieved from /home/airflow/.local/lib/python3.7/site-packages/airflow/example_dags/tutorial_etl_dag.py
[2022-01-03 13:14:46,039] {logging_mixin.py:109} INFO - [2022-01-03 13:14:46,039] {dag.py:2396} INFO - Sync 1 DAGs
[2022-01-03 13:14:46,147] {logging_mixin.py:109} INFO - [2022-01-03 13:14:46,147] {dag.py:2928} INFO - Setting next_dagrun for tutorial_etl_dag to None
[2022-01-03 13:14:46,190] {processor.py:171} INFO - Processing /home/airflow/.local/lib/python3.7/site-packages/airflow/example_dags/tutorial_etl_dag.py took 0.324 seconds
[2022-01-03 13:15:17,023] {processor.py:163} INFO - Started process (PID=222) to work on /home/airflow/.local/lib/python3.7/site-packages/airflow/example_dags/tutorial_etl_dag.py
[2022-01-03 13:15:17,028] {processor.py:625} INFO - Processing file /home/airflow/.local/lib/python3.7/site-packages/airflow/example_dags/tutorial_etl_dag.py for tasks to queue
[2022-01-03 13:15:17,028] {logging_mixin.py:109} INFO - [2022-01-03 13:15:17,028] {dagbag.py:500} INFO - Filling up the DagBag from /home/airflow/.local/lib/python3.7/site-packages/airflow/example_dags/tutorial_etl_dag.py
[2022-01-03 13:15:17,142] {processor.py:637} INFO - DAG(s) dict_keys(['tutorial_etl_dag']) retrieved from /home/airflow/.local/lib/python3.7/site-packages/airflow/example_dags/tutorial_etl_dag.py
[2022-01-03 13:15:17,177] {logging_mixin.py:109} INFO - [2022-01-03 13:15:17,177] {dag.py:2396} INFO - Sync 1 DAGs
[2022-01-03 13:15:17,203] {logging_mixin.py:109} INFO - [2022-01-03 13:15:17,203] {dag.py:2928} INFO - Setting next_dagrun for tutorial_etl_dag to None
[2022-01-03 13:15:17,220] {processor.py:171} INFO - Processing /home/airflow/.local/lib/python3.7/site-packages/airflow/example_dags/tutorial_etl_dag.py took 0.211 seconds
[2022-01-03 13:15:48,077] {processor.py:163} INFO - Started process (PID=278) to work on /home/airflow/.local/lib/python3.7/site-packages/airflow/example_dags/tutorial_etl_dag.py
[2022-01-03 13:15:48,079] {processor.py:625} INFO - Processing file /home/airflow/.local/lib/python3.7/site-packages/airflow/example_dags/tutorial_etl_dag.py for tasks to queue
[2022-01-03 13:15:48,080] {logging_mixin.py:109} INFO - [2022-01-03 13:15:48,080] {dagbag.py:500} INFO - Filling up the DagBag from /home/airflow/.local/lib/python3.7/site-packages/airflow/example_dags/tutorial_etl_dag.py
[2022-01-03 13:15:48,156] {processor.py:637} INFO - DAG(s) dict_keys(['tutorial_etl_dag']) retrieved from /home/airflow/.local/lib/python3.7/site-packages/airflow/example_dags/tutorial_etl_dag.py
[2022-01-03 13:15:48,191] {logging_mixin.py:109} INFO - [2022-01-03 13:15:48,191] {dag.py:2396} INFO - Sync 1 DAGs
[2022-01-03 13:15:48,215] {logging_mixin.py:109} INFO - [2022-01-03 13:15:48,215] {dag.py:2928} INFO - Setting next_dagrun for tutorial_etl_dag to None
[2022-01-03 13:15:48,229] {processor.py:171} INFO - Processing /home/airflow/.local/lib/python3.7/site-packages/airflow/example_dags/tutorial_etl_dag.py took 0.156 seconds
[2022-01-03 13:16:18,648] {processor.py:163} INFO - Started process (PID=345) to work on /home/airflow/.local/lib/python3.7/site-packages/airflow/example_dags/tutorial_etl_dag.py
[2022-01-03 13:16:18,650] {processor.py:625} INFO - Processing file /home/airflow/.local/lib/python3.7/site-packages/airflow/example_dags/tutorial_etl_dag.py for tasks to queue
[2022-01-03 13:16:18,650] {logging_mixin.py:109} INFO - [2022-01-03 13:16:18,650] {dagbag.py:500} INFO - Filling up the DagBag from /home/airflow/.local/lib/python3.7/site-packages/airflow/example_dags/tutorial_etl_dag.py
[2022-01-03 13:16:18,686] {processor.py:637} INFO - DAG(s) dict_keys(['tutorial_etl_dag']) retrieved from /home/airflow/.local/lib/python3.7/site-packages/airflow/example_dags/tutorial_etl_dag.py
[2022-01-03 13:16:18,701] {logging_mixin.py:109} INFO - [2022-01-03 13:16:18,701] {dag.py:2396} INFO - Sync 1 DAGs
[2022-01-03 13:16:18,728] {logging_mixin.py:109} INFO - [2022-01-03 13:16:18,728] {dag.py:2928} INFO - Setting next_dagrun for tutorial_etl_dag to None
[2022-01-03 13:16:18,748] {processor.py:171} INFO - Processing /home/airflow/.local/lib/python3.7/site-packages/airflow/example_dags/tutorial_etl_dag.py took 0.103 seconds
[2022-01-03 13:16:48,977] {processor.py:163} INFO - Started process (PID=395) to work on /home/airflow/.local/lib/python3.7/site-packages/airflow/example_dags/tutorial_etl_dag.py
[2022-01-03 13:16:48,981] {processor.py:625} INFO - Processing file /home/airflow/.local/lib/python3.7/site-packages/airflow/example_dags/tutorial_etl_dag.py for tasks to queue
[2022-01-03 13:16:48,986] {logging_mixin.py:109} INFO - [2022-01-03 13:16:48,985] {dagbag.py:500} INFO - Filling up the DagBag from /home/airflow/.local/lib/python3.7/site-packages/airflow/example_dags/tutorial_etl_dag.py
[2022-01-03 13:16:49,064] {processor.py:637} INFO - DAG(s) dict_keys(['tutorial_etl_dag']) retrieved from /home/airflow/.local/lib/python3.7/site-packages/airflow/example_dags/tutorial_etl_dag.py
[2022-01-03 13:16:49,075] {logging_mixin.py:109} INFO - [2022-01-03 13:16:49,075] {dag.py:2396} INFO - Sync 1 DAGs
[2022-01-03 13:16:49,093] {logging_mixin.py:109} INFO - [2022-01-03 13:16:49,093] {dag.py:2928} INFO - Setting next_dagrun for tutorial_etl_dag to None
[2022-01-03 13:16:49,107] {processor.py:171} INFO - Processing /home/airflow/.local/lib/python3.7/site-packages/airflow/example_dags/tutorial_etl_dag.py took 0.139 seconds
[2022-01-03 13:17:20,102] {processor.py:163} INFO - Started process (PID=446) to work on /home/airflow/.local/lib/python3.7/site-packages/airflow/example_dags/tutorial_etl_dag.py
[2022-01-03 13:17:20,108] {processor.py:625} INFO - Processing file /home/airflow/.local/lib/python3.7/site-packages/airflow/example_dags/tutorial_etl_dag.py for tasks to queue
[2022-01-03 13:17:20,109] {logging_mixin.py:109} INFO - [2022-01-03 13:17:20,109] {dagbag.py:500} INFO - Filling up the DagBag from /home/airflow/.local/lib/python3.7/site-packages/airflow/example_dags/tutorial_etl_dag.py
[2022-01-03 13:17:20,168] {processor.py:637} INFO - DAG(s) dict_keys(['tutorial_etl_dag']) retrieved from /home/airflow/.local/lib/python3.7/site-packages/airflow/example_dags/tutorial_etl_dag.py
[2022-01-03 13:17:20,190] {logging_mixin.py:109} INFO - [2022-01-03 13:17:20,190] {dag.py:2396} INFO - Sync 1 DAGs
[2022-01-03 13:17:20,221] {logging_mixin.py:109} INFO - [2022-01-03 13:17:20,221] {dag.py:2928} INFO - Setting next_dagrun for tutorial_etl_dag to None
[2022-01-03 13:17:20,240] {processor.py:171} INFO - Processing /home/airflow/.local/lib/python3.7/site-packages/airflow/example_dags/tutorial_etl_dag.py took 0.141 seconds
[2022-01-03 13:17:51,164] {processor.py:163} INFO - Started process (PID=499) to work on /home/airflow/.local/lib/python3.7/site-packages/airflow/example_dags/tutorial_etl_dag.py
[2022-01-03 13:17:51,165] {processor.py:625} INFO - Processing file /home/airflow/.local/lib/python3.7/site-packages/airflow/example_dags/tutorial_etl_dag.py for tasks to queue
[2022-01-03 13:17:51,166] {logging_mixin.py:109} INFO - [2022-01-03 13:17:51,166] {dagbag.py:500} INFO - Filling up the DagBag from /home/airflow/.local/lib/python3.7/site-packages/airflow/example_dags/tutorial_etl_dag.py
[2022-01-03 13:17:51,214] {processor.py:637} INFO - DAG(s) dict_keys(['tutorial_etl_dag']) retrieved from /home/airflow/.local/lib/python3.7/site-packages/airflow/example_dags/tutorial_etl_dag.py
[2022-01-03 13:17:51,231] {logging_mixin.py:109} INFO - [2022-01-03 13:17:51,231] {dag.py:2396} INFO - Sync 1 DAGs
[2022-01-03 13:17:51,258] {logging_mixin.py:109} INFO - [2022-01-03 13:17:51,257] {dag.py:2928} INFO - Setting next_dagrun for tutorial_etl_dag to None
[2022-01-03 13:17:51,274] {processor.py:171} INFO - Processing /home/airflow/.local/lib/python3.7/site-packages/airflow/example_dags/tutorial_etl_dag.py took 0.114 seconds
[2022-01-03 13:18:21,550] {processor.py:163} INFO - Started process (PID=550) to work on /home/airflow/.local/lib/python3.7/site-packages/airflow/example_dags/tutorial_etl_dag.py
[2022-01-03 13:18:21,557] {processor.py:625} INFO - Processing file /home/airflow/.local/lib/python3.7/site-packages/airflow/example_dags/tutorial_etl_dag.py for tasks to queue
[2022-01-03 13:18:21,558] {logging_mixin.py:109} INFO - [2022-01-03 13:18:21,557] {dagbag.py:500} INFO - Filling up the DagBag from /home/airflow/.local/lib/python3.7/site-packages/airflow/example_dags/tutorial_etl_dag.py
[2022-01-03 13:18:21,602] {processor.py:637} INFO - DAG(s) dict_keys(['tutorial_etl_dag']) retrieved from /home/airflow/.local/lib/python3.7/site-packages/airflow/example_dags/tutorial_etl_dag.py
[2022-01-03 13:18:21,621] {logging_mixin.py:109} INFO - [2022-01-03 13:18:21,620] {dag.py:2396} INFO - Sync 1 DAGs
[2022-01-03 13:18:21,699] {logging_mixin.py:109} INFO - [2022-01-03 13:18:21,698] {dag.py:2928} INFO - Setting next_dagrun for tutorial_etl_dag to None
[2022-01-03 13:18:21,727] {processor.py:171} INFO - Processing /home/airflow/.local/lib/python3.7/site-packages/airflow/example_dags/tutorial_etl_dag.py took 0.180 seconds
[2022-01-03 13:18:51,979] {processor.py:163} INFO - Started process (PID=612) to work on /home/airflow/.local/lib/python3.7/site-packages/airflow/example_dags/tutorial_etl_dag.py
[2022-01-03 13:18:51,982] {processor.py:625} INFO - Processing file /home/airflow/.local/lib/python3.7/site-packages/airflow/example_dags/tutorial_etl_dag.py for tasks to queue
[2022-01-03 13:18:51,985] {logging_mixin.py:109} INFO - [2022-01-03 13:18:51,985] {dagbag.py:500} INFO - Filling up the DagBag from /home/airflow/.local/lib/python3.7/site-packages/airflow/example_dags/tutorial_etl_dag.py
[2022-01-03 13:18:52,060] {processor.py:637} INFO - DAG(s) dict_keys(['tutorial_etl_dag']) retrieved from /home/airflow/.local/lib/python3.7/site-packages/airflow/example_dags/tutorial_etl_dag.py
[2022-01-03 13:18:52,075] {logging_mixin.py:109} INFO - [2022-01-03 13:18:52,075] {dag.py:2396} INFO - Sync 1 DAGs
[2022-01-03 13:18:52,128] {logging_mixin.py:109} INFO - [2022-01-03 13:18:52,128] {dag.py:2928} INFO - Setting next_dagrun for tutorial_etl_dag to None
[2022-01-03 13:18:52,170] {processor.py:171} INFO - Processing /home/airflow/.local/lib/python3.7/site-packages/airflow/example_dags/tutorial_etl_dag.py took 0.196 seconds
[2022-01-03 13:19:22,629] {processor.py:163} INFO - Started process (PID=662) to work on /home/airflow/.local/lib/python3.7/site-packages/airflow/example_dags/tutorial_etl_dag.py
[2022-01-03 13:19:22,631] {processor.py:625} INFO - Processing file /home/airflow/.local/lib/python3.7/site-packages/airflow/example_dags/tutorial_etl_dag.py for tasks to queue
[2022-01-03 13:19:22,631] {logging_mixin.py:109} INFO - [2022-01-03 13:19:22,631] {dagbag.py:500} INFO - Filling up the DagBag from /home/airflow/.local/lib/python3.7/site-packages/airflow/example_dags/tutorial_etl_dag.py
[2022-01-03 13:19:22,668] {processor.py:637} INFO - DAG(s) dict_keys(['tutorial_etl_dag']) retrieved from /home/airflow/.local/lib/python3.7/site-packages/airflow/example_dags/tutorial_etl_dag.py
[2022-01-03 13:19:22,679] {logging_mixin.py:109} INFO - [2022-01-03 13:19:22,679] {dag.py:2396} INFO - Sync 1 DAGs
[2022-01-03 13:19:22,698] {logging_mixin.py:109} INFO - [2022-01-03 13:19:22,698] {dag.py:2928} INFO - Setting next_dagrun for tutorial_etl_dag to None
[2022-01-03 13:19:22,709] {processor.py:171} INFO - Processing /home/airflow/.local/lib/python3.7/site-packages/airflow/example_dags/tutorial_etl_dag.py took 0.085 seconds
[2022-01-03 13:19:53,455] {processor.py:163} INFO - Started process (PID=712) to work on /home/airflow/.local/lib/python3.7/site-packages/airflow/example_dags/tutorial_etl_dag.py
[2022-01-03 13:19:53,457] {processor.py:625} INFO - Processing file /home/airflow/.local/lib/python3.7/site-packages/airflow/example_dags/tutorial_etl_dag.py for tasks to queue
[2022-01-03 13:19:53,458] {logging_mixin.py:109} INFO - [2022-01-03 13:19:53,457] {dagbag.py:500} INFO - Filling up the DagBag from /home/airflow/.local/lib/python3.7/site-packages/airflow/example_dags/tutorial_etl_dag.py
[2022-01-03 13:19:53,487] {processor.py:637} INFO - DAG(s) dict_keys(['tutorial_etl_dag']) retrieved from /home/airflow/.local/lib/python3.7/site-packages/airflow/example_dags/tutorial_etl_dag.py
[2022-01-03 13:19:53,503] {logging_mixin.py:109} INFO - [2022-01-03 13:19:53,503] {dag.py:2396} INFO - Sync 1 DAGs
[2022-01-03 13:19:53,530] {logging_mixin.py:109} INFO - [2022-01-03 13:19:53,530] {dag.py:2928} INFO - Setting next_dagrun for tutorial_etl_dag to None
[2022-01-03 13:19:53,544] {processor.py:171} INFO - Processing /home/airflow/.local/lib/python3.7/site-packages/airflow/example_dags/tutorial_etl_dag.py took 0.092 seconds
[2022-01-03 13:20:24,252] {processor.py:163} INFO - Started process (PID=766) to work on /home/airflow/.local/lib/python3.7/site-packages/airflow/example_dags/tutorial_etl_dag.py
[2022-01-03 13:20:24,258] {processor.py:625} INFO - Processing file /home/airflow/.local/lib/python3.7/site-packages/airflow/example_dags/tutorial_etl_dag.py for tasks to queue
[2022-01-03 13:20:24,259] {logging_mixin.py:109} INFO - [2022-01-03 13:20:24,258] {dagbag.py:500} INFO - Filling up the DagBag from /home/airflow/.local/lib/python3.7/site-packages/airflow/example_dags/tutorial_etl_dag.py
[2022-01-03 13:20:24,289] {processor.py:637} INFO - DAG(s) dict_keys(['tutorial_etl_dag']) retrieved from /home/airflow/.local/lib/python3.7/site-packages/airflow/example_dags/tutorial_etl_dag.py
[2022-01-03 13:20:24,301] {logging_mixin.py:109} INFO - [2022-01-03 13:20:24,301] {dag.py:2396} INFO - Sync 1 DAGs
[2022-01-03 13:20:24,320] {logging_mixin.py:109} INFO - [2022-01-03 13:20:24,320] {dag.py:2928} INFO - Setting next_dagrun for tutorial_etl_dag to None
[2022-01-03 13:20:24,333] {processor.py:171} INFO - Processing /home/airflow/.local/lib/python3.7/site-packages/airflow/example_dags/tutorial_etl_dag.py took 0.085 seconds
[2022-01-03 13:20:54,682] {processor.py:163} INFO - Started process (PID=817) to work on /home/airflow/.local/lib/python3.7/site-packages/airflow/example_dags/tutorial_etl_dag.py
[2022-01-03 13:20:54,684] {processor.py:625} INFO - Processing file /home/airflow/.local/lib/python3.7/site-packages/airflow/example_dags/tutorial_etl_dag.py for tasks to queue
[2022-01-03 13:20:54,684] {logging_mixin.py:109} INFO - [2022-01-03 13:20:54,684] {dagbag.py:500} INFO - Filling up the DagBag from /home/airflow/.local/lib/python3.7/site-packages/airflow/example_dags/tutorial_etl_dag.py
[2022-01-03 13:20:54,757] {processor.py:637} INFO - DAG(s) dict_keys(['tutorial_etl_dag']) retrieved from /home/airflow/.local/lib/python3.7/site-packages/airflow/example_dags/tutorial_etl_dag.py
[2022-01-03 13:20:54,784] {logging_mixin.py:109} INFO - [2022-01-03 13:20:54,784] {dag.py:2396} INFO - Sync 1 DAGs
[2022-01-03 13:20:54,815] {logging_mixin.py:109} INFO - [2022-01-03 13:20:54,815] {dag.py:2928} INFO - Setting next_dagrun for tutorial_etl_dag to None
[2022-01-03 13:20:54,831] {processor.py:171} INFO - Processing /home/airflow/.local/lib/python3.7/site-packages/airflow/example_dags/tutorial_etl_dag.py took 0.162 seconds
[2022-01-03 13:21:25,575] {processor.py:163} INFO - Started process (PID=867) to work on /home/airflow/.local/lib/python3.7/site-packages/airflow/example_dags/tutorial_etl_dag.py
[2022-01-03 13:21:25,578] {processor.py:625} INFO - Processing file /home/airflow/.local/lib/python3.7/site-packages/airflow/example_dags/tutorial_etl_dag.py for tasks to queue
[2022-01-03 13:21:25,578] {logging_mixin.py:109} INFO - [2022-01-03 13:21:25,578] {dagbag.py:500} INFO - Filling up the DagBag from /home/airflow/.local/lib/python3.7/site-packages/airflow/example_dags/tutorial_etl_dag.py
[2022-01-03 13:21:25,645] {processor.py:637} INFO - DAG(s) dict_keys(['tutorial_etl_dag']) retrieved from /home/airflow/.local/lib/python3.7/site-packages/airflow/example_dags/tutorial_etl_dag.py
[2022-01-03 13:21:25,664] {logging_mixin.py:109} INFO - [2022-01-03 13:21:25,663] {dag.py:2396} INFO - Sync 1 DAGs
[2022-01-03 13:21:25,698] {logging_mixin.py:109} INFO - [2022-01-03 13:21:25,697] {dag.py:2928} INFO - Setting next_dagrun for tutorial_etl_dag to None
[2022-01-03 13:21:25,715] {processor.py:171} INFO - Processing /home/airflow/.local/lib/python3.7/site-packages/airflow/example_dags/tutorial_etl_dag.py took 0.144 seconds
[2022-01-03 13:21:56,359] {processor.py:163} INFO - Started process (PID=928) to work on /home/airflow/.local/lib/python3.7/site-packages/airflow/example_dags/tutorial_etl_dag.py
[2022-01-03 13:21:56,360] {processor.py:625} INFO - Processing file /home/airflow/.local/lib/python3.7/site-packages/airflow/example_dags/tutorial_etl_dag.py for tasks to queue
[2022-01-03 13:21:56,361] {logging_mixin.py:109} INFO - [2022-01-03 13:21:56,361] {dagbag.py:500} INFO - Filling up the DagBag from /home/airflow/.local/lib/python3.7/site-packages/airflow/example_dags/tutorial_etl_dag.py
[2022-01-03 13:21:56,400] {processor.py:637} INFO - DAG(s) dict_keys(['tutorial_etl_dag']) retrieved from /home/airflow/.local/lib/python3.7/site-packages/airflow/example_dags/tutorial_etl_dag.py
[2022-01-03 13:21:56,423] {logging_mixin.py:109} INFO - [2022-01-03 13:21:56,423] {dag.py:2396} INFO - Sync 1 DAGs
[2022-01-03 13:21:56,454] {logging_mixin.py:109} INFO - [2022-01-03 13:21:56,454] {dag.py:2928} INFO - Setting next_dagrun for tutorial_etl_dag to None
[2022-01-03 13:21:56,480] {processor.py:171} INFO - Processing /home/airflow/.local/lib/python3.7/site-packages/airflow/example_dags/tutorial_etl_dag.py took 0.125 seconds
[2022-01-03 13:22:27,117] {processor.py:163} INFO - Started process (PID=980) to work on /home/airflow/.local/lib/python3.7/site-packages/airflow/example_dags/tutorial_etl_dag.py
[2022-01-03 13:22:27,128] {processor.py:625} INFO - Processing file /home/airflow/.local/lib/python3.7/site-packages/airflow/example_dags/tutorial_etl_dag.py for tasks to queue
[2022-01-03 13:22:27,129] {logging_mixin.py:109} INFO - [2022-01-03 13:22:27,129] {dagbag.py:500} INFO - Filling up the DagBag from /home/airflow/.local/lib/python3.7/site-packages/airflow/example_dags/tutorial_etl_dag.py
[2022-01-03 13:22:27,194] {processor.py:637} INFO - DAG(s) dict_keys(['tutorial_etl_dag']) retrieved from /home/airflow/.local/lib/python3.7/site-packages/airflow/example_dags/tutorial_etl_dag.py
[2022-01-03 13:22:27,217] {logging_mixin.py:109} INFO - [2022-01-03 13:22:27,217] {dag.py:2396} INFO - Sync 1 DAGs
[2022-01-03 13:22:27,243] {logging_mixin.py:109} INFO - [2022-01-03 13:22:27,243] {dag.py:2928} INFO - Setting next_dagrun for tutorial_etl_dag to None
[2022-01-03 13:22:27,256] {processor.py:171} INFO - Processing /home/airflow/.local/lib/python3.7/site-packages/airflow/example_dags/tutorial_etl_dag.py took 0.150 seconds
[2022-01-03 13:22:58,192] {processor.py:163} INFO - Started process (PID=1033) to work on /home/airflow/.local/lib/python3.7/site-packages/airflow/example_dags/tutorial_etl_dag.py
[2022-01-03 13:22:58,203] {processor.py:625} INFO - Processing file /home/airflow/.local/lib/python3.7/site-packages/airflow/example_dags/tutorial_etl_dag.py for tasks to queue
[2022-01-03 13:22:58,205] {logging_mixin.py:109} INFO - [2022-01-03 13:22:58,205] {dagbag.py:500} INFO - Filling up the DagBag from /home/airflow/.local/lib/python3.7/site-packages/airflow/example_dags/tutorial_etl_dag.py
[2022-01-03 13:22:58,245] {processor.py:637} INFO - DAG(s) dict_keys(['tutorial_etl_dag']) retrieved from /home/airflow/.local/lib/python3.7/site-packages/airflow/example_dags/tutorial_etl_dag.py
[2022-01-03 13:22:58,256] {logging_mixin.py:109} INFO - [2022-01-03 13:22:58,256] {dag.py:2396} INFO - Sync 1 DAGs
[2022-01-03 13:22:58,279] {logging_mixin.py:109} INFO - [2022-01-03 13:22:58,279] {dag.py:2928} INFO - Setting next_dagrun for tutorial_etl_dag to None
[2022-01-03 13:22:58,289] {processor.py:171} INFO - Processing /home/airflow/.local/lib/python3.7/site-packages/airflow/example_dags/tutorial_etl_dag.py took 0.108 seconds
[2022-01-03 13:23:28,381] {processor.py:163} INFO - Started process (PID=1085) to work on /home/airflow/.local/lib/python3.7/site-packages/airflow/example_dags/tutorial_etl_dag.py
[2022-01-03 13:23:28,383] {processor.py:625} INFO - Processing file /home/airflow/.local/lib/python3.7/site-packages/airflow/example_dags/tutorial_etl_dag.py for tasks to queue
[2022-01-03 13:23:28,385] {logging_mixin.py:109} INFO - [2022-01-03 13:23:28,385] {dagbag.py:500} INFO - Filling up the DagBag from /home/airflow/.local/lib/python3.7/site-packages/airflow/example_dags/tutorial_etl_dag.py
[2022-01-03 13:23:28,427] {processor.py:637} INFO - DAG(s) dict_keys(['tutorial_etl_dag']) retrieved from /home/airflow/.local/lib/python3.7/site-packages/airflow/example_dags/tutorial_etl_dag.py
[2022-01-03 13:23:28,445] {logging_mixin.py:109} INFO - [2022-01-03 13:23:28,445] {dag.py:2396} INFO - Sync 1 DAGs
[2022-01-03 13:23:28,474] {logging_mixin.py:109} INFO - [2022-01-03 13:23:28,473] {dag.py:2928} INFO - Setting next_dagrun for tutorial_etl_dag to None
[2022-01-03 13:23:28,488] {processor.py:171} INFO - Processing /home/airflow/.local/lib/python3.7/site-packages/airflow/example_dags/tutorial_etl_dag.py took 0.112 seconds
[2022-01-03 13:23:58,571] {processor.py:163} INFO - Started process (PID=1135) to work on /home/airflow/.local/lib/python3.7/site-packages/airflow/example_dags/tutorial_etl_dag.py
[2022-01-03 13:23:58,575] {processor.py:625} INFO - Processing file /home/airflow/.local/lib/python3.7/site-packages/airflow/example_dags/tutorial_etl_dag.py for tasks to queue
[2022-01-03 13:23:58,578] {logging_mixin.py:109} INFO - [2022-01-03 13:23:58,578] {dagbag.py:500} INFO - Filling up the DagBag from /home/airflow/.local/lib/python3.7/site-packages/airflow/example_dags/tutorial_etl_dag.py
[2022-01-03 13:23:58,631] {processor.py:637} INFO - DAG(s) dict_keys(['tutorial_etl_dag']) retrieved from /home/airflow/.local/lib/python3.7/site-packages/airflow/example_dags/tutorial_etl_dag.py
[2022-01-03 13:23:58,646] {logging_mixin.py:109} INFO - [2022-01-03 13:23:58,646] {dag.py:2396} INFO - Sync 1 DAGs
[2022-01-03 13:23:58,674] {logging_mixin.py:109} INFO - [2022-01-03 13:23:58,674] {dag.py:2928} INFO - Setting next_dagrun for tutorial_etl_dag to None
[2022-01-03 13:23:58,703] {processor.py:171} INFO - Processing /home/airflow/.local/lib/python3.7/site-packages/airflow/example_dags/tutorial_etl_dag.py took 0.146 seconds
[2022-01-03 13:24:29,172] {processor.py:163} INFO - Started process (PID=1197) to work on /home/airflow/.local/lib/python3.7/site-packages/airflow/example_dags/tutorial_etl_dag.py
[2022-01-03 13:24:29,174] {processor.py:625} INFO - Processing file /home/airflow/.local/lib/python3.7/site-packages/airflow/example_dags/tutorial_etl_dag.py for tasks to queue
[2022-01-03 13:24:29,175] {logging_mixin.py:109} INFO - [2022-01-03 13:24:29,175] {dagbag.py:500} INFO - Filling up the DagBag from /home/airflow/.local/lib/python3.7/site-packages/airflow/example_dags/tutorial_etl_dag.py
[2022-01-03 13:24:29,209] {processor.py:637} INFO - DAG(s) dict_keys(['tutorial_etl_dag']) retrieved from /home/airflow/.local/lib/python3.7/site-packages/airflow/example_dags/tutorial_etl_dag.py
[2022-01-03 13:24:29,225] {logging_mixin.py:109} INFO - [2022-01-03 13:24:29,225] {dag.py:2396} INFO - Sync 1 DAGs
[2022-01-03 13:24:29,253] {logging_mixin.py:109} INFO - [2022-01-03 13:24:29,253] {dag.py:2928} INFO - Setting next_dagrun for tutorial_etl_dag to None
[2022-01-03 13:24:29,272] {processor.py:171} INFO - Processing /home/airflow/.local/lib/python3.7/site-packages/airflow/example_dags/tutorial_etl_dag.py took 0.104 seconds
[2022-01-03 13:24:59,667] {processor.py:163} INFO - Started process (PID=1247) to work on /home/airflow/.local/lib/python3.7/site-packages/airflow/example_dags/tutorial_etl_dag.py
[2022-01-03 13:24:59,668] {processor.py:625} INFO - Processing file /home/airflow/.local/lib/python3.7/site-packages/airflow/example_dags/tutorial_etl_dag.py for tasks to queue
[2022-01-03 13:24:59,669] {logging_mixin.py:109} INFO - [2022-01-03 13:24:59,669] {dagbag.py:500} INFO - Filling up the DagBag from /home/airflow/.local/lib/python3.7/site-packages/airflow/example_dags/tutorial_etl_dag.py
[2022-01-03 13:24:59,703] {processor.py:637} INFO - DAG(s) dict_keys(['tutorial_etl_dag']) retrieved from /home/airflow/.local/lib/python3.7/site-packages/airflow/example_dags/tutorial_etl_dag.py
[2022-01-03 13:24:59,720] {logging_mixin.py:109} INFO - [2022-01-03 13:24:59,719] {dag.py:2396} INFO - Sync 1 DAGs
[2022-01-03 13:24:59,744] {logging_mixin.py:109} INFO - [2022-01-03 13:24:59,744] {dag.py:2928} INFO - Setting next_dagrun for tutorial_etl_dag to None
[2022-01-03 13:24:59,755] {processor.py:171} INFO - Processing /home/airflow/.local/lib/python3.7/site-packages/airflow/example_dags/tutorial_etl_dag.py took 0.092 seconds
[2022-01-03 13:25:29,793] {processor.py:163} INFO - Started process (PID=1298) to work on /home/airflow/.local/lib/python3.7/site-packages/airflow/example_dags/tutorial_etl_dag.py
[2022-01-03 13:25:29,794] {processor.py:625} INFO - Processing file /home/airflow/.local/lib/python3.7/site-packages/airflow/example_dags/tutorial_etl_dag.py for tasks to queue
[2022-01-03 13:25:29,795] {logging_mixin.py:109} INFO - [2022-01-03 13:25:29,795] {dagbag.py:500} INFO - Filling up the DagBag from /home/airflow/.local/lib/python3.7/site-packages/airflow/example_dags/tutorial_etl_dag.py
[2022-01-03 13:25:29,834] {processor.py:637} INFO - DAG(s) dict_keys(['tutorial_etl_dag']) retrieved from /home/airflow/.local/lib/python3.7/site-packages/airflow/example_dags/tutorial_etl_dag.py
[2022-01-03 13:25:29,847] {logging_mixin.py:109} INFO - [2022-01-03 13:25:29,847] {dag.py:2396} INFO - Sync 1 DAGs
[2022-01-03 13:25:29,873] {logging_mixin.py:109} INFO - [2022-01-03 13:25:29,873] {dag.py:2928} INFO - Setting next_dagrun for tutorial_etl_dag to None
[2022-01-03 13:25:29,885] {processor.py:171} INFO - Processing /home/airflow/.local/lib/python3.7/site-packages/airflow/example_dags/tutorial_etl_dag.py took 0.096 seconds
[2022-01-03 13:26:00,298] {processor.py:163} INFO - Started process (PID=1356) to work on /home/airflow/.local/lib/python3.7/site-packages/airflow/example_dags/tutorial_etl_dag.py
[2022-01-03 13:26:00,305] {processor.py:625} INFO - Processing file /home/airflow/.local/lib/python3.7/site-packages/airflow/example_dags/tutorial_etl_dag.py for tasks to queue
[2022-01-03 13:26:00,306] {logging_mixin.py:109} INFO - [2022-01-03 13:26:00,306] {dagbag.py:500} INFO - Filling up the DagBag from /home/airflow/.local/lib/python3.7/site-packages/airflow/example_dags/tutorial_etl_dag.py
[2022-01-03 13:26:00,427] {processor.py:637} INFO - DAG(s) dict_keys(['tutorial_etl_dag']) retrieved from /home/airflow/.local/lib/python3.7/site-packages/airflow/example_dags/tutorial_etl_dag.py
[2022-01-03 13:26:00,452] {logging_mixin.py:109} INFO - [2022-01-03 13:26:00,452] {dag.py:2396} INFO - Sync 1 DAGs
[2022-01-03 13:26:00,494] {logging_mixin.py:109} INFO - [2022-01-03 13:26:00,494] {dag.py:2928} INFO - Setting next_dagrun for tutorial_etl_dag to None
[2022-01-03 13:26:00,522] {processor.py:171} INFO - Processing /home/airflow/.local/lib/python3.7/site-packages/airflow/example_dags/tutorial_etl_dag.py took 0.230 seconds
[2022-01-03 13:26:31,163] {processor.py:163} INFO - Started process (PID=1415) to work on /home/airflow/.local/lib/python3.7/site-packages/airflow/example_dags/tutorial_etl_dag.py
[2022-01-03 13:26:31,164] {processor.py:625} INFO - Processing file /home/airflow/.local/lib/python3.7/site-packages/airflow/example_dags/tutorial_etl_dag.py for tasks to queue
[2022-01-03 13:26:31,165] {logging_mixin.py:109} INFO - [2022-01-03 13:26:31,165] {dagbag.py:500} INFO - Filling up the DagBag from /home/airflow/.local/lib/python3.7/site-packages/airflow/example_dags/tutorial_etl_dag.py
[2022-01-03 13:26:31,213] {processor.py:637} INFO - DAG(s) dict_keys(['tutorial_etl_dag']) retrieved from /home/airflow/.local/lib/python3.7/site-packages/airflow/example_dags/tutorial_etl_dag.py
[2022-01-03 13:26:31,234] {logging_mixin.py:109} INFO - [2022-01-03 13:26:31,233] {dag.py:2396} INFO - Sync 1 DAGs
[2022-01-03 13:26:31,264] {logging_mixin.py:109} INFO - [2022-01-03 13:26:31,264] {dag.py:2928} INFO - Setting next_dagrun for tutorial_etl_dag to None
[2022-01-03 13:26:31,279] {processor.py:171} INFO - Processing /home/airflow/.local/lib/python3.7/site-packages/airflow/example_dags/tutorial_etl_dag.py took 0.120 seconds
[2022-01-03 13:27:01,741] {processor.py:163} INFO - Started process (PID=1466) to work on /home/airflow/.local/lib/python3.7/site-packages/airflow/example_dags/tutorial_etl_dag.py
[2022-01-03 13:27:01,759] {processor.py:625} INFO - Processing file /home/airflow/.local/lib/python3.7/site-packages/airflow/example_dags/tutorial_etl_dag.py for tasks to queue
[2022-01-03 13:27:01,760] {logging_mixin.py:109} INFO - [2022-01-03 13:27:01,760] {dagbag.py:500} INFO - Filling up the DagBag from /home/airflow/.local/lib/python3.7/site-packages/airflow/example_dags/tutorial_etl_dag.py
[2022-01-03 13:27:01,958] {processor.py:637} INFO - DAG(s) dict_keys(['tutorial_etl_dag']) retrieved from /home/airflow/.local/lib/python3.7/site-packages/airflow/example_dags/tutorial_etl_dag.py
[2022-01-03 13:27:02,011] {logging_mixin.py:109} INFO - [2022-01-03 13:27:02,010] {dag.py:2396} INFO - Sync 1 DAGs
[2022-01-03 13:27:02,121] {logging_mixin.py:109} INFO - [2022-01-03 13:27:02,121] {dag.py:2928} INFO - Setting next_dagrun for tutorial_etl_dag to None
[2022-01-03 13:27:02,165] {processor.py:171} INFO - Processing /home/airflow/.local/lib/python3.7/site-packages/airflow/example_dags/tutorial_etl_dag.py took 0.450 seconds
[2022-01-03 13:27:32,224] {processor.py:163} INFO - Started process (PID=1517) to work on /home/airflow/.local/lib/python3.7/site-packages/airflow/example_dags/tutorial_etl_dag.py
[2022-01-03 13:27:32,226] {processor.py:625} INFO - Processing file /home/airflow/.local/lib/python3.7/site-packages/airflow/example_dags/tutorial_etl_dag.py for tasks to queue
[2022-01-03 13:27:32,231] {logging_mixin.py:109} INFO - [2022-01-03 13:27:32,231] {dagbag.py:500} INFO - Filling up the DagBag from /home/airflow/.local/lib/python3.7/site-packages/airflow/example_dags/tutorial_etl_dag.py
[2022-01-03 13:27:32,292] {processor.py:637} INFO - DAG(s) dict_keys(['tutorial_etl_dag']) retrieved from /home/airflow/.local/lib/python3.7/site-packages/airflow/example_dags/tutorial_etl_dag.py
[2022-01-03 13:27:32,310] {logging_mixin.py:109} INFO - [2022-01-03 13:27:32,310] {dag.py:2396} INFO - Sync 1 DAGs
[2022-01-03 13:27:32,336] {logging_mixin.py:109} INFO - [2022-01-03 13:27:32,335] {dag.py:2928} INFO - Setting next_dagrun for tutorial_etl_dag to None
[2022-01-03 13:27:32,353] {processor.py:171} INFO - Processing /home/airflow/.local/lib/python3.7/site-packages/airflow/example_dags/tutorial_etl_dag.py took 0.134 seconds
[2022-01-03 13:28:02,404] {processor.py:163} INFO - Started process (PID=1568) to work on /home/airflow/.local/lib/python3.7/site-packages/airflow/example_dags/tutorial_etl_dag.py
[2022-01-03 13:28:02,405] {processor.py:625} INFO - Processing file /home/airflow/.local/lib/python3.7/site-packages/airflow/example_dags/tutorial_etl_dag.py for tasks to queue
[2022-01-03 13:28:02,406] {logging_mixin.py:109} INFO - [2022-01-03 13:28:02,406] {dagbag.py:500} INFO - Filling up the DagBag from /home/airflow/.local/lib/python3.7/site-packages/airflow/example_dags/tutorial_etl_dag.py
[2022-01-03 13:28:02,444] {processor.py:637} INFO - DAG(s) dict_keys(['tutorial_etl_dag']) retrieved from /home/airflow/.local/lib/python3.7/site-packages/airflow/example_dags/tutorial_etl_dag.py
[2022-01-03 13:28:02,455] {logging_mixin.py:109} INFO - [2022-01-03 13:28:02,455] {dag.py:2396} INFO - Sync 1 DAGs
[2022-01-03 13:28:02,477] {logging_mixin.py:109} INFO - [2022-01-03 13:28:02,476] {dag.py:2928} INFO - Setting next_dagrun for tutorial_etl_dag to None
[2022-01-03 13:28:02,487] {processor.py:171} INFO - Processing /home/airflow/.local/lib/python3.7/site-packages/airflow/example_dags/tutorial_etl_dag.py took 0.087 seconds
[2022-01-03 13:28:32,908] {processor.py:163} INFO - Started process (PID=1623) to work on /home/airflow/.local/lib/python3.7/site-packages/airflow/example_dags/tutorial_etl_dag.py
[2022-01-03 13:28:32,909] {processor.py:625} INFO - Processing file /home/airflow/.local/lib/python3.7/site-packages/airflow/example_dags/tutorial_etl_dag.py for tasks to queue
[2022-01-03 13:28:32,910] {logging_mixin.py:109} INFO - [2022-01-03 13:28:32,910] {dagbag.py:500} INFO - Filling up the DagBag from /home/airflow/.local/lib/python3.7/site-packages/airflow/example_dags/tutorial_etl_dag.py
[2022-01-03 13:28:33,019] {processor.py:637} INFO - DAG(s) dict_keys(['tutorial_etl_dag']) retrieved from /home/airflow/.local/lib/python3.7/site-packages/airflow/example_dags/tutorial_etl_dag.py
[2022-01-03 13:28:33,047] {logging_mixin.py:109} INFO - [2022-01-03 13:28:33,047] {dag.py:2396} INFO - Sync 1 DAGs
[2022-01-03 13:28:33,092] {logging_mixin.py:109} INFO - [2022-01-03 13:28:33,092] {dag.py:2928} INFO - Setting next_dagrun for tutorial_etl_dag to None
[2022-01-03 13:28:33,115] {processor.py:171} INFO - Processing /home/airflow/.local/lib/python3.7/site-packages/airflow/example_dags/tutorial_etl_dag.py took 0.214 seconds
[2022-01-03 13:29:03,326] {processor.py:163} INFO - Started process (PID=1676) to work on /home/airflow/.local/lib/python3.7/site-packages/airflow/example_dags/tutorial_etl_dag.py
[2022-01-03 13:29:03,328] {processor.py:625} INFO - Processing file /home/airflow/.local/lib/python3.7/site-packages/airflow/example_dags/tutorial_etl_dag.py for tasks to queue
[2022-01-03 13:29:03,329] {logging_mixin.py:109} INFO - [2022-01-03 13:29:03,328] {dagbag.py:500} INFO - Filling up the DagBag from /home/airflow/.local/lib/python3.7/site-packages/airflow/example_dags/tutorial_etl_dag.py
[2022-01-03 13:29:03,447] {processor.py:637} INFO - DAG(s) dict_keys(['tutorial_etl_dag']) retrieved from /home/airflow/.local/lib/python3.7/site-packages/airflow/example_dags/tutorial_etl_dag.py
[2022-01-03 13:29:03,472] {logging_mixin.py:109} INFO - [2022-01-03 13:29:03,472] {dag.py:2396} INFO - Sync 1 DAGs
[2022-01-03 13:29:03,514] {logging_mixin.py:109} INFO - [2022-01-03 13:29:03,514] {dag.py:2928} INFO - Setting next_dagrun for tutorial_etl_dag to None
[2022-01-03 13:29:03,527] {processor.py:171} INFO - Processing /home/airflow/.local/lib/python3.7/site-packages/airflow/example_dags/tutorial_etl_dag.py took 0.205 seconds
[2022-01-03 13:29:33,930] {processor.py:163} INFO - Started process (PID=1736) to work on /home/airflow/.local/lib/python3.7/site-packages/airflow/example_dags/tutorial_etl_dag.py
[2022-01-03 13:29:33,932] {processor.py:625} INFO - Processing file /home/airflow/.local/lib/python3.7/site-packages/airflow/example_dags/tutorial_etl_dag.py for tasks to queue
[2022-01-03 13:29:33,933] {logging_mixin.py:109} INFO - [2022-01-03 13:29:33,932] {dagbag.py:500} INFO - Filling up the DagBag from /home/airflow/.local/lib/python3.7/site-packages/airflow/example_dags/tutorial_etl_dag.py
[2022-01-03 13:29:33,969] {processor.py:637} INFO - DAG(s) dict_keys(['tutorial_etl_dag']) retrieved from /home/airflow/.local/lib/python3.7/site-packages/airflow/example_dags/tutorial_etl_dag.py
[2022-01-03 13:29:33,984] {logging_mixin.py:109} INFO - [2022-01-03 13:29:33,984] {dag.py:2396} INFO - Sync 1 DAGs
[2022-01-03 13:29:34,009] {logging_mixin.py:109} INFO - [2022-01-03 13:29:34,009] {dag.py:2928} INFO - Setting next_dagrun for tutorial_etl_dag to None
[2022-01-03 13:29:34,023] {processor.py:171} INFO - Processing /home/airflow/.local/lib/python3.7/site-packages/airflow/example_dags/tutorial_etl_dag.py took 0.098 seconds
[2022-01-03 13:30:04,989] {processor.py:163} INFO - Started process (PID=1786) to work on /home/airflow/.local/lib/python3.7/site-packages/airflow/example_dags/tutorial_etl_dag.py
[2022-01-03 13:30:05,005] {processor.py:625} INFO - Processing file /home/airflow/.local/lib/python3.7/site-packages/airflow/example_dags/tutorial_etl_dag.py for tasks to queue
[2022-01-03 13:30:05,007] {logging_mixin.py:109} INFO - [2022-01-03 13:30:05,007] {dagbag.py:500} INFO - Filling up the DagBag from /home/airflow/.local/lib/python3.7/site-packages/airflow/example_dags/tutorial_etl_dag.py
[2022-01-03 13:30:05,080] {processor.py:637} INFO - DAG(s) dict_keys(['tutorial_etl_dag']) retrieved from /home/airflow/.local/lib/python3.7/site-packages/airflow/example_dags/tutorial_etl_dag.py
[2022-01-03 13:30:05,092] {logging_mixin.py:109} INFO - [2022-01-03 13:30:05,091] {dag.py:2396} INFO - Sync 1 DAGs
[2022-01-03 13:30:05,111] {logging_mixin.py:109} INFO - [2022-01-03 13:30:05,111] {dag.py:2928} INFO - Setting next_dagrun for tutorial_etl_dag to None
[2022-01-03 13:30:05,124] {processor.py:171} INFO - Processing /home/airflow/.local/lib/python3.7/site-packages/airflow/example_dags/tutorial_etl_dag.py took 0.146 seconds
[2022-01-03 13:30:36,022] {processor.py:163} INFO - Started process (PID=1841) to work on /home/airflow/.local/lib/python3.7/site-packages/airflow/example_dags/tutorial_etl_dag.py
[2022-01-03 13:30:36,029] {processor.py:625} INFO - Processing file /home/airflow/.local/lib/python3.7/site-packages/airflow/example_dags/tutorial_etl_dag.py for tasks to queue
[2022-01-03 13:30:36,035] {logging_mixin.py:109} INFO - [2022-01-03 13:30:36,035] {dagbag.py:500} INFO - Filling up the DagBag from /home/airflow/.local/lib/python3.7/site-packages/airflow/example_dags/tutorial_etl_dag.py
[2022-01-03 13:30:36,148] {processor.py:637} INFO - DAG(s) dict_keys(['tutorial_etl_dag']) retrieved from /home/airflow/.local/lib/python3.7/site-packages/airflow/example_dags/tutorial_etl_dag.py
[2022-01-03 13:30:36,182] {logging_mixin.py:109} INFO - [2022-01-03 13:30:36,182] {dag.py:2396} INFO - Sync 1 DAGs
[2022-01-03 13:30:36,221] {logging_mixin.py:109} INFO - [2022-01-03 13:30:36,221] {dag.py:2928} INFO - Setting next_dagrun for tutorial_etl_dag to None
[2022-01-03 13:30:36,241] {processor.py:171} INFO - Processing /home/airflow/.local/lib/python3.7/site-packages/airflow/example_dags/tutorial_etl_dag.py took 0.227 seconds
[2022-01-03 13:31:06,713] {processor.py:163} INFO - Started process (PID=1894) to work on /home/airflow/.local/lib/python3.7/site-packages/airflow/example_dags/tutorial_etl_dag.py
[2022-01-03 13:31:06,724] {processor.py:625} INFO - Processing file /home/airflow/.local/lib/python3.7/site-packages/airflow/example_dags/tutorial_etl_dag.py for tasks to queue
[2022-01-03 13:31:06,727] {logging_mixin.py:109} INFO - [2022-01-03 13:31:06,727] {dagbag.py:500} INFO - Filling up the DagBag from /home/airflow/.local/lib/python3.7/site-packages/airflow/example_dags/tutorial_etl_dag.py
[2022-01-03 13:31:06,788] {processor.py:637} INFO - DAG(s) dict_keys(['tutorial_etl_dag']) retrieved from /home/airflow/.local/lib/python3.7/site-packages/airflow/example_dags/tutorial_etl_dag.py
[2022-01-03 13:31:06,802] {logging_mixin.py:109} INFO - [2022-01-03 13:31:06,801] {dag.py:2396} INFO - Sync 1 DAGs
[2022-01-03 13:31:06,821] {logging_mixin.py:109} INFO - [2022-01-03 13:31:06,820] {dag.py:2928} INFO - Setting next_dagrun for tutorial_etl_dag to None
[2022-01-03 13:31:06,831] {processor.py:171} INFO - Processing /home/airflow/.local/lib/python3.7/site-packages/airflow/example_dags/tutorial_etl_dag.py took 0.133 seconds
[2022-01-03 13:31:36,958] {processor.py:163} INFO - Started process (PID=1945) to work on /home/airflow/.local/lib/python3.7/site-packages/airflow/example_dags/tutorial_etl_dag.py
[2022-01-03 13:31:36,960] {processor.py:625} INFO - Processing file /home/airflow/.local/lib/python3.7/site-packages/airflow/example_dags/tutorial_etl_dag.py for tasks to queue
[2022-01-03 13:31:36,961] {logging_mixin.py:109} INFO - [2022-01-03 13:31:36,960] {dagbag.py:500} INFO - Filling up the DagBag from /home/airflow/.local/lib/python3.7/site-packages/airflow/example_dags/tutorial_etl_dag.py
[2022-01-03 13:31:37,002] {processor.py:637} INFO - DAG(s) dict_keys(['tutorial_etl_dag']) retrieved from /home/airflow/.local/lib/python3.7/site-packages/airflow/example_dags/tutorial_etl_dag.py
[2022-01-03 13:31:37,018] {logging_mixin.py:109} INFO - [2022-01-03 13:31:37,017] {dag.py:2396} INFO - Sync 1 DAGs
[2022-01-03 13:31:37,043] {logging_mixin.py:109} INFO - [2022-01-03 13:31:37,043] {dag.py:2928} INFO - Setting next_dagrun for tutorial_etl_dag to None
[2022-01-03 13:31:37,061] {processor.py:171} INFO - Processing /home/airflow/.local/lib/python3.7/site-packages/airflow/example_dags/tutorial_etl_dag.py took 0.107 seconds
[2022-01-03 13:37:55,688] {processor.py:163} INFO - Started process (PID=117) to work on /home/airflow/.local/lib/python3.7/site-packages/airflow/example_dags/tutorial_etl_dag.py
[2022-01-03 13:37:55,689] {processor.py:625} INFO - Processing file /home/airflow/.local/lib/python3.7/site-packages/airflow/example_dags/tutorial_etl_dag.py for tasks to queue
[2022-01-03 13:37:55,690] {logging_mixin.py:109} INFO - [2022-01-03 13:37:55,690] {dagbag.py:500} INFO - Filling up the DagBag from /home/airflow/.local/lib/python3.7/site-packages/airflow/example_dags/tutorial_etl_dag.py
[2022-01-03 13:37:55,735] {processor.py:637} INFO - DAG(s) dict_keys(['tutorial_etl_dag']) retrieved from /home/airflow/.local/lib/python3.7/site-packages/airflow/example_dags/tutorial_etl_dag.py
[2022-01-03 13:37:58,456] {logging_mixin.py:109} INFO - [2022-01-03 13:37:58,456] {providers_manager.py:156} WARNING - Exception when importing 'airflow.providers.google.leveldb.hooks.leveldb.LevelDBHook' from 'apache-airflow-providers-google' package: No module named 'plyvel'
[2022-01-03 13:37:59,582] {logging_mixin.py:109} INFO - [2022-01-03 13:37:59,582] {providers_manager.py:156} WARNING - Exception when importing 'airflow.providers.google.leveldb.hooks.leveldb.LevelDBHook' from 'apache-airflow-providers-google' package: No module named 'plyvel'
[2022-01-03 13:37:59,627] {logging_mixin.py:109} INFO - [2022-01-03 13:37:59,627] {manager.py:496} INFO - Created Permission View: can edit on DAG:tutorial_etl_dag
[2022-01-03 13:37:59,645] {logging_mixin.py:109} INFO - [2022-01-03 13:37:59,645] {manager.py:496} INFO - Created Permission View: can read on DAG:tutorial_etl_dag
[2022-01-03 13:37:59,646] {logging_mixin.py:109} INFO - [2022-01-03 13:37:59,645] {dag.py:2396} INFO - Sync 1 DAGs
[2022-01-03 13:37:59,662] {logging_mixin.py:109} INFO - [2022-01-03 13:37:59,661] {dag.py:2415} INFO - Creating ORM DAG for tutorial_etl_dag
[2022-01-03 13:37:59,684] {logging_mixin.py:109} INFO - [2022-01-03 13:37:59,684] {dag.py:2928} INFO - Setting next_dagrun for tutorial_etl_dag to None
[2022-01-03 13:37:59,702] {processor.py:171} INFO - Processing /home/airflow/.local/lib/python3.7/site-packages/airflow/example_dags/tutorial_etl_dag.py took 4.019 seconds
[2022-01-03 13:38:35,540] {processor.py:163} INFO - Started process (PID=263) to work on /home/airflow/.local/lib/python3.7/site-packages/airflow/example_dags/tutorial_etl_dag.py
[2022-01-03 13:38:35,542] {processor.py:625} INFO - Processing file /home/airflow/.local/lib/python3.7/site-packages/airflow/example_dags/tutorial_etl_dag.py for tasks to queue
[2022-01-03 13:38:35,543] {logging_mixin.py:109} INFO - [2022-01-03 13:38:35,543] {dagbag.py:500} INFO - Filling up the DagBag from /home/airflow/.local/lib/python3.7/site-packages/airflow/example_dags/tutorial_etl_dag.py
[2022-01-03 13:38:35,589] {processor.py:637} INFO - DAG(s) dict_keys(['tutorial_etl_dag']) retrieved from /home/airflow/.local/lib/python3.7/site-packages/airflow/example_dags/tutorial_etl_dag.py
[2022-01-03 13:38:35,606] {logging_mixin.py:109} INFO - [2022-01-03 13:38:35,606] {dag.py:2396} INFO - Sync 1 DAGs
[2022-01-03 13:38:35,637] {logging_mixin.py:109} INFO - [2022-01-03 13:38:35,637] {dag.py:2928} INFO - Setting next_dagrun for tutorial_etl_dag to None
[2022-01-03 13:38:35,653] {processor.py:171} INFO - Processing /home/airflow/.local/lib/python3.7/site-packages/airflow/example_dags/tutorial_etl_dag.py took 0.118 seconds
[2022-01-03 13:39:05,717] {processor.py:163} INFO - Started process (PID=311) to work on /home/airflow/.local/lib/python3.7/site-packages/airflow/example_dags/tutorial_etl_dag.py
[2022-01-03 13:39:05,723] {processor.py:625} INFO - Processing file /home/airflow/.local/lib/python3.7/site-packages/airflow/example_dags/tutorial_etl_dag.py for tasks to queue
[2022-01-03 13:39:05,724] {logging_mixin.py:109} INFO - [2022-01-03 13:39:05,724] {dagbag.py:500} INFO - Filling up the DagBag from /home/airflow/.local/lib/python3.7/site-packages/airflow/example_dags/tutorial_etl_dag.py
[2022-01-03 13:39:05,864] {processor.py:637} INFO - DAG(s) dict_keys(['tutorial_etl_dag']) retrieved from /home/airflow/.local/lib/python3.7/site-packages/airflow/example_dags/tutorial_etl_dag.py
[2022-01-03 13:39:05,902] {logging_mixin.py:109} INFO - [2022-01-03 13:39:05,902] {dag.py:2396} INFO - Sync 1 DAGs
[2022-01-03 13:39:05,942] {logging_mixin.py:109} INFO - [2022-01-03 13:39:05,942] {dag.py:2928} INFO - Setting next_dagrun for tutorial_etl_dag to None
[2022-01-03 13:39:05,983] {processor.py:171} INFO - Processing /home/airflow/.local/lib/python3.7/site-packages/airflow/example_dags/tutorial_etl_dag.py took 0.275 seconds
[2022-01-03 13:42:50,187] {processor.py:163} INFO - Started process (PID=118) to work on /home/airflow/.local/lib/python3.7/site-packages/airflow/example_dags/tutorial_etl_dag.py
[2022-01-03 13:42:50,191] {processor.py:625} INFO - Processing file /home/airflow/.local/lib/python3.7/site-packages/airflow/example_dags/tutorial_etl_dag.py for tasks to queue
[2022-01-03 13:42:50,192] {logging_mixin.py:109} INFO - [2022-01-03 13:42:50,191] {dagbag.py:500} INFO - Filling up the DagBag from /home/airflow/.local/lib/python3.7/site-packages/airflow/example_dags/tutorial_etl_dag.py
[2022-01-03 13:42:50,241] {processor.py:637} INFO - DAG(s) dict_keys(['tutorial_etl_dag']) retrieved from /home/airflow/.local/lib/python3.7/site-packages/airflow/example_dags/tutorial_etl_dag.py
[2022-01-03 13:42:52,938] {logging_mixin.py:109} INFO - [2022-01-03 13:42:52,938] {providers_manager.py:156} WARNING - Exception when importing 'airflow.providers.google.leveldb.hooks.leveldb.LevelDBHook' from 'apache-airflow-providers-google' package: No module named 'plyvel'
[2022-01-03 13:42:53,672] {logging_mixin.py:109} INFO - [2022-01-03 13:42:53,671] {providers_manager.py:156} WARNING - Exception when importing 'airflow.providers.google.leveldb.hooks.leveldb.LevelDBHook' from 'apache-airflow-providers-google' package: No module named 'plyvel'
[2022-01-03 13:42:53,700] {logging_mixin.py:109} INFO - [2022-01-03 13:42:53,699] {manager.py:496} INFO - Created Permission View: can read on DAG:tutorial_etl_dag
[2022-01-03 13:42:53,713] {logging_mixin.py:109} INFO - [2022-01-03 13:42:53,713] {manager.py:496} INFO - Created Permission View: can edit on DAG:tutorial_etl_dag
[2022-01-03 13:42:53,714] {logging_mixin.py:109} INFO - [2022-01-03 13:42:53,714] {dag.py:2396} INFO - Sync 1 DAGs
[2022-01-03 13:42:53,724] {logging_mixin.py:109} INFO - [2022-01-03 13:42:53,724] {dag.py:2415} INFO - Creating ORM DAG for tutorial_etl_dag
[2022-01-03 13:42:53,734] {logging_mixin.py:109} INFO - [2022-01-03 13:42:53,734] {dag.py:2928} INFO - Setting next_dagrun for tutorial_etl_dag to None
[2022-01-03 13:42:53,761] {processor.py:171} INFO - Processing /home/airflow/.local/lib/python3.7/site-packages/airflow/example_dags/tutorial_etl_dag.py took 3.580 seconds
[2022-01-03 13:43:28,216] {processor.py:163} INFO - Started process (PID=252) to work on /home/airflow/.local/lib/python3.7/site-packages/airflow/example_dags/tutorial_etl_dag.py
[2022-01-03 13:43:28,217] {processor.py:625} INFO - Processing file /home/airflow/.local/lib/python3.7/site-packages/airflow/example_dags/tutorial_etl_dag.py for tasks to queue
[2022-01-03 13:43:28,218] {logging_mixin.py:109} INFO - [2022-01-03 13:43:28,218] {dagbag.py:500} INFO - Filling up the DagBag from /home/airflow/.local/lib/python3.7/site-packages/airflow/example_dags/tutorial_etl_dag.py
[2022-01-03 13:43:28,244] {processor.py:637} INFO - DAG(s) dict_keys(['tutorial_etl_dag']) retrieved from /home/airflow/.local/lib/python3.7/site-packages/airflow/example_dags/tutorial_etl_dag.py
[2022-01-03 13:43:28,254] {logging_mixin.py:109} INFO - [2022-01-03 13:43:28,254] {dag.py:2396} INFO - Sync 1 DAGs
[2022-01-03 13:43:28,272] {logging_mixin.py:109} INFO - [2022-01-03 13:43:28,272] {dag.py:2928} INFO - Setting next_dagrun for tutorial_etl_dag to None
[2022-01-03 13:43:28,281] {processor.py:171} INFO - Processing /home/airflow/.local/lib/python3.7/site-packages/airflow/example_dags/tutorial_etl_dag.py took 0.067 seconds
[2022-01-03 13:43:58,955] {processor.py:163} INFO - Started process (PID=311) to work on /home/airflow/.local/lib/python3.7/site-packages/airflow/example_dags/tutorial_etl_dag.py
[2022-01-03 13:43:58,959] {processor.py:625} INFO - Processing file /home/airflow/.local/lib/python3.7/site-packages/airflow/example_dags/tutorial_etl_dag.py for tasks to queue
[2022-01-03 13:43:58,961] {logging_mixin.py:109} INFO - [2022-01-03 13:43:58,961] {dagbag.py:500} INFO - Filling up the DagBag from /home/airflow/.local/lib/python3.7/site-packages/airflow/example_dags/tutorial_etl_dag.py
[2022-01-03 13:43:59,036] {processor.py:637} INFO - DAG(s) dict_keys(['tutorial_etl_dag']) retrieved from /home/airflow/.local/lib/python3.7/site-packages/airflow/example_dags/tutorial_etl_dag.py
[2022-01-03 13:43:59,085] {logging_mixin.py:109} INFO - [2022-01-03 13:43:59,082] {dag.py:2396} INFO - Sync 1 DAGs
[2022-01-03 13:43:59,176] {logging_mixin.py:109} INFO - [2022-01-03 13:43:59,176] {dag.py:2928} INFO - Setting next_dagrun for tutorial_etl_dag to None
[2022-01-03 13:43:59,223] {processor.py:171} INFO - Processing /home/airflow/.local/lib/python3.7/site-packages/airflow/example_dags/tutorial_etl_dag.py took 0.277 seconds
[2022-01-03 13:44:30,198] {processor.py:163} INFO - Started process (PID=361) to work on /home/airflow/.local/lib/python3.7/site-packages/airflow/example_dags/tutorial_etl_dag.py
[2022-01-03 13:44:30,202] {processor.py:625} INFO - Processing file /home/airflow/.local/lib/python3.7/site-packages/airflow/example_dags/tutorial_etl_dag.py for tasks to queue
[2022-01-03 13:44:30,204] {logging_mixin.py:109} INFO - [2022-01-03 13:44:30,203] {dagbag.py:500} INFO - Filling up the DagBag from /home/airflow/.local/lib/python3.7/site-packages/airflow/example_dags/tutorial_etl_dag.py
[2022-01-03 13:44:30,269] {processor.py:637} INFO - DAG(s) dict_keys(['tutorial_etl_dag']) retrieved from /home/airflow/.local/lib/python3.7/site-packages/airflow/example_dags/tutorial_etl_dag.py
[2022-01-03 13:44:30,281] {logging_mixin.py:109} INFO - [2022-01-03 13:44:30,281] {dag.py:2396} INFO - Sync 1 DAGs
[2022-01-03 13:44:30,303] {logging_mixin.py:109} INFO - [2022-01-03 13:44:30,303] {dag.py:2928} INFO - Setting next_dagrun for tutorial_etl_dag to None
[2022-01-03 13:44:30,317] {processor.py:171} INFO - Processing /home/airflow/.local/lib/python3.7/site-packages/airflow/example_dags/tutorial_etl_dag.py took 0.128 seconds
[2022-01-03 13:45:00,720] {processor.py:163} INFO - Started process (PID=410) to work on /home/airflow/.local/lib/python3.7/site-packages/airflow/example_dags/tutorial_etl_dag.py
[2022-01-03 13:45:00,728] {processor.py:625} INFO - Processing file /home/airflow/.local/lib/python3.7/site-packages/airflow/example_dags/tutorial_etl_dag.py for tasks to queue
[2022-01-03 13:45:00,729] {logging_mixin.py:109} INFO - [2022-01-03 13:45:00,729] {dagbag.py:500} INFO - Filling up the DagBag from /home/airflow/.local/lib/python3.7/site-packages/airflow/example_dags/tutorial_etl_dag.py
[2022-01-03 13:45:00,814] {processor.py:637} INFO - DAG(s) dict_keys(['tutorial_etl_dag']) retrieved from /home/airflow/.local/lib/python3.7/site-packages/airflow/example_dags/tutorial_etl_dag.py
[2022-01-03 13:45:00,829] {logging_mixin.py:109} INFO - [2022-01-03 13:45:00,828] {dag.py:2396} INFO - Sync 1 DAGs
[2022-01-03 13:45:00,857] {logging_mixin.py:109} INFO - [2022-01-03 13:45:00,857] {dag.py:2928} INFO - Setting next_dagrun for tutorial_etl_dag to None
[2022-01-03 13:45:00,873] {processor.py:171} INFO - Processing /home/airflow/.local/lib/python3.7/site-packages/airflow/example_dags/tutorial_etl_dag.py took 0.169 seconds
[2022-01-03 13:45:31,303] {processor.py:163} INFO - Started process (PID=462) to work on /home/airflow/.local/lib/python3.7/site-packages/airflow/example_dags/tutorial_etl_dag.py
[2022-01-03 13:45:31,309] {processor.py:625} INFO - Processing file /home/airflow/.local/lib/python3.7/site-packages/airflow/example_dags/tutorial_etl_dag.py for tasks to queue
[2022-01-03 13:45:31,310] {logging_mixin.py:109} INFO - [2022-01-03 13:45:31,310] {dagbag.py:500} INFO - Filling up the DagBag from /home/airflow/.local/lib/python3.7/site-packages/airflow/example_dags/tutorial_etl_dag.py
[2022-01-03 13:45:31,345] {processor.py:637} INFO - DAG(s) dict_keys(['tutorial_etl_dag']) retrieved from /home/airflow/.local/lib/python3.7/site-packages/airflow/example_dags/tutorial_etl_dag.py
[2022-01-03 13:45:31,368] {logging_mixin.py:109} INFO - [2022-01-03 13:45:31,367] {dag.py:2396} INFO - Sync 1 DAGs
[2022-01-03 13:45:31,391] {logging_mixin.py:109} INFO - [2022-01-03 13:45:31,391] {dag.py:2928} INFO - Setting next_dagrun for tutorial_etl_dag to None
[2022-01-03 13:45:31,402] {processor.py:171} INFO - Processing /home/airflow/.local/lib/python3.7/site-packages/airflow/example_dags/tutorial_etl_dag.py took 0.106 seconds
[2022-01-03 13:46:01,493] {processor.py:163} INFO - Started process (PID=525) to work on /home/airflow/.local/lib/python3.7/site-packages/airflow/example_dags/tutorial_etl_dag.py
[2022-01-03 13:46:01,494] {processor.py:625} INFO - Processing file /home/airflow/.local/lib/python3.7/site-packages/airflow/example_dags/tutorial_etl_dag.py for tasks to queue
[2022-01-03 13:46:01,495] {logging_mixin.py:109} INFO - [2022-01-03 13:46:01,495] {dagbag.py:500} INFO - Filling up the DagBag from /home/airflow/.local/lib/python3.7/site-packages/airflow/example_dags/tutorial_etl_dag.py
[2022-01-03 13:46:01,533] {processor.py:637} INFO - DAG(s) dict_keys(['tutorial_etl_dag']) retrieved from /home/airflow/.local/lib/python3.7/site-packages/airflow/example_dags/tutorial_etl_dag.py
[2022-01-03 13:46:01,546] {logging_mixin.py:109} INFO - [2022-01-03 13:46:01,546] {dag.py:2396} INFO - Sync 1 DAGs
[2022-01-03 13:46:01,571] {logging_mixin.py:109} INFO - [2022-01-03 13:46:01,571] {dag.py:2928} INFO - Setting next_dagrun for tutorial_etl_dag to None
[2022-01-03 13:46:01,583] {processor.py:171} INFO - Processing /home/airflow/.local/lib/python3.7/site-packages/airflow/example_dags/tutorial_etl_dag.py took 0.094 seconds
[2022-01-03 13:46:32,191] {processor.py:163} INFO - Started process (PID=576) to work on /home/airflow/.local/lib/python3.7/site-packages/airflow/example_dags/tutorial_etl_dag.py
[2022-01-03 13:46:32,192] {processor.py:625} INFO - Processing file /home/airflow/.local/lib/python3.7/site-packages/airflow/example_dags/tutorial_etl_dag.py for tasks to queue
[2022-01-03 13:46:32,193] {logging_mixin.py:109} INFO - [2022-01-03 13:46:32,193] {dagbag.py:500} INFO - Filling up the DagBag from /home/airflow/.local/lib/python3.7/site-packages/airflow/example_dags/tutorial_etl_dag.py
[2022-01-03 13:46:32,306] {processor.py:637} INFO - DAG(s) dict_keys(['tutorial_etl_dag']) retrieved from /home/airflow/.local/lib/python3.7/site-packages/airflow/example_dags/tutorial_etl_dag.py
[2022-01-03 13:46:32,340] {logging_mixin.py:109} INFO - [2022-01-03 13:46:32,340] {dag.py:2396} INFO - Sync 1 DAGs
[2022-01-03 13:46:32,411] {logging_mixin.py:109} INFO - [2022-01-03 13:46:32,411] {dag.py:2928} INFO - Setting next_dagrun for tutorial_etl_dag to None
[2022-01-03 13:46:32,436] {processor.py:171} INFO - Processing /home/airflow/.local/lib/python3.7/site-packages/airflow/example_dags/tutorial_etl_dag.py took 0.249 seconds
