[2022-01-03 12:28:46,298] {processor.py:163} INFO - Started process (PID=223) to work on /home/airflow/.local/lib/python3.7/site-packages/airflow/example_dags/tutorial_taskflow_api_etl.py
[2022-01-03 12:28:46,300] {processor.py:625} INFO - Processing file /home/airflow/.local/lib/python3.7/site-packages/airflow/example_dags/tutorial_taskflow_api_etl.py for tasks to queue
[2022-01-03 12:28:46,301] {logging_mixin.py:109} INFO - [2022-01-03 12:28:46,300] {dagbag.py:500} INFO - Filling up the DagBag from /home/airflow/.local/lib/python3.7/site-packages/airflow/example_dags/tutorial_taskflow_api_etl.py
[2022-01-03 12:28:46,355] {processor.py:637} INFO - DAG(s) dict_keys(['tutorial_taskflow_api_etl']) retrieved from /home/airflow/.local/lib/python3.7/site-packages/airflow/example_dags/tutorial_taskflow_api_etl.py
[2022-01-03 12:28:51,194] {logging_mixin.py:109} INFO - [2022-01-03 12:28:51,194] {providers_manager.py:156} WARNING - Exception when importing 'airflow.providers.google.leveldb.hooks.leveldb.LevelDBHook' from 'apache-airflow-providers-google' package: No module named 'plyvel'
[2022-01-03 12:28:51,966] {logging_mixin.py:109} INFO - [2022-01-03 12:28:51,966] {providers_manager.py:156} WARNING - Exception when importing 'airflow.providers.google.leveldb.hooks.leveldb.LevelDBHook' from 'apache-airflow-providers-google' package: No module named 'plyvel'
[2022-01-03 12:28:52,011] {logging_mixin.py:109} INFO - [2022-01-03 12:28:52,011] {manager.py:496} INFO - Created Permission View: can read on DAG:tutorial_taskflow_api_etl
[2022-01-03 12:28:52,025] {logging_mixin.py:109} INFO - [2022-01-03 12:28:52,025] {manager.py:496} INFO - Created Permission View: can edit on DAG:tutorial_taskflow_api_etl
[2022-01-03 12:28:52,026] {logging_mixin.py:109} INFO - [2022-01-03 12:28:52,025] {dag.py:2396} INFO - Sync 1 DAGs
[2022-01-03 12:28:52,048] {logging_mixin.py:109} INFO - [2022-01-03 12:28:52,047] {dag.py:2415} INFO - Creating ORM DAG for tutorial_taskflow_api_etl
[2022-01-03 12:28:52,070] {logging_mixin.py:109} INFO - [2022-01-03 12:28:52,070] {dag.py:2928} INFO - Setting next_dagrun for tutorial_taskflow_api_etl to None
[2022-01-03 12:28:52,125] {processor.py:171} INFO - Processing /home/airflow/.local/lib/python3.7/site-packages/airflow/example_dags/tutorial_taskflow_api_etl.py took 5.831 seconds
[2022-01-03 12:29:22,359] {processor.py:163} INFO - Started process (PID=308) to work on /home/airflow/.local/lib/python3.7/site-packages/airflow/example_dags/tutorial_taskflow_api_etl.py
[2022-01-03 12:29:22,361] {processor.py:625} INFO - Processing file /home/airflow/.local/lib/python3.7/site-packages/airflow/example_dags/tutorial_taskflow_api_etl.py for tasks to queue
[2022-01-03 12:29:22,362] {logging_mixin.py:109} INFO - [2022-01-03 12:29:22,362] {dagbag.py:500} INFO - Filling up the DagBag from /home/airflow/.local/lib/python3.7/site-packages/airflow/example_dags/tutorial_taskflow_api_etl.py
[2022-01-03 12:29:22,423] {processor.py:637} INFO - DAG(s) dict_keys(['tutorial_taskflow_api_etl']) retrieved from /home/airflow/.local/lib/python3.7/site-packages/airflow/example_dags/tutorial_taskflow_api_etl.py
[2022-01-03 12:29:23,125] {logging_mixin.py:109} INFO - [2022-01-03 12:29:23,125] {dag.py:2396} INFO - Sync 1 DAGs
[2022-01-03 12:29:23,175] {logging_mixin.py:109} INFO - [2022-01-03 12:29:23,175] {dag.py:2928} INFO - Setting next_dagrun for tutorial_taskflow_api_etl to None
[2022-01-03 12:29:23,198] {processor.py:171} INFO - Processing /home/airflow/.local/lib/python3.7/site-packages/airflow/example_dags/tutorial_taskflow_api_etl.py took 0.844 seconds
[2022-01-03 12:29:53,682] {processor.py:163} INFO - Started process (PID=360) to work on /home/airflow/.local/lib/python3.7/site-packages/airflow/example_dags/tutorial_taskflow_api_etl.py
[2022-01-03 12:29:53,683] {processor.py:625} INFO - Processing file /home/airflow/.local/lib/python3.7/site-packages/airflow/example_dags/tutorial_taskflow_api_etl.py for tasks to queue
[2022-01-03 12:29:53,684] {logging_mixin.py:109} INFO - [2022-01-03 12:29:53,684] {dagbag.py:500} INFO - Filling up the DagBag from /home/airflow/.local/lib/python3.7/site-packages/airflow/example_dags/tutorial_taskflow_api_etl.py
[2022-01-03 12:29:53,782] {processor.py:637} INFO - DAG(s) dict_keys(['tutorial_taskflow_api_etl']) retrieved from /home/airflow/.local/lib/python3.7/site-packages/airflow/example_dags/tutorial_taskflow_api_etl.py
[2022-01-03 12:29:54,859] {logging_mixin.py:109} INFO - [2022-01-03 12:29:54,858] {dag.py:2396} INFO - Sync 1 DAGs
[2022-01-03 12:29:54,924] {logging_mixin.py:109} INFO - [2022-01-03 12:29:54,924] {dag.py:2928} INFO - Setting next_dagrun for tutorial_taskflow_api_etl to None
[2022-01-03 12:29:54,995] {processor.py:171} INFO - Processing /home/airflow/.local/lib/python3.7/site-packages/airflow/example_dags/tutorial_taskflow_api_etl.py took 1.332 seconds
[2022-01-03 12:30:25,191] {processor.py:163} INFO - Started process (PID=413) to work on /home/airflow/.local/lib/python3.7/site-packages/airflow/example_dags/tutorial_taskflow_api_etl.py
[2022-01-03 12:30:25,194] {processor.py:625} INFO - Processing file /home/airflow/.local/lib/python3.7/site-packages/airflow/example_dags/tutorial_taskflow_api_etl.py for tasks to queue
[2022-01-03 12:30:25,195] {logging_mixin.py:109} INFO - [2022-01-03 12:30:25,195] {dagbag.py:500} INFO - Filling up the DagBag from /home/airflow/.local/lib/python3.7/site-packages/airflow/example_dags/tutorial_taskflow_api_etl.py
[2022-01-03 12:30:25,396] {processor.py:637} INFO - DAG(s) dict_keys(['tutorial_taskflow_api_etl']) retrieved from /home/airflow/.local/lib/python3.7/site-packages/airflow/example_dags/tutorial_taskflow_api_etl.py
[2022-01-03 12:30:26,442] {logging_mixin.py:109} INFO - [2022-01-03 12:30:26,442] {dag.py:2396} INFO - Sync 1 DAGs
[2022-01-03 12:30:26,511] {logging_mixin.py:109} INFO - [2022-01-03 12:30:26,510] {dag.py:2928} INFO - Setting next_dagrun for tutorial_taskflow_api_etl to None
[2022-01-03 12:30:26,576] {processor.py:171} INFO - Processing /home/airflow/.local/lib/python3.7/site-packages/airflow/example_dags/tutorial_taskflow_api_etl.py took 1.415 seconds
[2022-01-03 12:30:56,853] {processor.py:163} INFO - Started process (PID=456) to work on /home/airflow/.local/lib/python3.7/site-packages/airflow/example_dags/tutorial_taskflow_api_etl.py
[2022-01-03 12:30:56,854] {processor.py:625} INFO - Processing file /home/airflow/.local/lib/python3.7/site-packages/airflow/example_dags/tutorial_taskflow_api_etl.py for tasks to queue
[2022-01-03 12:30:56,855] {logging_mixin.py:109} INFO - [2022-01-03 12:30:56,855] {dagbag.py:500} INFO - Filling up the DagBag from /home/airflow/.local/lib/python3.7/site-packages/airflow/example_dags/tutorial_taskflow_api_etl.py
[2022-01-03 12:30:56,904] {processor.py:637} INFO - DAG(s) dict_keys(['tutorial_taskflow_api_etl']) retrieved from /home/airflow/.local/lib/python3.7/site-packages/airflow/example_dags/tutorial_taskflow_api_etl.py
[2022-01-03 12:30:57,387] {logging_mixin.py:109} INFO - [2022-01-03 12:30:57,387] {dag.py:2396} INFO - Sync 1 DAGs
[2022-01-03 12:30:57,419] {logging_mixin.py:109} INFO - [2022-01-03 12:30:57,419] {dag.py:2928} INFO - Setting next_dagrun for tutorial_taskflow_api_etl to None
[2022-01-03 12:30:57,448] {processor.py:171} INFO - Processing /home/airflow/.local/lib/python3.7/site-packages/airflow/example_dags/tutorial_taskflow_api_etl.py took 0.598 seconds
[2022-01-03 12:31:28,084] {processor.py:163} INFO - Started process (PID=507) to work on /home/airflow/.local/lib/python3.7/site-packages/airflow/example_dags/tutorial_taskflow_api_etl.py
[2022-01-03 12:31:28,090] {processor.py:625} INFO - Processing file /home/airflow/.local/lib/python3.7/site-packages/airflow/example_dags/tutorial_taskflow_api_etl.py for tasks to queue
[2022-01-03 12:31:28,091] {logging_mixin.py:109} INFO - [2022-01-03 12:31:28,091] {dagbag.py:500} INFO - Filling up the DagBag from /home/airflow/.local/lib/python3.7/site-packages/airflow/example_dags/tutorial_taskflow_api_etl.py
[2022-01-03 12:31:28,148] {processor.py:637} INFO - DAG(s) dict_keys(['tutorial_taskflow_api_etl']) retrieved from /home/airflow/.local/lib/python3.7/site-packages/airflow/example_dags/tutorial_taskflow_api_etl.py
[2022-01-03 12:31:28,699] {logging_mixin.py:109} INFO - [2022-01-03 12:31:28,699] {dag.py:2396} INFO - Sync 1 DAGs
[2022-01-03 12:31:28,746] {logging_mixin.py:109} INFO - [2022-01-03 12:31:28,746] {dag.py:2928} INFO - Setting next_dagrun for tutorial_taskflow_api_etl to None
[2022-01-03 12:31:28,779] {processor.py:171} INFO - Processing /home/airflow/.local/lib/python3.7/site-packages/airflow/example_dags/tutorial_taskflow_api_etl.py took 0.699 seconds
[2022-01-03 12:31:59,394] {processor.py:163} INFO - Started process (PID=565) to work on /home/airflow/.local/lib/python3.7/site-packages/airflow/example_dags/tutorial_taskflow_api_etl.py
[2022-01-03 12:31:59,397] {processor.py:625} INFO - Processing file /home/airflow/.local/lib/python3.7/site-packages/airflow/example_dags/tutorial_taskflow_api_etl.py for tasks to queue
[2022-01-03 12:31:59,397] {logging_mixin.py:109} INFO - [2022-01-03 12:31:59,397] {dagbag.py:500} INFO - Filling up the DagBag from /home/airflow/.local/lib/python3.7/site-packages/airflow/example_dags/tutorial_taskflow_api_etl.py
[2022-01-03 12:31:59,453] {processor.py:637} INFO - DAG(s) dict_keys(['tutorial_taskflow_api_etl']) retrieved from /home/airflow/.local/lib/python3.7/site-packages/airflow/example_dags/tutorial_taskflow_api_etl.py
[2022-01-03 12:31:59,949] {logging_mixin.py:109} INFO - [2022-01-03 12:31:59,949] {dag.py:2396} INFO - Sync 1 DAGs
[2022-01-03 12:31:59,968] {logging_mixin.py:109} INFO - [2022-01-03 12:31:59,968] {dag.py:2928} INFO - Setting next_dagrun for tutorial_taskflow_api_etl to None
[2022-01-03 12:31:59,986] {processor.py:171} INFO - Processing /home/airflow/.local/lib/python3.7/site-packages/airflow/example_dags/tutorial_taskflow_api_etl.py took 0.596 seconds
[2022-01-03 12:32:30,850] {processor.py:163} INFO - Started process (PID=617) to work on /home/airflow/.local/lib/python3.7/site-packages/airflow/example_dags/tutorial_taskflow_api_etl.py
[2022-01-03 12:32:30,851] {processor.py:625} INFO - Processing file /home/airflow/.local/lib/python3.7/site-packages/airflow/example_dags/tutorial_taskflow_api_etl.py for tasks to queue
[2022-01-03 12:32:30,853] {logging_mixin.py:109} INFO - [2022-01-03 12:32:30,852] {dagbag.py:500} INFO - Filling up the DagBag from /home/airflow/.local/lib/python3.7/site-packages/airflow/example_dags/tutorial_taskflow_api_etl.py
[2022-01-03 12:32:30,909] {processor.py:637} INFO - DAG(s) dict_keys(['tutorial_taskflow_api_etl']) retrieved from /home/airflow/.local/lib/python3.7/site-packages/airflow/example_dags/tutorial_taskflow_api_etl.py
[2022-01-03 12:32:31,873] {logging_mixin.py:109} INFO - [2022-01-03 12:32:31,873] {dag.py:2396} INFO - Sync 1 DAGs
[2022-01-03 12:32:31,964] {logging_mixin.py:109} INFO - [2022-01-03 12:32:31,964] {dag.py:2928} INFO - Setting next_dagrun for tutorial_taskflow_api_etl to None
[2022-01-03 12:32:31,995] {processor.py:171} INFO - Processing /home/airflow/.local/lib/python3.7/site-packages/airflow/example_dags/tutorial_taskflow_api_etl.py took 1.149 seconds
[2022-01-03 13:13:49,721] {processor.py:163} INFO - Started process (PID=75) to work on /home/airflow/.local/lib/python3.7/site-packages/airflow/example_dags/tutorial_taskflow_api_etl.py
[2022-01-03 13:13:49,731] {processor.py:625} INFO - Processing file /home/airflow/.local/lib/python3.7/site-packages/airflow/example_dags/tutorial_taskflow_api_etl.py for tasks to queue
[2022-01-03 13:13:49,732] {logging_mixin.py:109} INFO - [2022-01-03 13:13:49,732] {dagbag.py:500} INFO - Filling up the DagBag from /home/airflow/.local/lib/python3.7/site-packages/airflow/example_dags/tutorial_taskflow_api_etl.py
[2022-01-03 13:13:49,791] {processor.py:637} INFO - DAG(s) dict_keys(['tutorial_taskflow_api_etl']) retrieved from /home/airflow/.local/lib/python3.7/site-packages/airflow/example_dags/tutorial_taskflow_api_etl.py
[2022-01-03 13:13:50,253] {logging_mixin.py:109} INFO - [2022-01-03 13:13:50,252] {dag.py:2396} INFO - Sync 1 DAGs
[2022-01-03 13:13:50,387] {logging_mixin.py:109} INFO - [2022-01-03 13:13:50,386] {dag.py:2928} INFO - Setting next_dagrun for tutorial_taskflow_api_etl to None
[2022-01-03 13:13:50,423] {processor.py:171} INFO - Processing /home/airflow/.local/lib/python3.7/site-packages/airflow/example_dags/tutorial_taskflow_api_etl.py took 0.706 seconds
[2022-01-03 13:14:20,926] {processor.py:163} INFO - Started process (PID=137) to work on /home/airflow/.local/lib/python3.7/site-packages/airflow/example_dags/tutorial_taskflow_api_etl.py
[2022-01-03 13:14:20,927] {processor.py:625} INFO - Processing file /home/airflow/.local/lib/python3.7/site-packages/airflow/example_dags/tutorial_taskflow_api_etl.py for tasks to queue
[2022-01-03 13:14:20,928] {logging_mixin.py:109} INFO - [2022-01-03 13:14:20,928] {dagbag.py:500} INFO - Filling up the DagBag from /home/airflow/.local/lib/python3.7/site-packages/airflow/example_dags/tutorial_taskflow_api_etl.py
[2022-01-03 13:14:20,959] {processor.py:637} INFO - DAG(s) dict_keys(['tutorial_taskflow_api_etl']) retrieved from /home/airflow/.local/lib/python3.7/site-packages/airflow/example_dags/tutorial_taskflow_api_etl.py
[2022-01-03 13:14:21,317] {logging_mixin.py:109} INFO - [2022-01-03 13:14:21,317] {dag.py:2396} INFO - Sync 1 DAGs
[2022-01-03 13:14:21,332] {logging_mixin.py:109} INFO - [2022-01-03 13:14:21,332] {dag.py:2928} INFO - Setting next_dagrun for tutorial_taskflow_api_etl to None
[2022-01-03 13:14:21,342] {processor.py:171} INFO - Processing /home/airflow/.local/lib/python3.7/site-packages/airflow/example_dags/tutorial_taskflow_api_etl.py took 0.418 seconds
[2022-01-03 13:14:52,049] {processor.py:163} INFO - Started process (PID=191) to work on /home/airflow/.local/lib/python3.7/site-packages/airflow/example_dags/tutorial_taskflow_api_etl.py
[2022-01-03 13:14:52,051] {processor.py:625} INFO - Processing file /home/airflow/.local/lib/python3.7/site-packages/airflow/example_dags/tutorial_taskflow_api_etl.py for tasks to queue
[2022-01-03 13:14:52,052] {logging_mixin.py:109} INFO - [2022-01-03 13:14:52,051] {dagbag.py:500} INFO - Filling up the DagBag from /home/airflow/.local/lib/python3.7/site-packages/airflow/example_dags/tutorial_taskflow_api_etl.py
[2022-01-03 13:14:52,105] {processor.py:637} INFO - DAG(s) dict_keys(['tutorial_taskflow_api_etl']) retrieved from /home/airflow/.local/lib/python3.7/site-packages/airflow/example_dags/tutorial_taskflow_api_etl.py
[2022-01-03 13:14:52,120] {logging_mixin.py:109} INFO - [2022-01-03 13:14:52,120] {dag.py:2396} INFO - Sync 1 DAGs
[2022-01-03 13:14:52,145] {logging_mixin.py:109} INFO - [2022-01-03 13:14:52,145] {dag.py:2928} INFO - Setting next_dagrun for tutorial_taskflow_api_etl to None
[2022-01-03 13:14:52,157] {processor.py:171} INFO - Processing /home/airflow/.local/lib/python3.7/site-packages/airflow/example_dags/tutorial_taskflow_api_etl.py took 0.112 seconds
[2022-01-03 13:15:22,494] {processor.py:163} INFO - Started process (PID=252) to work on /home/airflow/.local/lib/python3.7/site-packages/airflow/example_dags/tutorial_taskflow_api_etl.py
[2022-01-03 13:15:22,507] {processor.py:625} INFO - Processing file /home/airflow/.local/lib/python3.7/site-packages/airflow/example_dags/tutorial_taskflow_api_etl.py for tasks to queue
[2022-01-03 13:15:22,508] {logging_mixin.py:109} INFO - [2022-01-03 13:15:22,508] {dagbag.py:500} INFO - Filling up the DagBag from /home/airflow/.local/lib/python3.7/site-packages/airflow/example_dags/tutorial_taskflow_api_etl.py
[2022-01-03 13:15:22,632] {processor.py:637} INFO - DAG(s) dict_keys(['tutorial_taskflow_api_etl']) retrieved from /home/airflow/.local/lib/python3.7/site-packages/airflow/example_dags/tutorial_taskflow_api_etl.py
[2022-01-03 13:15:23,077] {logging_mixin.py:109} INFO - [2022-01-03 13:15:23,077] {dag.py:2396} INFO - Sync 1 DAGs
[2022-01-03 13:15:23,099] {logging_mixin.py:109} INFO - [2022-01-03 13:15:23,099] {dag.py:2928} INFO - Setting next_dagrun for tutorial_taskflow_api_etl to None
[2022-01-03 13:15:23,114] {processor.py:171} INFO - Processing /home/airflow/.local/lib/python3.7/site-packages/airflow/example_dags/tutorial_taskflow_api_etl.py took 0.636 seconds
[2022-01-03 13:15:53,506] {processor.py:163} INFO - Started process (PID=308) to work on /home/airflow/.local/lib/python3.7/site-packages/airflow/example_dags/tutorial_taskflow_api_etl.py
[2022-01-03 13:15:53,507] {processor.py:625} INFO - Processing file /home/airflow/.local/lib/python3.7/site-packages/airflow/example_dags/tutorial_taskflow_api_etl.py for tasks to queue
[2022-01-03 13:15:53,507] {logging_mixin.py:109} INFO - [2022-01-03 13:15:53,507] {dagbag.py:500} INFO - Filling up the DagBag from /home/airflow/.local/lib/python3.7/site-packages/airflow/example_dags/tutorial_taskflow_api_etl.py
[2022-01-03 13:15:53,546] {processor.py:637} INFO - DAG(s) dict_keys(['tutorial_taskflow_api_etl']) retrieved from /home/airflow/.local/lib/python3.7/site-packages/airflow/example_dags/tutorial_taskflow_api_etl.py
[2022-01-03 13:15:53,917] {logging_mixin.py:109} INFO - [2022-01-03 13:15:53,917] {dag.py:2396} INFO - Sync 1 DAGs
[2022-01-03 13:15:53,932] {logging_mixin.py:109} INFO - [2022-01-03 13:15:53,932] {dag.py:2928} INFO - Setting next_dagrun for tutorial_taskflow_api_etl to None
[2022-01-03 13:15:53,943] {processor.py:171} INFO - Processing /home/airflow/.local/lib/python3.7/site-packages/airflow/example_dags/tutorial_taskflow_api_etl.py took 0.441 seconds
[2022-01-03 13:16:24,102] {processor.py:163} INFO - Started process (PID=364) to work on /home/airflow/.local/lib/python3.7/site-packages/airflow/example_dags/tutorial_taskflow_api_etl.py
[2022-01-03 13:16:24,103] {processor.py:625} INFO - Processing file /home/airflow/.local/lib/python3.7/site-packages/airflow/example_dags/tutorial_taskflow_api_etl.py for tasks to queue
[2022-01-03 13:16:24,104] {logging_mixin.py:109} INFO - [2022-01-03 13:16:24,104] {dagbag.py:500} INFO - Filling up the DagBag from /home/airflow/.local/lib/python3.7/site-packages/airflow/example_dags/tutorial_taskflow_api_etl.py
[2022-01-03 13:16:24,144] {processor.py:637} INFO - DAG(s) dict_keys(['tutorial_taskflow_api_etl']) retrieved from /home/airflow/.local/lib/python3.7/site-packages/airflow/example_dags/tutorial_taskflow_api_etl.py
[2022-01-03 13:16:24,708] {logging_mixin.py:109} INFO - [2022-01-03 13:16:24,707] {dag.py:2396} INFO - Sync 1 DAGs
[2022-01-03 13:16:24,750] {logging_mixin.py:109} INFO - [2022-01-03 13:16:24,750] {dag.py:2928} INFO - Setting next_dagrun for tutorial_taskflow_api_etl to None
[2022-01-03 13:16:24,771] {processor.py:171} INFO - Processing /home/airflow/.local/lib/python3.7/site-packages/airflow/example_dags/tutorial_taskflow_api_etl.py took 0.672 seconds
[2022-01-03 13:16:54,893] {processor.py:163} INFO - Started process (PID=414) to work on /home/airflow/.local/lib/python3.7/site-packages/airflow/example_dags/tutorial_taskflow_api_etl.py
[2022-01-03 13:16:54,894] {processor.py:625} INFO - Processing file /home/airflow/.local/lib/python3.7/site-packages/airflow/example_dags/tutorial_taskflow_api_etl.py for tasks to queue
[2022-01-03 13:16:54,895] {logging_mixin.py:109} INFO - [2022-01-03 13:16:54,895] {dagbag.py:500} INFO - Filling up the DagBag from /home/airflow/.local/lib/python3.7/site-packages/airflow/example_dags/tutorial_taskflow_api_etl.py
[2022-01-03 13:16:54,940] {processor.py:637} INFO - DAG(s) dict_keys(['tutorial_taskflow_api_etl']) retrieved from /home/airflow/.local/lib/python3.7/site-packages/airflow/example_dags/tutorial_taskflow_api_etl.py
[2022-01-03 13:16:55,474] {logging_mixin.py:109} INFO - [2022-01-03 13:16:55,472] {dag.py:2396} INFO - Sync 1 DAGs
[2022-01-03 13:16:55,509] {logging_mixin.py:109} INFO - [2022-01-03 13:16:55,509] {dag.py:2928} INFO - Setting next_dagrun for tutorial_taskflow_api_etl to None
[2022-01-03 13:16:55,525] {processor.py:171} INFO - Processing /home/airflow/.local/lib/python3.7/site-packages/airflow/example_dags/tutorial_taskflow_api_etl.py took 0.636 seconds
[2022-01-03 13:17:26,368] {processor.py:163} INFO - Started process (PID=475) to work on /home/airflow/.local/lib/python3.7/site-packages/airflow/example_dags/tutorial_taskflow_api_etl.py
[2022-01-03 13:17:26,371] {processor.py:625} INFO - Processing file /home/airflow/.local/lib/python3.7/site-packages/airflow/example_dags/tutorial_taskflow_api_etl.py for tasks to queue
[2022-01-03 13:17:26,372] {logging_mixin.py:109} INFO - [2022-01-03 13:17:26,372] {dagbag.py:500} INFO - Filling up the DagBag from /home/airflow/.local/lib/python3.7/site-packages/airflow/example_dags/tutorial_taskflow_api_etl.py
[2022-01-03 13:17:26,425] {processor.py:637} INFO - DAG(s) dict_keys(['tutorial_taskflow_api_etl']) retrieved from /home/airflow/.local/lib/python3.7/site-packages/airflow/example_dags/tutorial_taskflow_api_etl.py
[2022-01-03 13:17:27,449] {logging_mixin.py:109} INFO - [2022-01-03 13:17:27,448] {dag.py:2396} INFO - Sync 1 DAGs
[2022-01-03 13:17:27,491] {logging_mixin.py:109} INFO - [2022-01-03 13:17:27,491] {dag.py:2928} INFO - Setting next_dagrun for tutorial_taskflow_api_etl to None
[2022-01-03 13:17:27,521] {processor.py:171} INFO - Processing /home/airflow/.local/lib/python3.7/site-packages/airflow/example_dags/tutorial_taskflow_api_etl.py took 1.157 seconds
[2022-01-03 13:17:58,465] {processor.py:163} INFO - Started process (PID=531) to work on /home/airflow/.local/lib/python3.7/site-packages/airflow/example_dags/tutorial_taskflow_api_etl.py
[2022-01-03 13:17:58,467] {processor.py:625} INFO - Processing file /home/airflow/.local/lib/python3.7/site-packages/airflow/example_dags/tutorial_taskflow_api_etl.py for tasks to queue
[2022-01-03 13:17:58,467] {logging_mixin.py:109} INFO - [2022-01-03 13:17:58,467] {dagbag.py:500} INFO - Filling up the DagBag from /home/airflow/.local/lib/python3.7/site-packages/airflow/example_dags/tutorial_taskflow_api_etl.py
[2022-01-03 13:17:58,511] {processor.py:637} INFO - DAG(s) dict_keys(['tutorial_taskflow_api_etl']) retrieved from /home/airflow/.local/lib/python3.7/site-packages/airflow/example_dags/tutorial_taskflow_api_etl.py
[2022-01-03 13:17:58,874] {logging_mixin.py:109} INFO - [2022-01-03 13:17:58,874] {dag.py:2396} INFO - Sync 1 DAGs
[2022-01-03 13:17:58,890] {logging_mixin.py:109} INFO - [2022-01-03 13:17:58,890] {dag.py:2928} INFO - Setting next_dagrun for tutorial_taskflow_api_etl to None
[2022-01-03 13:17:58,907] {processor.py:171} INFO - Processing /home/airflow/.local/lib/python3.7/site-packages/airflow/example_dags/tutorial_taskflow_api_etl.py took 0.446 seconds
[2022-01-03 13:18:29,832] {processor.py:163} INFO - Started process (PID=583) to work on /home/airflow/.local/lib/python3.7/site-packages/airflow/example_dags/tutorial_taskflow_api_etl.py
[2022-01-03 13:18:29,838] {processor.py:625} INFO - Processing file /home/airflow/.local/lib/python3.7/site-packages/airflow/example_dags/tutorial_taskflow_api_etl.py for tasks to queue
[2022-01-03 13:18:29,838] {logging_mixin.py:109} INFO - [2022-01-03 13:18:29,838] {dagbag.py:500} INFO - Filling up the DagBag from /home/airflow/.local/lib/python3.7/site-packages/airflow/example_dags/tutorial_taskflow_api_etl.py
[2022-01-03 13:18:29,882] {processor.py:637} INFO - DAG(s) dict_keys(['tutorial_taskflow_api_etl']) retrieved from /home/airflow/.local/lib/python3.7/site-packages/airflow/example_dags/tutorial_taskflow_api_etl.py
[2022-01-03 13:18:30,305] {logging_mixin.py:109} INFO - [2022-01-03 13:18:30,305] {dag.py:2396} INFO - Sync 1 DAGs
[2022-01-03 13:18:30,324] {logging_mixin.py:109} INFO - [2022-01-03 13:18:30,324] {dag.py:2928} INFO - Setting next_dagrun for tutorial_taskflow_api_etl to None
[2022-01-03 13:18:30,346] {processor.py:171} INFO - Processing /home/airflow/.local/lib/python3.7/site-packages/airflow/example_dags/tutorial_taskflow_api_etl.py took 0.519 seconds
[2022-01-03 13:19:00,419] {processor.py:163} INFO - Started process (PID=635) to work on /home/airflow/.local/lib/python3.7/site-packages/airflow/example_dags/tutorial_taskflow_api_etl.py
[2022-01-03 13:19:00,420] {processor.py:625} INFO - Processing file /home/airflow/.local/lib/python3.7/site-packages/airflow/example_dags/tutorial_taskflow_api_etl.py for tasks to queue
[2022-01-03 13:19:00,421] {logging_mixin.py:109} INFO - [2022-01-03 13:19:00,421] {dagbag.py:500} INFO - Filling up the DagBag from /home/airflow/.local/lib/python3.7/site-packages/airflow/example_dags/tutorial_taskflow_api_etl.py
[2022-01-03 13:19:00,524] {processor.py:637} INFO - DAG(s) dict_keys(['tutorial_taskflow_api_etl']) retrieved from /home/airflow/.local/lib/python3.7/site-packages/airflow/example_dags/tutorial_taskflow_api_etl.py
[2022-01-03 13:19:00,983] {logging_mixin.py:109} INFO - [2022-01-03 13:19:00,982] {dag.py:2396} INFO - Sync 1 DAGs
[2022-01-03 13:19:01,004] {logging_mixin.py:109} INFO - [2022-01-03 13:19:01,004] {dag.py:2928} INFO - Setting next_dagrun for tutorial_taskflow_api_etl to None
[2022-01-03 13:19:01,024] {processor.py:171} INFO - Processing /home/airflow/.local/lib/python3.7/site-packages/airflow/example_dags/tutorial_taskflow_api_etl.py took 0.618 seconds
[2022-01-03 13:19:31,808] {processor.py:163} INFO - Started process (PID=692) to work on /home/airflow/.local/lib/python3.7/site-packages/airflow/example_dags/tutorial_taskflow_api_etl.py
[2022-01-03 13:19:31,809] {processor.py:625} INFO - Processing file /home/airflow/.local/lib/python3.7/site-packages/airflow/example_dags/tutorial_taskflow_api_etl.py for tasks to queue
[2022-01-03 13:19:31,810] {logging_mixin.py:109} INFO - [2022-01-03 13:19:31,810] {dagbag.py:500} INFO - Filling up the DagBag from /home/airflow/.local/lib/python3.7/site-packages/airflow/example_dags/tutorial_taskflow_api_etl.py
[2022-01-03 13:19:31,868] {processor.py:637} INFO - DAG(s) dict_keys(['tutorial_taskflow_api_etl']) retrieved from /home/airflow/.local/lib/python3.7/site-packages/airflow/example_dags/tutorial_taskflow_api_etl.py
[2022-01-03 13:19:32,497] {logging_mixin.py:109} INFO - [2022-01-03 13:19:32,497] {dag.py:2396} INFO - Sync 1 DAGs
[2022-01-03 13:19:32,515] {logging_mixin.py:109} INFO - [2022-01-03 13:19:32,514] {dag.py:2928} INFO - Setting next_dagrun for tutorial_taskflow_api_etl to None
[2022-01-03 13:19:32,529] {processor.py:171} INFO - Processing /home/airflow/.local/lib/python3.7/site-packages/airflow/example_dags/tutorial_taskflow_api_etl.py took 0.733 seconds
[2022-01-03 13:20:02,624] {processor.py:163} INFO - Started process (PID=747) to work on /home/airflow/.local/lib/python3.7/site-packages/airflow/example_dags/tutorial_taskflow_api_etl.py
[2022-01-03 13:20:02,632] {processor.py:625} INFO - Processing file /home/airflow/.local/lib/python3.7/site-packages/airflow/example_dags/tutorial_taskflow_api_etl.py for tasks to queue
[2022-01-03 13:20:02,633] {logging_mixin.py:109} INFO - [2022-01-03 13:20:02,633] {dagbag.py:500} INFO - Filling up the DagBag from /home/airflow/.local/lib/python3.7/site-packages/airflow/example_dags/tutorial_taskflow_api_etl.py
[2022-01-03 13:20:02,880] {processor.py:637} INFO - DAG(s) dict_keys(['tutorial_taskflow_api_etl']) retrieved from /home/airflow/.local/lib/python3.7/site-packages/airflow/example_dags/tutorial_taskflow_api_etl.py
[2022-01-03 13:20:03,672] {logging_mixin.py:109} INFO - [2022-01-03 13:20:03,672] {dag.py:2396} INFO - Sync 1 DAGs
[2022-01-03 13:20:03,697] {logging_mixin.py:109} INFO - [2022-01-03 13:20:03,697] {dag.py:2928} INFO - Setting next_dagrun for tutorial_taskflow_api_etl to None
[2022-01-03 13:20:03,711] {processor.py:171} INFO - Processing /home/airflow/.local/lib/python3.7/site-packages/airflow/example_dags/tutorial_taskflow_api_etl.py took 1.091 seconds
[2022-01-03 13:20:34,077] {processor.py:163} INFO - Started process (PID=798) to work on /home/airflow/.local/lib/python3.7/site-packages/airflow/example_dags/tutorial_taskflow_api_etl.py
[2022-01-03 13:20:34,083] {processor.py:625} INFO - Processing file /home/airflow/.local/lib/python3.7/site-packages/airflow/example_dags/tutorial_taskflow_api_etl.py for tasks to queue
[2022-01-03 13:20:34,084] {logging_mixin.py:109} INFO - [2022-01-03 13:20:34,084] {dagbag.py:500} INFO - Filling up the DagBag from /home/airflow/.local/lib/python3.7/site-packages/airflow/example_dags/tutorial_taskflow_api_etl.py
[2022-01-03 13:20:34,179] {processor.py:637} INFO - DAG(s) dict_keys(['tutorial_taskflow_api_etl']) retrieved from /home/airflow/.local/lib/python3.7/site-packages/airflow/example_dags/tutorial_taskflow_api_etl.py
[2022-01-03 13:20:34,798] {logging_mixin.py:109} INFO - [2022-01-03 13:20:34,798] {dag.py:2396} INFO - Sync 1 DAGs
[2022-01-03 13:20:34,822] {logging_mixin.py:109} INFO - [2022-01-03 13:20:34,822] {dag.py:2928} INFO - Setting next_dagrun for tutorial_taskflow_api_etl to None
[2022-01-03 13:20:34,843] {processor.py:171} INFO - Processing /home/airflow/.local/lib/python3.7/site-packages/airflow/example_dags/tutorial_taskflow_api_etl.py took 0.770 seconds
[2022-01-03 13:21:05,226] {processor.py:163} INFO - Started process (PID=848) to work on /home/airflow/.local/lib/python3.7/site-packages/airflow/example_dags/tutorial_taskflow_api_etl.py
[2022-01-03 13:21:05,231] {processor.py:625} INFO - Processing file /home/airflow/.local/lib/python3.7/site-packages/airflow/example_dags/tutorial_taskflow_api_etl.py for tasks to queue
[2022-01-03 13:21:05,232] {logging_mixin.py:109} INFO - [2022-01-03 13:21:05,232] {dagbag.py:500} INFO - Filling up the DagBag from /home/airflow/.local/lib/python3.7/site-packages/airflow/example_dags/tutorial_taskflow_api_etl.py
[2022-01-03 13:21:05,284] {processor.py:637} INFO - DAG(s) dict_keys(['tutorial_taskflow_api_etl']) retrieved from /home/airflow/.local/lib/python3.7/site-packages/airflow/example_dags/tutorial_taskflow_api_etl.py
[2022-01-03 13:21:05,731] {logging_mixin.py:109} INFO - [2022-01-03 13:21:05,730] {dag.py:2396} INFO - Sync 1 DAGs
[2022-01-03 13:21:05,779] {logging_mixin.py:109} INFO - [2022-01-03 13:21:05,778] {dag.py:2928} INFO - Setting next_dagrun for tutorial_taskflow_api_etl to None
[2022-01-03 13:21:05,816] {processor.py:171} INFO - Processing /home/airflow/.local/lib/python3.7/site-packages/airflow/example_dags/tutorial_taskflow_api_etl.py took 0.594 seconds
[2022-01-03 13:21:35,942] {processor.py:163} INFO - Started process (PID=899) to work on /home/airflow/.local/lib/python3.7/site-packages/airflow/example_dags/tutorial_taskflow_api_etl.py
[2022-01-03 13:21:35,944] {processor.py:625} INFO - Processing file /home/airflow/.local/lib/python3.7/site-packages/airflow/example_dags/tutorial_taskflow_api_etl.py for tasks to queue
[2022-01-03 13:21:35,945] {logging_mixin.py:109} INFO - [2022-01-03 13:21:35,944] {dagbag.py:500} INFO - Filling up the DagBag from /home/airflow/.local/lib/python3.7/site-packages/airflow/example_dags/tutorial_taskflow_api_etl.py
[2022-01-03 13:21:36,079] {processor.py:637} INFO - DAG(s) dict_keys(['tutorial_taskflow_api_etl']) retrieved from /home/airflow/.local/lib/python3.7/site-packages/airflow/example_dags/tutorial_taskflow_api_etl.py
[2022-01-03 13:21:36,614] {logging_mixin.py:109} INFO - [2022-01-03 13:21:36,614] {dag.py:2396} INFO - Sync 1 DAGs
[2022-01-03 13:21:36,642] {logging_mixin.py:109} INFO - [2022-01-03 13:21:36,642] {dag.py:2928} INFO - Setting next_dagrun for tutorial_taskflow_api_etl to None
[2022-01-03 13:21:36,660] {processor.py:171} INFO - Processing /home/airflow/.local/lib/python3.7/site-packages/airflow/example_dags/tutorial_taskflow_api_etl.py took 0.730 seconds
[2022-01-03 13:22:06,744] {processor.py:163} INFO - Started process (PID=950) to work on /home/airflow/.local/lib/python3.7/site-packages/airflow/example_dags/tutorial_taskflow_api_etl.py
[2022-01-03 13:22:06,746] {processor.py:625} INFO - Processing file /home/airflow/.local/lib/python3.7/site-packages/airflow/example_dags/tutorial_taskflow_api_etl.py for tasks to queue
[2022-01-03 13:22:06,747] {logging_mixin.py:109} INFO - [2022-01-03 13:22:06,746] {dagbag.py:500} INFO - Filling up the DagBag from /home/airflow/.local/lib/python3.7/site-packages/airflow/example_dags/tutorial_taskflow_api_etl.py
[2022-01-03 13:22:06,792] {processor.py:637} INFO - DAG(s) dict_keys(['tutorial_taskflow_api_etl']) retrieved from /home/airflow/.local/lib/python3.7/site-packages/airflow/example_dags/tutorial_taskflow_api_etl.py
[2022-01-03 13:22:07,272] {logging_mixin.py:109} INFO - [2022-01-03 13:22:07,272] {dag.py:2396} INFO - Sync 1 DAGs
[2022-01-03 13:22:07,298] {logging_mixin.py:109} INFO - [2022-01-03 13:22:07,298] {dag.py:2928} INFO - Setting next_dagrun for tutorial_taskflow_api_etl to None
[2022-01-03 13:22:07,330] {processor.py:171} INFO - Processing /home/airflow/.local/lib/python3.7/site-packages/airflow/example_dags/tutorial_taskflow_api_etl.py took 0.590 seconds
[2022-01-03 13:22:37,683] {processor.py:163} INFO - Started process (PID=1011) to work on /home/airflow/.local/lib/python3.7/site-packages/airflow/example_dags/tutorial_taskflow_api_etl.py
[2022-01-03 13:22:37,684] {processor.py:625} INFO - Processing file /home/airflow/.local/lib/python3.7/site-packages/airflow/example_dags/tutorial_taskflow_api_etl.py for tasks to queue
[2022-01-03 13:22:37,685] {logging_mixin.py:109} INFO - [2022-01-03 13:22:37,685] {dagbag.py:500} INFO - Filling up the DagBag from /home/airflow/.local/lib/python3.7/site-packages/airflow/example_dags/tutorial_taskflow_api_etl.py
[2022-01-03 13:22:37,728] {processor.py:637} INFO - DAG(s) dict_keys(['tutorial_taskflow_api_etl']) retrieved from /home/airflow/.local/lib/python3.7/site-packages/airflow/example_dags/tutorial_taskflow_api_etl.py
[2022-01-03 13:22:38,176] {logging_mixin.py:109} INFO - [2022-01-03 13:22:38,176] {dag.py:2396} INFO - Sync 1 DAGs
[2022-01-03 13:22:38,198] {logging_mixin.py:109} INFO - [2022-01-03 13:22:38,198] {dag.py:2928} INFO - Setting next_dagrun for tutorial_taskflow_api_etl to None
[2022-01-03 13:22:38,215] {processor.py:171} INFO - Processing /home/airflow/.local/lib/python3.7/site-packages/airflow/example_dags/tutorial_taskflow_api_etl.py took 0.535 seconds
[2022-01-03 13:23:08,960] {processor.py:163} INFO - Started process (PID=1062) to work on /home/airflow/.local/lib/python3.7/site-packages/airflow/example_dags/tutorial_taskflow_api_etl.py
[2022-01-03 13:23:08,962] {processor.py:625} INFO - Processing file /home/airflow/.local/lib/python3.7/site-packages/airflow/example_dags/tutorial_taskflow_api_etl.py for tasks to queue
[2022-01-03 13:23:08,963] {logging_mixin.py:109} INFO - [2022-01-03 13:23:08,962] {dagbag.py:500} INFO - Filling up the DagBag from /home/airflow/.local/lib/python3.7/site-packages/airflow/example_dags/tutorial_taskflow_api_etl.py
[2022-01-03 13:23:09,004] {processor.py:637} INFO - DAG(s) dict_keys(['tutorial_taskflow_api_etl']) retrieved from /home/airflow/.local/lib/python3.7/site-packages/airflow/example_dags/tutorial_taskflow_api_etl.py
[2022-01-03 13:23:09,383] {logging_mixin.py:109} INFO - [2022-01-03 13:23:09,383] {dag.py:2396} INFO - Sync 1 DAGs
[2022-01-03 13:23:09,404] {logging_mixin.py:109} INFO - [2022-01-03 13:23:09,404] {dag.py:2928} INFO - Setting next_dagrun for tutorial_taskflow_api_etl to None
[2022-01-03 13:23:09,418] {processor.py:171} INFO - Processing /home/airflow/.local/lib/python3.7/site-packages/airflow/example_dags/tutorial_taskflow_api_etl.py took 0.461 seconds
[2022-01-03 13:23:40,289] {processor.py:163} INFO - Started process (PID=1113) to work on /home/airflow/.local/lib/python3.7/site-packages/airflow/example_dags/tutorial_taskflow_api_etl.py
[2022-01-03 13:23:40,291] {processor.py:625} INFO - Processing file /home/airflow/.local/lib/python3.7/site-packages/airflow/example_dags/tutorial_taskflow_api_etl.py for tasks to queue
[2022-01-03 13:23:40,292] {logging_mixin.py:109} INFO - [2022-01-03 13:23:40,292] {dagbag.py:500} INFO - Filling up the DagBag from /home/airflow/.local/lib/python3.7/site-packages/airflow/example_dags/tutorial_taskflow_api_etl.py
[2022-01-03 13:23:40,415] {processor.py:637} INFO - DAG(s) dict_keys(['tutorial_taskflow_api_etl']) retrieved from /home/airflow/.local/lib/python3.7/site-packages/airflow/example_dags/tutorial_taskflow_api_etl.py
[2022-01-03 13:23:41,447] {logging_mixin.py:109} INFO - [2022-01-03 13:23:41,447] {dag.py:2396} INFO - Sync 1 DAGs
[2022-01-03 13:23:41,530] {logging_mixin.py:109} INFO - [2022-01-03 13:23:41,530] {dag.py:2928} INFO - Setting next_dagrun for tutorial_taskflow_api_etl to None
[2022-01-03 13:23:41,568] {processor.py:171} INFO - Processing /home/airflow/.local/lib/python3.7/site-packages/airflow/example_dags/tutorial_taskflow_api_etl.py took 1.284 seconds
[2022-01-03 13:24:11,905] {processor.py:163} INFO - Started process (PID=1165) to work on /home/airflow/.local/lib/python3.7/site-packages/airflow/example_dags/tutorial_taskflow_api_etl.py
[2022-01-03 13:24:11,907] {processor.py:625} INFO - Processing file /home/airflow/.local/lib/python3.7/site-packages/airflow/example_dags/tutorial_taskflow_api_etl.py for tasks to queue
[2022-01-03 13:24:11,907] {logging_mixin.py:109} INFO - [2022-01-03 13:24:11,907] {dagbag.py:500} INFO - Filling up the DagBag from /home/airflow/.local/lib/python3.7/site-packages/airflow/example_dags/tutorial_taskflow_api_etl.py
[2022-01-03 13:24:11,946] {processor.py:637} INFO - DAG(s) dict_keys(['tutorial_taskflow_api_etl']) retrieved from /home/airflow/.local/lib/python3.7/site-packages/airflow/example_dags/tutorial_taskflow_api_etl.py
[2022-01-03 13:24:12,420] {logging_mixin.py:109} INFO - [2022-01-03 13:24:12,420] {dag.py:2396} INFO - Sync 1 DAGs
[2022-01-03 13:24:12,445] {logging_mixin.py:109} INFO - [2022-01-03 13:24:12,445] {dag.py:2928} INFO - Setting next_dagrun for tutorial_taskflow_api_etl to None
[2022-01-03 13:24:12,464] {processor.py:171} INFO - Processing /home/airflow/.local/lib/python3.7/site-packages/airflow/example_dags/tutorial_taskflow_api_etl.py took 0.563 seconds
[2022-01-03 13:24:42,532] {processor.py:163} INFO - Started process (PID=1226) to work on /home/airflow/.local/lib/python3.7/site-packages/airflow/example_dags/tutorial_taskflow_api_etl.py
[2022-01-03 13:24:42,533] {processor.py:625} INFO - Processing file /home/airflow/.local/lib/python3.7/site-packages/airflow/example_dags/tutorial_taskflow_api_etl.py for tasks to queue
[2022-01-03 13:24:42,534] {logging_mixin.py:109} INFO - [2022-01-03 13:24:42,534] {dagbag.py:500} INFO - Filling up the DagBag from /home/airflow/.local/lib/python3.7/site-packages/airflow/example_dags/tutorial_taskflow_api_etl.py
[2022-01-03 13:24:42,572] {processor.py:637} INFO - DAG(s) dict_keys(['tutorial_taskflow_api_etl']) retrieved from /home/airflow/.local/lib/python3.7/site-packages/airflow/example_dags/tutorial_taskflow_api_etl.py
[2022-01-03 13:24:43,012] {logging_mixin.py:109} INFO - [2022-01-03 13:24:43,011] {dag.py:2396} INFO - Sync 1 DAGs
[2022-01-03 13:24:43,041] {logging_mixin.py:109} INFO - [2022-01-03 13:24:43,041] {dag.py:2928} INFO - Setting next_dagrun for tutorial_taskflow_api_etl to None
[2022-01-03 13:24:43,056] {processor.py:171} INFO - Processing /home/airflow/.local/lib/python3.7/site-packages/airflow/example_dags/tutorial_taskflow_api_etl.py took 0.528 seconds
[2022-01-03 13:25:14,040] {processor.py:163} INFO - Started process (PID=1276) to work on /home/airflow/.local/lib/python3.7/site-packages/airflow/example_dags/tutorial_taskflow_api_etl.py
[2022-01-03 13:25:14,042] {processor.py:625} INFO - Processing file /home/airflow/.local/lib/python3.7/site-packages/airflow/example_dags/tutorial_taskflow_api_etl.py for tasks to queue
[2022-01-03 13:25:14,042] {logging_mixin.py:109} INFO - [2022-01-03 13:25:14,042] {dagbag.py:500} INFO - Filling up the DagBag from /home/airflow/.local/lib/python3.7/site-packages/airflow/example_dags/tutorial_taskflow_api_etl.py
[2022-01-03 13:25:14,074] {processor.py:637} INFO - DAG(s) dict_keys(['tutorial_taskflow_api_etl']) retrieved from /home/airflow/.local/lib/python3.7/site-packages/airflow/example_dags/tutorial_taskflow_api_etl.py
[2022-01-03 13:25:14,457] {logging_mixin.py:109} INFO - [2022-01-03 13:25:14,457] {dag.py:2396} INFO - Sync 1 DAGs
[2022-01-03 13:25:14,482] {logging_mixin.py:109} INFO - [2022-01-03 13:25:14,482] {dag.py:2928} INFO - Setting next_dagrun for tutorial_taskflow_api_etl to None
[2022-01-03 13:25:14,522] {processor.py:171} INFO - Processing /home/airflow/.local/lib/python3.7/site-packages/airflow/example_dags/tutorial_taskflow_api_etl.py took 0.485 seconds
[2022-01-03 13:25:44,796] {processor.py:163} INFO - Started process (PID=1333) to work on /home/airflow/.local/lib/python3.7/site-packages/airflow/example_dags/tutorial_taskflow_api_etl.py
[2022-01-03 13:25:44,798] {processor.py:625} INFO - Processing file /home/airflow/.local/lib/python3.7/site-packages/airflow/example_dags/tutorial_taskflow_api_etl.py for tasks to queue
[2022-01-03 13:25:44,798] {logging_mixin.py:109} INFO - [2022-01-03 13:25:44,798] {dagbag.py:500} INFO - Filling up the DagBag from /home/airflow/.local/lib/python3.7/site-packages/airflow/example_dags/tutorial_taskflow_api_etl.py
[2022-01-03 13:25:44,877] {processor.py:637} INFO - DAG(s) dict_keys(['tutorial_taskflow_api_etl']) retrieved from /home/airflow/.local/lib/python3.7/site-packages/airflow/example_dags/tutorial_taskflow_api_etl.py
[2022-01-03 13:25:45,528] {logging_mixin.py:109} INFO - [2022-01-03 13:25:45,528] {dag.py:2396} INFO - Sync 1 DAGs
[2022-01-03 13:25:45,552] {logging_mixin.py:109} INFO - [2022-01-03 13:25:45,552] {dag.py:2928} INFO - Setting next_dagrun for tutorial_taskflow_api_etl to None
[2022-01-03 13:25:45,575] {processor.py:171} INFO - Processing /home/airflow/.local/lib/python3.7/site-packages/airflow/example_dags/tutorial_taskflow_api_etl.py took 0.784 seconds
[2022-01-03 13:26:16,468] {processor.py:163} INFO - Started process (PID=1393) to work on /home/airflow/.local/lib/python3.7/site-packages/airflow/example_dags/tutorial_taskflow_api_etl.py
[2022-01-03 13:26:16,471] {processor.py:625} INFO - Processing file /home/airflow/.local/lib/python3.7/site-packages/airflow/example_dags/tutorial_taskflow_api_etl.py for tasks to queue
[2022-01-03 13:26:16,472] {logging_mixin.py:109} INFO - [2022-01-03 13:26:16,472] {dagbag.py:500} INFO - Filling up the DagBag from /home/airflow/.local/lib/python3.7/site-packages/airflow/example_dags/tutorial_taskflow_api_etl.py
[2022-01-03 13:26:16,526] {processor.py:637} INFO - DAG(s) dict_keys(['tutorial_taskflow_api_etl']) retrieved from /home/airflow/.local/lib/python3.7/site-packages/airflow/example_dags/tutorial_taskflow_api_etl.py
[2022-01-03 13:26:17,420] {logging_mixin.py:109} INFO - [2022-01-03 13:26:17,420] {dag.py:2396} INFO - Sync 1 DAGs
[2022-01-03 13:26:17,443] {logging_mixin.py:109} INFO - [2022-01-03 13:26:17,443] {dag.py:2928} INFO - Setting next_dagrun for tutorial_taskflow_api_etl to None
[2022-01-03 13:26:17,474] {processor.py:171} INFO - Processing /home/airflow/.local/lib/python3.7/site-packages/airflow/example_dags/tutorial_taskflow_api_etl.py took 1.011 seconds
[2022-01-03 13:26:48,072] {processor.py:163} INFO - Started process (PID=1444) to work on /home/airflow/.local/lib/python3.7/site-packages/airflow/example_dags/tutorial_taskflow_api_etl.py
[2022-01-03 13:26:48,079] {processor.py:625} INFO - Processing file /home/airflow/.local/lib/python3.7/site-packages/airflow/example_dags/tutorial_taskflow_api_etl.py for tasks to queue
[2022-01-03 13:26:48,079] {logging_mixin.py:109} INFO - [2022-01-03 13:26:48,079] {dagbag.py:500} INFO - Filling up the DagBag from /home/airflow/.local/lib/python3.7/site-packages/airflow/example_dags/tutorial_taskflow_api_etl.py
[2022-01-03 13:26:48,203] {processor.py:637} INFO - DAG(s) dict_keys(['tutorial_taskflow_api_etl']) retrieved from /home/airflow/.local/lib/python3.7/site-packages/airflow/example_dags/tutorial_taskflow_api_etl.py
[2022-01-03 13:26:48,719] {logging_mixin.py:109} INFO - [2022-01-03 13:26:48,719] {dag.py:2396} INFO - Sync 1 DAGs
[2022-01-03 13:26:48,752] {logging_mixin.py:109} INFO - [2022-01-03 13:26:48,752] {dag.py:2928} INFO - Setting next_dagrun for tutorial_taskflow_api_etl to None
[2022-01-03 13:26:48,780] {processor.py:171} INFO - Processing /home/airflow/.local/lib/python3.7/site-packages/airflow/example_dags/tutorial_taskflow_api_etl.py took 0.717 seconds
[2022-01-03 13:27:19,636] {processor.py:163} INFO - Started process (PID=1494) to work on /home/airflow/.local/lib/python3.7/site-packages/airflow/example_dags/tutorial_taskflow_api_etl.py
[2022-01-03 13:27:19,638] {processor.py:625} INFO - Processing file /home/airflow/.local/lib/python3.7/site-packages/airflow/example_dags/tutorial_taskflow_api_etl.py for tasks to queue
[2022-01-03 13:27:19,639] {logging_mixin.py:109} INFO - [2022-01-03 13:27:19,639] {dagbag.py:500} INFO - Filling up the DagBag from /home/airflow/.local/lib/python3.7/site-packages/airflow/example_dags/tutorial_taskflow_api_etl.py
[2022-01-03 13:27:19,687] {processor.py:637} INFO - DAG(s) dict_keys(['tutorial_taskflow_api_etl']) retrieved from /home/airflow/.local/lib/python3.7/site-packages/airflow/example_dags/tutorial_taskflow_api_etl.py
[2022-01-03 13:27:20,096] {logging_mixin.py:109} INFO - [2022-01-03 13:27:20,096] {dag.py:2396} INFO - Sync 1 DAGs
[2022-01-03 13:27:20,117] {logging_mixin.py:109} INFO - [2022-01-03 13:27:20,117] {dag.py:2928} INFO - Setting next_dagrun for tutorial_taskflow_api_etl to None
[2022-01-03 13:27:20,135] {processor.py:171} INFO - Processing /home/airflow/.local/lib/python3.7/site-packages/airflow/example_dags/tutorial_taskflow_api_etl.py took 0.502 seconds
[2022-01-03 13:27:50,890] {processor.py:163} INFO - Started process (PID=1546) to work on /home/airflow/.local/lib/python3.7/site-packages/airflow/example_dags/tutorial_taskflow_api_etl.py
[2022-01-03 13:27:50,892] {processor.py:625} INFO - Processing file /home/airflow/.local/lib/python3.7/site-packages/airflow/example_dags/tutorial_taskflow_api_etl.py for tasks to queue
[2022-01-03 13:27:50,893] {logging_mixin.py:109} INFO - [2022-01-03 13:27:50,893] {dagbag.py:500} INFO - Filling up the DagBag from /home/airflow/.local/lib/python3.7/site-packages/airflow/example_dags/tutorial_taskflow_api_etl.py
[2022-01-03 13:27:50,942] {processor.py:637} INFO - DAG(s) dict_keys(['tutorial_taskflow_api_etl']) retrieved from /home/airflow/.local/lib/python3.7/site-packages/airflow/example_dags/tutorial_taskflow_api_etl.py
[2022-01-03 13:27:51,313] {logging_mixin.py:109} INFO - [2022-01-03 13:27:51,313] {dag.py:2396} INFO - Sync 1 DAGs
[2022-01-03 13:27:51,328] {logging_mixin.py:109} INFO - [2022-01-03 13:27:51,328] {dag.py:2928} INFO - Setting next_dagrun for tutorial_taskflow_api_etl to None
[2022-01-03 13:27:51,339] {processor.py:171} INFO - Processing /home/airflow/.local/lib/python3.7/site-packages/airflow/example_dags/tutorial_taskflow_api_etl.py took 0.452 seconds
[2022-01-03 13:28:22,243] {processor.py:163} INFO - Started process (PID=1603) to work on /home/airflow/.local/lib/python3.7/site-packages/airflow/example_dags/tutorial_taskflow_api_etl.py
[2022-01-03 13:28:22,244] {processor.py:625} INFO - Processing file /home/airflow/.local/lib/python3.7/site-packages/airflow/example_dags/tutorial_taskflow_api_etl.py for tasks to queue
[2022-01-03 13:28:22,245] {logging_mixin.py:109} INFO - [2022-01-03 13:28:22,245] {dagbag.py:500} INFO - Filling up the DagBag from /home/airflow/.local/lib/python3.7/site-packages/airflow/example_dags/tutorial_taskflow_api_etl.py
[2022-01-03 13:28:22,291] {processor.py:637} INFO - DAG(s) dict_keys(['tutorial_taskflow_api_etl']) retrieved from /home/airflow/.local/lib/python3.7/site-packages/airflow/example_dags/tutorial_taskflow_api_etl.py
[2022-01-03 13:28:22,656] {logging_mixin.py:109} INFO - [2022-01-03 13:28:22,656] {dag.py:2396} INFO - Sync 1 DAGs
[2022-01-03 13:28:22,674] {logging_mixin.py:109} INFO - [2022-01-03 13:28:22,674] {dag.py:2928} INFO - Setting next_dagrun for tutorial_taskflow_api_etl to None
[2022-01-03 13:28:22,687] {processor.py:171} INFO - Processing /home/airflow/.local/lib/python3.7/site-packages/airflow/example_dags/tutorial_taskflow_api_etl.py took 0.447 seconds
[2022-01-03 13:28:53,255] {processor.py:163} INFO - Started process (PID=1666) to work on /home/airflow/.local/lib/python3.7/site-packages/airflow/example_dags/tutorial_taskflow_api_etl.py
[2022-01-03 13:28:53,256] {processor.py:625} INFO - Processing file /home/airflow/.local/lib/python3.7/site-packages/airflow/example_dags/tutorial_taskflow_api_etl.py for tasks to queue
[2022-01-03 13:28:53,256] {logging_mixin.py:109} INFO - [2022-01-03 13:28:53,256] {dagbag.py:500} INFO - Filling up the DagBag from /home/airflow/.local/lib/python3.7/site-packages/airflow/example_dags/tutorial_taskflow_api_etl.py
[2022-01-03 13:28:53,287] {processor.py:637} INFO - DAG(s) dict_keys(['tutorial_taskflow_api_etl']) retrieved from /home/airflow/.local/lib/python3.7/site-packages/airflow/example_dags/tutorial_taskflow_api_etl.py
[2022-01-03 13:28:53,600] {logging_mixin.py:109} INFO - [2022-01-03 13:28:53,600] {dag.py:2396} INFO - Sync 1 DAGs
[2022-01-03 13:28:53,615] {logging_mixin.py:109} INFO - [2022-01-03 13:28:53,615] {dag.py:2928} INFO - Setting next_dagrun for tutorial_taskflow_api_etl to None
[2022-01-03 13:28:53,629] {processor.py:171} INFO - Processing /home/airflow/.local/lib/python3.7/site-packages/airflow/example_dags/tutorial_taskflow_api_etl.py took 0.378 seconds
[2022-01-03 13:29:23,854] {processor.py:163} INFO - Started process (PID=1717) to work on /home/airflow/.local/lib/python3.7/site-packages/airflow/example_dags/tutorial_taskflow_api_etl.py
[2022-01-03 13:29:23,855] {processor.py:625} INFO - Processing file /home/airflow/.local/lib/python3.7/site-packages/airflow/example_dags/tutorial_taskflow_api_etl.py for tasks to queue
[2022-01-03 13:29:23,856] {logging_mixin.py:109} INFO - [2022-01-03 13:29:23,856] {dagbag.py:500} INFO - Filling up the DagBag from /home/airflow/.local/lib/python3.7/site-packages/airflow/example_dags/tutorial_taskflow_api_etl.py
[2022-01-03 13:29:23,897] {processor.py:637} INFO - DAG(s) dict_keys(['tutorial_taskflow_api_etl']) retrieved from /home/airflow/.local/lib/python3.7/site-packages/airflow/example_dags/tutorial_taskflow_api_etl.py
[2022-01-03 13:29:24,350] {logging_mixin.py:109} INFO - [2022-01-03 13:29:24,350] {dag.py:2396} INFO - Sync 1 DAGs
[2022-01-03 13:29:24,374] {logging_mixin.py:109} INFO - [2022-01-03 13:29:24,374] {dag.py:2928} INFO - Setting next_dagrun for tutorial_taskflow_api_etl to None
[2022-01-03 13:29:24,394] {processor.py:171} INFO - Processing /home/airflow/.local/lib/python3.7/site-packages/airflow/example_dags/tutorial_taskflow_api_etl.py took 0.544 seconds
[2022-01-03 13:29:54,894] {processor.py:163} INFO - Started process (PID=1767) to work on /home/airflow/.local/lib/python3.7/site-packages/airflow/example_dags/tutorial_taskflow_api_etl.py
[2022-01-03 13:29:54,895] {processor.py:625} INFO - Processing file /home/airflow/.local/lib/python3.7/site-packages/airflow/example_dags/tutorial_taskflow_api_etl.py for tasks to queue
[2022-01-03 13:29:54,896] {logging_mixin.py:109} INFO - [2022-01-03 13:29:54,895] {dagbag.py:500} INFO - Filling up the DagBag from /home/airflow/.local/lib/python3.7/site-packages/airflow/example_dags/tutorial_taskflow_api_etl.py
[2022-01-03 13:29:54,936] {processor.py:637} INFO - DAG(s) dict_keys(['tutorial_taskflow_api_etl']) retrieved from /home/airflow/.local/lib/python3.7/site-packages/airflow/example_dags/tutorial_taskflow_api_etl.py
[2022-01-03 13:29:55,436] {logging_mixin.py:109} INFO - [2022-01-03 13:29:55,436] {dag.py:2396} INFO - Sync 1 DAGs
[2022-01-03 13:29:55,459] {logging_mixin.py:109} INFO - [2022-01-03 13:29:55,459] {dag.py:2928} INFO - Setting next_dagrun for tutorial_taskflow_api_etl to None
[2022-01-03 13:29:55,474] {processor.py:171} INFO - Processing /home/airflow/.local/lib/python3.7/site-packages/airflow/example_dags/tutorial_taskflow_api_etl.py took 0.583 seconds
[2022-01-03 13:30:25,717] {processor.py:163} INFO - Started process (PID=1819) to work on /home/airflow/.local/lib/python3.7/site-packages/airflow/example_dags/tutorial_taskflow_api_etl.py
[2022-01-03 13:30:25,718] {processor.py:625} INFO - Processing file /home/airflow/.local/lib/python3.7/site-packages/airflow/example_dags/tutorial_taskflow_api_etl.py for tasks to queue
[2022-01-03 13:30:25,719] {logging_mixin.py:109} INFO - [2022-01-03 13:30:25,719] {dagbag.py:500} INFO - Filling up the DagBag from /home/airflow/.local/lib/python3.7/site-packages/airflow/example_dags/tutorial_taskflow_api_etl.py
[2022-01-03 13:30:25,764] {processor.py:637} INFO - DAG(s) dict_keys(['tutorial_taskflow_api_etl']) retrieved from /home/airflow/.local/lib/python3.7/site-packages/airflow/example_dags/tutorial_taskflow_api_etl.py
[2022-01-03 13:30:26,451] {logging_mixin.py:109} INFO - [2022-01-03 13:30:26,450] {dag.py:2396} INFO - Sync 1 DAGs
[2022-01-03 13:30:26,467] {logging_mixin.py:109} INFO - [2022-01-03 13:30:26,467] {dag.py:2928} INFO - Setting next_dagrun for tutorial_taskflow_api_etl to None
[2022-01-03 13:30:26,479] {processor.py:171} INFO - Processing /home/airflow/.local/lib/python3.7/site-packages/airflow/example_dags/tutorial_taskflow_api_etl.py took 0.766 seconds
[2022-01-03 13:30:57,456] {processor.py:163} INFO - Started process (PID=1884) to work on /home/airflow/.local/lib/python3.7/site-packages/airflow/example_dags/tutorial_taskflow_api_etl.py
[2022-01-03 13:30:57,474] {processor.py:625} INFO - Processing file /home/airflow/.local/lib/python3.7/site-packages/airflow/example_dags/tutorial_taskflow_api_etl.py for tasks to queue
[2022-01-03 13:30:57,475] {logging_mixin.py:109} INFO - [2022-01-03 13:30:57,475] {dagbag.py:500} INFO - Filling up the DagBag from /home/airflow/.local/lib/python3.7/site-packages/airflow/example_dags/tutorial_taskflow_api_etl.py
[2022-01-03 13:30:57,532] {processor.py:637} INFO - DAG(s) dict_keys(['tutorial_taskflow_api_etl']) retrieved from /home/airflow/.local/lib/python3.7/site-packages/airflow/example_dags/tutorial_taskflow_api_etl.py
[2022-01-03 13:30:58,088] {logging_mixin.py:109} INFO - [2022-01-03 13:30:58,088] {dag.py:2396} INFO - Sync 1 DAGs
[2022-01-03 13:30:58,105] {logging_mixin.py:109} INFO - [2022-01-03 13:30:58,105] {dag.py:2928} INFO - Setting next_dagrun for tutorial_taskflow_api_etl to None
[2022-01-03 13:30:58,121] {processor.py:171} INFO - Processing /home/airflow/.local/lib/python3.7/site-packages/airflow/example_dags/tutorial_taskflow_api_etl.py took 0.684 seconds
[2022-01-03 13:31:29,297] {processor.py:163} INFO - Started process (PID=1935) to work on /home/airflow/.local/lib/python3.7/site-packages/airflow/example_dags/tutorial_taskflow_api_etl.py
[2022-01-03 13:31:29,307] {processor.py:625} INFO - Processing file /home/airflow/.local/lib/python3.7/site-packages/airflow/example_dags/tutorial_taskflow_api_etl.py for tasks to queue
[2022-01-03 13:31:29,308] {logging_mixin.py:109} INFO - [2022-01-03 13:31:29,308] {dagbag.py:500} INFO - Filling up the DagBag from /home/airflow/.local/lib/python3.7/site-packages/airflow/example_dags/tutorial_taskflow_api_etl.py
[2022-01-03 13:31:29,441] {processor.py:637} INFO - DAG(s) dict_keys(['tutorial_taskflow_api_etl']) retrieved from /home/airflow/.local/lib/python3.7/site-packages/airflow/example_dags/tutorial_taskflow_api_etl.py
[2022-01-03 13:31:30,132] {logging_mixin.py:109} INFO - [2022-01-03 13:31:30,132] {dag.py:2396} INFO - Sync 1 DAGs
[2022-01-03 13:31:30,169] {logging_mixin.py:109} INFO - [2022-01-03 13:31:30,169] {dag.py:2928} INFO - Setting next_dagrun for tutorial_taskflow_api_etl to None
[2022-01-03 13:31:30,215] {processor.py:171} INFO - Processing /home/airflow/.local/lib/python3.7/site-packages/airflow/example_dags/tutorial_taskflow_api_etl.py took 0.934 seconds
[2022-01-03 13:32:01,029] {processor.py:163} INFO - Started process (PID=1987) to work on /home/airflow/.local/lib/python3.7/site-packages/airflow/example_dags/tutorial_taskflow_api_etl.py
[2022-01-03 13:32:01,050] {processor.py:625} INFO - Processing file /home/airflow/.local/lib/python3.7/site-packages/airflow/example_dags/tutorial_taskflow_api_etl.py for tasks to queue
[2022-01-03 13:32:01,051] {logging_mixin.py:109} INFO - [2022-01-03 13:32:01,051] {dagbag.py:500} INFO - Filling up the DagBag from /home/airflow/.local/lib/python3.7/site-packages/airflow/example_dags/tutorial_taskflow_api_etl.py
[2022-01-03 13:32:01,282] {processor.py:637} INFO - DAG(s) dict_keys(['tutorial_taskflow_api_etl']) retrieved from /home/airflow/.local/lib/python3.7/site-packages/airflow/example_dags/tutorial_taskflow_api_etl.py
[2022-01-03 13:32:04,938] {logging_mixin.py:109} INFO - [2022-01-03 13:32:04,938] {process_utils.py:212} INFO - Waiting up to 5 seconds for processes to exit...
[2022-01-03 13:38:24,311] {processor.py:163} INFO - Started process (PID=217) to work on /home/airflow/.local/lib/python3.7/site-packages/airflow/example_dags/tutorial_taskflow_api_etl.py
[2022-01-03 13:38:24,313] {processor.py:625} INFO - Processing file /home/airflow/.local/lib/python3.7/site-packages/airflow/example_dags/tutorial_taskflow_api_etl.py for tasks to queue
[2022-01-03 13:38:24,314] {logging_mixin.py:109} INFO - [2022-01-03 13:38:24,314] {dagbag.py:500} INFO - Filling up the DagBag from /home/airflow/.local/lib/python3.7/site-packages/airflow/example_dags/tutorial_taskflow_api_etl.py
[2022-01-03 13:38:24,455] {processor.py:637} INFO - DAG(s) dict_keys(['tutorial_taskflow_api_etl']) retrieved from /home/airflow/.local/lib/python3.7/site-packages/airflow/example_dags/tutorial_taskflow_api_etl.py
[2022-01-03 13:38:26,771] {logging_mixin.py:109} INFO - [2022-01-03 13:38:26,771] {providers_manager.py:156} WARNING - Exception when importing 'airflow.providers.google.leveldb.hooks.leveldb.LevelDBHook' from 'apache-airflow-providers-google' package: No module named 'plyvel'
[2022-01-03 13:38:27,455] {logging_mixin.py:109} INFO - [2022-01-03 13:38:27,455] {providers_manager.py:156} WARNING - Exception when importing 'airflow.providers.google.leveldb.hooks.leveldb.LevelDBHook' from 'apache-airflow-providers-google' package: No module named 'plyvel'
[2022-01-03 13:38:27,485] {logging_mixin.py:109} INFO - [2022-01-03 13:38:27,485] {manager.py:496} INFO - Created Permission View: can edit on DAG:tutorial_taskflow_api_etl
[2022-01-03 13:38:27,499] {logging_mixin.py:109} INFO - [2022-01-03 13:38:27,499] {manager.py:496} INFO - Created Permission View: can read on DAG:tutorial_taskflow_api_etl
[2022-01-03 13:38:27,499] {logging_mixin.py:109} INFO - [2022-01-03 13:38:27,499] {dag.py:2396} INFO - Sync 1 DAGs
[2022-01-03 13:38:27,514] {logging_mixin.py:109} INFO - [2022-01-03 13:38:27,514] {dag.py:2415} INFO - Creating ORM DAG for tutorial_taskflow_api_etl
[2022-01-03 13:38:27,527] {logging_mixin.py:109} INFO - [2022-01-03 13:38:27,527] {dag.py:2928} INFO - Setting next_dagrun for tutorial_taskflow_api_etl to None
[2022-01-03 13:38:27,544] {processor.py:171} INFO - Processing /home/airflow/.local/lib/python3.7/site-packages/airflow/example_dags/tutorial_taskflow_api_etl.py took 3.239 seconds
[2022-01-03 13:38:58,030] {processor.py:163} INFO - Started process (PID=287) to work on /home/airflow/.local/lib/python3.7/site-packages/airflow/example_dags/tutorial_taskflow_api_etl.py
[2022-01-03 13:38:58,033] {processor.py:625} INFO - Processing file /home/airflow/.local/lib/python3.7/site-packages/airflow/example_dags/tutorial_taskflow_api_etl.py for tasks to queue
[2022-01-03 13:38:58,035] {logging_mixin.py:109} INFO - [2022-01-03 13:38:58,035] {dagbag.py:500} INFO - Filling up the DagBag from /home/airflow/.local/lib/python3.7/site-packages/airflow/example_dags/tutorial_taskflow_api_etl.py
[2022-01-03 13:38:58,118] {processor.py:637} INFO - DAG(s) dict_keys(['tutorial_taskflow_api_etl']) retrieved from /home/airflow/.local/lib/python3.7/site-packages/airflow/example_dags/tutorial_taskflow_api_etl.py
[2022-01-03 13:38:58,469] {logging_mixin.py:109} INFO - [2022-01-03 13:38:58,469] {dag.py:2396} INFO - Sync 1 DAGs
[2022-01-03 13:38:58,484] {logging_mixin.py:109} INFO - [2022-01-03 13:38:58,484] {dag.py:2928} INFO - Setting next_dagrun for tutorial_taskflow_api_etl to None
[2022-01-03 13:38:58,500] {processor.py:171} INFO - Processing /home/airflow/.local/lib/python3.7/site-packages/airflow/example_dags/tutorial_taskflow_api_etl.py took 0.479 seconds
[2022-01-03 13:43:19,612] {processor.py:163} INFO - Started process (PID=215) to work on /home/airflow/.local/lib/python3.7/site-packages/airflow/example_dags/tutorial_taskflow_api_etl.py
[2022-01-03 13:43:19,616] {processor.py:625} INFO - Processing file /home/airflow/.local/lib/python3.7/site-packages/airflow/example_dags/tutorial_taskflow_api_etl.py for tasks to queue
[2022-01-03 13:43:19,616] {logging_mixin.py:109} INFO - [2022-01-03 13:43:19,616] {dagbag.py:500} INFO - Filling up the DagBag from /home/airflow/.local/lib/python3.7/site-packages/airflow/example_dags/tutorial_taskflow_api_etl.py
[2022-01-03 13:43:19,676] {processor.py:637} INFO - DAG(s) dict_keys(['tutorial_taskflow_api_etl']) retrieved from /home/airflow/.local/lib/python3.7/site-packages/airflow/example_dags/tutorial_taskflow_api_etl.py
[2022-01-03 13:43:22,199] {logging_mixin.py:109} INFO - [2022-01-03 13:43:22,198] {providers_manager.py:156} WARNING - Exception when importing 'airflow.providers.google.leveldb.hooks.leveldb.LevelDBHook' from 'apache-airflow-providers-google' package: No module named 'plyvel'
[2022-01-03 13:43:22,740] {logging_mixin.py:109} INFO - [2022-01-03 13:43:22,740] {providers_manager.py:156} WARNING - Exception when importing 'airflow.providers.google.leveldb.hooks.leveldb.LevelDBHook' from 'apache-airflow-providers-google' package: No module named 'plyvel'
[2022-01-03 13:43:22,764] {logging_mixin.py:109} INFO - [2022-01-03 13:43:22,764] {manager.py:496} INFO - Created Permission View: can read on DAG:tutorial_taskflow_api_etl
[2022-01-03 13:43:22,774] {logging_mixin.py:109} INFO - [2022-01-03 13:43:22,774] {manager.py:496} INFO - Created Permission View: can edit on DAG:tutorial_taskflow_api_etl
[2022-01-03 13:43:22,774] {logging_mixin.py:109} INFO - [2022-01-03 13:43:22,774] {dag.py:2396} INFO - Sync 1 DAGs
[2022-01-03 13:43:22,782] {logging_mixin.py:109} INFO - [2022-01-03 13:43:22,781] {dag.py:2415} INFO - Creating ORM DAG for tutorial_taskflow_api_etl
[2022-01-03 13:43:22,793] {logging_mixin.py:109} INFO - [2022-01-03 13:43:22,793] {dag.py:2928} INFO - Setting next_dagrun for tutorial_taskflow_api_etl to None
[2022-01-03 13:43:22,813] {processor.py:171} INFO - Processing /home/airflow/.local/lib/python3.7/site-packages/airflow/example_dags/tutorial_taskflow_api_etl.py took 3.206 seconds
[2022-01-03 13:43:53,663] {processor.py:163} INFO - Started process (PID=285) to work on /home/airflow/.local/lib/python3.7/site-packages/airflow/example_dags/tutorial_taskflow_api_etl.py
[2022-01-03 13:43:53,665] {processor.py:625} INFO - Processing file /home/airflow/.local/lib/python3.7/site-packages/airflow/example_dags/tutorial_taskflow_api_etl.py for tasks to queue
[2022-01-03 13:43:53,666] {logging_mixin.py:109} INFO - [2022-01-03 13:43:53,666] {dagbag.py:500} INFO - Filling up the DagBag from /home/airflow/.local/lib/python3.7/site-packages/airflow/example_dags/tutorial_taskflow_api_etl.py
[2022-01-03 13:43:53,706] {processor.py:637} INFO - DAG(s) dict_keys(['tutorial_taskflow_api_etl']) retrieved from /home/airflow/.local/lib/python3.7/site-packages/airflow/example_dags/tutorial_taskflow_api_etl.py
[2022-01-03 13:43:54,048] {logging_mixin.py:109} INFO - [2022-01-03 13:43:54,048] {dag.py:2396} INFO - Sync 1 DAGs
[2022-01-03 13:43:54,065] {logging_mixin.py:109} INFO - [2022-01-03 13:43:54,065] {dag.py:2928} INFO - Setting next_dagrun for tutorial_taskflow_api_etl to None
[2022-01-03 13:43:54,082] {processor.py:171} INFO - Processing /home/airflow/.local/lib/python3.7/site-packages/airflow/example_dags/tutorial_taskflow_api_etl.py took 0.422 seconds
[2022-01-03 13:44:24,249] {processor.py:163} INFO - Started process (PID=345) to work on /home/airflow/.local/lib/python3.7/site-packages/airflow/example_dags/tutorial_taskflow_api_etl.py
[2022-01-03 13:44:24,255] {processor.py:625} INFO - Processing file /home/airflow/.local/lib/python3.7/site-packages/airflow/example_dags/tutorial_taskflow_api_etl.py for tasks to queue
[2022-01-03 13:44:24,256] {logging_mixin.py:109} INFO - [2022-01-03 13:44:24,256] {dagbag.py:500} INFO - Filling up the DagBag from /home/airflow/.local/lib/python3.7/site-packages/airflow/example_dags/tutorial_taskflow_api_etl.py
[2022-01-03 13:44:24,312] {processor.py:637} INFO - DAG(s) dict_keys(['tutorial_taskflow_api_etl']) retrieved from /home/airflow/.local/lib/python3.7/site-packages/airflow/example_dags/tutorial_taskflow_api_etl.py
[2022-01-03 13:44:24,785] {logging_mixin.py:109} INFO - [2022-01-03 13:44:24,785] {dag.py:2396} INFO - Sync 1 DAGs
[2022-01-03 13:44:24,805] {logging_mixin.py:109} INFO - [2022-01-03 13:44:24,805] {dag.py:2928} INFO - Setting next_dagrun for tutorial_taskflow_api_etl to None
[2022-01-03 13:44:24,817] {processor.py:171} INFO - Processing /home/airflow/.local/lib/python3.7/site-packages/airflow/example_dags/tutorial_taskflow_api_etl.py took 0.572 seconds
[2022-01-03 13:44:54,972] {processor.py:163} INFO - Started process (PID=395) to work on /home/airflow/.local/lib/python3.7/site-packages/airflow/example_dags/tutorial_taskflow_api_etl.py
[2022-01-03 13:44:54,973] {processor.py:625} INFO - Processing file /home/airflow/.local/lib/python3.7/site-packages/airflow/example_dags/tutorial_taskflow_api_etl.py for tasks to queue
[2022-01-03 13:44:54,974] {logging_mixin.py:109} INFO - [2022-01-03 13:44:54,974] {dagbag.py:500} INFO - Filling up the DagBag from /home/airflow/.local/lib/python3.7/site-packages/airflow/example_dags/tutorial_taskflow_api_etl.py
[2022-01-03 13:44:55,030] {processor.py:637} INFO - DAG(s) dict_keys(['tutorial_taskflow_api_etl']) retrieved from /home/airflow/.local/lib/python3.7/site-packages/airflow/example_dags/tutorial_taskflow_api_etl.py
[2022-01-03 13:44:55,413] {logging_mixin.py:109} INFO - [2022-01-03 13:44:55,413] {dag.py:2396} INFO - Sync 1 DAGs
[2022-01-03 13:44:55,434] {logging_mixin.py:109} INFO - [2022-01-03 13:44:55,434] {dag.py:2928} INFO - Setting next_dagrun for tutorial_taskflow_api_etl to None
[2022-01-03 13:44:55,446] {processor.py:171} INFO - Processing /home/airflow/.local/lib/python3.7/site-packages/airflow/example_dags/tutorial_taskflow_api_etl.py took 0.479 seconds
[2022-01-03 13:45:26,262] {processor.py:163} INFO - Started process (PID=448) to work on /home/airflow/.local/lib/python3.7/site-packages/airflow/example_dags/tutorial_taskflow_api_etl.py
[2022-01-03 13:45:26,268] {processor.py:625} INFO - Processing file /home/airflow/.local/lib/python3.7/site-packages/airflow/example_dags/tutorial_taskflow_api_etl.py for tasks to queue
[2022-01-03 13:45:26,268] {logging_mixin.py:109} INFO - [2022-01-03 13:45:26,268] {dagbag.py:500} INFO - Filling up the DagBag from /home/airflow/.local/lib/python3.7/site-packages/airflow/example_dags/tutorial_taskflow_api_etl.py
[2022-01-03 13:45:26,299] {processor.py:637} INFO - DAG(s) dict_keys(['tutorial_taskflow_api_etl']) retrieved from /home/airflow/.local/lib/python3.7/site-packages/airflow/example_dags/tutorial_taskflow_api_etl.py
[2022-01-03 13:45:26,658] {logging_mixin.py:109} INFO - [2022-01-03 13:45:26,658] {dag.py:2396} INFO - Sync 1 DAGs
[2022-01-03 13:45:26,680] {logging_mixin.py:109} INFO - [2022-01-03 13:45:26,680] {dag.py:2928} INFO - Setting next_dagrun for tutorial_taskflow_api_etl to None
[2022-01-03 13:45:26,701] {processor.py:171} INFO - Processing /home/airflow/.local/lib/python3.7/site-packages/airflow/example_dags/tutorial_taskflow_api_etl.py took 0.442 seconds
[2022-01-03 13:45:57,372] {processor.py:163} INFO - Started process (PID=498) to work on /home/airflow/.local/lib/python3.7/site-packages/airflow/example_dags/tutorial_taskflow_api_etl.py
[2022-01-03 13:45:57,373] {processor.py:625} INFO - Processing file /home/airflow/.local/lib/python3.7/site-packages/airflow/example_dags/tutorial_taskflow_api_etl.py for tasks to queue
[2022-01-03 13:45:57,373] {logging_mixin.py:109} INFO - [2022-01-03 13:45:57,373] {dagbag.py:500} INFO - Filling up the DagBag from /home/airflow/.local/lib/python3.7/site-packages/airflow/example_dags/tutorial_taskflow_api_etl.py
[2022-01-03 13:45:57,405] {processor.py:637} INFO - DAG(s) dict_keys(['tutorial_taskflow_api_etl']) retrieved from /home/airflow/.local/lib/python3.7/site-packages/airflow/example_dags/tutorial_taskflow_api_etl.py
[2022-01-03 13:45:57,745] {logging_mixin.py:109} INFO - [2022-01-03 13:45:57,745] {dag.py:2396} INFO - Sync 1 DAGs
[2022-01-03 13:45:57,760] {logging_mixin.py:109} INFO - [2022-01-03 13:45:57,760] {dag.py:2928} INFO - Setting next_dagrun for tutorial_taskflow_api_etl to None
[2022-01-03 13:45:57,770] {processor.py:171} INFO - Processing /home/airflow/.local/lib/python3.7/site-packages/airflow/example_dags/tutorial_taskflow_api_etl.py took 0.401 seconds
[2022-01-03 13:46:28,113] {processor.py:163} INFO - Started process (PID=562) to work on /home/airflow/.local/lib/python3.7/site-packages/airflow/example_dags/tutorial_taskflow_api_etl.py
[2022-01-03 13:46:28,114] {processor.py:625} INFO - Processing file /home/airflow/.local/lib/python3.7/site-packages/airflow/example_dags/tutorial_taskflow_api_etl.py for tasks to queue
[2022-01-03 13:46:28,115] {logging_mixin.py:109} INFO - [2022-01-03 13:46:28,115] {dagbag.py:500} INFO - Filling up the DagBag from /home/airflow/.local/lib/python3.7/site-packages/airflow/example_dags/tutorial_taskflow_api_etl.py
[2022-01-03 13:46:28,166] {processor.py:637} INFO - DAG(s) dict_keys(['tutorial_taskflow_api_etl']) retrieved from /home/airflow/.local/lib/python3.7/site-packages/airflow/example_dags/tutorial_taskflow_api_etl.py
[2022-01-03 13:46:28,721] {logging_mixin.py:109} INFO - [2022-01-03 13:46:28,721] {dag.py:2396} INFO - Sync 1 DAGs
[2022-01-03 13:46:28,742] {logging_mixin.py:109} INFO - [2022-01-03 13:46:28,741] {dag.py:2928} INFO - Setting next_dagrun for tutorial_taskflow_api_etl to None
[2022-01-03 13:46:28,760] {processor.py:171} INFO - Processing /home/airflow/.local/lib/python3.7/site-packages/airflow/example_dags/tutorial_taskflow_api_etl.py took 0.651 seconds
