[2022-01-03 12:28:44,725] {processor.py:163} INFO - Started process (PID=219) to work on /home/airflow/.local/lib/python3.7/site-packages/airflow/example_dags/tutorial_taskflow_api_etl_virtualenv.py
[2022-01-03 12:28:44,727] {processor.py:625} INFO - Processing file /home/airflow/.local/lib/python3.7/site-packages/airflow/example_dags/tutorial_taskflow_api_etl_virtualenv.py for tasks to queue
[2022-01-03 12:28:44,728] {logging_mixin.py:109} INFO - [2022-01-03 12:28:44,728] {dagbag.py:500} INFO - Filling up the DagBag from /home/airflow/.local/lib/python3.7/site-packages/airflow/example_dags/tutorial_taskflow_api_etl_virtualenv.py
[2022-01-03 12:28:44,813] {processor.py:637} INFO - DAG(s) dict_keys(['tutorial_taskflow_api_etl_virtualenv']) retrieved from /home/airflow/.local/lib/python3.7/site-packages/airflow/example_dags/tutorial_taskflow_api_etl_virtualenv.py
[2022-01-03 12:28:47,830] {logging_mixin.py:109} INFO - [2022-01-03 12:28:47,829] {providers_manager.py:156} WARNING - Exception when importing 'airflow.providers.google.leveldb.hooks.leveldb.LevelDBHook' from 'apache-airflow-providers-google' package: No module named 'plyvel'
[2022-01-03 12:28:49,030] {logging_mixin.py:109} INFO - [2022-01-03 12:28:49,030] {providers_manager.py:156} WARNING - Exception when importing 'airflow.providers.google.leveldb.hooks.leveldb.LevelDBHook' from 'apache-airflow-providers-google' package: No module named 'plyvel'
[2022-01-03 12:28:49,097] {logging_mixin.py:109} INFO - [2022-01-03 12:28:49,096] {manager.py:496} INFO - Created Permission View: can read on DAG:tutorial_taskflow_api_etl_virtualenv
[2022-01-03 12:28:49,152] {logging_mixin.py:109} INFO - [2022-01-03 12:28:49,152] {manager.py:496} INFO - Created Permission View: can edit on DAG:tutorial_taskflow_api_etl_virtualenv
[2022-01-03 12:28:49,153] {logging_mixin.py:109} INFO - [2022-01-03 12:28:49,152] {dag.py:2396} INFO - Sync 1 DAGs
[2022-01-03 12:28:49,196] {logging_mixin.py:109} INFO - [2022-01-03 12:28:49,196] {dag.py:2415} INFO - Creating ORM DAG for tutorial_taskflow_api_etl_virtualenv
[2022-01-03 12:28:49,263] {logging_mixin.py:109} INFO - [2022-01-03 12:28:49,262] {dag.py:2928} INFO - Setting next_dagrun for tutorial_taskflow_api_etl_virtualenv to None
[2022-01-03 12:28:49,357] {processor.py:171} INFO - Processing /home/airflow/.local/lib/python3.7/site-packages/airflow/example_dags/tutorial_taskflow_api_etl_virtualenv.py took 4.637 seconds
[2022-01-03 12:29:20,036] {processor.py:163} INFO - Started process (PID=307) to work on /home/airflow/.local/lib/python3.7/site-packages/airflow/example_dags/tutorial_taskflow_api_etl_virtualenv.py
[2022-01-03 12:29:20,043] {processor.py:625} INFO - Processing file /home/airflow/.local/lib/python3.7/site-packages/airflow/example_dags/tutorial_taskflow_api_etl_virtualenv.py for tasks to queue
[2022-01-03 12:29:20,044] {logging_mixin.py:109} INFO - [2022-01-03 12:29:20,044] {dagbag.py:500} INFO - Filling up the DagBag from /home/airflow/.local/lib/python3.7/site-packages/airflow/example_dags/tutorial_taskflow_api_etl_virtualenv.py
[2022-01-03 12:29:20,132] {processor.py:637} INFO - DAG(s) dict_keys(['tutorial_taskflow_api_etl_virtualenv']) retrieved from /home/airflow/.local/lib/python3.7/site-packages/airflow/example_dags/tutorial_taskflow_api_etl_virtualenv.py
[2022-01-03 12:29:20,883] {logging_mixin.py:109} INFO - [2022-01-03 12:29:20,883] {dag.py:2396} INFO - Sync 1 DAGs
[2022-01-03 12:29:20,906] {logging_mixin.py:109} INFO - [2022-01-03 12:29:20,906] {dag.py:2928} INFO - Setting next_dagrun for tutorial_taskflow_api_etl_virtualenv to None
[2022-01-03 12:29:20,932] {processor.py:171} INFO - Processing /home/airflow/.local/lib/python3.7/site-packages/airflow/example_dags/tutorial_taskflow_api_etl_virtualenv.py took 0.905 seconds
[2022-01-03 12:29:51,318] {processor.py:163} INFO - Started process (PID=359) to work on /home/airflow/.local/lib/python3.7/site-packages/airflow/example_dags/tutorial_taskflow_api_etl_virtualenv.py
[2022-01-03 12:29:51,322] {processor.py:625} INFO - Processing file /home/airflow/.local/lib/python3.7/site-packages/airflow/example_dags/tutorial_taskflow_api_etl_virtualenv.py for tasks to queue
[2022-01-03 12:29:51,323] {logging_mixin.py:109} INFO - [2022-01-03 12:29:51,322] {dagbag.py:500} INFO - Filling up the DagBag from /home/airflow/.local/lib/python3.7/site-packages/airflow/example_dags/tutorial_taskflow_api_etl_virtualenv.py
[2022-01-03 12:29:51,391] {processor.py:637} INFO - DAG(s) dict_keys(['tutorial_taskflow_api_etl_virtualenv']) retrieved from /home/airflow/.local/lib/python3.7/site-packages/airflow/example_dags/tutorial_taskflow_api_etl_virtualenv.py
[2022-01-03 12:29:51,904] {logging_mixin.py:109} INFO - [2022-01-03 12:29:51,904] {dag.py:2396} INFO - Sync 1 DAGs
[2022-01-03 12:29:51,935] {logging_mixin.py:109} INFO - [2022-01-03 12:29:51,935] {dag.py:2928} INFO - Setting next_dagrun for tutorial_taskflow_api_etl_virtualenv to None
[2022-01-03 12:29:51,964] {processor.py:171} INFO - Processing /home/airflow/.local/lib/python3.7/site-packages/airflow/example_dags/tutorial_taskflow_api_etl_virtualenv.py took 0.650 seconds
[2022-01-03 12:30:22,136] {processor.py:163} INFO - Started process (PID=401) to work on /home/airflow/.local/lib/python3.7/site-packages/airflow/example_dags/tutorial_taskflow_api_etl_virtualenv.py
[2022-01-03 12:30:22,139] {processor.py:625} INFO - Processing file /home/airflow/.local/lib/python3.7/site-packages/airflow/example_dags/tutorial_taskflow_api_etl_virtualenv.py for tasks to queue
[2022-01-03 12:30:22,139] {logging_mixin.py:109} INFO - [2022-01-03 12:30:22,139] {dagbag.py:500} INFO - Filling up the DagBag from /home/airflow/.local/lib/python3.7/site-packages/airflow/example_dags/tutorial_taskflow_api_etl_virtualenv.py
[2022-01-03 12:30:22,184] {processor.py:637} INFO - DAG(s) dict_keys(['tutorial_taskflow_api_etl_virtualenv']) retrieved from /home/airflow/.local/lib/python3.7/site-packages/airflow/example_dags/tutorial_taskflow_api_etl_virtualenv.py
[2022-01-03 12:30:22,584] {logging_mixin.py:109} INFO - [2022-01-03 12:30:22,584] {dag.py:2396} INFO - Sync 1 DAGs
[2022-01-03 12:30:22,604] {logging_mixin.py:109} INFO - [2022-01-03 12:30:22,604] {dag.py:2928} INFO - Setting next_dagrun for tutorial_taskflow_api_etl_virtualenv to None
[2022-01-03 12:30:22,623] {processor.py:171} INFO - Processing /home/airflow/.local/lib/python3.7/site-packages/airflow/example_dags/tutorial_taskflow_api_etl_virtualenv.py took 0.490 seconds
[2022-01-03 12:30:53,110] {processor.py:163} INFO - Started process (PID=454) to work on /home/airflow/.local/lib/python3.7/site-packages/airflow/example_dags/tutorial_taskflow_api_etl_virtualenv.py
[2022-01-03 12:30:53,111] {processor.py:625} INFO - Processing file /home/airflow/.local/lib/python3.7/site-packages/airflow/example_dags/tutorial_taskflow_api_etl_virtualenv.py for tasks to queue
[2022-01-03 12:30:53,112] {logging_mixin.py:109} INFO - [2022-01-03 12:30:53,112] {dagbag.py:500} INFO - Filling up the DagBag from /home/airflow/.local/lib/python3.7/site-packages/airflow/example_dags/tutorial_taskflow_api_etl_virtualenv.py
[2022-01-03 12:30:53,166] {processor.py:637} INFO - DAG(s) dict_keys(['tutorial_taskflow_api_etl_virtualenv']) retrieved from /home/airflow/.local/lib/python3.7/site-packages/airflow/example_dags/tutorial_taskflow_api_etl_virtualenv.py
[2022-01-03 12:30:53,749] {logging_mixin.py:109} INFO - [2022-01-03 12:30:53,749] {dag.py:2396} INFO - Sync 1 DAGs
[2022-01-03 12:30:53,786] {logging_mixin.py:109} INFO - [2022-01-03 12:30:53,786] {dag.py:2928} INFO - Setting next_dagrun for tutorial_taskflow_api_etl_virtualenv to None
[2022-01-03 12:30:53,806] {processor.py:171} INFO - Processing /home/airflow/.local/lib/python3.7/site-packages/airflow/example_dags/tutorial_taskflow_api_etl_virtualenv.py took 0.700 seconds
[2022-01-03 12:31:24,357] {processor.py:163} INFO - Started process (PID=505) to work on /home/airflow/.local/lib/python3.7/site-packages/airflow/example_dags/tutorial_taskflow_api_etl_virtualenv.py
[2022-01-03 12:31:24,363] {processor.py:625} INFO - Processing file /home/airflow/.local/lib/python3.7/site-packages/airflow/example_dags/tutorial_taskflow_api_etl_virtualenv.py for tasks to queue
[2022-01-03 12:31:24,364] {logging_mixin.py:109} INFO - [2022-01-03 12:31:24,364] {dagbag.py:500} INFO - Filling up the DagBag from /home/airflow/.local/lib/python3.7/site-packages/airflow/example_dags/tutorial_taskflow_api_etl_virtualenv.py
[2022-01-03 12:31:24,454] {processor.py:637} INFO - DAG(s) dict_keys(['tutorial_taskflow_api_etl_virtualenv']) retrieved from /home/airflow/.local/lib/python3.7/site-packages/airflow/example_dags/tutorial_taskflow_api_etl_virtualenv.py
[2022-01-03 12:31:25,008] {logging_mixin.py:109} INFO - [2022-01-03 12:31:25,008] {dag.py:2396} INFO - Sync 1 DAGs
[2022-01-03 12:31:25,028] {logging_mixin.py:109} INFO - [2022-01-03 12:31:25,028] {dag.py:2928} INFO - Setting next_dagrun for tutorial_taskflow_api_etl_virtualenv to None
[2022-01-03 12:31:25,045] {processor.py:171} INFO - Processing /home/airflow/.local/lib/python3.7/site-packages/airflow/example_dags/tutorial_taskflow_api_etl_virtualenv.py took 0.694 seconds
[2022-01-03 12:31:55,339] {processor.py:163} INFO - Started process (PID=563) to work on /home/airflow/.local/lib/python3.7/site-packages/airflow/example_dags/tutorial_taskflow_api_etl_virtualenv.py
[2022-01-03 12:31:55,341] {processor.py:625} INFO - Processing file /home/airflow/.local/lib/python3.7/site-packages/airflow/example_dags/tutorial_taskflow_api_etl_virtualenv.py for tasks to queue
[2022-01-03 12:31:55,341] {logging_mixin.py:109} INFO - [2022-01-03 12:31:55,341] {dagbag.py:500} INFO - Filling up the DagBag from /home/airflow/.local/lib/python3.7/site-packages/airflow/example_dags/tutorial_taskflow_api_etl_virtualenv.py
[2022-01-03 12:31:55,393] {processor.py:637} INFO - DAG(s) dict_keys(['tutorial_taskflow_api_etl_virtualenv']) retrieved from /home/airflow/.local/lib/python3.7/site-packages/airflow/example_dags/tutorial_taskflow_api_etl_virtualenv.py
[2022-01-03 12:31:56,241] {logging_mixin.py:109} INFO - [2022-01-03 12:31:56,241] {dag.py:2396} INFO - Sync 1 DAGs
[2022-01-03 12:31:56,281] {logging_mixin.py:109} INFO - [2022-01-03 12:31:56,281] {dag.py:2928} INFO - Setting next_dagrun for tutorial_taskflow_api_etl_virtualenv to None
[2022-01-03 12:31:56,312] {processor.py:171} INFO - Processing /home/airflow/.local/lib/python3.7/site-packages/airflow/example_dags/tutorial_taskflow_api_etl_virtualenv.py took 0.976 seconds
[2022-01-03 12:32:26,678] {processor.py:163} INFO - Started process (PID=614) to work on /home/airflow/.local/lib/python3.7/site-packages/airflow/example_dags/tutorial_taskflow_api_etl_virtualenv.py
[2022-01-03 12:32:26,684] {processor.py:625} INFO - Processing file /home/airflow/.local/lib/python3.7/site-packages/airflow/example_dags/tutorial_taskflow_api_etl_virtualenv.py for tasks to queue
[2022-01-03 12:32:26,685] {logging_mixin.py:109} INFO - [2022-01-03 12:32:26,685] {dagbag.py:500} INFO - Filling up the DagBag from /home/airflow/.local/lib/python3.7/site-packages/airflow/example_dags/tutorial_taskflow_api_etl_virtualenv.py
[2022-01-03 12:32:26,739] {processor.py:637} INFO - DAG(s) dict_keys(['tutorial_taskflow_api_etl_virtualenv']) retrieved from /home/airflow/.local/lib/python3.7/site-packages/airflow/example_dags/tutorial_taskflow_api_etl_virtualenv.py
[2022-01-03 12:32:27,203] {logging_mixin.py:109} INFO - [2022-01-03 12:32:27,203] {dag.py:2396} INFO - Sync 1 DAGs
[2022-01-03 12:32:27,228] {logging_mixin.py:109} INFO - [2022-01-03 12:32:27,228] {dag.py:2928} INFO - Setting next_dagrun for tutorial_taskflow_api_etl_virtualenv to None
[2022-01-03 12:32:27,243] {processor.py:171} INFO - Processing /home/airflow/.local/lib/python3.7/site-packages/airflow/example_dags/tutorial_taskflow_api_etl_virtualenv.py took 0.569 seconds
[2022-01-03 13:13:48,889] {processor.py:163} INFO - Started process (PID=74) to work on /home/airflow/.local/lib/python3.7/site-packages/airflow/example_dags/tutorial_taskflow_api_etl_virtualenv.py
[2022-01-03 13:13:48,898] {processor.py:625} INFO - Processing file /home/airflow/.local/lib/python3.7/site-packages/airflow/example_dags/tutorial_taskflow_api_etl_virtualenv.py for tasks to queue
[2022-01-03 13:13:48,900] {logging_mixin.py:109} INFO - [2022-01-03 13:13:48,899] {dagbag.py:500} INFO - Filling up the DagBag from /home/airflow/.local/lib/python3.7/site-packages/airflow/example_dags/tutorial_taskflow_api_etl_virtualenv.py
[2022-01-03 13:13:48,984] {processor.py:637} INFO - DAG(s) dict_keys(['tutorial_taskflow_api_etl_virtualenv']) retrieved from /home/airflow/.local/lib/python3.7/site-packages/airflow/example_dags/tutorial_taskflow_api_etl_virtualenv.py
[2022-01-03 13:13:49,834] {logging_mixin.py:109} INFO - [2022-01-03 13:13:49,834] {dag.py:2396} INFO - Sync 1 DAGs
[2022-01-03 13:13:49,852] {logging_mixin.py:109} INFO - [2022-01-03 13:13:49,852] {dag.py:2928} INFO - Setting next_dagrun for tutorial_taskflow_api_etl_virtualenv to None
[2022-01-03 13:13:49,863] {processor.py:171} INFO - Processing /home/airflow/.local/lib/python3.7/site-packages/airflow/example_dags/tutorial_taskflow_api_etl_virtualenv.py took 0.995 seconds
[2022-01-03 13:14:20,316] {processor.py:163} INFO - Started process (PID=132) to work on /home/airflow/.local/lib/python3.7/site-packages/airflow/example_dags/tutorial_taskflow_api_etl_virtualenv.py
[2022-01-03 13:14:20,318] {processor.py:625} INFO - Processing file /home/airflow/.local/lib/python3.7/site-packages/airflow/example_dags/tutorial_taskflow_api_etl_virtualenv.py for tasks to queue
[2022-01-03 13:14:20,320] {logging_mixin.py:109} INFO - [2022-01-03 13:14:20,320] {dagbag.py:500} INFO - Filling up the DagBag from /home/airflow/.local/lib/python3.7/site-packages/airflow/example_dags/tutorial_taskflow_api_etl_virtualenv.py
[2022-01-03 13:14:20,393] {processor.py:637} INFO - DAG(s) dict_keys(['tutorial_taskflow_api_etl_virtualenv']) retrieved from /home/airflow/.local/lib/python3.7/site-packages/airflow/example_dags/tutorial_taskflow_api_etl_virtualenv.py
[2022-01-03 13:14:20,710] {logging_mixin.py:109} INFO - [2022-01-03 13:14:20,710] {dag.py:2396} INFO - Sync 1 DAGs
[2022-01-03 13:14:20,725] {logging_mixin.py:109} INFO - [2022-01-03 13:14:20,725] {dag.py:2928} INFO - Setting next_dagrun for tutorial_taskflow_api_etl_virtualenv to None
[2022-01-03 13:14:20,736] {processor.py:171} INFO - Processing /home/airflow/.local/lib/python3.7/site-packages/airflow/example_dags/tutorial_taskflow_api_etl_virtualenv.py took 0.428 seconds
[2022-01-03 13:14:50,966] {processor.py:163} INFO - Started process (PID=186) to work on /home/airflow/.local/lib/python3.7/site-packages/airflow/example_dags/tutorial_taskflow_api_etl_virtualenv.py
[2022-01-03 13:14:50,968] {processor.py:625} INFO - Processing file /home/airflow/.local/lib/python3.7/site-packages/airflow/example_dags/tutorial_taskflow_api_etl_virtualenv.py for tasks to queue
[2022-01-03 13:14:50,969] {logging_mixin.py:109} INFO - [2022-01-03 13:14:50,968] {dagbag.py:500} INFO - Filling up the DagBag from /home/airflow/.local/lib/python3.7/site-packages/airflow/example_dags/tutorial_taskflow_api_etl_virtualenv.py
[2022-01-03 13:14:51,044] {processor.py:637} INFO - DAG(s) dict_keys(['tutorial_taskflow_api_etl_virtualenv']) retrieved from /home/airflow/.local/lib/python3.7/site-packages/airflow/example_dags/tutorial_taskflow_api_etl_virtualenv.py
[2022-01-03 13:14:51,593] {logging_mixin.py:109} INFO - [2022-01-03 13:14:51,593] {dag.py:2396} INFO - Sync 1 DAGs
[2022-01-03 13:14:51,621] {logging_mixin.py:109} INFO - [2022-01-03 13:14:51,621] {dag.py:2928} INFO - Setting next_dagrun for tutorial_taskflow_api_etl_virtualenv to None
[2022-01-03 13:14:51,640] {processor.py:171} INFO - Processing /home/airflow/.local/lib/python3.7/site-packages/airflow/example_dags/tutorial_taskflow_api_etl_virtualenv.py took 0.679 seconds
[2022-01-03 13:15:21,720] {processor.py:163} INFO - Started process (PID=238) to work on /home/airflow/.local/lib/python3.7/site-packages/airflow/example_dags/tutorial_taskflow_api_etl_virtualenv.py
[2022-01-03 13:15:21,721] {processor.py:625} INFO - Processing file /home/airflow/.local/lib/python3.7/site-packages/airflow/example_dags/tutorial_taskflow_api_etl_virtualenv.py for tasks to queue
[2022-01-03 13:15:21,721] {logging_mixin.py:109} INFO - [2022-01-03 13:15:21,721] {dagbag.py:500} INFO - Filling up the DagBag from /home/airflow/.local/lib/python3.7/site-packages/airflow/example_dags/tutorial_taskflow_api_etl_virtualenv.py
[2022-01-03 13:15:21,757] {processor.py:637} INFO - DAG(s) dict_keys(['tutorial_taskflow_api_etl_virtualenv']) retrieved from /home/airflow/.local/lib/python3.7/site-packages/airflow/example_dags/tutorial_taskflow_api_etl_virtualenv.py
[2022-01-03 13:15:22,380] {logging_mixin.py:109} INFO - [2022-01-03 13:15:22,380] {dag.py:2396} INFO - Sync 1 DAGs
[2022-01-03 13:15:22,403] {logging_mixin.py:109} INFO - [2022-01-03 13:15:22,402] {dag.py:2928} INFO - Setting next_dagrun for tutorial_taskflow_api_etl_virtualenv to None
[2022-01-03 13:15:22,433] {processor.py:171} INFO - Processing /home/airflow/.local/lib/python3.7/site-packages/airflow/example_dags/tutorial_taskflow_api_etl_virtualenv.py took 0.718 seconds
[2022-01-03 13:15:52,657] {processor.py:163} INFO - Started process (PID=305) to work on /home/airflow/.local/lib/python3.7/site-packages/airflow/example_dags/tutorial_taskflow_api_etl_virtualenv.py
[2022-01-03 13:15:52,659] {processor.py:625} INFO - Processing file /home/airflow/.local/lib/python3.7/site-packages/airflow/example_dags/tutorial_taskflow_api_etl_virtualenv.py for tasks to queue
[2022-01-03 13:15:52,660] {logging_mixin.py:109} INFO - [2022-01-03 13:15:52,660] {dagbag.py:500} INFO - Filling up the DagBag from /home/airflow/.local/lib/python3.7/site-packages/airflow/example_dags/tutorial_taskflow_api_etl_virtualenv.py
[2022-01-03 13:15:52,694] {processor.py:637} INFO - DAG(s) dict_keys(['tutorial_taskflow_api_etl_virtualenv']) retrieved from /home/airflow/.local/lib/python3.7/site-packages/airflow/example_dags/tutorial_taskflow_api_etl_virtualenv.py
[2022-01-03 13:15:53,286] {logging_mixin.py:109} INFO - [2022-01-03 13:15:53,286] {dag.py:2396} INFO - Sync 1 DAGs
[2022-01-03 13:15:53,329] {logging_mixin.py:109} INFO - [2022-01-03 13:15:53,329] {dag.py:2928} INFO - Setting next_dagrun for tutorial_taskflow_api_etl_virtualenv to None
[2022-01-03 13:15:53,351] {processor.py:171} INFO - Processing /home/airflow/.local/lib/python3.7/site-packages/airflow/example_dags/tutorial_taskflow_api_etl_virtualenv.py took 0.699 seconds
[2022-01-03 13:16:23,635] {processor.py:163} INFO - Started process (PID=361) to work on /home/airflow/.local/lib/python3.7/site-packages/airflow/example_dags/tutorial_taskflow_api_etl_virtualenv.py
[2022-01-03 13:16:23,639] {processor.py:625} INFO - Processing file /home/airflow/.local/lib/python3.7/site-packages/airflow/example_dags/tutorial_taskflow_api_etl_virtualenv.py for tasks to queue
[2022-01-03 13:16:23,642] {logging_mixin.py:109} INFO - [2022-01-03 13:16:23,642] {dagbag.py:500} INFO - Filling up the DagBag from /home/airflow/.local/lib/python3.7/site-packages/airflow/example_dags/tutorial_taskflow_api_etl_virtualenv.py
[2022-01-03 13:16:23,709] {processor.py:637} INFO - DAG(s) dict_keys(['tutorial_taskflow_api_etl_virtualenv']) retrieved from /home/airflow/.local/lib/python3.7/site-packages/airflow/example_dags/tutorial_taskflow_api_etl_virtualenv.py
[2022-01-03 13:16:24,244] {logging_mixin.py:109} INFO - [2022-01-03 13:16:24,244] {dag.py:2396} INFO - Sync 1 DAGs
[2022-01-03 13:16:24,265] {logging_mixin.py:109} INFO - [2022-01-03 13:16:24,265] {dag.py:2928} INFO - Setting next_dagrun for tutorial_taskflow_api_etl_virtualenv to None
[2022-01-03 13:16:24,279] {processor.py:171} INFO - Processing /home/airflow/.local/lib/python3.7/site-packages/airflow/example_dags/tutorial_taskflow_api_etl_virtualenv.py took 0.657 seconds
[2022-01-03 13:16:54,424] {processor.py:163} INFO - Started process (PID=413) to work on /home/airflow/.local/lib/python3.7/site-packages/airflow/example_dags/tutorial_taskflow_api_etl_virtualenv.py
[2022-01-03 13:16:54,425] {processor.py:625} INFO - Processing file /home/airflow/.local/lib/python3.7/site-packages/airflow/example_dags/tutorial_taskflow_api_etl_virtualenv.py for tasks to queue
[2022-01-03 13:16:54,426] {logging_mixin.py:109} INFO - [2022-01-03 13:16:54,425] {dagbag.py:500} INFO - Filling up the DagBag from /home/airflow/.local/lib/python3.7/site-packages/airflow/example_dags/tutorial_taskflow_api_etl_virtualenv.py
[2022-01-03 13:16:54,473] {processor.py:637} INFO - DAG(s) dict_keys(['tutorial_taskflow_api_etl_virtualenv']) retrieved from /home/airflow/.local/lib/python3.7/site-packages/airflow/example_dags/tutorial_taskflow_api_etl_virtualenv.py
[2022-01-03 13:16:55,000] {logging_mixin.py:109} INFO - [2022-01-03 13:16:55,000] {dag.py:2396} INFO - Sync 1 DAGs
[2022-01-03 13:16:55,023] {logging_mixin.py:109} INFO - [2022-01-03 13:16:55,023] {dag.py:2928} INFO - Setting next_dagrun for tutorial_taskflow_api_etl_virtualenv to None
[2022-01-03 13:16:55,045] {processor.py:171} INFO - Processing /home/airflow/.local/lib/python3.7/site-packages/airflow/example_dags/tutorial_taskflow_api_etl_virtualenv.py took 0.625 seconds
[2022-01-03 13:17:25,696] {processor.py:163} INFO - Started process (PID=464) to work on /home/airflow/.local/lib/python3.7/site-packages/airflow/example_dags/tutorial_taskflow_api_etl_virtualenv.py
[2022-01-03 13:17:25,697] {processor.py:625} INFO - Processing file /home/airflow/.local/lib/python3.7/site-packages/airflow/example_dags/tutorial_taskflow_api_etl_virtualenv.py for tasks to queue
[2022-01-03 13:17:25,701] {logging_mixin.py:109} INFO - [2022-01-03 13:17:25,701] {dagbag.py:500} INFO - Filling up the DagBag from /home/airflow/.local/lib/python3.7/site-packages/airflow/example_dags/tutorial_taskflow_api_etl_virtualenv.py
[2022-01-03 13:17:25,747] {processor.py:637} INFO - DAG(s) dict_keys(['tutorial_taskflow_api_etl_virtualenv']) retrieved from /home/airflow/.local/lib/python3.7/site-packages/airflow/example_dags/tutorial_taskflow_api_etl_virtualenv.py
[2022-01-03 13:17:26,389] {logging_mixin.py:109} INFO - [2022-01-03 13:17:26,389] {dag.py:2396} INFO - Sync 1 DAGs
[2022-01-03 13:17:26,417] {logging_mixin.py:109} INFO - [2022-01-03 13:17:26,417] {dag.py:2928} INFO - Setting next_dagrun for tutorial_taskflow_api_etl_virtualenv to None
[2022-01-03 13:17:26,436] {processor.py:171} INFO - Processing /home/airflow/.local/lib/python3.7/site-packages/airflow/example_dags/tutorial_taskflow_api_etl_virtualenv.py took 0.744 seconds
[2022-01-03 13:17:56,698] {processor.py:163} INFO - Started process (PID=526) to work on /home/airflow/.local/lib/python3.7/site-packages/airflow/example_dags/tutorial_taskflow_api_etl_virtualenv.py
[2022-01-03 13:17:56,699] {processor.py:625} INFO - Processing file /home/airflow/.local/lib/python3.7/site-packages/airflow/example_dags/tutorial_taskflow_api_etl_virtualenv.py for tasks to queue
[2022-01-03 13:17:56,700] {logging_mixin.py:109} INFO - [2022-01-03 13:17:56,700] {dagbag.py:500} INFO - Filling up the DagBag from /home/airflow/.local/lib/python3.7/site-packages/airflow/example_dags/tutorial_taskflow_api_etl_virtualenv.py
[2022-01-03 13:17:56,757] {processor.py:637} INFO - DAG(s) dict_keys(['tutorial_taskflow_api_etl_virtualenv']) retrieved from /home/airflow/.local/lib/python3.7/site-packages/airflow/example_dags/tutorial_taskflow_api_etl_virtualenv.py
[2022-01-03 13:17:57,186] {logging_mixin.py:109} INFO - [2022-01-03 13:17:57,186] {dag.py:2396} INFO - Sync 1 DAGs
[2022-01-03 13:17:57,238] {logging_mixin.py:109} INFO - [2022-01-03 13:17:57,238] {dag.py:2928} INFO - Setting next_dagrun for tutorial_taskflow_api_etl_virtualenv to None
[2022-01-03 13:17:57,282] {processor.py:171} INFO - Processing /home/airflow/.local/lib/python3.7/site-packages/airflow/example_dags/tutorial_taskflow_api_etl_virtualenv.py took 0.588 seconds
[2022-01-03 13:18:28,053] {processor.py:163} INFO - Started process (PID=578) to work on /home/airflow/.local/lib/python3.7/site-packages/airflow/example_dags/tutorial_taskflow_api_etl_virtualenv.py
[2022-01-03 13:18:28,055] {processor.py:625} INFO - Processing file /home/airflow/.local/lib/python3.7/site-packages/airflow/example_dags/tutorial_taskflow_api_etl_virtualenv.py for tasks to queue
[2022-01-03 13:18:28,057] {logging_mixin.py:109} INFO - [2022-01-03 13:18:28,057] {dagbag.py:500} INFO - Filling up the DagBag from /home/airflow/.local/lib/python3.7/site-packages/airflow/example_dags/tutorial_taskflow_api_etl_virtualenv.py
[2022-01-03 13:18:28,107] {processor.py:637} INFO - DAG(s) dict_keys(['tutorial_taskflow_api_etl_virtualenv']) retrieved from /home/airflow/.local/lib/python3.7/site-packages/airflow/example_dags/tutorial_taskflow_api_etl_virtualenv.py
[2022-01-03 13:18:28,636] {logging_mixin.py:109} INFO - [2022-01-03 13:18:28,636] {dag.py:2396} INFO - Sync 1 DAGs
[2022-01-03 13:18:28,670] {logging_mixin.py:109} INFO - [2022-01-03 13:18:28,670] {dag.py:2928} INFO - Setting next_dagrun for tutorial_taskflow_api_etl_virtualenv to None
[2022-01-03 13:18:28,687] {processor.py:171} INFO - Processing /home/airflow/.local/lib/python3.7/site-packages/airflow/example_dags/tutorial_taskflow_api_etl_virtualenv.py took 0.646 seconds
[2022-01-03 13:18:59,694] {processor.py:163} INFO - Started process (PID=630) to work on /home/airflow/.local/lib/python3.7/site-packages/airflow/example_dags/tutorial_taskflow_api_etl_virtualenv.py
[2022-01-03 13:18:59,696] {processor.py:625} INFO - Processing file /home/airflow/.local/lib/python3.7/site-packages/airflow/example_dags/tutorial_taskflow_api_etl_virtualenv.py for tasks to queue
[2022-01-03 13:18:59,697] {logging_mixin.py:109} INFO - [2022-01-03 13:18:59,697] {dagbag.py:500} INFO - Filling up the DagBag from /home/airflow/.local/lib/python3.7/site-packages/airflow/example_dags/tutorial_taskflow_api_etl_virtualenv.py
[2022-01-03 13:18:59,741] {processor.py:637} INFO - DAG(s) dict_keys(['tutorial_taskflow_api_etl_virtualenv']) retrieved from /home/airflow/.local/lib/python3.7/site-packages/airflow/example_dags/tutorial_taskflow_api_etl_virtualenv.py
[2022-01-03 13:19:00,341] {logging_mixin.py:109} INFO - [2022-01-03 13:19:00,340] {dag.py:2396} INFO - Sync 1 DAGs
[2022-01-03 13:19:00,363] {logging_mixin.py:109} INFO - [2022-01-03 13:19:00,363] {dag.py:2928} INFO - Setting next_dagrun for tutorial_taskflow_api_etl_virtualenv to None
[2022-01-03 13:19:00,384] {processor.py:171} INFO - Processing /home/airflow/.local/lib/python3.7/site-packages/airflow/example_dags/tutorial_taskflow_api_etl_virtualenv.py took 0.694 seconds
[2022-01-03 13:19:30,625] {processor.py:163} INFO - Started process (PID=680) to work on /home/airflow/.local/lib/python3.7/site-packages/airflow/example_dags/tutorial_taskflow_api_etl_virtualenv.py
[2022-01-03 13:19:30,627] {processor.py:625} INFO - Processing file /home/airflow/.local/lib/python3.7/site-packages/airflow/example_dags/tutorial_taskflow_api_etl_virtualenv.py for tasks to queue
[2022-01-03 13:19:30,628] {logging_mixin.py:109} INFO - [2022-01-03 13:19:30,627] {dagbag.py:500} INFO - Filling up the DagBag from /home/airflow/.local/lib/python3.7/site-packages/airflow/example_dags/tutorial_taskflow_api_etl_virtualenv.py
[2022-01-03 13:19:30,713] {processor.py:637} INFO - DAG(s) dict_keys(['tutorial_taskflow_api_etl_virtualenv']) retrieved from /home/airflow/.local/lib/python3.7/site-packages/airflow/example_dags/tutorial_taskflow_api_etl_virtualenv.py
[2022-01-03 13:19:31,827] {logging_mixin.py:109} INFO - [2022-01-03 13:19:31,827] {dag.py:2396} INFO - Sync 1 DAGs
[2022-01-03 13:19:31,872] {logging_mixin.py:109} INFO - [2022-01-03 13:19:31,872] {dag.py:2928} INFO - Setting next_dagrun for tutorial_taskflow_api_etl_virtualenv to None
[2022-01-03 13:19:31,888] {processor.py:171} INFO - Processing /home/airflow/.local/lib/python3.7/site-packages/airflow/example_dags/tutorial_taskflow_api_etl_virtualenv.py took 1.273 seconds
[2022-01-03 13:20:02,228] {processor.py:163} INFO - Started process (PID=743) to work on /home/airflow/.local/lib/python3.7/site-packages/airflow/example_dags/tutorial_taskflow_api_etl_virtualenv.py
[2022-01-03 13:20:02,231] {processor.py:625} INFO - Processing file /home/airflow/.local/lib/python3.7/site-packages/airflow/example_dags/tutorial_taskflow_api_etl_virtualenv.py for tasks to queue
[2022-01-03 13:20:02,234] {logging_mixin.py:109} INFO - [2022-01-03 13:20:02,234] {dagbag.py:500} INFO - Filling up the DagBag from /home/airflow/.local/lib/python3.7/site-packages/airflow/example_dags/tutorial_taskflow_api_etl_virtualenv.py
[2022-01-03 13:20:02,313] {processor.py:637} INFO - DAG(s) dict_keys(['tutorial_taskflow_api_etl_virtualenv']) retrieved from /home/airflow/.local/lib/python3.7/site-packages/airflow/example_dags/tutorial_taskflow_api_etl_virtualenv.py
[2022-01-03 13:20:03,395] {logging_mixin.py:109} INFO - [2022-01-03 13:20:03,395] {dag.py:2396} INFO - Sync 1 DAGs
[2022-01-03 13:20:03,435] {logging_mixin.py:109} INFO - [2022-01-03 13:20:03,435] {dag.py:2928} INFO - Setting next_dagrun for tutorial_taskflow_api_etl_virtualenv to None
[2022-01-03 13:20:03,494] {processor.py:171} INFO - Processing /home/airflow/.local/lib/python3.7/site-packages/airflow/example_dags/tutorial_taskflow_api_etl_virtualenv.py took 1.270 seconds
[2022-01-03 13:20:33,637] {processor.py:163} INFO - Started process (PID=795) to work on /home/airflow/.local/lib/python3.7/site-packages/airflow/example_dags/tutorial_taskflow_api_etl_virtualenv.py
[2022-01-03 13:20:33,642] {processor.py:625} INFO - Processing file /home/airflow/.local/lib/python3.7/site-packages/airflow/example_dags/tutorial_taskflow_api_etl_virtualenv.py for tasks to queue
[2022-01-03 13:20:33,643] {logging_mixin.py:109} INFO - [2022-01-03 13:20:33,643] {dagbag.py:500} INFO - Filling up the DagBag from /home/airflow/.local/lib/python3.7/site-packages/airflow/example_dags/tutorial_taskflow_api_etl_virtualenv.py
[2022-01-03 13:20:33,730] {processor.py:637} INFO - DAG(s) dict_keys(['tutorial_taskflow_api_etl_virtualenv']) retrieved from /home/airflow/.local/lib/python3.7/site-packages/airflow/example_dags/tutorial_taskflow_api_etl_virtualenv.py
[2022-01-03 13:20:34,404] {logging_mixin.py:109} INFO - [2022-01-03 13:20:34,404] {dag.py:2396} INFO - Sync 1 DAGs
[2022-01-03 13:20:34,428] {logging_mixin.py:109} INFO - [2022-01-03 13:20:34,428] {dag.py:2928} INFO - Setting next_dagrun for tutorial_taskflow_api_etl_virtualenv to None
[2022-01-03 13:20:34,447] {processor.py:171} INFO - Processing /home/airflow/.local/lib/python3.7/site-packages/airflow/example_dags/tutorial_taskflow_api_etl_virtualenv.py took 0.813 seconds
[2022-01-03 13:21:05,168] {processor.py:163} INFO - Started process (PID=847) to work on /home/airflow/.local/lib/python3.7/site-packages/airflow/example_dags/tutorial_taskflow_api_etl_virtualenv.py
[2022-01-03 13:21:05,170] {processor.py:625} INFO - Processing file /home/airflow/.local/lib/python3.7/site-packages/airflow/example_dags/tutorial_taskflow_api_etl_virtualenv.py for tasks to queue
[2022-01-03 13:21:05,172] {logging_mixin.py:109} INFO - [2022-01-03 13:21:05,172] {dagbag.py:500} INFO - Filling up the DagBag from /home/airflow/.local/lib/python3.7/site-packages/airflow/example_dags/tutorial_taskflow_api_etl_virtualenv.py
[2022-01-03 13:21:05,220] {processor.py:637} INFO - DAG(s) dict_keys(['tutorial_taskflow_api_etl_virtualenv']) retrieved from /home/airflow/.local/lib/python3.7/site-packages/airflow/example_dags/tutorial_taskflow_api_etl_virtualenv.py
[2022-01-03 13:21:05,631] {logging_mixin.py:109} INFO - [2022-01-03 13:21:05,631] {dag.py:2396} INFO - Sync 1 DAGs
[2022-01-03 13:21:05,647] {logging_mixin.py:109} INFO - [2022-01-03 13:21:05,647] {dag.py:2928} INFO - Setting next_dagrun for tutorial_taskflow_api_etl_virtualenv to None
[2022-01-03 13:21:05,660] {processor.py:171} INFO - Processing /home/airflow/.local/lib/python3.7/site-packages/airflow/example_dags/tutorial_taskflow_api_etl_virtualenv.py took 0.497 seconds
[2022-01-03 13:21:35,918] {processor.py:163} INFO - Started process (PID=898) to work on /home/airflow/.local/lib/python3.7/site-packages/airflow/example_dags/tutorial_taskflow_api_etl_virtualenv.py
[2022-01-03 13:21:35,920] {processor.py:625} INFO - Processing file /home/airflow/.local/lib/python3.7/site-packages/airflow/example_dags/tutorial_taskflow_api_etl_virtualenv.py for tasks to queue
[2022-01-03 13:21:35,921] {logging_mixin.py:109} INFO - [2022-01-03 13:21:35,921] {dagbag.py:500} INFO - Filling up the DagBag from /home/airflow/.local/lib/python3.7/site-packages/airflow/example_dags/tutorial_taskflow_api_etl_virtualenv.py
[2022-01-03 13:21:36,134] {processor.py:637} INFO - DAG(s) dict_keys(['tutorial_taskflow_api_etl_virtualenv']) retrieved from /home/airflow/.local/lib/python3.7/site-packages/airflow/example_dags/tutorial_taskflow_api_etl_virtualenv.py
[2022-01-03 13:21:36,613] {logging_mixin.py:109} INFO - [2022-01-03 13:21:36,613] {dag.py:2396} INFO - Sync 1 DAGs
[2022-01-03 13:21:36,636] {logging_mixin.py:109} INFO - [2022-01-03 13:21:36,636] {dag.py:2928} INFO - Setting next_dagrun for tutorial_taskflow_api_etl_virtualenv to None
[2022-01-03 13:21:36,660] {processor.py:171} INFO - Processing /home/airflow/.local/lib/python3.7/site-packages/airflow/example_dags/tutorial_taskflow_api_etl_virtualenv.py took 0.746 seconds
[2022-01-03 13:22:06,738] {processor.py:163} INFO - Started process (PID=949) to work on /home/airflow/.local/lib/python3.7/site-packages/airflow/example_dags/tutorial_taskflow_api_etl_virtualenv.py
[2022-01-03 13:22:06,740] {processor.py:625} INFO - Processing file /home/airflow/.local/lib/python3.7/site-packages/airflow/example_dags/tutorial_taskflow_api_etl_virtualenv.py for tasks to queue
[2022-01-03 13:22:06,741] {logging_mixin.py:109} INFO - [2022-01-03 13:22:06,741] {dagbag.py:500} INFO - Filling up the DagBag from /home/airflow/.local/lib/python3.7/site-packages/airflow/example_dags/tutorial_taskflow_api_etl_virtualenv.py
[2022-01-03 13:22:06,787] {processor.py:637} INFO - DAG(s) dict_keys(['tutorial_taskflow_api_etl_virtualenv']) retrieved from /home/airflow/.local/lib/python3.7/site-packages/airflow/example_dags/tutorial_taskflow_api_etl_virtualenv.py
[2022-01-03 13:22:07,265] {logging_mixin.py:109} INFO - [2022-01-03 13:22:07,265] {dag.py:2396} INFO - Sync 1 DAGs
[2022-01-03 13:22:07,296] {logging_mixin.py:109} INFO - [2022-01-03 13:22:07,296] {dag.py:2928} INFO - Setting next_dagrun for tutorial_taskflow_api_etl_virtualenv to None
[2022-01-03 13:22:07,332] {processor.py:171} INFO - Processing /home/airflow/.local/lib/python3.7/site-packages/airflow/example_dags/tutorial_taskflow_api_etl_virtualenv.py took 0.597 seconds
[2022-01-03 13:22:37,675] {processor.py:163} INFO - Started process (PID=1010) to work on /home/airflow/.local/lib/python3.7/site-packages/airflow/example_dags/tutorial_taskflow_api_etl_virtualenv.py
[2022-01-03 13:22:37,677] {processor.py:625} INFO - Processing file /home/airflow/.local/lib/python3.7/site-packages/airflow/example_dags/tutorial_taskflow_api_etl_virtualenv.py for tasks to queue
[2022-01-03 13:22:37,678] {logging_mixin.py:109} INFO - [2022-01-03 13:22:37,678] {dagbag.py:500} INFO - Filling up the DagBag from /home/airflow/.local/lib/python3.7/site-packages/airflow/example_dags/tutorial_taskflow_api_etl_virtualenv.py
[2022-01-03 13:22:37,722] {processor.py:637} INFO - DAG(s) dict_keys(['tutorial_taskflow_api_etl_virtualenv']) retrieved from /home/airflow/.local/lib/python3.7/site-packages/airflow/example_dags/tutorial_taskflow_api_etl_virtualenv.py
[2022-01-03 13:22:38,184] {logging_mixin.py:109} INFO - [2022-01-03 13:22:38,184] {dag.py:2396} INFO - Sync 1 DAGs
[2022-01-03 13:22:38,208] {logging_mixin.py:109} INFO - [2022-01-03 13:22:38,207] {dag.py:2928} INFO - Setting next_dagrun for tutorial_taskflow_api_etl_virtualenv to None
[2022-01-03 13:22:38,223] {processor.py:171} INFO - Processing /home/airflow/.local/lib/python3.7/site-packages/airflow/example_dags/tutorial_taskflow_api_etl_virtualenv.py took 0.552 seconds
[2022-01-03 13:23:08,951] {processor.py:163} INFO - Started process (PID=1061) to work on /home/airflow/.local/lib/python3.7/site-packages/airflow/example_dags/tutorial_taskflow_api_etl_virtualenv.py
[2022-01-03 13:23:08,953] {processor.py:625} INFO - Processing file /home/airflow/.local/lib/python3.7/site-packages/airflow/example_dags/tutorial_taskflow_api_etl_virtualenv.py for tasks to queue
[2022-01-03 13:23:08,954] {logging_mixin.py:109} INFO - [2022-01-03 13:23:08,954] {dagbag.py:500} INFO - Filling up the DagBag from /home/airflow/.local/lib/python3.7/site-packages/airflow/example_dags/tutorial_taskflow_api_etl_virtualenv.py
[2022-01-03 13:23:08,999] {processor.py:637} INFO - DAG(s) dict_keys(['tutorial_taskflow_api_etl_virtualenv']) retrieved from /home/airflow/.local/lib/python3.7/site-packages/airflow/example_dags/tutorial_taskflow_api_etl_virtualenv.py
[2022-01-03 13:23:09,387] {logging_mixin.py:109} INFO - [2022-01-03 13:23:09,387] {dag.py:2396} INFO - Sync 1 DAGs
[2022-01-03 13:23:09,410] {logging_mixin.py:109} INFO - [2022-01-03 13:23:09,410] {dag.py:2928} INFO - Setting next_dagrun for tutorial_taskflow_api_etl_virtualenv to None
[2022-01-03 13:23:09,426] {processor.py:171} INFO - Processing /home/airflow/.local/lib/python3.7/site-packages/airflow/example_dags/tutorial_taskflow_api_etl_virtualenv.py took 0.478 seconds
[2022-01-03 13:23:40,179] {processor.py:163} INFO - Started process (PID=1112) to work on /home/airflow/.local/lib/python3.7/site-packages/airflow/example_dags/tutorial_taskflow_api_etl_virtualenv.py
[2022-01-03 13:23:40,183] {processor.py:625} INFO - Processing file /home/airflow/.local/lib/python3.7/site-packages/airflow/example_dags/tutorial_taskflow_api_etl_virtualenv.py for tasks to queue
[2022-01-03 13:23:40,192] {logging_mixin.py:109} INFO - [2022-01-03 13:23:40,192] {dagbag.py:500} INFO - Filling up the DagBag from /home/airflow/.local/lib/python3.7/site-packages/airflow/example_dags/tutorial_taskflow_api_etl_virtualenv.py
[2022-01-03 13:23:40,300] {processor.py:637} INFO - DAG(s) dict_keys(['tutorial_taskflow_api_etl_virtualenv']) retrieved from /home/airflow/.local/lib/python3.7/site-packages/airflow/example_dags/tutorial_taskflow_api_etl_virtualenv.py
[2022-01-03 13:23:41,294] {logging_mixin.py:109} INFO - [2022-01-03 13:23:41,294] {dag.py:2396} INFO - Sync 1 DAGs
[2022-01-03 13:23:41,347] {logging_mixin.py:109} INFO - [2022-01-03 13:23:41,347] {dag.py:2928} INFO - Setting next_dagrun for tutorial_taskflow_api_etl_virtualenv to None
[2022-01-03 13:23:41,394] {processor.py:171} INFO - Processing /home/airflow/.local/lib/python3.7/site-packages/airflow/example_dags/tutorial_taskflow_api_etl_virtualenv.py took 1.220 seconds
[2022-01-03 13:24:11,900] {processor.py:163} INFO - Started process (PID=1164) to work on /home/airflow/.local/lib/python3.7/site-packages/airflow/example_dags/tutorial_taskflow_api_etl_virtualenv.py
[2022-01-03 13:24:11,906] {processor.py:625} INFO - Processing file /home/airflow/.local/lib/python3.7/site-packages/airflow/example_dags/tutorial_taskflow_api_etl_virtualenv.py for tasks to queue
[2022-01-03 13:24:11,907] {logging_mixin.py:109} INFO - [2022-01-03 13:24:11,907] {dagbag.py:500} INFO - Filling up the DagBag from /home/airflow/.local/lib/python3.7/site-packages/airflow/example_dags/tutorial_taskflow_api_etl_virtualenv.py
[2022-01-03 13:24:11,941] {processor.py:637} INFO - DAG(s) dict_keys(['tutorial_taskflow_api_etl_virtualenv']) retrieved from /home/airflow/.local/lib/python3.7/site-packages/airflow/example_dags/tutorial_taskflow_api_etl_virtualenv.py
[2022-01-03 13:24:12,463] {logging_mixin.py:109} INFO - [2022-01-03 13:24:12,462] {dag.py:2396} INFO - Sync 1 DAGs
[2022-01-03 13:24:12,483] {logging_mixin.py:109} INFO - [2022-01-03 13:24:12,483] {dag.py:2928} INFO - Setting next_dagrun for tutorial_taskflow_api_etl_virtualenv to None
[2022-01-03 13:24:12,494] {processor.py:171} INFO - Processing /home/airflow/.local/lib/python3.7/site-packages/airflow/example_dags/tutorial_taskflow_api_etl_virtualenv.py took 0.597 seconds
[2022-01-03 13:24:42,523] {processor.py:163} INFO - Started process (PID=1225) to work on /home/airflow/.local/lib/python3.7/site-packages/airflow/example_dags/tutorial_taskflow_api_etl_virtualenv.py
[2022-01-03 13:24:42,525] {processor.py:625} INFO - Processing file /home/airflow/.local/lib/python3.7/site-packages/airflow/example_dags/tutorial_taskflow_api_etl_virtualenv.py for tasks to queue
[2022-01-03 13:24:42,526] {logging_mixin.py:109} INFO - [2022-01-03 13:24:42,525] {dagbag.py:500} INFO - Filling up the DagBag from /home/airflow/.local/lib/python3.7/site-packages/airflow/example_dags/tutorial_taskflow_api_etl_virtualenv.py
[2022-01-03 13:24:42,559] {processor.py:637} INFO - DAG(s) dict_keys(['tutorial_taskflow_api_etl_virtualenv']) retrieved from /home/airflow/.local/lib/python3.7/site-packages/airflow/example_dags/tutorial_taskflow_api_etl_virtualenv.py
[2022-01-03 13:24:42,925] {logging_mixin.py:109} INFO - [2022-01-03 13:24:42,925] {dag.py:2396} INFO - Sync 1 DAGs
[2022-01-03 13:24:42,951] {logging_mixin.py:109} INFO - [2022-01-03 13:24:42,951] {dag.py:2928} INFO - Setting next_dagrun for tutorial_taskflow_api_etl_virtualenv to None
[2022-01-03 13:24:42,963] {processor.py:171} INFO - Processing /home/airflow/.local/lib/python3.7/site-packages/airflow/example_dags/tutorial_taskflow_api_etl_virtualenv.py took 0.443 seconds
[2022-01-03 13:25:13,644] {processor.py:163} INFO - Started process (PID=1275) to work on /home/airflow/.local/lib/python3.7/site-packages/airflow/example_dags/tutorial_taskflow_api_etl_virtualenv.py
[2022-01-03 13:25:13,645] {processor.py:625} INFO - Processing file /home/airflow/.local/lib/python3.7/site-packages/airflow/example_dags/tutorial_taskflow_api_etl_virtualenv.py for tasks to queue
[2022-01-03 13:25:13,646] {logging_mixin.py:109} INFO - [2022-01-03 13:25:13,646] {dagbag.py:500} INFO - Filling up the DagBag from /home/airflow/.local/lib/python3.7/site-packages/airflow/example_dags/tutorial_taskflow_api_etl_virtualenv.py
[2022-01-03 13:25:13,677] {processor.py:637} INFO - DAG(s) dict_keys(['tutorial_taskflow_api_etl_virtualenv']) retrieved from /home/airflow/.local/lib/python3.7/site-packages/airflow/example_dags/tutorial_taskflow_api_etl_virtualenv.py
[2022-01-03 13:25:13,984] {logging_mixin.py:109} INFO - [2022-01-03 13:25:13,984] {dag.py:2396} INFO - Sync 1 DAGs
[2022-01-03 13:25:14,005] {logging_mixin.py:109} INFO - [2022-01-03 13:25:14,005] {dag.py:2928} INFO - Setting next_dagrun for tutorial_taskflow_api_etl_virtualenv to None
[2022-01-03 13:25:14,020] {processor.py:171} INFO - Processing /home/airflow/.local/lib/python3.7/site-packages/airflow/example_dags/tutorial_taskflow_api_etl_virtualenv.py took 0.379 seconds
[2022-01-03 13:25:44,547] {processor.py:163} INFO - Started process (PID=1332) to work on /home/airflow/.local/lib/python3.7/site-packages/airflow/example_dags/tutorial_taskflow_api_etl_virtualenv.py
[2022-01-03 13:25:44,562] {processor.py:625} INFO - Processing file /home/airflow/.local/lib/python3.7/site-packages/airflow/example_dags/tutorial_taskflow_api_etl_virtualenv.py for tasks to queue
[2022-01-03 13:25:44,564] {logging_mixin.py:109} INFO - [2022-01-03 13:25:44,563] {dagbag.py:500} INFO - Filling up the DagBag from /home/airflow/.local/lib/python3.7/site-packages/airflow/example_dags/tutorial_taskflow_api_etl_virtualenv.py
[2022-01-03 13:25:44,675] {processor.py:637} INFO - DAG(s) dict_keys(['tutorial_taskflow_api_etl_virtualenv']) retrieved from /home/airflow/.local/lib/python3.7/site-packages/airflow/example_dags/tutorial_taskflow_api_etl_virtualenv.py
[2022-01-03 13:25:45,258] {logging_mixin.py:109} INFO - [2022-01-03 13:25:45,257] {dag.py:2396} INFO - Sync 1 DAGs
[2022-01-03 13:25:45,296] {logging_mixin.py:109} INFO - [2022-01-03 13:25:45,296] {dag.py:2928} INFO - Setting next_dagrun for tutorial_taskflow_api_etl_virtualenv to None
[2022-01-03 13:25:45,334] {processor.py:171} INFO - Processing /home/airflow/.local/lib/python3.7/site-packages/airflow/example_dags/tutorial_taskflow_api_etl_virtualenv.py took 0.801 seconds
[2022-01-03 13:26:16,113] {processor.py:163} INFO - Started process (PID=1392) to work on /home/airflow/.local/lib/python3.7/site-packages/airflow/example_dags/tutorial_taskflow_api_etl_virtualenv.py
[2022-01-03 13:26:16,115] {processor.py:625} INFO - Processing file /home/airflow/.local/lib/python3.7/site-packages/airflow/example_dags/tutorial_taskflow_api_etl_virtualenv.py for tasks to queue
[2022-01-03 13:26:16,116] {logging_mixin.py:109} INFO - [2022-01-03 13:26:16,116] {dagbag.py:500} INFO - Filling up the DagBag from /home/airflow/.local/lib/python3.7/site-packages/airflow/example_dags/tutorial_taskflow_api_etl_virtualenv.py
[2022-01-03 13:26:16,179] {processor.py:637} INFO - DAG(s) dict_keys(['tutorial_taskflow_api_etl_virtualenv']) retrieved from /home/airflow/.local/lib/python3.7/site-packages/airflow/example_dags/tutorial_taskflow_api_etl_virtualenv.py
[2022-01-03 13:26:17,207] {logging_mixin.py:109} INFO - [2022-01-03 13:26:17,206] {dag.py:2396} INFO - Sync 1 DAGs
[2022-01-03 13:26:17,241] {logging_mixin.py:109} INFO - [2022-01-03 13:26:17,241] {dag.py:2928} INFO - Setting next_dagrun for tutorial_taskflow_api_etl_virtualenv to None
[2022-01-03 13:26:17,274] {processor.py:171} INFO - Processing /home/airflow/.local/lib/python3.7/site-packages/airflow/example_dags/tutorial_taskflow_api_etl_virtualenv.py took 1.166 seconds
[2022-01-03 13:26:47,621] {processor.py:163} INFO - Started process (PID=1443) to work on /home/airflow/.local/lib/python3.7/site-packages/airflow/example_dags/tutorial_taskflow_api_etl_virtualenv.py
[2022-01-03 13:26:47,623] {processor.py:625} INFO - Processing file /home/airflow/.local/lib/python3.7/site-packages/airflow/example_dags/tutorial_taskflow_api_etl_virtualenv.py for tasks to queue
[2022-01-03 13:26:47,623] {logging_mixin.py:109} INFO - [2022-01-03 13:26:47,623] {dagbag.py:500} INFO - Filling up the DagBag from /home/airflow/.local/lib/python3.7/site-packages/airflow/example_dags/tutorial_taskflow_api_etl_virtualenv.py
[2022-01-03 13:26:47,665] {processor.py:637} INFO - DAG(s) dict_keys(['tutorial_taskflow_api_etl_virtualenv']) retrieved from /home/airflow/.local/lib/python3.7/site-packages/airflow/example_dags/tutorial_taskflow_api_etl_virtualenv.py
[2022-01-03 13:26:48,463] {logging_mixin.py:109} INFO - [2022-01-03 13:26:48,462] {dag.py:2396} INFO - Sync 1 DAGs
[2022-01-03 13:26:48,490] {logging_mixin.py:109} INFO - [2022-01-03 13:26:48,490] {dag.py:2928} INFO - Setting next_dagrun for tutorial_taskflow_api_etl_virtualenv to None
[2022-01-03 13:26:48,507] {processor.py:171} INFO - Processing /home/airflow/.local/lib/python3.7/site-packages/airflow/example_dags/tutorial_taskflow_api_etl_virtualenv.py took 0.890 seconds
[2022-01-03 13:27:19,605] {processor.py:163} INFO - Started process (PID=1493) to work on /home/airflow/.local/lib/python3.7/site-packages/airflow/example_dags/tutorial_taskflow_api_etl_virtualenv.py
[2022-01-03 13:27:19,607] {processor.py:625} INFO - Processing file /home/airflow/.local/lib/python3.7/site-packages/airflow/example_dags/tutorial_taskflow_api_etl_virtualenv.py for tasks to queue
[2022-01-03 13:27:19,608] {logging_mixin.py:109} INFO - [2022-01-03 13:27:19,607] {dagbag.py:500} INFO - Filling up the DagBag from /home/airflow/.local/lib/python3.7/site-packages/airflow/example_dags/tutorial_taskflow_api_etl_virtualenv.py
[2022-01-03 13:27:19,649] {processor.py:637} INFO - DAG(s) dict_keys(['tutorial_taskflow_api_etl_virtualenv']) retrieved from /home/airflow/.local/lib/python3.7/site-packages/airflow/example_dags/tutorial_taskflow_api_etl_virtualenv.py
[2022-01-03 13:27:20,099] {logging_mixin.py:109} INFO - [2022-01-03 13:27:20,099] {dag.py:2396} INFO - Sync 1 DAGs
[2022-01-03 13:27:20,120] {logging_mixin.py:109} INFO - [2022-01-03 13:27:20,119] {dag.py:2928} INFO - Setting next_dagrun for tutorial_taskflow_api_etl_virtualenv to None
[2022-01-03 13:27:20,136] {processor.py:171} INFO - Processing /home/airflow/.local/lib/python3.7/site-packages/airflow/example_dags/tutorial_taskflow_api_etl_virtualenv.py took 0.535 seconds
[2022-01-03 13:27:50,429] {processor.py:163} INFO - Started process (PID=1545) to work on /home/airflow/.local/lib/python3.7/site-packages/airflow/example_dags/tutorial_taskflow_api_etl_virtualenv.py
[2022-01-03 13:27:50,430] {processor.py:625} INFO - Processing file /home/airflow/.local/lib/python3.7/site-packages/airflow/example_dags/tutorial_taskflow_api_etl_virtualenv.py for tasks to queue
[2022-01-03 13:27:50,430] {logging_mixin.py:109} INFO - [2022-01-03 13:27:50,430] {dagbag.py:500} INFO - Filling up the DagBag from /home/airflow/.local/lib/python3.7/site-packages/airflow/example_dags/tutorial_taskflow_api_etl_virtualenv.py
[2022-01-03 13:27:50,491] {processor.py:637} INFO - DAG(s) dict_keys(['tutorial_taskflow_api_etl_virtualenv']) retrieved from /home/airflow/.local/lib/python3.7/site-packages/airflow/example_dags/tutorial_taskflow_api_etl_virtualenv.py
[2022-01-03 13:27:50,823] {logging_mixin.py:109} INFO - [2022-01-03 13:27:50,822] {dag.py:2396} INFO - Sync 1 DAGs
[2022-01-03 13:27:50,846] {logging_mixin.py:109} INFO - [2022-01-03 13:27:50,845] {dag.py:2928} INFO - Setting next_dagrun for tutorial_taskflow_api_etl_virtualenv to None
[2022-01-03 13:27:50,865] {processor.py:171} INFO - Processing /home/airflow/.local/lib/python3.7/site-packages/airflow/example_dags/tutorial_taskflow_api_etl_virtualenv.py took 0.440 seconds
[2022-01-03 13:28:21,939] {processor.py:163} INFO - Started process (PID=1599) to work on /home/airflow/.local/lib/python3.7/site-packages/airflow/example_dags/tutorial_taskflow_api_etl_virtualenv.py
[2022-01-03 13:28:21,943] {processor.py:625} INFO - Processing file /home/airflow/.local/lib/python3.7/site-packages/airflow/example_dags/tutorial_taskflow_api_etl_virtualenv.py for tasks to queue
[2022-01-03 13:28:21,943] {logging_mixin.py:109} INFO - [2022-01-03 13:28:21,943] {dagbag.py:500} INFO - Filling up the DagBag from /home/airflow/.local/lib/python3.7/site-packages/airflow/example_dags/tutorial_taskflow_api_etl_virtualenv.py
[2022-01-03 13:28:21,989] {processor.py:637} INFO - DAG(s) dict_keys(['tutorial_taskflow_api_etl_virtualenv']) retrieved from /home/airflow/.local/lib/python3.7/site-packages/airflow/example_dags/tutorial_taskflow_api_etl_virtualenv.py
[2022-01-03 13:28:22,449] {logging_mixin.py:109} INFO - [2022-01-03 13:28:22,449] {dag.py:2396} INFO - Sync 1 DAGs
[2022-01-03 13:28:22,472] {logging_mixin.py:109} INFO - [2022-01-03 13:28:22,472] {dag.py:2928} INFO - Setting next_dagrun for tutorial_taskflow_api_etl_virtualenv to None
[2022-01-03 13:28:22,486] {processor.py:171} INFO - Processing /home/airflow/.local/lib/python3.7/site-packages/airflow/example_dags/tutorial_taskflow_api_etl_virtualenv.py took 0.551 seconds
[2022-01-03 13:28:52,622] {processor.py:163} INFO - Started process (PID=1665) to work on /home/airflow/.local/lib/python3.7/site-packages/airflow/example_dags/tutorial_taskflow_api_etl_virtualenv.py
[2022-01-03 13:28:52,623] {processor.py:625} INFO - Processing file /home/airflow/.local/lib/python3.7/site-packages/airflow/example_dags/tutorial_taskflow_api_etl_virtualenv.py for tasks to queue
[2022-01-03 13:28:52,624] {logging_mixin.py:109} INFO - [2022-01-03 13:28:52,624] {dagbag.py:500} INFO - Filling up the DagBag from /home/airflow/.local/lib/python3.7/site-packages/airflow/example_dags/tutorial_taskflow_api_etl_virtualenv.py
[2022-01-03 13:28:52,702] {processor.py:637} INFO - DAG(s) dict_keys(['tutorial_taskflow_api_etl_virtualenv']) retrieved from /home/airflow/.local/lib/python3.7/site-packages/airflow/example_dags/tutorial_taskflow_api_etl_virtualenv.py
[2022-01-03 13:28:53,209] {logging_mixin.py:109} INFO - [2022-01-03 13:28:53,209] {dag.py:2396} INFO - Sync 1 DAGs
[2022-01-03 13:28:53,225] {logging_mixin.py:109} INFO - [2022-01-03 13:28:53,225] {dag.py:2928} INFO - Setting next_dagrun for tutorial_taskflow_api_etl_virtualenv to None
[2022-01-03 13:28:53,237] {processor.py:171} INFO - Processing /home/airflow/.local/lib/python3.7/site-packages/airflow/example_dags/tutorial_taskflow_api_etl_virtualenv.py took 0.618 seconds
[2022-01-03 13:29:23,382] {processor.py:163} INFO - Started process (PID=1716) to work on /home/airflow/.local/lib/python3.7/site-packages/airflow/example_dags/tutorial_taskflow_api_etl_virtualenv.py
[2022-01-03 13:29:23,384] {processor.py:625} INFO - Processing file /home/airflow/.local/lib/python3.7/site-packages/airflow/example_dags/tutorial_taskflow_api_etl_virtualenv.py for tasks to queue
[2022-01-03 13:29:23,385] {logging_mixin.py:109} INFO - [2022-01-03 13:29:23,385] {dagbag.py:500} INFO - Filling up the DagBag from /home/airflow/.local/lib/python3.7/site-packages/airflow/example_dags/tutorial_taskflow_api_etl_virtualenv.py
[2022-01-03 13:29:23,432] {processor.py:637} INFO - DAG(s) dict_keys(['tutorial_taskflow_api_etl_virtualenv']) retrieved from /home/airflow/.local/lib/python3.7/site-packages/airflow/example_dags/tutorial_taskflow_api_etl_virtualenv.py
[2022-01-03 13:29:23,793] {logging_mixin.py:109} INFO - [2022-01-03 13:29:23,793] {dag.py:2396} INFO - Sync 1 DAGs
[2022-01-03 13:29:23,815] {logging_mixin.py:109} INFO - [2022-01-03 13:29:23,815] {dag.py:2928} INFO - Setting next_dagrun for tutorial_taskflow_api_etl_virtualenv to None
[2022-01-03 13:29:23,830] {processor.py:171} INFO - Processing /home/airflow/.local/lib/python3.7/site-packages/airflow/example_dags/tutorial_taskflow_api_etl_virtualenv.py took 0.452 seconds
[2022-01-03 13:29:54,389] {processor.py:163} INFO - Started process (PID=1766) to work on /home/airflow/.local/lib/python3.7/site-packages/airflow/example_dags/tutorial_taskflow_api_etl_virtualenv.py
[2022-01-03 13:29:54,390] {processor.py:625} INFO - Processing file /home/airflow/.local/lib/python3.7/site-packages/airflow/example_dags/tutorial_taskflow_api_etl_virtualenv.py for tasks to queue
[2022-01-03 13:29:54,391] {logging_mixin.py:109} INFO - [2022-01-03 13:29:54,391] {dagbag.py:500} INFO - Filling up the DagBag from /home/airflow/.local/lib/python3.7/site-packages/airflow/example_dags/tutorial_taskflow_api_etl_virtualenv.py
[2022-01-03 13:29:54,424] {processor.py:637} INFO - DAG(s) dict_keys(['tutorial_taskflow_api_etl_virtualenv']) retrieved from /home/airflow/.local/lib/python3.7/site-packages/airflow/example_dags/tutorial_taskflow_api_etl_virtualenv.py
[2022-01-03 13:29:54,837] {logging_mixin.py:109} INFO - [2022-01-03 13:29:54,837] {dag.py:2396} INFO - Sync 1 DAGs
[2022-01-03 13:29:54,855] {logging_mixin.py:109} INFO - [2022-01-03 13:29:54,855] {dag.py:2928} INFO - Setting next_dagrun for tutorial_taskflow_api_etl_virtualenv to None
[2022-01-03 13:29:54,873] {processor.py:171} INFO - Processing /home/airflow/.local/lib/python3.7/site-packages/airflow/example_dags/tutorial_taskflow_api_etl_virtualenv.py took 0.489 seconds
[2022-01-03 13:30:25,588] {processor.py:163} INFO - Started process (PID=1817) to work on /home/airflow/.local/lib/python3.7/site-packages/airflow/example_dags/tutorial_taskflow_api_etl_virtualenv.py
[2022-01-03 13:30:25,590] {processor.py:625} INFO - Processing file /home/airflow/.local/lib/python3.7/site-packages/airflow/example_dags/tutorial_taskflow_api_etl_virtualenv.py for tasks to queue
[2022-01-03 13:30:25,591] {logging_mixin.py:109} INFO - [2022-01-03 13:30:25,591] {dagbag.py:500} INFO - Filling up the DagBag from /home/airflow/.local/lib/python3.7/site-packages/airflow/example_dags/tutorial_taskflow_api_etl_virtualenv.py
[2022-01-03 13:30:25,632] {processor.py:637} INFO - DAG(s) dict_keys(['tutorial_taskflow_api_etl_virtualenv']) retrieved from /home/airflow/.local/lib/python3.7/site-packages/airflow/example_dags/tutorial_taskflow_api_etl_virtualenv.py
[2022-01-03 13:30:26,282] {logging_mixin.py:109} INFO - [2022-01-03 13:30:26,282] {dag.py:2396} INFO - Sync 1 DAGs
[2022-01-03 13:30:26,333] {logging_mixin.py:109} INFO - [2022-01-03 13:30:26,333] {dag.py:2928} INFO - Setting next_dagrun for tutorial_taskflow_api_etl_virtualenv to None
[2022-01-03 13:30:26,359] {processor.py:171} INFO - Processing /home/airflow/.local/lib/python3.7/site-packages/airflow/example_dags/tutorial_taskflow_api_etl_virtualenv.py took 0.776 seconds
[2022-01-03 13:30:57,138] {processor.py:163} INFO - Started process (PID=1883) to work on /home/airflow/.local/lib/python3.7/site-packages/airflow/example_dags/tutorial_taskflow_api_etl_virtualenv.py
[2022-01-03 13:30:57,139] {processor.py:625} INFO - Processing file /home/airflow/.local/lib/python3.7/site-packages/airflow/example_dags/tutorial_taskflow_api_etl_virtualenv.py for tasks to queue
[2022-01-03 13:30:57,140] {logging_mixin.py:109} INFO - [2022-01-03 13:30:57,140] {dagbag.py:500} INFO - Filling up the DagBag from /home/airflow/.local/lib/python3.7/site-packages/airflow/example_dags/tutorial_taskflow_api_etl_virtualenv.py
[2022-01-03 13:30:57,247] {processor.py:637} INFO - DAG(s) dict_keys(['tutorial_taskflow_api_etl_virtualenv']) retrieved from /home/airflow/.local/lib/python3.7/site-packages/airflow/example_dags/tutorial_taskflow_api_etl_virtualenv.py
[2022-01-03 13:30:57,994] {logging_mixin.py:109} INFO - [2022-01-03 13:30:57,994] {dag.py:2396} INFO - Sync 1 DAGs
[2022-01-03 13:30:58,031] {logging_mixin.py:109} INFO - [2022-01-03 13:30:58,031] {dag.py:2928} INFO - Setting next_dagrun for tutorial_taskflow_api_etl_virtualenv to None
[2022-01-03 13:30:58,069] {processor.py:171} INFO - Processing /home/airflow/.local/lib/python3.7/site-packages/airflow/example_dags/tutorial_taskflow_api_etl_virtualenv.py took 0.936 seconds
[2022-01-03 13:31:29,170] {processor.py:163} INFO - Started process (PID=1934) to work on /home/airflow/.local/lib/python3.7/site-packages/airflow/example_dags/tutorial_taskflow_api_etl_virtualenv.py
[2022-01-03 13:31:29,175] {processor.py:625} INFO - Processing file /home/airflow/.local/lib/python3.7/site-packages/airflow/example_dags/tutorial_taskflow_api_etl_virtualenv.py for tasks to queue
[2022-01-03 13:31:29,176] {logging_mixin.py:109} INFO - [2022-01-03 13:31:29,176] {dagbag.py:500} INFO - Filling up the DagBag from /home/airflow/.local/lib/python3.7/site-packages/airflow/example_dags/tutorial_taskflow_api_etl_virtualenv.py
[2022-01-03 13:31:29,278] {processor.py:637} INFO - DAG(s) dict_keys(['tutorial_taskflow_api_etl_virtualenv']) retrieved from /home/airflow/.local/lib/python3.7/site-packages/airflow/example_dags/tutorial_taskflow_api_etl_virtualenv.py
[2022-01-03 13:31:30,320] {logging_mixin.py:109} INFO - [2022-01-03 13:31:30,320] {dag.py:2396} INFO - Sync 1 DAGs
[2022-01-03 13:31:30,365] {logging_mixin.py:109} INFO - [2022-01-03 13:31:30,365] {dag.py:2928} INFO - Setting next_dagrun for tutorial_taskflow_api_etl_virtualenv to None
[2022-01-03 13:31:30,387] {processor.py:171} INFO - Processing /home/airflow/.local/lib/python3.7/site-packages/airflow/example_dags/tutorial_taskflow_api_etl_virtualenv.py took 1.221 seconds
[2022-01-03 13:32:00,560] {processor.py:163} INFO - Started process (PID=1986) to work on /home/airflow/.local/lib/python3.7/site-packages/airflow/example_dags/tutorial_taskflow_api_etl_virtualenv.py
[2022-01-03 13:32:00,567] {processor.py:625} INFO - Processing file /home/airflow/.local/lib/python3.7/site-packages/airflow/example_dags/tutorial_taskflow_api_etl_virtualenv.py for tasks to queue
[2022-01-03 13:32:00,568] {logging_mixin.py:109} INFO - [2022-01-03 13:32:00,567] {dagbag.py:500} INFO - Filling up the DagBag from /home/airflow/.local/lib/python3.7/site-packages/airflow/example_dags/tutorial_taskflow_api_etl_virtualenv.py
[2022-01-03 13:32:00,693] {processor.py:637} INFO - DAG(s) dict_keys(['tutorial_taskflow_api_etl_virtualenv']) retrieved from /home/airflow/.local/lib/python3.7/site-packages/airflow/example_dags/tutorial_taskflow_api_etl_virtualenv.py
[2022-01-03 13:32:03,786] {logging_mixin.py:109} INFO - [2022-01-03 13:32:03,786] {process_utils.py:212} INFO - Waiting up to 5 seconds for processes to exit...
[2022-01-03 13:32:03,787] {logging_mixin.py:109} WARNING - Exception ignored in: <function WeakValueDictionary.__init__.<locals>.remove at 0x7f7e512440e0>
[2022-01-03 13:32:03,787] {logging_mixin.py:109} WARNING - Traceback (most recent call last):
[2022-01-03 13:32:03,788] {logging_mixin.py:109} WARNING -   File "/usr/local/lib/python3.7/weakref.py", line 109, in remove
[2022-01-03 13:32:03,788] {logging_mixin.py:109} WARNING -     def remove(wr, selfref=ref(self), _atomic_removal=_remove_dead_weakref):
[2022-01-03 13:32:03,788] {logging_mixin.py:109} WARNING -   File "/home/airflow/.local/lib/python3.7/site-packages/airflow/dag_processing/manager.py", line 486, in _exit_gracefully
[2022-01-03 13:32:03,788] {logging_mixin.py:109} WARNING -     self.log.debug("Current Stacktrace is: %s", '\n'.join(map(str, inspect.stack())))
[2022-01-03 13:32:03,789] {logging_mixin.py:109} WARNING -   File "/usr/local/lib/python3.7/inspect.py", line 1513, in stack
[2022-01-03 13:32:03,789] {logging_mixin.py:109} WARNING -     return getouterframes(sys._getframe(1), context)
[2022-01-03 13:32:03,790] {logging_mixin.py:109} WARNING -   File "/usr/local/lib/python3.7/inspect.py", line 1490, in getouterframes
[2022-01-03 13:32:03,791] {logging_mixin.py:109} WARNING -     frameinfo = (frame,) + getframeinfo(frame, context)
[2022-01-03 13:32:03,791] {logging_mixin.py:109} WARNING -   File "/usr/local/lib/python3.7/inspect.py", line 1464, in getframeinfo
[2022-01-03 13:32:03,792] {logging_mixin.py:109} WARNING -     lines, lnum = findsource(frame)
[2022-01-03 13:32:03,792] {logging_mixin.py:109} WARNING -   File "/usr/local/lib/python3.7/inspect.py", line 780, in findsource
[2022-01-03 13:32:03,793] {logging_mixin.py:109} WARNING -     module = getmodule(object, file)
[2022-01-03 13:32:03,793] {logging_mixin.py:109} WARNING -   File "/usr/local/lib/python3.7/inspect.py", line 742, in getmodule
[2022-01-03 13:32:03,794] {logging_mixin.py:109} WARNING -     os.path.realpath(f)] = module.__name__
[2022-01-03 13:32:03,794] {logging_mixin.py:109} WARNING -   File "/usr/local/lib/python3.7/posixpath.py", line 395, in realpath
[2022-01-03 13:32:03,794] {logging_mixin.py:109} WARNING -     path, ok = _joinrealpath(filename[:0], filename, {})
[2022-01-03 13:32:03,794] {logging_mixin.py:109} WARNING -   File "/usr/local/lib/python3.7/posixpath.py", line 429, in _joinrealpath
[2022-01-03 13:32:03,795] {logging_mixin.py:109} WARNING -     if not islink(newpath):
[2022-01-03 13:32:03,795] {logging_mixin.py:109} WARNING -   File "/usr/local/lib/python3.7/posixpath.py", line 171, in islink
[2022-01-03 13:32:03,795] {logging_mixin.py:109} WARNING -     st = os.lstat(path)
[2022-01-03 13:32:03,795] {logging_mixin.py:109} WARNING -   File "/home/airflow/.local/lib/python3.7/site-packages/airflow/dag_processing/manager.py", line 490, in _exit_gracefully
[2022-01-03 13:32:03,796] {logging_mixin.py:109} WARNING -     sys.exit(os.EX_OK)
[2022-01-03 13:32:03,796] {logging_mixin.py:109} WARNING - SystemExit: 0
[2022-01-03 13:32:04,417] {logging_mixin.py:109} INFO - [2022-01-03 13:32:04,417] {process_utils.py:212} INFO - Waiting up to 5 seconds for processes to exit...
[2022-01-03 13:38:22,204] {processor.py:163} INFO - Started process (PID=211) to work on /home/airflow/.local/lib/python3.7/site-packages/airflow/example_dags/tutorial_taskflow_api_etl_virtualenv.py
[2022-01-03 13:38:22,205] {processor.py:625} INFO - Processing file /home/airflow/.local/lib/python3.7/site-packages/airflow/example_dags/tutorial_taskflow_api_etl_virtualenv.py for tasks to queue
[2022-01-03 13:38:22,206] {logging_mixin.py:109} INFO - [2022-01-03 13:38:22,205] {dagbag.py:500} INFO - Filling up the DagBag from /home/airflow/.local/lib/python3.7/site-packages/airflow/example_dags/tutorial_taskflow_api_etl_virtualenv.py
[2022-01-03 13:38:22,240] {processor.py:637} INFO - DAG(s) dict_keys(['tutorial_taskflow_api_etl_virtualenv']) retrieved from /home/airflow/.local/lib/python3.7/site-packages/airflow/example_dags/tutorial_taskflow_api_etl_virtualenv.py
[2022-01-03 13:38:25,024] {logging_mixin.py:109} INFO - [2022-01-03 13:38:25,024] {providers_manager.py:156} WARNING - Exception when importing 'airflow.providers.google.leveldb.hooks.leveldb.LevelDBHook' from 'apache-airflow-providers-google' package: No module named 'plyvel'
[2022-01-03 13:38:25,836] {logging_mixin.py:109} INFO - [2022-01-03 13:38:25,836] {providers_manager.py:156} WARNING - Exception when importing 'airflow.providers.google.leveldb.hooks.leveldb.LevelDBHook' from 'apache-airflow-providers-google' package: No module named 'plyvel'
[2022-01-03 13:38:25,870] {logging_mixin.py:109} INFO - [2022-01-03 13:38:25,870] {manager.py:496} INFO - Created Permission View: can edit on DAG:tutorial_taskflow_api_etl_virtualenv
[2022-01-03 13:38:25,882] {logging_mixin.py:109} INFO - [2022-01-03 13:38:25,882] {manager.py:496} INFO - Created Permission View: can read on DAG:tutorial_taskflow_api_etl_virtualenv
[2022-01-03 13:38:25,883] {logging_mixin.py:109} INFO - [2022-01-03 13:38:25,883] {dag.py:2396} INFO - Sync 1 DAGs
[2022-01-03 13:38:25,891] {logging_mixin.py:109} INFO - [2022-01-03 13:38:25,891] {dag.py:2415} INFO - Creating ORM DAG for tutorial_taskflow_api_etl_virtualenv
[2022-01-03 13:38:25,901] {logging_mixin.py:109} INFO - [2022-01-03 13:38:25,901] {dag.py:2928} INFO - Setting next_dagrun for tutorial_taskflow_api_etl_virtualenv to None
[2022-01-03 13:38:25,923] {processor.py:171} INFO - Processing /home/airflow/.local/lib/python3.7/site-packages/airflow/example_dags/tutorial_taskflow_api_etl_virtualenv.py took 3.722 seconds
[2022-01-03 13:38:56,014] {processor.py:163} INFO - Started process (PID=286) to work on /home/airflow/.local/lib/python3.7/site-packages/airflow/example_dags/tutorial_taskflow_api_etl_virtualenv.py
[2022-01-03 13:38:56,017] {processor.py:625} INFO - Processing file /home/airflow/.local/lib/python3.7/site-packages/airflow/example_dags/tutorial_taskflow_api_etl_virtualenv.py for tasks to queue
[2022-01-03 13:38:56,019] {logging_mixin.py:109} INFO - [2022-01-03 13:38:56,018] {dagbag.py:500} INFO - Filling up the DagBag from /home/airflow/.local/lib/python3.7/site-packages/airflow/example_dags/tutorial_taskflow_api_etl_virtualenv.py
[2022-01-03 13:38:56,077] {processor.py:637} INFO - DAG(s) dict_keys(['tutorial_taskflow_api_etl_virtualenv']) retrieved from /home/airflow/.local/lib/python3.7/site-packages/airflow/example_dags/tutorial_taskflow_api_etl_virtualenv.py
[2022-01-03 13:38:56,402] {logging_mixin.py:109} INFO - [2022-01-03 13:38:56,401] {dag.py:2396} INFO - Sync 1 DAGs
[2022-01-03 13:38:56,417] {logging_mixin.py:109} INFO - [2022-01-03 13:38:56,417] {dag.py:2928} INFO - Setting next_dagrun for tutorial_taskflow_api_etl_virtualenv to None
[2022-01-03 13:38:56,433] {processor.py:171} INFO - Processing /home/airflow/.local/lib/python3.7/site-packages/airflow/example_dags/tutorial_taskflow_api_etl_virtualenv.py took 0.428 seconds
[2022-01-03 13:43:14,925] {processor.py:163} INFO - Started process (PID=206) to work on /home/airflow/.local/lib/python3.7/site-packages/airflow/example_dags/tutorial_taskflow_api_etl_virtualenv.py
[2022-01-03 13:43:14,952] {processor.py:625} INFO - Processing file /home/airflow/.local/lib/python3.7/site-packages/airflow/example_dags/tutorial_taskflow_api_etl_virtualenv.py for tasks to queue
[2022-01-03 13:43:14,953] {logging_mixin.py:109} INFO - [2022-01-03 13:43:14,953] {dagbag.py:500} INFO - Filling up the DagBag from /home/airflow/.local/lib/python3.7/site-packages/airflow/example_dags/tutorial_taskflow_api_etl_virtualenv.py
[2022-01-03 13:43:15,089] {processor.py:637} INFO - DAG(s) dict_keys(['tutorial_taskflow_api_etl_virtualenv']) retrieved from /home/airflow/.local/lib/python3.7/site-packages/airflow/example_dags/tutorial_taskflow_api_etl_virtualenv.py
[2022-01-03 13:43:18,401] {logging_mixin.py:109} INFO - [2022-01-03 13:43:18,401] {providers_manager.py:156} WARNING - Exception when importing 'airflow.providers.google.leveldb.hooks.leveldb.LevelDBHook' from 'apache-airflow-providers-google' package: No module named 'plyvel'
[2022-01-03 13:43:19,657] {logging_mixin.py:109} INFO - [2022-01-03 13:43:19,657] {providers_manager.py:156} WARNING - Exception when importing 'airflow.providers.google.leveldb.hooks.leveldb.LevelDBHook' from 'apache-airflow-providers-google' package: No module named 'plyvel'
[2022-01-03 13:43:19,700] {logging_mixin.py:109} INFO - [2022-01-03 13:43:19,700] {manager.py:496} INFO - Created Permission View: can read on DAG:tutorial_taskflow_api_etl_virtualenv
[2022-01-03 13:43:19,714] {logging_mixin.py:109} INFO - [2022-01-03 13:43:19,714] {manager.py:496} INFO - Created Permission View: can edit on DAG:tutorial_taskflow_api_etl_virtualenv
[2022-01-03 13:43:19,715] {logging_mixin.py:109} INFO - [2022-01-03 13:43:19,715] {dag.py:2396} INFO - Sync 1 DAGs
[2022-01-03 13:43:19,728] {logging_mixin.py:109} INFO - [2022-01-03 13:43:19,728] {dag.py:2415} INFO - Creating ORM DAG for tutorial_taskflow_api_etl_virtualenv
[2022-01-03 13:43:19,743] {logging_mixin.py:109} INFO - [2022-01-03 13:43:19,743] {dag.py:2928} INFO - Setting next_dagrun for tutorial_taskflow_api_etl_virtualenv to None
[2022-01-03 13:43:19,766] {processor.py:171} INFO - Processing /home/airflow/.local/lib/python3.7/site-packages/airflow/example_dags/tutorial_taskflow_api_etl_virtualenv.py took 4.849 seconds
[2022-01-03 13:43:50,243] {processor.py:163} INFO - Started process (PID=284) to work on /home/airflow/.local/lib/python3.7/site-packages/airflow/example_dags/tutorial_taskflow_api_etl_virtualenv.py
[2022-01-03 13:43:50,245] {processor.py:625} INFO - Processing file /home/airflow/.local/lib/python3.7/site-packages/airflow/example_dags/tutorial_taskflow_api_etl_virtualenv.py for tasks to queue
[2022-01-03 13:43:50,246] {logging_mixin.py:109} INFO - [2022-01-03 13:43:50,246] {dagbag.py:500} INFO - Filling up the DagBag from /home/airflow/.local/lib/python3.7/site-packages/airflow/example_dags/tutorial_taskflow_api_etl_virtualenv.py
[2022-01-03 13:43:50,279] {processor.py:637} INFO - DAG(s) dict_keys(['tutorial_taskflow_api_etl_virtualenv']) retrieved from /home/airflow/.local/lib/python3.7/site-packages/airflow/example_dags/tutorial_taskflow_api_etl_virtualenv.py
[2022-01-03 13:43:50,612] {logging_mixin.py:109} INFO - [2022-01-03 13:43:50,612] {dag.py:2396} INFO - Sync 1 DAGs
[2022-01-03 13:43:50,626] {logging_mixin.py:109} INFO - [2022-01-03 13:43:50,626] {dag.py:2928} INFO - Setting next_dagrun for tutorial_taskflow_api_etl_virtualenv to None
[2022-01-03 13:43:50,637] {processor.py:171} INFO - Processing /home/airflow/.local/lib/python3.7/site-packages/airflow/example_dags/tutorial_taskflow_api_etl_virtualenv.py took 0.396 seconds
[2022-01-03 13:44:21,654] {processor.py:163} INFO - Started process (PID=335) to work on /home/airflow/.local/lib/python3.7/site-packages/airflow/example_dags/tutorial_taskflow_api_etl_virtualenv.py
[2022-01-03 13:44:21,655] {processor.py:625} INFO - Processing file /home/airflow/.local/lib/python3.7/site-packages/airflow/example_dags/tutorial_taskflow_api_etl_virtualenv.py for tasks to queue
[2022-01-03 13:44:21,655] {logging_mixin.py:109} INFO - [2022-01-03 13:44:21,655] {dagbag.py:500} INFO - Filling up the DagBag from /home/airflow/.local/lib/python3.7/site-packages/airflow/example_dags/tutorial_taskflow_api_etl_virtualenv.py
[2022-01-03 13:44:21,696] {processor.py:637} INFO - DAG(s) dict_keys(['tutorial_taskflow_api_etl_virtualenv']) retrieved from /home/airflow/.local/lib/python3.7/site-packages/airflow/example_dags/tutorial_taskflow_api_etl_virtualenv.py
[2022-01-03 13:44:22,287] {logging_mixin.py:109} INFO - [2022-01-03 13:44:22,286] {dag.py:2396} INFO - Sync 1 DAGs
[2022-01-03 13:44:22,316] {logging_mixin.py:109} INFO - [2022-01-03 13:44:22,316] {dag.py:2928} INFO - Setting next_dagrun for tutorial_taskflow_api_etl_virtualenv to None
[2022-01-03 13:44:22,347] {processor.py:171} INFO - Processing /home/airflow/.local/lib/python3.7/site-packages/airflow/example_dags/tutorial_taskflow_api_etl_virtualenv.py took 0.696 seconds
[2022-01-03 13:44:52,828] {processor.py:163} INFO - Started process (PID=394) to work on /home/airflow/.local/lib/python3.7/site-packages/airflow/example_dags/tutorial_taskflow_api_etl_virtualenv.py
[2022-01-03 13:44:52,830] {processor.py:625} INFO - Processing file /home/airflow/.local/lib/python3.7/site-packages/airflow/example_dags/tutorial_taskflow_api_etl_virtualenv.py for tasks to queue
[2022-01-03 13:44:52,831] {logging_mixin.py:109} INFO - [2022-01-03 13:44:52,831] {dagbag.py:500} INFO - Filling up the DagBag from /home/airflow/.local/lib/python3.7/site-packages/airflow/example_dags/tutorial_taskflow_api_etl_virtualenv.py
[2022-01-03 13:44:52,978] {processor.py:637} INFO - DAG(s) dict_keys(['tutorial_taskflow_api_etl_virtualenv']) retrieved from /home/airflow/.local/lib/python3.7/site-packages/airflow/example_dags/tutorial_taskflow_api_etl_virtualenv.py
[2022-01-03 13:44:53,858] {logging_mixin.py:109} INFO - [2022-01-03 13:44:53,858] {dag.py:2396} INFO - Sync 1 DAGs
[2022-01-03 13:44:53,910] {logging_mixin.py:109} INFO - [2022-01-03 13:44:53,910] {dag.py:2928} INFO - Setting next_dagrun for tutorial_taskflow_api_etl_virtualenv to None
[2022-01-03 13:44:53,932] {processor.py:171} INFO - Processing /home/airflow/.local/lib/python3.7/site-packages/airflow/example_dags/tutorial_taskflow_api_etl_virtualenv.py took 1.123 seconds
[2022-01-03 13:45:24,819] {processor.py:163} INFO - Started process (PID=446) to work on /home/airflow/.local/lib/python3.7/site-packages/airflow/example_dags/tutorial_taskflow_api_etl_virtualenv.py
[2022-01-03 13:45:24,821] {processor.py:625} INFO - Processing file /home/airflow/.local/lib/python3.7/site-packages/airflow/example_dags/tutorial_taskflow_api_etl_virtualenv.py for tasks to queue
[2022-01-03 13:45:24,822] {logging_mixin.py:109} INFO - [2022-01-03 13:45:24,821] {dagbag.py:500} INFO - Filling up the DagBag from /home/airflow/.local/lib/python3.7/site-packages/airflow/example_dags/tutorial_taskflow_api_etl_virtualenv.py
[2022-01-03 13:45:24,863] {processor.py:637} INFO - DAG(s) dict_keys(['tutorial_taskflow_api_etl_virtualenv']) retrieved from /home/airflow/.local/lib/python3.7/site-packages/airflow/example_dags/tutorial_taskflow_api_etl_virtualenv.py
[2022-01-03 13:45:25,195] {logging_mixin.py:109} INFO - [2022-01-03 13:45:25,195] {dag.py:2396} INFO - Sync 1 DAGs
[2022-01-03 13:45:25,214] {logging_mixin.py:109} INFO - [2022-01-03 13:45:25,214] {dag.py:2928} INFO - Setting next_dagrun for tutorial_taskflow_api_etl_virtualenv to None
[2022-01-03 13:45:25,225] {processor.py:171} INFO - Processing /home/airflow/.local/lib/python3.7/site-packages/airflow/example_dags/tutorial_taskflow_api_etl_virtualenv.py took 0.410 seconds
[2022-01-03 13:45:55,695] {processor.py:163} INFO - Started process (PID=496) to work on /home/airflow/.local/lib/python3.7/site-packages/airflow/example_dags/tutorial_taskflow_api_etl_virtualenv.py
[2022-01-03 13:45:55,700] {processor.py:625} INFO - Processing file /home/airflow/.local/lib/python3.7/site-packages/airflow/example_dags/tutorial_taskflow_api_etl_virtualenv.py for tasks to queue
[2022-01-03 13:45:55,712] {logging_mixin.py:109} INFO - [2022-01-03 13:45:55,711] {dagbag.py:500} INFO - Filling up the DagBag from /home/airflow/.local/lib/python3.7/site-packages/airflow/example_dags/tutorial_taskflow_api_etl_virtualenv.py
[2022-01-03 13:45:55,809] {processor.py:637} INFO - DAG(s) dict_keys(['tutorial_taskflow_api_etl_virtualenv']) retrieved from /home/airflow/.local/lib/python3.7/site-packages/airflow/example_dags/tutorial_taskflow_api_etl_virtualenv.py
[2022-01-03 13:45:56,277] {logging_mixin.py:109} INFO - [2022-01-03 13:45:56,277] {dag.py:2396} INFO - Sync 1 DAGs
[2022-01-03 13:45:56,299] {logging_mixin.py:109} INFO - [2022-01-03 13:45:56,299] {dag.py:2928} INFO - Setting next_dagrun for tutorial_taskflow_api_etl_virtualenv to None
[2022-01-03 13:45:56,318] {processor.py:171} INFO - Processing /home/airflow/.local/lib/python3.7/site-packages/airflow/example_dags/tutorial_taskflow_api_etl_virtualenv.py took 0.649 seconds
[2022-01-03 13:46:26,441] {processor.py:163} INFO - Started process (PID=551) to work on /home/airflow/.local/lib/python3.7/site-packages/airflow/example_dags/tutorial_taskflow_api_etl_virtualenv.py
[2022-01-03 13:46:26,442] {processor.py:625} INFO - Processing file /home/airflow/.local/lib/python3.7/site-packages/airflow/example_dags/tutorial_taskflow_api_etl_virtualenv.py for tasks to queue
[2022-01-03 13:46:26,443] {logging_mixin.py:109} INFO - [2022-01-03 13:46:26,443] {dagbag.py:500} INFO - Filling up the DagBag from /home/airflow/.local/lib/python3.7/site-packages/airflow/example_dags/tutorial_taskflow_api_etl_virtualenv.py
[2022-01-03 13:46:26,476] {processor.py:637} INFO - DAG(s) dict_keys(['tutorial_taskflow_api_etl_virtualenv']) retrieved from /home/airflow/.local/lib/python3.7/site-packages/airflow/example_dags/tutorial_taskflow_api_etl_virtualenv.py
[2022-01-03 13:46:27,012] {logging_mixin.py:109} INFO - [2022-01-03 13:46:27,012] {dag.py:2396} INFO - Sync 1 DAGs
[2022-01-03 13:46:27,062] {logging_mixin.py:109} INFO - [2022-01-03 13:46:27,062] {dag.py:2928} INFO - Setting next_dagrun for tutorial_taskflow_api_etl_virtualenv to None
[2022-01-03 13:46:27,078] {processor.py:171} INFO - Processing /home/airflow/.local/lib/python3.7/site-packages/airflow/example_dags/tutorial_taskflow_api_etl_virtualenv.py took 0.639 seconds
