[2021-12-11 14:31:55,732] {taskinstance.py:1035} INFO - Dependencies all met for <TaskInstance: example_bash_operator.this_will_skip manual__2021-12-11T14:31:53.319439+00:00 [queued]>
[2021-12-11 14:31:55,760] {taskinstance.py:1035} INFO - Dependencies all met for <TaskInstance: example_bash_operator.this_will_skip manual__2021-12-11T14:31:53.319439+00:00 [queued]>
[2021-12-11 14:31:55,761] {taskinstance.py:1241} INFO - 
--------------------------------------------------------------------------------
[2021-12-11 14:31:55,761] {taskinstance.py:1242} INFO - Starting attempt 1 of 1
[2021-12-11 14:31:55,761] {taskinstance.py:1243} INFO - 
--------------------------------------------------------------------------------
[2021-12-11 14:31:55,803] {taskinstance.py:1262} INFO - Executing <Task(BashOperator): this_will_skip> on 2021-12-11 14:31:53.319439+00:00
[2021-12-11 14:31:55,821] {standard_task_runner.py:76} INFO - Running: ['***', 'tasks', 'run', 'example_bash_operator', 'this_will_skip', 'manual__2021-12-11T14:31:53.319439+00:00', '--job-id', '7', '--raw', '--subdir', '/home/***/.local/lib/python3.7/site-packages/***/example_dags/example_bash_operator.py', '--cfg-path', '/tmp/tmpjqrf68xe', '--error-file', '/tmp/tmp7i7dcajn']
[2021-12-11 14:31:55,822] {standard_task_runner.py:77} INFO - Job 7: Subtask this_will_skip
[2021-12-11 14:31:55,808] {standard_task_runner.py:52} INFO - Started process 667 to run task
[2021-12-11 14:31:55,944] {logging_mixin.py:109} INFO - Running <TaskInstance: example_bash_operator.this_will_skip manual__2021-12-11T14:31:53.319439+00:00 [running]> on host 89fe04f591d1
[2021-12-11 14:31:56,045] {taskinstance.py:1429} INFO - Exporting the following env vars:
AIRFLOW_CTX_DAG_OWNER=***
AIRFLOW_CTX_DAG_ID=example_bash_operator
AIRFLOW_CTX_TASK_ID=this_will_skip
AIRFLOW_CTX_EXECUTION_DATE=2021-12-11T14:31:53.319439+00:00
AIRFLOW_CTX_DAG_RUN_ID=manual__2021-12-11T14:31:53.319439+00:00
[2021-12-11 14:31:56,048] {subprocess.py:62} INFO - Tmp dir root location: 
 /tmp
[2021-12-11 14:31:56,049] {subprocess.py:74} INFO - Running command: ['bash', '-c', 'echo "hello world"; exit 99;']
[2021-12-11 14:31:56,068] {subprocess.py:85} INFO - Output:
[2021-12-11 14:31:56,070] {subprocess.py:89} INFO - hello world
[2021-12-11 14:31:56,071] {subprocess.py:93} INFO - Command exited with return code 99
[2021-12-11 14:31:56,078] {taskinstance.py:1359} INFO - Bash command returned exit code 99. Skipping.
[2021-12-11 14:31:56,146] {taskinstance.py:1280} INFO - Marking task as SKIPPED. dag_id=example_bash_operator, task_id=this_will_skip, execution_date=20211211T143153, start_date=20211211T143155, end_date=20211211T143156
[2021-12-11 14:31:56,182] {local_task_job.py:154} INFO - Task exited with return code 0
[2021-12-11 14:31:56,274] {local_task_job.py:264} INFO - 0 downstream tasks scheduled from follow-on schedule check
