[2021-12-12 00:00:02,925] {taskinstance.py:1035} INFO - Dependencies all met for <TaskInstance: example_bash_operator.run_after_loop scheduled__2021-12-11T00:00:00+00:00 [queued]>
[2021-12-12 00:00:02,933] {taskinstance.py:1035} INFO - Dependencies all met for <TaskInstance: example_bash_operator.run_after_loop scheduled__2021-12-11T00:00:00+00:00 [queued]>
[2021-12-12 00:00:02,933] {taskinstance.py:1241} INFO - 
--------------------------------------------------------------------------------
[2021-12-12 00:00:02,933] {taskinstance.py:1242} INFO - Starting attempt 1 of 1
[2021-12-12 00:00:02,933] {taskinstance.py:1243} INFO - 
--------------------------------------------------------------------------------
[2021-12-12 00:00:02,942] {taskinstance.py:1262} INFO - Executing <Task(BashOperator): run_after_loop> on 2021-12-11 00:00:00+00:00
[2021-12-12 00:00:02,945] {standard_task_runner.py:52} INFO - Started process 14172 to run task
[2021-12-12 00:00:02,947] {standard_task_runner.py:76} INFO - Running: ['***', 'tasks', 'run', 'example_bash_operator', 'run_after_loop', 'scheduled__2021-12-11T00:00:00+00:00', '--job-id', '22', '--raw', '--subdir', '/home/***/.local/lib/python3.7/site-packages/***/example_dags/example_bash_operator.py', '--cfg-path', '/tmp/tmpclobstug', '--error-file', '/tmp/tmpkytuuamc']
[2021-12-12 00:00:02,948] {standard_task_runner.py:77} INFO - Job 22: Subtask run_after_loop
[2021-12-12 00:00:02,975] {logging_mixin.py:109} INFO - Running <TaskInstance: example_bash_operator.run_after_loop scheduled__2021-12-11T00:00:00+00:00 [running]> on host 89fe04f591d1
[2021-12-12 00:00:03,009] {taskinstance.py:1429} INFO - Exporting the following env vars:
AIRFLOW_CTX_DAG_OWNER=***
AIRFLOW_CTX_DAG_ID=example_bash_operator
AIRFLOW_CTX_TASK_ID=run_after_loop
AIRFLOW_CTX_EXECUTION_DATE=2021-12-11T00:00:00+00:00
AIRFLOW_CTX_DAG_RUN_ID=scheduled__2021-12-11T00:00:00+00:00
[2021-12-12 00:00:03,010] {subprocess.py:62} INFO - Tmp dir root location: 
 /tmp
[2021-12-12 00:00:03,010] {subprocess.py:74} INFO - Running command: ['bash', '-c', 'echo 1']
[2021-12-12 00:00:03,017] {subprocess.py:85} INFO - Output:
[2021-12-12 00:00:03,018] {subprocess.py:89} INFO - 1
[2021-12-12 00:00:03,019] {subprocess.py:93} INFO - Command exited with return code 0
[2021-12-12 00:00:03,036] {taskinstance.py:1280} INFO - Marking task as SUCCESS. dag_id=example_bash_operator, task_id=run_after_loop, execution_date=20211211T000000, start_date=20211212T000002, end_date=20211212T000003
[2021-12-12 00:00:03,079] {local_task_job.py:154} INFO - Task exited with return code 0
[2021-12-12 00:00:03,101] {local_task_job.py:264} INFO - 0 downstream tasks scheduled from follow-on schedule check
